9/16/2022 2:47 PM CommandAcquisChA  TX=WRITE_SETUP {"ACQUISITION_MODE":3,"TRIGGER_MODE":6,"READ_MODE":4,"PREAMP":0,"READOUT_RATE":0,"VERTICAL_SHIFT_SPEED":3,"EM_MODE":1,"EM_GAIN":2,"SHUTTER_MODE":2,"SHUTTER_TTL":0,"SHUTTER_OPENING_TIME":1,"SHUTTER_CLOSING_TIME":1,"VBIN":1,"HBIN":1,"INITIAL_LINE":1,"INITIAL_COLUMN":1,"FINAL_LINE":1024,"FINAL_COLUMN":1024,"FRAME_TRANSFER":true,"VERTICAL_CLOCK_VOLTAGE":0,"AD_CHANNEL":0}
9/16/2022 2:47 PM CommandAcquisChB  TX=WRITE_SETUP {"ACQUISITION_MODE":3,"TRIGGER_MODE":1,"READ_MODE":0,"PREAMP":0,"READOUT_RATE":0,"VERTICAL_SHIFT_SPEED":0,"EM_MODE":1,"EM_GAIN":2,"SHUTTER_MODE":2,"SHUTTER_TTL":0,"SHUTTER_OPENING_TIME":1,"SHUTTER_CLOSING_TIME":1,"VBIN":1,"HBIN":1,"INITIAL_LINE":1,"INITIAL_COLUMN":1,"FINAL_LINE":1024,"FINAL_COLUMN":1024,"FRAME_TRANSFER":true,"VERTICAL_CLOCK_VOLTAGE":0,"AD_CHANNEL":0}
9/16/2022 2:47 PM CommandAcquisChC  TX=WRITE_SETUP {"ACQUISITION_MODE":3,"TRIGGER_MODE":1,"READ_MODE":0,"PREAMP":0,"READOUT_RATE":0,"VERTICAL_SHIFT_SPEED":0,"EM_MODE":1,"EM_GAIN":2,"SHUTTER_MODE":2,"SHUTTER_TTL":0,"SHUTTER_OPENING_TIME":1,"SHUTTER_CLOSING_TIME":1,"VBIN":1,"HBIN":1,"INITIAL_LINE":1,"INITIAL_COLUMN":1,"FINAL_LINE":1024,"FINAL_COLUMN":1024,"FRAME_TRANSFER":true,"VERTICAL_CLOCK_VOLTAGE":0,"AD_CHANNEL":0}
9/16/2022 2:47 PM CommandAcquisChD  TX=WRITE_SETUP {"ACQUISITION_MODE":3,"TRIGGER_MODE":6,"READ_MODE":4,"PREAMP":0,"READOUT_RATE":0,"VERTICAL_SHIFT_SPEED":3,"EM_MODE":1,"EM_GAIN":2,"SHUTTER_MODE":2,"SHUTTER_TTL":0,"SHUTTER_OPENING_TIME":1,"SHUTTER_CLOSING_TIME":1,"VBIN":1,"HBIN":1,"INITIAL_LINE":1,"INITIAL_COLUMN":1,"FINAL_LINE":1024,"FINAL_COLUMN":1024,"FRAME_TRANSFER":true,"VERTICAL_CLOCK_VOLTAGE":0,"AD_CHANNEL":0}
9/16/2022 2:47 PM CommandSyncBox  TX=ADELAY 0m

9/16/2022 2:47 PM ResponseSyncBox  RX=OK

9/16/2022 2:47 PM CommandSyncBox  TX=BDELAY 0m

9/16/2022 2:47 PM ResponseSyncBox  RX=OK

9/16/2022 2:47 PM CommandSyncBox  TX=CDELAY 0m

9/16/2022 2:47 PM ResponseSyncBox  RX=OK

9/16/2022 2:47 PM CommandSyncBox  TX=DDELAY 0m

9/16/2022 2:47 PM ResponseSyncBox  RX=OK

9/16/2022 2:48 PM CommandSyncBox  TX=AWIDTH 200m

9/16/2022 2:48 PM ResponseSyncBox  RX=OK

9/16/2022 2:48 PM CommandSyncBox  TX=BWIDTH 200m

9/16/2022 2:48 PM ResponseSyncBox  RX=OK

9/16/2022 2:48 PM CommandSyncBox  TX=CWIDTH 200m

9/16/2022 2:48 PM ResponseSyncBox  RX=OK

9/16/2022 2:48 PM CommandSyncBox  TX=DWIDTH 200m

9/16/2022 2:48 PM ResponseSyncBox  RX=OK

9/16/2022 2:48 PM CommandSyncBox  TX=aset on

9/16/2022 2:48 PM ResponseSyncBox  RX=OK

9/16/2022 2:48 PM CommandSyncBox  TX=bset on

9/16/2022 2:48 PM ResponseSyncBox  RX=OK

9/16/2022 2:48 PM CommandSyncBox  TX=cset on

9/16/2022 2:48 PM ResponseSyncBox  RX=OK

9/16/2022 2:48 PM CommandSyncBox  TX=dset on

9/16/2022 2:48 PM ResponseSyncBox  RX=OK

9/16/2022 2:48 PM CommandSyncBox  TX=IN

9/16/2022 2:48 PM ResponseSyncBox  RX=OK

9/16/2022 2:48 PM CommandAcquisChA  TX=READ_SETUP 
9/16/2022 2:48 PM CommandAcquisChB  TX=READ_SETUP 
9/16/2022 2:48 PM CommandAcquisChC  TX=READ_SETUP 
9/16/2022 2:48 PM CommandAcquisChD  TX=READ_SETUP 
9/16/2022 2:48 PM ResponseAcquisChD  RX=CCD_SETUP {"PREAMP":0,"READOUT_RATE":0,"EM_GAIN":2,"VBIN":1,"INITIAL_LINE":1,"INITIAL_COLUMN":1,"FINAL_LINE":1024,"FINAL_COLUMN":1024,"TRIGGER_MODE":6,"HBIN":1,"SHUTTER_TTL":0,"SHUTTER_MODE":2,"SHUTTER_OPENING_TIME":1,"SHUTTER_CLOSING_TIME":1,"VERTICAL_SHIFT_SPEED":3,"READ_MODE":4,"FRAME_TRANSFER":true,"VERTICAL_CLOCK_VOLTAGE":0,"ACQUISITION_MODE":3,"AD_CHANNEL":0,"EM_MODE":1}
9/16/2022 2:48 PM CommandAcquisChD  TX=SET COOLER_POWER_STATUS 0
9/16/2022 2:48 PM ResponseAcquisChD  RX=DONE
9/16/2022 2:48 PM CommandAcquisChA  TX=SET COOLER_POWER_STATUS 0
9/16/2022 2:48 PM CommandAcquisChB  TX=SET COOLER_POWER_STATUS 0
9/16/2022 2:48 PM CommandAcquisChC  TX=SET COOLER_POWER_STATUS 0
9/16/2022 2:49 PM CommandAcquisChD  TX=WRITE_SETUP {"ACQUISITION_MODE":3,"TRIGGER_MODE":0,"READ_MODE":4,"PREAMP":0,"READOUT_RATE":0,"VERTICAL_SHIFT_SPEED":3,"EM_MODE":1,"EM_GAIN":2,"SHUTTER_MODE":2,"SHUTTER_TTL":0,"SHUTTER_OPENING_TIME":1,"SHUTTER_CLOSING_TIME":1,"VBIN":1,"HBIN":1,"INITIAL_LINE":1,"INITIAL_COLUMN":1,"FINAL_LINE":1024,"FINAL_COLUMN":1024,"FRAME_TRANSFER":true,"VERTICAL_CLOCK_VOLTAGE":0,"AD_CHANNEL":0}
9/16/2022 2:49 PM CommandAcquisChD  TX=READ_SETUP 
9/16/2022 2:49 PM CommandAcquisChD  TX=SET COOLER_POWER_STATUS 0
9/16/2022 2:49 PM ResponseAcquisChD  RX=CCD_SETUP {"PREAMP":0,"READOUT_RATE":0,"EM_GAIN":2,"VBIN":1,"INITIAL_LINE":1,"INITIAL_COLUMN":1,"FINAL_LINE":1024,"FINAL_COLUMN":1024,"TRIGGER_MODE":0,"HBIN":1,"SHUTTER_TTL":0,"SHUTTER_MODE":2,"SHUTTER_OPENING_TIME":1,"SHUTTER_CLOSING_TIME":1,"VERTICAL_SHIFT_SPEED":3,"READ_MODE":4,"FRAME_TRANSFER":true,"VERTICAL_CLOCK_VOLTAGE":0,"ACQUISITION_MODE":3,"AD_CHANNEL":0,"EM_MODE":1}
9/16/2022 2:49 PM ResponseAcquisChD  RX=DONE
9/16/2022 2:50 PM CommandAcquisChD  TX=SET EXPTIME 2.000000
9/16/2022 2:50 PM ResponseAcquisChD  RX=DONE
9/16/2022 2:50 PM CommandAcquisChD  TX=SET #FRAMES 3.000000
9/16/2022 2:50 PM ResponseAcquisChD  RX=DONE
9/16/2022 2:50 PM CommandAcquisChD  TX=SET #CUBES 1.0000 
9/16/2022 2:50 PM ResponseAcquisChD  RX=DONE
9/16/2022 2:50 PM CommandAcquisChD  TX=SET SUFFIX DARK
9/16/2022 2:50 PM ResponseAcquisChD  RX=DONE
9/16/2022 2:50 PM CommandAcquisChD  TX=SET OBSTYPE DARK
9/16/2022 2:50 PM ResponseAcquisChD  RX=DONE
9/16/2022 2:50 PM CommandInstrument  TX=S4ICS WPROT GOTO WP3,WPSEL NONE NONE,GMIR NONE NONE,GFOC NONE NONE,CALW NONE NONE,ASEL NONE NONE

9/16/2022 2:50 PM ResponseInstrument  RX=WPROT SIMULATED BUSY 225 WP11 11, WPSEL SIMULATED READY 0 L/2 2, ASEL SIMULATED READY 100 ANALYZER 2, CALW SIMULATED READY 0 CLEAR 1, GFOC SIMULATED READY 0 HOME 0, GMIR SIMULATED READY 0 HOME 0

9/16/2022 2:50 PM CommandAcquisChD  TX=EXPOSE
9/16/2022 2:50 PM CommandInstrument  TX=S4ICS WPROT GOTO WP15,WPSEL NONE NONE,GMIR NONE NONE,GFOC NONE NONE,CALW NONE NONE,ASEL NONE NONE

9/16/2022 2:50 PM ResponseInstrument  RX=WPROT SIMULATED BUSY 45 WP3 3, WPSEL SIMULATED READY 0 L/2 2, ASEL SIMULATED READY 100 ANALYZER 2, CALW SIMULATED READY 0 CLEAR 1, GFOC SIMULATED READY 0 HOME 0, GMIR SIMULATED READY 0 HOME 0

9/16/2022 2:51 PM CommandAcquisChD  TX=EXPOSE
9/16/2022 2:51 PM CommandInstrument  TX=S4ICS WPROT NONE NONE,WPSEL GOTO L/4,GMIR NONE NONE,GFOC NONE NONE,CALW GOTO POLARIZER,ASEL GOTO ANALYZER

9/16/2022 2:51 PM ResponseInstrument  RX=WPROT SIMULATED READY 315 WP15 15, WPSEL SIMULATED BUSY 0 L/2 2, ASEL SIMULATED BUSY 100 ANALYZER 2, CALW SIMULATED BUSY 0 CLEAR 1, GFOC SIMULATED READY 0 HOME 0, GMIR SIMULATED READY 0 HOME 0

9/16/2022 2:52 PM CommandInstrument  TX=S4ICS WPROT NONE NONE,WPSEL GOTO L/4,GMIR NONE NONE,GFOC NONE NONE,CALW GOTO CLEAR,ASEL GOTO ANALYZER

9/16/2022 2:52 PM ResponseInstrument  RX=WPROT SIMULATED READY 315 WP15 15, WPSEL SIMULATED BUSY 100 L/4 3, ASEL SIMULATED BUSY 100 ANALYZER 2, CALW SIMULATED BUSY 72 POLARIZER 2, GFOC SIMULATED READY 0 HOME 0, GMIR SIMULATED READY 0 HOME 0

9/16/2022 2:53 PM CommandInstrument  TX=S4ICS WPROT NONE NONE,WPSEL GOTO L/4,GMIR NONE NONE,GFOC NONE NONE,CALW GOTO POLARIZER,ASEL GOTO ANALYZER

9/16/2022 2:53 PM ResponseInstrument  RX=WPROT SIMULATED READY 315 WP15 15, WPSEL SIMULATED BUSY 100 L/4 3, ASEL SIMULATED BUSY 100 ANALYZER 2, CALW SIMULATED BUSY 0 CLEAR 1, GFOC SIMULATED READY 0 HOME 0, GMIR SIMULATED READY 0 HOME 0

9/16/2022 2:54 PM CommandInstrument  TX=S4ICS WPROT NONE NONE,WPSEL NONE NONE,GMIR NONE NONE,GFOC NONE NONE,CALW GOTO CLEAR,ASEL NONE NONE

9/16/2022 2:54 PM ResponseInstrument  RX=WPROT SIMULATED READY 315 WP15 15, WPSEL SIMULATED READY 100 L/4 3, ASEL SIMULATED READY 100 ANALYZER 2, CALW SIMULATED BUSY 72 POLARIZER 2, GFOC SIMULATED READY 0 HOME 0, GMIR SIMULATED READY 0 HOME 0

9/16/2022 2:54 PM CommandInstrument  TX=S4ICS WPROT NONE NONE,WPSEL GOTO L/4,GMIR NONE NONE,GFOC NONE NONE,CALW NONE NONE,ASEL NONE NONE

9/16/2022 2:54 PM ResponseInstrument  RX=WPROT SIMULATED READY 315 WP15 15, WPSEL SIMULATED BUSY 100 L/4 3, ASEL SIMULATED READY 100 ANALYZER 2, CALW SIMULATED READY 0 CLEAR 1, GFOC SIMULATED READY 0 HOME 0, GMIR SIMULATED READY 0 HOME 0

