8/19/2022 3:28 PM CommandAcquisChA  TX=WRITE_SETUP {"ACQUISITION_MODE":3,"TRIGGER_MODE":2,"READ_MODE":4,"PREAMP":0,"READOUT_RATE":0,"VERTICAL_SHIFT_SPEED":3,"EM_MODE":1,"EM_GAIN":2,"SHUTTER_MODE":2,"SHUTTER_TTL":0,"SHUTTER_OPENING_TIME":1,"SHUTTER_CLOSING_TIME":1,"VBIN":1,"HBIN":1,"INITIAL_LINE":1,"INITIAL_COLUMN":1,"FINAL_LINE":1024,"FINAL_COLUMN":1024,"FRAME_TRANSFER":true,"VERTICAL_CLOCK_VOLTAGE":0,"AD_CHANNEL":0}
8/19/2022 3:28 PM CommandAcquisChB  TX=WRITE_SETUP {"ACQUISITION_MODE":3,"TRIGGER_MODE":1,"READ_MODE":0,"PREAMP":0,"READOUT_RATE":0,"VERTICAL_SHIFT_SPEED":0,"EM_MODE":1,"EM_GAIN":2,"SHUTTER_MODE":2,"SHUTTER_TTL":0,"SHUTTER_OPENING_TIME":1,"SHUTTER_CLOSING_TIME":1,"VBIN":1,"HBIN":1,"INITIAL_LINE":1,"INITIAL_COLUMN":1,"FINAL_LINE":1024,"FINAL_COLUMN":1024,"FRAME_TRANSFER":true,"VERTICAL_CLOCK_VOLTAGE":0,"AD_CHANNEL":0}
8/19/2022 3:28 PM CommandAcquisChC  TX=WRITE_SETUP {"ACQUISITION_MODE":3,"TRIGGER_MODE":1,"READ_MODE":0,"PREAMP":0,"READOUT_RATE":0,"VERTICAL_SHIFT_SPEED":0,"EM_MODE":1,"EM_GAIN":2,"SHUTTER_MODE":2,"SHUTTER_TTL":0,"SHUTTER_OPENING_TIME":1,"SHUTTER_CLOSING_TIME":1,"VBIN":1,"HBIN":1,"INITIAL_LINE":1,"INITIAL_COLUMN":1,"FINAL_LINE":1024,"FINAL_COLUMN":1024,"FRAME_TRANSFER":true,"VERTICAL_CLOCK_VOLTAGE":0,"AD_CHANNEL":0}
8/19/2022 3:28 PM CommandAcquisChD  TX=WRITE_SETUP {"ACQUISITION_MODE":3,"TRIGGER_MODE":1,"READ_MODE":0,"PREAMP":0,"READOUT_RATE":0,"VERTICAL_SHIFT_SPEED":0,"EM_MODE":1,"EM_GAIN":2,"SHUTTER_MODE":2,"SHUTTER_TTL":0,"SHUTTER_OPENING_TIME":1,"SHUTTER_CLOSING_TIME":1,"VBIN":1,"HBIN":1,"INITIAL_LINE":1,"INITIAL_COLUMN":1,"FINAL_LINE":1024,"FINAL_COLUMN":1024,"FRAME_TRANSFER":true,"VERTICAL_CLOCK_VOLTAGE":0,"AD_CHANNEL":0}
8/19/2022 3:28 PM CommandSyncBox  TX=ADELAY 1000m

8/19/2022 3:28 PM ResponseSyncBox  RX=OK

8/19/2022 3:28 PM CommandSyncBox  TX=BDELAY 1500m

8/19/2022 3:28 PM ResponseSyncBox  RX=OK

8/19/2022 3:28 PM CommandSyncBox  TX=CDELAY 2000m

8/19/2022 3:28 PM ResponseSyncBox  RX=OK

8/19/2022 3:28 PM CommandSyncBox  TX=DDELAY 2500m

8/19/2022 3:28 PM ResponseSyncBox  RX=OK

8/19/2022 3:28 PM CommandSyncBox  TX=AWIDTH 200m

8/19/2022 3:28 PM ResponseSyncBox  RX=OK

8/19/2022 3:28 PM CommandSyncBox  TX=BWIDTH 200m

8/19/2022 3:28 PM ResponseSyncBox  RX=OK

8/19/2022 3:28 PM CommandSyncBox  TX=CWIDTH 200m

8/19/2022 3:28 PM ResponseSyncBox  RX=OK

8/19/2022 3:28 PM CommandSyncBox  TX=DWIDTH 200m

8/19/2022 3:28 PM ResponseSyncBox  RX=OK

8/19/2022 3:28 PM CommandSyncBox  TX=aset on

8/19/2022 3:28 PM ResponseSyncBox  RX=OK

8/19/2022 3:28 PM CommandSyncBox  TX=bset on

8/19/2022 3:28 PM ResponseSyncBox  RX=OK

8/19/2022 3:28 PM CommandSyncBox  TX=cset on

8/19/2022 3:28 PM ResponseSyncBox  RX=OK

8/19/2022 3:28 PM CommandSyncBox  TX=dset on

8/19/2022 3:28 PM ResponseSyncBox  RX=OK

8/19/2022 3:28 PM CommandSyncBox  TX=IN

8/19/2022 3:28 PM ResponseSyncBox  RX=OK

8/19/2022 3:28 PM CommandAcquisChA  TX=READ_SETUP 
8/19/2022 3:28 PM CommandAcquisChB  TX=READ_SETUP 
8/19/2022 3:28 PM CommandAcquisChC  TX=READ_SETUP 
8/19/2022 3:28 PM CommandAcquisChD  TX=READ_SETUP 
8/19/2022 3:28 PM CommandAcquisChA  TX=SET COOLER_POWER_STATUS 0
8/19/2022 3:28 PM CommandAcquisChB  TX=SET COOLER_POWER_STATUS 0
8/19/2022 3:28 PM CommandAcquisChC  TX=SET COOLER_POWER_STATUS 0
8/19/2022 3:28 PM CommandAcquisChD  TX=SET COOLER_POWER_STATUS 0
8/19/2022 3:28 PM CommandSyncBox  TX=FIre

8/19/2022 3:28 PM ResponseSyncBox  RX=

     Highland Technology  Model T560  Digital Delay Generator

Firmware 28E560-D  02407                Cal date July 19, 2018      

Trig   REM  50R  Level 1.250   Div   0,000,000,000  SYN 00,010,000.00
Gate   OFF  POS  HIZ           Shots 0,000,000,071
Burst  OFF  N  0,000,000,016   of M  0,000,000,064

Verbos ON   Autoinstall FEOD   Usec 0,324,374,813  DPLL 00023
Clock  OUT  Trim 02166         Temp +47.2

Errs   None

Ch A  POS  ON     Dly  01.000,000,000,000  Wid  00.200,000,000,000
Ch B  POS  ON     Dly  01.500,000,000,000  Wid  00.200,000,000,000
Ch C  POS  ON     Dly  02.000,000,000,000  Wid  00.200,000,000,000
Ch D  POS  ON     Dly  02.500,000,000,000  Wid  00.200,000,000,000



8/19/2022 3:28 PM ResponseSyncBox  RX=OK

8/19/2022 3:29 PM CommandSyncBox  TX=FIre

8/19/2022 3:29 PM ResponseSyncBox  RX=OK

8/19/2022 3:29 PM CommandSyncBox  TX=FIre

8/19/2022 3:29 PM ResponseSyncBox  RX=OK

8/19/2022 3:30 PM CommandSyncBox  TX=ADELAY 1000m

8/19/2022 3:30 PM ResponseSyncBox  RX=OK

8/19/2022 3:30 PM CommandSyncBox  TX=BDELAY 1500m

8/19/2022 3:30 PM ResponseSyncBox  RX=OK

8/19/2022 3:30 PM CommandSyncBox  TX=CDELAY 2000m

8/19/2022 3:30 PM ResponseSyncBox  RX=OK

8/19/2022 3:30 PM CommandSyncBox  TX=DDELAY 2500m

8/19/2022 3:30 PM ResponseSyncBox  RX=OK

8/19/2022 3:30 PM CommandSyncBox  TX=AWIDTH 200m

8/19/2022 3:30 PM ResponseSyncBox  RX=OK

8/19/2022 3:30 PM CommandSyncBox  TX=BWIDTH 200m

8/19/2022 3:30 PM ResponseSyncBox  RX=OK

8/19/2022 3:30 PM CommandSyncBox  TX=CWIDTH 200m

8/19/2022 3:30 PM ResponseSyncBox  RX=OK

8/19/2022 3:30 PM CommandSyncBox  TX=DWIDTH 200m

8/19/2022 3:30 PM ResponseSyncBox  RX=OK

8/19/2022 3:30 PM CommandSyncBox  TX=aset on

8/19/2022 3:30 PM ResponseSyncBox  RX=OK

8/19/2022 3:30 PM CommandSyncBox  TX=bset on

8/19/2022 3:30 PM ResponseSyncBox  RX=OK

8/19/2022 3:30 PM CommandSyncBox  TX=cset on

8/19/2022 3:30 PM ResponseSyncBox  RX=OK

8/19/2022 3:30 PM CommandSyncBox  TX=dset on

8/19/2022 3:30 PM ResponseSyncBox  RX=OK

8/19/2022 3:30 PM CommandSyncBox  TX=IN

8/19/2022 3:30 PM ResponseSyncBox  RX=OK

8/19/2022 3:30 PM CommandSyncBox  TX=FIre

8/19/2022 3:30 PM ResponseSyncBox  RX=OK

8/19/2022 3:30 PM CommandSyncBox  TX=ADELAY 1000m

8/19/2022 3:30 PM ResponseSyncBox  RX=OK

8/19/2022 3:30 PM CommandSyncBox  TX=BDELAY 1500m

8/19/2022 3:30 PM ResponseSyncBox  RX=OK

8/19/2022 3:30 PM CommandSyncBox  TX=CDELAY 2000m

8/19/2022 3:30 PM ResponseSyncBox  RX=OK

8/19/2022 3:30 PM CommandSyncBox  TX=DDELAY 2500m

8/19/2022 3:30 PM ResponseSyncBox  RX=OK

8/19/2022 3:30 PM CommandSyncBox  TX=AWIDTH 200m

8/19/2022 3:30 PM ResponseSyncBox  RX=OK

8/19/2022 3:30 PM CommandSyncBox  TX=BWIDTH 200m

8/19/2022 3:30 PM ResponseSyncBox  RX=OK

8/19/2022 3:30 PM CommandSyncBox  TX=CWIDTH 200m

8/19/2022 3:30 PM ResponseSyncBox  RX=OK

8/19/2022 3:30 PM CommandSyncBox  TX=DWIDTH 200m

8/19/2022 3:30 PM ResponseSyncBox  RX=OK

8/19/2022 3:30 PM CommandSyncBox  TX=aset on

8/19/2022 3:30 PM ResponseSyncBox  RX=OK

8/19/2022 3:30 PM CommandSyncBox  TX=bset on

8/19/2022 3:30 PM ResponseSyncBox  RX=OK

8/19/2022 3:30 PM CommandSyncBox  TX=cset on

8/19/2022 3:30 PM ResponseSyncBox  RX=OK

8/19/2022 3:30 PM CommandSyncBox  TX=dset on

8/19/2022 3:30 PM ResponseSyncBox  RX=OK

8/19/2022 3:30 PM CommandSyncBox  TX=IN

8/19/2022 3:30 PM ResponseSyncBox  RX=OK

8/19/2022 3:31 PM CommandSyncBox  TX=ADELAY 0m

8/19/2022 3:31 PM ResponseSyncBox  RX=OK

8/19/2022 3:31 PM CommandSyncBox  TX=BDELAY 0m

8/19/2022 3:31 PM ResponseSyncBox  RX=OK

8/19/2022 3:31 PM CommandSyncBox  TX=CDELAY 0m

8/19/2022 3:31 PM ResponseSyncBox  RX=OK

8/19/2022 3:31 PM CommandSyncBox  TX=DDELAY 0m

8/19/2022 3:31 PM ResponseSyncBox  RX=OK

8/19/2022 3:31 PM CommandSyncBox  TX=AWIDTH 300m

8/19/2022 3:31 PM ResponseSyncBox  RX=OK

8/19/2022 3:31 PM CommandSyncBox  TX=BWIDTH 200m

8/19/2022 3:31 PM ResponseSyncBox  RX=OK

8/19/2022 3:31 PM CommandSyncBox  TX=CWIDTH 200m

8/19/2022 3:31 PM ResponseSyncBox  RX=OK

8/19/2022 3:31 PM CommandSyncBox  TX=DWIDTH 200m

8/19/2022 3:31 PM ResponseSyncBox  RX=OK

8/19/2022 3:31 PM CommandSyncBox  TX=aset on

8/19/2022 3:31 PM ResponseSyncBox  RX=OK

8/19/2022 3:31 PM CommandSyncBox  TX=bset on

8/19/2022 3:31 PM ResponseSyncBox  RX=OK

8/19/2022 3:31 PM CommandSyncBox  TX=cset on

8/19/2022 3:31 PM ResponseSyncBox  RX=OK

8/19/2022 3:31 PM CommandSyncBox  TX=dset on

8/19/2022 3:31 PM ResponseSyncBox  RX=OK

8/19/2022 3:31 PM CommandSyncBox  TX=IN

8/19/2022 3:31 PM ResponseSyncBox  RX=OK

8/19/2022 3:31 PM CommandSyncBox  TX=FIre

8/19/2022 3:31 PM ResponseSyncBox  RX=OK

8/19/2022 3:32 PM CommandSyncBox  TX=FIre

8/19/2022 3:32 PM ResponseSyncBox  RX=OK

8/19/2022 3:33 PM CommandSyncBox  TX=FIre

8/19/2022 3:33 PM ResponseSyncBox  RX=OK

8/19/2022 3:33 PM CommandSyncBox  TX=FIre

8/19/2022 3:33 PM ResponseSyncBox  RX=OK

8/19/2022 3:34 PM CommandSyncBox  TX=ADELAY 0m

8/19/2022 3:34 PM ResponseSyncBox  RX=OK

8/19/2022 3:34 PM CommandSyncBox  TX=BDELAY 0m

8/19/2022 3:34 PM ResponseSyncBox  RX=OK

8/19/2022 3:34 PM CommandSyncBox  TX=CDELAY 0m

8/19/2022 3:34 PM ResponseSyncBox  RX=OK

8/19/2022 3:34 PM CommandSyncBox  TX=DDELAY 0m

8/19/2022 3:34 PM ResponseSyncBox  RX=OK

8/19/2022 3:34 PM CommandSyncBox  TX=AWIDTH 800m

8/19/2022 3:34 PM ResponseSyncBox  RX=OK

8/19/2022 3:34 PM CommandSyncBox  TX=BWIDTH 200m

8/19/2022 3:34 PM ResponseSyncBox  RX=OK

8/19/2022 3:34 PM CommandSyncBox  TX=CWIDTH 200m

8/19/2022 3:34 PM ResponseSyncBox  RX=OK

8/19/2022 3:34 PM CommandSyncBox  TX=DWIDTH 200m

8/19/2022 3:34 PM ResponseSyncBox  RX=OK

8/19/2022 3:34 PM CommandSyncBox  TX=aset on

8/19/2022 3:34 PM ResponseSyncBox  RX=OK

8/19/2022 3:34 PM CommandSyncBox  TX=bset on

8/19/2022 3:34 PM ResponseSyncBox  RX=OK

8/19/2022 3:34 PM CommandSyncBox  TX=cset on

8/19/2022 3:34 PM ResponseSyncBox  RX=OK

8/19/2022 3:34 PM CommandSyncBox  TX=dset on

8/19/2022 3:34 PM ResponseSyncBox  RX=OK

8/19/2022 3:34 PM CommandSyncBox  TX=IN

8/19/2022 3:34 PM ResponseSyncBox  RX=OK

8/19/2022 3:34 PM CommandSyncBox  TX=TRigger POs

8/19/2022 3:34 PM ResponseSyncBox  RX=OK

8/19/2022 3:34 PM CommandSyncBox  TX=IN

8/19/2022 3:34 PM ResponseSyncBox  RX=OK

8/19/2022 3:34 PM CommandSyncBox  TX=TRigger

8/19/2022 3:34 PM ResponseSyncBox  RX=Trig   POS  50R  Level 1.250   Div   0,000,000,000  SYN 00,010,000.00

8/19/2022 3:34 PM CommandSyncBox  TX=FIre

8/19/2022 3:34 PM ResponseSyncBox  RX=OK

8/19/2022 3:34 PM CommandSyncBox  TX=TRigger REmote

8/19/2022 3:34 PM ResponseSyncBox  RX=

     Highland Technology  Model T560  Digital Delay Generator

Firmware 28E560-D  02407                Cal date July 19, 2018      

Trig   POS  50R  Level 1.250   Div   0,000,000,000  SYN 00,010,000.00
Gate   OFF  POS  HIZ           Shots 0,000,000,071
Burst  OFF  N  0,000,000,016   of M  0,000,000,064

Verbos ON   Autoinstall FEOD   Usec 0,279,988,126  DPLL 00010
Clock  OUT  Trim 02166         Temp +47.3

Errs   None

Ch A  POS  ON     Dly  00.000,000,000,000  Wid  00.800,000,000,000
Ch B  POS  ON     Dly  00.000,000,000,000  Wid  00.200,000,000,000
Ch C  POS  ON     Dly  00.000,000,000,000  Wid  00.200,000,000,000
Ch D  POS  ON     Dly  00.000,000,000,000  Wid  00.200,000,000,000



8/19/2022 3:34 PM ResponseSyncBox  RX=OK

8/19/2022 3:34 PM CommandSyncBox  TX=IN

8/19/2022 3:34 PM ResponseSyncBox  RX=OK

8/19/2022 3:34 PM CommandSyncBox  TX=TRigger

8/19/2022 3:34 PM ResponseSyncBox  RX=Trig   REM  50R  Level 1.250   Div   0,000,000,000  SYN 00,010,000.00

8/19/2022 3:34 PM CommandSyncBox  TX=FIre

8/19/2022 3:34 PM ResponseSyncBox  RX=OK

8/19/2022 3:34 PM CommandSyncBox  TX=FIre

8/19/2022 3:34 PM ResponseSyncBox  RX=OK

8/19/2022 3:35 PM CommandSyncBox  TX=FIre

8/19/2022 3:35 PM ResponseSyncBox  RX=

     Highland Technology  Model T560  Digital Delay Generator

Firmware 28E560-D  02407                Cal date July 19, 2018      

Trig   REM  50R  Level 1.250   Div   0,000,000,000  SYN 00,010,000.00
Gate   OFF  POS  HIZ           Shots 0,000,000,073
Burst  OFF  N  0,000,000,016   of M  0,000,000,064

Verbos ON   Autoinstall FEOD   Usec 0,349,007,722  DPLL 00010
Clock  OUT  Trim 02166         Temp +47.4

Errs   None

Ch A  POS  ON     Dly  00.000,000,000,000  Wid  00.800,000,000,000
Ch B  POS  ON     Dly  00.000,000,000,000  Wid  00.200,000,000,000
Ch C  POS  ON     Dly  00.000,000,000,000  Wid  00.200,000,000,000
Ch D  POS  ON     Dly  00.000,000,000,000  Wid  00.200,000,000,000



8/19/2022 3:35 PM ResponseSyncBox  RX=OK

8/19/2022 3:35 PM CommandSyncBox  TX=FIre

8/19/2022 3:35 PM ResponseSyncBox  RX=OK

