9/16/2022 3:59 PM CommandAcquisChA  TX=WRITE_SETUP {"ACQUISITION_MODE":3,"TRIGGER_MODE":6,"READ_MODE":4,"PREAMP":0,"READOUT_RATE":0,"VERTICAL_SHIFT_SPEED":3,"EM_MODE":1,"EM_GAIN":2,"SHUTTER_MODE":2,"SHUTTER_TTL":0,"SHUTTER_OPENING_TIME":1,"SHUTTER_CLOSING_TIME":1,"VBIN":1,"HBIN":1,"INITIAL_LINE":1,"INITIAL_COLUMN":1,"FINAL_LINE":1024,"FINAL_COLUMN":1024,"FRAME_TRANSFER":true,"VERTICAL_CLOCK_VOLTAGE":0,"AD_CHANNEL":0}
9/16/2022 3:59 PM CommandAcquisChB  TX=WRITE_SETUP {"ACQUISITION_MODE":3,"TRIGGER_MODE":6,"READ_MODE":0,"PREAMP":0,"READOUT_RATE":0,"VERTICAL_SHIFT_SPEED":0,"EM_MODE":1,"EM_GAIN":2,"SHUTTER_MODE":2,"SHUTTER_TTL":0,"SHUTTER_OPENING_TIME":1,"SHUTTER_CLOSING_TIME":1,"VBIN":1,"HBIN":1,"INITIAL_LINE":1,"INITIAL_COLUMN":1,"FINAL_LINE":1024,"FINAL_COLUMN":1024,"FRAME_TRANSFER":true,"VERTICAL_CLOCK_VOLTAGE":0,"AD_CHANNEL":0}
9/16/2022 3:59 PM CommandAcquisChC  TX=WRITE_SETUP {"ACQUISITION_MODE":3,"TRIGGER_MODE":1,"READ_MODE":0,"PREAMP":0,"READOUT_RATE":0,"VERTICAL_SHIFT_SPEED":0,"EM_MODE":1,"EM_GAIN":2,"SHUTTER_MODE":2,"SHUTTER_TTL":0,"SHUTTER_OPENING_TIME":1,"SHUTTER_CLOSING_TIME":1,"VBIN":1,"HBIN":1,"INITIAL_LINE":1,"INITIAL_COLUMN":1,"FINAL_LINE":1024,"FINAL_COLUMN":1024,"FRAME_TRANSFER":true,"VERTICAL_CLOCK_VOLTAGE":0,"AD_CHANNEL":0}
9/16/2022 3:59 PM CommandAcquisChD  TX=WRITE_SETUP {"ACQUISITION_MODE":3,"TRIGGER_MODE":0,"READ_MODE":4,"PREAMP":0,"READOUT_RATE":0,"VERTICAL_SHIFT_SPEED":3,"EM_MODE":1,"EM_GAIN":2,"SHUTTER_MODE":2,"SHUTTER_TTL":0,"SHUTTER_OPENING_TIME":1,"SHUTTER_CLOSING_TIME":1,"VBIN":1,"HBIN":1,"INITIAL_LINE":1,"INITIAL_COLUMN":1,"FINAL_LINE":1024,"FINAL_COLUMN":1024,"FRAME_TRANSFER":true,"VERTICAL_CLOCK_VOLTAGE":0,"AD_CHANNEL":0}
9/16/2022 3:59 PM CommandSyncBox  TX=ADELAY 0m

9/16/2022 3:59 PM ResponseSyncBox  RX=OK

9/16/2022 3:59 PM CommandSyncBox  TX=BDELAY 0m

9/16/2022 3:59 PM ResponseSyncBox  RX=OK

9/16/2022 3:59 PM CommandSyncBox  TX=CDELAY 0m

9/16/2022 3:59 PM ResponseSyncBox  RX=OK

9/16/2022 3:59 PM CommandSyncBox  TX=DDELAY 0m

9/16/2022 3:59 PM ResponseSyncBox  RX=OK

9/16/2022 3:59 PM CommandSyncBox  TX=AWIDTH 200m

9/16/2022 3:59 PM ResponseSyncBox  RX=OK

9/16/2022 3:59 PM CommandSyncBox  TX=BWIDTH 200m

9/16/2022 3:59 PM ResponseSyncBox  RX=OK

9/16/2022 3:59 PM CommandSyncBox  TX=CWIDTH 200m

9/16/2022 3:59 PM ResponseSyncBox  RX=OK

9/16/2022 3:59 PM CommandSyncBox  TX=DWIDTH 200m

9/16/2022 3:59 PM ResponseSyncBox  RX=OK

9/16/2022 3:59 PM CommandSyncBox  TX=aset on

9/16/2022 3:59 PM ResponseSyncBox  RX=OK

9/16/2022 3:59 PM CommandSyncBox  TX=bset on

9/16/2022 3:59 PM ResponseSyncBox  RX=OK

9/16/2022 3:59 PM CommandSyncBox  TX=cset on

9/16/2022 3:59 PM ResponseSyncBox  RX=OK

9/16/2022 3:59 PM CommandSyncBox  TX=dset on

9/16/2022 3:59 PM ResponseSyncBox  RX=OK

9/16/2022 3:59 PM CommandSyncBox  TX=IN

9/16/2022 3:59 PM ResponseSyncBox  RX=OK

9/16/2022 3:59 PM CommandAcquisChA  TX=READ_SETUP 
9/16/2022 3:59 PM CommandAcquisChB  TX=READ_SETUP 
9/16/2022 3:59 PM CommandAcquisChC  TX=READ_SETUP 
9/16/2022 3:59 PM CommandAcquisChD  TX=READ_SETUP 
9/16/2022 3:59 PM ResponseAcquisChB  RX=CCD_SETUP {"PREAMP":0,"READOUT_RATE":0,"EM_GAIN":2,"VBIN":1,"INITIAL_LINE":1,"INITIAL_COLUMN":1,"FINAL_LINE":1024,"FINAL_COLUMN":1024,"TRIGGER_MODE":6,"HBIN":1,"SHUTTER_TTL":0,"SHUTTER_MODE":2,"SHUTTER_OPENING_TIME":1,"SHUTTER_CLOSING_TIME":1,"VERTICAL_SHIFT_SPEED":0,"READ_MODE":0,"FRAME_TRANSFER":true,"VERTICAL_CLOCK_VOLTAGE":0,"ACQUISITION_MODE":3,"AD_CHANNEL":0,"EM_MODE":1}
9/16/2022 3:59 PM CommandAcquisChB  TX=SET COOLER_POWER_STATUS 0
9/16/2022 3:59 PM ResponseAcquisChB  RX=DONE
9/16/2022 3:59 PM CommandAcquisChB  TX=WRITE_SETUP {"ACQUISITION_MODE":3,"TRIGGER_MODE":0,"READ_MODE":0,"PREAMP":0,"READOUT_RATE":0,"VERTICAL_SHIFT_SPEED":0,"EM_MODE":1,"EM_GAIN":2,"SHUTTER_MODE":2,"SHUTTER_TTL":0,"SHUTTER_OPENING_TIME":1,"SHUTTER_CLOSING_TIME":1,"VBIN":1,"HBIN":1,"INITIAL_LINE":1,"INITIAL_COLUMN":1,"FINAL_LINE":1024,"FINAL_COLUMN":1024,"FRAME_TRANSFER":true,"VERTICAL_CLOCK_VOLTAGE":0,"AD_CHANNEL":0}
9/16/2022 3:59 PM CommandAcquisChB  TX=WRITE_SETUP {"ACQUISITION_MODE":3,"TRIGGER_MODE":6,"READ_MODE":0,"PREAMP":0,"READOUT_RATE":0,"VERTICAL_SHIFT_SPEED":0,"EM_MODE":1,"EM_GAIN":2,"SHUTTER_MODE":2,"SHUTTER_TTL":0,"SHUTTER_OPENING_TIME":1,"SHUTTER_CLOSING_TIME":1,"VBIN":1,"HBIN":1,"INITIAL_LINE":1,"INITIAL_COLUMN":1,"FINAL_LINE":1024,"FINAL_COLUMN":1024,"FRAME_TRANSFER":true,"VERTICAL_CLOCK_VOLTAGE":0,"AD_CHANNEL":0}
9/16/2022 3:59 PM CommandAcquisChA  TX=SET COOLER_POWER_STATUS 0
9/16/2022 3:59 PM CommandAcquisChC  TX=SET COOLER_POWER_STATUS 0
9/16/2022 3:59 PM CommandAcquisChD  TX=SET COOLER_POWER_STATUS 0
9/16/2022 3:59 PM CommandAcquisChB  TX=READ_SETUP 
9/16/2022 3:59 PM CommandAcquisChB  TX=SET COOLER_POWER_STATUS 0
9/16/2022 3:59 PM ResponseAcquisChB  RX=CCD_SETUP {"PREAMP":0,"READOUT_RATE":0,"EM_GAIN":2,"VBIN":1,"INITIAL_LINE":1,"INITIAL_COLUMN":1,"FINAL_LINE":1024,"FINAL_COLUMN":1024,"TRIGGER_MODE":6,"HBIN":1,"SHUTTER_TTL":0,"SHUTTER_MODE":2,"SHUTTER_OPENING_TIME":1,"SHUTTER_CLOSING_TIME":1,"VERTICAL_SHIFT_SPEED":0,"READ_MODE":0,"FRAME_TRANSFER":true,"VERTICAL_CLOCK_VOLTAGE":0,"ACQUISITION_MODE":3,"AD_CHANNEL":0,"EM_MODE":1}
9/16/2022 3:59 PM ResponseAcquisChB  RX=DONE
9/16/2022 3:59 PM CommandAcquisChB  TX=SET EXPTIME 1.000000
9/16/2022 3:59 PM ResponseAcquisChB  RX=DONE
9/16/2022 3:59 PM CommandAcquisChB  TX=SET #FRAMES 3.000000
9/16/2022 3:59 PM CommandAcquisChB  TX=SET #CUBES 1.0000 
9/16/2022 3:59 PM ResponseAcquisChB  RX=DONE
9/16/2022 3:59 PM ResponseAcquisChB  RX=DONE
9/16/2022 3:59 PM CommandAcquisChB  TX=SET SUFFIX DARK
9/16/2022 3:59 PM CommandAcquisChB  TX=SET OBSTYPE DARK
9/16/2022 3:59 PM ResponseAcquisChB  RX=DONE
9/16/2022 3:59 PM ResponseAcquisChB  RX=DONE
9/16/2022 3:59 PM CommandSyncBox  TX=ADELAY 0m

9/16/2022 3:59 PM ResponseSyncBox  RX=

     Highland Technology  Model T560  Digital Delay Generator

Firmware 28E560-D  02407                Cal date July 19, 2018      

Trig   REM  50R  Level 1.250   Div   0,000,000,000  SYN 00,010,000.00
Gate   OFF  POS  HIZ           Shots 0,000,000,079
Burst  OFF  N  0,000,000,016   of M  0,000,000,064

Verbos ON   Autoinstall FEOD   Usec 3,611,140,689  DPLL 00026
Clock  OUT  Trim 02166         Temp +52.1

Errs   None

Ch A  POS  ON     Dly  00.000,000,000,000  Wid  00.200,000,000,000
Ch B  POS  ON     Dly  00.000,000,000,000  Wid  00.200,000,000,000
Ch C  POS  ON     Dly  00.000,000,000,000  Wid  00.200,000,000,000
Ch D  POS  ON     Dly  00.000,000,000,000  Wid  00.200,000,000,000



9/16/2022 3:59 PM ResponseSyncBox  RX=OK

9/16/2022 3:59 PM CommandSyncBox  TX=BDELAY 0m

9/16/2022 3:59 PM ResponseSyncBox  RX=OK

9/16/2022 3:59 PM CommandSyncBox  TX=CDELAY 0m

9/16/2022 3:59 PM ResponseSyncBox  RX=OK

9/16/2022 3:59 PM CommandSyncBox  TX=DDELAY 0m

9/16/2022 3:59 PM ResponseSyncBox  RX=OK

9/16/2022 3:59 PM CommandSyncBox  TX=AWIDTH 200m

9/16/2022 3:59 PM ResponseSyncBox  RX=OK

9/16/2022 3:59 PM CommandSyncBox  TX=BWIDTH 200m

9/16/2022 3:59 PM ResponseSyncBox  RX=OK

9/16/2022 3:59 PM CommandSyncBox  TX=CWIDTH 200m

9/16/2022 3:59 PM ResponseSyncBox  RX=OK

9/16/2022 3:59 PM CommandSyncBox  TX=DWIDTH 200m

9/16/2022 3:59 PM ResponseSyncBox  RX=OK

9/16/2022 3:59 PM CommandSyncBox  TX=aset on

9/16/2022 3:59 PM ResponseSyncBox  RX=OK

9/16/2022 3:59 PM CommandSyncBox  TX=bset on

9/16/2022 3:59 PM ResponseSyncBox  RX=OK

9/16/2022 3:59 PM CommandSyncBox  TX=cset on

9/16/2022 3:59 PM ResponseSyncBox  RX=OK

9/16/2022 3:59 PM CommandSyncBox  TX=dset on

9/16/2022 3:59 PM ResponseSyncBox  RX=OK

9/16/2022 3:59 PM CommandSyncBox  TX=IN

9/16/2022 3:59 PM ResponseSyncBox  RX=OK

9/16/2022 3:59 PM CommandAcquisChB  TX=EXPOSE
9/16/2022 3:59 PM CommandSyncBox  TX=TRigger REmote

9/16/2022 3:59 PM ResponseSyncBox  RX=OK

9/16/2022 3:59 PM CommandSyncBox  TX=IN

9/16/2022 3:59 PM ResponseSyncBox  RX=OK

9/16/2022 3:59 PM CommandSyncBox  TX=TRigger

9/16/2022 3:59 PM ResponseSyncBox  RX=Trig   REM  50R  Level 1.250   Div   0,000,000,000  SYN 00,010,000.00

9/16/2022 3:59 PM CommandSyncBox  TX=FIre

9/16/2022 3:59 PM ResponseSyncBox  RX=OK

9/16/2022 3:59 PM CommandAcquisChB  TX=SET EXPTIME 1.000000
9/16/2022 3:59 PM ResponseAcquisChB  RX=DONE
9/16/2022 3:59 PM CommandAcquisChB  TX=SET #FRAMES 3.000000
9/16/2022 3:59 PM ResponseAcquisChB  RX=DONE
9/16/2022 3:59 PM CommandAcquisChB  TX=SET #CUBES 1.0000 
9/16/2022 3:59 PM ResponseAcquisChB  RX=DONE
9/16/2022 3:59 PM CommandAcquisChB  TX=SET SUFFIX DARK
9/16/2022 3:59 PM ResponseAcquisChB  RX=DONE
9/16/2022 3:59 PM CommandAcquisChB  TX=SET OBSTYPE DARK
9/16/2022 3:59 PM ResponseAcquisChB  RX=DONE
9/16/2022 3:59 PM CommandSyncBox  TX=ADELAY 0m

9/16/2022 3:59 PM ResponseSyncBox  RX=OK

9/16/2022 3:59 PM CommandSyncBox  TX=BDELAY 0m

9/16/2022 3:59 PM ResponseSyncBox  RX=OK

9/16/2022 3:59 PM CommandSyncBox  TX=CDELAY 0m

9/16/2022 3:59 PM ResponseSyncBox  RX=OK

9/16/2022 3:59 PM CommandSyncBox  TX=DDELAY 0m

9/16/2022 3:59 PM ResponseSyncBox  RX=OK

9/16/2022 3:59 PM CommandSyncBox  TX=AWIDTH 200m

9/16/2022 3:59 PM ResponseSyncBox  RX=OK

9/16/2022 3:59 PM CommandSyncBox  TX=BWIDTH 200m

9/16/2022 3:59 PM ResponseSyncBox  RX=OK

9/16/2022 3:59 PM CommandSyncBox  TX=CWIDTH 200m

9/16/2022 3:59 PM ResponseSyncBox  RX=OK

9/16/2022 3:59 PM CommandSyncBox  TX=DWIDTH 200m

9/16/2022 3:59 PM ResponseSyncBox  RX=OK

9/16/2022 3:59 PM CommandSyncBox  TX=aset on

9/16/2022 3:59 PM ResponseSyncBox  RX=OK

9/16/2022 3:59 PM CommandSyncBox  TX=bset on

9/16/2022 3:59 PM ResponseSyncBox  RX=OK

9/16/2022 3:59 PM CommandSyncBox  TX=cset on

9/16/2022 3:59 PM ResponseSyncBox  RX=OK

9/16/2022 3:59 PM CommandSyncBox  TX=dset on

9/16/2022 3:59 PM ResponseSyncBox  RX=OK

9/16/2022 3:59 PM CommandSyncBox  TX=IN

9/16/2022 3:59 PM ResponseSyncBox  RX=OK

9/16/2022 4:00 PM CommandAcquisChB  TX=SET EXPTIME 1.000000
9/16/2022 4:00 PM ResponseAcquisChB  RX=DONE
9/16/2022 4:00 PM CommandAcquisChB  TX=SET #FRAMES 3.000000
9/16/2022 4:00 PM ResponseAcquisChB  RX=DONE
9/16/2022 4:00 PM CommandAcquisChB  TX=SET #CUBES 1.0000 
9/16/2022 4:00 PM ResponseAcquisChB  RX=DONE
9/16/2022 4:00 PM CommandAcquisChB  TX=SET SUFFIX DARK
9/16/2022 4:00 PM ResponseAcquisChB  RX=DONE
9/16/2022 4:00 PM CommandAcquisChB  TX=SET OBSTYPE DARK
9/16/2022 4:00 PM ResponseAcquisChB  RX=DONE
9/16/2022 4:00 PM CommandSyncBox  TX=ADELAY 0m

9/16/2022 4:00 PM ResponseSyncBox  RX=

     Highland Technology  Model T560  Digital Delay Generator

Firmware 28E560-D  02407                Cal date July 19, 2018      

Trig   REM  50R  Level 1.250   Div   0,000,000,000  SYN 00,010,000.00
Gate   OFF  POS  HIZ           Shots 0,000,000,080
Burst  OFF  N  0,000,000,016   of M  0,000,000,064

Verbos ON   Autoinstall FEOD   Usec 3,648,586,731  DPLL 00024
Clock  OUT  Trim 02166         Temp +52.1

Errs   None

Ch A  POS  ON     Dly  00.000,000,000,000  Wid  00.200,000,000,000
Ch B  POS  ON     Dly  00.000,000,000,000  Wid  00.200,000,000,000
Ch C  POS  ON     Dly  00.000,000,000,000  Wid  00.200,000,000,000
Ch D  POS  ON     Dly  00.000,000,000,000  Wid  00.200,000,000,000



9/16/2022 4:00 PM ResponseSyncBox  RX=OK

9/16/2022 4:00 PM CommandSyncBox  TX=BDELAY 0m

9/16/2022 4:00 PM ResponseSyncBox  RX=OK

9/16/2022 4:00 PM CommandSyncBox  TX=CDELAY 0m

9/16/2022 4:00 PM ResponseSyncBox  RX=OK

9/16/2022 4:00 PM CommandSyncBox  TX=DDELAY 0m

9/16/2022 4:00 PM ResponseSyncBox  RX=OK

9/16/2022 4:00 PM CommandSyncBox  TX=AWIDTH 200m

9/16/2022 4:00 PM ResponseSyncBox  RX=OK

9/16/2022 4:00 PM CommandSyncBox  TX=BWIDTH 200m

9/16/2022 4:00 PM ResponseSyncBox  RX=OK

9/16/2022 4:00 PM CommandSyncBox  TX=CWIDTH 200m

9/16/2022 4:00 PM ResponseSyncBox  RX=OK

9/16/2022 4:00 PM CommandSyncBox  TX=DWIDTH 200m

9/16/2022 4:00 PM ResponseSyncBox  RX=OK

9/16/2022 4:00 PM CommandSyncBox  TX=aset on

9/16/2022 4:00 PM ResponseSyncBox  RX=OK

9/16/2022 4:00 PM CommandSyncBox  TX=bset on

9/16/2022 4:00 PM ResponseSyncBox  RX=OK

9/16/2022 4:00 PM CommandSyncBox  TX=cset on

9/16/2022 4:00 PM ResponseSyncBox  RX=OK

9/16/2022 4:00 PM CommandSyncBox  TX=dset on

9/16/2022 4:00 PM ResponseSyncBox  RX=OK

9/16/2022 4:00 PM CommandSyncBox  TX=IN

9/16/2022 4:00 PM ResponseSyncBox  RX=OK

9/16/2022 4:00 PM CommandAcquisChB  TX=EXPOSE
9/16/2022 4:00 PM CommandSyncBox  TX=TRigger REmote

9/16/2022 4:00 PM ResponseSyncBox  RX=OK

9/16/2022 4:00 PM CommandSyncBox  TX=IN

9/16/2022 4:00 PM ResponseSyncBox  RX=OK

9/16/2022 4:00 PM CommandSyncBox  TX=TRigger

9/16/2022 4:00 PM ResponseSyncBox  RX=Trig   REM  50R  Level 1.250   Div   0,000,000,000  SYN 00,010,000.00

9/16/2022 4:00 PM CommandSyncBox  TX=FIre

9/16/2022 4:00 PM ResponseSyncBox  RX=OK

9/16/2022 4:00 PM CommandAcquisChB  TX=SET EXPTIME 1.000000
9/16/2022 4:00 PM ResponseAcquisChB  RX=DONE
9/16/2022 4:00 PM CommandAcquisChB  TX=SET #FRAMES 3.000000
9/16/2022 4:00 PM CommandAcquisChB  TX=SET #CUBES 1.0000 
9/16/2022 4:00 PM ResponseAcquisChB  RX=DONE
9/16/2022 4:00 PM ResponseAcquisChB  RX=DONE
9/16/2022 4:00 PM CommandAcquisChB  TX=SET SUFFIX DARK
9/16/2022 4:00 PM CommandAcquisChB  TX=SET OBSTYPE DARK
9/16/2022 4:00 PM ResponseAcquisChB  RX=DONE
9/16/2022 4:00 PM ResponseAcquisChB  RX=DONE
9/16/2022 4:00 PM CommandSyncBox  TX=ADELAY 0m

9/16/2022 4:00 PM ResponseSyncBox  RX=OK

9/16/2022 4:00 PM CommandSyncBox  TX=BDELAY 0m

9/16/2022 4:00 PM ResponseSyncBox  RX=OK

9/16/2022 4:00 PM CommandSyncBox  TX=CDELAY 0m

9/16/2022 4:00 PM ResponseSyncBox  RX=OK

9/16/2022 4:00 PM CommandSyncBox  TX=DDELAY 0m

9/16/2022 4:00 PM ResponseSyncBox  RX=OK

9/16/2022 4:00 PM CommandSyncBox  TX=AWIDTH 200m

9/16/2022 4:00 PM ResponseSyncBox  RX=OK

9/16/2022 4:00 PM CommandSyncBox  TX=BWIDTH 200m

9/16/2022 4:00 PM ResponseSyncBox  RX=OK

9/16/2022 4:00 PM CommandSyncBox  TX=CWIDTH 200m

9/16/2022 4:00 PM ResponseSyncBox  RX=OK

9/16/2022 4:00 PM CommandSyncBox  TX=DWIDTH 200m

9/16/2022 4:00 PM ResponseSyncBox  RX=OK

9/16/2022 4:00 PM CommandSyncBox  TX=aset on

9/16/2022 4:00 PM ResponseSyncBox  RX=OK

9/16/2022 4:00 PM CommandSyncBox  TX=bset on

9/16/2022 4:00 PM ResponseSyncBox  RX=OK

9/16/2022 4:00 PM CommandSyncBox  TX=cset on

9/16/2022 4:00 PM ResponseSyncBox  RX=OK

9/16/2022 4:00 PM CommandSyncBox  TX=dset on

9/16/2022 4:00 PM ResponseSyncBox  RX=OK

9/16/2022 4:00 PM CommandSyncBox  TX=IN

9/16/2022 4:00 PM ResponseSyncBox  RX=OK

9/16/2022 4:00 PM CommandAcquisChB  TX=EXPOSE
9/16/2022 4:00 PM CommandSyncBox  TX=TRigger REmote

9/16/2022 4:00 PM ResponseSyncBox  RX=OK

9/16/2022 4:00 PM CommandSyncBox  TX=IN

9/16/2022 4:00 PM ResponseSyncBox  RX=OK

9/16/2022 4:00 PM CommandSyncBox  TX=TRigger

9/16/2022 4:00 PM ResponseSyncBox  RX=Trig   REM  50R  Level 1.250   Div   0,000,000,000  SYN 00,010,000.00

9/16/2022 4:00 PM CommandSyncBox  TX=FIre

9/16/2022 4:00 PM ResponseSyncBox  RX=OK

9/16/2022 4:00 PM CommandAcquisChB  TX=WRITE_SETUP {"ACQUISITION_MODE":3,"TRIGGER_MODE":0,"READ_MODE":0,"PREAMP":0,"READOUT_RATE":0,"VERTICAL_SHIFT_SPEED":0,"EM_MODE":1,"EM_GAIN":2,"SHUTTER_MODE":2,"SHUTTER_TTL":0,"SHUTTER_OPENING_TIME":1,"SHUTTER_CLOSING_TIME":1,"VBIN":1,"HBIN":1,"INITIAL_LINE":1,"INITIAL_COLUMN":1,"FINAL_LINE":1024,"FINAL_COLUMN":1024,"FRAME_TRANSFER":true,"VERTICAL_CLOCK_VOLTAGE":0,"AD_CHANNEL":0}
9/16/2022 4:00 PM CommandAcquisChB  TX=SET EXPTIME 1.000000
9/16/2022 4:00 PM ResponseAcquisChB  RX=DONE
9/16/2022 4:00 PM CommandAcquisChB  TX=SET #FRAMES 3.000000
9/16/2022 4:00 PM ResponseAcquisChB  RX=DONE
9/16/2022 4:00 PM CommandAcquisChB  TX=SET #CUBES 1.0000 
9/16/2022 4:00 PM CommandAcquisChB  TX=SET SUFFIX DARK
9/16/2022 4:00 PM ResponseAcquisChB  RX=DONE
9/16/2022 4:00 PM ResponseAcquisChB  RX=DONE
9/16/2022 4:00 PM CommandAcquisChB  TX=SET OBSTYPE DARK
9/16/2022 4:00 PM ResponseAcquisChB  RX=DONE
9/16/2022 4:00 PM CommandAcquisChB  TX=EXPOSE
9/16/2022 4:02 PM CommandInstrument  TX=S4ICS WPROT NONE NONE,WPSEL GOTO L/2,GMIR NONE NONE,GFOC NONE NONE,CALW GOTO POLARIZER,ASEL GOTO ANALYZER

9/16/2022 4:02 PM ResponseInstrument  RX=WPROT SIMULATED READY 315 NONE -1, WPSEL SIMULATED BUSY 50 CLEAR 1, ASEL SIMULATED BUSY 0 CLEAR 1, CALW SIMULATED BUSY 0 CLEAR 1, GFOC SIMULATED READY 0 HOME 0, GMIR SIMULATED READY 0 HOME 0

9/16/2022 4:03 PM CommandInstrument  TX=S4ICS WPROT NONE NONE,WPSEL GOTO CLEAR,GMIR NONE NONE,GFOC NONE NONE,CALW GOTO CLEAR,ASEL GOTO CLEAR

9/16/2022 4:03 PM ResponseInstrument  RX=WPROT SIMULATED READY 315 NONE -1, WPSEL SIMULATED BUSY 0 L/2 2, ASEL SIMULATED BUSY 100 ANALYZER 2, CALW SIMULATED BUSY 72 POLARIZER 2, GFOC SIMULATED READY 0 HOME 0, GMIR SIMULATED READY 0 HOME 0

9/16/2022 4:03 PM CommandInstrument  TX=S4ICS WPROT GOTO WP10,WPSEL NONE NONE,GMIR NONE NONE,GFOC NONE NONE,CALW NONE NONE,ASEL NONE NONE

9/16/2022 4:03 PM ResponseInstrument  RX=WPROT SIMULATED READY 315 NONE -1, WPSEL SIMULATED READY 50 CLEAR 1, ASEL SIMULATED READY 0 CLEAR 1, CALW SIMULATED READY 0 CLEAR 1, GFOC SIMULATED READY 0 HOME 0, GMIR SIMULATED READY 0 HOME 0

9/16/2022 4:03 PM CommandInstrument  TX=S4ICS WPROT GOTO WP10,WPSEL NONE NONE,GMIR NONE NONE,GFOC NONE NONE,CALW NONE NONE,ASEL NONE NONE

9/16/2022 4:03 PM ResponseInstrument  RX=WPROT SIMULATED READY 315 NONE -1, WPSEL SIMULATED READY 50 CLEAR 1, ASEL SIMULATED READY 0 CLEAR 1, CALW SIMULATED READY 0 CLEAR 1, GFOC SIMULATED READY 0 HOME 0, GMIR SIMULATED READY 0 HOME 0

9/16/2022 4:03 PM CommandInstrument  TX=S4ICS WPROT GOTO WP7,WPSEL NONE NONE,GMIR NONE NONE,GFOC NONE NONE,CALW NONE NONE,ASEL NONE NONE

9/16/2022 4:03 PM ResponseInstrument  RX=WPROT SIMULATED READY 315 NONE -1, WPSEL SIMULATED READY 50 CLEAR 1, ASEL SIMULATED READY 0 CLEAR 1, CALW SIMULATED READY 0 CLEAR 1, GFOC SIMULATED READY 0 HOME 0, GMIR SIMULATED READY 0 HOME 0

9/16/2022 4:04 PM CommandInstrument  TX=S4ICS WPROT NONE NONE,WPSEL GOTO L/2,GMIR NONE NONE,GFOC NONE NONE,CALW NONE NONE,ASEL NONE NONE

9/16/2022 4:04 PM ResponseInstrument  RX=WPROT SIMULATED READY 315 NONE -1, WPSEL SIMULATED BUSY 50 CLEAR 1, ASEL SIMULATED READY 0 CLEAR 1, CALW SIMULATED READY 0 CLEAR 1, GFOC SIMULATED READY 0 HOME 0, GMIR SIMULATED READY 0 HOME 0

9/16/2022 4:04 PM CommandInstrument  TX=S4ICS WPROT GOTO WP15,WPSEL NONE NONE,GMIR NONE NONE,GFOC NONE NONE,CALW NONE NONE,ASEL NONE NONE

9/16/2022 4:04 PM ResponseInstrument  RX=WPROT SIMULATED BUSY 315 NONE -1, WPSEL SIMULATED READY 0 L/2 2, ASEL SIMULATED READY 0 CLEAR 1, CALW SIMULATED READY 0 CLEAR 1, GFOC SIMULATED READY 0 HOME 0, GMIR SIMULATED READY 0 HOME 0

9/16/2022 4:04 PM CommandInstrument  TX=S4ICS WPROT GOTO WP2,WPSEL NONE NONE,GMIR NONE NONE,GFOC NONE NONE,CALW NONE NONE,ASEL NONE NONE

9/16/2022 4:04 PM ResponseInstrument  RX=WPROT SIMULATED BUSY 315 WP15 15, WPSEL SIMULATED READY 0 L/2 2, ASEL SIMULATED READY 0 CLEAR 1, CALW SIMULATED READY 0 CLEAR 1, GFOC SIMULATED READY 0 HOME 0, GMIR SIMULATED READY 0 HOME 0

9/16/2022 4:06 PM CommandInstrument  TX=S4ICS WPROT NONE NONE,WPSEL GOTO L/4,GMIR NONE NONE,GFOC NONE NONE,CALW NONE NONE,ASEL NONE NONE

9/16/2022 4:06 PM ResponseInstrument  RX=WPROT SIMULATED READY 23 WP2 2, WPSEL SIMULATED BUSY 0 L/2 2, ASEL SIMULATED READY 0 CLEAR 1, CALW SIMULATED READY 0 CLEAR 1, GFOC SIMULATED READY 0 HOME 0, GMIR SIMULATED READY 0 HOME 0

9/16/2022 4:06 PM CommandInstrument  TX=S4ICS WPROT NONE NONE,WPSEL INIT NONE,GMIR NONE NONE,GFOC NONE NONE,CALW NONE NONE,ASEL NONE NONE

9/16/2022 4:06 PM ResponseInstrument  RX=WPROT SIMULATED READY 23 WP2 2, WPSEL SIMULATED BUSY 14 NONE -1, ASEL SIMULATED READY 0 CLEAR 1, CALW SIMULATED READY 0 CLEAR 1, GFOC SIMULATED READY 0 HOME 0, GMIR SIMULATED READY 0 HOME 0

9/16/2022 4:06 PM CommandInstrument  TX=S4ICS WPROT NONE NONE,WPSEL STOP NONE,GMIR NONE NONE,GFOC NONE NONE,CALW NONE NONE,ASEL NONE NONE

9/16/2022 4:06 PM ResponseInstrument  RX=WPROT SIMULATED READY 23 WP2 2, WPSEL SIMULATED BUSY 30 NONE -1, ASEL SIMULATED READY 0 CLEAR 1, CALW SIMULATED READY 0 CLEAR 1, GFOC SIMULATED READY 0 HOME 0, GMIR SIMULATED READY 0 HOME 0

9/16/2022 4:07 PM CommandInstrument  TX=S4ICS WPROT NONE NONE,WPSEL GOTO L/2,GMIR NONE NONE,GFOC NONE NONE,CALW NONE NONE,ASEL NONE NONE

9/16/2022 4:07 PM ResponseInstrument  RX=WPROT SIMULATED READY 23 WP2 2, WPSEL SIMULATED BUSY 32 NONE -1, ASEL SIMULATED READY 0 CLEAR 1, CALW SIMULATED READY 0 CLEAR 1, GFOC SIMULATED READY 0 HOME 0, GMIR SIMULATED READY 0 HOME 0

9/16/2022 4:07 PM CommandInstrument  TX=S4ICS WPROT NONE NONE,WPSEL STOP NONE,GMIR NONE NONE,GFOC NONE NONE,CALW NONE NONE,ASEL NONE NONE

9/16/2022 4:07 PM ResponseInstrument  RX=WPROT SIMULATED READY 23 WP2 2, WPSEL SIMULATED BUSY 22 NONE -1, ASEL SIMULATED READY 0 CLEAR 1, CALW SIMULATED READY 0 CLEAR 1, GFOC SIMULATED READY 0 HOME 0, GMIR SIMULATED READY 0 HOME 0

9/16/2022 4:07 PM CommandInstrument  TX=S4ICS WPROT NONE NONE,WPSEL GOTO L/2,GMIR NONE NONE,GFOC NONE NONE,CALW NONE NONE,ASEL NONE NONE

9/16/2022 4:07 PM ResponseInstrument  RX=WPROT SIMULATED READY 23 WP2 2, WPSEL SIMULATED BUSY 21 NONE -1, ASEL SIMULATED READY 0 CLEAR 1, CALW SIMULATED READY 0 CLEAR 1, GFOC SIMULATED READY 0 HOME 0, GMIR SIMULATED READY 0 HOME 0

9/16/2022 4:08 PM CommandInstrument  TX=S4ICS WPROT NONE NONE,WPSEL GOTO L/4,GMIR NONE NONE,GFOC NONE NONE,CALW NONE NONE,ASEL NONE NONE

9/16/2022 4:08 PM ResponseInstrument  RX=WPROT SIMULATED READY 23 WP2 2, WPSEL SIMULATED BUSY 0 L/2 2, ASEL SIMULATED READY 0 CLEAR 1, CALW SIMULATED READY 0 CLEAR 1, GFOC SIMULATED READY 0 HOME 0, GMIR SIMULATED READY 0 HOME 0

9/16/2022 4:08 PM CommandInstrument  TX=S4ICS WPROT NONE NONE,WPSEL STOP NONE,GMIR NONE NONE,GFOC NONE NONE,CALW NONE NONE,ASEL NONE NONE

9/16/2022 4:08 PM ResponseInstrument  RX=WPROT SIMULATED READY 23 WP2 2, WPSEL SIMULATED BUSY 20 NONE -1, ASEL SIMULATED READY 0 CLEAR 1, CALW SIMULATED READY 0 CLEAR 1, GFOC SIMULATED READY 0 HOME 0, GMIR SIMULATED READY 0 HOME 0

9/16/2022 4:09 PM CommandInstrument  TX=S4ICS WPROT NONE NONE,WPSEL GOTO L/4,GMIR NONE NONE,GFOC NONE NONE,CALW NONE NONE,ASEL NONE NONE

9/16/2022 4:09 PM ResponseInstrument  RX=WPROT SIMULATED READY 23 WP2 2, WPSEL SIMULATED BUSY 22 NONE -1, ASEL SIMULATED READY 0 CLEAR 1, CALW SIMULATED READY 0 CLEAR 1, GFOC SIMULATED READY 0 HOME 0, GMIR SIMULATED READY 0 HOME 0

9/16/2022 4:33 PM CommandInstrument  TX=S4ICS WPROT NONE NONE,WPSEL GOTO CLEAR,GMIR NONE NONE,GFOC NONE NONE,CALW GOTO CLEAR,ASEL GOTO CLEAR

9/16/2022 4:33 PM ResponseInstrument  RX=WPROT SIMULATED READY 23 WP2 2, WPSEL SIMULATED BUSY 100 L/4 3, ASEL SIMULATED BUSY 0 CLEAR 1, CALW SIMULATED BUSY 0 CLEAR 1, GFOC SIMULATED READY 0 HOME 0, GMIR SIMULATED READY 0 HOME 0

9/16/2022 4:34 PM CommandAcquisChB  TX=WRITE_SETUP {"ACQUISITION_MODE":3,"TRIGGER_MODE":0,"READ_MODE":0,"PREAMP":0,"READOUT_RATE":0,"VERTICAL_SHIFT_SPEED":0,"EM_MODE":1,"EM_GAIN":2,"SHUTTER_MODE":1,"SHUTTER_TTL":0,"SHUTTER_OPENING_TIME":1,"SHUTTER_CLOSING_TIME":1,"VBIN":1,"HBIN":1,"INITIAL_LINE":1,"INITIAL_COLUMN":1,"FINAL_LINE":1024,"FINAL_COLUMN":1024,"FRAME_TRANSFER":true,"VERTICAL_CLOCK_VOLTAGE":0,"AD_CHANNEL":0}
9/16/2022 4:34 PM CommandAcquisChB  TX=READ_SETUP 
9/16/2022 4:34 PM ResponseAcquisChB  RX=CCD_SETUP {"PREAMP":0,"READOUT_RATE":0,"EM_GAIN":2,"VBIN":1,"INITIAL_LINE":1,"INITIAL_COLUMN":1,"FINAL_LINE":1024,"FINAL_COLUMN":1024,"TRIGGER_MODE":0,"HBIN":1,"SHUTTER_TTL":0,"SHUTTER_MODE":1,"SHUTTER_OPENING_TIME":1,"SHUTTER_CLOSING_TIME":1,"VERTICAL_SHIFT_SPEED":0,"READ_MODE":0,"FRAME_TRANSFER":true,"VERTICAL_CLOCK_VOLTAGE":0,"ACQUISITION_MODE":3,"AD_CHANNEL":0,"EM_MODE":1}
9/16/2022 4:34 PM CommandAcquisChB  TX=SET COOLER_POWER_STATUS 0
9/16/2022 4:34 PM ResponseAcquisChB  RX=DONE
9/16/2022 4:34 PM CommandAcquisChB  TX=WRITE_SETUP {"ACQUISITION_MODE":3,"TRIGGER_MODE":0,"READ_MODE":0,"PREAMP":0,"READOUT_RATE":0,"VERTICAL_SHIFT_SPEED":0,"EM_MODE":1,"EM_GAIN":2,"SHUTTER_MODE":2,"SHUTTER_TTL":0,"SHUTTER_OPENING_TIME":1,"SHUTTER_CLOSING_TIME":1,"VBIN":1,"HBIN":1,"INITIAL_LINE":1,"INITIAL_COLUMN":1,"FINAL_LINE":1024,"FINAL_COLUMN":1024,"FRAME_TRANSFER":true,"VERTICAL_CLOCK_VOLTAGE":0,"AD_CHANNEL":0}
9/16/2022 4:35 PM CommandAcquisChB  TX=READ_SETUP 
9/16/2022 4:35 PM ResponseAcquisChB  RX=CCD_SETUP {"PREAMP":0,"READOUT_RATE":0,"EM_GAIN":2,"VBIN":1,"INITIAL_LINE":1,"INITIAL_COLUMN":1,"FINAL_LINE":1024,"FINAL_COLUMN":1024,"TRIGGER_MODE":0,"HBIN":1,"SHUTTER_TTL":0,"SHUTTER_MODE":2,"SHUTTER_OPENING_TIME":1,"SHUTTER_CLOSING_TIME":1,"VERTICAL_SHIFT_SPEED":0,"READ_MODE":0,"FRAME_TRANSFER":true,"VERTICAL_CLOCK_VOLTAGE":0,"ACQUISITION_MODE":3,"AD_CHANNEL":0,"EM_MODE":1}
9/16/2022 4:35 PM CommandAcquisChB  TX=SET COOLER_POWER_STATUS 0
9/16/2022 4:35 PM ResponseAcquisChB  RX=DONE
9/16/2022 4:35 PM CommandAcquisChB  TX=SET EXPTIME 3.000000
9/16/2022 4:35 PM ResponseAcquisChB  RX=DONE
9/16/2022 4:35 PM CommandAcquisChB  TX=SET #FRAMES 2.000000
9/16/2022 4:35 PM ResponseAcquisChB  RX=DONE
9/16/2022 4:35 PM CommandAcquisChB  TX=SET #CUBES 1.0000 
9/16/2022 4:35 PM ResponseAcquisChB  RX=DONE
9/16/2022 4:35 PM CommandAcquisChB  TX=SET SUFFIX DARK
9/16/2022 4:35 PM CommandAcquisChB  TX=SET OBSTYPE DARK
9/16/2022 4:35 PM ResponseAcquisChB  RX=DONE
9/16/2022 4:35 PM ResponseAcquisChB  RX=DONE
9/16/2022 4:35 PM CommandAcquisChB  TX=EXPOSE
9/16/2022 4:36 PM CommandAcquisChB  TX=SET TEMP -60
9/16/2022 4:36 PM CommandAcquisChB  TX=SET COOLER_POWER_STATUS 1
9/16/2022 4:36 PM ResponseAcquisChB  RX=DONE
9/16/2022 4:41 PM CommandAcquisChB  TX=WRITE_SETUP {"ACQUISITION_MODE":3,"TRIGGER_MODE":6,"READ_MODE":0,"PREAMP":0,"READOUT_RATE":0,"VERTICAL_SHIFT_SPEED":0,"EM_MODE":1,"EM_GAIN":2,"SHUTTER_MODE":2,"SHUTTER_TTL":0,"SHUTTER_OPENING_TIME":1,"SHUTTER_CLOSING_TIME":1,"VBIN":1,"HBIN":1,"INITIAL_LINE":1,"INITIAL_COLUMN":1,"FINAL_LINE":1024,"FINAL_COLUMN":1024,"FRAME_TRANSFER":true,"VERTICAL_CLOCK_VOLTAGE":0,"AD_CHANNEL":0}
9/16/2022 4:41 PM CommandAcquisChB  TX=READ_SETUP 
9/16/2022 4:41 PM ResponseAcquisChB  RX=CCD_SETUP {"PREAMP":0,"READOUT_RATE":0,"EM_GAIN":2,"VBIN":1,"INITIAL_LINE":1,"INITIAL_COLUMN":1,"FINAL_LINE":1024,"FINAL_COLUMN":1024,"TRIGGER_MODE":6,"HBIN":1,"SHUTTER_TTL":0,"SHUTTER_MODE":2,"SHUTTER_OPENING_TIME":1,"SHUTTER_CLOSING_TIME":1,"VERTICAL_SHIFT_SPEED":0,"READ_MODE":0,"FRAME_TRANSFER":true,"VERTICAL_CLOCK_VOLTAGE":0,"ACQUISITION_MODE":3,"AD_CHANNEL":0,"EM_MODE":1}
9/16/2022 4:41 PM CommandAcquisChB  TX=SET TEMP -60
9/16/2022 4:41 PM CommandAcquisChB  TX=SET COOLER_POWER_STATUS 1
9/16/2022 4:42 PM ResponseAcquisChB  RX=DONE
9/16/2022 4:42 PM ResponseAcquisChB  RX=DONE
9/16/2022 4:42 PM CommandAcquisChB  TX=SET EXPTIME 3.000000
9/16/2022 4:42 PM ResponseAcquisChB  RX=DONE
9/16/2022 4:42 PM CommandAcquisChB  TX=SET #FRAMES 2.000000
9/16/2022 4:42 PM ResponseAcquisChB  RX=DONE
9/16/2022 4:42 PM CommandAcquisChB  TX=SET #CUBES 1.0000 
9/16/2022 4:42 PM ResponseAcquisChB  RX=DONE
9/16/2022 4:42 PM CommandAcquisChB  TX=SET SUFFIX DARK
9/16/2022 4:42 PM ResponseAcquisChB  RX=DONE
9/16/2022 4:42 PM CommandAcquisChB  TX=SET OBSTYPE DARK
9/16/2022 4:42 PM ResponseAcquisChB  RX=DONE
9/16/2022 4:42 PM CommandSyncBox  TX=ADELAY 0m

9/16/2022 4:42 PM ResponseSyncBox  RX=

     Highland Technology  Model T560  Digital Delay Generator

Firmware 28E560-D  02407                Cal date July 19, 2018      

Trig   REM  50R  Level 1.250   Div   0,000,000,000  SYN 00,010,000.00
Gate   OFF  POS  HIZ           Shots 0,000,000,082
Burst  OFF  N  0,000,000,016   of M  0,000,000,064

Verbos ON   Autoinstall FEOD   Usec 1,879,507,051  DPLL 00023
Clock  OUT  Trim 02166         Temp +52.3

Errs   None

Ch A  POS  ON     Dly  00.000,000,000,000  Wid  00.200,000,000,000
Ch B  POS  ON     Dly  00.000,000,000,000  Wid  00.200,000,000,000
Ch C  POS  ON     Dly  00.000,000,000,000  Wid  00.200,000,000,000
Ch D  POS  ON     Dly  00.000,000,000,000  Wid  00.200,000,000,000



9/16/2022 4:42 PM ResponseSyncBox  RX=OK

9/16/2022 4:42 PM CommandSyncBox  TX=BDELAY 0m

9/16/2022 4:42 PM ResponseSyncBox  RX=OK

9/16/2022 4:42 PM CommandSyncBox  TX=CDELAY 0m

9/16/2022 4:42 PM ResponseSyncBox  RX=OK

9/16/2022 4:42 PM CommandSyncBox  TX=DDELAY 0m

9/16/2022 4:42 PM ResponseSyncBox  RX=OK

9/16/2022 4:42 PM CommandSyncBox  TX=AWIDTH 200m

9/16/2022 4:42 PM ResponseSyncBox  RX=OK

9/16/2022 4:42 PM CommandSyncBox  TX=BWIDTH 200m

9/16/2022 4:42 PM ResponseSyncBox  RX=OK

9/16/2022 4:42 PM CommandSyncBox  TX=CWIDTH 200m

9/16/2022 4:42 PM ResponseSyncBox  RX=OK

9/16/2022 4:42 PM CommandSyncBox  TX=DWIDTH 200m

9/16/2022 4:42 PM ResponseSyncBox  RX=OK

9/16/2022 4:42 PM CommandSyncBox  TX=aset on

9/16/2022 4:42 PM ResponseSyncBox  RX=OK

9/16/2022 4:42 PM CommandSyncBox  TX=bset on

9/16/2022 4:42 PM ResponseSyncBox  RX=OK

9/16/2022 4:42 PM CommandSyncBox  TX=cset on

9/16/2022 4:42 PM ResponseSyncBox  RX=OK

9/16/2022 4:42 PM CommandSyncBox  TX=dset on

9/16/2022 4:42 PM ResponseSyncBox  RX=OK

9/16/2022 4:42 PM CommandSyncBox  TX=IN

9/16/2022 4:42 PM ResponseSyncBox  RX=OK

9/16/2022 4:42 PM CommandAcquisChB  TX=EXPOSE
9/16/2022 4:42 PM CommandSyncBox  TX=TRigger REmote

9/16/2022 4:42 PM ResponseSyncBox  RX=OK

9/16/2022 4:42 PM CommandSyncBox  TX=IN

9/16/2022 4:42 PM ResponseSyncBox  RX=OK

9/16/2022 4:42 PM CommandSyncBox  TX=TRigger

9/16/2022 4:42 PM ResponseSyncBox  RX=Trig   REM  50R  Level 1.250   Div   0,000,000,000  SYN 00,010,000.00

9/16/2022 4:42 PM CommandSyncBox  TX=FIre

9/16/2022 4:42 PM ResponseSyncBox  RX=OK

9/16/2022 4:46 PM CommandAcquisChB  TX=SET EXPTIME 3.000000
9/16/2022 4:46 PM CommandAcquisChB  TX=SET #FRAMES 2.000000
9/16/2022 4:46 PM CommandAcquisChB  TX=SET #CUBES 1.0000 
9/16/2022 4:46 PM CommandAcquisChB  TX=SET SUFFIX DARK
9/16/2022 4:47 PM CommandAcquisChB  TX=SET EXPTIME 3.000000
9/16/2022 4:47 PM CommandAcquisChB  TX=SET #FRAMES 2.000000
9/16/2022 4:47 PM CommandAcquisChA  TX=ABORT_ACQUISITION
9/16/2022 4:47 PM CommandAcquisChB  TX=ABORT_ACQUISITION
9/16/2022 4:47 PM CommandAcquisChC  TX=ABORT_ACQUISITION
9/16/2022 4:47 PM CommandAcquisChD  TX=ABORT_ACQUISITION
9/16/2022 4:47 PM CommandInstrument  TX=S4ICS WPROT STOP NONE,WPSEL NONE NONE,GMIR NONE NONE,GFOC NONE NONE,CALW NONE NONE,ASEL NONE NONE

9/16/2022 4:47 PM ResponseInstrument  RX=WPROT SIMULATED BUSY 23 WP2 2, WPSEL SIMULATED READY 50 CLEAR 1, ASEL SIMULATED READY 0 CLEAR 1, CALW SIMULATED READY 0 CLEAR 1, GFOC SIMULATED READY 0 HOME 0, GMIR SIMULATED READY 0 HOME 0

9/16/2022 4:47 PM CommandAcquisChB  TX=SET EXPTIME 3.000000
9/16/2022 4:47 PM CommandAcquisChB  TX=SET #FRAMES 2.000000
9/16/2022 4:47 PM CommandAcquisChB  TX=SET #CUBES 1.0000 
9/16/2022 4:47 PM CommandAcquisChB  TX=SET SUFFIX DARK
9/16/2022 4:47 PM CommandAcquisChA  TX=ABORT_ACQUISITION
9/16/2022 4:47 PM CommandAcquisChB  TX=ABORT_ACQUISITION
9/16/2022 4:47 PM CommandAcquisChC  TX=ABORT_ACQUISITION
9/16/2022 4:47 PM CommandAcquisChD  TX=ABORT_ACQUISITION
9/16/2022 4:47 PM CommandInstrument  TX=S4ICS WPROT STOP NONE,WPSEL NONE NONE,GMIR NONE NONE,GFOC NONE NONE,CALW NONE NONE,ASEL NONE NONE

9/16/2022 4:47 PM ResponseInstrument  RX=WPROT SIMULATED BUSY 23 NONE -1, WPSEL SIMULATED READY 50 CLEAR 1, ASEL SIMULATED READY 0 CLEAR 1, CALW SIMULATED READY 0 CLEAR 1, GFOC SIMULATED READY 0 HOME 0, GMIR SIMULATED READY 0 HOME 0

