11/6/2022 9:00 PM CommandAcquisChA  TX=WRITE_SETUP {"ACQUISITION_MODE":3,"TRIGGER_MODE":0,"READ_MODE":4,"PREAMP":0,"READOUT_RATE":0,"VERTICAL_SHIFT_SPEED":3,"EM_MODE":1,"EM_GAIN":2,"SHUTTER_MODE":2,"SHUTTER_TTL":0,"SHUTTER_OPENING_TIME":1,"SHUTTER_CLOSING_TIME":1,"VBIN":1,"HBIN":1,"INITIAL_LINE":1,"INITIAL_COLUMN":1,"FINAL_LINE":1024,"FINAL_COLUMN":1024,"FRAME_TRANSFER":true,"VERTICAL_CLOCK_VOLTAGE":0,"AD_CHANNEL":0}
11/6/2022 9:00 PM CommandAcquisChB  TX=WRITE_SETUP {"ACQUISITION_MODE":3,"TRIGGER_MODE":0,"READ_MODE":4,"PREAMP":0,"READOUT_RATE":0,"VERTICAL_SHIFT_SPEED":3,"EM_MODE":1,"EM_GAIN":2,"SHUTTER_MODE":2,"SHUTTER_TTL":0,"SHUTTER_OPENING_TIME":1,"SHUTTER_CLOSING_TIME":1,"VBIN":1,"HBIN":1,"INITIAL_LINE":1,"INITIAL_COLUMN":1,"FINAL_LINE":1024,"FINAL_COLUMN":1024,"FRAME_TRANSFER":true,"VERTICAL_CLOCK_VOLTAGE":0,"AD_CHANNEL":0}
11/6/2022 9:00 PM CommandAcquisChC  TX=WRITE_SETUP {"ACQUISITION_MODE":3,"TRIGGER_MODE":0,"READ_MODE":4,"PREAMP":0,"READOUT_RATE":0,"VERTICAL_SHIFT_SPEED":3,"EM_MODE":1,"EM_GAIN":2,"SHUTTER_MODE":2,"SHUTTER_TTL":0,"SHUTTER_OPENING_TIME":1,"SHUTTER_CLOSING_TIME":1,"VBIN":1,"HBIN":1,"INITIAL_LINE":1,"INITIAL_COLUMN":1,"FINAL_LINE":1024,"FINAL_COLUMN":1024,"FRAME_TRANSFER":true,"VERTICAL_CLOCK_VOLTAGE":0,"AD_CHANNEL":0}
11/6/2022 9:00 PM CommandAcquisChD  TX=WRITE_SETUP {"ACQUISITION_MODE":3,"TRIGGER_MODE":0,"READ_MODE":4,"PREAMP":0,"READOUT_RATE":0,"VERTICAL_SHIFT_SPEED":3,"EM_MODE":1,"EM_GAIN":2,"SHUTTER_MODE":2,"SHUTTER_TTL":0,"SHUTTER_OPENING_TIME":1,"SHUTTER_CLOSING_TIME":1,"VBIN":1,"HBIN":1,"INITIAL_LINE":1,"INITIAL_COLUMN":1,"FINAL_LINE":1024,"FINAL_COLUMN":1024,"FRAME_TRANSFER":true,"VERTICAL_CLOCK_VOLTAGE":0,"AD_CHANNEL":0}
11/6/2022 9:00 PM CommandSyncBox  TX=ADELAY 0m

11/6/2022 9:00 PM CommandAcquisChA  TX=READ_SETUP 
11/6/2022 9:00 PM CommandAcquisChB  TX=READ_SETUP 
11/6/2022 9:00 PM CommandAcquisChC  TX=READ_SETUP 
11/6/2022 9:00 PM CommandAcquisChD  TX=READ_SETUP 
11/6/2022 9:00 PM ResponseAcquisChA  RX={"PREAMP":0,"READOUT_RATE":0,"EM_GAIN":2,"VERTICAL_SHIFT_SPEED":3,"READ_MODE":4,"FRAME_TRANSFER":true,"VERTICAL_CLOCK_VOLTAGE":0,"ACQUISITION_MODE":3,"AD_CHANNEL":0,"EM_MODE":1,"SHUTTER_TTL":0,"SHUTTER_OPENING_TIME":1,"SHUTTER_CLOSING_TIME":1,"SHUTTER_MODE":2,"TRIGGER_MODE":0,"VBIN":1,"INITIAL_LINE":1,"INITIAL_COLUMN":1,"FINAL_LINE":1024,"FINAL_COLUMN":1024,"HBIN":1}
11/6/2022 9:00 PM ResponseAcquisChB  RX={"PREAMP":0,"READOUT_RATE":0,"EM_GAIN":2,"VERTICAL_SHIFT_SPEED":3,"READ_MODE":4,"FRAME_TRANSFER":true,"VERTICAL_CLOCK_VOLTAGE":0,"ACQUISITION_MODE":3,"AD_CHANNEL":0,"EM_MODE":1,"SHUTTER_TTL":0,"SHUTTER_OPENING_TIME":1,"SHUTTER_CLOSING_TIME":1,"SHUTTER_MODE":2,"TRIGGER_MODE":0,"VBIN":1,"INITIAL_LINE":1,"INITIAL_COLUMN":1,"FINAL_LINE":1024,"FINAL_COLUMN":1024,"HBIN":1}
11/6/2022 9:00 PM ResponseAcquisChC  RX={"PREAMP":0,"READOUT_RATE":0,"EM_GAIN":2,"VERTICAL_SHIFT_SPEED":3,"READ_MODE":4,"FRAME_TRANSFER":true,"VERTICAL_CLOCK_VOLTAGE":0,"ACQUISITION_MODE":3,"AD_CHANNEL":0,"EM_MODE":1,"SHUTTER_TTL":0,"SHUTTER_OPENING_TIME":1,"SHUTTER_CLOSING_TIME":1,"SHUTTER_MODE":2,"TRIGGER_MODE":0,"VBIN":1,"INITIAL_LINE":1,"INITIAL_COLUMN":1,"FINAL_LINE":1024,"FINAL_COLUMN":1024,"HBIN":1}
11/6/2022 9:00 PM CommandAcquisChA  TX=SET TEMP -70
11/6/2022 9:00 PM CommandAcquisChA  TX=SET COOLER_POWER_STATUS 1
11/6/2022 9:00 PM CommandAcquisChB  TX=SET TEMP -70
11/6/2022 9:00 PM CommandAcquisChC  TX=SET TEMP -70
11/6/2022 9:00 PM CommandAcquisChB  TX=SET COOLER_POWER_STATUS 1
11/6/2022 9:00 PM CommandAcquisChC  TX=SET COOLER_POWER_STATUS 1
11/6/2022 9:00 PM ResponseAcquisChA  RX=DONE
11/6/2022 9:00 PM ResponseAcquisChC  RX=DONE
11/6/2022 9:00 PM ResponseAcquisChA  RX=DONE
11/6/2022 9:00 PM ResponseAcquisChB  RX=DONE
11/6/2022 9:00 PM ResponseAcquisChB  RX=DONE
11/6/2022 9:00 PM CommandAcquisChD  TX=SET TEMP -70
11/6/2022 9:00 PM CommandAcquisChD  TX=SET COOLER_POWER_STATUS 1
11/6/2022 9:02 PM CommandInstrument  TX=S4ICS WPROT NONE NONE,WPSEL INIT NONE,GMIR INIT NONE,GFOC NONE NONE,CALW INIT NONE,ASEL NONE NONE

11/6/2022 9:02 PM ResponseInstrument  RX=WPROT SIMULATED NONE 0 NONE -1, WPSEL SIMULATED BUSY 0 NONE -1, ASEL SIMULATED NONE 0 NONE -1, CALW SIMULATED BUSY 0 NONE -1, GFOC SIMULATED NONE 0 NONE -1, GMIR SIMULATED BUSY 0 NONE -1

11/6/2022 9:03 PM CommandInstrument  TX=S4ICS WPROT NONE NONE,WPSEL GOTO L/2,GMIR NONE NONE,GFOC NONE NONE,CALW NONE NONE,ASEL NONE NONE

11/6/2022 9:03 PM ResponseInstrument  RX=WPROT SIMULATED NONE 0 NONE -1, WPSEL SIMULATED BUSY 50 HOME 0, ASEL SIMULATED NONE 0 NONE -1, CALW SIMULATED READY 0 HOME 0, GFOC SIMULATED NONE 0 NONE -1, GMIR SIMULATED READY 0 HOME 0

11/6/2022 9:03 PM CommandInstrument  TX=S4ICS WPROT INIT NONE,WPSEL NONE NONE,GMIR NONE NONE,GFOC INIT NONE,CALW NONE NONE,ASEL INIT NONE

11/6/2022 9:03 PM ResponseInstrument  RX=WPROT SIMULATED BUSY 0 NONE -1, WPSEL SIMULATED READY 0 L/2 2, ASEL SIMULATED BUSY 0 NONE -1, CALW SIMULATED READY 0 HOME 0, GFOC SIMULATED BUSY 0 NONE -1, GMIR SIMULATED READY 0 HOME 0

11/6/2022 9:03 PM CommandInstrument  TX=S4ICS WPROT NONE NONE,WPSEL GOTO CLEAR,GMIR NONE NONE,GFOC NONE NONE,CALW GOTO CLEAR,ASEL GOTO CLEAR

11/6/2022 9:03 PM ResponseInstrument  RX=WPROT SIMULATED READY 0 HOME 0, WPSEL SIMULATED BUSY 0 L/2 2, ASEL SIMULATED BUSY 0 HOME 0, CALW SIMULATED BUSY 0 HOME 0, GFOC SIMULATED READY 0 HOME 0, GMIR SIMULATED READY 0 HOME 0

11/6/2022 9:04 PM CommandAcquisChA  TX=WRITE_SETUP {"ACQUISITION_MODE":3,"TRIGGER_MODE":0,"READ_MODE":4,"PREAMP":0,"READOUT_RATE":0,"VERTICAL_SHIFT_SPEED":3,"EM_MODE":1,"EM_GAIN":2,"SHUTTER_MODE":2,"SHUTTER_TTL":0,"SHUTTER_OPENING_TIME":1,"SHUTTER_CLOSING_TIME":1,"VBIN":1,"HBIN":1,"INITIAL_LINE":1,"INITIAL_COLUMN":1,"FINAL_LINE":1024,"FINAL_COLUMN":1024,"FRAME_TRANSFER":true,"VERTICAL_CLOCK_VOLTAGE":0,"AD_CHANNEL":0}
11/6/2022 9:04 PM CommandAcquisChB  TX=WRITE_SETUP {"ACQUISITION_MODE":3,"TRIGGER_MODE":0,"READ_MODE":4,"PREAMP":0,"READOUT_RATE":0,"VERTICAL_SHIFT_SPEED":3,"EM_MODE":1,"EM_GAIN":2,"SHUTTER_MODE":2,"SHUTTER_TTL":0,"SHUTTER_OPENING_TIME":1,"SHUTTER_CLOSING_TIME":1,"VBIN":1,"HBIN":1,"INITIAL_LINE":1,"INITIAL_COLUMN":1,"FINAL_LINE":1024,"FINAL_COLUMN":1024,"FRAME_TRANSFER":true,"VERTICAL_CLOCK_VOLTAGE":0,"AD_CHANNEL":0}
11/6/2022 9:04 PM CommandAcquisChC  TX=WRITE_SETUP {"ACQUISITION_MODE":3,"TRIGGER_MODE":0,"READ_MODE":4,"PREAMP":0,"READOUT_RATE":0,"VERTICAL_SHIFT_SPEED":3,"EM_MODE":1,"EM_GAIN":2,"SHUTTER_MODE":2,"SHUTTER_TTL":0,"SHUTTER_OPENING_TIME":1,"SHUTTER_CLOSING_TIME":1,"VBIN":1,"HBIN":1,"INITIAL_LINE":1,"INITIAL_COLUMN":1,"FINAL_LINE":1024,"FINAL_COLUMN":1024,"FRAME_TRANSFER":true,"VERTICAL_CLOCK_VOLTAGE":0,"AD_CHANNEL":0}
11/6/2022 9:04 PM CommandAcquisChD  TX=WRITE_SETUP {"ACQUISITION_MODE":3,"TRIGGER_MODE":0,"READ_MODE":4,"PREAMP":0,"READOUT_RATE":0,"VERTICAL_SHIFT_SPEED":3,"EM_MODE":1,"EM_GAIN":2,"SHUTTER_MODE":2,"SHUTTER_TTL":0,"SHUTTER_OPENING_TIME":1,"SHUTTER_CLOSING_TIME":1,"VBIN":1,"HBIN":1,"INITIAL_LINE":1,"INITIAL_COLUMN":1,"FINAL_LINE":1024,"FINAL_COLUMN":1024,"FRAME_TRANSFER":true,"VERTICAL_CLOCK_VOLTAGE":0,"AD_CHANNEL":0}
11/6/2022 9:04 PM CommandAcquisChA  TX=READ_SETUP 
11/6/2022 9:04 PM CommandAcquisChB  TX=READ_SETUP 
11/6/2022 9:04 PM CommandAcquisChC  TX=READ_SETUP 
11/6/2022 9:04 PM CommandAcquisChD  TX=READ_SETUP 
11/6/2022 9:04 PM ResponseAcquisChB  RX={"PREAMP":0,"READOUT_RATE":0,"EM_GAIN":2,"VERTICAL_SHIFT_SPEED":3,"READ_MODE":4,"FRAME_TRANSFER":true,"VERTICAL_CLOCK_VOLTAGE":0,"ACQUISITION_MODE":3,"AD_CHANNEL":0,"EM_MODE":1,"SHUTTER_TTL":0,"SHUTTER_OPENING_TIME":1,"SHUTTER_CLOSING_TIME":1,"SHUTTER_MODE":2,"TRIGGER_MODE":0,"VBIN":1,"INITIAL_LINE":1,"INITIAL_COLUMN":1,"FINAL_LINE":1024,"FINAL_COLUMN":1024,"HBIN":1}
11/6/2022 9:04 PM ResponseAcquisChC  RX={"PREAMP":0,"READOUT_RATE":0,"EM_GAIN":2,"VERTICAL_SHIFT_SPEED":3,"READ_MODE":4,"FRAME_TRANSFER":true,"VERTICAL_CLOCK_VOLTAGE":0,"ACQUISITION_MODE":3,"AD_CHANNEL":0,"EM_MODE":1,"SHUTTER_TTL":0,"SHUTTER_OPENING_TIME":1,"SHUTTER_CLOSING_TIME":1,"SHUTTER_MODE":2,"TRIGGER_MODE":0,"VBIN":1,"INITIAL_LINE":1,"INITIAL_COLUMN":1,"FINAL_LINE":1024,"FINAL_COLUMN":1024,"HBIN":1}
11/6/2022 9:04 PM CommandAcquisChD  TX=SET COOLER_POWER_STATUS 0
11/6/2022 9:04 PM ResponseAcquisChA  RX={"PREAMP":0,"READOUT_RATE":0,"EM_GAIN":2,"VERTICAL_SHIFT_SPEED":3,"READ_MODE":4,"FRAME_TRANSFER":true,"VERTICAL_CLOCK_VOLTAGE":0,"ACQUISITION_MODE":3,"AD_CHANNEL":0,"EM_MODE":1,"SHUTTER_TTL":0,"SHUTTER_OPENING_TIME":1,"SHUTTER_CLOSING_TIME":1,"SHUTTER_MODE":2,"TRIGGER_MODE":0,"VBIN":1,"INITIAL_LINE":1,"INITIAL_COLUMN":1,"FINAL_LINE":1024,"FINAL_COLUMN":1024,"HBIN":1}
11/6/2022 9:04 PM CommandAcquisChA  TX=SET TEMP -70
11/6/2022 9:04 PM CommandAcquisChB  TX=SET TEMP -70
11/6/2022 9:04 PM CommandAcquisChC  TX=SET TEMP -70
11/6/2022 9:04 PM ResponseAcquisChD  RX={"PREAMP":0,"READOUT_RATE":0,"EM_GAIN":2,"VERTICAL_SHIFT_SPEED":3,"READ_MODE":4,"FRAME_TRANSFER":true,"VERTICAL_CLOCK_VOLTAGE":0,"ACQUISITION_MODE":3,"AD_CHANNEL":0,"EM_MODE":1,"SHUTTER_TTL":0,"SHUTTER_OPENING_TIME":1,"SHUTTER_CLOSING_TIME":1,"SHUTTER_MODE":2,"TRIGGER_MODE":0,"VBIN":1,"INITIAL_LINE":1,"INITIAL_COLUMN":1,"FINAL_LINE":1024,"FINAL_COLUMN":1024,"HBIN":1}
11/6/2022 9:04 PM CommandAcquisChA  TX=SET COOLER_POWER_STATUS 1
11/6/2022 9:04 PM ResponseAcquisChB  RX=DONE
11/6/2022 9:04 PM CommandAcquisChB  TX=SET COOLER_POWER_STATUS 1
11/6/2022 9:04 PM ResponseAcquisChC  RX=DONE
11/6/2022 9:04 PM CommandAcquisChC  TX=SET COOLER_POWER_STATUS 1
11/6/2022 9:04 PM ResponseAcquisChD  RX=DONE
11/6/2022 9:04 PM ResponseAcquisChA  RX=DONE
11/6/2022 9:04 PM ResponseAcquisChB  RX=DONE
11/6/2022 9:04 PM ResponseAcquisChC  RX=DONE
11/6/2022 9:04 PM ResponseAcquisChA  RX=DONE
11/6/2022 9:04 PM CommandAcquisChA  TX=WRITE_SETUP {"ACQUISITION_MODE":3,"TRIGGER_MODE":0,"READ_MODE":4,"PREAMP":0,"READOUT_RATE":0,"VERTICAL_SHIFT_SPEED":3,"EM_MODE":1,"EM_GAIN":2,"SHUTTER_MODE":1,"SHUTTER_TTL":0,"SHUTTER_OPENING_TIME":1,"SHUTTER_CLOSING_TIME":1,"VBIN":1,"HBIN":1,"INITIAL_LINE":1,"INITIAL_COLUMN":1,"FINAL_LINE":1024,"FINAL_COLUMN":1024,"FRAME_TRANSFER":true,"VERTICAL_CLOCK_VOLTAGE":0,"AD_CHANNEL":0}
11/6/2022 9:04 PM CommandAcquisChB  TX=WRITE_SETUP {"ACQUISITION_MODE":3,"TRIGGER_MODE":0,"READ_MODE":4,"PREAMP":0,"READOUT_RATE":0,"VERTICAL_SHIFT_SPEED":3,"EM_MODE":1,"EM_GAIN":2,"SHUTTER_MODE":1,"SHUTTER_TTL":0,"SHUTTER_OPENING_TIME":1,"SHUTTER_CLOSING_TIME":1,"VBIN":1,"HBIN":1,"INITIAL_LINE":1,"INITIAL_COLUMN":1,"FINAL_LINE":1024,"FINAL_COLUMN":1024,"FRAME_TRANSFER":true,"VERTICAL_CLOCK_VOLTAGE":0,"AD_CHANNEL":0}
11/6/2022 9:04 PM CommandAcquisChC  TX=WRITE_SETUP {"ACQUISITION_MODE":3,"TRIGGER_MODE":0,"READ_MODE":4,"PREAMP":0,"READOUT_RATE":0,"VERTICAL_SHIFT_SPEED":3,"EM_MODE":1,"EM_GAIN":2,"SHUTTER_MODE":1,"SHUTTER_TTL":0,"SHUTTER_OPENING_TIME":1,"SHUTTER_CLOSING_TIME":1,"VBIN":1,"HBIN":1,"INITIAL_LINE":1,"INITIAL_COLUMN":1,"FINAL_LINE":1024,"FINAL_COLUMN":1024,"FRAME_TRANSFER":true,"VERTICAL_CLOCK_VOLTAGE":0,"AD_CHANNEL":0}
11/6/2022 9:04 PM CommandAcquisChD  TX=WRITE_SETUP {"ACQUISITION_MODE":3,"TRIGGER_MODE":0,"READ_MODE":4,"PREAMP":0,"READOUT_RATE":0,"VERTICAL_SHIFT_SPEED":3,"EM_MODE":1,"EM_GAIN":2,"SHUTTER_MODE":1,"SHUTTER_TTL":0,"SHUTTER_OPENING_TIME":1,"SHUTTER_CLOSING_TIME":1,"VBIN":1,"HBIN":1,"INITIAL_LINE":1,"INITIAL_COLUMN":1,"FINAL_LINE":1024,"FINAL_COLUMN":1024,"FRAME_TRANSFER":true,"VERTICAL_CLOCK_VOLTAGE":0,"AD_CHANNEL":0}
11/6/2022 9:04 PM CommandAcquisChA  TX=READ_SETUP 
11/6/2022 9:04 PM CommandAcquisChB  TX=READ_SETUP 
11/6/2022 9:04 PM CommandAcquisChC  TX=READ_SETUP 
11/6/2022 9:04 PM CommandAcquisChD  TX=READ_SETUP 
11/6/2022 9:04 PM ResponseAcquisChA  RX={"PREAMP":0,"READOUT_RATE":0,"EM_GAIN":2,"VERTICAL_SHIFT_SPEED":3,"READ_MODE":4,"FRAME_TRANSFER":true,"VERTICAL_CLOCK_VOLTAGE":0,"ACQUISITION_MODE":3,"AD_CHANNEL":0,"EM_MODE":1,"SHUTTER_TTL":0,"SHUTTER_OPENING_TIME":1,"SHUTTER_CLOSING_TIME":1,"SHUTTER_MODE":1,"TRIGGER_MODE":0,"VBIN":1,"INITIAL_LINE":1,"INITIAL_COLUMN":1,"FINAL_LINE":1024,"FINAL_COLUMN":1024,"HBIN":1}
11/6/2022 9:04 PM ResponseAcquisChC  RX={"PREAMP":0,"READOUT_RATE":0,"EM_GAIN":2,"VERTICAL_SHIFT_SPEED":3,"READ_MODE":4,"FRAME_TRANSFER":true,"VERTICAL_CLOCK_VOLTAGE":0,"ACQUISITION_MODE":3,"AD_CHANNEL":0,"EM_MODE":1,"SHUTTER_TTL":0,"SHUTTER_OPENING_TIME":1,"SHUTTER_CLOSING_TIME":1,"SHUTTER_MODE":1,"TRIGGER_MODE":0,"VBIN":1,"INITIAL_LINE":1,"INITIAL_COLUMN":1,"FINAL_LINE":1024,"FINAL_COLUMN":1024,"HBIN":1}
11/6/2022 9:04 PM CommandAcquisChD  TX=SET COOLER_POWER_STATUS 0
11/6/2022 9:04 PM CommandAcquisChA  TX=SET TEMP -70
11/6/2022 9:04 PM ResponseAcquisChB  RX={"PREAMP":0,"READOUT_RATE":0,"EM_GAIN":2,"VERTICAL_SHIFT_SPEED":3,"READ_MODE":4,"FRAME_TRANSFER":true,"VERTICAL_CLOCK_VOLTAGE":0,"ACQUISITION_MODE":3,"AD_CHANNEL":0,"EM_MODE":1,"SHUTTER_TTL":0,"SHUTTER_OPENING_TIME":1,"SHUTTER_CLOSING_TIME":1,"SHUTTER_MODE":1,"TRIGGER_MODE":0,"VBIN":1,"INITIAL_LINE":1,"INITIAL_COLUMN":1,"FINAL_LINE":1024,"FINAL_COLUMN":1024,"HBIN":1}
11/6/2022 9:04 PM CommandAcquisChB  TX=SET TEMP -70
11/6/2022 9:04 PM CommandAcquisChC  TX=SET TEMP -70
11/6/2022 9:04 PM ResponseAcquisChD  RX={"PREAMP":0,"READOUT_RATE":0,"EM_GAIN":2,"VERTICAL_SHIFT_SPEED":3,"READ_MODE":4,"FRAME_TRANSFER":true,"VERTICAL_CLOCK_VOLTAGE":0,"ACQUISITION_MODE":3,"AD_CHANNEL":0,"EM_MODE":1,"SHUTTER_TTL":0,"SHUTTER_OPENING_TIME":1,"SHUTTER_CLOSING_TIME":1,"SHUTTER_MODE":1,"TRIGGER_MODE":0,"VBIN":1,"INITIAL_LINE":1,"INITIAL_COLUMN":1,"FINAL_LINE":1024,"FINAL_COLUMN":1024,"HBIN":1}
11/6/2022 9:04 PM CommandAcquisChA  TX=SET COOLER_POWER_STATUS 1
11/6/2022 9:04 PM CommandAcquisChB  TX=SET COOLER_POWER_STATUS 1
11/6/2022 9:04 PM CommandAcquisChC  TX=SET COOLER_POWER_STATUS 1
11/6/2022 9:04 PM ResponseAcquisChD  RX=DONE
11/6/2022 9:04 PM ResponseAcquisChA  RX=DONE
11/6/2022 9:04 PM ResponseAcquisChB  RX=DONE
11/6/2022 9:04 PM ResponseAcquisChC  RX=DONE
11/6/2022 9:04 PM ResponseAcquisChA  RX=DONE
11/6/2022 9:04 PM ResponseAcquisChC  RX=DONE
11/6/2022 9:04 PM CommandAcquisChA  TX=WRITE_SETUP {"ACQUISITION_MODE":3,"TRIGGER_MODE":0,"READ_MODE":4,"PREAMP":0,"READOUT_RATE":0,"VERTICAL_SHIFT_SPEED":3,"EM_MODE":1,"EM_GAIN":2,"SHUTTER_MODE":2,"SHUTTER_TTL":0,"SHUTTER_OPENING_TIME":1,"SHUTTER_CLOSING_TIME":1,"VBIN":1,"HBIN":1,"INITIAL_LINE":1,"INITIAL_COLUMN":1,"FINAL_LINE":1024,"FINAL_COLUMN":1024,"FRAME_TRANSFER":true,"VERTICAL_CLOCK_VOLTAGE":0,"AD_CHANNEL":0}
11/6/2022 9:04 PM CommandAcquisChB  TX=WRITE_SETUP {"ACQUISITION_MODE":3,"TRIGGER_MODE":0,"READ_MODE":4,"PREAMP":0,"READOUT_RATE":0,"VERTICAL_SHIFT_SPEED":3,"EM_MODE":1,"EM_GAIN":2,"SHUTTER_MODE":2,"SHUTTER_TTL":0,"SHUTTER_OPENING_TIME":1,"SHUTTER_CLOSING_TIME":1,"VBIN":1,"HBIN":1,"INITIAL_LINE":1,"INITIAL_COLUMN":1,"FINAL_LINE":1024,"FINAL_COLUMN":1024,"FRAME_TRANSFER":true,"VERTICAL_CLOCK_VOLTAGE":0,"AD_CHANNEL":0}
11/6/2022 9:04 PM CommandAcquisChC  TX=WRITE_SETUP {"ACQUISITION_MODE":3,"TRIGGER_MODE":0,"READ_MODE":4,"PREAMP":0,"READOUT_RATE":0,"VERTICAL_SHIFT_SPEED":3,"EM_MODE":1,"EM_GAIN":2,"SHUTTER_MODE":2,"SHUTTER_TTL":0,"SHUTTER_OPENING_TIME":1,"SHUTTER_CLOSING_TIME":1,"VBIN":1,"HBIN":1,"INITIAL_LINE":1,"INITIAL_COLUMN":1,"FINAL_LINE":1024,"FINAL_COLUMN":1024,"FRAME_TRANSFER":true,"VERTICAL_CLOCK_VOLTAGE":0,"AD_CHANNEL":0}
11/6/2022 9:04 PM CommandAcquisChD  TX=WRITE_SETUP {"ACQUISITION_MODE":3,"TRIGGER_MODE":0,"READ_MODE":4,"PREAMP":0,"READOUT_RATE":0,"VERTICAL_SHIFT_SPEED":3,"EM_MODE":1,"EM_GAIN":2,"SHUTTER_MODE":2,"SHUTTER_TTL":0,"SHUTTER_OPENING_TIME":1,"SHUTTER_CLOSING_TIME":1,"VBIN":1,"HBIN":1,"INITIAL_LINE":1,"INITIAL_COLUMN":1,"FINAL_LINE":1024,"FINAL_COLUMN":1024,"FRAME_TRANSFER":true,"VERTICAL_CLOCK_VOLTAGE":0,"AD_CHANNEL":0}
11/6/2022 9:04 PM CommandAcquisChA  TX=READ_SETUP 
11/6/2022 9:04 PM CommandAcquisChB  TX=READ_SETUP 
11/6/2022 9:04 PM CommandAcquisChC  TX=READ_SETUP 
11/6/2022 9:04 PM CommandAcquisChD  TX=READ_SETUP 
11/6/2022 9:04 PM ResponseAcquisChA  RX={"PREAMP":0,"READOUT_RATE":0,"EM_GAIN":2,"VERTICAL_SHIFT_SPEED":3,"READ_MODE":4,"FRAME_TRANSFER":true,"VERTICAL_CLOCK_VOLTAGE":0,"ACQUISITION_MODE":3,"AD_CHANNEL":0,"EM_MODE":1,"SHUTTER_TTL":0,"SHUTTER_OPENING_TIME":1,"SHUTTER_CLOSING_TIME":1,"SHUTTER_MODE":2,"TRIGGER_MODE":0,"VBIN":1,"INITIAL_LINE":1,"INITIAL_COLUMN":1,"FINAL_LINE":1024,"FINAL_COLUMN":1024,"HBIN":1}
11/6/2022 9:04 PM ResponseAcquisChC  RX={"PREAMP":0,"READOUT_RATE":0,"EM_GAIN":2,"VERTICAL_SHIFT_SPEED":3,"READ_MODE":4,"FRAME_TRANSFER":true,"VERTICAL_CLOCK_VOLTAGE":0,"ACQUISITION_MODE":3,"AD_CHANNEL":0,"EM_MODE":1,"SHUTTER_TTL":0,"SHUTTER_OPENING_TIME":1,"SHUTTER_CLOSING_TIME":1,"SHUTTER_MODE":2,"TRIGGER_MODE":0,"VBIN":1,"INITIAL_LINE":1,"INITIAL_COLUMN":1,"FINAL_LINE":1024,"FINAL_COLUMN":1024,"HBIN":1}
11/6/2022 9:04 PM ResponseAcquisChD  RX={"PREAMP":0,"READOUT_RATE":0,"EM_GAIN":2,"VERTICAL_SHIFT_SPEED":3,"READ_MODE":4,"FRAME_TRANSFER":true,"VERTICAL_CLOCK_VOLTAGE":0,"ACQUISITION_MODE":3,"AD_CHANNEL":0,"EM_MODE":1,"SHUTTER_TTL":0,"SHUTTER_OPENING_TIME":1,"SHUTTER_CLOSING_TIME":1,"SHUTTER_MODE":2,"TRIGGER_MODE":0,"VBIN":1,"INITIAL_LINE":1,"INITIAL_COLUMN":1,"FINAL_LINE":1024,"FINAL_COLUMN":1024,"HBIN":1}
11/6/2022 9:04 PM CommandAcquisChD  TX=SET COOLER_POWER_STATUS 0
11/6/2022 9:04 PM CommandAcquisChA  TX=SET TEMP -70
11/6/2022 9:04 PM ResponseAcquisChB  RX={"PREAMP":0,"READOUT_RATE":0,"EM_GAIN":2,"VERTICAL_SHIFT_SPEED":3,"READ_MODE":4,"FRAME_TRANSFER":true,"VERTICAL_CLOCK_VOLTAGE":0,"ACQUISITION_MODE":3,"AD_CHANNEL":0,"EM_MODE":1,"SHUTTER_TTL":0,"SHUTTER_OPENING_TIME":1,"SHUTTER_CLOSING_TIME":1,"SHUTTER_MODE":2,"TRIGGER_MODE":0,"VBIN":1,"INITIAL_LINE":1,"INITIAL_COLUMN":1,"FINAL_LINE":1024,"FINAL_COLUMN":1024,"HBIN":1}
11/6/2022 9:04 PM CommandAcquisChB  TX=SET TEMP -70
11/6/2022 9:04 PM CommandAcquisChC  TX=SET TEMP -70
11/6/2022 9:04 PM CommandAcquisChA  TX=SET COOLER_POWER_STATUS 1
11/6/2022 9:04 PM CommandAcquisChB  TX=SET COOLER_POWER_STATUS 1
11/6/2022 9:04 PM CommandAcquisChC  TX=SET COOLER_POWER_STATUS 1
11/6/2022 9:04 PM ResponseAcquisChA  RX=DONE
11/6/2022 9:04 PM ResponseAcquisChC  RX=DONE
11/6/2022 9:04 PM ResponseAcquisChD  RX=DONE
11/6/2022 9:04 PM ResponseAcquisChA  RX=DONE
11/6/2022 9:04 PM ResponseAcquisChB  RX=DONE
11/6/2022 9:04 PM ResponseAcquisChB  RX=DONE
11/6/2022 9:04 PM CommandAcquisChA  TX=WRITE_SETUP {"ACQUISITION_MODE":3,"TRIGGER_MODE":0,"READ_MODE":4,"PREAMP":0,"READOUT_RATE":0,"VERTICAL_SHIFT_SPEED":3,"EM_MODE":1,"EM_GAIN":2,"SHUTTER_MODE":1,"SHUTTER_TTL":0,"SHUTTER_OPENING_TIME":1,"SHUTTER_CLOSING_TIME":1,"VBIN":1,"HBIN":1,"INITIAL_LINE":1,"INITIAL_COLUMN":1,"FINAL_LINE":1024,"FINAL_COLUMN":1024,"FRAME_TRANSFER":true,"VERTICAL_CLOCK_VOLTAGE":0,"AD_CHANNEL":0}
11/6/2022 9:04 PM CommandAcquisChB  TX=WRITE_SETUP {"ACQUISITION_MODE":3,"TRIGGER_MODE":0,"READ_MODE":4,"PREAMP":0,"READOUT_RATE":0,"VERTICAL_SHIFT_SPEED":3,"EM_MODE":1,"EM_GAIN":2,"SHUTTER_MODE":1,"SHUTTER_TTL":0,"SHUTTER_OPENING_TIME":1,"SHUTTER_CLOSING_TIME":1,"VBIN":1,"HBIN":1,"INITIAL_LINE":1,"INITIAL_COLUMN":1,"FINAL_LINE":1024,"FINAL_COLUMN":1024,"FRAME_TRANSFER":true,"VERTICAL_CLOCK_VOLTAGE":0,"AD_CHANNEL":0}
11/6/2022 9:04 PM CommandAcquisChC  TX=WRITE_SETUP {"ACQUISITION_MODE":3,"TRIGGER_MODE":0,"READ_MODE":4,"PREAMP":0,"READOUT_RATE":0,"VERTICAL_SHIFT_SPEED":3,"EM_MODE":1,"EM_GAIN":2,"SHUTTER_MODE":1,"SHUTTER_TTL":0,"SHUTTER_OPENING_TIME":1,"SHUTTER_CLOSING_TIME":1,"VBIN":1,"HBIN":1,"INITIAL_LINE":1,"INITIAL_COLUMN":1,"FINAL_LINE":1024,"FINAL_COLUMN":1024,"FRAME_TRANSFER":true,"VERTICAL_CLOCK_VOLTAGE":0,"AD_CHANNEL":0}
11/6/2022 9:04 PM CommandAcquisChD  TX=WRITE_SETUP {"ACQUISITION_MODE":3,"TRIGGER_MODE":0,"READ_MODE":4,"PREAMP":0,"READOUT_RATE":0,"VERTICAL_SHIFT_SPEED":3,"EM_MODE":1,"EM_GAIN":2,"SHUTTER_MODE":1,"SHUTTER_TTL":0,"SHUTTER_OPENING_TIME":1,"SHUTTER_CLOSING_TIME":1,"VBIN":1,"HBIN":1,"INITIAL_LINE":1,"INITIAL_COLUMN":1,"FINAL_LINE":1024,"FINAL_COLUMN":1024,"FRAME_TRANSFER":true,"VERTICAL_CLOCK_VOLTAGE":0,"AD_CHANNEL":0}
11/6/2022 9:04 PM CommandAcquisChA  TX=READ_SETUP 
11/6/2022 9:04 PM CommandAcquisChB  TX=READ_SETUP 
11/6/2022 9:04 PM CommandAcquisChC  TX=READ_SETUP 
11/6/2022 9:04 PM CommandAcquisChD  TX=READ_SETUP 
11/6/2022 9:04 PM ResponseAcquisChA  RX={"PREAMP":0,"READOUT_RATE":0,"EM_GAIN":2,"VERTICAL_SHIFT_SPEED":3,"READ_MODE":4,"FRAME_TRANSFER":true,"VERTICAL_CLOCK_VOLTAGE":0,"ACQUISITION_MODE":3,"AD_CHANNEL":0,"EM_MODE":1,"SHUTTER_TTL":0,"SHUTTER_OPENING_TIME":1,"SHUTTER_CLOSING_TIME":1,"SHUTTER_MODE":1,"TRIGGER_MODE":0,"VBIN":1,"INITIAL_LINE":1,"INITIAL_COLUMN":1,"FINAL_LINE":1024,"FINAL_COLUMN":1024,"HBIN":1}
11/6/2022 9:04 PM ResponseAcquisChB  RX={"PREAMP":0,"READOUT_RATE":0,"EM_GAIN":2,"VERTICAL_SHIFT_SPEED":3,"READ_MODE":4,"FRAME_TRANSFER":true,"VERTICAL_CLOCK_VOLTAGE":0,"ACQUISITION_MODE":3,"AD_CHANNEL":0,"EM_MODE":1,"SHUTTER_TTL":0,"SHUTTER_OPENING_TIME":1,"SHUTTER_CLOSING_TIME":1,"SHUTTER_MODE":1,"TRIGGER_MODE":0,"VBIN":1,"INITIAL_LINE":1,"INITIAL_COLUMN":1,"FINAL_LINE":1024,"FINAL_COLUMN":1024,"HBIN":1}
11/6/2022 9:04 PM ResponseAcquisChD  RX={"PREAMP":0,"READOUT_RATE":0,"EM_GAIN":2,"VERTICAL_SHIFT_SPEED":3,"READ_MODE":4,"FRAME_TRANSFER":true,"VERTICAL_CLOCK_VOLTAGE":0,"ACQUISITION_MODE":3,"AD_CHANNEL":0,"EM_MODE":1,"SHUTTER_TTL":0,"SHUTTER_OPENING_TIME":1,"SHUTTER_CLOSING_TIME":1,"SHUTTER_MODE":1,"TRIGGER_MODE":0,"VBIN":1,"INITIAL_LINE":1,"INITIAL_COLUMN":1,"FINAL_LINE":1024,"FINAL_COLUMN":1024,"HBIN":1}
11/6/2022 9:04 PM CommandAcquisChD  TX=SET COOLER_POWER_STATUS 0
11/6/2022 9:04 PM CommandAcquisChA  TX=SET TEMP -70
11/6/2022 9:04 PM CommandAcquisChB  TX=SET TEMP -70
11/6/2022 9:04 PM ResponseAcquisChC  RX={"PREAMP":0,"READOUT_RATE":0,"EM_GAIN":2,"VERTICAL_SHIFT_SPEED":3,"READ_MODE":4,"FRAME_TRANSFER":true,"VERTICAL_CLOCK_VOLTAGE":0,"ACQUISITION_MODE":3,"AD_CHANNEL":0,"EM_MODE":1,"SHUTTER_TTL":0,"SHUTTER_OPENING_TIME":1,"SHUTTER_CLOSING_TIME":1,"SHUTTER_MODE":1,"TRIGGER_MODE":0,"VBIN":1,"INITIAL_LINE":1,"INITIAL_COLUMN":1,"FINAL_LINE":1024,"FINAL_COLUMN":1024,"HBIN":1}
11/6/2022 9:04 PM CommandAcquisChC  TX=SET TEMP -70
11/6/2022 9:04 PM CommandAcquisChA  TX=SET COOLER_POWER_STATUS 1
11/6/2022 9:04 PM CommandAcquisChB  TX=SET COOLER_POWER_STATUS 1
11/6/2022 9:04 PM CommandAcquisChC  TX=SET COOLER_POWER_STATUS 1
11/6/2022 9:04 PM ResponseAcquisChD  RX=DONE
11/6/2022 9:04 PM ResponseAcquisChA  RX=DONE
11/6/2022 9:04 PM ResponseAcquisChB  RX=DONE
11/6/2022 9:04 PM ResponseAcquisChC  RX=DONE
11/6/2022 9:04 PM ResponseAcquisChA  RX=DONE
11/6/2022 9:05 PM CommandAcquisChA  TX=WRITE_SETUP {"ACQUISITION_MODE":3,"TRIGGER_MODE":0,"READ_MODE":4,"PREAMP":0,"READOUT_RATE":0,"VERTICAL_SHIFT_SPEED":3,"EM_MODE":1,"EM_GAIN":2,"SHUTTER_MODE":1,"SHUTTER_TTL":0,"SHUTTER_OPENING_TIME":1,"SHUTTER_CLOSING_TIME":1,"VBIN":1,"HBIN":1,"INITIAL_LINE":1,"INITIAL_COLUMN":1,"FINAL_LINE":1024,"FINAL_COLUMN":1024,"FRAME_TRANSFER":true,"VERTICAL_CLOCK_VOLTAGE":0,"AD_CHANNEL":0}
11/6/2022 9:05 PM CommandAcquisChB  TX=WRITE_SETUP {"ACQUISITION_MODE":3,"TRIGGER_MODE":0,"READ_MODE":4,"PREAMP":0,"READOUT_RATE":0,"VERTICAL_SHIFT_SPEED":3,"EM_MODE":1,"EM_GAIN":2,"SHUTTER_MODE":1,"SHUTTER_TTL":0,"SHUTTER_OPENING_TIME":1,"SHUTTER_CLOSING_TIME":1,"VBIN":1,"HBIN":1,"INITIAL_LINE":1,"INITIAL_COLUMN":1,"FINAL_LINE":1024,"FINAL_COLUMN":1024,"FRAME_TRANSFER":true,"VERTICAL_CLOCK_VOLTAGE":0,"AD_CHANNEL":0}
11/6/2022 9:05 PM CommandAcquisChC  TX=WRITE_SETUP {"ACQUISITION_MODE":3,"TRIGGER_MODE":0,"READ_MODE":4,"PREAMP":0,"READOUT_RATE":0,"VERTICAL_SHIFT_SPEED":3,"EM_MODE":1,"EM_GAIN":2,"SHUTTER_MODE":1,"SHUTTER_TTL":0,"SHUTTER_OPENING_TIME":1,"SHUTTER_CLOSING_TIME":1,"VBIN":1,"HBIN":1,"INITIAL_LINE":1,"INITIAL_COLUMN":1,"FINAL_LINE":1024,"FINAL_COLUMN":1024,"FRAME_TRANSFER":true,"VERTICAL_CLOCK_VOLTAGE":0,"AD_CHANNEL":0}
11/6/2022 9:05 PM CommandAcquisChD  TX=WRITE_SETUP {"ACQUISITION_MODE":3,"TRIGGER_MODE":0,"READ_MODE":4,"PREAMP":0,"READOUT_RATE":0,"VERTICAL_SHIFT_SPEED":3,"EM_MODE":1,"EM_GAIN":2,"SHUTTER_MODE":1,"SHUTTER_TTL":0,"SHUTTER_OPENING_TIME":1,"SHUTTER_CLOSING_TIME":1,"VBIN":1,"HBIN":1,"INITIAL_LINE":1,"INITIAL_COLUMN":1,"FINAL_LINE":1024,"FINAL_COLUMN":1024,"FRAME_TRANSFER":true,"VERTICAL_CLOCK_VOLTAGE":0,"AD_CHANNEL":0}
11/6/2022 9:05 PM CommandAcquisChA  TX=WRITE_SETUP {"ACQUISITION_MODE":3,"TRIGGER_MODE":0,"READ_MODE":4,"PREAMP":0,"READOUT_RATE":0,"VERTICAL_SHIFT_SPEED":3,"EM_MODE":1,"EM_GAIN":2,"SHUTTER_MODE":1,"SHUTTER_TTL":0,"SHUTTER_OPENING_TIME":1,"SHUTTER_CLOSING_TIME":1,"VBIN":1,"HBIN":1,"INITIAL_LINE":1,"INITIAL_COLUMN":1,"FINAL_LINE":1024,"FINAL_COLUMN":1024,"FRAME_TRANSFER":true,"VERTICAL_CLOCK_VOLTAGE":0,"AD_CHANNEL":0}
11/6/2022 9:05 PM CommandAcquisChB  TX=WRITE_SETUP {"ACQUISITION_MODE":3,"TRIGGER_MODE":0,"READ_MODE":4,"PREAMP":0,"READOUT_RATE":0,"VERTICAL_SHIFT_SPEED":3,"EM_MODE":1,"EM_GAIN":2,"SHUTTER_MODE":1,"SHUTTER_TTL":0,"SHUTTER_OPENING_TIME":1,"SHUTTER_CLOSING_TIME":1,"VBIN":1,"HBIN":1,"INITIAL_LINE":1,"INITIAL_COLUMN":1,"FINAL_LINE":1024,"FINAL_COLUMN":1024,"FRAME_TRANSFER":true,"VERTICAL_CLOCK_VOLTAGE":0,"AD_CHANNEL":0}
11/6/2022 9:05 PM CommandAcquisChC  TX=WRITE_SETUP {"ACQUISITION_MODE":3,"TRIGGER_MODE":0,"READ_MODE":4,"PREAMP":0,"READOUT_RATE":0,"VERTICAL_SHIFT_SPEED":3,"EM_MODE":1,"EM_GAIN":2,"SHUTTER_MODE":1,"SHUTTER_TTL":0,"SHUTTER_OPENING_TIME":1,"SHUTTER_CLOSING_TIME":1,"VBIN":1,"HBIN":1,"INITIAL_LINE":1,"INITIAL_COLUMN":1,"FINAL_LINE":1024,"FINAL_COLUMN":1024,"FRAME_TRANSFER":true,"VERTICAL_CLOCK_VOLTAGE":0,"AD_CHANNEL":0}
11/6/2022 9:05 PM CommandAcquisChD  TX=WRITE_SETUP {"ACQUISITION_MODE":3,"TRIGGER_MODE":0,"READ_MODE":4,"PREAMP":0,"READOUT_RATE":0,"VERTICAL_SHIFT_SPEED":3,"EM_MODE":1,"EM_GAIN":2,"SHUTTER_MODE":1,"SHUTTER_TTL":0,"SHUTTER_OPENING_TIME":1,"SHUTTER_CLOSING_TIME":1,"VBIN":1,"HBIN":1,"INITIAL_LINE":1,"INITIAL_COLUMN":1,"FINAL_LINE":1024,"FINAL_COLUMN":1024,"FRAME_TRANSFER":true,"VERTICAL_CLOCK_VOLTAGE":0,"AD_CHANNEL":0}
11/6/2022 9:05 PM CommandAcquisChA  TX=WRITE_SETUP {"ACQUISITION_MODE":3,"TRIGGER_MODE":0,"READ_MODE":4,"PREAMP":0,"READOUT_RATE":0,"VERTICAL_SHIFT_SPEED":3,"EM_MODE":1,"EM_GAIN":2,"SHUTTER_MODE":2,"SHUTTER_TTL":0,"SHUTTER_OPENING_TIME":1,"SHUTTER_CLOSING_TIME":1,"VBIN":1,"HBIN":1,"INITIAL_LINE":1,"INITIAL_COLUMN":1,"FINAL_LINE":1024,"FINAL_COLUMN":1024,"FRAME_TRANSFER":true,"VERTICAL_CLOCK_VOLTAGE":0,"AD_CHANNEL":0}
11/6/2022 9:05 PM CommandAcquisChB  TX=WRITE_SETUP {"ACQUISITION_MODE":3,"TRIGGER_MODE":0,"READ_MODE":4,"PREAMP":0,"READOUT_RATE":0,"VERTICAL_SHIFT_SPEED":3,"EM_MODE":1,"EM_GAIN":2,"SHUTTER_MODE":2,"SHUTTER_TTL":0,"SHUTTER_OPENING_TIME":1,"SHUTTER_CLOSING_TIME":1,"VBIN":1,"HBIN":1,"INITIAL_LINE":1,"INITIAL_COLUMN":1,"FINAL_LINE":1024,"FINAL_COLUMN":1024,"FRAME_TRANSFER":true,"VERTICAL_CLOCK_VOLTAGE":0,"AD_CHANNEL":0}
11/6/2022 9:05 PM CommandAcquisChC  TX=WRITE_SETUP {"ACQUISITION_MODE":3,"TRIGGER_MODE":0,"READ_MODE":4,"PREAMP":0,"READOUT_RATE":0,"VERTICAL_SHIFT_SPEED":3,"EM_MODE":1,"EM_GAIN":2,"SHUTTER_MODE":2,"SHUTTER_TTL":0,"SHUTTER_OPENING_TIME":1,"SHUTTER_CLOSING_TIME":1,"VBIN":1,"HBIN":1,"INITIAL_LINE":1,"INITIAL_COLUMN":1,"FINAL_LINE":1024,"FINAL_COLUMN":1024,"FRAME_TRANSFER":true,"VERTICAL_CLOCK_VOLTAGE":0,"AD_CHANNEL":0}
11/6/2022 9:05 PM CommandAcquisChD  TX=WRITE_SETUP {"ACQUISITION_MODE":3,"TRIGGER_MODE":0,"READ_MODE":4,"PREAMP":0,"READOUT_RATE":0,"VERTICAL_SHIFT_SPEED":3,"EM_MODE":1,"EM_GAIN":2,"SHUTTER_MODE":2,"SHUTTER_TTL":0,"SHUTTER_OPENING_TIME":1,"SHUTTER_CLOSING_TIME":1,"VBIN":1,"HBIN":1,"INITIAL_LINE":1,"INITIAL_COLUMN":1,"FINAL_LINE":1024,"FINAL_COLUMN":1024,"FRAME_TRANSFER":true,"VERTICAL_CLOCK_VOLTAGE":0,"AD_CHANNEL":0}
11/6/2022 9:05 PM CommandAcquisChA  TX=WRITE_SETUP {"ACQUISITION_MODE":3,"TRIGGER_MODE":0,"READ_MODE":4,"PREAMP":0,"READOUT_RATE":0,"VERTICAL_SHIFT_SPEED":3,"EM_MODE":1,"EM_GAIN":2,"SHUTTER_MODE":1,"SHUTTER_TTL":0,"SHUTTER_OPENING_TIME":1,"SHUTTER_CLOSING_TIME":1,"VBIN":1,"HBIN":1,"INITIAL_LINE":1,"INITIAL_COLUMN":1,"FINAL_LINE":1024,"FINAL_COLUMN":1024,"FRAME_TRANSFER":true,"VERTICAL_CLOCK_VOLTAGE":0,"AD_CHANNEL":0}
11/6/2022 9:05 PM CommandAcquisChB  TX=WRITE_SETUP {"ACQUISITION_MODE":3,"TRIGGER_MODE":0,"READ_MODE":4,"PREAMP":0,"READOUT_RATE":0,"VERTICAL_SHIFT_SPEED":3,"EM_MODE":1,"EM_GAIN":2,"SHUTTER_MODE":1,"SHUTTER_TTL":0,"SHUTTER_OPENING_TIME":1,"SHUTTER_CLOSING_TIME":1,"VBIN":1,"HBIN":1,"INITIAL_LINE":1,"INITIAL_COLUMN":1,"FINAL_LINE":1024,"FINAL_COLUMN":1024,"FRAME_TRANSFER":true,"VERTICAL_CLOCK_VOLTAGE":0,"AD_CHANNEL":0}
11/6/2022 9:05 PM CommandAcquisChC  TX=WRITE_SETUP {"ACQUISITION_MODE":3,"TRIGGER_MODE":0,"READ_MODE":4,"PREAMP":0,"READOUT_RATE":0,"VERTICAL_SHIFT_SPEED":3,"EM_MODE":1,"EM_GAIN":2,"SHUTTER_MODE":1,"SHUTTER_TTL":0,"SHUTTER_OPENING_TIME":1,"SHUTTER_CLOSING_TIME":1,"VBIN":1,"HBIN":1,"INITIAL_LINE":1,"INITIAL_COLUMN":1,"FINAL_LINE":1024,"FINAL_COLUMN":1024,"FRAME_TRANSFER":true,"VERTICAL_CLOCK_VOLTAGE":0,"AD_CHANNEL":0}
11/6/2022 9:05 PM CommandAcquisChD  TX=WRITE_SETUP {"ACQUISITION_MODE":3,"TRIGGER_MODE":0,"READ_MODE":4,"PREAMP":0,"READOUT_RATE":0,"VERTICAL_SHIFT_SPEED":3,"EM_MODE":1,"EM_GAIN":2,"SHUTTER_MODE":1,"SHUTTER_TTL":0,"SHUTTER_OPENING_TIME":1,"SHUTTER_CLOSING_TIME":1,"VBIN":1,"HBIN":1,"INITIAL_LINE":1,"INITIAL_COLUMN":1,"FINAL_LINE":1024,"FINAL_COLUMN":1024,"FRAME_TRANSFER":true,"VERTICAL_CLOCK_VOLTAGE":0,"AD_CHANNEL":0}
11/6/2022 9:05 PM CommandAcquisChA  TX=READ_SETUP 
11/6/2022 9:05 PM CommandAcquisChB  TX=READ_SETUP 
11/6/2022 9:05 PM CommandAcquisChC  TX=READ_SETUP 
11/6/2022 9:05 PM CommandAcquisChD  TX=READ_SETUP 
11/6/2022 9:05 PM ResponseAcquisChA  RX={"PREAMP":0,"READOUT_RATE":0,"EM_GAIN":2,"VERTICAL_SHIFT_SPEED":3,"READ_MODE":4,"FRAME_TRANSFER":true,"VERTICAL_CLOCK_VOLTAGE":0,"ACQUISITION_MODE":3,"AD_CHANNEL":0,"EM_MODE":1,"SHUTTER_TTL":0,"SHUTTER_OPENING_TIME":1,"SHUTTER_CLOSING_TIME":1,"SHUTTER_MODE":1,"TRIGGER_MODE":0,"VBIN":1,"INITIAL_LINE":1,"INITIAL_COLUMN":1,"FINAL_LINE":1024,"FINAL_COLUMN":1024,"HBIN":1}
11/6/2022 9:05 PM ResponseAcquisChD  RX={"PREAMP":0,"READOUT_RATE":0,"EM_GAIN":2,"VERTICAL_SHIFT_SPEED":3,"READ_MODE":4,"FRAME_TRANSFER":true,"VERTICAL_CLOCK_VOLTAGE":0,"ACQUISITION_MODE":3,"AD_CHANNEL":0,"EM_MODE":1,"SHUTTER_TTL":0,"SHUTTER_OPENING_TIME":1,"SHUTTER_CLOSING_TIME":1,"SHUTTER_MODE":1,"TRIGGER_MODE":0,"VBIN":1,"INITIAL_LINE":1,"INITIAL_COLUMN":1,"FINAL_LINE":1024,"FINAL_COLUMN":1024,"HBIN":1}
11/6/2022 9:05 PM ResponseAcquisChB  RX={"PREAMP":0,"READOUT_RATE":0,"EM_GAIN":2,"VERTICAL_SHIFT_SPEED":3,"READ_MODE":4,"FRAME_TRANSFER":true,"VERTICAL_CLOCK_VOLTAGE":0,"ACQUISITION_MODE":3,"AD_CHANNEL":0,"EM_MODE":1,"SHUTTER_TTL":0,"SHUTTER_OPENING_TIME":1,"SHUTTER_CLOSING_TIME":1,"SHUTTER_MODE":1,"TRIGGER_MODE":0,"VBIN":1,"INITIAL_LINE":1,"INITIAL_COLUMN":1,"FINAL_LINE":1024,"FINAL_COLUMN":1024,"HBIN":1}
11/6/2022 9:05 PM ResponseAcquisChC  RX={"PREAMP":0,"READOUT_RATE":0,"EM_GAIN":2,"VERTICAL_SHIFT_SPEED":3,"READ_MODE":4,"FRAME_TRANSFER":true,"VERTICAL_CLOCK_VOLTAGE":0,"ACQUISITION_MODE":3,"AD_CHANNEL":0,"EM_MODE":1,"SHUTTER_TTL":0,"SHUTTER_OPENING_TIME":1,"SHUTTER_CLOSING_TIME":1,"SHUTTER_MODE":1,"TRIGGER_MODE":0,"VBIN":1,"INITIAL_LINE":1,"INITIAL_COLUMN":1,"FINAL_LINE":1024,"FINAL_COLUMN":1024,"HBIN":1}
11/6/2022 9:05 PM CommandAcquisChD  TX=SET COOLER_POWER_STATUS 0
11/6/2022 9:05 PM CommandAcquisChA  TX=SET TEMP -70
11/6/2022 9:05 PM CommandAcquisChB  TX=SET TEMP -70
11/6/2022 9:05 PM CommandAcquisChC  TX=SET TEMP -70
11/6/2022 9:05 PM ResponseAcquisChA  RX=DONE
11/6/2022 9:05 PM CommandAcquisChA  TX=SET COOLER_POWER_STATUS 1
11/6/2022 9:05 PM CommandAcquisChB  TX=SET COOLER_POWER_STATUS 1
11/6/2022 9:05 PM CommandAcquisChC  TX=SET COOLER_POWER_STATUS 1
11/6/2022 9:05 PM ResponseAcquisChD  RX=DONE
11/6/2022 9:05 PM ResponseAcquisChA  RX=DONE
11/6/2022 9:05 PM ResponseAcquisChB  RX=DONE
11/6/2022 9:05 PM ResponseAcquisChC  RX=DONE
11/6/2022 9:05 PM CommandAcquisChA  TX=WRITE_SETUP {"ACQUISITION_MODE":3,"TRIGGER_MODE":0,"READ_MODE":4,"PREAMP":0,"READOUT_RATE":0,"VERTICAL_SHIFT_SPEED":3,"EM_MODE":1,"EM_GAIN":2,"SHUTTER_MODE":2,"SHUTTER_TTL":0,"SHUTTER_OPENING_TIME":1,"SHUTTER_CLOSING_TIME":1,"VBIN":1,"HBIN":1,"INITIAL_LINE":1,"INITIAL_COLUMN":1,"FINAL_LINE":1024,"FINAL_COLUMN":1024,"FRAME_TRANSFER":true,"VERTICAL_CLOCK_VOLTAGE":0,"AD_CHANNEL":0}
11/6/2022 9:05 PM CommandAcquisChB  TX=WRITE_SETUP {"ACQUISITION_MODE":3,"TRIGGER_MODE":0,"READ_MODE":4,"PREAMP":0,"READOUT_RATE":0,"VERTICAL_SHIFT_SPEED":3,"EM_MODE":1,"EM_GAIN":2,"SHUTTER_MODE":2,"SHUTTER_TTL":0,"SHUTTER_OPENING_TIME":1,"SHUTTER_CLOSING_TIME":1,"VBIN":1,"HBIN":1,"INITIAL_LINE":1,"INITIAL_COLUMN":1,"FINAL_LINE":1024,"FINAL_COLUMN":1024,"FRAME_TRANSFER":true,"VERTICAL_CLOCK_VOLTAGE":0,"AD_CHANNEL":0}
11/6/2022 9:05 PM CommandAcquisChC  TX=WRITE_SETUP {"ACQUISITION_MODE":3,"TRIGGER_MODE":0,"READ_MODE":4,"PREAMP":0,"READOUT_RATE":0,"VERTICAL_SHIFT_SPEED":3,"EM_MODE":1,"EM_GAIN":2,"SHUTTER_MODE":2,"SHUTTER_TTL":0,"SHUTTER_OPENING_TIME":1,"SHUTTER_CLOSING_TIME":1,"VBIN":1,"HBIN":1,"INITIAL_LINE":1,"INITIAL_COLUMN":1,"FINAL_LINE":1024,"FINAL_COLUMN":1024,"FRAME_TRANSFER":true,"VERTICAL_CLOCK_VOLTAGE":0,"AD_CHANNEL":0}
11/6/2022 9:05 PM CommandAcquisChD  TX=WRITE_SETUP {"ACQUISITION_MODE":3,"TRIGGER_MODE":0,"READ_MODE":4,"PREAMP":0,"READOUT_RATE":0,"VERTICAL_SHIFT_SPEED":3,"EM_MODE":1,"EM_GAIN":2,"SHUTTER_MODE":2,"SHUTTER_TTL":0,"SHUTTER_OPENING_TIME":1,"SHUTTER_CLOSING_TIME":1,"VBIN":1,"HBIN":1,"INITIAL_LINE":1,"INITIAL_COLUMN":1,"FINAL_LINE":1024,"FINAL_COLUMN":1024,"FRAME_TRANSFER":true,"VERTICAL_CLOCK_VOLTAGE":0,"AD_CHANNEL":0}
11/6/2022 9:05 PM CommandAcquisChA  TX=READ_SETUP 
11/6/2022 9:05 PM CommandAcquisChB  TX=READ_SETUP 
11/6/2022 9:05 PM CommandAcquisChC  TX=READ_SETUP 
11/6/2022 9:05 PM CommandAcquisChD  TX=READ_SETUP 
11/6/2022 9:05 PM ResponseAcquisChB  RX={"PREAMP":0,"READOUT_RATE":0,"EM_GAIN":2,"VERTICAL_SHIFT_SPEED":3,"READ_MODE":4,"FRAME_TRANSFER":true,"VERTICAL_CLOCK_VOLTAGE":0,"ACQUISITION_MODE":3,"AD_CHANNEL":0,"EM_MODE":1,"SHUTTER_TTL":0,"SHUTTER_OPENING_TIME":1,"SHUTTER_CLOSING_TIME":1,"SHUTTER_MODE":2,"TRIGGER_MODE":0,"VBIN":1,"INITIAL_LINE":1,"INITIAL_COLUMN":1,"FINAL_LINE":1024,"FINAL_COLUMN":1024,"HBIN":1}
11/6/2022 9:05 PM ResponseAcquisChD  RX={"PREAMP":0,"READOUT_RATE":0,"EM_GAIN":2,"VERTICAL_SHIFT_SPEED":3,"READ_MODE":4,"FRAME_TRANSFER":true,"VERTICAL_CLOCK_VOLTAGE":0,"ACQUISITION_MODE":3,"AD_CHANNEL":0,"EM_MODE":1,"SHUTTER_TTL":0,"SHUTTER_OPENING_TIME":1,"SHUTTER_CLOSING_TIME":1,"SHUTTER_MODE":2,"TRIGGER_MODE":0,"VBIN":1,"INITIAL_LINE":1,"INITIAL_COLUMN":1,"FINAL_LINE":1024,"FINAL_COLUMN":1024,"HBIN":1}
11/6/2022 9:05 PM CommandAcquisChD  TX=SET COOLER_POWER_STATUS 0
11/6/2022 9:05 PM ResponseAcquisChA  RX={"PREAMP":0,"READOUT_RATE":0,"EM_GAIN":2,"VERTICAL_SHIFT_SPEED":3,"READ_MODE":4,"FRAME_TRANSFER":true,"VERTICAL_CLOCK_VOLTAGE":0,"ACQUISITION_MODE":3,"AD_CHANNEL":0,"EM_MODE":1,"SHUTTER_TTL":0,"SHUTTER_OPENING_TIME":1,"SHUTTER_CLOSING_TIME":1,"SHUTTER_MODE":2,"TRIGGER_MODE":0,"VBIN":1,"INITIAL_LINE":1,"INITIAL_COLUMN":1,"FINAL_LINE":1024,"FINAL_COLUMN":1024,"HBIN":1}
11/6/2022 9:05 PM CommandAcquisChA  TX=SET TEMP -70
11/6/2022 9:05 PM CommandAcquisChB  TX=SET TEMP -70
11/6/2022 9:05 PM ResponseAcquisChC  RX={"PREAMP":0,"READOUT_RATE":0,"EM_GAIN":2,"VERTICAL_SHIFT_SPEED":3,"READ_MODE":4,"FRAME_TRANSFER":true,"VERTICAL_CLOCK_VOLTAGE":0,"ACQUISITION_MODE":3,"AD_CHANNEL":0,"EM_MODE":1,"SHUTTER_TTL":0,"SHUTTER_OPENING_TIME":1,"SHUTTER_CLOSING_TIME":1,"SHUTTER_MODE":2,"TRIGGER_MODE":0,"VBIN":1,"INITIAL_LINE":1,"INITIAL_COLUMN":1,"FINAL_LINE":1024,"FINAL_COLUMN":1024,"HBIN":1}
11/6/2022 9:05 PM CommandAcquisChC  TX=SET TEMP -70
11/6/2022 9:05 PM CommandAcquisChA  TX=SET COOLER_POWER_STATUS 1
11/6/2022 9:05 PM ResponseAcquisChB  RX=DONE
11/6/2022 9:05 PM CommandAcquisChB  TX=SET COOLER_POWER_STATUS 1
11/6/2022 9:05 PM CommandAcquisChC  TX=SET COOLER_POWER_STATUS 1
11/6/2022 9:05 PM ResponseAcquisChD  RX=DONE
11/6/2022 9:05 PM ResponseAcquisChA  RX=DONE
11/6/2022 9:05 PM ResponseAcquisChB  RX=DONE
11/6/2022 9:05 PM ResponseAcquisChC  RX=DONE
11/6/2022 9:05 PM ResponseAcquisChC  RX=DONE
11/6/2022 9:07 PM CommandAcquisChA  TX=SET TEMP 30
11/6/2022 9:07 PM CommandAcquisChA  TX=SET COOLER_POWER_STATUS 1
11/6/2022 9:07 PM CommandAcquisChA  TX=SET COOLER_POWER_STATUS 1
11/6/2022 9:07 PM CommandAcquisChA  TX=SET TEMP 30
11/6/2022 9:07 PM CommandAcquisChA  TX=SET COOLER_POWER_STATUS 1
11/6/2022 9:08 PM CommandAcquisChB  TX=SET TEMP 30
11/6/2022 9:08 PM CommandAcquisChB  TX=SET COOLER_POWER_STATUS 1
11/6/2022 9:08 PM CommandAcquisChB  TX=SET TEMP -70
11/6/2022 9:08 PM CommandAcquisChB  TX=SET COOLER_POWER_STATUS 1
11/6/2022 9:08 PM CommandAcquisChA  TX=SET TEMP -70
11/6/2022 9:08 PM CommandAcquisChA  TX=SET COOLER_POWER_STATUS 1
11/6/2022 9:08 PM CommandAcquisChA  TX=SET COOLER_POWER_STATUS 1
11/6/2022 9:08 PM CommandAcquisChA  TX=SET TEMP -70
11/6/2022 9:08 PM CommandAcquisChA  TX=SET COOLER_POWER_STATUS 1
11/6/2022 9:08 PM CommandAcquisChA  TX=SET COOLER_POWER_STATUS 1
11/6/2022 9:08 PM CommandAcquisChA  TX=SET COOLER_POWER_STATUS 1
11/6/2022 9:08 PM CommandAcquisChA  TX=SET COOLER_POWER_STATUS 1
11/6/2022 9:10 PM CommandAcquisChA  TX=SET TEMP -70
11/6/2022 9:10 PM CommandAcquisChA  TX=SET COOLER_POWER_STATUS 1
11/6/2022 9:10 PM ResponseAcquisChA  RX=DONE
11/6/2022 9:10 PM CommandAcquisChB  TX=SET TEMP -70
11/6/2022 9:10 PM ResponseAcquisChB  RX=DONE
11/6/2022 9:10 PM CommandAcquisChB  TX=SET COOLER_POWER_STATUS 1
11/6/2022 9:10 PM ResponseAcquisChB  RX=DONE
11/6/2022 9:10 PM CommandAcquisChC  TX=SET TEMP -70
11/6/2022 9:10 PM CommandAcquisChC  TX=SET COOLER_POWER_STATUS 1
11/6/2022 9:10 PM ResponseAcquisChC  RX=DONE
11/6/2022 9:10 PM CommandAcquisChD  TX=SET TEMP -70
11/6/2022 9:10 PM CommandAcquisChD  TX=SET COOLER_POWER_STATUS 1
11/6/2022 9:10 PM ResponseAcquisChD  RX=DONE
11/6/2022 9:11 PM CommandAcquisChD  TX=SET TEMP -70
11/6/2022 9:11 PM CommandAcquisChD  TX=SET COOLER_POWER_STATUS 1
11/6/2022 9:11 PM ResponseAcquisChD  RX=DONE
11/6/2022 9:19 PM CommandAcquisChA  TX=SET EXPTIME 0.000010
11/6/2022 9:19 PM ResponseAcquisChA  RX=DONE
11/6/2022 9:19 PM CommandAcquisChA  TX=SET #FRAMES 50.000000
11/6/2022 9:19 PM ResponseAcquisChA  RX=DONE
11/6/2022 9:19 PM CommandAcquisChA  TX=SET #CUBES 1.0000 
11/6/2022 9:19 PM CommandAcquisChA  TX=SET SUFFIX zero
11/6/2022 9:19 PM ResponseAcquisChA  RX=DONE
11/6/2022 9:19 PM ResponseAcquisChA  RX=DONE
11/6/2022 9:19 PM CommandAcquisChA  TX=SET OBSTYPE ZERO
11/6/2022 9:19 PM ResponseAcquisChA  RX=DONE
11/6/2022 9:19 PM CommandAcquisChB  TX=SET EXPTIME 0.000010
11/6/2022 9:19 PM ResponseAcquisChB  RX=DONE
11/6/2022 9:19 PM CommandAcquisChB  TX=SET #FRAMES 50.000000
11/6/2022 9:19 PM ResponseAcquisChB  RX=DONE
11/6/2022 9:19 PM CommandAcquisChB  TX=SET #CUBES 1.0000 
11/6/2022 9:19 PM ResponseAcquisChB  RX=DONE
11/6/2022 9:19 PM CommandAcquisChB  TX=SET SUFFIX zero
11/6/2022 9:19 PM ResponseAcquisChB  RX=DONE
11/6/2022 9:19 PM CommandAcquisChB  TX=SET OBSTYPE ZERO
11/6/2022 9:19 PM ResponseAcquisChB  RX=DONE
11/6/2022 9:19 PM CommandAcquisChC  TX=SET EXPTIME 0.000010
11/6/2022 9:19 PM ResponseAcquisChC  RX=DONE
11/6/2022 9:19 PM CommandAcquisChC  TX=SET #FRAMES 50.000000
11/6/2022 9:19 PM CommandAcquisChC  TX=SET #CUBES 1.0000 
11/6/2022 9:19 PM ResponseAcquisChC  RX=DONE
11/6/2022 9:19 PM ResponseAcquisChC  RX=DONE
11/6/2022 9:19 PM CommandAcquisChC  TX=SET SUFFIX zero
11/6/2022 9:19 PM CommandAcquisChC  TX=SET OBSTYPE ZERO
11/6/2022 9:19 PM ResponseAcquisChC  RX=DONE
11/6/2022 9:19 PM ResponseAcquisChC  RX=DONE
11/6/2022 9:19 PM CommandAcquisChD  TX=SET EXPTIME 0.000010
11/6/2022 9:19 PM ResponseAcquisChD  RX=DONE
11/6/2022 9:19 PM CommandAcquisChD  TX=SET #FRAMES 50.000000
11/6/2022 9:19 PM ResponseAcquisChD  RX=DONE
11/6/2022 9:19 PM CommandAcquisChD  TX=SET #CUBES 1.0000 
11/6/2022 9:19 PM ResponseAcquisChD  RX=DONE
11/6/2022 9:19 PM CommandAcquisChD  TX=SET SUFFIX zero
11/6/2022 9:19 PM CommandAcquisChD  TX=SET OBSTYPE ZERO
11/6/2022 9:19 PM ResponseAcquisChD  RX=DONE
11/6/2022 9:19 PM ResponseAcquisChD  RX=DONE
11/6/2022 9:19 PM CommandAcquisChA  TX=EXPOSE
11/6/2022 9:19 PM CommandAcquisChB  TX=EXPOSE
11/6/2022 9:19 PM CommandAcquisChC  TX=EXPOSE
11/6/2022 9:19 PM CommandAcquisChD  TX=EXPOSE
11/6/2022 9:19 PM ResponseAcquisChA  RX=RETURNING_STATUS {"CUBE_EXPOSURE_TIME":0,"CUBES_DONE":0,"LAST_IMAGE_NAME":"","DISK_SPACE":0,"FRAMES_DONE":0,"CCD_STATUS":"IDLE","CURRENT_TEMPERATURE":-69,"TEMPERATURE_STATUS":"TEMPERATURE_STABILIZED","FRAME_EXPOSURE_TIME":0,"CCD_POWER_STATUS":true,"SERIAL_NUMBER":9914,"ACQUIRING":false}
11/6/2022 9:19 PM ResponseAcquisChD  RX=RETURNING_STATUS {"CUBE_EXPOSURE_TIME":0,"CUBES_DONE":0,"LAST_IMAGE_NAME":"","DISK_SPACE":0,"FRAMES_DONE":0,"CCD_STATUS":"IDLE","CURRENT_TEMPERATURE":-70,"TEMPERATURE_STATUS":"TEMPERATURE_STABILIZED","FRAME_EXPOSURE_TIME":0,"CCD_POWER_STATUS":true,"SERIAL_NUMBER":9917,"ACQUIRING":false}
11/6/2022 9:23 PM CommandAcquisChA  TX=WRITE_SETUP {"ACQUISITION_MODE":3,"TRIGGER_MODE":0,"READ_MODE":4,"PREAMP":0,"READOUT_RATE":0,"VERTICAL_SHIFT_SPEED":3,"EM_MODE":1,"EM_GAIN":2,"SHUTTER_MODE":2,"SHUTTER_TTL":0,"SHUTTER_OPENING_TIME":1,"SHUTTER_CLOSING_TIME":1,"VBIN":1,"HBIN":1,"INITIAL_LINE":1,"INITIAL_COLUMN":1,"FINAL_LINE":1024,"FINAL_COLUMN":1024,"FRAME_TRANSFER":true,"VERTICAL_CLOCK_VOLTAGE":0,"AD_CHANNEL":0}
11/6/2022 9:23 PM CommandAcquisChB  TX=WRITE_SETUP {"ACQUISITION_MODE":3,"TRIGGER_MODE":0,"READ_MODE":4,"PREAMP":0,"READOUT_RATE":0,"VERTICAL_SHIFT_SPEED":3,"EM_MODE":1,"EM_GAIN":2,"SHUTTER_MODE":2,"SHUTTER_TTL":0,"SHUTTER_OPENING_TIME":1,"SHUTTER_CLOSING_TIME":1,"VBIN":1,"HBIN":1,"INITIAL_LINE":1,"INITIAL_COLUMN":1,"FINAL_LINE":1024,"FINAL_COLUMN":1024,"FRAME_TRANSFER":true,"VERTICAL_CLOCK_VOLTAGE":0,"AD_CHANNEL":0}
11/6/2022 9:23 PM CommandAcquisChC  TX=WRITE_SETUP {"ACQUISITION_MODE":3,"TRIGGER_MODE":0,"READ_MODE":4,"PREAMP":0,"READOUT_RATE":0,"VERTICAL_SHIFT_SPEED":3,"EM_MODE":1,"EM_GAIN":2,"SHUTTER_MODE":2,"SHUTTER_TTL":0,"SHUTTER_OPENING_TIME":1,"SHUTTER_CLOSING_TIME":1,"VBIN":1,"HBIN":1,"INITIAL_LINE":1,"INITIAL_COLUMN":1,"FINAL_LINE":1024,"FINAL_COLUMN":1024,"FRAME_TRANSFER":true,"VERTICAL_CLOCK_VOLTAGE":0,"AD_CHANNEL":0}
11/6/2022 9:23 PM CommandAcquisChD  TX=WRITE_SETUP {"ACQUISITION_MODE":3,"TRIGGER_MODE":0,"READ_MODE":4,"PREAMP":0,"READOUT_RATE":0,"VERTICAL_SHIFT_SPEED":3,"EM_MODE":1,"EM_GAIN":2,"SHUTTER_MODE":2,"SHUTTER_TTL":0,"SHUTTER_OPENING_TIME":1,"SHUTTER_CLOSING_TIME":1,"VBIN":1,"HBIN":1,"INITIAL_LINE":1,"INITIAL_COLUMN":1,"FINAL_LINE":1024,"FINAL_COLUMN":1024,"FRAME_TRANSFER":true,"VERTICAL_CLOCK_VOLTAGE":0,"AD_CHANNEL":0}
11/6/2022 9:23 PM CommandAcquisChA  TX=WRITE_SETUP {"ACQUISITION_MODE":3,"TRIGGER_MODE":6,"READ_MODE":4,"PREAMP":0,"READOUT_RATE":0,"VERTICAL_SHIFT_SPEED":3,"EM_MODE":1,"EM_GAIN":2,"SHUTTER_MODE":2,"SHUTTER_TTL":0,"SHUTTER_OPENING_TIME":1,"SHUTTER_CLOSING_TIME":1,"VBIN":1,"HBIN":1,"INITIAL_LINE":1,"INITIAL_COLUMN":1,"FINAL_LINE":1024,"FINAL_COLUMN":1024,"FRAME_TRANSFER":true,"VERTICAL_CLOCK_VOLTAGE":0,"AD_CHANNEL":0}
11/6/2022 9:23 PM CommandAcquisChB  TX=WRITE_SETUP {"ACQUISITION_MODE":3,"TRIGGER_MODE":6,"READ_MODE":4,"PREAMP":0,"READOUT_RATE":0,"VERTICAL_SHIFT_SPEED":3,"EM_MODE":1,"EM_GAIN":2,"SHUTTER_MODE":2,"SHUTTER_TTL":0,"SHUTTER_OPENING_TIME":1,"SHUTTER_CLOSING_TIME":1,"VBIN":1,"HBIN":1,"INITIAL_LINE":1,"INITIAL_COLUMN":1,"FINAL_LINE":1024,"FINAL_COLUMN":1024,"FRAME_TRANSFER":true,"VERTICAL_CLOCK_VOLTAGE":0,"AD_CHANNEL":0}
11/6/2022 9:23 PM CommandAcquisChC  TX=WRITE_SETUP {"ACQUISITION_MODE":3,"TRIGGER_MODE":6,"READ_MODE":4,"PREAMP":0,"READOUT_RATE":0,"VERTICAL_SHIFT_SPEED":3,"EM_MODE":1,"EM_GAIN":2,"SHUTTER_MODE":2,"SHUTTER_TTL":0,"SHUTTER_OPENING_TIME":1,"SHUTTER_CLOSING_TIME":1,"VBIN":1,"HBIN":1,"INITIAL_LINE":1,"INITIAL_COLUMN":1,"FINAL_LINE":1024,"FINAL_COLUMN":1024,"FRAME_TRANSFER":true,"VERTICAL_CLOCK_VOLTAGE":0,"AD_CHANNEL":0}
11/6/2022 9:23 PM CommandAcquisChD  TX=WRITE_SETUP {"ACQUISITION_MODE":3,"TRIGGER_MODE":6,"READ_MODE":4,"PREAMP":0,"READOUT_RATE":0,"VERTICAL_SHIFT_SPEED":3,"EM_MODE":1,"EM_GAIN":2,"SHUTTER_MODE":2,"SHUTTER_TTL":0,"SHUTTER_OPENING_TIME":1,"SHUTTER_CLOSING_TIME":1,"VBIN":1,"HBIN":1,"INITIAL_LINE":1,"INITIAL_COLUMN":1,"FINAL_LINE":1024,"FINAL_COLUMN":1024,"FRAME_TRANSFER":true,"VERTICAL_CLOCK_VOLTAGE":0,"AD_CHANNEL":0}
11/6/2022 9:23 PM CommandAcquisChA  TX=READ_SETUP 
11/6/2022 9:23 PM CommandAcquisChB  TX=READ_SETUP 
11/6/2022 9:23 PM CommandAcquisChC  TX=READ_SETUP 
11/6/2022 9:23 PM CommandAcquisChD  TX=READ_SETUP 
11/6/2022 9:23 PM ResponseAcquisChB  RX={"PREAMP":0,"READOUT_RATE":0,"EM_GAIN":2,"VERTICAL_SHIFT_SPEED":3,"READ_MODE":4,"FRAME_TRANSFER":true,"VERTICAL_CLOCK_VOLTAGE":0,"ACQUISITION_MODE":3,"AD_CHANNEL":0,"EM_MODE":1,"SHUTTER_TTL":0,"SHUTTER_OPENING_TIME":1,"SHUTTER_CLOSING_TIME":1,"SHUTTER_MODE":2,"TRIGGER_MODE":6,"VBIN":1,"INITIAL_LINE":1,"INITIAL_COLUMN":1,"FINAL_LINE":1024,"FINAL_COLUMN":1024,"HBIN":1}
11/6/2022 9:23 PM ResponseAcquisChC  RX={"PREAMP":0,"READOUT_RATE":0,"EM_GAIN":2,"VERTICAL_SHIFT_SPEED":3,"READ_MODE":4,"FRAME_TRANSFER":true,"VERTICAL_CLOCK_VOLTAGE":0,"ACQUISITION_MODE":3,"AD_CHANNEL":0,"EM_MODE":1,"SHUTTER_TTL":0,"SHUTTER_OPENING_TIME":1,"SHUTTER_CLOSING_TIME":1,"SHUTTER_MODE":2,"TRIGGER_MODE":6,"VBIN":1,"INITIAL_LINE":1,"INITIAL_COLUMN":1,"FINAL_LINE":1024,"FINAL_COLUMN":1024,"HBIN":1}
11/6/2022 9:23 PM ResponseAcquisChD  RX={"PREAMP":0,"READOUT_RATE":0,"EM_GAIN":2,"VERTICAL_SHIFT_SPEED":3,"READ_MODE":4,"FRAME_TRANSFER":true,"VERTICAL_CLOCK_VOLTAGE":0,"ACQUISITION_MODE":3,"AD_CHANNEL":0,"EM_MODE":1,"SHUTTER_TTL":0,"SHUTTER_OPENING_TIME":1,"SHUTTER_CLOSING_TIME":1,"SHUTTER_MODE":2,"TRIGGER_MODE":6,"VBIN":1,"INITIAL_LINE":1,"INITIAL_COLUMN":1,"FINAL_LINE":1024,"FINAL_COLUMN":1024,"HBIN":1}
11/6/2022 9:23 PM ResponseAcquisChA  RX={"PREAMP":0,"READOUT_RATE":0,"EM_GAIN":2,"VERTICAL_SHIFT_SPEED":3,"READ_MODE":4,"FRAME_TRANSFER":true,"VERTICAL_CLOCK_VOLTAGE":0,"ACQUISITION_MODE":3,"AD_CHANNEL":0,"EM_MODE":1,"SHUTTER_TTL":0,"SHUTTER_OPENING_TIME":1,"SHUTTER_CLOSING_TIME":1,"SHUTTER_MODE":2,"TRIGGER_MODE":6,"VBIN":1,"INITIAL_LINE":1,"INITIAL_COLUMN":1,"FINAL_LINE":1024,"FINAL_COLUMN":1024,"HBIN":1}
11/6/2022 9:23 PM CommandAcquisChA  TX=SET TEMP -70
11/6/2022 9:23 PM CommandAcquisChB  TX=SET TEMP -70
11/6/2022 9:23 PM CommandAcquisChC  TX=SET TEMP -70
11/6/2022 9:23 PM CommandAcquisChD  TX=SET TEMP -70
11/6/2022 9:23 PM CommandAcquisChA  TX=SET COOLER_POWER_STATUS 1
11/6/2022 9:23 PM CommandAcquisChB  TX=SET COOLER_POWER_STATUS 1
11/6/2022 9:23 PM ResponseAcquisChC  RX=DONE
11/6/2022 9:23 PM CommandAcquisChC  TX=SET COOLER_POWER_STATUS 1
11/6/2022 9:23 PM CommandAcquisChD  TX=SET COOLER_POWER_STATUS 1
11/6/2022 9:23 PM ResponseAcquisChA  RX=DONE
11/6/2022 9:23 PM ResponseAcquisChB  RX=DONE
11/6/2022 9:23 PM ResponseAcquisChD  RX=DONE
11/6/2022 9:23 PM ResponseAcquisChC  RX=DONE
11/6/2022 9:23 PM ResponseAcquisChD  RX=DONE
11/6/2022 9:23 PM CommandAcquisChA  TX=WRITE_SETUP {"ACQUISITION_MODE":0,"TRIGGER_MODE":0,"READ_MODE":0,"PREAMP":0,"READOUT_RATE":0,"VERTICAL_SHIFT_SPEED":0,"EM_MODE":0,"EM_GAIN":2,"SHUTTER_MODE":0,"SHUTTER_TTL":0,"SHUTTER_OPENING_TIME":1,"SHUTTER_CLOSING_TIME":1,"VBIN":0,"HBIN":0,"INITIAL_LINE":0,"INITIAL_COLUMN":0,"FINAL_LINE":0,"FINAL_COLUMN":0,"FRAME_TRANSFER":false,"VERTICAL_CLOCK_VOLTAGE":0,"AD_CHANNEL":0}
11/6/2022 9:24 PM CommandAcquisChA  TX=READ_SETUP 
11/6/2022 9:24 PM ResponseAcquisChA  RX={"PREAMP":0,"READOUT_RATE":0,"EM_GAIN":2,"VERTICAL_SHIFT_SPEED":3,"READ_MODE":4,"FRAME_TRANSFER":true,"VERTICAL_CLOCK_VOLTAGE":0,"ACQUISITION_MODE":3,"AD_CHANNEL":0,"EM_MODE":1,"SHUTTER_TTL":0,"SHUTTER_OPENING_TIME":1,"SHUTTER_CLOSING_TIME":1,"SHUTTER_MODE":2,"TRIGGER_MODE":6,"VBIN":1,"INITIAL_LINE":1,"INITIAL_COLUMN":1,"FINAL_LINE":1024,"FINAL_COLUMN":1024,"HBIN":1}
11/6/2022 9:24 PM CommandAcquisChA  TX=SET TEMP -70
11/6/2022 9:24 PM CommandAcquisChA  TX=SET COOLER_POWER_STATUS 1
11/6/2022 9:24 PM CommandAcquisChA  TX=WRITE_SETUP {"ACQUISITION_MODE":0,"TRIGGER_MODE":0,"READ_MODE":4,"PREAMP":0,"READOUT_RATE":0,"VERTICAL_SHIFT_SPEED":0,"EM_MODE":0,"EM_GAIN":2,"SHUTTER_MODE":0,"SHUTTER_TTL":0,"SHUTTER_OPENING_TIME":1,"SHUTTER_CLOSING_TIME":1,"VBIN":0,"HBIN":0,"INITIAL_LINE":0,"INITIAL_COLUMN":0,"FINAL_LINE":0,"FINAL_COLUMN":0,"FRAME_TRANSFER":false,"VERTICAL_CLOCK_VOLTAGE":0,"AD_CHANNEL":0}
11/6/2022 9:24 PM CommandAcquisChA  TX=READ_SETUP 
11/6/2022 9:24 PM CommandAcquisChA  TX=SET COOLER_POWER_STATUS 0
11/6/2022 9:24 PM ResponseAcquisChA  RX={"PREAMP":0,"READOUT_RATE":0,"EM_GAIN":2,"VERTICAL_SHIFT_SPEED":3,"READ_MODE":4,"FRAME_TRANSFER":true,"VERTICAL_CLOCK_VOLTAGE":0,"ACQUISITION_MODE":3,"AD_CHANNEL":0,"EM_MODE":1,"SHUTTER_TTL":0,"SHUTTER_OPENING_TIME":1,"SHUTTER_CLOSING_TIME":1,"SHUTTER_MODE":2,"TRIGGER_MODE":6,"VBIN":1,"INITIAL_LINE":1,"INITIAL_COLUMN":1,"FINAL_LINE":1024,"FINAL_COLUMN":1024,"HBIN":1}
11/6/2022 9:24 PM CommandAcquisChB  TX=WRITE_SETUP {"ACQUISITION_MODE":0,"TRIGGER_MODE":0,"READ_MODE":4,"PREAMP":0,"READOUT_RATE":0,"VERTICAL_SHIFT_SPEED":0,"EM_MODE":0,"EM_GAIN":2,"SHUTTER_MODE":0,"SHUTTER_TTL":0,"SHUTTER_OPENING_TIME":1,"SHUTTER_CLOSING_TIME":1,"VBIN":0,"HBIN":0,"INITIAL_LINE":0,"INITIAL_COLUMN":0,"FINAL_LINE":0,"FINAL_COLUMN":0,"FRAME_TRANSFER":false,"VERTICAL_CLOCK_VOLTAGE":0,"AD_CHANNEL":0}
11/6/2022 9:24 PM CommandAcquisChB  TX=READ_SETUP 
11/6/2022 9:24 PM ResponseAcquisChB  RX={"PREAMP":0,"READOUT_RATE":0,"EM_GAIN":2,"VERTICAL_SHIFT_SPEED":3,"READ_MODE":4,"FRAME_TRANSFER":true,"VERTICAL_CLOCK_VOLTAGE":0,"ACQUISITION_MODE":3,"AD_CHANNEL":0,"EM_MODE":1,"SHUTTER_TTL":0,"SHUTTER_OPENING_TIME":1,"SHUTTER_CLOSING_TIME":1,"SHUTTER_MODE":2,"TRIGGER_MODE":6,"VBIN":1,"INITIAL_LINE":1,"INITIAL_COLUMN":1,"FINAL_LINE":1024,"FINAL_COLUMN":1024,"HBIN":1}
11/6/2022 9:24 PM CommandAcquisChB  TX=SET TEMP -70
11/6/2022 9:24 PM CommandAcquisChB  TX=SET COOLER_POWER_STATUS 1
11/6/2022 9:24 PM CommandAcquisChA  TX=WRITE_SETUP {"ACQUISITION_MODE":3,"TRIGGER_MODE":0,"READ_MODE":4,"PREAMP":0,"READOUT_RATE":0,"VERTICAL_SHIFT_SPEED":3,"EM_MODE":1,"EM_GAIN":2,"SHUTTER_MODE":2,"SHUTTER_TTL":0,"SHUTTER_OPENING_TIME":1,"SHUTTER_CLOSING_TIME":1,"VBIN":1,"HBIN":1,"INITIAL_LINE":1,"INITIAL_COLUMN":1,"FINAL_LINE":1024,"FINAL_COLUMN":1024,"FRAME_TRANSFER":true,"VERTICAL_CLOCK_VOLTAGE":0,"AD_CHANNEL":0}
11/6/2022 9:24 PM CommandAcquisChB  TX=WRITE_SETUP {"ACQUISITION_MODE":3,"TRIGGER_MODE":0,"READ_MODE":4,"PREAMP":0,"READOUT_RATE":0,"VERTICAL_SHIFT_SPEED":3,"EM_MODE":1,"EM_GAIN":2,"SHUTTER_MODE":2,"SHUTTER_TTL":0,"SHUTTER_OPENING_TIME":1,"SHUTTER_CLOSING_TIME":1,"VBIN":1,"HBIN":1,"INITIAL_LINE":1,"INITIAL_COLUMN":1,"FINAL_LINE":1024,"FINAL_COLUMN":1024,"FRAME_TRANSFER":true,"VERTICAL_CLOCK_VOLTAGE":0,"AD_CHANNEL":0}
11/6/2022 9:24 PM CommandAcquisChA  TX=READ_SETUP 
11/6/2022 9:24 PM ResponseAcquisChA  RX={"PREAMP":0,"READOUT_RATE":0,"EM_GAIN":2,"VERTICAL_SHIFT_SPEED":3,"READ_MODE":4,"FRAME_TRANSFER":true,"VERTICAL_CLOCK_VOLTAGE":0,"ACQUISITION_MODE":3,"AD_CHANNEL":0,"EM_MODE":1,"SHUTTER_TTL":0,"SHUTTER_OPENING_TIME":1,"SHUTTER_CLOSING_TIME":1,"SHUTTER_MODE":2,"TRIGGER_MODE":0,"VBIN":1,"INITIAL_LINE":1,"INITIAL_COLUMN":1,"FINAL_LINE":1024,"FINAL_COLUMN":1024,"HBIN":1}
11/6/2022 9:24 PM CommandAcquisChA  TX=SET COOLER_POWER_STATUS 0
11/6/2022 9:24 PM ResponseAcquisChA  RX=DONE
11/6/2022 9:24 PM CommandAcquisChC  TX=WRITE_SETUP {"ACQUISITION_MODE":3,"TRIGGER_MODE":0,"READ_MODE":4,"PREAMP":0,"READOUT_RATE":0,"VERTICAL_SHIFT_SPEED":3,"EM_MODE":1,"EM_GAIN":2,"SHUTTER_MODE":2,"SHUTTER_TTL":0,"SHUTTER_OPENING_TIME":1,"SHUTTER_CLOSING_TIME":1,"VBIN":1,"HBIN":1,"INITIAL_LINE":1,"INITIAL_COLUMN":1,"FINAL_LINE":1024,"FINAL_COLUMN":1024,"FRAME_TRANSFER":true,"VERTICAL_CLOCK_VOLTAGE":0,"AD_CHANNEL":0}
11/6/2022 9:24 PM CommandAcquisChB  TX=READ_SETUP 
11/6/2022 9:24 PM CommandAcquisChB  TX=SET COOLER_POWER_STATUS 0
11/6/2022 9:24 PM ResponseAcquisChB  RX={"PREAMP":0,"READOUT_RATE":0,"EM_GAIN":2,"VERTICAL_SHIFT_SPEED":3,"READ_MODE":4,"FRAME_TRANSFER":true,"VERTICAL_CLOCK_VOLTAGE":0,"ACQUISITION_MODE":3,"AD_CHANNEL":0,"EM_MODE":1,"SHUTTER_TTL":0,"SHUTTER_OPENING_TIME":1,"SHUTTER_CLOSING_TIME":1,"SHUTTER_MODE":2,"TRIGGER_MODE":0,"VBIN":1,"INITIAL_LINE":1,"INITIAL_COLUMN":1,"FINAL_LINE":1024,"FINAL_COLUMN":1024,"HBIN":1}
11/6/2022 9:24 PM ResponseAcquisChB  RX=DONE
11/6/2022 9:24 PM CommandAcquisChD  TX=WRITE_SETUP {"ACQUISITION_MODE":3,"TRIGGER_MODE":0,"READ_MODE":4,"PREAMP":0,"READOUT_RATE":0,"VERTICAL_SHIFT_SPEED":3,"EM_MODE":1,"EM_GAIN":2,"SHUTTER_MODE":2,"SHUTTER_TTL":0,"SHUTTER_OPENING_TIME":1,"SHUTTER_CLOSING_TIME":1,"VBIN":1,"HBIN":1,"INITIAL_LINE":1,"INITIAL_COLUMN":1,"FINAL_LINE":1024,"FINAL_COLUMN":1024,"FRAME_TRANSFER":true,"VERTICAL_CLOCK_VOLTAGE":0,"AD_CHANNEL":0}
11/6/2022 9:24 PM CommandAcquisChC  TX=READ_SETUP 
11/6/2022 9:24 PM ResponseAcquisChC  RX={"PREAMP":0,"READOUT_RATE":0,"EM_GAIN":2,"VERTICAL_SHIFT_SPEED":3,"READ_MODE":4,"FRAME_TRANSFER":true,"VERTICAL_CLOCK_VOLTAGE":0,"ACQUISITION_MODE":3,"AD_CHANNEL":0,"EM_MODE":1,"SHUTTER_TTL":0,"SHUTTER_OPENING_TIME":1,"SHUTTER_CLOSING_TIME":1,"SHUTTER_MODE":2,"TRIGGER_MODE":0,"VBIN":1,"INITIAL_LINE":1,"INITIAL_COLUMN":1,"FINAL_LINE":1024,"FINAL_COLUMN":1024,"HBIN":1}
11/6/2022 9:24 PM CommandAcquisChC  TX=SET TEMP -70
11/6/2022 9:24 PM CommandAcquisChC  TX=SET COOLER_POWER_STATUS 1
11/6/2022 9:24 PM ResponseAcquisChC  RX=DONE
11/6/2022 9:24 PM ResponseAcquisChC  RX=DONE
11/6/2022 9:24 PM CommandAcquisChD  TX=READ_SETUP 
11/6/2022 9:24 PM ResponseAcquisChD  RX={"PREAMP":0,"READOUT_RATE":0,"EM_GAIN":2,"VERTICAL_SHIFT_SPEED":3,"READ_MODE":4,"FRAME_TRANSFER":true,"VERTICAL_CLOCK_VOLTAGE":0,"ACQUISITION_MODE":3,"AD_CHANNEL":0,"EM_MODE":1,"SHUTTER_TTL":0,"SHUTTER_OPENING_TIME":1,"SHUTTER_CLOSING_TIME":1,"SHUTTER_MODE":2,"TRIGGER_MODE":0,"VBIN":1,"INITIAL_LINE":1,"INITIAL_COLUMN":1,"FINAL_LINE":1024,"FINAL_COLUMN":1024,"HBIN":1}
11/6/2022 9:24 PM CommandAcquisChD  TX=SET TEMP -70
11/6/2022 9:24 PM ResponseAcquisChD  RX=DONE
11/6/2022 9:24 PM CommandAcquisChD  TX=SET COOLER_POWER_STATUS 1
11/6/2022 9:24 PM ResponseAcquisChD  RX=DONE
11/6/2022 9:25 PM CommandAcquisChA  TX=SET EXPTIME 0.000010
11/6/2022 9:25 PM ResponseAcquisChA  RX=DONE
11/6/2022 9:25 PM CommandAcquisChA  TX=SET #FRAMES 50.000000
11/6/2022 9:25 PM CommandAcquisChA  TX=SET #CUBES 1.0000 
11/6/2022 9:25 PM ResponseAcquisChA  RX=DONE
11/6/2022 9:25 PM ResponseAcquisChA  RX=DONE
11/6/2022 9:25 PM CommandAcquisChA  TX=SET SUFFIX zero
11/6/2022 9:25 PM CommandAcquisChA  TX=SET OBSTYPE ZERO
11/6/2022 9:25 PM ResponseAcquisChA  RX=DONE
11/6/2022 9:25 PM ResponseAcquisChA  RX=DONE
11/6/2022 9:25 PM CommandAcquisChB  TX=SET EXPTIME 0.000010
11/6/2022 9:25 PM ResponseAcquisChB  RX=DONE
11/6/2022 9:25 PM CommandAcquisChB  TX=SET #FRAMES 50.000000
11/6/2022 9:25 PM CommandAcquisChB  TX=SET #CUBES 1.0000 
11/6/2022 9:25 PM ResponseAcquisChB  RX=DONE
11/6/2022 9:25 PM ResponseAcquisChB  RX=DONE
11/6/2022 9:25 PM CommandAcquisChB  TX=SET SUFFIX zero
11/6/2022 9:25 PM ResponseAcquisChB  RX=DONE
11/6/2022 9:25 PM CommandAcquisChB  TX=SET OBSTYPE ZERO
11/6/2022 9:25 PM ResponseAcquisChB  RX=DONE
11/6/2022 9:25 PM CommandAcquisChC  TX=SET EXPTIME 0.000010
11/6/2022 9:25 PM ResponseAcquisChC  RX=DONE
11/6/2022 9:25 PM CommandAcquisChC  TX=SET #FRAMES 50.000000
11/6/2022 9:25 PM ResponseAcquisChC  RX=DONE
11/6/2022 9:25 PM CommandAcquisChC  TX=SET #CUBES 1.0000 
11/6/2022 9:25 PM ResponseAcquisChC  RX=DONE
11/6/2022 9:25 PM CommandAcquisChC  TX=SET SUFFIX zero
11/6/2022 9:25 PM ResponseAcquisChC  RX=DONE
11/6/2022 9:25 PM CommandAcquisChC  TX=SET OBSTYPE ZERO
11/6/2022 9:25 PM ResponseAcquisChC  RX=DONE
11/6/2022 9:25 PM CommandAcquisChD  TX=SET EXPTIME 0.000010
11/6/2022 9:25 PM ResponseAcquisChD  RX=DONE
11/6/2022 9:25 PM CommandAcquisChD  TX=SET #FRAMES 50.000000
11/6/2022 9:25 PM ResponseAcquisChD  RX=DONE
11/6/2022 9:25 PM CommandAcquisChD  TX=SET #CUBES 1.0000 
11/6/2022 9:25 PM ResponseAcquisChD  RX=DONE
11/6/2022 9:25 PM CommandAcquisChD  TX=SET SUFFIX zero
11/6/2022 9:25 PM ResponseAcquisChD  RX=DONE
11/6/2022 9:25 PM CommandAcquisChD  TX=SET OBSTYPE ZERO
11/6/2022 9:25 PM ResponseAcquisChD  RX=DONE
11/6/2022 9:25 PM CommandAcquisChA  TX=EXPOSE
11/6/2022 9:25 PM CommandAcquisChB  TX=EXPOSE
11/6/2022 9:25 PM CommandAcquisChC  TX=EXPOSE
11/6/2022 9:25 PM CommandAcquisChD  TX=EXPOSE
11/6/2022 9:25 PM ResponseAcquisChB  RX=RETURNING_STATUS {"CUBE_EXPOSURE_TIME":0,"CUBES_DONE":1,"LAST_IMAGE_NAME":"20221106_s4c2_zero_000050.fits","DISK_SPACE":0,"FRAMES_DONE":50,"CCD_STATUS":"IDLE","CURRENT_TEMPERATURE":-35,"TEMPERATURE_STATUS":"TEMPERATURE_OFF","FRAME_EXPOSURE_TIME":0,"CCD_POWER_STATUS":true,"SERIAL_NUMBER":9915,"ACQUIRING":false}
11/6/2022 9:25 PM ResponseAcquisChA  RX=RETURNING_STATUS {"CUBE_EXPOSURE_TIME":0.00049999996554106473923,"CUBES_DONE":1,"LAST_IMAGE_NAME":"20221106_s4c1_zero_000150.fits","DISK_SPACE":0,"FRAMES_DONE":50,"CCD_STATUS":"IDLE","CURRENT_TEMPERATURE":-36,"TEMPERATURE_STATUS":"TEMPERATURE_OFF","FRAME_EXPOSURE_TIME":0,"CCD_POWER_STATUS":true,"SERIAL_NUMBER":9914,"ACQUIRING":false}
11/6/2022 9:25 PM ResponseAcquisChD  RX=RETURNING_STATUS {"CUBE_EXPOSURE_TIME":0.00049999996554106473923,"CUBES_DONE":1,"LAST_IMAGE_NAME":"20221106_s4c4_zero_000050.fits","DISK_SPACE":0,"FRAMES_DONE":50,"CCD_STATUS":"IDLE","CURRENT_TEMPERATURE":-69,"TEMPERATURE_STATUS":"TEMPERATURE_STABILIZED","FRAME_EXPOSURE_TIME":0,"CCD_POWER_STATUS":true,"SERIAL_NUMBER":9917,"ACQUIRING":false}
11/6/2022 9:27 PM CommandAcquisChA  TX=SET EXPTIME 0.000010
11/6/2022 9:27 PM ResponseAcquisChA  RX=DONE
11/6/2022 9:27 PM CommandAcquisChA  TX=SET #FRAMES 50.000000
11/6/2022 9:27 PM ResponseAcquisChA  RX=DONE
11/6/2022 9:27 PM CommandAcquisChA  TX=SET #CUBES 1.0000 
11/6/2022 9:27 PM CommandAcquisChA  TX=SET SUFFIX zeroon
11/6/2022 9:27 PM ResponseAcquisChA  RX=DONE
11/6/2022 9:27 PM CommandAcquisChA  TX=SET OBSTYPE ZERO
11/6/2022 9:27 PM ResponseAcquisChA  RX=DONE
11/6/2022 9:27 PM ResponseAcquisChA  RX=DONE
11/6/2022 9:27 PM CommandAcquisChB  TX=SET EXPTIME 0.000010
11/6/2022 9:27 PM ResponseAcquisChB  RX=DONE
11/6/2022 9:27 PM CommandAcquisChB  TX=SET #FRAMES 50.000000
11/6/2022 9:27 PM ResponseAcquisChB  RX=DONE
11/6/2022 9:27 PM CommandAcquisChB  TX=SET #CUBES 1.0000 
11/6/2022 9:27 PM ResponseAcquisChB  RX=DONE
11/6/2022 9:27 PM CommandAcquisChB  TX=SET SUFFIX zeroon
11/6/2022 9:27 PM CommandAcquisChB  TX=SET OBSTYPE ZERO
11/6/2022 9:27 PM ResponseAcquisChB  RX=DONE
11/6/2022 9:27 PM CommandAcquisChC  TX=SET EXPTIME 0.000010
11/6/2022 9:27 PM ResponseAcquisChC  RX=DONE
11/6/2022 9:27 PM CommandAcquisChC  TX=SET #FRAMES 50.000000
11/6/2022 9:27 PM ResponseAcquisChC  RX=DONE
11/6/2022 9:27 PM CommandAcquisChC  TX=SET #CUBES 1.0000 
11/6/2022 9:27 PM ResponseAcquisChC  RX=DONE
11/6/2022 9:27 PM CommandAcquisChC  TX=SET SUFFIX zeroon
11/6/2022 9:27 PM ResponseAcquisChC  RX=DONE
11/6/2022 9:27 PM CommandAcquisChC  TX=SET OBSTYPE ZERO
11/6/2022 9:27 PM ResponseAcquisChC  RX=DONE
11/6/2022 9:27 PM CommandAcquisChD  TX=SET EXPTIME 0.000010
11/6/2022 9:27 PM ResponseAcquisChD  RX=DONE
11/6/2022 9:27 PM CommandAcquisChD  TX=SET #FRAMES 50.000000
11/6/2022 9:27 PM ResponseAcquisChD  RX=DONE
11/6/2022 9:27 PM CommandAcquisChD  TX=SET #CUBES 1.0000 
11/6/2022 9:27 PM CommandAcquisChD  TX=SET SUFFIX zeroon
11/6/2022 9:27 PM ResponseAcquisChD  RX=DONE
11/6/2022 9:27 PM CommandAcquisChD  TX=SET OBSTYPE ZERO
11/6/2022 9:27 PM ResponseAcquisChD  RX=DONE
11/6/2022 9:27 PM ResponseAcquisChD  RX=DONE
11/6/2022 9:27 PM CommandAcquisChA  TX=EXPOSE
11/6/2022 9:27 PM CommandAcquisChB  TX=EXPOSE
11/6/2022 9:27 PM CommandAcquisChC  TX=EXPOSE
11/6/2022 9:27 PM CommandAcquisChD  TX=EXPOSE
11/6/2022 9:29 PM CommandAcquisChA  TX=WRITE_SETUP {"ACQUISITION_MODE":3,"TRIGGER_MODE":0,"READ_MODE":4,"PREAMP":0,"READOUT_RATE":0,"VERTICAL_SHIFT_SPEED":3,"EM_MODE":1,"EM_GAIN":2,"SHUTTER_MODE":1,"SHUTTER_TTL":0,"SHUTTER_OPENING_TIME":1,"SHUTTER_CLOSING_TIME":1,"VBIN":1,"HBIN":1,"INITIAL_LINE":1,"INITIAL_COLUMN":1,"FINAL_LINE":1024,"FINAL_COLUMN":1024,"FRAME_TRANSFER":true,"VERTICAL_CLOCK_VOLTAGE":0,"AD_CHANNEL":0}
11/6/2022 9:29 PM CommandAcquisChB  TX=WRITE_SETUP {"ACQUISITION_MODE":3,"TRIGGER_MODE":0,"READ_MODE":4,"PREAMP":0,"READOUT_RATE":0,"VERTICAL_SHIFT_SPEED":3,"EM_MODE":1,"EM_GAIN":2,"SHUTTER_MODE":1,"SHUTTER_TTL":0,"SHUTTER_OPENING_TIME":1,"SHUTTER_CLOSING_TIME":1,"VBIN":1,"HBIN":1,"INITIAL_LINE":1,"INITIAL_COLUMN":1,"FINAL_LINE":1024,"FINAL_COLUMN":1024,"FRAME_TRANSFER":true,"VERTICAL_CLOCK_VOLTAGE":0,"AD_CHANNEL":0}
11/6/2022 9:29 PM CommandAcquisChC  TX=WRITE_SETUP {"ACQUISITION_MODE":3,"TRIGGER_MODE":0,"READ_MODE":4,"PREAMP":0,"READOUT_RATE":0,"VERTICAL_SHIFT_SPEED":3,"EM_MODE":1,"EM_GAIN":2,"SHUTTER_MODE":1,"SHUTTER_TTL":0,"SHUTTER_OPENING_TIME":1,"SHUTTER_CLOSING_TIME":1,"VBIN":1,"HBIN":1,"INITIAL_LINE":1,"INITIAL_COLUMN":1,"FINAL_LINE":1024,"FINAL_COLUMN":1024,"FRAME_TRANSFER":true,"VERTICAL_CLOCK_VOLTAGE":0,"AD_CHANNEL":0}
11/6/2022 9:29 PM CommandAcquisChD  TX=WRITE_SETUP {"ACQUISITION_MODE":3,"TRIGGER_MODE":0,"READ_MODE":4,"PREAMP":0,"READOUT_RATE":0,"VERTICAL_SHIFT_SPEED":3,"EM_MODE":1,"EM_GAIN":2,"SHUTTER_MODE":1,"SHUTTER_TTL":0,"SHUTTER_OPENING_TIME":1,"SHUTTER_CLOSING_TIME":1,"VBIN":1,"HBIN":1,"INITIAL_LINE":1,"INITIAL_COLUMN":1,"FINAL_LINE":1024,"FINAL_COLUMN":1024,"FRAME_TRANSFER":true,"VERTICAL_CLOCK_VOLTAGE":0,"AD_CHANNEL":0}
11/6/2022 9:29 PM CommandAcquisChA  TX=READ_SETUP 
11/6/2022 9:29 PM CommandAcquisChB  TX=READ_SETUP 
11/6/2022 9:29 PM CommandAcquisChC  TX=READ_SETUP 
11/6/2022 9:29 PM CommandAcquisChD  TX=READ_SETUP 
11/6/2022 9:29 PM ResponseAcquisChA  RX={"PREAMP":0,"READOUT_RATE":0,"EM_GAIN":2,"VERTICAL_SHIFT_SPEED":3,"READ_MODE":4,"FRAME_TRANSFER":true,"VERTICAL_CLOCK_VOLTAGE":0,"ACQUISITION_MODE":3,"AD_CHANNEL":0,"EM_MODE":1,"SHUTTER_TTL":0,"SHUTTER_OPENING_TIME":1,"SHUTTER_CLOSING_TIME":1,"SHUTTER_MODE":1,"TRIGGER_MODE":0,"VBIN":1,"INITIAL_LINE":1,"INITIAL_COLUMN":1,"FINAL_LINE":1024,"FINAL_COLUMN":1024,"HBIN":1}
11/6/2022 9:29 PM CommandAcquisChA  TX=SET COOLER_POWER_STATUS 0
11/6/2022 9:29 PM ResponseAcquisChB  RX={"PREAMP":0,"READOUT_RATE":0,"EM_GAIN":2,"VERTICAL_SHIFT_SPEED":3,"READ_MODE":4,"FRAME_TRANSFER":true,"VERTICAL_CLOCK_VOLTAGE":0,"ACQUISITION_MODE":3,"AD_CHANNEL":0,"EM_MODE":1,"SHUTTER_TTL":0,"SHUTTER_OPENING_TIME":1,"SHUTTER_CLOSING_TIME":1,"SHUTTER_MODE":1,"TRIGGER_MODE":0,"VBIN":1,"INITIAL_LINE":1,"INITIAL_COLUMN":1,"FINAL_LINE":1024,"FINAL_COLUMN":1024,"HBIN":1}
11/6/2022 9:29 PM CommandAcquisChB  TX=SET COOLER_POWER_STATUS 0
11/6/2022 9:29 PM ResponseAcquisChC  RX={"PREAMP":0,"READOUT_RATE":0,"EM_GAIN":2,"VERTICAL_SHIFT_SPEED":3,"READ_MODE":4,"FRAME_TRANSFER":true,"VERTICAL_CLOCK_VOLTAGE":0,"ACQUISITION_MODE":3,"AD_CHANNEL":0,"EM_MODE":1,"SHUTTER_TTL":0,"SHUTTER_OPENING_TIME":1,"SHUTTER_CLOSING_TIME":1,"SHUTTER_MODE":1,"TRIGGER_MODE":0,"VBIN":1,"INITIAL_LINE":1,"INITIAL_COLUMN":1,"FINAL_LINE":1024,"FINAL_COLUMN":1024,"HBIN":1}
11/6/2022 9:29 PM ResponseAcquisChD  RX={"PREAMP":0,"READOUT_RATE":0,"EM_GAIN":2,"VERTICAL_SHIFT_SPEED":3,"READ_MODE":4,"FRAME_TRANSFER":true,"VERTICAL_CLOCK_VOLTAGE":0,"ACQUISITION_MODE":3,"AD_CHANNEL":0,"EM_MODE":1,"SHUTTER_TTL":0,"SHUTTER_OPENING_TIME":1,"SHUTTER_CLOSING_TIME":1,"SHUTTER_MODE":1,"TRIGGER_MODE":0,"VBIN":1,"INITIAL_LINE":1,"INITIAL_COLUMN":1,"FINAL_LINE":1024,"FINAL_COLUMN":1024,"HBIN":1}
11/6/2022 9:29 PM ResponseAcquisChA  RX=DONE
11/6/2022 9:29 PM ResponseAcquisChB  RX=DONE
11/6/2022 9:29 PM CommandAcquisChC  TX=SET TEMP -70
11/6/2022 9:29 PM CommandAcquisChD  TX=SET TEMP -70
11/6/2022 9:29 PM CommandAcquisChC  TX=SET COOLER_POWER_STATUS 1
11/6/2022 9:29 PM CommandAcquisChD  TX=SET COOLER_POWER_STATUS 1
11/6/2022 9:29 PM ResponseAcquisChC  RX=DONE
11/6/2022 9:29 PM ResponseAcquisChD  RX=DONE
11/6/2022 9:29 PM ResponseAcquisChD  RX=DONE
11/6/2022 9:30 PM CommandAcquisChA  TX=SET EXPTIME 0.000010
11/6/2022 9:31 PM ResponseAcquisChA  RX=DONE
11/6/2022 9:31 PM CommandAcquisChA  TX=SET #FRAMES 50.000000
11/6/2022 9:31 PM CommandAcquisChA  TX=SET #CUBES 1.0000 
11/6/2022 9:31 PM ResponseAcquisChA  RX=DONE
11/6/2022 9:31 PM ResponseAcquisChA  RX=DONE
11/6/2022 9:31 PM CommandAcquisChA  TX=SET SUFFIX openon
11/6/2022 9:31 PM ResponseAcquisChA  RX=DONE
11/6/2022 9:31 PM CommandAcquisChA  TX=SET OBSTYPE OBJECT
11/6/2022 9:31 PM ResponseAcquisChA  RX=DONE
11/6/2022 9:31 PM CommandAcquisChB  TX=SET EXPTIME 0.000010
11/6/2022 9:31 PM ResponseAcquisChB  RX=DONE
11/6/2022 9:31 PM CommandAcquisChB  TX=SET #FRAMES 50.000000
11/6/2022 9:31 PM ResponseAcquisChB  RX=DONE
11/6/2022 9:31 PM CommandAcquisChB  TX=SET #CUBES 1.0000 
11/6/2022 9:31 PM ResponseAcquisChB  RX=DONE
11/6/2022 9:31 PM CommandAcquisChB  TX=SET SUFFIX openon
11/6/2022 9:31 PM ResponseAcquisChB  RX=DONE
11/6/2022 9:31 PM CommandAcquisChB  TX=SET OBSTYPE OBJECT
11/6/2022 9:31 PM ResponseAcquisChB  RX=DONE
11/6/2022 9:31 PM CommandAcquisChC  TX=SET EXPTIME 0.000010
11/6/2022 9:31 PM ResponseAcquisChC  RX=DONE
11/6/2022 9:31 PM CommandAcquisChC  TX=SET #FRAMES 50.000000
11/6/2022 9:31 PM ResponseAcquisChC  RX=DONE
11/6/2022 9:31 PM CommandAcquisChC  TX=SET #CUBES 1.0000 
11/6/2022 9:31 PM ResponseAcquisChC  RX=DONE
11/6/2022 9:31 PM CommandAcquisChC  TX=SET SUFFIX openon
11/6/2022 9:31 PM CommandAcquisChC  TX=SET OBSTYPE OBJECT
11/6/2022 9:31 PM ResponseAcquisChC  RX=DONE
11/6/2022 9:31 PM ResponseAcquisChC  RX=DONE
11/6/2022 9:31 PM CommandAcquisChD  TX=SET EXPTIME 0.000010
11/6/2022 9:31 PM ResponseAcquisChD  RX=DONE
11/6/2022 9:31 PM CommandAcquisChD  TX=SET #FRAMES 50.000000
11/6/2022 9:31 PM ResponseAcquisChD  RX=DONE
11/6/2022 9:31 PM CommandAcquisChD  TX=SET #CUBES 1.0000 
11/6/2022 9:31 PM ResponseAcquisChD  RX=DONE
11/6/2022 9:31 PM CommandAcquisChD  TX=SET SUFFIX openon
11/6/2022 9:31 PM ResponseAcquisChD  RX=DONE
11/6/2022 9:31 PM CommandAcquisChD  TX=SET OBSTYPE OBJECT
11/6/2022 9:31 PM ResponseAcquisChD  RX=DONE
11/6/2022 9:31 PM CommandAcquisChA  TX=EXPOSE
11/6/2022 9:31 PM CommandAcquisChB  TX=EXPOSE
11/6/2022 9:31 PM CommandAcquisChC  TX=EXPOSE
11/6/2022 9:31 PM CommandAcquisChD  TX=EXPOSE
11/6/2022 9:32 PM CommandAcquisChA  TX=SET EXPTIME 0.000010
11/6/2022 9:32 PM ResponseAcquisChA  RX=DONE
11/6/2022 9:32 PM CommandAcquisChA  TX=SET #FRAMES 50.000000
11/6/2022 9:32 PM ResponseAcquisChA  RX=DONE
11/6/2022 9:32 PM CommandAcquisChA  TX=SET #CUBES 1.0000 
11/6/2022 9:32 PM ResponseAcquisChA  RX=DONE
11/6/2022 9:32 PM CommandAcquisChA  TX=SET SUFFIX openoff
11/6/2022 9:32 PM CommandAcquisChA  TX=SET OBSTYPE OBJECT
11/6/2022 9:32 PM ResponseAcquisChA  RX=DONE
11/6/2022 9:32 PM ResponseAcquisChA  RX=DONE
11/6/2022 9:32 PM CommandAcquisChB  TX=SET EXPTIME 0.000010
11/6/2022 9:32 PM ResponseAcquisChB  RX=DONE
11/6/2022 9:32 PM CommandAcquisChB  TX=SET #FRAMES 50.000000
11/6/2022 9:32 PM ResponseAcquisChB  RX=DONE
11/6/2022 9:32 PM CommandAcquisChB  TX=SET #CUBES 1.0000 
11/6/2022 9:32 PM CommandAcquisChB  TX=SET SUFFIX openoff
11/6/2022 9:32 PM ResponseAcquisChB  RX=DONE
11/6/2022 9:32 PM CommandAcquisChB  TX=SET OBSTYPE OBJECT
11/6/2022 9:32 PM ResponseAcquisChB  RX=DONE
11/6/2022 9:32 PM ResponseAcquisChB  RX=DONE
11/6/2022 9:32 PM CommandAcquisChC  TX=SET EXPTIME 0.000010
11/6/2022 9:32 PM ResponseAcquisChC  RX=DONE
11/6/2022 9:32 PM CommandAcquisChC  TX=SET #FRAMES 50.000000
11/6/2022 9:32 PM ResponseAcquisChC  RX=DONE
11/6/2022 9:32 PM CommandAcquisChC  TX=SET #CUBES 1.0000 
11/6/2022 9:32 PM CommandAcquisChC  TX=SET SUFFIX openoff
11/6/2022 9:32 PM ResponseAcquisChC  RX=DONE
11/6/2022 9:32 PM CommandAcquisChC  TX=SET OBSTYPE OBJECT
11/6/2022 9:32 PM ResponseAcquisChC  RX=DONE
11/6/2022 9:32 PM ResponseAcquisChC  RX=DONE
11/6/2022 9:32 PM CommandAcquisChD  TX=SET EXPTIME 0.000010
11/6/2022 9:32 PM ResponseAcquisChD  RX=DONE
11/6/2022 9:32 PM CommandAcquisChD  TX=SET #FRAMES 50.000000
11/6/2022 9:32 PM ResponseAcquisChD  RX=DONE
11/6/2022 9:32 PM CommandAcquisChD  TX=SET #CUBES 1.0000 
11/6/2022 9:32 PM ResponseAcquisChD  RX=DONE
11/6/2022 9:32 PM CommandAcquisChD  TX=SET SUFFIX openoff
11/6/2022 9:32 PM CommandAcquisChD  TX=SET OBSTYPE OBJECT
11/6/2022 9:32 PM ResponseAcquisChD  RX=DONE
11/6/2022 9:32 PM ResponseAcquisChD  RX=DONE
11/6/2022 9:32 PM CommandAcquisChA  TX=EXPOSE
11/6/2022 9:32 PM CommandAcquisChB  TX=EXPOSE
11/6/2022 9:32 PM CommandAcquisChC  TX=EXPOSE
11/6/2022 9:32 PM CommandAcquisChD  TX=EXPOSE
11/6/2022 9:32 PM ResponseAcquisChA  RX=RETURNING_STATUS {"CUBE_EXPOSURE_TIME":0.00049999996554106473923,"CUBES_DONE":1,"LAST_IMAGE_NAME":"20221106_s4c1_openon_000300.fits","DISK_SPACE":0,"FRAMES_DONE":50,"CCD_STATUS":"IDLE","CURRENT_TEMPERATURE":13,"TEMPERATURE_STATUS":"TEMPERATURE_OFF","FRAME_EXPOSURE_TIME":0,"CCD_POWER_STATUS":true,"SERIAL_NUMBER":9914,"ACQUIRING":false}
11/6/2022 9:32 PM ResponseAcquisChB  RX=RETURNING_STATUS {"CUBE_EXPOSURE_TIME":0,"CUBES_DONE":1,"LAST_IMAGE_NAME":"20221106_s4c2_openon_000200.fits","DISK_SPACE":0,"FRAMES_DONE":50,"CCD_STATUS":"IDLE","CURRENT_TEMPERATURE":16,"TEMPERATURE_STATUS":"TEMPERATURE_OFF","FRAME_EXPOSURE_TIME":0,"CCD_POWER_STATUS":true,"SERIAL_NUMBER":9915,"ACQUIRING":false}
11/6/2022 9:32 PM ResponseAcquisChC  RX=RETURNING_STATUS {"CUBE_EXPOSURE_TIME":0.00049999996554106473923,"CUBES_DONE":1,"LAST_IMAGE_NAME":"20221106_s4c3_openon_000200.fits","DISK_SPACE":0,"FRAMES_DONE":50,"CCD_STATUS":"IDLE","CURRENT_TEMPERATURE":-70,"TEMPERATURE_STATUS":"TEMPERATURE_STABILIZED","FRAME_EXPOSURE_TIME":0,"CCD_POWER_STATUS":true,"SERIAL_NUMBER":9916,"ACQUIRING":false}
11/6/2022 9:32 PM ResponseAcquisChD  RX=RETURNING_STATUS {"CUBE_EXPOSURE_TIME":0.00049999996554106473923,"CUBES_DONE":1,"LAST_IMAGE_NAME":"20221106_s4c4_openon_000200.fits","DISK_SPACE":0,"FRAMES_DONE":50,"CCD_STATUS":"IDLE","CURRENT_TEMPERATURE":-69,"TEMPERATURE_STATUS":"TEMPERATURE_STABILIZED","FRAME_EXPOSURE_TIME":0,"CCD_POWER_STATUS":true,"SERIAL_NUMBER":9917,"ACQUIRING":false}
11/6/2022 9:33 PM CommandAcquisChA  TX=SET EXPTIME 1.000000
11/6/2022 9:33 PM ResponseAcquisChA  RX=DONE
11/6/2022 9:33 PM CommandAcquisChA  TX=SET #FRAMES 50.000000
11/6/2022 9:33 PM ResponseAcquisChA  RX=DONE
11/6/2022 9:33 PM CommandAcquisChA  TX=SET #CUBES 1.0000 
11/6/2022 9:33 PM ResponseAcquisChA  RX=DONE
11/6/2022 9:33 PM CommandAcquisChA  TX=SET SUFFIX openoff
11/6/2022 9:33 PM ResponseAcquisChA  RX=DONE
11/6/2022 9:33 PM CommandAcquisChA  TX=SET OBSTYPE OBJECT
11/6/2022 9:33 PM ResponseAcquisChA  RX=DONE
11/6/2022 9:33 PM CommandAcquisChB  TX=SET EXPTIME 1.000000
11/6/2022 9:33 PM ResponseAcquisChB  RX=DONE
11/6/2022 9:33 PM CommandAcquisChB  TX=SET #FRAMES 50.000000
11/6/2022 9:33 PM ResponseAcquisChB  RX=DONE
11/6/2022 9:33 PM CommandAcquisChB  TX=SET #CUBES 1.0000 
11/6/2022 9:34 PM ResponseAcquisChB  RX=DONE
11/6/2022 9:34 PM CommandAcquisChB  TX=SET SUFFIX openoff
11/6/2022 9:34 PM CommandAcquisChB  TX=SET OBSTYPE OBJECT
11/6/2022 9:34 PM ResponseAcquisChB  RX=DONE
11/6/2022 9:34 PM ResponseAcquisChB  RX=DONE
11/6/2022 9:34 PM CommandAcquisChC  TX=SET EXPTIME 1.000000
11/6/2022 9:34 PM ResponseAcquisChC  RX=DONE
11/6/2022 9:34 PM CommandAcquisChC  TX=SET #FRAMES 50.000000
11/6/2022 9:34 PM ResponseAcquisChC  RX=DONE
11/6/2022 9:34 PM CommandAcquisChC  TX=SET #CUBES 1.0000 
11/6/2022 9:34 PM CommandAcquisChC  TX=SET SUFFIX openoff
11/6/2022 9:34 PM ResponseAcquisChC  RX=DONE
11/6/2022 9:34 PM ResponseAcquisChC  RX=DONE
11/6/2022 9:34 PM CommandAcquisChC  TX=SET OBSTYPE OBJECT
11/6/2022 9:34 PM ResponseAcquisChC  RX=DONE
11/6/2022 9:34 PM CommandAcquisChD  TX=SET EXPTIME 1.000000
11/6/2022 9:34 PM ResponseAcquisChD  RX=DONE
11/6/2022 9:34 PM CommandAcquisChD  TX=SET #FRAMES 50.000000
11/6/2022 9:34 PM CommandAcquisChD  TX=SET #CUBES 1.0000 
11/6/2022 9:34 PM ResponseAcquisChD  RX=DONE
11/6/2022 9:34 PM CommandAcquisChD  TX=SET SUFFIX openoff
11/6/2022 9:34 PM ResponseAcquisChD  RX=DONE
11/6/2022 9:34 PM ResponseAcquisChD  RX=DONE
11/6/2022 9:34 PM CommandAcquisChD  TX=SET OBSTYPE OBJECT
11/6/2022 9:34 PM CommandAcquisChA  TX=EXPOSE
11/6/2022 9:34 PM CommandAcquisChB  TX=EXPOSE
11/6/2022 9:34 PM CommandAcquisChC  TX=EXPOSE
11/6/2022 9:34 PM CommandAcquisChD  TX=EXPOSE
11/6/2022 9:35 PM CommandAcquisChA  TX=SET TEMP -70
11/6/2022 9:35 PM CommandAcquisChA  TX=SET COOLER_POWER_STATUS 1
11/6/2022 9:35 PM ResponseAcquisChA  RX=DONE
11/6/2022 9:35 PM ResponseAcquisChA  RX=DONE
11/6/2022 9:35 PM CommandAcquisChB  TX=SET TEMP -70
11/6/2022 9:35 PM CommandAcquisChB  TX=SET COOLER_POWER_STATUS 1
11/6/2022 9:35 PM ResponseAcquisChB  RX=DONE
11/6/2022 9:42 PM CommandAcquisChA  TX=SET EXPTIME 1.000000
11/6/2022 9:42 PM ResponseAcquisChA  RX=DONE
11/6/2022 9:42 PM CommandAcquisChA  TX=SET #FRAMES 50.000000
11/6/2022 9:42 PM ResponseAcquisChA  RX=DONE
11/6/2022 9:42 PM CommandAcquisChA  TX=SET #CUBES 1.0000 
11/6/2022 9:42 PM CommandAcquisChA  TX=SET SUFFIX openoff
11/6/2022 9:42 PM ResponseAcquisChA  RX=DONE
11/6/2022 9:42 PM CommandAcquisChA  TX=SET OBSTYPE OBJECT
11/6/2022 9:42 PM ResponseAcquisChA  RX=DONE
11/6/2022 9:42 PM ResponseAcquisChA  RX=DONE
11/6/2022 9:42 PM CommandAcquisChB  TX=SET EXPTIME 1.000000
11/6/2022 9:42 PM ResponseAcquisChB  RX=DONE
11/6/2022 9:42 PM CommandAcquisChB  TX=SET #FRAMES 50.000000
11/6/2022 9:42 PM ResponseAcquisChB  RX=DONE
11/6/2022 9:42 PM CommandAcquisChB  TX=SET #CUBES 1.0000 
11/6/2022 9:42 PM ResponseAcquisChB  RX=DONE
11/6/2022 9:42 PM CommandAcquisChB  TX=SET SUFFIX openoff
11/6/2022 9:42 PM ResponseAcquisChB  RX=DONE
11/6/2022 9:42 PM CommandAcquisChB  TX=SET OBSTYPE OBJECT
11/6/2022 9:42 PM ResponseAcquisChB  RX=DONE
11/6/2022 9:42 PM CommandAcquisChC  TX=SET EXPTIME 1.000000
11/6/2022 9:42 PM ResponseAcquisChC  RX=DONE
11/6/2022 9:42 PM CommandAcquisChC  TX=SET #FRAMES 50.000000
11/6/2022 9:42 PM ResponseAcquisChC  RX=DONE
11/6/2022 9:42 PM CommandAcquisChC  TX=SET #CUBES 1.0000 
11/6/2022 9:42 PM ResponseAcquisChC  RX=DONE
11/6/2022 9:42 PM CommandAcquisChC  TX=SET SUFFIX openoff
11/6/2022 9:42 PM CommandAcquisChC  TX=SET OBSTYPE OBJECT
11/6/2022 9:42 PM ResponseAcquisChC  RX=DONE
11/6/2022 9:42 PM ResponseAcquisChC  RX=DONE
11/6/2022 9:42 PM CommandAcquisChD  TX=SET EXPTIME 1.000000
11/6/2022 9:42 PM ResponseAcquisChD  RX=DONE
11/6/2022 9:42 PM CommandAcquisChD  TX=SET #FRAMES 50.000000
11/6/2022 9:42 PM CommandAcquisChD  TX=SET #CUBES 1.0000 
11/6/2022 9:42 PM ResponseAcquisChD  RX=DONE
11/6/2022 9:42 PM ResponseAcquisChD  RX=DONE
11/6/2022 9:42 PM CommandAcquisChD  TX=SET SUFFIX openoff
11/6/2022 9:42 PM CommandAcquisChD  TX=SET OBSTYPE OBJECT
11/6/2022 9:42 PM ResponseAcquisChD  RX=DONE
11/6/2022 9:42 PM ResponseAcquisChD  RX=DONE
11/6/2022 9:42 PM CommandAcquisChA  TX=EXPOSE
11/6/2022 9:42 PM CommandAcquisChB  TX=EXPOSE
11/6/2022 9:42 PM CommandAcquisChC  TX=EXPOSE
11/6/2022 9:42 PM CommandAcquisChD  TX=EXPOSE
11/6/2022 9:44 PM CommandAcquisChA  TX=SET EXPTIME 1.000000
11/6/2022 9:44 PM ResponseAcquisChA  RX=DONE
11/6/2022 9:44 PM CommandAcquisChA  TX=SET #FRAMES 50.000000
11/6/2022 9:44 PM CommandAcquisChA  TX=SET #CUBES 1.0000 
11/6/2022 9:44 PM ResponseAcquisChA  RX=DONE
11/6/2022 9:44 PM ResponseAcquisChA  RX=DONE
11/6/2022 9:44 PM CommandAcquisChA  TX=SET SUFFIX openon
11/6/2022 9:44 PM CommandAcquisChA  TX=SET OBSTYPE OBJECT
11/6/2022 9:44 PM ResponseAcquisChA  RX=DONE
11/6/2022 9:44 PM ResponseAcquisChA  RX=DONE
11/6/2022 9:44 PM CommandAcquisChB  TX=SET EXPTIME 1.000000
11/6/2022 9:44 PM ResponseAcquisChB  RX=DONE
11/6/2022 9:44 PM CommandAcquisChB  TX=SET #FRAMES 50.000000
11/6/2022 9:44 PM ResponseAcquisChB  RX=DONE
11/6/2022 9:44 PM CommandAcquisChB  TX=SET #CUBES 1.0000 
11/6/2022 9:44 PM ResponseAcquisChB  RX=DONE
11/6/2022 9:44 PM CommandAcquisChB  TX=SET SUFFIX openon
11/6/2022 9:44 PM ResponseAcquisChB  RX=DONE
11/6/2022 9:44 PM CommandAcquisChB  TX=SET OBSTYPE OBJECT
11/6/2022 9:44 PM ResponseAcquisChB  RX=DONE
11/6/2022 9:44 PM CommandAcquisChC  TX=SET EXPTIME 1.000000
11/6/2022 9:44 PM ResponseAcquisChC  RX=DONE
11/6/2022 9:44 PM CommandAcquisChC  TX=SET #FRAMES 50.000000
11/6/2022 9:44 PM ResponseAcquisChC  RX=DONE
11/6/2022 9:44 PM CommandAcquisChC  TX=SET #CUBES 1.0000 
11/6/2022 9:44 PM ResponseAcquisChC  RX=DONE
11/6/2022 9:44 PM CommandAcquisChC  TX=SET SUFFIX openon
11/6/2022 9:44 PM ResponseAcquisChC  RX=DONE
11/6/2022 9:44 PM CommandAcquisChC  TX=SET OBSTYPE OBJECT
11/6/2022 9:44 PM ResponseAcquisChC  RX=DONE
11/6/2022 9:44 PM CommandAcquisChD  TX=SET EXPTIME 1.000000
11/6/2022 9:44 PM ResponseAcquisChD  RX=DONE
11/6/2022 9:44 PM CommandAcquisChD  TX=SET #FRAMES 50.000000
11/6/2022 9:44 PM ResponseAcquisChD  RX=DONE
11/6/2022 9:44 PM CommandAcquisChD  TX=SET #CUBES 1.0000 
11/6/2022 9:44 PM CommandAcquisChD  TX=SET SUFFIX openon
11/6/2022 9:44 PM ResponseAcquisChD  RX=DONE
11/6/2022 9:44 PM ResponseAcquisChD  RX=DONE
11/6/2022 9:44 PM CommandAcquisChD  TX=SET OBSTYPE OBJECT
11/6/2022 9:44 PM ResponseAcquisChD  RX=DONE
11/6/2022 9:44 PM CommandAcquisChA  TX=EXPOSE
11/6/2022 9:44 PM CommandAcquisChB  TX=EXPOSE
11/6/2022 9:44 PM CommandAcquisChC  TX=EXPOSE
11/6/2022 9:44 PM CommandAcquisChD  TX=EXPOSE
11/6/2022 9:46 PM CommandAcquisChA  TX=WRITE_SETUP {"ACQUISITION_MODE":3,"TRIGGER_MODE":0,"READ_MODE":4,"PREAMP":0,"READOUT_RATE":0,"VERTICAL_SHIFT_SPEED":3,"EM_MODE":1,"EM_GAIN":2,"SHUTTER_MODE":2,"SHUTTER_TTL":0,"SHUTTER_OPENING_TIME":1,"SHUTTER_CLOSING_TIME":1,"VBIN":1,"HBIN":1,"INITIAL_LINE":1,"INITIAL_COLUMN":1,"FINAL_LINE":1024,"FINAL_COLUMN":1024,"FRAME_TRANSFER":true,"VERTICAL_CLOCK_VOLTAGE":0,"AD_CHANNEL":0}
11/6/2022 9:46 PM CommandAcquisChB  TX=WRITE_SETUP {"ACQUISITION_MODE":3,"TRIGGER_MODE":0,"READ_MODE":4,"PREAMP":0,"READOUT_RATE":0,"VERTICAL_SHIFT_SPEED":3,"EM_MODE":1,"EM_GAIN":2,"SHUTTER_MODE":2,"SHUTTER_TTL":0,"SHUTTER_OPENING_TIME":1,"SHUTTER_CLOSING_TIME":1,"VBIN":1,"HBIN":1,"INITIAL_LINE":1,"INITIAL_COLUMN":1,"FINAL_LINE":1024,"FINAL_COLUMN":1024,"FRAME_TRANSFER":true,"VERTICAL_CLOCK_VOLTAGE":0,"AD_CHANNEL":0}
11/6/2022 9:46 PM CommandAcquisChC  TX=WRITE_SETUP {"ACQUISITION_MODE":3,"TRIGGER_MODE":0,"READ_MODE":4,"PREAMP":0,"READOUT_RATE":0,"VERTICAL_SHIFT_SPEED":3,"EM_MODE":1,"EM_GAIN":2,"SHUTTER_MODE":2,"SHUTTER_TTL":0,"SHUTTER_OPENING_TIME":1,"SHUTTER_CLOSING_TIME":1,"VBIN":1,"HBIN":1,"INITIAL_LINE":1,"INITIAL_COLUMN":1,"FINAL_LINE":1024,"FINAL_COLUMN":1024,"FRAME_TRANSFER":true,"VERTICAL_CLOCK_VOLTAGE":0,"AD_CHANNEL":0}
11/6/2022 9:46 PM CommandAcquisChD  TX=WRITE_SETUP {"ACQUISITION_MODE":3,"TRIGGER_MODE":0,"READ_MODE":4,"PREAMP":0,"READOUT_RATE":0,"VERTICAL_SHIFT_SPEED":3,"EM_MODE":1,"EM_GAIN":2,"SHUTTER_MODE":2,"SHUTTER_TTL":0,"SHUTTER_OPENING_TIME":1,"SHUTTER_CLOSING_TIME":1,"VBIN":1,"HBIN":1,"INITIAL_LINE":1,"INITIAL_COLUMN":1,"FINAL_LINE":1024,"FINAL_COLUMN":1024,"FRAME_TRANSFER":true,"VERTICAL_CLOCK_VOLTAGE":0,"AD_CHANNEL":0}
11/6/2022 9:46 PM CommandAcquisChA  TX=READ_SETUP 
11/6/2022 9:46 PM ResponseAcquisChA  RX={"PREAMP":0,"READOUT_RATE":0,"EM_GAIN":2,"VERTICAL_SHIFT_SPEED":3,"READ_MODE":4,"FRAME_TRANSFER":true,"VERTICAL_CLOCK_VOLTAGE":0,"ACQUISITION_MODE":3,"AD_CHANNEL":0,"EM_MODE":1,"SHUTTER_TTL":0,"SHUTTER_OPENING_TIME":1,"SHUTTER_CLOSING_TIME":1,"SHUTTER_MODE":2,"TRIGGER_MODE":0,"VBIN":1,"INITIAL_LINE":1,"INITIAL_COLUMN":1,"FINAL_LINE":1024,"FINAL_COLUMN":1024,"HBIN":1}
11/6/2022 9:46 PM CommandAcquisChA  TX=SET TEMP -70
11/6/2022 9:46 PM CommandAcquisChA  TX=SET COOLER_POWER_STATUS 1
11/6/2022 9:46 PM ResponseAcquisChA  RX=DONE
11/6/2022 9:46 PM CommandAcquisChB  TX=READ_SETUP 
11/6/2022 9:46 PM ResponseAcquisChB  RX={"PREAMP":0,"READOUT_RATE":0,"EM_GAIN":2,"VERTICAL_SHIFT_SPEED":3,"READ_MODE":4,"FRAME_TRANSFER":true,"VERTICAL_CLOCK_VOLTAGE":0,"ACQUISITION_MODE":3,"AD_CHANNEL":0,"EM_MODE":1,"SHUTTER_TTL":0,"SHUTTER_OPENING_TIME":1,"SHUTTER_CLOSING_TIME":1,"SHUTTER_MODE":2,"TRIGGER_MODE":0,"VBIN":1,"INITIAL_LINE":1,"INITIAL_COLUMN":1,"FINAL_LINE":1024,"FINAL_COLUMN":1024,"HBIN":1}
11/6/2022 9:46 PM CommandAcquisChB  TX=SET TEMP -70
11/6/2022 9:46 PM CommandAcquisChB  TX=SET COOLER_POWER_STATUS 1
11/6/2022 9:46 PM ResponseAcquisChB  RX=DONE
11/6/2022 9:46 PM CommandAcquisChC  TX=READ_SETUP 
11/6/2022 9:46 PM ResponseAcquisChC  RX={"PREAMP":0,"READOUT_RATE":0,"EM_GAIN":2,"VERTICAL_SHIFT_SPEED":3,"READ_MODE":4,"FRAME_TRANSFER":true,"VERTICAL_CLOCK_VOLTAGE":0,"ACQUISITION_MODE":3,"AD_CHANNEL":0,"EM_MODE":1,"SHUTTER_TTL":0,"SHUTTER_OPENING_TIME":1,"SHUTTER_CLOSING_TIME":1,"SHUTTER_MODE":2,"TRIGGER_MODE":0,"VBIN":1,"INITIAL_LINE":1,"INITIAL_COLUMN":1,"FINAL_LINE":1024,"FINAL_COLUMN":1024,"HBIN":1}
11/6/2022 9:46 PM CommandAcquisChC  TX=SET TEMP -70
11/6/2022 9:46 PM ResponseAcquisChC  RX=DONE
11/6/2022 9:46 PM CommandAcquisChC  TX=SET COOLER_POWER_STATUS 1
11/6/2022 9:46 PM ResponseAcquisChC  RX=DONE
11/6/2022 9:46 PM CommandAcquisChD  TX=READ_SETUP 
11/6/2022 9:46 PM ResponseAcquisChD  RX={"PREAMP":0,"READOUT_RATE":0,"EM_GAIN":2,"VERTICAL_SHIFT_SPEED":3,"READ_MODE":4,"FRAME_TRANSFER":true,"VERTICAL_CLOCK_VOLTAGE":0,"ACQUISITION_MODE":3,"AD_CHANNEL":0,"EM_MODE":1,"SHUTTER_TTL":0,"SHUTTER_OPENING_TIME":1,"SHUTTER_CLOSING_TIME":1,"SHUTTER_MODE":2,"TRIGGER_MODE":0,"VBIN":1,"INITIAL_LINE":1,"INITIAL_COLUMN":1,"FINAL_LINE":1024,"FINAL_COLUMN":1024,"HBIN":1}
11/6/2022 9:46 PM CommandAcquisChD  TX=SET TEMP -70
11/6/2022 9:46 PM CommandAcquisChD  TX=SET COOLER_POWER_STATUS 1
11/6/2022 9:46 PM ResponseAcquisChD  RX=DONE
11/6/2022 9:47 PM CommandAcquisChA  TX=SET EXPTIME 1.000000
11/6/2022 9:47 PM ResponseAcquisChA  RX=DONE
11/6/2022 9:47 PM CommandAcquisChA  TX=SET #FRAMES 50.000000
11/6/2022 9:47 PM ResponseAcquisChA  RX=DONE
11/6/2022 9:47 PM CommandAcquisChA  TX=SET #CUBES 1.0000 
11/6/2022 9:47 PM CommandAcquisChA  TX=SET SUFFIX closeon
11/6/2022 9:47 PM ResponseAcquisChA  RX=DONE
11/6/2022 9:47 PM ResponseAcquisChA  RX=DONE
11/6/2022 9:47 PM CommandAcquisChA  TX=SET OBSTYPE OBJECT
11/6/2022 9:47 PM ResponseAcquisChA  RX=DONE
11/6/2022 9:47 PM CommandAcquisChB  TX=SET EXPTIME 1.000000
11/6/2022 9:47 PM ResponseAcquisChB  RX=DONE
11/6/2022 9:47 PM CommandAcquisChB  TX=SET #FRAMES 50.000000
11/6/2022 9:47 PM ResponseAcquisChB  RX=DONE
11/6/2022 9:47 PM CommandAcquisChB  TX=SET #CUBES 1.0000 
11/6/2022 9:47 PM ResponseAcquisChB  RX=DONE
11/6/2022 9:47 PM CommandAcquisChB  TX=SET SUFFIX closeon
11/6/2022 9:47 PM ResponseAcquisChB  RX=DONE
11/6/2022 9:47 PM CommandAcquisChB  TX=SET OBSTYPE OBJECT
11/6/2022 9:47 PM ResponseAcquisChB  RX=DONE
11/6/2022 9:47 PM CommandAcquisChC  TX=SET EXPTIME 1.000000
11/6/2022 9:47 PM ResponseAcquisChC  RX=DONE
11/6/2022 9:47 PM CommandAcquisChC  TX=SET #FRAMES 50.000000
11/6/2022 9:47 PM CommandAcquisChC  TX=SET #CUBES 1.0000 
11/6/2022 9:47 PM ResponseAcquisChC  RX=DONE
11/6/2022 9:47 PM CommandAcquisChC  TX=SET SUFFIX closeon
11/6/2022 9:47 PM ResponseAcquisChC  RX=DONE
11/6/2022 9:47 PM ResponseAcquisChC  RX=DONE
11/6/2022 9:47 PM CommandAcquisChC  TX=SET OBSTYPE OBJECT
11/6/2022 9:47 PM ResponseAcquisChC  RX=DONE
11/6/2022 9:47 PM CommandAcquisChD  TX=SET EXPTIME 1.000000
11/6/2022 9:47 PM ResponseAcquisChD  RX=RETURNING_STATUS {"CUBE_EXPOSURE_TIME":50,"CUBES_DONE":1,"LAST_IMAGE_NAME":"20221106_s4c4_openon_000400.fits","DISK_SPACE":0,"FRAMES_DONE":50,"CCD_STATUS":"IDLE","CURRENT_TEMPERATURE":-69,"TEMPERATURE_STATUS":"TEMPERATURE_STABILIZED","FRAME_EXPOSURE_TIME":1,"CCD_POWER_STATUS":true,"SERIAL_NUMBER":9917,"ACQUIRING":false}
11/6/2022 9:47 PM ResponseAcquisChD  RX=DONE
11/6/2022 9:47 PM CommandAcquisChD  TX=SET #FRAMES 50.000000
11/6/2022 9:47 PM ResponseAcquisChD  RX=DONE
11/6/2022 9:47 PM CommandAcquisChD  TX=SET #CUBES 1.0000 
11/6/2022 9:47 PM CommandAcquisChD  TX=SET SUFFIX closeon
11/6/2022 9:47 PM ResponseAcquisChD  RX=DONE
11/6/2022 9:47 PM ResponseAcquisChD  RX=DONE
11/6/2022 9:47 PM CommandAcquisChD  TX=SET OBSTYPE OBJECT
11/6/2022 9:47 PM ResponseAcquisChD  RX=DONE
11/6/2022 9:47 PM CommandAcquisChA  TX=EXPOSE
11/6/2022 9:47 PM CommandAcquisChB  TX=EXPOSE
11/6/2022 9:47 PM CommandAcquisChC  TX=EXPOSE
11/6/2022 9:47 PM CommandAcquisChD  TX=EXPOSE
11/6/2022 9:50 PM CommandAcquisChA  TX=SET EXPTIME 1.000000
11/6/2022 9:50 PM ResponseAcquisChA  RX=DONE
11/6/2022 9:50 PM CommandAcquisChA  TX=SET #FRAMES 50.000000
11/6/2022 9:50 PM CommandAcquisChA  TX=SET #CUBES 1.0000 
11/6/2022 9:50 PM ResponseAcquisChA  RX=DONE
11/6/2022 9:50 PM CommandAcquisChA  TX=SET SUFFIX closeoff
11/6/2022 9:50 PM ResponseAcquisChA  RX=DONE
11/6/2022 9:50 PM ResponseAcquisChA  RX=DONE
11/6/2022 9:50 PM CommandAcquisChA  TX=SET OBSTYPE OBJECT
11/6/2022 9:50 PM ResponseAcquisChA  RX=DONE
11/6/2022 9:50 PM CommandAcquisChB  TX=SET EXPTIME 1.000000
11/6/2022 9:50 PM ResponseAcquisChB  RX=DONE
11/6/2022 9:50 PM CommandAcquisChB  TX=SET #FRAMES 50.000000
11/6/2022 9:50 PM ResponseAcquisChB  RX=DONE
11/6/2022 9:50 PM CommandAcquisChB  TX=SET #CUBES 1.0000 
11/6/2022 9:50 PM ResponseAcquisChB  RX=DONE
11/6/2022 9:50 PM CommandAcquisChB  TX=SET SUFFIX closeoff
11/6/2022 9:50 PM ResponseAcquisChB  RX=DONE
11/6/2022 9:50 PM CommandAcquisChB  TX=SET OBSTYPE OBJECT
11/6/2022 9:50 PM ResponseAcquisChB  RX=DONE
11/6/2022 9:50 PM CommandAcquisChC  TX=SET EXPTIME 1.000000
11/6/2022 9:50 PM ResponseAcquisChC  RX=DONE
11/6/2022 9:50 PM CommandAcquisChC  TX=SET #FRAMES 50.000000
11/6/2022 9:50 PM ResponseAcquisChC  RX=DONE
11/6/2022 9:50 PM CommandAcquisChC  TX=SET #CUBES 1.0000 
11/6/2022 9:50 PM ResponseAcquisChC  RX=DONE
11/6/2022 9:50 PM CommandAcquisChC  TX=SET SUFFIX closeoff
11/6/2022 9:50 PM CommandAcquisChC  TX=SET OBSTYPE OBJECT
11/6/2022 9:50 PM ResponseAcquisChC  RX=DONE
11/6/2022 9:50 PM ResponseAcquisChC  RX=DONE
11/6/2022 9:50 PM CommandAcquisChD  TX=SET EXPTIME 1.000000
11/6/2022 9:50 PM ResponseAcquisChD  RX=DONE
11/6/2022 9:50 PM CommandAcquisChD  TX=SET #FRAMES 50.000000
11/6/2022 9:50 PM CommandAcquisChD  TX=SET #CUBES 1.0000 
11/6/2022 9:50 PM ResponseAcquisChD  RX=DONE
11/6/2022 9:50 PM CommandAcquisChD  TX=SET SUFFIX closeoff
11/6/2022 9:50 PM ResponseAcquisChD  RX=DONE
11/6/2022 9:50 PM CommandAcquisChD  TX=SET OBSTYPE OBJECT
11/6/2022 9:50 PM ResponseAcquisChD  RX=DONE
11/6/2022 9:50 PM ResponseAcquisChD  RX=DONE
11/6/2022 9:50 PM CommandAcquisChA  TX=EXPOSE
11/6/2022 9:50 PM CommandAcquisChB  TX=EXPOSE
11/6/2022 9:50 PM CommandAcquisChC  TX=EXPOSE
11/6/2022 9:50 PM CommandAcquisChD  TX=EXPOSE
11/6/2022 9:53 PM CommandAcquisChA  TX=WRITE_SETUP {"ACQUISITION_MODE":3,"TRIGGER_MODE":0,"READ_MODE":4,"PREAMP":0,"READOUT_RATE":0,"VERTICAL_SHIFT_SPEED":3,"EM_MODE":1,"EM_GAIN":2,"SHUTTER_MODE":1,"SHUTTER_TTL":0,"SHUTTER_OPENING_TIME":1,"SHUTTER_CLOSING_TIME":1,"VBIN":1,"HBIN":1,"INITIAL_LINE":1,"INITIAL_COLUMN":1,"FINAL_LINE":1024,"FINAL_COLUMN":1024,"FRAME_TRANSFER":true,"VERTICAL_CLOCK_VOLTAGE":0,"AD_CHANNEL":0}
11/6/2022 9:53 PM CommandAcquisChB  TX=WRITE_SETUP {"ACQUISITION_MODE":3,"TRIGGER_MODE":0,"READ_MODE":4,"PREAMP":0,"READOUT_RATE":0,"VERTICAL_SHIFT_SPEED":3,"EM_MODE":1,"EM_GAIN":2,"SHUTTER_MODE":1,"SHUTTER_TTL":0,"SHUTTER_OPENING_TIME":1,"SHUTTER_CLOSING_TIME":1,"VBIN":1,"HBIN":1,"INITIAL_LINE":1,"INITIAL_COLUMN":1,"FINAL_LINE":1024,"FINAL_COLUMN":1024,"FRAME_TRANSFER":true,"VERTICAL_CLOCK_VOLTAGE":0,"AD_CHANNEL":0}
11/6/2022 9:53 PM CommandAcquisChC  TX=WRITE_SETUP {"ACQUISITION_MODE":3,"TRIGGER_MODE":0,"READ_MODE":4,"PREAMP":0,"READOUT_RATE":0,"VERTICAL_SHIFT_SPEED":3,"EM_MODE":1,"EM_GAIN":2,"SHUTTER_MODE":1,"SHUTTER_TTL":0,"SHUTTER_OPENING_TIME":1,"SHUTTER_CLOSING_TIME":1,"VBIN":1,"HBIN":1,"INITIAL_LINE":1,"INITIAL_COLUMN":1,"FINAL_LINE":1024,"FINAL_COLUMN":1024,"FRAME_TRANSFER":true,"VERTICAL_CLOCK_VOLTAGE":0,"AD_CHANNEL":0}
11/6/2022 9:53 PM CommandAcquisChD  TX=WRITE_SETUP {"ACQUISITION_MODE":3,"TRIGGER_MODE":0,"READ_MODE":4,"PREAMP":0,"READOUT_RATE":0,"VERTICAL_SHIFT_SPEED":3,"EM_MODE":1,"EM_GAIN":2,"SHUTTER_MODE":1,"SHUTTER_TTL":0,"SHUTTER_OPENING_TIME":1,"SHUTTER_CLOSING_TIME":1,"VBIN":1,"HBIN":1,"INITIAL_LINE":1,"INITIAL_COLUMN":1,"FINAL_LINE":1024,"FINAL_COLUMN":1024,"FRAME_TRANSFER":true,"VERTICAL_CLOCK_VOLTAGE":0,"AD_CHANNEL":0}
11/6/2022 9:53 PM CommandAcquisChA  TX=READ_SETUP 
11/6/2022 9:53 PM CommandAcquisChB  TX=READ_SETUP 
11/6/2022 9:53 PM CommandAcquisChC  TX=READ_SETUP 
11/6/2022 9:53 PM CommandAcquisChD  TX=READ_SETUP 
11/6/2022 9:53 PM ResponseAcquisChC  RX={"PREAMP":0,"READOUT_RATE":0,"EM_GAIN":2,"VERTICAL_SHIFT_SPEED":3,"READ_MODE":4,"FRAME_TRANSFER":true,"VERTICAL_CLOCK_VOLTAGE":0,"ACQUISITION_MODE":3,"AD_CHANNEL":0,"EM_MODE":1,"SHUTTER_TTL":0,"SHUTTER_OPENING_TIME":1,"SHUTTER_CLOSING_TIME":1,"SHUTTER_MODE":1,"TRIGGER_MODE":0,"VBIN":1,"INITIAL_LINE":1,"INITIAL_COLUMN":1,"FINAL_LINE":1024,"FINAL_COLUMN":1024,"HBIN":1}
11/6/2022 9:53 PM ResponseAcquisChD  RX={"PREAMP":0,"READOUT_RATE":0,"EM_GAIN":2,"VERTICAL_SHIFT_SPEED":3,"READ_MODE":4,"FRAME_TRANSFER":true,"VERTICAL_CLOCK_VOLTAGE":0,"ACQUISITION_MODE":3,"AD_CHANNEL":0,"EM_MODE":1,"SHUTTER_TTL":0,"SHUTTER_OPENING_TIME":1,"SHUTTER_CLOSING_TIME":1,"SHUTTER_MODE":1,"TRIGGER_MODE":0,"VBIN":1,"INITIAL_LINE":1,"INITIAL_COLUMN":1,"FINAL_LINE":1024,"FINAL_COLUMN":1024,"HBIN":1}
11/6/2022 9:53 PM ResponseAcquisChA  RX={"PREAMP":0,"READOUT_RATE":0,"EM_GAIN":2,"VERTICAL_SHIFT_SPEED":3,"READ_MODE":4,"FRAME_TRANSFER":true,"VERTICAL_CLOCK_VOLTAGE":0,"ACQUISITION_MODE":3,"AD_CHANNEL":0,"EM_MODE":1,"SHUTTER_TTL":0,"SHUTTER_OPENING_TIME":1,"SHUTTER_CLOSING_TIME":1,"SHUTTER_MODE":1,"TRIGGER_MODE":0,"VBIN":1,"INITIAL_LINE":1,"INITIAL_COLUMN":1,"FINAL_LINE":1024,"FINAL_COLUMN":1024,"HBIN":1}
11/6/2022 9:53 PM CommandAcquisChA  TX=SET TEMP -70
11/6/2022 9:53 PM ResponseAcquisChB  RX={"PREAMP":0,"READOUT_RATE":0,"EM_GAIN":2,"VERTICAL_SHIFT_SPEED":3,"READ_MODE":4,"FRAME_TRANSFER":true,"VERTICAL_CLOCK_VOLTAGE":0,"ACQUISITION_MODE":3,"AD_CHANNEL":0,"EM_MODE":1,"SHUTTER_TTL":0,"SHUTTER_OPENING_TIME":1,"SHUTTER_CLOSING_TIME":1,"SHUTTER_MODE":1,"TRIGGER_MODE":0,"VBIN":1,"INITIAL_LINE":1,"INITIAL_COLUMN":1,"FINAL_LINE":1024,"FINAL_COLUMN":1024,"HBIN":1}
11/6/2022 9:53 PM CommandAcquisChB  TX=SET TEMP -70
11/6/2022 9:53 PM CommandAcquisChC  TX=SET TEMP -70
11/6/2022 9:53 PM CommandAcquisChD  TX=SET TEMP -70
11/6/2022 9:53 PM CommandAcquisChA  TX=SET COOLER_POWER_STATUS 1
11/6/2022 9:53 PM CommandAcquisChB  TX=SET COOLER_POWER_STATUS 1
11/6/2022 9:53 PM CommandAcquisChC  TX=SET COOLER_POWER_STATUS 1
11/6/2022 9:53 PM CommandAcquisChD  TX=SET COOLER_POWER_STATUS 1
11/6/2022 9:53 PM ResponseAcquisChA  RX=DONE
11/6/2022 9:53 PM ResponseAcquisChB  RX=DONE
11/6/2022 9:53 PM ResponseAcquisChC  RX=DONE
11/6/2022 9:53 PM ResponseAcquisChD  RX=DONE
11/6/2022 9:53 PM ResponseAcquisChC  RX=DONE
11/6/2022 9:56 PM CommandAcquisChA  TX=SET EXPTIME 100.000000
11/6/2022 9:56 PM ResponseAcquisChA  RX=DONE
11/6/2022 9:56 PM CommandAcquisChA  TX=SET #FRAMES 30.000000
11/6/2022 9:56 PM ResponseAcquisChA  RX=DONE
11/6/2022 9:56 PM CommandAcquisChA  TX=SET #CUBES 1.0000 
11/6/2022 9:56 PM ResponseAcquisChA  RX=DONE
11/6/2022 9:56 PM CommandAcquisChA  TX=SET SUFFIX DFLAT
11/6/2022 9:56 PM ResponseAcquisChA  RX=DONE
11/6/2022 9:56 PM CommandAcquisChA  TX=SET OBSTYPE DFLAT
11/6/2022 9:56 PM ResponseAcquisChA  RX=DONE
11/6/2022 9:56 PM CommandAcquisChB  TX=SET EXPTIME 20.000000
11/6/2022 9:56 PM ResponseAcquisChB  RX=DONE
11/6/2022 9:56 PM CommandAcquisChB  TX=SET #FRAMES 150.000000
11/6/2022 9:56 PM ResponseAcquisChB  RX=DONE
11/6/2022 9:56 PM CommandAcquisChB  TX=SET #CUBES 1.0000 
11/6/2022 9:56 PM CommandAcquisChB  TX=SET SUFFIX DFLAT
11/6/2022 9:56 PM ResponseAcquisChB  RX=DONE
11/6/2022 9:56 PM CommandAcquisChB  TX=SET OBSTYPE DFLAT
11/6/2022 9:56 PM ResponseAcquisChB  RX=DONE
11/6/2022 9:56 PM ResponseAcquisChB  RX=DONE
11/6/2022 9:56 PM CommandAcquisChC  TX=SET EXPTIME 25.000000
11/6/2022 9:56 PM ResponseAcquisChC  RX=DONE
11/6/2022 9:56 PM CommandAcquisChC  TX=SET #FRAMES 120.000000
11/6/2022 9:56 PM CommandAcquisChC  TX=SET #CUBES 1.0000 
11/6/2022 9:56 PM ResponseAcquisChC  RX=DONE
11/6/2022 9:56 PM CommandAcquisChC  TX=SET SUFFIX DFLAT
11/6/2022 9:56 PM ResponseAcquisChC  RX=DONE
11/6/2022 9:56 PM CommandAcquisChC  TX=SET OBSTYPE DFLAT
11/6/2022 9:56 PM ResponseAcquisChC  RX=DONE
11/6/2022 9:56 PM CommandAcquisChD  TX=SET EXPTIME 30.000000
11/6/2022 9:56 PM ResponseAcquisChD  RX=DONE
11/6/2022 9:56 PM CommandAcquisChD  TX=SET #FRAMES 100.000000
11/6/2022 9:56 PM ResponseAcquisChD  RX=DONE
11/6/2022 9:56 PM CommandAcquisChD  TX=SET #CUBES 1.0000 
11/6/2022 9:56 PM ResponseAcquisChD  RX=DONE
11/6/2022 9:56 PM CommandAcquisChD  TX=SET SUFFIX DFLAT
11/6/2022 9:56 PM CommandAcquisChD  TX=SET OBSTYPE DFLAT
11/6/2022 9:56 PM ResponseAcquisChD  RX=DONE
11/6/2022 9:56 PM ResponseAcquisChD  RX=DONE
11/6/2022 9:56 PM CommandAcquisChA  TX=EXPOSE
11/6/2022 9:56 PM CommandAcquisChB  TX=EXPOSE
11/6/2022 9:56 PM CommandAcquisChC  TX=EXPOSE
11/6/2022 9:56 PM CommandAcquisChD  TX=EXPOSE
