9/14/2022 2:49 PM CommandAcquisChA  TX=WRITE_SETUP {"ACQUISITION_MODE":3,"TRIGGER_MODE":6,"READ_MODE":4,"PREAMP":0,"READOUT_RATE":0,"VERTICAL_SHIFT_SPEED":3,"EM_MODE":1,"EM_GAIN":2,"SHUTTER_MODE":2,"SHUTTER_TTL":0,"SHUTTER_OPENING_TIME":1,"SHUTTER_CLOSING_TIME":1,"VBIN":1,"HBIN":1,"INITIAL_LINE":1,"INITIAL_COLUMN":1,"FINAL_LINE":1024,"FINAL_COLUMN":1024,"FRAME_TRANSFER":true,"VERTICAL_CLOCK_VOLTAGE":0,"AD_CHANNEL":0}
9/14/2022 2:49 PM CommandAcquisChB  TX=WRITE_SETUP {"ACQUISITION_MODE":3,"TRIGGER_MODE":1,"READ_MODE":0,"PREAMP":0,"READOUT_RATE":0,"VERTICAL_SHIFT_SPEED":0,"EM_MODE":1,"EM_GAIN":2,"SHUTTER_MODE":2,"SHUTTER_TTL":0,"SHUTTER_OPENING_TIME":1,"SHUTTER_CLOSING_TIME":1,"VBIN":1,"HBIN":1,"INITIAL_LINE":1,"INITIAL_COLUMN":1,"FINAL_LINE":1024,"FINAL_COLUMN":1024,"FRAME_TRANSFER":true,"VERTICAL_CLOCK_VOLTAGE":0,"AD_CHANNEL":0}
9/14/2022 2:49 PM CommandAcquisChC  TX=WRITE_SETUP {"ACQUISITION_MODE":3,"TRIGGER_MODE":1,"READ_MODE":0,"PREAMP":0,"READOUT_RATE":0,"VERTICAL_SHIFT_SPEED":0,"EM_MODE":1,"EM_GAIN":2,"SHUTTER_MODE":2,"SHUTTER_TTL":0,"SHUTTER_OPENING_TIME":1,"SHUTTER_CLOSING_TIME":1,"VBIN":1,"HBIN":1,"INITIAL_LINE":1,"INITIAL_COLUMN":1,"FINAL_LINE":1024,"FINAL_COLUMN":1024,"FRAME_TRANSFER":true,"VERTICAL_CLOCK_VOLTAGE":0,"AD_CHANNEL":0}
9/14/2022 2:49 PM CommandAcquisChD  TX=WRITE_SETUP {"ACQUISITION_MODE":3,"TRIGGER_MODE":0,"READ_MODE":4,"PREAMP":0,"READOUT_RATE":0,"VERTICAL_SHIFT_SPEED":3,"EM_MODE":1,"EM_GAIN":2,"SHUTTER_MODE":2,"SHUTTER_TTL":0,"SHUTTER_OPENING_TIME":1,"SHUTTER_CLOSING_TIME":1,"VBIN":1,"HBIN":1,"INITIAL_LINE":1,"INITIAL_COLUMN":1,"FINAL_LINE":1024,"FINAL_COLUMN":1024,"FRAME_TRANSFER":true,"VERTICAL_CLOCK_VOLTAGE":0,"AD_CHANNEL":0}
9/14/2022 2:49 PM CommandSyncBox  TX=ADELAY 0m

9/14/2022 2:49 PM ResponseSyncBox  RX=OK

9/14/2022 2:49 PM CommandSyncBox  TX=BDELAY 0m

9/14/2022 2:49 PM ResponseSyncBox  RX=OK

9/14/2022 2:49 PM CommandSyncBox  TX=CDELAY 0m

9/14/2022 2:49 PM ResponseSyncBox  RX=OK

9/14/2022 2:49 PM CommandSyncBox  TX=DDELAY 0m

9/14/2022 2:49 PM ResponseSyncBox  RX=OK

9/14/2022 2:49 PM CommandSyncBox  TX=AWIDTH 200m

9/14/2022 2:49 PM ResponseSyncBox  RX=OK

9/14/2022 2:49 PM CommandSyncBox  TX=BWIDTH 200m

9/14/2022 2:49 PM ResponseSyncBox  RX=OK

9/14/2022 2:49 PM CommandSyncBox  TX=CWIDTH 200m

9/14/2022 2:49 PM ResponseSyncBox  RX=OK

9/14/2022 2:49 PM CommandSyncBox  TX=DWIDTH 200m

9/14/2022 2:49 PM ResponseSyncBox  RX=OK

9/14/2022 2:49 PM CommandSyncBox  TX=aset on

9/14/2022 2:49 PM ResponseSyncBox  RX=OK

9/14/2022 2:49 PM CommandSyncBox  TX=bset on

9/14/2022 2:49 PM ResponseSyncBox  RX=OK

9/14/2022 2:49 PM CommandSyncBox  TX=cset on

9/14/2022 2:49 PM ResponseSyncBox  RX=OK

9/14/2022 2:49 PM CommandSyncBox  TX=dset on

9/14/2022 2:49 PM ResponseSyncBox  RX=OK

9/14/2022 2:49 PM CommandSyncBox  TX=IN

9/14/2022 2:49 PM ResponseSyncBox  RX=OK

9/14/2022 2:50 PM CommandAcquisChA  TX=READ_SETUP 
9/14/2022 2:50 PM CommandAcquisChB  TX=READ_SETUP 
9/14/2022 2:50 PM CommandAcquisChC  TX=READ_SETUP 
9/14/2022 2:50 PM CommandAcquisChD  TX=READ_SETUP 
9/14/2022 2:50 PM ResponseAcquisChD  RX=CCD_SETUP {"PREAMP":0,"READOUT_RATE":0,"EM_GAIN":2,"VBIN":1,"INITIAL_LINE":1,"INITIAL_COLUMN":1,"FINAL_LINE":1024,"FINAL_COLUMN":1024,"TRIGGER_MODE":0,"HBIN":1,"SHUTTER_TTL":0,"SHUTTER_MODE":2,"SHUTTER_OPENING_TIME":1,"SHUTTER_CLOSING_TIME":1,"VERTICAL_SHIFT_SPEED":3,"READ_MODE":4,"FRAME_TRANSFER":true,"VERTICAL_CLOCK_VOLTAGE":0,"ACQUISITION_MODE":3,"AD_CHANNEL":0,"EM_MODE":1}
9/14/2022 2:50 PM CommandAcquisChD  TX=SET COOLER_POWER_STATUS 0
9/14/2022 2:50 PM ResponseAcquisChD  RX=DONE
9/14/2022 2:50 PM CommandAcquisChA  TX=SET COOLER_POWER_STATUS 0
9/14/2022 2:50 PM CommandAcquisChB  TX=SET COOLER_POWER_STATUS 0
9/14/2022 2:50 PM CommandAcquisChC  TX=SET COOLER_POWER_STATUS 0
9/14/2022 2:50 PM CommandAcquisChD  TX=WRITE_SETUP {"ACQUISITION_MODE":3,"TRIGGER_MODE":0,"READ_MODE":4,"PREAMP":0,"READOUT_RATE":0,"VERTICAL_SHIFT_SPEED":3,"EM_MODE":1,"EM_GAIN":2,"SHUTTER_MODE":2,"SHUTTER_TTL":0,"SHUTTER_OPENING_TIME":1,"SHUTTER_CLOSING_TIME":1,"VBIN":1,"HBIN":1,"INITIAL_LINE":1,"INITIAL_COLUMN":1,"FINAL_LINE":1024,"FINAL_COLUMN":1024,"FRAME_TRANSFER":true,"VERTICAL_CLOCK_VOLTAGE":0,"AD_CHANNEL":0}
9/14/2022 2:50 PM CommandAcquisChD  TX=READ_SETUP 
9/14/2022 2:50 PM CommandAcquisChD  TX=SET COOLER_POWER_STATUS 0
9/14/2022 2:50 PM ResponseAcquisChD  RX=CCD_SETUP {"PREAMP":0,"READOUT_RATE":0,"EM_GAIN":2,"VBIN":1,"INITIAL_LINE":1,"INITIAL_COLUMN":1,"FINAL_LINE":1024,"FINAL_COLUMN":1024,"TRIGGER_MODE":0,"HBIN":1,"SHUTTER_TTL":0,"SHUTTER_MODE":2,"SHUTTER_OPENING_TIME":1,"SHUTTER_CLOSING_TIME":1,"VERTICAL_SHIFT_SPEED":3,"READ_MODE":4,"FRAME_TRANSFER":true,"VERTICAL_CLOCK_VOLTAGE":0,"ACQUISITION_MODE":3,"AD_CHANNEL":0,"EM_MODE":1}
9/14/2022 2:50 PM ResponseAcquisChD  RX=DONE
9/14/2022 2:50 PM CommandAcquisChD  TX=SET EXPTIME 8.000000
9/14/2022 2:50 PM ResponseAcquisChD  RX=DONE
9/14/2022 2:50 PM CommandAcquisChD  TX=SET #FRAMES 2.000000
9/14/2022 2:50 PM CommandAcquisChD  TX=SET #CUBES 1.0000 
9/14/2022 2:50 PM ResponseAcquisChD  RX=DONE
9/14/2022 2:50 PM CommandAcquisChD  TX=SET SUFFIX 
9/14/2022 2:50 PM ResponseAcquisChD  RX=DONE
9/14/2022 2:50 PM CommandAcquisChD  TX=SET OBSTYPE OBJECT
9/14/2022 2:50 PM ResponseAcquisChD  RX=DONE
9/14/2022 2:50 PM ResponseAcquisChD  RX=DONE
9/14/2022 2:50 PM CommandAcquisChD  TX=SET EXPTIME 8.000000
9/14/2022 2:50 PM ResponseAcquisChD  RX=DONE
9/14/2022 2:50 PM CommandAcquisChD  TX=SET #FRAMES 2.000000
9/14/2022 2:50 PM CommandAcquisChD  TX=SET #CUBES 1.0000 
9/14/2022 2:50 PM ResponseAcquisChD  RX=DONE
9/14/2022 2:50 PM CommandAcquisChD  TX=SET SUFFIX 
9/14/2022 2:50 PM ResponseAcquisChD  RX=DONE
9/14/2022 2:50 PM CommandAcquisChD  TX=SET OBSTYPE OBJECT
9/14/2022 2:50 PM ResponseAcquisChD  RX=DONE
9/14/2022 2:50 PM ResponseAcquisChD  RX=DONE
9/14/2022 2:50 PM CommandInstrument  TX=S4ICS WPROT NONE NONE,WPSEL INIT NONE,GMIR NONE NONE,GFOC NONE NONE,CALW NONE NONE,ASEL NONE NONE

9/14/2022 2:50 PM ResponseInstrument  RX=WPROT SIMULATED NONE 0 NONE -1, WPSEL SIMULATED BUSY 0 NONE -1, ASEL SIMULATED NONE 0 NONE -1, CALW SIMULATED NONE 0 NONE -1, GFOC SIMULATED NONE 0 NONE -1, GMIR SIMULATED NONE 0 NONE -1

9/14/2022 2:50 PM CommandInstrument  TX=S4ICS WPROT NONE NONE,WPSEL NONE NONE,GMIR NONE NONE,GFOC NONE NONE,CALW INIT NONE,ASEL NONE NONE

9/14/2022 2:50 PM ResponseInstrument  RX=WPROT SIMULATED NONE 0 NONE -1, WPSEL SIMULATED BUSY 0 NONE -1, ASEL SIMULATED NONE 0 NONE -1, CALW SIMULATED BUSY 0 NONE -1, GFOC SIMULATED NONE 0 NONE -1, GMIR SIMULATED NONE 0 NONE -1

9/14/2022 2:50 PM CommandInstrument  TX=S4ICS WPROT NONE NONE,WPSEL NONE NONE,GMIR INIT NONE,GFOC NONE NONE,CALW NONE NONE,ASEL NONE NONE

9/14/2022 2:50 PM ResponseInstrument  RX=WPROT SIMULATED NONE 0 NONE -1, WPSEL SIMULATED BUSY 0 NONE -1, ASEL SIMULATED NONE 0 NONE -1, CALW SIMULATED BUSY 0 NONE -1, GFOC SIMULATED NONE 0 NONE -1, GMIR SIMULATED BUSY 0 NONE -1

9/14/2022 2:51 PM CommandInstrument  TX=S4ICS WPROT NONE NONE,WPSEL GOTO L/2,GMIR NONE NONE,GFOC NONE NONE,CALW NONE NONE,ASEL NONE NONE

9/14/2022 2:51 PM ResponseInstrument  RX=WPROT SIMULATED NONE 0 NONE -1, WPSEL SIMULATED BUSY 50 HOME 0, ASEL SIMULATED NONE 0 NONE -1, CALW SIMULATED READY 720 HOME 0, GFOC SIMULATED NONE 0 NONE -1, GMIR SIMULATED READY 720 HOME 0

9/14/2022 2:52 PM CommandInstrument  TX=S4ICS WPROT INIT NONE,WPSEL NONE NONE,GMIR NONE NONE,GFOC NONE NONE,CALW NONE NONE,ASEL NONE NONE

9/14/2022 2:52 PM ResponseInstrument  RX=WPROT SIMULATED BUSY 0 NONE -1, WPSEL SIMULATED READY 0 L/2 2, ASEL SIMULATED NONE 0 NONE -1, CALW SIMULATED READY 720 HOME 0, GFOC SIMULATED NONE 0 NONE -1, GMIR SIMULATED READY 720 HOME 0

9/14/2022 2:52 PM CommandInstrument  TX=S4ICS WPROT NONE NONE,WPSEL NONE NONE,GMIR NONE NONE,GFOC NONE NONE,CALW NONE NONE,ASEL INIT NONE

9/14/2022 2:52 PM ResponseInstrument  RX=WPROT SIMULATED BUSY 0 NONE -1, WPSEL SIMULATED READY 0 L/2 2, ASEL SIMULATED BUSY 0 NONE -1, CALW SIMULATED READY 720 HOME 0, GFOC SIMULATED NONE 0 NONE -1, GMIR SIMULATED READY 720 HOME 0

9/14/2022 2:52 PM CommandInstrument  TX=S4ICS WPROT NONE NONE,WPSEL NONE NONE,GMIR NONE NONE,GFOC INIT NONE,CALW NONE NONE,ASEL NONE NONE

9/14/2022 2:52 PM ResponseInstrument  RX=WPROT SIMULATED BUSY 0 NONE -1, WPSEL SIMULATED READY 0 L/2 2, ASEL SIMULATED BUSY 0 NONE -1, CALW SIMULATED READY 720 HOME 0, GFOC SIMULATED BUSY 0 NONE -1, GMIR SIMULATED READY 720 HOME 0

9/14/2022 2:52 PM CommandInstrument  TX=S4ICS WPROT NONE NONE,WPSEL GOTO CLEAR,GMIR NONE NONE,GFOC NONE NONE,CALW GOTO CLEAR,ASEL GOTO CLEAR

9/14/2022 2:52 PM ResponseInstrument  RX=WPROT SIMULATED READY 720 HOME 0, WPSEL SIMULATED BUSY 0 L/2 2, ASEL SIMULATED BUSY 0 HOME 0, CALW SIMULATED BUSY 720 HOME 0, GFOC SIMULATED READY 0 HOME 0, GMIR SIMULATED READY 720 HOME 0

9/14/2022 2:53 PM CommandAcquisChD  TX=SET EXPTIME 8.000000
9/14/2022 2:53 PM ResponseAcquisChD  RX=DONE
9/14/2022 2:53 PM CommandAcquisChD  TX=SET #FRAMES 2.000000
9/14/2022 2:53 PM CommandAcquisChD  TX=SET #CUBES 1.0000 
9/14/2022 2:53 PM ResponseAcquisChD  RX=DONE
9/14/2022 2:53 PM CommandAcquisChD  TX=SET SUFFIX 
9/14/2022 2:53 PM ResponseAcquisChD  RX=DONE
9/14/2022 2:53 PM CommandAcquisChD  TX=SET OBSTYPE OBJECT
9/14/2022 2:53 PM ResponseAcquisChD  RX=DONE
9/14/2022 2:53 PM CommandAcquisChD  TX=EXPOSE
9/14/2022 2:53 PM CommandAcquisChD  TX=WRITE_SETUP {"ACQUISITION_MODE":3,"TRIGGER_MODE":6,"READ_MODE":4,"PREAMP":0,"READOUT_RATE":0,"VERTICAL_SHIFT_SPEED":3,"EM_MODE":1,"EM_GAIN":2,"SHUTTER_MODE":2,"SHUTTER_TTL":0,"SHUTTER_OPENING_TIME":1,"SHUTTER_CLOSING_TIME":1,"VBIN":1,"HBIN":1,"INITIAL_LINE":1,"INITIAL_COLUMN":1,"FINAL_LINE":1024,"FINAL_COLUMN":1024,"FRAME_TRANSFER":true,"VERTICAL_CLOCK_VOLTAGE":0,"AD_CHANNEL":0}
9/14/2022 2:54 PM CommandAcquisChD  TX=READ_SETUP 
9/14/2022 2:54 PM CommandAcquisChD  TX=SET COOLER_POWER_STATUS 0
9/14/2022 2:54 PM ResponseAcquisChD  RX=CCD_SETUP {"PREAMP":0,"READOUT_RATE":0,"EM_GAIN":2,"VBIN":1,"INITIAL_LINE":1,"INITIAL_COLUMN":1,"FINAL_LINE":1024,"FINAL_COLUMN":1024,"TRIGGER_MODE":6,"HBIN":1,"SHUTTER_TTL":0,"SHUTTER_MODE":2,"SHUTTER_OPENING_TIME":1,"SHUTTER_CLOSING_TIME":1,"VERTICAL_SHIFT_SPEED":3,"READ_MODE":4,"FRAME_TRANSFER":true,"VERTICAL_CLOCK_VOLTAGE":0,"ACQUISITION_MODE":3,"AD_CHANNEL":0,"EM_MODE":1}
9/14/2022 2:54 PM ResponseAcquisChD  RX=DONE
9/14/2022 2:54 PM CommandAcquisChD  TX=SET EXPTIME 8.000000
9/14/2022 2:54 PM ResponseAcquisChD  RX=DONE
9/14/2022 2:54 PM CommandAcquisChD  TX=SET #FRAMES 2.000000
9/14/2022 2:54 PM CommandAcquisChD  TX=SET #CUBES 1.0000 
9/14/2022 2:54 PM ResponseAcquisChD  RX=DONE
9/14/2022 2:54 PM CommandAcquisChD  TX=SET SUFFIX 
9/14/2022 2:54 PM CommandAcquisChD  TX=SET OBSTYPE OBJECT
9/14/2022 2:54 PM ResponseAcquisChD  RX=DONE
9/14/2022 2:54 PM ResponseAcquisChD  RX=DONE
9/14/2022 2:54 PM CommandSyncBox  TX=ADELAY 0m

9/14/2022 2:54 PM ResponseSyncBox  RX=OK

9/14/2022 2:54 PM CommandSyncBox  TX=BDELAY 0m

9/14/2022 2:54 PM ResponseSyncBox  RX=OK

9/14/2022 2:54 PM CommandSyncBox  TX=CDELAY 0m

9/14/2022 2:54 PM ResponseSyncBox  RX=OK

9/14/2022 2:54 PM CommandSyncBox  TX=DDELAY 0m

9/14/2022 2:54 PM ResponseSyncBox  RX=OK

9/14/2022 2:54 PM CommandSyncBox  TX=AWIDTH 200m

9/14/2022 2:54 PM ResponseSyncBox  RX=OK

9/14/2022 2:54 PM CommandSyncBox  TX=BWIDTH 200m

9/14/2022 2:54 PM ResponseSyncBox  RX=OK

9/14/2022 2:54 PM CommandSyncBox  TX=CWIDTH 200m

9/14/2022 2:54 PM ResponseSyncBox  RX=OK

9/14/2022 2:54 PM CommandSyncBox  TX=DWIDTH 200m

9/14/2022 2:54 PM ResponseSyncBox  RX=OK

9/14/2022 2:54 PM CommandSyncBox  TX=aset on

9/14/2022 2:54 PM ResponseSyncBox  RX=OK

9/14/2022 2:54 PM CommandSyncBox  TX=bset on

9/14/2022 2:54 PM ResponseSyncBox  RX=OK

9/14/2022 2:54 PM CommandSyncBox  TX=cset on

9/14/2022 2:54 PM ResponseSyncBox  RX=OK

9/14/2022 2:54 PM CommandSyncBox  TX=dset on

9/14/2022 2:54 PM ResponseSyncBox  RX=OK

9/14/2022 2:54 PM CommandSyncBox  TX=IN

9/14/2022 2:54 PM ResponseSyncBox  RX=OK

9/14/2022 2:54 PM CommandAcquisChD  TX=EXPOSE
9/14/2022 2:54 PM CommandSyncBox  TX=TRigger REmote

9/14/2022 2:54 PM ResponseSyncBox  RX=OK

9/14/2022 2:54 PM CommandSyncBox  TX=IN

9/14/2022 2:54 PM ResponseSyncBox  RX=OK

9/14/2022 2:54 PM CommandSyncBox  TX=TRigger

9/14/2022 2:54 PM ResponseSyncBox  RX=Trig   REM  50R  Level 1.250   Div   0,000,000,000  SYN 00,010,000.00

9/14/2022 2:54 PM CommandSyncBox  TX=FIre

9/14/2022 2:54 PM ResponseSyncBox  RX=OK

9/14/2022 2:55 PM CommandAcquisChD  TX=WRITE_SETUP {"ACQUISITION_MODE":3,"TRIGGER_MODE":0,"READ_MODE":4,"PREAMP":0,"READOUT_RATE":0,"VERTICAL_SHIFT_SPEED":3,"EM_MODE":1,"EM_GAIN":2,"SHUTTER_MODE":2,"SHUTTER_TTL":0,"SHUTTER_OPENING_TIME":1,"SHUTTER_CLOSING_TIME":1,"VBIN":1,"HBIN":1,"INITIAL_LINE":1,"INITIAL_COLUMN":1,"FINAL_LINE":1024,"FINAL_COLUMN":1024,"FRAME_TRANSFER":true,"VERTICAL_CLOCK_VOLTAGE":0,"AD_CHANNEL":0}
9/14/2022 2:55 PM CommandAcquisChD  TX=READ_SETUP 
9/14/2022 2:55 PM CommandAcquisChD  TX=SET COOLER_POWER_STATUS 0
9/14/2022 2:55 PM ResponseAcquisChD  RX=CCD_SETUP {"PREAMP":0,"READOUT_RATE":0,"EM_GAIN":2,"VBIN":1,"INITIAL_LINE":1,"INITIAL_COLUMN":1,"FINAL_LINE":1024,"FINAL_COLUMN":1024,"TRIGGER_MODE":0,"HBIN":1,"SHUTTER_TTL":0,"SHUTTER_MODE":2,"SHUTTER_OPENING_TIME":1,"SHUTTER_CLOSING_TIME":1,"VERTICAL_SHIFT_SPEED":3,"READ_MODE":4,"FRAME_TRANSFER":true,"VERTICAL_CLOCK_VOLTAGE":0,"ACQUISITION_MODE":3,"AD_CHANNEL":0,"EM_MODE":1}
9/14/2022 2:55 PM ResponseAcquisChD  RX=DONE
