9/16/2022 3:36 PM CommandAcquisChA  TX=WRITE_SETUP {"ACQUISITION_MODE":3,"TRIGGER_MODE":6,"READ_MODE":4,"PREAMP":0,"READOUT_RATE":0,"VERTICAL_SHIFT_SPEED":3,"EM_MODE":1,"EM_GAIN":2,"SHUTTER_MODE":2,"SHUTTER_TTL":0,"SHUTTER_OPENING_TIME":1,"SHUTTER_CLOSING_TIME":1,"VBIN":1,"HBIN":1,"INITIAL_LINE":1,"INITIAL_COLUMN":1,"FINAL_LINE":1024,"FINAL_COLUMN":1024,"FRAME_TRANSFER":true,"VERTICAL_CLOCK_VOLTAGE":0,"AD_CHANNEL":0}
9/16/2022 3:36 PM CommandAcquisChB  TX=WRITE_SETUP {"ACQUISITION_MODE":3,"TRIGGER_MODE":1,"READ_MODE":0,"PREAMP":0,"READOUT_RATE":0,"VERTICAL_SHIFT_SPEED":0,"EM_MODE":1,"EM_GAIN":2,"SHUTTER_MODE":2,"SHUTTER_TTL":0,"SHUTTER_OPENING_TIME":1,"SHUTTER_CLOSING_TIME":1,"VBIN":1,"HBIN":1,"INITIAL_LINE":1,"INITIAL_COLUMN":1,"FINAL_LINE":1024,"FINAL_COLUMN":1024,"FRAME_TRANSFER":true,"VERTICAL_CLOCK_VOLTAGE":0,"AD_CHANNEL":0}
9/16/2022 3:36 PM CommandAcquisChC  TX=WRITE_SETUP {"ACQUISITION_MODE":3,"TRIGGER_MODE":1,"READ_MODE":0,"PREAMP":0,"READOUT_RATE":0,"VERTICAL_SHIFT_SPEED":0,"EM_MODE":1,"EM_GAIN":2,"SHUTTER_MODE":2,"SHUTTER_TTL":0,"SHUTTER_OPENING_TIME":1,"SHUTTER_CLOSING_TIME":1,"VBIN":1,"HBIN":1,"INITIAL_LINE":1,"INITIAL_COLUMN":1,"FINAL_LINE":1024,"FINAL_COLUMN":1024,"FRAME_TRANSFER":true,"VERTICAL_CLOCK_VOLTAGE":0,"AD_CHANNEL":0}
9/16/2022 3:36 PM CommandAcquisChD  TX=WRITE_SETUP {"ACQUISITION_MODE":3,"TRIGGER_MODE":0,"READ_MODE":4,"PREAMP":0,"READOUT_RATE":0,"VERTICAL_SHIFT_SPEED":3,"EM_MODE":1,"EM_GAIN":2,"SHUTTER_MODE":2,"SHUTTER_TTL":0,"SHUTTER_OPENING_TIME":1,"SHUTTER_CLOSING_TIME":1,"VBIN":1,"HBIN":1,"INITIAL_LINE":1,"INITIAL_COLUMN":1,"FINAL_LINE":1024,"FINAL_COLUMN":1024,"FRAME_TRANSFER":true,"VERTICAL_CLOCK_VOLTAGE":0,"AD_CHANNEL":0}
9/16/2022 3:36 PM CommandSyncBox  TX=ADELAY 0m

9/16/2022 3:36 PM ResponseSyncBox  RX=OK

9/16/2022 3:36 PM CommandSyncBox  TX=BDELAY 0m

9/16/2022 3:36 PM ResponseSyncBox  RX=OK

9/16/2022 3:36 PM CommandSyncBox  TX=CDELAY 0m

9/16/2022 3:36 PM ResponseSyncBox  RX=OK

9/16/2022 3:36 PM CommandSyncBox  TX=DDELAY 0m

9/16/2022 3:36 PM ResponseSyncBox  RX=OK

9/16/2022 3:36 PM CommandSyncBox  TX=AWIDTH 200m

9/16/2022 3:36 PM ResponseSyncBox  RX=OK

9/16/2022 3:36 PM CommandSyncBox  TX=BWIDTH 200m

9/16/2022 3:36 PM ResponseSyncBox  RX=OK

9/16/2022 3:36 PM CommandSyncBox  TX=CWIDTH 200m

9/16/2022 3:36 PM ResponseSyncBox  RX=OK

9/16/2022 3:36 PM CommandSyncBox  TX=DWIDTH 200m

9/16/2022 3:36 PM ResponseSyncBox  RX=OK

9/16/2022 3:36 PM CommandSyncBox  TX=aset on

9/16/2022 3:36 PM ResponseSyncBox  RX=OK

9/16/2022 3:36 PM CommandSyncBox  TX=bset on

9/16/2022 3:36 PM ResponseSyncBox  RX=OK

9/16/2022 3:36 PM CommandSyncBox  TX=cset on

9/16/2022 3:36 PM ResponseSyncBox  RX=OK

9/16/2022 3:36 PM CommandSyncBox  TX=dset on

9/16/2022 3:36 PM ResponseSyncBox  RX=OK

9/16/2022 3:36 PM CommandSyncBox  TX=IN

9/16/2022 3:36 PM ResponseSyncBox  RX=OK

9/16/2022 3:36 PM CommandAcquisChA  TX=READ_SETUP 
9/16/2022 3:36 PM CommandAcquisChB  TX=READ_SETUP 
9/16/2022 3:36 PM CommandAcquisChC  TX=READ_SETUP 
9/16/2022 3:36 PM CommandAcquisChD  TX=READ_SETUP 
9/16/2022 3:36 PM ResponseAcquisChB  RX=CCD_SETUP {"PREAMP":0,"READOUT_RATE":0,"EM_GAIN":2,"VBIN":1,"INITIAL_LINE":1,"INITIAL_COLUMN":1,"FINAL_LINE":1024,"FINAL_COLUMN":1024,"TRIGGER_MODE":1,"HBIN":1,"SHUTTER_TTL":0,"SHUTTER_MODE":2,"SHUTTER_OPENING_TIME":1,"SHUTTER_CLOSING_TIME":1,"VERTICAL_SHIFT_SPEED":0,"READ_MODE":0,"FRAME_TRANSFER":true,"VERTICAL_CLOCK_VOLTAGE":0,"ACQUISITION_MODE":3,"AD_CHANNEL":0,"EM_MODE":1}
9/16/2022 3:36 PM CommandAcquisChB  TX=SET COOLER_POWER_STATUS 0
9/16/2022 3:36 PM ResponseAcquisChB  RX=DONE
9/16/2022 3:36 PM CommandAcquisChA  TX=SET COOLER_POWER_STATUS 0
9/16/2022 3:36 PM CommandAcquisChC  TX=SET COOLER_POWER_STATUS 0
9/16/2022 3:36 PM CommandAcquisChD  TX=SET COOLER_POWER_STATUS 0
9/16/2022 3:37 PM CommandAcquisChB  TX=WRITE_SETUP {"ACQUISITION_MODE":3,"TRIGGER_MODE":0,"READ_MODE":0,"PREAMP":0,"READOUT_RATE":0,"VERTICAL_SHIFT_SPEED":0,"EM_MODE":1,"EM_GAIN":2,"SHUTTER_MODE":2,"SHUTTER_TTL":0,"SHUTTER_OPENING_TIME":1,"SHUTTER_CLOSING_TIME":1,"VBIN":1,"HBIN":1,"INITIAL_LINE":1,"INITIAL_COLUMN":1,"FINAL_LINE":1024,"FINAL_COLUMN":1024,"FRAME_TRANSFER":true,"VERTICAL_CLOCK_VOLTAGE":0,"AD_CHANNEL":0}
9/16/2022 3:37 PM CommandAcquisChB  TX=WRITE_SETUP {"ACQUISITION_MODE":3,"TRIGGER_MODE":6,"READ_MODE":0,"PREAMP":0,"READOUT_RATE":0,"VERTICAL_SHIFT_SPEED":0,"EM_MODE":1,"EM_GAIN":2,"SHUTTER_MODE":2,"SHUTTER_TTL":0,"SHUTTER_OPENING_TIME":1,"SHUTTER_CLOSING_TIME":1,"VBIN":1,"HBIN":1,"INITIAL_LINE":1,"INITIAL_COLUMN":1,"FINAL_LINE":1024,"FINAL_COLUMN":1024,"FRAME_TRANSFER":true,"VERTICAL_CLOCK_VOLTAGE":0,"AD_CHANNEL":0}
9/16/2022 3:37 PM CommandAcquisChB  TX=READ_SETUP 
9/16/2022 3:37 PM ResponseAcquisChB  RX=CCD_SETUP {"PREAMP":0,"READOUT_RATE":0,"EM_GAIN":2,"VBIN":1,"INITIAL_LINE":1,"INITIAL_COLUMN":1,"FINAL_LINE":1024,"FINAL_COLUMN":1024,"TRIGGER_MODE":6,"HBIN":1,"SHUTTER_TTL":0,"SHUTTER_MODE":2,"SHUTTER_OPENING_TIME":1,"SHUTTER_CLOSING_TIME":1,"VERTICAL_SHIFT_SPEED":0,"READ_MODE":0,"FRAME_TRANSFER":true,"VERTICAL_CLOCK_VOLTAGE":0,"ACQUISITION_MODE":3,"AD_CHANNEL":0,"EM_MODE":1}
9/16/2022 3:37 PM CommandAcquisChB  TX=SET COOLER_POWER_STATUS 0
9/16/2022 3:37 PM ResponseAcquisChB  RX=DONE
9/16/2022 3:37 PM CommandInstrument  TX=S4ICS WPROT NONE NONE,WPSEL GOTO L/4,GMIR NONE NONE,GFOC NONE NONE,CALW GOTO POLARIZER,ASEL GOTO ANALYZER

9/16/2022 3:37 PM ResponseInstrument  RX=WPROT SIMULATED READY 315 WP15 15, WPSEL SIMULATED BUSY 100 L/4 3, ASEL SIMULATED BUSY 100 ANALYZER 2, CALW SIMULATED BUSY 0 CLEAR 1, GFOC SIMULATED READY 0 HOME 0, GMIR SIMULATED READY 0 HOME 0

9/16/2022 3:42 PM CommandInstrument  TX=S4ICS WPROT NONE NONE,WPSEL GOTO CLEAR,GMIR NONE NONE,GFOC NONE NONE,CALW GOTO CLEAR,ASEL GOTO CLEAR

9/16/2022 3:42 PM ResponseInstrument  RX=WPROT SIMULATED READY 315 WP15 15, WPSEL SIMULATED BUSY 100 L/4 3, ASEL SIMULATED BUSY 100 ANALYZER 2, CALW SIMULATED BUSY 72 POLARIZER 2, GFOC SIMULATED READY 0 HOME 0, GMIR SIMULATED READY 0 HOME 0

9/16/2022 3:43 PM CommandAcquisChB  TX=WRITE_SETUP {"ACQUISITION_MODE":3,"TRIGGER_MODE":0,"READ_MODE":0,"PREAMP":0,"READOUT_RATE":0,"VERTICAL_SHIFT_SPEED":0,"EM_MODE":1,"EM_GAIN":2,"SHUTTER_MODE":2,"SHUTTER_TTL":0,"SHUTTER_OPENING_TIME":1,"SHUTTER_CLOSING_TIME":1,"VBIN":1,"HBIN":1,"INITIAL_LINE":1,"INITIAL_COLUMN":1,"FINAL_LINE":1024,"FINAL_COLUMN":1024,"FRAME_TRANSFER":true,"VERTICAL_CLOCK_VOLTAGE":0,"AD_CHANNEL":0}
9/16/2022 3:43 PM CommandAcquisChB  TX=READ_SETUP 
9/16/2022 3:43 PM ResponseAcquisChB  RX=CCD_SETUP {"PREAMP":0,"READOUT_RATE":0,"EM_GAIN":2,"VBIN":1,"INITIAL_LINE":1,"INITIAL_COLUMN":1,"FINAL_LINE":1024,"FINAL_COLUMN":1024,"TRIGGER_MODE":0,"HBIN":1,"SHUTTER_TTL":0,"SHUTTER_MODE":2,"SHUTTER_OPENING_TIME":1,"SHUTTER_CLOSING_TIME":1,"VERTICAL_SHIFT_SPEED":0,"READ_MODE":0,"FRAME_TRANSFER":true,"VERTICAL_CLOCK_VOLTAGE":0,"ACQUISITION_MODE":3,"AD_CHANNEL":0,"EM_MODE":1}
9/16/2022 3:43 PM CommandAcquisChB  TX=SET COOLER_POWER_STATUS 0
9/16/2022 3:43 PM ResponseAcquisChB  RX=DONE
9/16/2022 3:43 PM CommandAcquisChB  TX=SET EXPTIME 1.000000
9/16/2022 3:43 PM ResponseAcquisChB  RX=DONE
9/16/2022 3:43 PM CommandAcquisChB  TX=SET #FRAMES 3.000000
9/16/2022 3:43 PM ResponseAcquisChB  RX=DONE
9/16/2022 3:43 PM CommandAcquisChB  TX=SET #CUBES 1.0000 
9/16/2022 3:43 PM CommandAcquisChB  TX=SET SUFFIX DARK
9/16/2022 3:43 PM ResponseAcquisChB  RX=DONE
9/16/2022 3:43 PM ResponseAcquisChB  RX=DONE
9/16/2022 3:43 PM CommandAcquisChB  TX=SET OBSTYPE DARK
9/16/2022 3:43 PM ResponseAcquisChB  RX=DONE
9/16/2022 3:43 PM CommandAcquisChB  TX=EXPOSE
9/16/2022 3:43 PM ResponseAcquisChB  RX=RETURNING_STATUS {"CUBE_EXPOSURE_TIME":0,"CUBES_DONE":0,"LAST_IMAGE_NAME":"","DISK_SPACE":0,"FRAMES_DONE":0,"CCD_STATUS":"IDLE","CURRENT_TEMPERATURE":20,"TEMPERATURE_STATUS":"TEMPERATURE_OFF","FRAME_EXPOSURE_TIME":0,"CCD_POWER_STATUS":true,"SERIAL_NUMBER":9917,"ACQUIRING":false}
9/16/2022 3:44 PM CommandInstrument  TX=S4ICS WPROT STOP NONE,WPSEL NONE NONE,GMIR NONE NONE,GFOC NONE NONE,CALW NONE NONE,ASEL NONE NONE

9/16/2022 3:44 PM ResponseInstrument  RX=WPROT SIMULATED BUSY 315 WP15 15, WPSEL SIMULATED READY 50 CLEAR 1, ASEL SIMULATED READY 0 CLEAR 1, CALW SIMULATED READY 0 CLEAR 1, GFOC SIMULATED READY 0 HOME 0, GMIR SIMULATED READY 0 HOME 0

9/16/2022 3:45 PM CommandAcquisChB  TX=WRITE_SETUP {"ACQUISITION_MODE":3,"TRIGGER_MODE":6,"READ_MODE":0,"PREAMP":0,"READOUT_RATE":0,"VERTICAL_SHIFT_SPEED":0,"EM_MODE":1,"EM_GAIN":2,"SHUTTER_MODE":2,"SHUTTER_TTL":0,"SHUTTER_OPENING_TIME":1,"SHUTTER_CLOSING_TIME":1,"VBIN":1,"HBIN":1,"INITIAL_LINE":1,"INITIAL_COLUMN":1,"FINAL_LINE":1024,"FINAL_COLUMN":1024,"FRAME_TRANSFER":true,"VERTICAL_CLOCK_VOLTAGE":0,"AD_CHANNEL":0}
9/16/2022 3:45 PM CommandAcquisChB  TX=WRITE_SETUP {"ACQUISITION_MODE":3,"TRIGGER_MODE":0,"READ_MODE":0,"PREAMP":0,"READOUT_RATE":0,"VERTICAL_SHIFT_SPEED":0,"EM_MODE":1,"EM_GAIN":2,"SHUTTER_MODE":2,"SHUTTER_TTL":0,"SHUTTER_OPENING_TIME":1,"SHUTTER_CLOSING_TIME":1,"VBIN":1,"HBIN":1,"INITIAL_LINE":1,"INITIAL_COLUMN":1,"FINAL_LINE":1024,"FINAL_COLUMN":1024,"FRAME_TRANSFER":true,"VERTICAL_CLOCK_VOLTAGE":0,"AD_CHANNEL":0}
9/16/2022 3:45 PM CommandAcquisChB  TX=READ_SETUP 
9/16/2022 3:45 PM ResponseAcquisChB  RX=CCD_SETUP {"PREAMP":0,"READOUT_RATE":0,"EM_GAIN":2,"VBIN":1,"INITIAL_LINE":1,"INITIAL_COLUMN":1,"FINAL_LINE":1024,"FINAL_COLUMN":1024,"TRIGGER_MODE":0,"HBIN":1,"SHUTTER_TTL":0,"SHUTTER_MODE":2,"SHUTTER_OPENING_TIME":1,"SHUTTER_CLOSING_TIME":1,"VERTICAL_SHIFT_SPEED":0,"READ_MODE":0,"FRAME_TRANSFER":true,"VERTICAL_CLOCK_VOLTAGE":0,"ACQUISITION_MODE":3,"AD_CHANNEL":0,"EM_MODE":1}
9/16/2022 3:45 PM CommandAcquisChB  TX=SET COOLER_POWER_STATUS 0
9/16/2022 3:45 PM ResponseAcquisChB  RX=DONE
9/16/2022 3:45 PM CommandAcquisChB  TX=SET EXPTIME 1.000000
9/16/2022 3:45 PM ResponseAcquisChB  RX=DONE
9/16/2022 3:45 PM CommandAcquisChB  TX=SET #FRAMES 3.000000
9/16/2022 3:45 PM ResponseAcquisChB  RX=DONE
9/16/2022 3:45 PM CommandAcquisChB  TX=SET #CUBES 1.0000 
9/16/2022 3:45 PM ResponseAcquisChB  RX=DONE
9/16/2022 3:45 PM CommandAcquisChB  TX=SET SUFFIX DARK
9/16/2022 3:45 PM ResponseAcquisChB  RX=DONE
9/16/2022 3:45 PM CommandAcquisChB  TX=SET OBSTYPE DARK
9/16/2022 3:45 PM ResponseAcquisChB  RX=DONE
9/16/2022 3:45 PM CommandAcquisChB  TX=EXPOSE
9/16/2022 3:45 PM CommandInstrument  TX=S4ICS WPROT STOP NONE,WPSEL NONE NONE,GMIR NONE NONE,GFOC NONE NONE,CALW NONE NONE,ASEL NONE NONE

9/16/2022 3:45 PM ResponseInstrument  RX=WPROT SIMULATED BUSY 315 NONE -1, WPSEL SIMULATED READY 50 CLEAR 1, ASEL SIMULATED READY 0 CLEAR 1, CALW SIMULATED READY 0 CLEAR 1, GFOC SIMULATED READY 0 HOME 0, GMIR SIMULATED READY 0 HOME 0

9/16/2022 3:46 PM CommandAcquisChB  TX=WRITE_SETUP {"ACQUISITION_MODE":3,"TRIGGER_MODE":6,"READ_MODE":0,"PREAMP":0,"READOUT_RATE":0,"VERTICAL_SHIFT_SPEED":0,"EM_MODE":1,"EM_GAIN":2,"SHUTTER_MODE":2,"SHUTTER_TTL":0,"SHUTTER_OPENING_TIME":1,"SHUTTER_CLOSING_TIME":1,"VBIN":1,"HBIN":1,"INITIAL_LINE":1,"INITIAL_COLUMN":1,"FINAL_LINE":1024,"FINAL_COLUMN":1024,"FRAME_TRANSFER":true,"VERTICAL_CLOCK_VOLTAGE":0,"AD_CHANNEL":0}
9/16/2022 3:46 PM CommandAcquisChB  TX=SET EXPTIME 1.000000
9/16/2022 3:46 PM ResponseAcquisChB  RX=DONE
9/16/2022 3:46 PM CommandAcquisChB  TX=SET #FRAMES 3.000000
9/16/2022 3:46 PM ResponseAcquisChB  RX=DONE
9/16/2022 3:46 PM CommandAcquisChB  TX=SET #CUBES 1.0000 
9/16/2022 3:46 PM ResponseAcquisChB  RX=DONE
9/16/2022 3:46 PM CommandAcquisChB  TX=SET SUFFIX DARK
9/16/2022 3:46 PM ResponseAcquisChB  RX=DONE
9/16/2022 3:46 PM CommandAcquisChB  TX=SET OBSTYPE DARK
9/16/2022 3:46 PM ResponseAcquisChB  RX=DONE
9/16/2022 3:46 PM CommandSyncBox  TX=ADELAY 0m

9/16/2022 3:46 PM ResponseSyncBox  RX=OK

9/16/2022 3:46 PM CommandSyncBox  TX=BDELAY 0m

9/16/2022 3:46 PM ResponseSyncBox  RX=OK

9/16/2022 3:46 PM CommandSyncBox  TX=CDELAY 0m

9/16/2022 3:46 PM ResponseSyncBox  RX=OK

9/16/2022 3:46 PM CommandSyncBox  TX=DDELAY 0m

9/16/2022 3:46 PM ResponseSyncBox  RX=OK

9/16/2022 3:46 PM CommandSyncBox  TX=AWIDTH 200m

9/16/2022 3:46 PM ResponseSyncBox  RX=OK

9/16/2022 3:46 PM CommandSyncBox  TX=BWIDTH 200m

9/16/2022 3:46 PM ResponseSyncBox  RX=OK

9/16/2022 3:46 PM CommandSyncBox  TX=CWIDTH 200m

9/16/2022 3:46 PM ResponseSyncBox  RX=OK

9/16/2022 3:46 PM CommandSyncBox  TX=DWIDTH 200m

9/16/2022 3:46 PM ResponseSyncBox  RX=OK

9/16/2022 3:46 PM CommandSyncBox  TX=aset on

9/16/2022 3:46 PM ResponseSyncBox  RX=OK

9/16/2022 3:46 PM CommandSyncBox  TX=bset on

9/16/2022 3:46 PM ResponseSyncBox  RX=OK

9/16/2022 3:46 PM CommandSyncBox  TX=cset on

9/16/2022 3:46 PM ResponseSyncBox  RX=OK

9/16/2022 3:46 PM CommandSyncBox  TX=dset on

9/16/2022 3:46 PM ResponseSyncBox  RX=OK

9/16/2022 3:46 PM CommandSyncBox  TX=IN

9/16/2022 3:46 PM ResponseSyncBox  RX=OK

9/16/2022 3:46 PM CommandAcquisChB  TX=EXPOSE
9/16/2022 3:46 PM CommandSyncBox  TX=TRigger REmote

9/16/2022 3:46 PM ResponseSyncBox  RX=OK

9/16/2022 3:46 PM CommandSyncBox  TX=IN

9/16/2022 3:46 PM ResponseSyncBox  RX=OK

9/16/2022 3:46 PM CommandSyncBox  TX=TRigger

9/16/2022 3:46 PM ResponseSyncBox  RX=Trig   REM  50R  Level 1.250   Div   0,000,000,000  SYN 00,010,000.00

9/16/2022 3:46 PM CommandSyncBox  TX=FIre

9/16/2022 3:46 PM ResponseSyncBox  RX=OK

9/16/2022 3:47 PM CommandAcquisChB  TX=SET EXPTIME 1.000000
9/16/2022 3:47 PM ResponseAcquisChB  RX=DONE
9/16/2022 3:47 PM CommandAcquisChB  TX=SET #FRAMES 3.000000
9/16/2022 3:47 PM ResponseAcquisChB  RX=DONE
9/16/2022 3:47 PM CommandAcquisChB  TX=SET #CUBES 1.0000 
9/16/2022 3:47 PM ResponseAcquisChB  RX=DONE
9/16/2022 3:47 PM CommandAcquisChB  TX=SET SUFFIX DARK
9/16/2022 3:47 PM ResponseAcquisChB  RX=DONE
9/16/2022 3:47 PM CommandAcquisChB  TX=SET OBSTYPE DARK
9/16/2022 3:47 PM ResponseAcquisChB  RX=DONE
9/16/2022 3:47 PM CommandSyncBox  TX=ADELAY 0m

9/16/2022 3:47 PM ResponseSyncBox  RX=OK

9/16/2022 3:47 PM CommandSyncBox  TX=BDELAY 0m

9/16/2022 3:47 PM ResponseSyncBox  RX=OK

9/16/2022 3:47 PM CommandSyncBox  TX=CDELAY 0m

9/16/2022 3:47 PM ResponseSyncBox  RX=OK

9/16/2022 3:47 PM CommandSyncBox  TX=DDELAY 0m

9/16/2022 3:47 PM ResponseSyncBox  RX=OK

9/16/2022 3:47 PM CommandSyncBox  TX=AWIDTH 200m

9/16/2022 3:47 PM ResponseSyncBox  RX=OK

9/16/2022 3:47 PM CommandSyncBox  TX=BWIDTH 200m

9/16/2022 3:47 PM ResponseSyncBox  RX=OK

9/16/2022 3:47 PM CommandSyncBox  TX=CWIDTH 200m

9/16/2022 3:47 PM ResponseSyncBox  RX=OK

9/16/2022 3:47 PM CommandSyncBox  TX=DWIDTH 200m

9/16/2022 3:47 PM ResponseSyncBox  RX=OK

9/16/2022 3:47 PM CommandSyncBox  TX=aset on

9/16/2022 3:47 PM ResponseSyncBox  RX=OK

9/16/2022 3:47 PM CommandSyncBox  TX=bset on

9/16/2022 3:47 PM ResponseSyncBox  RX=OK

9/16/2022 3:47 PM CommandSyncBox  TX=cset on

9/16/2022 3:47 PM ResponseSyncBox  RX=OK

9/16/2022 3:47 PM CommandSyncBox  TX=dset on

9/16/2022 3:47 PM ResponseSyncBox  RX=OK

9/16/2022 3:47 PM CommandSyncBox  TX=IN

9/16/2022 3:47 PM ResponseSyncBox  RX=OK

9/16/2022 3:47 PM CommandAcquisChB  TX=EXPOSE
9/16/2022 3:47 PM CommandInstrument  TX=S4ICS WPROT STOP NONE,WPSEL NONE NONE,GMIR NONE NONE,GFOC NONE NONE,CALW NONE NONE,ASEL NONE NONE

9/16/2022 3:47 PM ResponseInstrument  RX=WPROT SIMULATED BUSY 315 NONE -1, WPSEL SIMULATED READY 50 CLEAR 1, ASEL SIMULATED READY 0 CLEAR 1, CALW SIMULATED READY 0 CLEAR 1, GFOC SIMULATED READY 0 HOME 0, GMIR SIMULATED READY 0 HOME 0

9/16/2022 3:48 PM CommandAcquisChB  TX=SET EXPTIME 1.000000
9/16/2022 3:48 PM ResponseAcquisChB  RX=DONE
9/16/2022 3:48 PM CommandAcquisChB  TX=SET #FRAMES 3.000000
9/16/2022 3:48 PM ResponseAcquisChB  RX=DONE
9/16/2022 3:48 PM CommandAcquisChB  TX=SET #CUBES 1.0000 
9/16/2022 3:48 PM ResponseAcquisChB  RX=DONE
9/16/2022 3:48 PM CommandAcquisChB  TX=SET SUFFIX DARK
9/16/2022 3:48 PM ResponseAcquisChB  RX=DONE
9/16/2022 3:48 PM CommandAcquisChB  TX=SET OBSTYPE DARK
9/16/2022 3:48 PM ResponseAcquisChB  RX=DONE
9/16/2022 3:48 PM CommandSyncBox  TX=ADELAY 0m

9/16/2022 3:48 PM ResponseSyncBox  RX=OK

9/16/2022 3:48 PM CommandSyncBox  TX=BDELAY 0m

9/16/2022 3:48 PM ResponseSyncBox  RX=OK

9/16/2022 3:48 PM CommandSyncBox  TX=CDELAY 0m

9/16/2022 3:48 PM ResponseSyncBox  RX=OK

9/16/2022 3:48 PM CommandSyncBox  TX=DDELAY 0m

9/16/2022 3:48 PM ResponseSyncBox  RX=OK

9/16/2022 3:48 PM CommandSyncBox  TX=AWIDTH 200m

9/16/2022 3:48 PM ResponseSyncBox  RX=OK

9/16/2022 3:48 PM CommandSyncBox  TX=BWIDTH 200m

9/16/2022 3:48 PM ResponseSyncBox  RX=OK

9/16/2022 3:48 PM CommandSyncBox  TX=CWIDTH 200m

9/16/2022 3:48 PM ResponseSyncBox  RX=OK

9/16/2022 3:48 PM CommandSyncBox  TX=DWIDTH 200m

9/16/2022 3:48 PM ResponseSyncBox  RX=OK

9/16/2022 3:48 PM CommandSyncBox  TX=aset on

9/16/2022 3:48 PM ResponseSyncBox  RX=OK

9/16/2022 3:48 PM CommandSyncBox  TX=bset on

9/16/2022 3:48 PM ResponseSyncBox  RX=OK

9/16/2022 3:48 PM CommandSyncBox  TX=cset on

9/16/2022 3:48 PM ResponseSyncBox  RX=OK

9/16/2022 3:48 PM CommandSyncBox  TX=dset on

9/16/2022 3:48 PM ResponseSyncBox  RX=OK

9/16/2022 3:48 PM CommandSyncBox  TX=IN

9/16/2022 3:48 PM ResponseSyncBox  RX=OK

9/16/2022 3:48 PM CommandAcquisChB  TX=EXPOSE
9/16/2022 3:48 PM CommandInstrument  TX=S4ICS WPROT STOP NONE,WPSEL NONE NONE,GMIR NONE NONE,GFOC NONE NONE,CALW NONE NONE,ASEL NONE NONE

9/16/2022 3:48 PM ResponseInstrument  RX=WPROT SIMULATED BUSY 315 NONE -1, WPSEL SIMULATED READY 50 CLEAR 1, ASEL SIMULATED READY 0 CLEAR 1, CALW SIMULATED READY 0 CLEAR 1, GFOC SIMULATED READY 0 HOME 0, GMIR SIMULATED READY 0 HOME 0

9/16/2022 3:49 PM CommandAcquisChB  TX=WRITE_SETUP {"ACQUISITION_MODE":3,"TRIGGER_MODE":0,"READ_MODE":0,"PREAMP":0,"READOUT_RATE":0,"VERTICAL_SHIFT_SPEED":0,"EM_MODE":1,"EM_GAIN":2,"SHUTTER_MODE":2,"SHUTTER_TTL":0,"SHUTTER_OPENING_TIME":1,"SHUTTER_CLOSING_TIME":1,"VBIN":1,"HBIN":1,"INITIAL_LINE":1,"INITIAL_COLUMN":1,"FINAL_LINE":1024,"FINAL_COLUMN":1024,"FRAME_TRANSFER":true,"VERTICAL_CLOCK_VOLTAGE":0,"AD_CHANNEL":0}
9/16/2022 3:49 PM CommandAcquisChB  TX=SET EXPTIME 1.000000
9/16/2022 3:49 PM ResponseAcquisChB  RX=DONE
9/16/2022 3:49 PM CommandAcquisChB  TX=SET #FRAMES 3.000000
9/16/2022 3:49 PM ResponseAcquisChB  RX=DONE
9/16/2022 3:49 PM CommandAcquisChB  TX=SET #CUBES 1.0000 
9/16/2022 3:49 PM ResponseAcquisChB  RX=DONE
9/16/2022 3:49 PM CommandAcquisChB  TX=SET SUFFIX DARK
9/16/2022 3:49 PM ResponseAcquisChB  RX=DONE
9/16/2022 3:49 PM CommandAcquisChB  TX=SET OBSTYPE DARK
9/16/2022 3:49 PM ResponseAcquisChB  RX=DONE
9/16/2022 3:49 PM CommandAcquisChB  TX=EXPOSE
9/16/2022 3:49 PM ResponseAcquisChB  RX=RETURNING_STATUS {"CUBE_EXPOSURE_TIME":3,"CUBES_DONE":1,"LAST_IMAGE_NAME":"20220916_s4c2_DARK_000005.fits","DISK_SPACE":0,"FRAMES_DONE":3,"CCD_STATUS":"IDLE","CURRENT_TEMPERATURE":20,"TEMPERATURE_STATUS":"TEMPERATURE_OFF","FRAME_EXPOSURE_TIME":1,"CCD_POWER_STATUS":true,"SERIAL_NUMBER":9915,"ACQUIRING":false}
9/16/2022 3:50 PM CommandAcquisChB  TX=WRITE_SETUP {"ACQUISITION_MODE":3,"TRIGGER_MODE":6,"READ_MODE":0,"PREAMP":0,"READOUT_RATE":0,"VERTICAL_SHIFT_SPEED":0,"EM_MODE":1,"EM_GAIN":2,"SHUTTER_MODE":2,"SHUTTER_TTL":0,"SHUTTER_OPENING_TIME":1,"SHUTTER_CLOSING_TIME":1,"VBIN":1,"HBIN":1,"INITIAL_LINE":1,"INITIAL_COLUMN":1,"FINAL_LINE":1024,"FINAL_COLUMN":1024,"FRAME_TRANSFER":true,"VERTICAL_CLOCK_VOLTAGE":0,"AD_CHANNEL":0}
9/16/2022 3:50 PM CommandAcquisChB  TX=SET EXPTIME 1.000000
9/16/2022 3:50 PM ResponseAcquisChB  RX=DONE
9/16/2022 3:50 PM CommandAcquisChB  TX=SET #FRAMES 3.000000
9/16/2022 3:50 PM ResponseAcquisChB  RX=DONE
9/16/2022 3:50 PM CommandAcquisChB  TX=SET #CUBES 1.0000 
9/16/2022 3:50 PM CommandAcquisChB  TX=SET SUFFIX DARK
9/16/2022 3:50 PM ResponseAcquisChB  RX=DONE
9/16/2022 3:50 PM ResponseAcquisChB  RX=DONE
9/16/2022 3:50 PM CommandAcquisChB  TX=SET OBSTYPE DARK
9/16/2022 3:50 PM ResponseAcquisChB  RX=DONE
9/16/2022 3:50 PM CommandSyncBox  TX=ADELAY 0m

9/16/2022 3:50 PM ResponseSyncBox  RX=OK

9/16/2022 3:50 PM CommandSyncBox  TX=BDELAY 0m

9/16/2022 3:50 PM ResponseSyncBox  RX=OK

9/16/2022 3:50 PM CommandSyncBox  TX=CDELAY 0m

9/16/2022 3:50 PM ResponseSyncBox  RX=OK

9/16/2022 3:50 PM CommandSyncBox  TX=DDELAY 0m

9/16/2022 3:50 PM ResponseSyncBox  RX=OK

9/16/2022 3:50 PM CommandSyncBox  TX=AWIDTH 200m

9/16/2022 3:50 PM ResponseSyncBox  RX=OK

9/16/2022 3:50 PM CommandSyncBox  TX=BWIDTH 200m

9/16/2022 3:50 PM ResponseSyncBox  RX=OK

9/16/2022 3:50 PM CommandSyncBox  TX=CWIDTH 200m

9/16/2022 3:50 PM ResponseSyncBox  RX=OK

9/16/2022 3:50 PM CommandSyncBox  TX=DWIDTH 200m

9/16/2022 3:50 PM ResponseSyncBox  RX=OK

9/16/2022 3:50 PM CommandSyncBox  TX=aset on

9/16/2022 3:50 PM ResponseSyncBox  RX=OK

9/16/2022 3:50 PM CommandSyncBox  TX=bset on

9/16/2022 3:50 PM ResponseSyncBox  RX=OK

9/16/2022 3:50 PM CommandSyncBox  TX=cset on

9/16/2022 3:50 PM ResponseSyncBox  RX=OK

9/16/2022 3:50 PM CommandSyncBox  TX=dset on

9/16/2022 3:50 PM ResponseSyncBox  RX=OK

9/16/2022 3:50 PM CommandSyncBox  TX=IN

9/16/2022 3:50 PM ResponseSyncBox  RX=OK

9/16/2022 3:50 PM CommandAcquisChB  TX=EXPOSE
9/16/2022 3:50 PM CommandInstrument  TX=S4ICS WPROT STOP NONE,WPSEL NONE NONE,GMIR NONE NONE,GFOC NONE NONE,CALW NONE NONE,ASEL NONE NONE

9/16/2022 3:50 PM ResponseInstrument  RX=WPROT SIMULATED BUSY 315 NONE -1, WPSEL SIMULATED READY 50 CLEAR 1, ASEL SIMULATED READY 0 CLEAR 1, CALW SIMULATED READY 0 CLEAR 1, GFOC SIMULATED READY 0 HOME 0, GMIR SIMULATED READY 0 HOME 0

