9/16/2022 11:44 AM CommandAcquisChA  TX=WRITE_SETUP {"ACQUISITION_MODE":3,"TRIGGER_MODE":6,"READ_MODE":4,"PREAMP":0,"READOUT_RATE":0,"VERTICAL_SHIFT_SPEED":3,"EM_MODE":1,"EM_GAIN":2,"SHUTTER_MODE":2,"SHUTTER_TTL":0,"SHUTTER_OPENING_TIME":1,"SHUTTER_CLOSING_TIME":1,"VBIN":1,"HBIN":1,"INITIAL_LINE":1,"INITIAL_COLUMN":1,"FINAL_LINE":1024,"FINAL_COLUMN":1024,"FRAME_TRANSFER":true,"VERTICAL_CLOCK_VOLTAGE":0,"AD_CHANNEL":0}
9/16/2022 11:44 AM CommandAcquisChB  TX=WRITE_SETUP {"ACQUISITION_MODE":3,"TRIGGER_MODE":1,"READ_MODE":0,"PREAMP":0,"READOUT_RATE":0,"VERTICAL_SHIFT_SPEED":0,"EM_MODE":1,"EM_GAIN":2,"SHUTTER_MODE":2,"SHUTTER_TTL":0,"SHUTTER_OPENING_TIME":1,"SHUTTER_CLOSING_TIME":1,"VBIN":1,"HBIN":1,"INITIAL_LINE":1,"INITIAL_COLUMN":1,"FINAL_LINE":1024,"FINAL_COLUMN":1024,"FRAME_TRANSFER":true,"VERTICAL_CLOCK_VOLTAGE":0,"AD_CHANNEL":0}
9/16/2022 11:44 AM CommandAcquisChC  TX=WRITE_SETUP {"ACQUISITION_MODE":3,"TRIGGER_MODE":1,"READ_MODE":0,"PREAMP":0,"READOUT_RATE":0,"VERTICAL_SHIFT_SPEED":0,"EM_MODE":1,"EM_GAIN":2,"SHUTTER_MODE":2,"SHUTTER_TTL":0,"SHUTTER_OPENING_TIME":1,"SHUTTER_CLOSING_TIME":1,"VBIN":1,"HBIN":1,"INITIAL_LINE":1,"INITIAL_COLUMN":1,"FINAL_LINE":1024,"FINAL_COLUMN":1024,"FRAME_TRANSFER":true,"VERTICAL_CLOCK_VOLTAGE":0,"AD_CHANNEL":0}
9/16/2022 11:44 AM CommandAcquisChD  TX=WRITE_SETUP {"ACQUISITION_MODE":3,"TRIGGER_MODE":0,"READ_MODE":4,"PREAMP":0,"READOUT_RATE":0,"VERTICAL_SHIFT_SPEED":3,"EM_MODE":1,"EM_GAIN":2,"SHUTTER_MODE":2,"SHUTTER_TTL":0,"SHUTTER_OPENING_TIME":1,"SHUTTER_CLOSING_TIME":1,"VBIN":1,"HBIN":1,"INITIAL_LINE":1,"INITIAL_COLUMN":1,"FINAL_LINE":1024,"FINAL_COLUMN":1024,"FRAME_TRANSFER":true,"VERTICAL_CLOCK_VOLTAGE":0,"AD_CHANNEL":0}
9/16/2022 11:44 AM CommandSyncBox  TX=ADELAY 0m

9/16/2022 11:44 AM ResponseSyncBox  RX=OK

9/16/2022 11:44 AM CommandSyncBox  TX=BDELAY 0m

9/16/2022 11:44 AM ResponseSyncBox  RX=OK

9/16/2022 11:44 AM CommandSyncBox  TX=CDELAY 0m

9/16/2022 11:44 AM ResponseSyncBox  RX=OK

9/16/2022 11:44 AM CommandSyncBox  TX=DDELAY 0m

9/16/2022 11:44 AM ResponseSyncBox  RX=OK

9/16/2022 11:44 AM CommandSyncBox  TX=AWIDTH 200m

9/16/2022 11:44 AM ResponseSyncBox  RX=OK

9/16/2022 11:44 AM CommandSyncBox  TX=BWIDTH 200m

9/16/2022 11:44 AM ResponseSyncBox  RX=OK

9/16/2022 11:44 AM CommandSyncBox  TX=CWIDTH 200m

9/16/2022 11:44 AM ResponseSyncBox  RX=OK

9/16/2022 11:44 AM CommandSyncBox  TX=DWIDTH 200m

9/16/2022 11:44 AM ResponseSyncBox  RX=OK

9/16/2022 11:44 AM CommandSyncBox  TX=aset on

9/16/2022 11:44 AM ResponseSyncBox  RX=OK

9/16/2022 11:44 AM CommandSyncBox  TX=bset on

9/16/2022 11:44 AM ResponseSyncBox  RX=OK

9/16/2022 11:44 AM CommandSyncBox  TX=cset on

9/16/2022 11:44 AM ResponseSyncBox  RX=OK

9/16/2022 11:44 AM CommandSyncBox  TX=dset on

9/16/2022 11:44 AM ResponseSyncBox  RX=OK

9/16/2022 11:44 AM CommandSyncBox  TX=IN

9/16/2022 11:44 AM ResponseSyncBox  RX=OK

9/16/2022 11:44 AM CommandAcquisChA  TX=READ_SETUP 
9/16/2022 11:44 AM CommandAcquisChB  TX=READ_SETUP 
9/16/2022 11:44 AM CommandAcquisChC  TX=READ_SETUP 
9/16/2022 11:44 AM CommandAcquisChD  TX=READ_SETUP 
9/16/2022 11:44 AM ResponseAcquisChD  RX=CCD_SETUP {"PREAMP":0,"READOUT_RATE":0,"EM_GAIN":2,"VBIN":1,"INITIAL_LINE":1,"INITIAL_COLUMN":1,"FINAL_LINE":1024,"FINAL_COLUMN":1024,"TRIGGER_MODE":0,"HBIN":1,"SHUTTER_TTL":0,"SHUTTER_MODE":2,"SHUTTER_OPENING_TIME":1,"SHUTTER_CLOSING_TIME":1,"VERTICAL_SHIFT_SPEED":3,"READ_MODE":4,"FRAME_TRANSFER":true,"VERTICAL_CLOCK_VOLTAGE":0,"ACQUISITION_MODE":3,"AD_CHANNEL":0,"EM_MODE":1}
9/16/2022 11:44 AM CommandAcquisChD  TX=SET COOLER_POWER_STATUS 0
9/16/2022 11:44 AM ResponseAcquisChD  RX=DONE
9/16/2022 11:44 AM CommandAcquisChA  TX=SET COOLER_POWER_STATUS 0
9/16/2022 11:44 AM CommandAcquisChB  TX=SET COOLER_POWER_STATUS 0
9/16/2022 11:44 AM CommandAcquisChC  TX=SET COOLER_POWER_STATUS 0
9/16/2022 11:45 AM CommandInstrument  TX=S4ICS WPROT NONE NONE,WPSEL GOTO L/2,GMIR NONE NONE,GFOC NONE NONE,CALW GOTO CLEAR,ASEL GOTO ANALYZER

9/16/2022 11:45 AM ResponseInstrument  RX=WPROT SIMULATED READY 0 WP1 1, WPSEL SIMULATED BUSY 50 CLEAR 1, ASEL SIMULATED BUSY 0 CLEAR 1, CALW SIMULATED BUSY 0 CLEAR 1, GFOC SIMULATED READY 0 HOME 0, GMIR SIMULATED READY 0 HOME 0

9/16/2022 11:45 AM CommandAcquisChD  TX=WRITE_SETUP {"ACQUISITION_MODE":3,"TRIGGER_MODE":0,"READ_MODE":4,"PREAMP":0,"READOUT_RATE":0,"VERTICAL_SHIFT_SPEED":3,"EM_MODE":1,"EM_GAIN":2,"SHUTTER_MODE":2,"SHUTTER_TTL":0,"SHUTTER_OPENING_TIME":1,"SHUTTER_CLOSING_TIME":1,"VBIN":1,"HBIN":1,"INITIAL_LINE":1,"INITIAL_COLUMN":1,"FINAL_LINE":1024,"FINAL_COLUMN":1024,"FRAME_TRANSFER":true,"VERTICAL_CLOCK_VOLTAGE":0,"AD_CHANNEL":0}
9/16/2022 11:45 AM CommandAcquisChD  TX=READ_SETUP 
9/16/2022 11:45 AM ResponseAcquisChD  RX=CCD_SETUP {"PREAMP":0,"READOUT_RATE":0,"EM_GAIN":2,"VBIN":1,"INITIAL_LINE":1,"INITIAL_COLUMN":1,"FINAL_LINE":1024,"FINAL_COLUMN":1024,"TRIGGER_MODE":0,"HBIN":1,"SHUTTER_TTL":0,"SHUTTER_MODE":2,"SHUTTER_OPENING_TIME":1,"SHUTTER_CLOSING_TIME":1,"VERTICAL_SHIFT_SPEED":3,"READ_MODE":4,"FRAME_TRANSFER":true,"VERTICAL_CLOCK_VOLTAGE":0,"ACQUISITION_MODE":3,"AD_CHANNEL":0,"EM_MODE":1}
9/16/2022 11:45 AM CommandAcquisChD  TX=SET COOLER_POWER_STATUS 0
9/16/2022 11:45 AM ResponseAcquisChD  RX=DONE
9/16/2022 11:46 AM CommandAcquisChD  TX=SET EXPTIME 5.000000
9/16/2022 11:46 AM ResponseAcquisChD  RX=DONE
9/16/2022 11:46 AM CommandAcquisChD  TX=SET #FRAMES 2.000000
9/16/2022 11:46 AM ResponseAcquisChD  RX=DONE
9/16/2022 11:46 AM CommandAcquisChD  TX=SET #CUBES 1.0000 
9/16/2022 11:46 AM ResponseAcquisChD  RX=DONE
9/16/2022 11:46 AM CommandAcquisChD  TX=SET SUFFIX DARK
9/16/2022 11:46 AM CommandAcquisChD  TX=SET OBSTYPE DARK
9/16/2022 11:46 AM ResponseAcquisChD  RX=DONE
9/16/2022 11:46 AM ResponseAcquisChD  RX=DONE
9/16/2022 11:46 AM CommandInstrument  TX=S4ICS WPROT GOTO WP2,WPSEL NONE NONE,GMIR NONE NONE,GFOC NONE NONE,CALW NONE NONE,ASEL NONE NONE

9/16/2022 11:46 AM ResponseInstrument  RX=WPROT SIMULATED BUSY 0 WP1 1, WPSEL SIMULATED READY 0 L/2 2, ASEL SIMULATED READY 100 ANALYZER 2, CALW SIMULATED READY 0 CLEAR 1, GFOC SIMULATED READY 0 HOME 0, GMIR SIMULATED READY 0 HOME 0

9/16/2022 11:46 AM CommandAcquisChD  TX=EXPOSE
9/16/2022 11:46 AM CommandInstrument  TX=S4ICS WPROT GOTO WP11,WPSEL NONE NONE,GMIR NONE NONE,GFOC NONE NONE,CALW NONE NONE,ASEL NONE NONE

9/16/2022 11:46 AM ResponseInstrument  RX=WPROT SIMULATED BUSY 22 WP2 2, WPSEL SIMULATED READY 0 L/2 2, ASEL SIMULATED READY 100 ANALYZER 2, CALW SIMULATED READY 0 CLEAR 1, GFOC SIMULATED READY 0 HOME 0, GMIR SIMULATED READY 0 HOME 0

9/16/2022 11:46 AM CommandAcquisChD  TX=EXPOSE
9/16/2022 11:47 AM CommandAcquisChD  TX=WRITE_SETUP {"ACQUISITION_MODE":3,"TRIGGER_MODE":6,"READ_MODE":4,"PREAMP":0,"READOUT_RATE":0,"VERTICAL_SHIFT_SPEED":3,"EM_MODE":1,"EM_GAIN":2,"SHUTTER_MODE":2,"SHUTTER_TTL":0,"SHUTTER_OPENING_TIME":1,"SHUTTER_CLOSING_TIME":1,"VBIN":1,"HBIN":1,"INITIAL_LINE":1,"INITIAL_COLUMN":1,"FINAL_LINE":1024,"FINAL_COLUMN":1024,"FRAME_TRANSFER":true,"VERTICAL_CLOCK_VOLTAGE":0,"AD_CHANNEL":0}
9/16/2022 11:47 AM CommandAcquisChD  TX=SET EXPTIME 5.000000
9/16/2022 11:47 AM ResponseAcquisChD  RX=DONE
9/16/2022 11:47 AM CommandAcquisChD  TX=SET #FRAMES 2.000000
9/16/2022 11:47 AM ResponseAcquisChD  RX=DONE
9/16/2022 11:47 AM CommandAcquisChD  TX=SET #CUBES 1.0000 
9/16/2022 11:47 AM ResponseAcquisChD  RX=DONE
9/16/2022 11:47 AM CommandAcquisChD  TX=SET SUFFIX DARK
9/16/2022 11:47 AM ResponseAcquisChD  RX=DONE
9/16/2022 11:47 AM CommandAcquisChD  TX=SET OBSTYPE DARK
9/16/2022 11:47 AM ResponseAcquisChD  RX=DONE
9/16/2022 11:47 AM CommandInstrument  TX=S4ICS WPROT GOTO WP2,WPSEL NONE NONE,GMIR NONE NONE,GFOC NONE NONE,CALW NONE NONE,ASEL NONE NONE

9/16/2022 11:47 AM ResponseInstrument  RX=WPROT SIMULATED BUSY 225 WP11 11, WPSEL SIMULATED READY 0 L/2 2, ASEL SIMULATED READY 100 ANALYZER 2, CALW SIMULATED READY 0 CLEAR 1, GFOC SIMULATED READY 0 HOME 0, GMIR SIMULATED READY 0 HOME 0

9/16/2022 11:47 AM CommandSyncBox  TX=ADELAY 0m

9/16/2022 11:47 AM ResponseSyncBox  RX=

     Highland Technology  Model T560  Digital Delay Generator

Firmware 28E560-D  02407                Cal date July 19, 2018      

Trig   REM  50R  Level 1.250   Div   0,000,000,000  SYN 00,010,000.00
Gate   OFF  POS  HIZ           Shots 0,000,000,076
Burst  OFF  N  0,000,000,016   of M  0,000,000,064

Verbos ON   Autoinstall FEOD   Usec 1,400,797,751  DPLL 00029
Clock  OUT  Trim 02166         Temp +52.3

Errs   None

Ch A  POS  ON     Dly  00.000,000,000,000  Wid  00.200,000,000,000
Ch B  POS  ON     Dly  00.000,000,000,000  Wid  00.200,000,000,000
Ch C  POS  ON     Dly  00.000,000,000,000  Wid  00.200,000,000,000
Ch D  POS  ON     Dly  00.000,000,000,000  Wid  00.200,000,000,000



9/16/2022 11:47 AM ResponseSyncBox  RX=OK

9/16/2022 11:47 AM CommandSyncBox  TX=BDELAY 0m

9/16/2022 11:47 AM ResponseSyncBox  RX=OK

9/16/2022 11:47 AM CommandSyncBox  TX=CDELAY 0m

9/16/2022 11:47 AM ResponseSyncBox  RX=OK

9/16/2022 11:47 AM CommandSyncBox  TX=DDELAY 0m

9/16/2022 11:47 AM ResponseSyncBox  RX=OK

9/16/2022 11:47 AM CommandSyncBox  TX=AWIDTH 200m

9/16/2022 11:47 AM ResponseSyncBox  RX=OK

9/16/2022 11:47 AM CommandSyncBox  TX=BWIDTH 200m

9/16/2022 11:47 AM ResponseSyncBox  RX=OK

9/16/2022 11:47 AM CommandSyncBox  TX=CWIDTH 200m

9/16/2022 11:47 AM ResponseSyncBox  RX=OK

9/16/2022 11:47 AM CommandSyncBox  TX=DWIDTH 200m

9/16/2022 11:47 AM ResponseSyncBox  RX=OK

9/16/2022 11:47 AM CommandSyncBox  TX=aset on

9/16/2022 11:47 AM ResponseSyncBox  RX=OK

9/16/2022 11:47 AM CommandSyncBox  TX=bset on

9/16/2022 11:47 AM ResponseSyncBox  RX=OK

9/16/2022 11:47 AM CommandSyncBox  TX=cset on

9/16/2022 11:47 AM ResponseSyncBox  RX=OK

9/16/2022 11:47 AM CommandSyncBox  TX=dset on

9/16/2022 11:47 AM ResponseSyncBox  RX=OK

9/16/2022 11:47 AM CommandSyncBox  TX=IN

9/16/2022 11:47 AM ResponseSyncBox  RX=OK

9/16/2022 11:47 AM CommandAcquisChD  TX=EXPOSE
9/16/2022 11:47 AM CommandSyncBox  TX=TRigger REmote

9/16/2022 11:47 AM ResponseSyncBox  RX=OK

9/16/2022 11:47 AM CommandSyncBox  TX=IN

9/16/2022 11:47 AM ResponseSyncBox  RX=OK

9/16/2022 11:47 AM CommandSyncBox  TX=TRigger

9/16/2022 11:47 AM ResponseSyncBox  RX=Trig   REM  50R  Level 1.250   Div   0,000,000,000  SYN 00,010,000.00

9/16/2022 11:47 AM CommandSyncBox  TX=FIre

9/16/2022 11:47 AM ResponseSyncBox  RX=OK

9/16/2022 11:48 AM CommandInstrument  TX=S4ICS WPROT GOTO WP11,WPSEL NONE NONE,GMIR NONE NONE,GFOC NONE NONE,CALW NONE NONE,ASEL NONE NONE

9/16/2022 11:48 AM ResponseInstrument  RX=WPROT SIMULATED BUSY 23 WP2 2, WPSEL SIMULATED READY 0 L/2 2, ASEL SIMULATED READY 100 ANALYZER 2, CALW SIMULATED READY 0 CLEAR 1, GFOC SIMULATED READY 0 HOME 0, GMIR SIMULATED READY 0 HOME 0

9/16/2022 11:48 AM CommandSyncBox  TX=ADELAY 0m

9/16/2022 11:48 AM ResponseSyncBox  RX=

     Highland Technology  Model T560  Digital Delay Generator

Firmware 28E560-D  02407                Cal date July 19, 2018      

Trig   REM  50R  Level 1.250   Div   0,000,000,000  SYN 00,010,000.00
Gate   OFF  POS  HIZ           Shots 0,000,000,077
Burst  OFF  N  0,000,000,016   of M  0,000,000,064

Verbos ON   Autoinstall FEOD   Usec 1,434,913,438  DPLL 00029
Clock  OUT  Trim 02166         Temp +52.3

Errs   None

Ch A  POS  ON     Dly  00.000,000,000,000  Wid  00.200,000,000,000
Ch B  POS  ON     Dly  00.000,000,000,000  Wid  00.200,000,000,000
Ch C  POS  ON     Dly  00.000,000,000,000  Wid  00.200,000,000,000
Ch D  POS  ON     Dly  00.000,000,000,000  Wid  00.200,000,000,000



9/16/2022 11:48 AM ResponseSyncBox  RX=OK

9/16/2022 11:48 AM CommandSyncBox  TX=BDELAY 0m

9/16/2022 11:48 AM ResponseSyncBox  RX=OK

9/16/2022 11:48 AM CommandSyncBox  TX=CDELAY 0m

9/16/2022 11:48 AM ResponseSyncBox  RX=OK

9/16/2022 11:48 AM CommandSyncBox  TX=DDELAY 0m

9/16/2022 11:48 AM ResponseSyncBox  RX=OK

9/16/2022 11:48 AM CommandSyncBox  TX=AWIDTH 200m

9/16/2022 11:48 AM ResponseSyncBox  RX=OK

9/16/2022 11:48 AM CommandSyncBox  TX=BWIDTH 200m

9/16/2022 11:48 AM ResponseSyncBox  RX=OK

9/16/2022 11:48 AM CommandSyncBox  TX=CWIDTH 200m

9/16/2022 11:48 AM ResponseSyncBox  RX=OK

9/16/2022 11:48 AM CommandSyncBox  TX=DWIDTH 200m

9/16/2022 11:48 AM ResponseSyncBox  RX=OK

9/16/2022 11:48 AM CommandSyncBox  TX=aset on

9/16/2022 11:48 AM ResponseSyncBox  RX=OK

9/16/2022 11:48 AM CommandSyncBox  TX=bset on

9/16/2022 11:48 AM ResponseSyncBox  RX=OK

9/16/2022 11:48 AM CommandSyncBox  TX=cset on

9/16/2022 11:48 AM ResponseSyncBox  RX=OK

9/16/2022 11:48 AM CommandSyncBox  TX=dset on

9/16/2022 11:48 AM ResponseSyncBox  RX=OK

9/16/2022 11:48 AM CommandSyncBox  TX=IN

9/16/2022 11:48 AM ResponseSyncBox  RX=OK

9/16/2022 11:48 AM CommandAcquisChD  TX=EXPOSE
9/16/2022 11:48 AM CommandSyncBox  TX=TRigger REmote

9/16/2022 11:48 AM ResponseSyncBox  RX=OK

9/16/2022 11:48 AM CommandSyncBox  TX=IN

9/16/2022 11:48 AM ResponseSyncBox  RX=OK

9/16/2022 11:48 AM CommandSyncBox  TX=TRigger

9/16/2022 11:48 AM ResponseSyncBox  RX=Trig   REM  50R  Level 1.250   Div   0,000,000,000  SYN 00,010,000.00

9/16/2022 11:48 AM CommandSyncBox  TX=FIre

9/16/2022 11:48 AM ResponseSyncBox  RX=OK

9/16/2022 2:10 PM CommandAcquisChD  TX=WRITE_SETUP {"ACQUISITION_MODE":3,"TRIGGER_MODE":0,"READ_MODE":4,"PREAMP":0,"READOUT_RATE":0,"VERTICAL_SHIFT_SPEED":3,"EM_MODE":1,"EM_GAIN":2,"SHUTTER_MODE":2,"SHUTTER_TTL":0,"SHUTTER_OPENING_TIME":1,"SHUTTER_CLOSING_TIME":1,"VBIN":1,"HBIN":1,"INITIAL_LINE":1,"INITIAL_COLUMN":1,"FINAL_LINE":1024,"FINAL_COLUMN":1024,"FRAME_TRANSFER":true,"VERTICAL_CLOCK_VOLTAGE":0,"AD_CHANNEL":0}
9/16/2022 2:11 PM CommandAcquisChD  TX=SET EXPTIME 5.000000
9/16/2022 2:11 PM ResponseAcquisChD  RX=DONE
9/16/2022 2:11 PM CommandAcquisChD  TX=SET #FRAMES 2.000000
9/16/2022 2:11 PM CommandAcquisChD  TX=SET #CUBES 1.0000 
9/16/2022 2:11 PM ResponseAcquisChD  RX=DONE
9/16/2022 2:11 PM CommandAcquisChD  TX=SET SUFFIX DARK
9/16/2022 2:11 PM ResponseAcquisChD  RX=DONE
9/16/2022 2:11 PM ResponseAcquisChD  RX=DONE
9/16/2022 2:11 PM CommandAcquisChD  TX=SET OBSTYPE DARK
9/16/2022 2:11 PM ResponseAcquisChD  RX=DONE
9/16/2022 2:11 PM CommandInstrument  TX=S4ICS WPROT GOTO WP2,WPSEL NONE NONE,GMIR NONE NONE,GFOC NONE NONE,CALW NONE NONE,ASEL NONE NONE

9/16/2022 2:11 PM ResponseInstrument  RX=WPROT SIMULATED BUSY 225 WP11 11, WPSEL SIMULATED READY 0 L/2 2, ASEL SIMULATED READY 100 ANALYZER 2, CALW SIMULATED READY 0 CLEAR 1, GFOC SIMULATED READY 0 HOME 0, GMIR SIMULATED READY 0 HOME 0

9/16/2022 2:11 PM CommandAcquisChD  TX=EXPOSE
9/16/2022 2:11 PM CommandInstrument  TX=S4ICS WPROT GOTO WP11,WPSEL NONE NONE,GMIR NONE NONE,GFOC NONE NONE,CALW NONE NONE,ASEL NONE NONE

9/16/2022 2:11 PM ResponseInstrument  RX=WPROT SIMULATED BUSY 23 WP2 2, WPSEL SIMULATED READY 0 L/2 2, ASEL SIMULATED READY 100 ANALYZER 2, CALW SIMULATED READY 0 CLEAR 1, GFOC SIMULATED READY 0 HOME 0, GMIR SIMULATED READY 0 HOME 0

9/16/2022 2:11 PM CommandAcquisChD  TX=EXPOSE
9/16/2022 2:13 PM CommandAcquisChD  TX=WRITE_SETUP {"ACQUISITION_MODE":3,"TRIGGER_MODE":6,"READ_MODE":4,"PREAMP":0,"READOUT_RATE":0,"VERTICAL_SHIFT_SPEED":3,"EM_MODE":1,"EM_GAIN":2,"SHUTTER_MODE":2,"SHUTTER_TTL":0,"SHUTTER_OPENING_TIME":1,"SHUTTER_CLOSING_TIME":1,"VBIN":1,"HBIN":1,"INITIAL_LINE":1,"INITIAL_COLUMN":1,"FINAL_LINE":1024,"FINAL_COLUMN":1024,"FRAME_TRANSFER":true,"VERTICAL_CLOCK_VOLTAGE":0,"AD_CHANNEL":0}
9/16/2022 2:13 PM CommandAcquisChD  TX=READ_SETUP 
9/16/2022 2:13 PM ResponseAcquisChD  RX=CCD_SETUP {"PREAMP":0,"READOUT_RATE":0,"EM_GAIN":2,"VBIN":1,"INITIAL_LINE":1,"INITIAL_COLUMN":1,"FINAL_LINE":1024,"FINAL_COLUMN":1024,"TRIGGER_MODE":6,"HBIN":1,"SHUTTER_TTL":0,"SHUTTER_MODE":2,"SHUTTER_OPENING_TIME":1,"SHUTTER_CLOSING_TIME":1,"VERTICAL_SHIFT_SPEED":3,"READ_MODE":4,"FRAME_TRANSFER":true,"VERTICAL_CLOCK_VOLTAGE":0,"ACQUISITION_MODE":3,"AD_CHANNEL":0,"EM_MODE":1}
9/16/2022 2:13 PM CommandAcquisChD  TX=SET COOLER_POWER_STATUS 0
9/16/2022 2:13 PM ResponseAcquisChD  RX=DONE
9/16/2022 2:13 PM CommandAcquisChD  TX=WRITE_SETUP {"ACQUISITION_MODE":3,"TRIGGER_MODE":6,"READ_MODE":4,"PREAMP":0,"READOUT_RATE":0,"VERTICAL_SHIFT_SPEED":3,"EM_MODE":1,"EM_GAIN":2,"SHUTTER_MODE":1,"SHUTTER_TTL":0,"SHUTTER_OPENING_TIME":1,"SHUTTER_CLOSING_TIME":1,"VBIN":1,"HBIN":1,"INITIAL_LINE":1,"INITIAL_COLUMN":1,"FINAL_LINE":1024,"FINAL_COLUMN":1024,"FRAME_TRANSFER":true,"VERTICAL_CLOCK_VOLTAGE":0,"AD_CHANNEL":0}
9/16/2022 2:13 PM CommandAcquisChD  TX=READ_SETUP 
9/16/2022 2:13 PM CommandAcquisChD  TX=SET COOLER_POWER_STATUS 0
9/16/2022 2:13 PM ResponseAcquisChD  RX=CCD_SETUP {"PREAMP":0,"READOUT_RATE":0,"EM_GAIN":2,"VBIN":1,"INITIAL_LINE":1,"INITIAL_COLUMN":1,"FINAL_LINE":1024,"FINAL_COLUMN":1024,"TRIGGER_MODE":6,"HBIN":1,"SHUTTER_TTL":0,"SHUTTER_MODE":1,"SHUTTER_OPENING_TIME":1,"SHUTTER_CLOSING_TIME":1,"VERTICAL_SHIFT_SPEED":3,"READ_MODE":4,"FRAME_TRANSFER":true,"VERTICAL_CLOCK_VOLTAGE":0,"ACQUISITION_MODE":3,"AD_CHANNEL":0,"EM_MODE":1}
9/16/2022 2:13 PM ResponseAcquisChD  RX=DONE
9/16/2022 2:13 PM CommandAcquisChD  TX=WRITE_SETUP {"ACQUISITION_MODE":3,"TRIGGER_MODE":6,"READ_MODE":4,"PREAMP":0,"READOUT_RATE":0,"VERTICAL_SHIFT_SPEED":3,"EM_MODE":1,"EM_GAIN":2,"SHUTTER_MODE":1,"SHUTTER_TTL":0,"SHUTTER_OPENING_TIME":1,"SHUTTER_CLOSING_TIME":1,"VBIN":1,"HBIN":1,"INITIAL_LINE":1,"INITIAL_COLUMN":1,"FINAL_LINE":1024,"FINAL_COLUMN":1024,"FRAME_TRANSFER":true,"VERTICAL_CLOCK_VOLTAGE":0,"AD_CHANNEL":0}
9/16/2022 2:13 PM CommandAcquisChD  TX=READ_SETUP 
9/16/2022 2:13 PM CommandAcquisChD  TX=SET COOLER_POWER_STATUS 0
9/16/2022 2:13 PM ResponseAcquisChD  RX=CCD_SETUP {"PREAMP":0,"READOUT_RATE":0,"EM_GAIN":2,"VBIN":1,"INITIAL_LINE":1,"INITIAL_COLUMN":1,"FINAL_LINE":1024,"FINAL_COLUMN":1024,"TRIGGER_MODE":6,"HBIN":1,"SHUTTER_TTL":0,"SHUTTER_MODE":1,"SHUTTER_OPENING_TIME":1,"SHUTTER_CLOSING_TIME":1,"VERTICAL_SHIFT_SPEED":3,"READ_MODE":4,"FRAME_TRANSFER":true,"VERTICAL_CLOCK_VOLTAGE":0,"ACQUISITION_MODE":3,"AD_CHANNEL":0,"EM_MODE":1}
9/16/2022 2:13 PM ResponseAcquisChD  RX=DONE
9/16/2022 2:13 PM CommandAcquisChD  TX=WRITE_SETUP {"ACQUISITION_MODE":3,"TRIGGER_MODE":6,"READ_MODE":4,"PREAMP":0,"READOUT_RATE":0,"VERTICAL_SHIFT_SPEED":3,"EM_MODE":1,"EM_GAIN":2,"SHUTTER_MODE":2,"SHUTTER_TTL":0,"SHUTTER_OPENING_TIME":1,"SHUTTER_CLOSING_TIME":1,"VBIN":1,"HBIN":1,"INITIAL_LINE":1,"INITIAL_COLUMN":1,"FINAL_LINE":1024,"FINAL_COLUMN":1024,"FRAME_TRANSFER":true,"VERTICAL_CLOCK_VOLTAGE":0,"AD_CHANNEL":0}
9/16/2022 2:13 PM CommandAcquisChD  TX=WRITE_SETUP {"ACQUISITION_MODE":3,"TRIGGER_MODE":6,"READ_MODE":4,"PREAMP":0,"READOUT_RATE":0,"VERTICAL_SHIFT_SPEED":3,"EM_MODE":1,"EM_GAIN":2,"SHUTTER_MODE":2,"SHUTTER_TTL":0,"SHUTTER_OPENING_TIME":1,"SHUTTER_CLOSING_TIME":1,"VBIN":1,"HBIN":1,"INITIAL_LINE":1,"INITIAL_COLUMN":1,"FINAL_LINE":1024,"FINAL_COLUMN":1024,"FRAME_TRANSFER":true,"VERTICAL_CLOCK_VOLTAGE":0,"AD_CHANNEL":0}
9/16/2022 2:13 PM CommandAcquisChD  TX=WRITE_SETUP {"ACQUISITION_MODE":3,"TRIGGER_MODE":6,"READ_MODE":4,"PREAMP":0,"READOUT_RATE":0,"VERTICAL_SHIFT_SPEED":3,"EM_MODE":1,"EM_GAIN":2,"SHUTTER_MODE":1,"SHUTTER_TTL":0,"SHUTTER_OPENING_TIME":1,"SHUTTER_CLOSING_TIME":1,"VBIN":1,"HBIN":1,"INITIAL_LINE":1,"INITIAL_COLUMN":1,"FINAL_LINE":1024,"FINAL_COLUMN":1024,"FRAME_TRANSFER":true,"VERTICAL_CLOCK_VOLTAGE":0,"AD_CHANNEL":0}
9/16/2022 2:13 PM CommandAcquisChD  TX=READ_SETUP 
9/16/2022 2:13 PM ResponseAcquisChD  RX=CCD_SETUP {"PREAMP":0,"READOUT_RATE":0,"EM_GAIN":2,"VBIN":1,"INITIAL_LINE":1,"INITIAL_COLUMN":1,"FINAL_LINE":1024,"FINAL_COLUMN":1024,"TRIGGER_MODE":6,"HBIN":1,"SHUTTER_TTL":0,"SHUTTER_MODE":1,"SHUTTER_OPENING_TIME":1,"SHUTTER_CLOSING_TIME":1,"VERTICAL_SHIFT_SPEED":3,"READ_MODE":4,"FRAME_TRANSFER":true,"VERTICAL_CLOCK_VOLTAGE":0,"ACQUISITION_MODE":3,"AD_CHANNEL":0,"EM_MODE":1}
9/16/2022 2:13 PM CommandAcquisChD  TX=SET COOLER_POWER_STATUS 0
9/16/2022 2:13 PM ResponseAcquisChD  RX=DONE
9/16/2022 2:13 PM CommandAcquisChD  TX=WRITE_SETUP {"ACQUISITION_MODE":3,"TRIGGER_MODE":6,"READ_MODE":4,"PREAMP":0,"READOUT_RATE":0,"VERTICAL_SHIFT_SPEED":3,"EM_MODE":1,"EM_GAIN":2,"SHUTTER_MODE":2,"SHUTTER_TTL":0,"SHUTTER_OPENING_TIME":1,"SHUTTER_CLOSING_TIME":1,"VBIN":1,"HBIN":1,"INITIAL_LINE":1,"INITIAL_COLUMN":1,"FINAL_LINE":1024,"FINAL_COLUMN":1024,"FRAME_TRANSFER":true,"VERTICAL_CLOCK_VOLTAGE":0,"AD_CHANNEL":0}
9/16/2022 2:13 PM CommandAcquisChD  TX=READ_SETUP 
9/16/2022 2:13 PM CommandAcquisChD  TX=SET COOLER_POWER_STATUS 0
9/16/2022 2:13 PM ResponseAcquisChD  RX=CCD_SETUP {"PREAMP":0,"READOUT_RATE":0,"EM_GAIN":2,"VBIN":1,"INITIAL_LINE":1,"INITIAL_COLUMN":1,"FINAL_LINE":1024,"FINAL_COLUMN":1024,"TRIGGER_MODE":6,"HBIN":1,"SHUTTER_TTL":0,"SHUTTER_MODE":2,"SHUTTER_OPENING_TIME":1,"SHUTTER_CLOSING_TIME":1,"VERTICAL_SHIFT_SPEED":3,"READ_MODE":4,"FRAME_TRANSFER":true,"VERTICAL_CLOCK_VOLTAGE":0,"ACQUISITION_MODE":3,"AD_CHANNEL":0,"EM_MODE":1}
9/16/2022 2:13 PM ResponseAcquisChD  RX=DONE
