11/11/2022 3:20 PM CommandAcquisChA  TX=WRITE_SETUP {"ACQUISITION_MODE":3,"TRIGGER_MODE":6,"READ_MODE":4,"PREAMP":0,"READOUT_RATE":0,"VERTICAL_SHIFT_SPEED":3,"EM_MODE":1,"EM_GAIN":2,"SHUTTER_MODE":1,"SHUTTER_TTL":0,"SHUTTER_OPENING_TIME":1,"SHUTTER_CLOSING_TIME":1,"VBIN":1,"HBIN":1,"INITIAL_LINE":1,"INITIAL_COLUMN":1,"FINAL_LINE":1024,"FINAL_COLUMN":1024,"FRAME_TRANSFER":true,"VERTICAL_CLOCK_VOLTAGE":0,"AD_CHANNEL":0}
11/11/2022 3:20 PM CommandAcquisChB  TX=WRITE_SETUP {"ACQUISITION_MODE":3,"TRIGGER_MODE":6,"READ_MODE":4,"PREAMP":0,"READOUT_RATE":0,"VERTICAL_SHIFT_SPEED":3,"EM_MODE":1,"EM_GAIN":2,"SHUTTER_MODE":1,"SHUTTER_TTL":0,"SHUTTER_OPENING_TIME":1,"SHUTTER_CLOSING_TIME":1,"VBIN":1,"HBIN":1,"INITIAL_LINE":1,"INITIAL_COLUMN":1,"FINAL_LINE":1024,"FINAL_COLUMN":1024,"FRAME_TRANSFER":true,"VERTICAL_CLOCK_VOLTAGE":0,"AD_CHANNEL":0}
11/11/2022 3:20 PM CommandAcquisChC  TX=WRITE_SETUP {"ACQUISITION_MODE":3,"TRIGGER_MODE":6,"READ_MODE":4,"PREAMP":0,"READOUT_RATE":0,"VERTICAL_SHIFT_SPEED":3,"EM_MODE":1,"EM_GAIN":2,"SHUTTER_MODE":1,"SHUTTER_TTL":0,"SHUTTER_OPENING_TIME":1,"SHUTTER_CLOSING_TIME":1,"VBIN":1,"HBIN":1,"INITIAL_LINE":1,"INITIAL_COLUMN":1,"FINAL_LINE":1024,"FINAL_COLUMN":1024,"FRAME_TRANSFER":true,"VERTICAL_CLOCK_VOLTAGE":0,"AD_CHANNEL":0}
11/11/2022 3:20 PM CommandAcquisChD  TX=WRITE_SETUP {"ACQUISITION_MODE":3,"TRIGGER_MODE":6,"READ_MODE":4,"PREAMP":0,"READOUT_RATE":0,"VERTICAL_SHIFT_SPEED":3,"EM_MODE":1,"EM_GAIN":2,"SHUTTER_MODE":1,"SHUTTER_TTL":0,"SHUTTER_OPENING_TIME":1,"SHUTTER_CLOSING_TIME":1,"VBIN":1,"HBIN":1,"INITIAL_LINE":1,"INITIAL_COLUMN":1,"FINAL_LINE":1024,"FINAL_COLUMN":1024,"FRAME_TRANSFER":true,"VERTICAL_CLOCK_VOLTAGE":0,"AD_CHANNEL":0}
11/11/2022 3:20 PM CommandSyncBox  TX=ADELAY 0m

11/11/2022 3:20 PM CommandAcquisChA  TX=READ_SETUP 
11/11/2022 3:20 PM CommandAcquisChB  TX=READ_SETUP 
11/11/2022 3:20 PM CommandAcquisChC  TX=READ_SETUP 
11/11/2022 3:20 PM CommandAcquisChD  TX=READ_SETUP 
11/11/2022 3:20 PM ResponseAcquisChA  RX={"PREAMP":0,"READOUT_RATE":0,"EM_GAIN":2,"VERTICAL_SHIFT_SPEED":3,"READ_MODE":4,"FRAME_TRANSFER":true,"VERTICAL_CLOCK_VOLTAGE":0,"ACQUISITION_MODE":3,"AD_CHANNEL":0,"EM_MODE":1,"SHUTTER_TTL":0,"SHUTTER_OPENING_TIME":1,"SHUTTER_CLOSING_TIME":1,"SHUTTER_MODE":1,"TRIGGER_MODE":6,"VBIN":1,"INITIAL_LINE":1,"INITIAL_COLUMN":1,"FINAL_LINE":1024,"FINAL_COLUMN":1024,"HBIN":1}
11/11/2022 3:20 PM ResponseAcquisChB  RX={"PREAMP":0,"READOUT_RATE":0,"EM_GAIN":2,"VERTICAL_SHIFT_SPEED":3,"READ_MODE":4,"FRAME_TRANSFER":true,"VERTICAL_CLOCK_VOLTAGE":0,"ACQUISITION_MODE":3,"AD_CHANNEL":0,"EM_MODE":1,"SHUTTER_TTL":0,"SHUTTER_OPENING_TIME":1,"SHUTTER_CLOSING_TIME":1,"SHUTTER_MODE":1,"TRIGGER_MODE":6,"VBIN":1,"INITIAL_LINE":1,"INITIAL_COLUMN":1,"FINAL_LINE":1024,"FINAL_COLUMN":1024,"HBIN":1}
11/11/2022 3:20 PM ResponseAcquisChD  RX={"PREAMP":0,"READOUT_RATE":0,"EM_GAIN":2,"VERTICAL_SHIFT_SPEED":3,"READ_MODE":4,"FRAME_TRANSFER":true,"VERTICAL_CLOCK_VOLTAGE":0,"ACQUISITION_MODE":3,"AD_CHANNEL":0,"EM_MODE":1,"SHUTTER_TTL":0,"SHUTTER_OPENING_TIME":1,"SHUTTER_CLOSING_TIME":1,"SHUTTER_MODE":1,"TRIGGER_MODE":6,"VBIN":1,"INITIAL_LINE":1,"INITIAL_COLUMN":1,"FINAL_LINE":1024,"FINAL_COLUMN":1024,"HBIN":1}
11/11/2022 3:20 PM CommandAcquisChB  TX=SET COOLER_POWER_STATUS 0
11/11/2022 3:20 PM ResponseAcquisChC  RX={"PREAMP":0,"READOUT_RATE":0,"EM_GAIN":2,"VERTICAL_SHIFT_SPEED":3,"READ_MODE":4,"FRAME_TRANSFER":true,"VERTICAL_CLOCK_VOLTAGE":0,"ACQUISITION_MODE":3,"AD_CHANNEL":0,"EM_MODE":1,"SHUTTER_TTL":0,"SHUTTER_OPENING_TIME":1,"SHUTTER_CLOSING_TIME":1,"SHUTTER_MODE":1,"TRIGGER_MODE":6,"VBIN":1,"INITIAL_LINE":1,"INITIAL_COLUMN":1,"FINAL_LINE":1024,"FINAL_COLUMN":1024,"HBIN":1}
11/11/2022 3:20 PM CommandAcquisChA  TX=SET TEMP -65
11/11/2022 3:20 PM CommandAcquisChC  TX=SET COOLER_POWER_STATUS 0
11/11/2022 3:20 PM CommandAcquisChD  TX=SET TEMP -65
11/11/2022 3:20 PM CommandAcquisChA  TX=SET COOLER_POWER_STATUS 1
11/11/2022 3:20 PM CommandAcquisChD  TX=SET COOLER_POWER_STATUS 1
11/11/2022 3:20 PM ResponseAcquisChA  RX=DONE
11/11/2022 3:20 PM ResponseAcquisChB  RX=DONE
11/11/2022 3:20 PM ResponseAcquisChD  RX=DONE
11/11/2022 3:20 PM ResponseAcquisChC  RX=DONE
11/11/2022 3:20 PM ResponseAcquisChD  RX=DONE
11/11/2022 3:20 PM CommandAcquisChB  TX=SET COOLER_POWER_STATUS 1
11/11/2022 3:20 PM ResponseAcquisChB  RX=DONE
11/11/2022 3:20 PM CommandAcquisChB  TX=SET TEMP -65
11/11/2022 3:20 PM CommandAcquisChB  TX=SET COOLER_POWER_STATUS 1
11/11/2022 3:20 PM ResponseAcquisChB  RX=DONE
11/11/2022 3:20 PM CommandAcquisChC  TX=SET COOLER_POWER_STATUS 1
11/11/2022 3:20 PM ResponseAcquisChC  RX=DONE
11/11/2022 3:20 PM CommandAcquisChC  TX=SET TEMP -65
11/11/2022 3:20 PM CommandAcquisChC  TX=SET COOLER_POWER_STATUS 1
11/11/2022 3:20 PM ResponseAcquisChC  RX=DONE
11/11/2022 3:20 PM ResponseAcquisChC  RX=DONE
11/11/2022 3:21 PM CommandAcquisChA  TX=SET EXPTIME 1.000000
11/11/2022 3:21 PM ResponseAcquisChA  RX=DONE
11/11/2022 3:21 PM CommandAcquisChA  TX=SET #FRAMES 2.000000
11/11/2022 3:21 PM CommandAcquisChA  TX=SET #CUBES 1.0000 
11/11/2022 3:21 PM ResponseAcquisChA  RX=DONE
11/11/2022 3:21 PM CommandAcquisChA  TX=SET SUFFIX test
11/11/2022 3:21 PM ResponseAcquisChA  RX=DONE
11/11/2022 3:21 PM ResponseAcquisChA  RX=DONE
11/11/2022 3:21 PM CommandAcquisChA  TX=SET OBSTYPE OBJECT
11/11/2022 3:21 PM ResponseAcquisChA  RX=DONE
11/11/2022 3:21 PM CommandAcquisChB  TX=SET EXPTIME 1.000000
11/11/2022 3:21 PM ResponseAcquisChB  RX=DONE
11/11/2022 3:21 PM CommandAcquisChB  TX=SET #FRAMES 2.000000
11/11/2022 3:21 PM ResponseAcquisChB  RX=DONE
11/11/2022 3:21 PM CommandAcquisChB  TX=SET #CUBES 1.0000 
11/11/2022 3:21 PM ResponseAcquisChB  RX=DONE
11/11/2022 3:21 PM CommandAcquisChB  TX=SET SUFFIX test
11/11/2022 3:21 PM ResponseAcquisChB  RX=DONE
11/11/2022 3:21 PM CommandAcquisChB  TX=SET OBSTYPE OBJECT
11/11/2022 3:21 PM ResponseAcquisChB  RX=DONE
11/11/2022 3:21 PM CommandAcquisChC  TX=SET EXPTIME 1.000000
11/11/2022 3:21 PM ResponseAcquisChC  RX=DONE
11/11/2022 3:21 PM CommandAcquisChC  TX=SET #FRAMES 2.000000
11/11/2022 3:21 PM ResponseAcquisChC  RX=DONE
11/11/2022 3:21 PM CommandAcquisChC  TX=SET #CUBES 1.0000 
11/11/2022 3:21 PM ResponseAcquisChC  RX=DONE
11/11/2022 3:21 PM CommandAcquisChC  TX=SET SUFFIX test
11/11/2022 3:21 PM ResponseAcquisChC  RX=DONE
11/11/2022 3:21 PM CommandAcquisChC  TX=SET OBSTYPE OBJECT
11/11/2022 3:21 PM ResponseAcquisChC  RX=DONE
11/11/2022 3:21 PM CommandAcquisChD  TX=SET EXPTIME 1.000000
11/11/2022 3:21 PM ResponseAcquisChD  RX=DONE
11/11/2022 3:21 PM CommandAcquisChD  TX=SET #FRAMES 2.000000
11/11/2022 3:21 PM ResponseAcquisChD  RX=DONE
11/11/2022 3:21 PM CommandAcquisChD  TX=SET #CUBES 1.0000 
11/11/2022 3:21 PM CommandAcquisChD  TX=SET SUFFIX test
11/11/2022 3:21 PM ResponseAcquisChD  RX=DONE
11/11/2022 3:21 PM ResponseAcquisChD  RX=DONE
11/11/2022 3:21 PM CommandAcquisChD  TX=SET OBSTYPE OBJECT
11/11/2022 3:21 PM ResponseAcquisChD  RX=DONE
11/11/2022 3:21 PM CommandAcquisChA  TX=EXPOSE
11/11/2022 3:21 PM CommandAcquisChB  TX=EXPOSE
11/11/2022 3:21 PM CommandAcquisChC  TX=EXPOSE
11/11/2022 3:21 PM CommandAcquisChD  TX=EXPOSE
11/11/2022 3:23 PM CommandAcquisChA  TX=SET EXPTIME 1.000000
11/11/2022 3:23 PM ResponseAcquisChA  RX=DONE
11/11/2022 3:23 PM CommandAcquisChA  TX=SET #FRAMES 2.000000
11/11/2022 3:23 PM ResponseAcquisChA  RX=DONE
11/11/2022 3:23 PM CommandAcquisChA  TX=SET #CUBES 1.0000 
11/11/2022 3:23 PM CommandAcquisChA  TX=SET SUFFIX test
11/11/2022 3:23 PM ResponseAcquisChA  RX=DONE
11/11/2022 3:23 PM ResponseAcquisChA  RX=DONE
11/11/2022 3:23 PM CommandAcquisChA  TX=SET OBSTYPE OBJECT
11/11/2022 3:23 PM ResponseAcquisChA  RX=DONE
11/11/2022 3:23 PM CommandAcquisChB  TX=SET EXPTIME 1.000000
11/11/2022 3:23 PM ResponseAcquisChB  RX=DONE
11/11/2022 3:23 PM CommandAcquisChB  TX=SET #FRAMES 2.000000
11/11/2022 3:23 PM ResponseAcquisChB  RX=DONE
11/11/2022 3:23 PM CommandAcquisChB  TX=SET #CUBES 1.0000 
11/11/2022 3:23 PM CommandAcquisChB  TX=SET SUFFIX test
11/11/2022 3:23 PM ResponseAcquisChB  RX=DONE
11/11/2022 3:23 PM ResponseAcquisChB  RX=DONE
11/11/2022 3:23 PM CommandAcquisChB  TX=SET OBSTYPE OBJECT
11/11/2022 3:23 PM ResponseAcquisChB  RX=DONE
11/11/2022 3:23 PM CommandAcquisChC  TX=SET EXPTIME 1.000000
11/11/2022 3:23 PM ResponseAcquisChC  RX=DONE
11/11/2022 3:23 PM CommandAcquisChC  TX=SET #FRAMES 2.000000
11/11/2022 3:23 PM ResponseAcquisChC  RX=DONE
11/11/2022 3:23 PM CommandAcquisChC  TX=SET #CUBES 1.0000 
11/11/2022 3:23 PM CommandAcquisChC  TX=SET SUFFIX test
11/11/2022 3:23 PM ResponseAcquisChC  RX=DONE
11/11/2022 3:23 PM ResponseAcquisChC  RX=DONE
11/11/2022 3:23 PM CommandAcquisChC  TX=SET OBSTYPE OBJECT
11/11/2022 3:23 PM ResponseAcquisChC  RX=DONE
11/11/2022 3:23 PM CommandAcquisChD  TX=SET EXPTIME 1.000000
11/11/2022 3:23 PM ResponseAcquisChD  RX=DONE
11/11/2022 3:23 PM CommandAcquisChD  TX=SET #FRAMES 2.000000
11/11/2022 3:23 PM ResponseAcquisChD  RX=DONE
11/11/2022 3:23 PM CommandAcquisChD  TX=SET #CUBES 1.0000 
11/11/2022 3:23 PM CommandAcquisChD  TX=SET SUFFIX test
11/11/2022 3:23 PM ResponseAcquisChD  RX=DONE
11/11/2022 3:23 PM ResponseAcquisChD  RX=DONE
11/11/2022 3:23 PM CommandAcquisChD  TX=SET OBSTYPE OBJECT
11/11/2022 3:23 PM ResponseAcquisChD  RX=DONE
11/11/2022 3:23 PM CommandAcquisChA  TX=EXPOSE
11/11/2022 3:23 PM CommandAcquisChB  TX=EXPOSE
11/11/2022 3:23 PM CommandAcquisChC  TX=EXPOSE
11/11/2022 3:23 PM CommandAcquisChD  TX=EXPOSE
11/11/2022 5:21 PM CommandAcquisChA  TX=SET EXPTIME 1.000000
11/11/2022 5:21 PM ResponseAcquisChA  RX=DONE
11/11/2022 5:21 PM CommandAcquisChA  TX=SET #FRAMES 2.000000
11/11/2022 5:21 PM ResponseAcquisChA  RX=DONE
11/11/2022 5:21 PM CommandAcquisChA  TX=SET #CUBES 1.0000 
11/11/2022 5:21 PM ResponseAcquisChA  RX=DONE
11/11/2022 5:21 PM CommandAcquisChA  TX=SET SUFFIX test
11/11/2022 5:21 PM ResponseAcquisChA  RX=DONE
11/11/2022 5:21 PM CommandAcquisChA  TX=SET OBSTYPE OBJECT
11/11/2022 5:21 PM ResponseAcquisChA  RX=DONE
11/11/2022 5:21 PM CommandAcquisChB  TX=SET EXPTIME 1.000000
11/11/2022 5:21 PM ResponseAcquisChB  RX=DONE
11/11/2022 5:21 PM CommandAcquisChB  TX=SET #FRAMES 2.000000
11/11/2022 5:21 PM ResponseAcquisChB  RX=DONE
11/11/2022 5:21 PM CommandAcquisChB  TX=SET #CUBES 1.0000 
11/11/2022 5:21 PM ResponseAcquisChB  RX=DONE
11/11/2022 5:21 PM CommandAcquisChB  TX=SET SUFFIX test
11/11/2022 5:21 PM ResponseAcquisChB  RX=DONE
11/11/2022 5:21 PM CommandAcquisChB  TX=SET OBSTYPE OBJECT
11/11/2022 5:21 PM ResponseAcquisChB  RX=DONE
11/11/2022 5:21 PM CommandAcquisChC  TX=SET EXPTIME 1.000000
11/11/2022 5:21 PM ResponseAcquisChC  RX=DONE
11/11/2022 5:21 PM CommandAcquisChC  TX=SET #FRAMES 2.000000
11/11/2022 5:21 PM ResponseAcquisChC  RX=DONE
11/11/2022 5:21 PM CommandAcquisChC  TX=SET #CUBES 1.0000 
11/11/2022 5:21 PM CommandAcquisChC  TX=SET SUFFIX test
11/11/2022 5:21 PM ResponseAcquisChC  RX=DONE
11/11/2022 5:21 PM ResponseAcquisChC  RX=DONE
11/11/2022 5:21 PM CommandAcquisChC  TX=SET OBSTYPE OBJECT
11/11/2022 5:21 PM ResponseAcquisChC  RX=DONE
11/11/2022 5:21 PM CommandAcquisChD  TX=SET EXPTIME 1.000000
11/11/2022 5:21 PM ResponseAcquisChD  RX=DONE
11/11/2022 5:21 PM CommandAcquisChD  TX=SET #FRAMES 2.000000
11/11/2022 5:21 PM ResponseAcquisChD  RX=DONE
11/11/2022 5:21 PM CommandAcquisChD  TX=SET #CUBES 1.0000 
11/11/2022 5:21 PM ResponseAcquisChD  RX=DONE
11/11/2022 5:21 PM CommandAcquisChD  TX=SET SUFFIX test
11/11/2022 5:21 PM CommandAcquisChD  TX=SET OBSTYPE OBJECT
11/11/2022 5:21 PM ResponseAcquisChD  RX=DONE
11/11/2022 5:21 PM ResponseAcquisChD  RX=DONE
11/11/2022 5:21 PM CommandAcquisChA  TX=EXPOSE
11/11/2022 5:21 PM CommandAcquisChB  TX=EXPOSE
11/11/2022 5:21 PM CommandAcquisChC  TX=EXPOSE
11/11/2022 5:21 PM CommandAcquisChD  TX=EXPOSE
