9/8/2022 10:13 AM CommandAcquisChA  TX=WRITE_SETUP {"ACQUISITION_MODE":3,"TRIGGER_MODE":6,"READ_MODE":4,"PREAMP":0,"READOUT_RATE":0,"VERTICAL_SHIFT_SPEED":3,"EM_MODE":1,"EM_GAIN":2,"SHUTTER_MODE":2,"SHUTTER_TTL":0,"SHUTTER_OPENING_TIME":1,"SHUTTER_CLOSING_TIME":1,"VBIN":1,"HBIN":1,"INITIAL_LINE":1,"INITIAL_COLUMN":1,"FINAL_LINE":1024,"FINAL_COLUMN":1024,"FRAME_TRANSFER":true,"VERTICAL_CLOCK_VOLTAGE":0,"AD_CHANNEL":0}
9/8/2022 10:13 AM CommandAcquisChB  TX=WRITE_SETUP {"ACQUISITION_MODE":3,"TRIGGER_MODE":1,"READ_MODE":0,"PREAMP":0,"READOUT_RATE":0,"VERTICAL_SHIFT_SPEED":0,"EM_MODE":1,"EM_GAIN":2,"SHUTTER_MODE":2,"SHUTTER_TTL":0,"SHUTTER_OPENING_TIME":1,"SHUTTER_CLOSING_TIME":1,"VBIN":1,"HBIN":1,"INITIAL_LINE":1,"INITIAL_COLUMN":1,"FINAL_LINE":1024,"FINAL_COLUMN":1024,"FRAME_TRANSFER":true,"VERTICAL_CLOCK_VOLTAGE":0,"AD_CHANNEL":0}
9/8/2022 10:13 AM CommandAcquisChC  TX=WRITE_SETUP {"ACQUISITION_MODE":3,"TRIGGER_MODE":1,"READ_MODE":0,"PREAMP":0,"READOUT_RATE":0,"VERTICAL_SHIFT_SPEED":0,"EM_MODE":1,"EM_GAIN":2,"SHUTTER_MODE":2,"SHUTTER_TTL":0,"SHUTTER_OPENING_TIME":1,"SHUTTER_CLOSING_TIME":1,"VBIN":1,"HBIN":1,"INITIAL_LINE":1,"INITIAL_COLUMN":1,"FINAL_LINE":1024,"FINAL_COLUMN":1024,"FRAME_TRANSFER":true,"VERTICAL_CLOCK_VOLTAGE":0,"AD_CHANNEL":0}
9/8/2022 10:13 AM CommandAcquisChD  TX=WRITE_SETUP {"ACQUISITION_MODE":3,"TRIGGER_MODE":6,"READ_MODE":4,"PREAMP":0,"READOUT_RATE":0,"VERTICAL_SHIFT_SPEED":3,"EM_MODE":1,"EM_GAIN":2,"SHUTTER_MODE":2,"SHUTTER_TTL":0,"SHUTTER_OPENING_TIME":1,"SHUTTER_CLOSING_TIME":1,"VBIN":1,"HBIN":1,"INITIAL_LINE":1,"INITIAL_COLUMN":1,"FINAL_LINE":1024,"FINAL_COLUMN":1024,"FRAME_TRANSFER":true,"VERTICAL_CLOCK_VOLTAGE":0,"AD_CHANNEL":0}
9/8/2022 10:13 AM CommandSyncBox  TX=ADELAY 0m

9/8/2022 10:13 AM ResponseSyncBox  RX=0  Wid  00.200,000,000,000
Ch B  POS  ON     Dly  00.000,000,000,000  Wid  00.200,000,000,000
Ch C  POS  ON     Dly  00.000,000,000,000  Wid  00.200,000,000,000
Ch D  POS  ON     Dly  00.000,000,000,000  Wid  00.200,000,000,000


OK

9/8/2022 10:13 AM CommandSyncBox  TX=BDELAY 0m

9/8/2022 10:13 AM ResponseSyncBox  RX=OK

9/8/2022 10:13 AM CommandSyncBox  TX=CDELAY 0m

9/8/2022 10:13 AM ResponseSyncBox  RX=OK

9/8/2022 10:13 AM CommandSyncBox  TX=DDELAY 0m

9/8/2022 10:13 AM ResponseSyncBox  RX=OK

9/8/2022 10:13 AM CommandSyncBox  TX=AWIDTH 200m

9/8/2022 10:13 AM ResponseSyncBox  RX=OK

9/8/2022 10:13 AM CommandSyncBox  TX=BWIDTH 200m

9/8/2022 10:13 AM ResponseSyncBox  RX=OK

9/8/2022 10:13 AM CommandSyncBox  TX=CWIDTH 200m

9/8/2022 10:13 AM ResponseSyncBox  RX=OK

9/8/2022 10:13 AM CommandSyncBox  TX=DWIDTH 200m

9/8/2022 10:13 AM ResponseSyncBox  RX=OK

9/8/2022 10:13 AM CommandSyncBox  TX=aset on

9/8/2022 10:13 AM ResponseSyncBox  RX=OK

9/8/2022 10:13 AM CommandSyncBox  TX=bset on

9/8/2022 10:13 AM ResponseSyncBox  RX=OK

9/8/2022 10:13 AM CommandSyncBox  TX=cset on

9/8/2022 10:13 AM ResponseSyncBox  RX=OK

9/8/2022 10:13 AM CommandSyncBox  TX=dset on

9/8/2022 10:13 AM ResponseSyncBox  RX=OK

9/8/2022 10:13 AM CommandSyncBox  TX=IN

9/8/2022 10:13 AM ResponseSyncBox  RX=OK

9/8/2022 10:13 AM CommandAcquisChA  TX=READ_SETUP 
9/8/2022 10:13 AM CommandAcquisChB  TX=READ_SETUP 
9/8/2022 10:13 AM CommandAcquisChC  TX=READ_SETUP 
9/8/2022 10:13 AM CommandAcquisChD  TX=READ_SETUP 
9/8/2022 10:13 AM CommandAcquisChA  TX=SET COOLER_POWER_STATUS 0
9/8/2022 10:13 AM CommandAcquisChB  TX=SET COOLER_POWER_STATUS 0
9/8/2022 10:13 AM CommandAcquisChC  TX=SET COOLER_POWER_STATUS 0
9/8/2022 10:13 AM CommandAcquisChD  TX=SET TEMP -60
9/8/2022 10:13 AM CommandAcquisChD  TX=SET COOLER_POWER_STATUS 1
