10/26/2022 9:05 AM CommandAcquisChA  TX=WRITE_SETUP {"ACQUISITION_MODE":3,"TRIGGER_MODE":0,"READ_MODE":4,"PREAMP":0,"READOUT_RATE":0,"VERTICAL_SHIFT_SPEED":3,"EM_MODE":1,"EM_GAIN":2,"SHUTTER_MODE":2,"SHUTTER_TTL":0,"SHUTTER_OPENING_TIME":1,"SHUTTER_CLOSING_TIME":1,"VBIN":1,"HBIN":1,"INITIAL_LINE":1,"INITIAL_COLUMN":1,"FINAL_LINE":1024,"FINAL_COLUMN":1024,"FRAME_TRANSFER":true,"VERTICAL_CLOCK_VOLTAGE":0,"AD_CHANNEL":0}
10/26/2022 9:05 AM CommandAcquisChB  TX=WRITE_SETUP {"ACQUISITION_MODE":3,"TRIGGER_MODE":0,"READ_MODE":4,"PREAMP":0,"READOUT_RATE":0,"VERTICAL_SHIFT_SPEED":3,"EM_MODE":1,"EM_GAIN":2,"SHUTTER_MODE":2,"SHUTTER_TTL":0,"SHUTTER_OPENING_TIME":1,"SHUTTER_CLOSING_TIME":1,"VBIN":1,"HBIN":1,"INITIAL_LINE":1,"INITIAL_COLUMN":1,"FINAL_LINE":1024,"FINAL_COLUMN":1024,"FRAME_TRANSFER":true,"VERTICAL_CLOCK_VOLTAGE":0,"AD_CHANNEL":0}
10/26/2022 9:05 AM CommandAcquisChC  TX=WRITE_SETUP {"ACQUISITION_MODE":3,"TRIGGER_MODE":0,"READ_MODE":4,"PREAMP":0,"READOUT_RATE":0,"VERTICAL_SHIFT_SPEED":3,"EM_MODE":1,"EM_GAIN":2,"SHUTTER_MODE":2,"SHUTTER_TTL":0,"SHUTTER_OPENING_TIME":1,"SHUTTER_CLOSING_TIME":1,"VBIN":1,"HBIN":1,"INITIAL_LINE":1,"INITIAL_COLUMN":1,"FINAL_LINE":1024,"FINAL_COLUMN":1024,"FRAME_TRANSFER":true,"VERTICAL_CLOCK_VOLTAGE":0,"AD_CHANNEL":0}
10/26/2022 9:05 AM CommandAcquisChD  TX=WRITE_SETUP {"ACQUISITION_MODE":3,"TRIGGER_MODE":0,"READ_MODE":4,"PREAMP":0,"READOUT_RATE":0,"VERTICAL_SHIFT_SPEED":3,"EM_MODE":1,"EM_GAIN":2,"SHUTTER_MODE":1,"SHUTTER_TTL":0,"SHUTTER_OPENING_TIME":1,"SHUTTER_CLOSING_TIME":1,"VBIN":1,"HBIN":1,"INITIAL_LINE":1,"INITIAL_COLUMN":1,"FINAL_LINE":1024,"FINAL_COLUMN":1024,"FRAME_TRANSFER":true,"VERTICAL_CLOCK_VOLTAGE":0,"AD_CHANNEL":0}
10/26/2022 9:05 AM CommandSyncBox  TX=ADELAY 0m

10/26/2022 9:05 AM CommandAcquisChA  TX=READ_SETUP 
10/26/2022 9:05 AM CommandAcquisChB  TX=READ_SETUP 
10/26/2022 9:05 AM CommandAcquisChC  TX=READ_SETUP 
10/26/2022 9:05 AM CommandAcquisChD  TX=READ_SETUP 
10/26/2022 9:05 AM ResponseAcquisChA  RX={"PREAMP":0,"READOUT_RATE":0,"EM_GAIN":2,"VERTICAL_SHIFT_SPEED":3,"READ_MODE":4,"FRAME_TRANSFER":true,"VERTICAL_CLOCK_VOLTAGE":0,"ACQUISITION_MODE":3,"AD_CHANNEL":0,"EM_MODE":1,"SHUTTER_TTL":0,"SHUTTER_OPENING_TIME":1,"SHUTTER_CLOSING_TIME":1,"SHUTTER_MODE":2,"TRIGGER_MODE":0,"VBIN":1,"INITIAL_LINE":1,"INITIAL_COLUMN":1,"FINAL_LINE":1024,"FINAL_COLUMN":1024,"HBIN":1}
10/26/2022 9:05 AM ResponseAcquisChB  RX={"PREAMP":0,"READOUT_RATE":0,"EM_GAIN":2,"VERTICAL_SHIFT_SPEED":3,"READ_MODE":4,"FRAME_TRANSFER":true,"VERTICAL_CLOCK_VOLTAGE":0,"ACQUISITION_MODE":3,"AD_CHANNEL":0,"EM_MODE":1,"SHUTTER_TTL":0,"SHUTTER_OPENING_TIME":1,"SHUTTER_CLOSING_TIME":1,"SHUTTER_MODE":2,"TRIGGER_MODE":0,"VBIN":1,"INITIAL_LINE":1,"INITIAL_COLUMN":1,"FINAL_LINE":1024,"FINAL_COLUMN":1024,"HBIN":1}
10/26/2022 9:05 AM CommandAcquisChA  TX=SET TEMP -70
10/26/2022 9:05 AM ResponseAcquisChC  RX={"PREAMP":0,"READOUT_RATE":0,"EM_GAIN":2,"VERTICAL_SHIFT_SPEED":3,"READ_MODE":4,"FRAME_TRANSFER":true,"VERTICAL_CLOCK_VOLTAGE":0,"ACQUISITION_MODE":3,"AD_CHANNEL":0,"EM_MODE":1,"SHUTTER_TTL":0,"SHUTTER_OPENING_TIME":1,"SHUTTER_CLOSING_TIME":1,"SHUTTER_MODE":2,"TRIGGER_MODE":0,"VBIN":1,"INITIAL_LINE":1,"INITIAL_COLUMN":1,"FINAL_LINE":1024,"FINAL_COLUMN":1024,"HBIN":1}
10/26/2022 9:05 AM ResponseAcquisChD  RX={"PREAMP":0,"READOUT_RATE":0,"EM_GAIN":2,"VERTICAL_SHIFT_SPEED":3,"READ_MODE":4,"FRAME_TRANSFER":true,"VERTICAL_CLOCK_VOLTAGE":0,"ACQUISITION_MODE":3,"AD_CHANNEL":0,"EM_MODE":1,"SHUTTER_TTL":0,"SHUTTER_OPENING_TIME":1,"SHUTTER_CLOSING_TIME":1,"SHUTTER_MODE":1,"TRIGGER_MODE":0,"VBIN":1,"INITIAL_LINE":1,"INITIAL_COLUMN":1,"FINAL_LINE":1024,"FINAL_COLUMN":1024,"HBIN":1}
10/26/2022 9:05 AM ResponseAcquisChA  RX=DONE
10/26/2022 9:05 AM CommandAcquisChA  TX=SET COOLER_POWER_STATUS 1
10/26/2022 9:05 AM CommandAcquisChB  TX=SET TEMP -70
10/26/2022 9:05 AM CommandAcquisChD  TX=SET COOLER_POWER_STATUS 0
10/26/2022 9:05 AM ResponseAcquisChB  RX=DONE
10/26/2022 9:05 AM CommandAcquisChB  TX=SET COOLER_POWER_STATUS 1
10/26/2022 9:05 AM CommandAcquisChC  TX=SET TEMP -70
10/26/2022 9:05 AM ResponseAcquisChA  RX=DONE
10/26/2022 9:05 AM CommandAcquisChC  TX=SET COOLER_POWER_STATUS 1
10/26/2022 9:05 AM ResponseAcquisChD  RX=DONE
10/26/2022 9:05 AM ResponseAcquisChB  RX=DONE
10/26/2022 9:05 AM ResponseAcquisChC  RX=DONE
10/26/2022 9:06 AM CommandAcquisChA  TX=WRITE_SETUP {"ACQUISITION_MODE":3,"TRIGGER_MODE":0,"READ_MODE":4,"PREAMP":0,"READOUT_RATE":0,"VERTICAL_SHIFT_SPEED":3,"EM_MODE":1,"EM_GAIN":2,"SHUTTER_MODE":2,"SHUTTER_TTL":0,"SHUTTER_OPENING_TIME":1,"SHUTTER_CLOSING_TIME":1,"VBIN":1,"HBIN":1,"INITIAL_LINE":1,"INITIAL_COLUMN":1,"FINAL_LINE":1024,"FINAL_COLUMN":1024,"FRAME_TRANSFER":true,"VERTICAL_CLOCK_VOLTAGE":0,"AD_CHANNEL":0}
10/26/2022 9:06 AM CommandAcquisChB  TX=WRITE_SETUP {"ACQUISITION_MODE":3,"TRIGGER_MODE":0,"READ_MODE":4,"PREAMP":0,"READOUT_RATE":0,"VERTICAL_SHIFT_SPEED":3,"EM_MODE":1,"EM_GAIN":2,"SHUTTER_MODE":2,"SHUTTER_TTL":0,"SHUTTER_OPENING_TIME":1,"SHUTTER_CLOSING_TIME":1,"VBIN":1,"HBIN":1,"INITIAL_LINE":1,"INITIAL_COLUMN":1,"FINAL_LINE":1024,"FINAL_COLUMN":1024,"FRAME_TRANSFER":true,"VERTICAL_CLOCK_VOLTAGE":0,"AD_CHANNEL":0}
10/26/2022 9:06 AM CommandAcquisChC  TX=WRITE_SETUP {"ACQUISITION_MODE":3,"TRIGGER_MODE":0,"READ_MODE":4,"PREAMP":0,"READOUT_RATE":0,"VERTICAL_SHIFT_SPEED":3,"EM_MODE":1,"EM_GAIN":2,"SHUTTER_MODE":2,"SHUTTER_TTL":0,"SHUTTER_OPENING_TIME":1,"SHUTTER_CLOSING_TIME":1,"VBIN":1,"HBIN":1,"INITIAL_LINE":1,"INITIAL_COLUMN":1,"FINAL_LINE":1024,"FINAL_COLUMN":1024,"FRAME_TRANSFER":true,"VERTICAL_CLOCK_VOLTAGE":0,"AD_CHANNEL":0}
10/26/2022 9:06 AM CommandAcquisChD  TX=WRITE_SETUP {"ACQUISITION_MODE":3,"TRIGGER_MODE":0,"READ_MODE":4,"PREAMP":0,"READOUT_RATE":0,"VERTICAL_SHIFT_SPEED":3,"EM_MODE":1,"EM_GAIN":2,"SHUTTER_MODE":1,"SHUTTER_TTL":0,"SHUTTER_OPENING_TIME":1,"SHUTTER_CLOSING_TIME":1,"VBIN":1,"HBIN":1,"INITIAL_LINE":1,"INITIAL_COLUMN":1,"FINAL_LINE":1024,"FINAL_COLUMN":1024,"FRAME_TRANSFER":true,"VERTICAL_CLOCK_VOLTAGE":0,"AD_CHANNEL":0}
10/26/2022 9:06 AM CommandAcquisChA  TX=READ_SETUP 
10/26/2022 9:06 AM CommandAcquisChB  TX=READ_SETUP 
10/26/2022 9:06 AM CommandAcquisChC  TX=READ_SETUP 
10/26/2022 9:06 AM CommandAcquisChD  TX=READ_SETUP 
10/26/2022 9:06 AM ResponseAcquisChA  RX={"PREAMP":0,"READOUT_RATE":0,"EM_GAIN":2,"VERTICAL_SHIFT_SPEED":3,"READ_MODE":4,"FRAME_TRANSFER":true,"VERTICAL_CLOCK_VOLTAGE":0,"ACQUISITION_MODE":3,"AD_CHANNEL":0,"EM_MODE":1,"SHUTTER_TTL":0,"SHUTTER_OPENING_TIME":1,"SHUTTER_CLOSING_TIME":1,"SHUTTER_MODE":2,"TRIGGER_MODE":0,"VBIN":1,"INITIAL_LINE":1,"INITIAL_COLUMN":1,"FINAL_LINE":1024,"FINAL_COLUMN":1024,"HBIN":1}
10/26/2022 9:06 AM ResponseAcquisChC  RX={"PREAMP":0,"READOUT_RATE":0,"EM_GAIN":2,"VERTICAL_SHIFT_SPEED":3,"READ_MODE":4,"FRAME_TRANSFER":true,"VERTICAL_CLOCK_VOLTAGE":0,"ACQUISITION_MODE":3,"AD_CHANNEL":0,"EM_MODE":1,"SHUTTER_TTL":0,"SHUTTER_OPENING_TIME":1,"SHUTTER_CLOSING_TIME":1,"SHUTTER_MODE":2,"TRIGGER_MODE":0,"VBIN":1,"INITIAL_LINE":1,"INITIAL_COLUMN":1,"FINAL_LINE":1024,"FINAL_COLUMN":1024,"HBIN":1}
10/26/2022 9:06 AM CommandAcquisChD  TX=SET COOLER_POWER_STATUS 0
10/26/2022 9:06 AM CommandAcquisChA  TX=SET TEMP -70
10/26/2022 9:06 AM ResponseAcquisChB  RX={"PREAMP":0,"READOUT_RATE":0,"EM_GAIN":2,"VERTICAL_SHIFT_SPEED":3,"READ_MODE":4,"FRAME_TRANSFER":true,"VERTICAL_CLOCK_VOLTAGE":0,"ACQUISITION_MODE":3,"AD_CHANNEL":0,"EM_MODE":1,"SHUTTER_TTL":0,"SHUTTER_OPENING_TIME":1,"SHUTTER_CLOSING_TIME":1,"SHUTTER_MODE":2,"TRIGGER_MODE":0,"VBIN":1,"INITIAL_LINE":1,"INITIAL_COLUMN":1,"FINAL_LINE":1024,"FINAL_COLUMN":1024,"HBIN":1}
10/26/2022 9:06 AM CommandAcquisChB  TX=SET TEMP -70
10/26/2022 9:06 AM CommandAcquisChC  TX=SET TEMP -70
10/26/2022 9:06 AM ResponseAcquisChD  RX={"PREAMP":0,"READOUT_RATE":0,"EM_GAIN":2,"VERTICAL_SHIFT_SPEED":3,"READ_MODE":4,"FRAME_TRANSFER":true,"VERTICAL_CLOCK_VOLTAGE":0,"ACQUISITION_MODE":3,"AD_CHANNEL":0,"EM_MODE":1,"SHUTTER_TTL":0,"SHUTTER_OPENING_TIME":1,"SHUTTER_CLOSING_TIME":1,"SHUTTER_MODE":1,"TRIGGER_MODE":0,"VBIN":1,"INITIAL_LINE":1,"INITIAL_COLUMN":1,"FINAL_LINE":1024,"FINAL_COLUMN":1024,"HBIN":1}
10/26/2022 9:06 AM ResponseAcquisChA  RX=DONE
10/26/2022 9:06 AM CommandAcquisChA  TX=SET COOLER_POWER_STATUS 1
10/26/2022 9:06 AM CommandAcquisChB  TX=SET COOLER_POWER_STATUS 1
10/26/2022 9:06 AM CommandAcquisChC  TX=SET COOLER_POWER_STATUS 1
10/26/2022 9:06 AM ResponseAcquisChD  RX=DONE
10/26/2022 9:06 AM ResponseAcquisChB  RX=DONE
10/26/2022 9:06 AM ResponseAcquisChC  RX=DONE
10/26/2022 9:06 AM ResponseAcquisChB  RX=DONE
10/26/2022 9:06 AM ResponseAcquisChC  RX=DONE
10/26/2022 9:06 AM CommandAcquisChA  TX=SET EXPTIME 1.000000
10/26/2022 9:06 AM ResponseAcquisChA  RX=DONE
10/26/2022 9:06 AM CommandAcquisChA  TX=SET #FRAMES 1.000000
10/26/2022 9:06 AM CommandAcquisChA  TX=SET #CUBES 1.0000 
10/26/2022 9:06 AM ResponseAcquisChA  RX=DONE
10/26/2022 9:06 AM CommandAcquisChA  TX=SET SUFFIX TEST
10/26/2022 9:06 AM ResponseAcquisChA  RX=DONE
10/26/2022 9:06 AM ResponseAcquisChA  RX=DONE
10/26/2022 9:06 AM CommandAcquisChA  TX=SET OBSTYPE OBJECT
10/26/2022 9:06 AM ResponseAcquisChA  RX=DONE
10/26/2022 9:06 AM CommandAcquisChA  TX=EXPOSE
10/26/2022 9:06 AM CommandAcquisChB  TX=SET EXPTIME 1.000000
10/26/2022 9:06 AM ResponseAcquisChB  RX=DONE
10/26/2022 9:06 AM CommandAcquisChB  TX=SET #FRAMES 1.000000
10/26/2022 9:06 AM CommandAcquisChB  TX=SET #CUBES 1.0000 
10/26/2022 9:06 AM ResponseAcquisChB  RX=DONE
10/26/2022 9:06 AM CommandAcquisChB  TX=SET SUFFIX TEST
10/26/2022 9:06 AM ResponseAcquisChB  RX=DONE
10/26/2022 9:06 AM CommandAcquisChC  TX=SET EXPTIME 1.000000
10/26/2022 9:06 AM ResponseAcquisChB  RX=DONE
10/26/2022 9:06 AM CommandAcquisChB  TX=SET OBSTYPE OBJECT
10/26/2022 9:06 AM ResponseAcquisChC  RX=DONE
10/26/2022 9:06 AM ResponseAcquisChB  RX=DONE
10/26/2022 9:06 AM CommandAcquisChC  TX=SET #FRAMES 1.000000
10/26/2022 9:06 AM CommandAcquisChC  TX=SET #CUBES 1.0000 
10/26/2022 9:06 AM ResponseAcquisChC  RX=DONE
10/26/2022 9:06 AM ResponseAcquisChC  RX=DONE
10/26/2022 9:06 AM CommandAcquisChC  TX=SET SUFFIX TEST
10/26/2022 9:06 AM CommandAcquisChB  TX=EXPOSE
10/26/2022 9:06 AM CommandAcquisChC  TX=SET OBSTYPE OBJECT
10/26/2022 9:06 AM ResponseAcquisChC  RX=DONE
10/26/2022 9:06 AM ResponseAcquisChC  RX=DONE
10/26/2022 9:06 AM CommandAcquisChD  TX=SET EXPTIME 1.000000
10/26/2022 9:06 AM ResponseAcquisChD  RX=DONE
10/26/2022 9:06 AM CommandAcquisChD  TX=SET #FRAMES 1.000000
10/26/2022 9:06 AM CommandAcquisChC  TX=EXPOSE
10/26/2022 9:06 AM ResponseAcquisChD  RX=DONE
10/26/2022 9:06 AM CommandAcquisChD  TX=SET #CUBES 1.0000 
10/26/2022 9:06 AM ResponseAcquisChD  RX=DONE
10/26/2022 9:06 AM CommandAcquisChD  TX=SET SUFFIX TEST
10/26/2022 9:06 AM CommandAcquisChD  TX=SET OBSTYPE OBJECT
10/26/2022 9:06 AM ResponseAcquisChD  RX=DONE
10/26/2022 9:06 AM ResponseAcquisChD  RX=DONE
10/26/2022 9:06 AM CommandAcquisChD  TX=EXPOSE
10/26/2022 9:07 AM CommandAcquisChA  TX=WRITE_SETUP {"ACQUISITION_MODE":3,"TRIGGER_MODE":0,"READ_MODE":4,"PREAMP":0,"READOUT_RATE":0,"VERTICAL_SHIFT_SPEED":3,"EM_MODE":1,"EM_GAIN":2,"SHUTTER_MODE":2,"SHUTTER_TTL":0,"SHUTTER_OPENING_TIME":1,"SHUTTER_CLOSING_TIME":1,"VBIN":1,"HBIN":1,"INITIAL_LINE":1,"INITIAL_COLUMN":1,"FINAL_LINE":1024,"FINAL_COLUMN":1024,"FRAME_TRANSFER":true,"VERTICAL_CLOCK_VOLTAGE":0,"AD_CHANNEL":0}
10/26/2022 9:07 AM CommandAcquisChB  TX=WRITE_SETUP {"ACQUISITION_MODE":3,"TRIGGER_MODE":0,"READ_MODE":4,"PREAMP":0,"READOUT_RATE":0,"VERTICAL_SHIFT_SPEED":3,"EM_MODE":1,"EM_GAIN":2,"SHUTTER_MODE":2,"SHUTTER_TTL":0,"SHUTTER_OPENING_TIME":1,"SHUTTER_CLOSING_TIME":1,"VBIN":1,"HBIN":1,"INITIAL_LINE":1,"INITIAL_COLUMN":1,"FINAL_LINE":1024,"FINAL_COLUMN":1024,"FRAME_TRANSFER":true,"VERTICAL_CLOCK_VOLTAGE":0,"AD_CHANNEL":0}
10/26/2022 9:07 AM CommandAcquisChC  TX=WRITE_SETUP {"ACQUISITION_MODE":3,"TRIGGER_MODE":0,"READ_MODE":4,"PREAMP":0,"READOUT_RATE":0,"VERTICAL_SHIFT_SPEED":3,"EM_MODE":1,"EM_GAIN":2,"SHUTTER_MODE":2,"SHUTTER_TTL":0,"SHUTTER_OPENING_TIME":1,"SHUTTER_CLOSING_TIME":1,"VBIN":1,"HBIN":1,"INITIAL_LINE":1,"INITIAL_COLUMN":1,"FINAL_LINE":1024,"FINAL_COLUMN":1024,"FRAME_TRANSFER":true,"VERTICAL_CLOCK_VOLTAGE":0,"AD_CHANNEL":0}
10/26/2022 9:07 AM CommandAcquisChD  TX=WRITE_SETUP {"ACQUISITION_MODE":3,"TRIGGER_MODE":0,"READ_MODE":4,"PREAMP":0,"READOUT_RATE":0,"VERTICAL_SHIFT_SPEED":3,"EM_MODE":1,"EM_GAIN":2,"SHUTTER_MODE":2,"SHUTTER_TTL":0,"SHUTTER_OPENING_TIME":1,"SHUTTER_CLOSING_TIME":1,"VBIN":1,"HBIN":1,"INITIAL_LINE":1,"INITIAL_COLUMN":1,"FINAL_LINE":1024,"FINAL_COLUMN":1024,"FRAME_TRANSFER":true,"VERTICAL_CLOCK_VOLTAGE":0,"AD_CHANNEL":0}
10/26/2022 9:07 AM CommandAcquisChA  TX=READ_SETUP 
10/26/2022 9:07 AM CommandAcquisChB  TX=READ_SETUP 
10/26/2022 9:07 AM CommandAcquisChC  TX=READ_SETUP 
10/26/2022 9:07 AM CommandAcquisChD  TX=SET EXPTIME 1.000000
10/26/2022 9:07 AM ResponseAcquisChA  RX={"PREAMP":0,"READOUT_RATE":0,"EM_GAIN":2,"VERTICAL_SHIFT_SPEED":3,"READ_MODE":4,"FRAME_TRANSFER":true,"VERTICAL_CLOCK_VOLTAGE":0,"ACQUISITION_MODE":3,"AD_CHANNEL":0,"EM_MODE":1,"SHUTTER_TTL":0,"SHUTTER_OPENING_TIME":1,"SHUTTER_CLOSING_TIME":1,"SHUTTER_MODE":2,"TRIGGER_MODE":0,"VBIN":1,"INITIAL_LINE":1,"INITIAL_COLUMN":1,"FINAL_LINE":1024,"FINAL_COLUMN":1024,"HBIN":1}
10/26/2022 9:07 AM ResponseAcquisChD  RX=DONE
10/26/2022 9:07 AM ResponseAcquisChB  RX={"PREAMP":0,"READOUT_RATE":0,"EM_GAIN":2,"VERTICAL_SHIFT_SPEED":3,"READ_MODE":4,"FRAME_TRANSFER":true,"VERTICAL_CLOCK_VOLTAGE":0,"ACQUISITION_MODE":3,"AD_CHANNEL":0,"EM_MODE":1,"SHUTTER_TTL":0,"SHUTTER_OPENING_TIME":1,"SHUTTER_CLOSING_TIME":1,"SHUTTER_MODE":2,"TRIGGER_MODE":0,"VBIN":1,"INITIAL_LINE":1,"INITIAL_COLUMN":1,"FINAL_LINE":1024,"FINAL_COLUMN":1024,"HBIN":1}
10/26/2022 9:07 AM ResponseAcquisChC  RX={"PREAMP":0,"READOUT_RATE":0,"EM_GAIN":2,"VERTICAL_SHIFT_SPEED":3,"READ_MODE":4,"FRAME_TRANSFER":true,"VERTICAL_CLOCK_VOLTAGE":0,"ACQUISITION_MODE":3,"AD_CHANNEL":0,"EM_MODE":1,"SHUTTER_TTL":0,"SHUTTER_OPENING_TIME":1,"SHUTTER_CLOSING_TIME":1,"SHUTTER_MODE":2,"TRIGGER_MODE":0,"VBIN":1,"INITIAL_LINE":1,"INITIAL_COLUMN":1,"FINAL_LINE":1024,"FINAL_COLUMN":1024,"HBIN":1}
10/26/2022 9:07 AM CommandAcquisChD  TX=SET #FRAMES 1.000000
10/26/2022 9:07 AM CommandAcquisChA  TX=SET TEMP -70
10/26/2022 9:07 AM CommandAcquisChB  TX=SET TEMP -70
10/26/2022 9:07 AM CommandAcquisChC  TX=SET TEMP -70
10/26/2022 9:07 AM CommandAcquisChA  TX=SET COOLER_POWER_STATUS 1
10/26/2022 9:07 AM CommandAcquisChB  TX=SET COOLER_POWER_STATUS 1
10/26/2022 9:07 AM CommandAcquisChC  TX=SET COOLER_POWER_STATUS 1
10/26/2022 9:07 AM CommandAcquisChD  TX=SET #CUBES 1.0000 
10/26/2022 9:07 AM ResponseAcquisChB  RX=DONE
10/26/2022 9:07 AM ResponseAcquisChD  RX=DONE
10/26/2022 9:07 AM ResponseAcquisChA  RX=DONE
10/26/2022 9:07 AM ResponseAcquisChB  RX=DONE
10/26/2022 9:07 AM ResponseAcquisChC  RX=DONE
10/26/2022 9:07 AM ResponseAcquisChD  RX=DONE
10/26/2022 9:07 AM CommandAcquisChD  TX=SET SUFFIX DARK
10/26/2022 9:07 AM ResponseAcquisChA  RX=DONE
10/26/2022 9:07 AM ResponseAcquisChC  RX=DONE
10/26/2022 9:07 AM CommandAcquisChD  TX=SET OBSTYPE DARK
10/26/2022 9:07 AM ResponseAcquisChD  RX=DONE
10/26/2022 9:07 AM ResponseAcquisChD  RX=DONE
10/26/2022 9:07 AM CommandAcquisChD  TX=EXPOSE
10/26/2022 9:08 AM CommandAcquisChA  TX=WRITE_SETUP {"ACQUISITION_MODE":3,"TRIGGER_MODE":6,"READ_MODE":4,"PREAMP":0,"READOUT_RATE":0,"VERTICAL_SHIFT_SPEED":3,"EM_MODE":1,"EM_GAIN":2,"SHUTTER_MODE":2,"SHUTTER_TTL":0,"SHUTTER_OPENING_TIME":1,"SHUTTER_CLOSING_TIME":1,"VBIN":1,"HBIN":1,"INITIAL_LINE":1,"INITIAL_COLUMN":1,"FINAL_LINE":1024,"FINAL_COLUMN":1024,"FRAME_TRANSFER":true,"VERTICAL_CLOCK_VOLTAGE":0,"AD_CHANNEL":0}
10/26/2022 9:08 AM CommandAcquisChB  TX=WRITE_SETUP {"ACQUISITION_MODE":3,"TRIGGER_MODE":6,"READ_MODE":4,"PREAMP":0,"READOUT_RATE":0,"VERTICAL_SHIFT_SPEED":3,"EM_MODE":1,"EM_GAIN":2,"SHUTTER_MODE":2,"SHUTTER_TTL":0,"SHUTTER_OPENING_TIME":1,"SHUTTER_CLOSING_TIME":1,"VBIN":1,"HBIN":1,"INITIAL_LINE":1,"INITIAL_COLUMN":1,"FINAL_LINE":1024,"FINAL_COLUMN":1024,"FRAME_TRANSFER":true,"VERTICAL_CLOCK_VOLTAGE":0,"AD_CHANNEL":0}
10/26/2022 9:08 AM CommandAcquisChC  TX=WRITE_SETUP {"ACQUISITION_MODE":3,"TRIGGER_MODE":6,"READ_MODE":4,"PREAMP":0,"READOUT_RATE":0,"VERTICAL_SHIFT_SPEED":3,"EM_MODE":1,"EM_GAIN":2,"SHUTTER_MODE":2,"SHUTTER_TTL":0,"SHUTTER_OPENING_TIME":1,"SHUTTER_CLOSING_TIME":1,"VBIN":1,"HBIN":1,"INITIAL_LINE":1,"INITIAL_COLUMN":1,"FINAL_LINE":1024,"FINAL_COLUMN":1024,"FRAME_TRANSFER":true,"VERTICAL_CLOCK_VOLTAGE":0,"AD_CHANNEL":0}
10/26/2022 9:08 AM CommandAcquisChD  TX=WRITE_SETUP {"ACQUISITION_MODE":3,"TRIGGER_MODE":6,"READ_MODE":4,"PREAMP":0,"READOUT_RATE":0,"VERTICAL_SHIFT_SPEED":3,"EM_MODE":1,"EM_GAIN":2,"SHUTTER_MODE":2,"SHUTTER_TTL":0,"SHUTTER_OPENING_TIME":1,"SHUTTER_CLOSING_TIME":1,"VBIN":1,"HBIN":1,"INITIAL_LINE":1,"INITIAL_COLUMN":1,"FINAL_LINE":1024,"FINAL_COLUMN":1024,"FRAME_TRANSFER":true,"VERTICAL_CLOCK_VOLTAGE":0,"AD_CHANNEL":0}
10/26/2022 9:08 AM CommandAcquisChA  TX=SET EXPTIME 1.000000
10/26/2022 9:08 AM ResponseAcquisChA  RX=DONE
10/26/2022 9:08 AM CommandAcquisChA  TX=SET #FRAMES 1.000000
10/26/2022 9:08 AM CommandAcquisChB  TX=READ_SETUP 
10/26/2022 9:08 AM CommandAcquisChC  TX=READ_SETUP 
10/26/2022 9:08 AM CommandAcquisChD  TX=READ_SETUP 
10/26/2022 9:08 AM ResponseAcquisChA  RX=DONE
10/26/2022 9:08 AM CommandAcquisChA  TX=SET #CUBES 1.0000 
10/26/2022 9:08 AM ResponseAcquisChC  RX={"PREAMP":0,"READOUT_RATE":0,"EM_GAIN":2,"VERTICAL_SHIFT_SPEED":3,"READ_MODE":4,"FRAME_TRANSFER":true,"VERTICAL_CLOCK_VOLTAGE":0,"ACQUISITION_MODE":3,"AD_CHANNEL":0,"EM_MODE":1,"SHUTTER_TTL":0,"SHUTTER_OPENING_TIME":1,"SHUTTER_CLOSING_TIME":1,"SHUTTER_MODE":2,"TRIGGER_MODE":6,"VBIN":1,"INITIAL_LINE":1,"INITIAL_COLUMN":1,"FINAL_LINE":1024,"FINAL_COLUMN":1024,"HBIN":1}
10/26/2022 9:08 AM ResponseAcquisChD  RX={"PREAMP":0,"READOUT_RATE":0,"EM_GAIN":2,"VERTICAL_SHIFT_SPEED":3,"READ_MODE":4,"FRAME_TRANSFER":true,"VERTICAL_CLOCK_VOLTAGE":0,"ACQUISITION_MODE":3,"AD_CHANNEL":0,"EM_MODE":1,"SHUTTER_TTL":0,"SHUTTER_OPENING_TIME":1,"SHUTTER_CLOSING_TIME":1,"SHUTTER_MODE":2,"TRIGGER_MODE":6,"VBIN":1,"INITIAL_LINE":1,"INITIAL_COLUMN":1,"FINAL_LINE":1024,"FINAL_COLUMN":1024,"HBIN":1}
10/26/2022 9:08 AM CommandAcquisChD  TX=SET COOLER_POWER_STATUS 0
10/26/2022 9:08 AM ResponseAcquisChA  RX=DONE
10/26/2022 9:08 AM CommandAcquisChA  TX=SET SUFFIX DARK
10/26/2022 9:08 AM ResponseAcquisChB  RX={"PREAMP":0,"READOUT_RATE":0,"EM_GAIN":2,"VERTICAL_SHIFT_SPEED":3,"READ_MODE":4,"FRAME_TRANSFER":true,"VERTICAL_CLOCK_VOLTAGE":0,"ACQUISITION_MODE":3,"AD_CHANNEL":0,"EM_MODE":1,"SHUTTER_TTL":0,"SHUTTER_OPENING_TIME":1,"SHUTTER_CLOSING_TIME":1,"SHUTTER_MODE":2,"TRIGGER_MODE":6,"VBIN":1,"INITIAL_LINE":1,"INITIAL_COLUMN":1,"FINAL_LINE":1024,"FINAL_COLUMN":1024,"HBIN":1}
10/26/2022 9:08 AM CommandAcquisChB  TX=SET TEMP -70
10/26/2022 9:08 AM CommandAcquisChC  TX=SET TEMP -70
10/26/2022 9:08 AM CommandAcquisChB  TX=SET COOLER_POWER_STATUS 1
10/26/2022 9:08 AM CommandAcquisChC  TX=SET COOLER_POWER_STATUS 1
10/26/2022 9:08 AM CommandAcquisChA  TX=SET OBSTYPE DARK
10/26/2022 9:08 AM ResponseAcquisChC  RX=DONE
10/26/2022 9:08 AM ResponseAcquisChD  RX=DONE
10/26/2022 9:08 AM ResponseAcquisChA  RX=DONE
10/26/2022 9:08 AM ResponseAcquisChB  RX=DONE
10/26/2022 9:08 AM ResponseAcquisChC  RX=DONE
10/26/2022 9:08 AM ResponseAcquisChA  RX=DONE
10/26/2022 9:08 AM ResponseAcquisChB  RX=DONE
10/26/2022 9:08 AM CommandAcquisChB  TX=SET EXPTIME 1.000000
10/26/2022 9:08 AM ResponseAcquisChB  RX=1
10/26/2022 9:08 AM ResponseAcquisChB  RX=DONE
10/26/2022 9:08 AM CommandAcquisChB  TX=SET #FRAMES 1.000000
10/26/2022 9:08 AM CommandAcquisChB  TX=SET #CUBES 1.0000 
10/26/2022 9:08 AM ResponseAcquisChB  RX=DONE
10/26/2022 9:08 AM CommandAcquisChB  TX=SET SUFFIX DARK
10/26/2022 9:08 AM ResponseAcquisChB  RX=DONE
10/26/2022 9:08 AM ResponseAcquisChB  RX=DONE
10/26/2022 9:08 AM CommandAcquisChB  TX=SET OBSTYPE DARK
10/26/2022 9:08 AM ResponseAcquisChB  RX=DONE
10/26/2022 9:08 AM CommandAcquisChC  TX=SET EXPTIME 1.000000
10/26/2022 9:08 AM ResponseAcquisChC  RX=DONE
10/26/2022 9:08 AM CommandAcquisChC  TX=SET #FRAMES 1.000000
10/26/2022 9:08 AM ResponseAcquisChC  RX=DONE
10/26/2022 9:08 AM CommandAcquisChC  TX=SET #CUBES 1.0000 
10/26/2022 9:08 AM ResponseAcquisChC  RX=DONE
10/26/2022 9:08 AM CommandAcquisChC  TX=SET SUFFIX DARK
10/26/2022 9:08 AM ResponseAcquisChC  RX=DONE
10/26/2022 9:08 AM CommandAcquisChC  TX=SET OBSTYPE DARK
10/26/2022 9:08 AM ResponseAcquisChC  RX=DONE
10/26/2022 9:08 AM CommandAcquisChD  TX=SET EXPTIME 1.000000
10/26/2022 9:08 AM ResponseAcquisChD  RX=DONE
10/26/2022 9:08 AM CommandAcquisChD  TX=SET #FRAMES 1.000000
10/26/2022 9:08 AM ResponseAcquisChD  RX=DONE
10/26/2022 9:08 AM CommandAcquisChD  TX=SET #CUBES 1.0000 
10/26/2022 9:08 AM ResponseAcquisChD  RX=DONE
10/26/2022 9:08 AM CommandAcquisChD  TX=SET SUFFIX DARK
10/26/2022 9:08 AM CommandAcquisChD  TX=SET OBSTYPE DARK
10/26/2022 9:08 AM ResponseAcquisChD  RX=DONE
10/26/2022 9:08 AM ResponseAcquisChD  RX=DONE
10/26/2022 9:08 AM CommandAcquisChA  TX=EXPOSE
10/26/2022 9:08 AM CommandAcquisChB  TX=EXPOSE
10/26/2022 9:08 AM CommandAcquisChC  TX=EXPOSE
10/26/2022 9:08 AM CommandAcquisChD  TX=EXPOSE
10/26/2022 9:08 AM CommandAcquisChA  TX=ABORT_ACQUISITION
10/26/2022 9:08 AM CommandAcquisChB  TX=ABORT_ACQUISITION
10/26/2022 9:08 AM CommandAcquisChC  TX=ABORT_ACQUISITION
10/26/2022 9:08 AM CommandAcquisChD  TX=ABORT_ACQUISITION
10/26/2022 9:12 AM CommandAcquisChA  TX=WRITE_SETUP {"ACQUISITION_MODE":3,"TRIGGER_MODE":0,"READ_MODE":4,"PREAMP":0,"READOUT_RATE":0,"VERTICAL_SHIFT_SPEED":3,"EM_MODE":1,"EM_GAIN":2,"SHUTTER_MODE":2,"SHUTTER_TTL":0,"SHUTTER_OPENING_TIME":1,"SHUTTER_CLOSING_TIME":1,"VBIN":1,"HBIN":1,"INITIAL_LINE":1,"INITIAL_COLUMN":1,"FINAL_LINE":1024,"FINAL_COLUMN":1024,"FRAME_TRANSFER":true,"VERTICAL_CLOCK_VOLTAGE":0,"AD_CHANNEL":0}
10/26/2022 9:12 AM CommandAcquisChB  TX=WRITE_SETUP {"ACQUISITION_MODE":3,"TRIGGER_MODE":0,"READ_MODE":4,"PREAMP":0,"READOUT_RATE":0,"VERTICAL_SHIFT_SPEED":3,"EM_MODE":1,"EM_GAIN":2,"SHUTTER_MODE":2,"SHUTTER_TTL":0,"SHUTTER_OPENING_TIME":1,"SHUTTER_CLOSING_TIME":1,"VBIN":1,"HBIN":1,"INITIAL_LINE":1,"INITIAL_COLUMN":1,"FINAL_LINE":1024,"FINAL_COLUMN":1024,"FRAME_TRANSFER":true,"VERTICAL_CLOCK_VOLTAGE":0,"AD_CHANNEL":0}
10/26/2022 9:12 AM CommandAcquisChC  TX=WRITE_SETUP {"ACQUISITION_MODE":3,"TRIGGER_MODE":0,"READ_MODE":4,"PREAMP":0,"READOUT_RATE":0,"VERTICAL_SHIFT_SPEED":3,"EM_MODE":1,"EM_GAIN":2,"SHUTTER_MODE":2,"SHUTTER_TTL":0,"SHUTTER_OPENING_TIME":1,"SHUTTER_CLOSING_TIME":1,"VBIN":1,"HBIN":1,"INITIAL_LINE":1,"INITIAL_COLUMN":1,"FINAL_LINE":1024,"FINAL_COLUMN":1024,"FRAME_TRANSFER":true,"VERTICAL_CLOCK_VOLTAGE":0,"AD_CHANNEL":0}
10/26/2022 9:12 AM CommandAcquisChD  TX=WRITE_SETUP {"ACQUISITION_MODE":3,"TRIGGER_MODE":0,"READ_MODE":4,"PREAMP":0,"READOUT_RATE":0,"VERTICAL_SHIFT_SPEED":3,"EM_MODE":1,"EM_GAIN":2,"SHUTTER_MODE":2,"SHUTTER_TTL":0,"SHUTTER_OPENING_TIME":1,"SHUTTER_CLOSING_TIME":1,"VBIN":1,"HBIN":1,"INITIAL_LINE":1,"INITIAL_COLUMN":1,"FINAL_LINE":1024,"FINAL_COLUMN":1024,"FRAME_TRANSFER":true,"VERTICAL_CLOCK_VOLTAGE":0,"AD_CHANNEL":0}
10/26/2022 9:12 AM CommandAcquisChA  TX=READ_SETUP 
10/26/2022 9:12 AM ResponseAcquisChA  RX={"PREAMP":0,"READOUT_RATE":0,"EM_GAIN":2,"VERTICAL_SHIFT_SPEED":3,"READ_MODE":4,"FRAME_TRANSFER":true,"VERTICAL_CLOCK_VOLTAGE":0,"ACQUISITION_MODE":3,"AD_CHANNEL":0,"EM_MODE":1,"SHUTTER_TTL":0,"SHUTTER_OPENING_TIME":1,"SHUTTER_CLOSING_TIME":1,"SHUTTER_MODE":2,"TRIGGER_MODE":0,"VBIN":1,"INITIAL_LINE":1,"INITIAL_COLUMN":1,"FINAL_LINE":1024,"FINAL_COLUMN":1024,"HBIN":1}
10/26/2022 9:12 AM CommandAcquisChA  TX=SET TEMP -70
10/26/2022 9:12 AM CommandAcquisChA  TX=SET COOLER_POWER_STATUS 1
10/26/2022 9:12 AM ResponseAcquisChA  RX=DONE
10/26/2022 9:12 AM ResponseAcquisChA  RX=DONE
10/26/2022 9:12 AM CommandAcquisChB  TX=READ_SETUP 
10/26/2022 9:12 AM ResponseAcquisChB  RX={"PREAMP":0,"READOUT_RATE":0,"EM_GAIN":2,"VERTICAL_SHIFT_SPEED":3,"READ_MODE":4,"FRAME_TRANSFER":true,"VERTICAL_CLOCK_VOLTAGE":0,"ACQUISITION_MODE":3,"AD_CHANNEL":0,"EM_MODE":1,"SHUTTER_TTL":0,"SHUTTER_OPENING_TIME":1,"SHUTTER_CLOSING_TIME":1,"SHUTTER_MODE":2,"TRIGGER_MODE":0,"VBIN":1,"INITIAL_LINE":1,"INITIAL_COLUMN":1,"FINAL_LINE":1024,"FINAL_COLUMN":1024,"HBIN":1}
10/26/2022 9:12 AM CommandAcquisChB  TX=SET COOLER_POWER_STATUS 0
10/26/2022 9:12 AM ResponseAcquisChB  RX=DONE
10/26/2022 9:12 AM CommandAcquisChC  TX=READ_SETUP 
10/26/2022 9:12 AM ResponseAcquisChC  RX={"PREAMP":0,"READOUT_RATE":0,"EM_GAIN":2,"VERTICAL_SHIFT_SPEED":3,"READ_MODE":4,"FRAME_TRANSFER":true,"VERTICAL_CLOCK_VOLTAGE":0,"ACQUISITION_MODE":3,"AD_CHANNEL":0,"EM_MODE":1,"SHUTTER_TTL":0,"SHUTTER_OPENING_TIME":1,"SHUTTER_CLOSING_TIME":1,"SHUTTER_MODE":2,"TRIGGER_MODE":0,"VBIN":1,"INITIAL_LINE":1,"INITIAL_COLUMN":1,"FINAL_LINE":1024,"FINAL_COLUMN":1024,"HBIN":1}
10/26/2022 9:12 AM CommandAcquisChC  TX=SET TEMP -70
10/26/2022 9:12 AM CommandAcquisChC  TX=SET COOLER_POWER_STATUS 1
10/26/2022 9:12 AM ResponseAcquisChC  RX=DONE
10/26/2022 9:12 AM CommandAcquisChD  TX=READ_SETUP 
10/26/2022 9:12 AM CommandAcquisChD  TX=SET COOLER_POWER_STATUS 0
10/26/2022 9:12 AM ResponseAcquisChD  RX={"PREAMP":0,"READOUT_RATE":0,"EM_GAIN":2,"VERTICAL_SHIFT_SPEED":3,"READ_MODE":4,"FRAME_TRANSFER":true,"VERTICAL_CLOCK_VOLTAGE":0,"ACQUISITION_MODE":3,"AD_CHANNEL":0,"EM_MODE":1,"SHUTTER_TTL":0,"SHUTTER_OPENING_TIME":1,"SHUTTER_CLOSING_TIME":1,"SHUTTER_MODE":2,"TRIGGER_MODE":0,"VBIN":1,"INITIAL_LINE":1,"INITIAL_COLUMN":1,"FINAL_LINE":1024,"FINAL_COLUMN":1024,"HBIN":1}
10/26/2022 9:12 AM ResponseAcquisChD  RX=DONE
10/26/2022 9:12 AM CommandAcquisChA  TX=SET EXPTIME 1.000000
10/26/2022 9:12 AM ResponseAcquisChA  RX=DONE
10/26/2022 9:12 AM CommandAcquisChA  TX=SET #FRAMES 1.000000
10/26/2022 9:12 AM CommandAcquisChA  TX=SET #CUBES 1.0000 
10/26/2022 9:12 AM ResponseAcquisChA  RX=DONE
10/26/2022 9:12 AM ResponseAcquisChA  RX=DONE
10/26/2022 9:12 AM CommandAcquisChA  TX=SET SUFFIX DARK
10/26/2022 9:12 AM ResponseAcquisChA  RX=DONE
10/26/2022 9:12 AM CommandAcquisChA  TX=SET OBSTYPE DARK
10/26/2022 9:12 AM ResponseAcquisChA  RX=DONE
10/26/2022 9:12 AM CommandAcquisChB  TX=SET EXPTIME 1.000000
10/26/2022 9:12 AM ResponseAcquisChB  RX=DONE
10/26/2022 9:12 AM CommandAcquisChB  TX=SET #FRAMES 1.000000
10/26/2022 9:12 AM ResponseAcquisChB  RX=DONE
10/26/2022 9:12 AM CommandAcquisChB  TX=SET #CUBES 1.0000 
10/26/2022 9:12 AM CommandAcquisChB  TX=SET SUFFIX DARK
10/26/2022 9:12 AM ResponseAcquisChB  RX=DONE
10/26/2022 9:12 AM CommandAcquisChB  TX=SET OBSTYPE DARK
10/26/2022 9:12 AM ResponseAcquisChB  RX=DONE
10/26/2022 9:12 AM ResponseAcquisChB  RX=DONE
10/26/2022 9:12 AM CommandAcquisChC  TX=SET EXPTIME 1.000000
10/26/2022 9:12 AM ResponseAcquisChC  RX=DONE
10/26/2022 9:12 AM CommandAcquisChC  TX=SET #FRAMES 1.000000
10/26/2022 9:12 AM ResponseAcquisChC  RX=DONE
10/26/2022 9:12 AM CommandAcquisChC  TX=SET #CUBES 1.0000 
10/26/2022 9:12 AM ResponseAcquisChC  RX=DONE
10/26/2022 9:12 AM CommandAcquisChC  TX=SET SUFFIX DARK
10/26/2022 9:12 AM CommandAcquisChC  TX=SET OBSTYPE DARK
10/26/2022 9:12 AM ResponseAcquisChC  RX=DONE
10/26/2022 9:12 AM ResponseAcquisChC  RX=DONE
10/26/2022 9:12 AM CommandAcquisChD  TX=SET EXPTIME 1.000000
10/26/2022 9:12 AM ResponseAcquisChD  RX=DONE
10/26/2022 9:12 AM CommandAcquisChD  TX=SET #FRAMES 1.000000
10/26/2022 9:12 AM ResponseAcquisChD  RX=DONE
10/26/2022 9:12 AM CommandAcquisChD  TX=SET #CUBES 1.0000 
10/26/2022 9:12 AM ResponseAcquisChD  RX=DONE
10/26/2022 9:12 AM CommandAcquisChD  TX=SET SUFFIX DARK
10/26/2022 9:12 AM ResponseAcquisChD  RX=DONE
10/26/2022 9:12 AM CommandAcquisChD  TX=SET OBSTYPE DARK
10/26/2022 9:12 AM ResponseAcquisChD  RX=DONE
10/26/2022 9:12 AM CommandAcquisChA  TX=EXPOSE
10/26/2022 9:12 AM CommandAcquisChB  TX=EXPOSE
10/26/2022 9:12 AM CommandAcquisChC  TX=EXPOSE
10/26/2022 9:12 AM CommandAcquisChD  TX=EXPOSE
10/26/2022 9:14 AM CommandAcquisChA  TX=SET EXPTIME 0.000010
10/26/2022 9:14 AM ResponseAcquisChA  RX=DONE
10/26/2022 9:14 AM CommandAcquisChA  TX=SET #FRAMES 10.000000
10/26/2022 9:14 AM ResponseAcquisChA  RX=DONE
10/26/2022 9:14 AM CommandAcquisChA  TX=SET #CUBES 1.0000 
10/26/2022 9:14 AM ResponseAcquisChA  RX=DONE
10/26/2022 9:14 AM CommandAcquisChA  TX=SET SUFFIX DARK
10/26/2022 9:14 AM CommandAcquisChA  TX=SET OBSTYPE DARK
10/26/2022 9:14 AM ResponseAcquisChA  RX=DONE
10/26/2022 9:14 AM ResponseAcquisChA  RX=DONE
10/26/2022 9:14 AM CommandAcquisChB  TX=SET EXPTIME 0.000010
10/26/2022 9:14 AM ResponseAcquisChB  RX=DONE
10/26/2022 9:14 AM CommandAcquisChB  TX=SET #FRAMES 10.000000
10/26/2022 9:14 AM ResponseAcquisChB  RX=DONE
10/26/2022 9:14 AM CommandAcquisChB  TX=SET #CUBES 1.0000 
10/26/2022 9:14 AM ResponseAcquisChB  RX=DONE
10/26/2022 9:14 AM CommandAcquisChB  TX=SET SUFFIX DARK
10/26/2022 9:14 AM ResponseAcquisChB  RX=DONE
10/26/2022 9:14 AM CommandAcquisChB  TX=SET OBSTYPE DARK
10/26/2022 9:14 AM ResponseAcquisChB  RX=DONE
10/26/2022 9:14 AM CommandAcquisChC  TX=SET EXPTIME 0.000010
10/26/2022 9:14 AM ResponseAcquisChC  RX=DONE
10/26/2022 9:14 AM CommandAcquisChC  TX=SET #FRAMES 10.000000
10/26/2022 9:14 AM ResponseAcquisChC  RX=DONE
10/26/2022 9:14 AM CommandAcquisChC  TX=SET #CUBES 1.0000 
10/26/2022 9:14 AM ResponseAcquisChC  RX=DONE
10/26/2022 9:14 AM CommandAcquisChC  TX=SET SUFFIX DARK
10/26/2022 9:14 AM ResponseAcquisChC  RX=DONE
10/26/2022 9:14 AM CommandAcquisChC  TX=SET OBSTYPE DARK
10/26/2022 9:14 AM ResponseAcquisChC  RX=DONE
10/26/2022 9:14 AM CommandAcquisChD  TX=SET EXPTIME 0.000010
10/26/2022 9:14 AM ResponseAcquisChD  RX=DONE
10/26/2022 9:14 AM CommandAcquisChD  TX=SET #FRAMES 10.000000
10/26/2022 9:14 AM ResponseAcquisChD  RX=DONE
10/26/2022 9:14 AM CommandAcquisChD  TX=SET #CUBES 1.0000 
10/26/2022 9:14 AM ResponseAcquisChD  RX=DONE
10/26/2022 9:14 AM CommandAcquisChD  TX=SET SUFFIX DARK
10/26/2022 9:14 AM CommandAcquisChD  TX=SET OBSTYPE DARK
10/26/2022 9:14 AM ResponseAcquisChD  RX=DONE
10/26/2022 9:14 AM ResponseAcquisChD  RX=DONE
10/26/2022 9:14 AM CommandAcquisChA  TX=EXPOSE
10/26/2022 9:14 AM CommandAcquisChB  TX=EXPOSE
10/26/2022 9:14 AM CommandAcquisChC  TX=EXPOSE
10/26/2022 9:14 AM CommandAcquisChD  TX=EXPOSE
10/26/2022 9:14 AM ResponseAcquisChD  RX=RETURNING_STATUS {"CUBE_EXPOSURE_TIME":1,"CUBES_DONE":1,"LAST_IMAGE_NAME":"20221026_s4c4_DARK_000004.fits","DISK_SPACE":0,"FRAMES_DONE":1,"CCD_STATUS":"IDLE","CURRENT_TEMPERATURE":16,"TEMPERATURE_STATUS":"TEMPERATURE_OFF","FRAME_EXPOSURE_TIME":1,"CCD_POWER_STATUS":true,"SERIAL_NUMBER":9917,"ACQUIRING":false}
10/26/2022 9:14 AM ResponseAcquisChA  RX=RETURNING_STATUS {"CUBE_EXPOSURE_TIME":1,"CUBES_DONE":1,"LAST_IMAGE_NAME":"20221026_s4c1_DARK_000003.fits","DISK_SPACE":0,"FRAMES_DONE":1,"CCD_STATUS":"IDLE","CURRENT_TEMPERATURE":-70,"TEMPERATURE_STATUS":"TEMPERATURE_STABILIZED","FRAME_EXPOSURE_TIME":1,"CCD_POWER_STATUS":true,"SERIAL_NUMBER":9914,"ACQUIRING":false}
10/26/2022 9:14 AM ResponseAcquisChB  RX=RETURNING_STATUS {"CUBE_EXPOSURE_TIME":1,"CUBES_DONE":1,"LAST_IMAGE_NAME":"20221026_s4c2_DARK_000002.fits","DISK_SPACE":0,"FRAMES_DONE":1,"CCD_STATUS":"IDLE","CURRENT_TEMPERATURE":-24,"TEMPERATURE_STATUS":"TEMPERATURE_OFF","FRAME_EXPOSURE_TIME":1,"CCD_POWER_STATUS":true,"SERIAL_NUMBER":9915,"ACQUIRING":false}
10/26/2022 9:15 AM CommandAcquisChB  TX=SET TEMP -70
10/26/2022 9:15 AM CommandAcquisChB  TX=SET COOLER_POWER_STATUS 1
10/26/2022 9:15 AM ResponseAcquisChB  RX=DONE
10/26/2022 9:15 AM ResponseAcquisChB  RX=DONE
10/26/2022 9:15 AM CommandAcquisChD  TX=SET COOLER_POWER_STATUS 1
10/26/2022 9:15 AM ResponseAcquisChD  RX=DONE
10/26/2022 9:15 AM CommandAcquisChD  TX=SET TEMP -70
10/26/2022 9:15 AM ResponseAcquisChD  RX=DONE
10/26/2022 9:15 AM CommandAcquisChD  TX=SET COOLER_POWER_STATUS 1
10/26/2022 9:15 AM ResponseAcquisChD  RX=DONE
10/26/2022 9:16 AM CommandAcquisChA  TX=SET EXPTIME 0.000010
10/26/2022 9:16 AM ResponseAcquisChA  RX=DONE
10/26/2022 9:16 AM CommandAcquisChA  TX=SET #FRAMES 10.000000
10/26/2022 9:16 AM ResponseAcquisChA  RX=DONE
10/26/2022 9:16 AM CommandAcquisChA  TX=SET #CUBES 1.0000 
10/26/2022 9:16 AM CommandAcquisChA  TX=SET SUFFIX DARK
10/26/2022 9:16 AM ResponseAcquisChA  RX=DONE
10/26/2022 9:16 AM CommandAcquisChA  TX=SET OBSTYPE DARK
10/26/2022 9:16 AM ResponseAcquisChA  RX=DONE
10/26/2022 9:16 AM ResponseAcquisChA  RX=DONE
10/26/2022 9:16 AM CommandAcquisChB  TX=SET EXPTIME 0.000010
10/26/2022 9:16 AM ResponseAcquisChB  RX=DONE
10/26/2022 9:16 AM CommandAcquisChB  TX=SET #FRAMES 10.000000
10/26/2022 9:16 AM ResponseAcquisChB  RX=DONE
10/26/2022 9:16 AM CommandAcquisChB  TX=SET #CUBES 1.0000 
10/26/2022 9:16 AM CommandAcquisChB  TX=SET SUFFIX DARK
10/26/2022 9:16 AM ResponseAcquisChB  RX=DONE
10/26/2022 9:16 AM CommandAcquisChB  TX=SET OBSTYPE DARK
10/26/2022 9:16 AM ResponseAcquisChB  RX=DONE
10/26/2022 9:16 AM ResponseAcquisChB  RX=DONE
10/26/2022 9:16 AM CommandAcquisChC  TX=SET EXPTIME 0.000010
10/26/2022 9:16 AM ResponseAcquisChC  RX=DONE
10/26/2022 9:16 AM CommandAcquisChC  TX=SET #FRAMES 10.000000
10/26/2022 9:16 AM CommandAcquisChC  TX=SET #CUBES 1.0000 
10/26/2022 9:16 AM ResponseAcquisChC  RX=DONE
10/26/2022 9:16 AM CommandAcquisChC  TX=SET SUFFIX DARK
10/26/2022 9:16 AM ResponseAcquisChC  RX=DONE
10/26/2022 9:16 AM CommandAcquisChC  TX=SET OBSTYPE DARK
10/26/2022 9:16 AM ResponseAcquisChC  RX=DONE
10/26/2022 9:16 AM ResponseAcquisChC  RX=DONE
10/26/2022 9:16 AM CommandAcquisChD  TX=SET EXPTIME 0.000010
10/26/2022 9:16 AM ResponseAcquisChD  RX=DONE
10/26/2022 9:16 AM CommandAcquisChD  TX=SET #FRAMES 10.000000
10/26/2022 9:16 AM CommandAcquisChD  TX=SET #CUBES 1.0000 
10/26/2022 9:16 AM ResponseAcquisChD  RX=DONE
10/26/2022 9:16 AM CommandAcquisChD  TX=SET SUFFIX DARK
10/26/2022 9:16 AM ResponseAcquisChD  RX=DONE
10/26/2022 9:16 AM ResponseAcquisChD  RX=DONE
10/26/2022 9:16 AM CommandAcquisChD  TX=SET OBSTYPE DARK
10/26/2022 9:16 AM ResponseAcquisChD  RX=DONE
10/26/2022 9:16 AM CommandAcquisChA  TX=EXPOSE
10/26/2022 9:16 AM CommandAcquisChB  TX=EXPOSE
10/26/2022 9:16 AM CommandAcquisChC  TX=EXPOSE
10/26/2022 9:16 AM CommandAcquisChD  TX=EXPOSE
10/26/2022 9:16 AM CommandAcquisChA  TX=SET EXPTIME 0.000010
10/26/2022 9:16 AM ResponseAcquisChA  RX=DONE
10/26/2022 9:16 AM CommandAcquisChA  TX=SET #FRAMES 10.000000
10/26/2022 9:16 AM ResponseAcquisChA  RX=DONE
10/26/2022 9:16 AM CommandAcquisChA  TX=SET #CUBES 1.0000 
10/26/2022 9:16 AM ResponseAcquisChA  RX=DONE
10/26/2022 9:16 AM CommandAcquisChA  TX=SET SUFFIX DARK
10/26/2022 9:16 AM ResponseAcquisChA  RX=DONE
10/26/2022 9:16 AM CommandAcquisChA  TX=SET OBSTYPE DARK
10/26/2022 9:16 AM ResponseAcquisChA  RX=DONE
10/26/2022 9:16 AM CommandAcquisChB  TX=SET EXPTIME 0.000010
10/26/2022 9:16 AM ResponseAcquisChB  RX=DONE
10/26/2022 9:16 AM CommandAcquisChB  TX=SET #FRAMES 10.000000
10/26/2022 9:16 AM ResponseAcquisChB  RX=DONE
10/26/2022 9:16 AM CommandAcquisChB  TX=SET #CUBES 1.0000 
10/26/2022 9:16 AM ResponseAcquisChB  RX=DONE
10/26/2022 9:16 AM CommandAcquisChB  TX=SET SUFFIX DARK
10/26/2022 9:16 AM CommandAcquisChB  TX=SET OBSTYPE DARK
10/26/2022 9:16 AM ResponseAcquisChB  RX=DONE
10/26/2022 9:16 AM ResponseAcquisChB  RX=DONE
10/26/2022 9:16 AM CommandAcquisChC  TX=SET EXPTIME 0.000010
10/26/2022 9:16 AM ResponseAcquisChC  RX=DONE
10/26/2022 9:16 AM CommandAcquisChC  TX=SET #FRAMES 10.000000
10/26/2022 9:16 AM ResponseAcquisChC  RX=DONE
10/26/2022 9:16 AM CommandAcquisChC  TX=SET #CUBES 1.0000 
10/26/2022 9:16 AM ResponseAcquisChC  RX=DONE
10/26/2022 9:16 AM CommandAcquisChC  TX=SET SUFFIX DARK
10/26/2022 9:16 AM ResponseAcquisChC  RX=DONE
10/26/2022 9:16 AM CommandAcquisChC  TX=SET OBSTYPE DARK
10/26/2022 9:16 AM ResponseAcquisChC  RX=DONE
10/26/2022 9:16 AM CommandAcquisChD  TX=SET EXPTIME 0.000010
10/26/2022 9:16 AM ResponseAcquisChD  RX=DONE
10/26/2022 9:16 AM CommandAcquisChD  TX=SET #FRAMES 10.000000
10/26/2022 9:16 AM ResponseAcquisChD  RX=DONE
10/26/2022 9:16 AM CommandAcquisChD  TX=SET #CUBES 1.0000 
10/26/2022 9:16 AM CommandAcquisChD  TX=SET SUFFIX DARK
10/26/2022 9:16 AM ResponseAcquisChD  RX=DONE
10/26/2022 9:16 AM CommandAcquisChD  TX=SET OBSTYPE DARK
10/26/2022 9:16 AM ResponseAcquisChD  RX=DONE
10/26/2022 9:16 AM ResponseAcquisChD  RX=DONE
10/26/2022 9:16 AM CommandAcquisChA  TX=EXPOSE
10/26/2022 9:16 AM CommandAcquisChB  TX=EXPOSE
10/26/2022 9:16 AM CommandAcquisChC  TX=EXPOSE
10/26/2022 9:16 AM CommandAcquisChD  TX=EXPOSE
10/26/2022 9:17 AM CommandAcquisChA  TX=SET EXPTIME 0.000010
10/26/2022 9:17 AM ResponseAcquisChA  RX=DONE
10/26/2022 9:17 AM CommandAcquisChA  TX=SET #FRAMES 10.000000
10/26/2022 9:17 AM CommandAcquisChA  TX=SET #CUBES 1.0000 
10/26/2022 9:17 AM ResponseAcquisChA  RX=DONE
10/26/2022 9:17 AM CommandAcquisChA  TX=SET SUFFIX DARK
10/26/2022 9:17 AM ResponseAcquisChA  RX=DONE
10/26/2022 9:17 AM CommandAcquisChA  TX=SET OBSTYPE DARK
10/26/2022 9:17 AM ResponseAcquisChA  RX=DONE
10/26/2022 9:17 AM ResponseAcquisChA  RX=DONE
10/26/2022 9:17 AM CommandAcquisChB  TX=SET EXPTIME 0.000010
10/26/2022 9:17 AM ResponseAcquisChB  RX=DONE
10/26/2022 9:17 AM CommandAcquisChB  TX=SET #FRAMES 10.000000
10/26/2022 9:17 AM ResponseAcquisChB  RX=DONE
10/26/2022 9:17 AM CommandAcquisChB  TX=SET #CUBES 1.0000 
10/26/2022 9:17 AM CommandAcquisChB  TX=SET SUFFIX DARK
10/26/2022 9:17 AM ResponseAcquisChB  RX=DONE
10/26/2022 9:17 AM ResponseAcquisChB  RX=DONE
10/26/2022 9:17 AM CommandAcquisChB  TX=SET OBSTYPE DARK
10/26/2022 9:17 AM ResponseAcquisChB  RX=DONE
10/26/2022 9:17 AM CommandAcquisChC  TX=SET EXPTIME 0.000010
10/26/2022 9:17 AM ResponseAcquisChC  RX=DONE
10/26/2022 9:17 AM CommandAcquisChC  TX=SET #FRAMES 10.000000
10/26/2022 9:17 AM ResponseAcquisChC  RX=DONE
10/26/2022 9:17 AM CommandAcquisChC  TX=SET #CUBES 1.0000 
10/26/2022 9:17 AM ResponseAcquisChC  RX=DONE
10/26/2022 9:17 AM CommandAcquisChC  TX=SET SUFFIX DARK
10/26/2022 9:17 AM CommandAcquisChC  TX=SET OBSTYPE DARK
10/26/2022 9:17 AM ResponseAcquisChC  RX=DONE
10/26/2022 9:17 AM ResponseAcquisChC  RX=DONE
10/26/2022 9:17 AM CommandAcquisChD  TX=SET EXPTIME 0.000010
10/26/2022 9:17 AM ResponseAcquisChD  RX=RETURNING_STATUS {"CUBE_EXPOSURE_TIME":9.9999997473787516356e-05,"CUBES_DONE":1,"LAST_IMAGE_NAME":"20221026_s4c4_DARK_000034.fits","DISK_SPACE":0,"FRAMES_DONE":10,"CCD_STATUS":"IDLE","CURRENT_TEMPERATURE":-26,"TEMPERATURE_STATUS":"TEMPERATURE_NOT_REACHED","FRAME_EXPOSURE_TIME":0,"CCD_POWER_STATUS":true,"SERIAL_NUMBER":9917,"ACQUIRING":false}
10/26/2022 9:17 AM ResponseAcquisChD  RX=DONE
10/26/2022 9:17 AM CommandAcquisChD  TX=SET #FRAMES 10.000000
10/26/2022 9:17 AM CommandAcquisChD  TX=SET #CUBES 1.0000 
10/26/2022 9:17 AM ResponseAcquisChD  RX=DONE
10/26/2022 9:17 AM CommandAcquisChD  TX=SET SUFFIX DARK
10/26/2022 9:17 AM ResponseAcquisChD  RX=DONE
10/26/2022 9:17 AM ResponseAcquisChD  RX=DONE
10/26/2022 9:17 AM CommandAcquisChD  TX=SET OBSTYPE DARK
10/26/2022 9:17 AM ResponseAcquisChD  RX=DONE
10/26/2022 9:17 AM CommandAcquisChA  TX=EXPOSE
10/26/2022 9:17 AM CommandAcquisChB  TX=EXPOSE
10/26/2022 9:17 AM CommandAcquisChC  TX=EXPOSE
10/26/2022 9:17 AM CommandAcquisChD  TX=EXPOSE
10/26/2022 9:17 AM ResponseAcquisChD  RX=RETURNING_STATUS {"CUBE_EXPOSURE_TIME":9.9999997473787516356e-05,"CUBES_DONE":1,"LAST_IMAGE_NAME":"20221026_s4c4_DARK_000034.fits","DISK_SPACE":0,"FRAMES_DONE":10,"CCD_STATUS":"IDLE","CURRENT_TEMPERATURE":-26,"TEMPERATURE_STATUS":"TEMPERATURE_NOT_REACHED","FRAME_EXPOSURE_TIME":0,"CCD_POWER_STATUS":true,"SERIAL_NUMBER":9917,"ACQUIRING":false}
10/26/2022 9:19 AM CommandAcquisChA  TX=WRITE_SETUP {"ACQUISITION_MODE":3,"TRIGGER_MODE":0,"READ_MODE":4,"PREAMP":0,"READOUT_RATE":0,"VERTICAL_SHIFT_SPEED":3,"EM_MODE":1,"EM_GAIN":2,"SHUTTER_MODE":2,"SHUTTER_TTL":0,"SHUTTER_OPENING_TIME":1,"SHUTTER_CLOSING_TIME":1,"VBIN":1,"HBIN":1,"INITIAL_LINE":1,"INITIAL_COLUMN":1,"FINAL_LINE":1024,"FINAL_COLUMN":1024,"FRAME_TRANSFER":true,"VERTICAL_CLOCK_VOLTAGE":0,"AD_CHANNEL":0}
10/26/2022 9:19 AM CommandAcquisChB  TX=WRITE_SETUP {"ACQUISITION_MODE":3,"TRIGGER_MODE":0,"READ_MODE":4,"PREAMP":0,"READOUT_RATE":0,"VERTICAL_SHIFT_SPEED":3,"EM_MODE":1,"EM_GAIN":2,"SHUTTER_MODE":2,"SHUTTER_TTL":0,"SHUTTER_OPENING_TIME":1,"SHUTTER_CLOSING_TIME":1,"VBIN":1,"HBIN":1,"INITIAL_LINE":1,"INITIAL_COLUMN":1,"FINAL_LINE":1024,"FINAL_COLUMN":1024,"FRAME_TRANSFER":true,"VERTICAL_CLOCK_VOLTAGE":0,"AD_CHANNEL":0}
10/26/2022 9:19 AM CommandAcquisChC  TX=WRITE_SETUP {"ACQUISITION_MODE":3,"TRIGGER_MODE":0,"READ_MODE":4,"PREAMP":0,"READOUT_RATE":0,"VERTICAL_SHIFT_SPEED":3,"EM_MODE":1,"EM_GAIN":2,"SHUTTER_MODE":2,"SHUTTER_TTL":0,"SHUTTER_OPENING_TIME":1,"SHUTTER_CLOSING_TIME":1,"VBIN":1,"HBIN":1,"INITIAL_LINE":1,"INITIAL_COLUMN":1,"FINAL_LINE":1024,"FINAL_COLUMN":1024,"FRAME_TRANSFER":true,"VERTICAL_CLOCK_VOLTAGE":0,"AD_CHANNEL":0}
10/26/2022 9:19 AM CommandAcquisChD  TX=WRITE_SETUP {"ACQUISITION_MODE":3,"TRIGGER_MODE":0,"READ_MODE":4,"PREAMP":0,"READOUT_RATE":0,"VERTICAL_SHIFT_SPEED":3,"EM_MODE":1,"EM_GAIN":2,"SHUTTER_MODE":2,"SHUTTER_TTL":0,"SHUTTER_OPENING_TIME":1,"SHUTTER_CLOSING_TIME":1,"VBIN":1,"HBIN":1,"INITIAL_LINE":1,"INITIAL_COLUMN":1,"FINAL_LINE":1024,"FINAL_COLUMN":1024,"FRAME_TRANSFER":true,"VERTICAL_CLOCK_VOLTAGE":0,"AD_CHANNEL":0}
10/26/2022 9:19 AM CommandAcquisChA  TX=SET EXPTIME 0.000010
10/26/2022 9:19 AM ResponseAcquisChA  RX=DONE
10/26/2022 9:19 AM CommandAcquisChA  TX=SET #FRAMES 10.000000
10/26/2022 9:19 AM CommandAcquisChB  TX=SET EXPTIME 0.000010
10/26/2022 9:19 AM ResponseAcquisChA  RX=DONE
10/26/2022 9:19 AM CommandAcquisChA  TX=SET #CUBES 1.0000 
10/26/2022 9:19 AM ResponseAcquisChB  RX=DONE
10/26/2022 9:19 AM CommandAcquisChA  TX=SET SUFFIX DARK
10/26/2022 9:19 AM CommandAcquisChB  TX=SET #FRAMES 10.000000
10/26/2022 9:19 AM ResponseAcquisChA  RX=DONE
10/26/2022 9:19 AM ResponseAcquisChA  RX=DONE
10/26/2022 9:19 AM CommandAcquisChA  TX=SET OBSTYPE DARK
10/26/2022 9:19 AM ResponseAcquisChB  RX=DONE
10/26/2022 9:19 AM CommandAcquisChB  TX=SET #CUBES 1.0000 
10/26/2022 9:19 AM ResponseAcquisChA  RX=DONE
10/26/2022 9:19 AM ResponseAcquisChB  RX=DONE
10/26/2022 9:19 AM CommandAcquisChB  TX=SET SUFFIX DARK
10/26/2022 9:19 AM CommandAcquisChB  TX=SET OBSTYPE DARK
10/26/2022 9:19 AM ResponseAcquisChB  RX=DONE
10/26/2022 9:19 AM CommandAcquisChA  TX=EXPOSE
10/26/2022 9:19 AM ResponseAcquisChB  RX=DONE
10/26/2022 9:19 AM CommandAcquisChC  TX=SET EXPTIME 0.000010
10/26/2022 9:19 AM CommandAcquisChB  TX=EXPOSE
10/26/2022 9:19 AM ResponseAcquisChC  RX=DONE
10/26/2022 9:19 AM CommandAcquisChC  TX=SET #FRAMES 10.000000
10/26/2022 9:19 AM CommandAcquisChC  TX=SET #CUBES 1.0000 
10/26/2022 9:19 AM ResponseAcquisChC  RX=DONE
10/26/2022 9:19 AM CommandAcquisChC  TX=SET SUFFIX DARK
10/26/2022 9:19 AM ResponseAcquisChC  RX=DONE
10/26/2022 9:19 AM ResponseAcquisChC  RX=DONE
10/26/2022 9:19 AM CommandAcquisChC  TX=SET OBSTYPE DARK
10/26/2022 9:19 AM ResponseAcquisChC  RX=DONE
10/26/2022 9:19 AM CommandAcquisChD  TX=SET EXPTIME 0.000010
10/26/2022 9:19 AM ResponseAcquisChD  RX=DONE
10/26/2022 9:19 AM CommandAcquisChD  TX=SET #FRAMES 10.000000
10/26/2022 9:19 AM CommandAcquisChC  TX=EXPOSE
10/26/2022 9:19 AM CommandAcquisChD  TX=SET #CUBES 1.0000 
10/26/2022 9:19 AM ResponseAcquisChD  RX=DONE
10/26/2022 9:19 AM CommandAcquisChD  TX=SET SUFFIX DARK
10/26/2022 9:19 AM ResponseAcquisChD  RX=DONE
10/26/2022 9:19 AM ResponseAcquisChD  RX=DONE
10/26/2022 9:19 AM CommandAcquisChD  TX=SET OBSTYPE DARK
10/26/2022 9:19 AM ResponseAcquisChD  RX=DONE
10/26/2022 9:19 AM CommandAcquisChD  TX=EXPOSE
10/26/2022 9:19 AM ResponseAcquisChD  RX=RETURNING_STATUS {"CUBE_EXPOSURE_TIME":9.9999997473787516356e-05,"CUBES_DONE":1,"LAST_IMAGE_NAME":"20221026_s4c4_DARK_000044.fits","DISK_SPACE":0,"FRAMES_DONE":10,"CCD_STATUS":"IDLE","CURRENT_TEMPERATURE":-69,"TEMPERATURE_STATUS":"TEMPERATURE_NOT_STABILIZED","FRAME_EXPOSURE_TIME":0,"CCD_POWER_STATUS":true,"SERIAL_NUMBER":9917,"ACQUIRING":false}
10/26/2022 9:19 AM CommandAcquisChA  TX=WRITE_SETUP {"ACQUISITION_MODE":3,"TRIGGER_MODE":6,"READ_MODE":4,"PREAMP":0,"READOUT_RATE":0,"VERTICAL_SHIFT_SPEED":3,"EM_MODE":1,"EM_GAIN":2,"SHUTTER_MODE":2,"SHUTTER_TTL":0,"SHUTTER_OPENING_TIME":1,"SHUTTER_CLOSING_TIME":1,"VBIN":1,"HBIN":1,"INITIAL_LINE":1,"INITIAL_COLUMN":1,"FINAL_LINE":1024,"FINAL_COLUMN":1024,"FRAME_TRANSFER":true,"VERTICAL_CLOCK_VOLTAGE":0,"AD_CHANNEL":0}
10/26/2022 9:19 AM CommandAcquisChB  TX=WRITE_SETUP {"ACQUISITION_MODE":3,"TRIGGER_MODE":6,"READ_MODE":4,"PREAMP":0,"READOUT_RATE":0,"VERTICAL_SHIFT_SPEED":3,"EM_MODE":1,"EM_GAIN":2,"SHUTTER_MODE":2,"SHUTTER_TTL":0,"SHUTTER_OPENING_TIME":1,"SHUTTER_CLOSING_TIME":1,"VBIN":1,"HBIN":1,"INITIAL_LINE":1,"INITIAL_COLUMN":1,"FINAL_LINE":1024,"FINAL_COLUMN":1024,"FRAME_TRANSFER":true,"VERTICAL_CLOCK_VOLTAGE":0,"AD_CHANNEL":0}
10/26/2022 9:19 AM CommandAcquisChC  TX=WRITE_SETUP {"ACQUISITION_MODE":3,"TRIGGER_MODE":6,"READ_MODE":4,"PREAMP":0,"READOUT_RATE":0,"VERTICAL_SHIFT_SPEED":3,"EM_MODE":1,"EM_GAIN":2,"SHUTTER_MODE":2,"SHUTTER_TTL":0,"SHUTTER_OPENING_TIME":1,"SHUTTER_CLOSING_TIME":1,"VBIN":1,"HBIN":1,"INITIAL_LINE":1,"INITIAL_COLUMN":1,"FINAL_LINE":1024,"FINAL_COLUMN":1024,"FRAME_TRANSFER":true,"VERTICAL_CLOCK_VOLTAGE":0,"AD_CHANNEL":0}
10/26/2022 9:19 AM CommandAcquisChD  TX=WRITE_SETUP {"ACQUISITION_MODE":3,"TRIGGER_MODE":6,"READ_MODE":4,"PREAMP":0,"READOUT_RATE":0,"VERTICAL_SHIFT_SPEED":3,"EM_MODE":1,"EM_GAIN":2,"SHUTTER_MODE":2,"SHUTTER_TTL":0,"SHUTTER_OPENING_TIME":1,"SHUTTER_CLOSING_TIME":1,"VBIN":1,"HBIN":1,"INITIAL_LINE":1,"INITIAL_COLUMN":1,"FINAL_LINE":1024,"FINAL_COLUMN":1024,"FRAME_TRANSFER":true,"VERTICAL_CLOCK_VOLTAGE":0,"AD_CHANNEL":0}
10/26/2022 9:19 AM CommandAcquisChA  TX=READ_SETUP 
10/26/2022 9:19 AM CommandAcquisChB  TX=READ_SETUP 
10/26/2022 9:19 AM CommandAcquisChC  TX=READ_SETUP 
10/26/2022 9:19 AM CommandAcquisChD  TX=READ_SETUP 
10/26/2022 9:19 AM ResponseAcquisChA  RX={"PREAMP":0,"READOUT_RATE":0,"EM_GAIN":2,"VERTICAL_SHIFT_SPEED":3,"READ_MODE":4,"FRAME_TRANSFER":true,"VERTICAL_CLOCK_VOLTAGE":0,"ACQUISITION_MODE":3,"AD_CHANNEL":0,"EM_MODE":1,"SHUTTER_TTL":0,"SHUTTER_OPENING_TIME":1,"SHUTTER_CLOSING_TIME":1,"SHUTTER_MODE":2,"TRIGGER_MODE":6,"VBIN":1,"INITIAL_LINE":1,"INITIAL_COLUMN":1,"FINAL_LINE":1024,"FINAL_COLUMN":1024,"HBIN":1}
10/26/2022 9:19 AM ResponseAcquisChB  RX={"PREAMP":0,"READOUT_RATE":0,"EM_GAIN":2,"VERTICAL_SHIFT_SPEED":3,"READ_MODE":4,"FRAME_TRANSFER":true,"VERTICAL_CLOCK_VOLTAGE":0,"ACQUISITION_MODE":3,"AD_CHANNEL":0,"EM_MODE":1,"SHUTTER_TTL":0,"SHUTTER_OPENING_TIME":1,"SHUTTER_CLOSING_TIME":1,"SHUTTER_MODE":2,"TRIGGER_MODE":6,"VBIN":1,"INITIAL_LINE":1,"INITIAL_COLUMN":1,"FINAL_LINE":1024,"FINAL_COLUMN":1024,"HBIN":1}
10/26/2022 9:19 AM ResponseAcquisChC  RX={"PREAMP":0,"READOUT_RATE":0,"EM_GAIN":2,"VERTICAL_SHIFT_SPEED":3,"READ_MODE":4,"FRAME_TRANSFER":true,"VERTICAL_CLOCK_VOLTAGE":0,"ACQUISITION_MODE":3,"AD_CHANNEL":0,"EM_MODE":1,"SHUTTER_TTL":0,"SHUTTER_OPENING_TIME":1,"SHUTTER_CLOSING_TIME":1,"SHUTTER_MODE":2,"TRIGGER_MODE":6,"VBIN":1,"INITIAL_LINE":1,"INITIAL_COLUMN":1,"FINAL_LINE":1024,"FINAL_COLUMN":1024,"HBIN":1}
10/26/2022 9:19 AM ResponseAcquisChD  RX={"PREAMP":0,"READOUT_RATE":0,"EM_GAIN":2,"VERTICAL_SHIFT_SPEED":3,"READ_MODE":4,"FRAME_TRANSFER":true,"VERTICAL_CLOCK_VOLTAGE":0,"ACQUISITION_MODE":3,"AD_CHANNEL":0,"EM_MODE":1,"SHUTTER_TTL":0,"SHUTTER_OPENING_TIME":1,"SHUTTER_CLOSING_TIME":1,"SHUTTER_MODE":2,"TRIGGER_MODE":6,"VBIN":1,"INITIAL_LINE":1,"INITIAL_COLUMN":1,"FINAL_LINE":1024,"FINAL_COLUMN":1024,"HBIN":1}
10/26/2022 9:19 AM CommandAcquisChA  TX=SET TEMP -70
10/26/2022 9:19 AM CommandAcquisChB  TX=SET TEMP -70
10/26/2022 9:19 AM CommandAcquisChC  TX=SET TEMP -70
10/26/2022 9:19 AM CommandAcquisChD  TX=SET TEMP -70
10/26/2022 9:19 AM CommandAcquisChA  TX=SET COOLER_POWER_STATUS 1
10/26/2022 9:19 AM CommandAcquisChB  TX=SET COOLER_POWER_STATUS 1
10/26/2022 9:19 AM CommandAcquisChC  TX=SET COOLER_POWER_STATUS 1
10/26/2022 9:19 AM CommandAcquisChD  TX=SET COOLER_POWER_STATUS 1
10/26/2022 9:19 AM ResponseAcquisChA  RX=DONE
10/26/2022 9:19 AM ResponseAcquisChB  RX=DONE
10/26/2022 9:19 AM ResponseAcquisChC  RX=DONE
10/26/2022 9:19 AM ResponseAcquisChD  RX=DONE
10/26/2022 9:19 AM ResponseAcquisChA  RX=DONE
10/26/2022 9:19 AM CommandAcquisChA  TX=WRITE_SETUP {"ACQUISITION_MODE":3,"TRIGGER_MODE":0,"READ_MODE":4,"PREAMP":0,"READOUT_RATE":0,"VERTICAL_SHIFT_SPEED":3,"EM_MODE":1,"EM_GAIN":2,"SHUTTER_MODE":2,"SHUTTER_TTL":0,"SHUTTER_OPENING_TIME":1,"SHUTTER_CLOSING_TIME":1,"VBIN":1,"HBIN":1,"INITIAL_LINE":1,"INITIAL_COLUMN":1,"FINAL_LINE":1024,"FINAL_COLUMN":1024,"FRAME_TRANSFER":true,"VERTICAL_CLOCK_VOLTAGE":0,"AD_CHANNEL":0}
10/26/2022 9:19 AM CommandAcquisChB  TX=WRITE_SETUP {"ACQUISITION_MODE":3,"TRIGGER_MODE":0,"READ_MODE":4,"PREAMP":0,"READOUT_RATE":0,"VERTICAL_SHIFT_SPEED":3,"EM_MODE":1,"EM_GAIN":2,"SHUTTER_MODE":2,"SHUTTER_TTL":0,"SHUTTER_OPENING_TIME":1,"SHUTTER_CLOSING_TIME":1,"VBIN":1,"HBIN":1,"INITIAL_LINE":1,"INITIAL_COLUMN":1,"FINAL_LINE":1024,"FINAL_COLUMN":1024,"FRAME_TRANSFER":true,"VERTICAL_CLOCK_VOLTAGE":0,"AD_CHANNEL":0}
10/26/2022 9:19 AM CommandAcquisChC  TX=WRITE_SETUP {"ACQUISITION_MODE":3,"TRIGGER_MODE":0,"READ_MODE":4,"PREAMP":0,"READOUT_RATE":0,"VERTICAL_SHIFT_SPEED":3,"EM_MODE":1,"EM_GAIN":2,"SHUTTER_MODE":2,"SHUTTER_TTL":0,"SHUTTER_OPENING_TIME":1,"SHUTTER_CLOSING_TIME":1,"VBIN":1,"HBIN":1,"INITIAL_LINE":1,"INITIAL_COLUMN":1,"FINAL_LINE":1024,"FINAL_COLUMN":1024,"FRAME_TRANSFER":true,"VERTICAL_CLOCK_VOLTAGE":0,"AD_CHANNEL":0}
10/26/2022 9:19 AM CommandAcquisChD  TX=WRITE_SETUP {"ACQUISITION_MODE":3,"TRIGGER_MODE":0,"READ_MODE":4,"PREAMP":0,"READOUT_RATE":0,"VERTICAL_SHIFT_SPEED":3,"EM_MODE":1,"EM_GAIN":2,"SHUTTER_MODE":2,"SHUTTER_TTL":0,"SHUTTER_OPENING_TIME":1,"SHUTTER_CLOSING_TIME":1,"VBIN":1,"HBIN":1,"INITIAL_LINE":1,"INITIAL_COLUMN":1,"FINAL_LINE":1024,"FINAL_COLUMN":1024,"FRAME_TRANSFER":true,"VERTICAL_CLOCK_VOLTAGE":0,"AD_CHANNEL":0}
10/26/2022 9:19 AM CommandAcquisChA  TX=READ_SETUP 
10/26/2022 9:19 AM ResponseAcquisChA  RX={"PREAMP":0,"READOUT_RATE":0,"EM_GAIN":2,"VERTICAL_SHIFT_SPEED":3,"READ_MODE":4,"FRAME_TRANSFER":true,"VERTICAL_CLOCK_VOLTAGE":0,"ACQUISITION_MODE":3,"AD_CHANNEL":0,"EM_MODE":1,"SHUTTER_TTL":0,"SHUTTER_OPENING_TIME":1,"SHUTTER_CLOSING_TIME":1,"SHUTTER_MODE":2,"TRIGGER_MODE":0,"VBIN":1,"INITIAL_LINE":1,"INITIAL_COLUMN":1,"FINAL_LINE":1024,"FINAL_COLUMN":1024,"HBIN":1}
10/26/2022 9:19 AM CommandAcquisChA  TX=SET TEMP -70
10/26/2022 9:19 AM CommandAcquisChA  TX=SET COOLER_POWER_STATUS 1
10/26/2022 9:19 AM ResponseAcquisChA  RX=DONE
10/26/2022 9:19 AM CommandAcquisChB  TX=READ_SETUP 
10/26/2022 9:19 AM ResponseAcquisChB  RX={"PREAMP":0,"READOUT_RATE":0,"EM_GAIN":2,"VERTICAL_SHIFT_SPEED":3,"READ_MODE":4,"FRAME_TRANSFER":true,"VERTICAL_CLOCK_VOLTAGE":0,"ACQUISITION_MODE":3,"AD_CHANNEL":0,"EM_MODE":1,"SHUTTER_TTL":0,"SHUTTER_OPENING_TIME":1,"SHUTTER_CLOSING_TIME":1,"SHUTTER_MODE":2,"TRIGGER_MODE":0,"VBIN":1,"INITIAL_LINE":1,"INITIAL_COLUMN":1,"FINAL_LINE":1024,"FINAL_COLUMN":1024,"HBIN":1}
10/26/2022 9:19 AM CommandAcquisChB  TX=SET TEMP -70
10/26/2022 9:19 AM CommandAcquisChB  TX=SET COOLER_POWER_STATUS 1
10/26/2022 9:19 AM ResponseAcquisChB  RX=DONE
10/26/2022 9:19 AM CommandAcquisChC  TX=READ_SETUP 
10/26/2022 9:19 AM ResponseAcquisChC  RX={"PREAMP":0,"READOUT_RATE":0,"EM_GAIN":2,"VERTICAL_SHIFT_SPEED":3,"READ_MODE":4,"FRAME_TRANSFER":true,"VERTICAL_CLOCK_VOLTAGE":0,"ACQUISITION_MODE":3,"AD_CHANNEL":0,"EM_MODE":1,"SHUTTER_TTL":0,"SHUTTER_OPENING_TIME":1,"SHUTTER_CLOSING_TIME":1,"SHUTTER_MODE":2,"TRIGGER_MODE":0,"VBIN":1,"INITIAL_LINE":1,"INITIAL_COLUMN":1,"FINAL_LINE":1024,"FINAL_COLUMN":1024,"HBIN":1}
10/26/2022 9:19 AM CommandAcquisChC  TX=SET TEMP -70
10/26/2022 9:19 AM ResponseAcquisChC  RX=DONE
10/26/2022 9:19 AM CommandAcquisChC  TX=SET COOLER_POWER_STATUS 1
10/26/2022 9:19 AM ResponseAcquisChC  RX=DONE
10/26/2022 9:19 AM CommandAcquisChD  TX=READ_SETUP 
10/26/2022 9:19 AM ResponseAcquisChD  RX={"PREAMP":0,"READOUT_RATE":0,"EM_GAIN":2,"VERTICAL_SHIFT_SPEED":3,"READ_MODE":4,"FRAME_TRANSFER":true,"VERTICAL_CLOCK_VOLTAGE":0,"ACQUISITION_MODE":3,"AD_CHANNEL":0,"EM_MODE":1,"SHUTTER_TTL":0,"SHUTTER_OPENING_TIME":1,"SHUTTER_CLOSING_TIME":1,"SHUTTER_MODE":2,"TRIGGER_MODE":0,"VBIN":1,"INITIAL_LINE":1,"INITIAL_COLUMN":1,"FINAL_LINE":1024,"FINAL_COLUMN":1024,"HBIN":1}
10/26/2022 9:19 AM CommandAcquisChD  TX=SET TEMP -70
10/26/2022 9:19 AM ResponseAcquisChD  RX=DONE
10/26/2022 9:19 AM CommandAcquisChD  TX=SET COOLER_POWER_STATUS 1
10/26/2022 9:19 AM ResponseAcquisChD  RX=DONE
10/26/2022 9:19 AM CommandAcquisChA  TX=SET EXPTIME 0.000010
10/26/2022 9:19 AM ResponseAcquisChA  RX=DONE
10/26/2022 9:19 AM CommandAcquisChA  TX=SET #FRAMES 10.000000
10/26/2022 9:19 AM ResponseAcquisChA  RX=DONE
10/26/2022 9:19 AM CommandAcquisChA  TX=SET #CUBES 1.0000 
10/26/2022 9:19 AM ResponseAcquisChA  RX=DONE
10/26/2022 9:19 AM CommandAcquisChA  TX=SET SUFFIX DARK
10/26/2022 9:19 AM ResponseAcquisChA  RX=DONE
10/26/2022 9:19 AM CommandAcquisChA  TX=SET OBSTYPE DARK
10/26/2022 9:19 AM ResponseAcquisChA  RX=DONE
10/26/2022 9:19 AM CommandAcquisChB  TX=SET EXPTIME 0.000010
10/26/2022 9:19 AM ResponseAcquisChB  RX=DONE
10/26/2022 9:19 AM CommandAcquisChB  TX=SET #FRAMES 10.000000
10/26/2022 9:19 AM ResponseAcquisChB  RX=DONE
10/26/2022 9:19 AM CommandAcquisChB  TX=SET #CUBES 1.0000 
10/26/2022 9:19 AM CommandAcquisChB  TX=SET SUFFIX DARK
10/26/2022 9:19 AM ResponseAcquisChB  RX=DONE
10/26/2022 9:19 AM CommandAcquisChB  TX=SET OBSTYPE DARK
10/26/2022 9:19 AM ResponseAcquisChB  RX=DONE
10/26/2022 9:19 AM ResponseAcquisChB  RX=DONE
10/26/2022 9:19 AM CommandAcquisChC  TX=SET EXPTIME 0.000010
10/26/2022 9:19 AM ResponseAcquisChC  RX=DONE
10/26/2022 9:19 AM CommandAcquisChC  TX=SET #FRAMES 10.000000
10/26/2022 9:19 AM ResponseAcquisChC  RX=DONE
10/26/2022 9:19 AM CommandAcquisChC  TX=SET #CUBES 1.0000 
10/26/2022 9:19 AM ResponseAcquisChC  RX=DONE
10/26/2022 9:19 AM CommandAcquisChC  TX=SET SUFFIX DARK
10/26/2022 9:19 AM CommandAcquisChC  TX=SET OBSTYPE DARK
10/26/2022 9:19 AM ResponseAcquisChC  RX=DONE
10/26/2022 9:19 AM ResponseAcquisChC  RX=DONE
10/26/2022 9:19 AM CommandAcquisChD  TX=SET EXPTIME 0.000010
10/26/2022 9:19 AM ResponseAcquisChD  RX=DONE
10/26/2022 9:19 AM CommandAcquisChD  TX=SET #FRAMES 10.000000
10/26/2022 9:20 AM ResponseAcquisChD  RX=DONE
10/26/2022 9:20 AM CommandAcquisChD  TX=SET #CUBES 1.0000 
10/26/2022 9:20 AM CommandAcquisChD  TX=SET SUFFIX DARK
10/26/2022 9:20 AM ResponseAcquisChD  RX=DONE
10/26/2022 9:20 AM ResponseAcquisChD  RX=DONE
10/26/2022 9:20 AM CommandAcquisChD  TX=SET OBSTYPE DARK
10/26/2022 9:20 AM ResponseAcquisChD  RX=DONE
10/26/2022 9:20 AM CommandAcquisChA  TX=EXPOSE
10/26/2022 9:20 AM CommandAcquisChB  TX=EXPOSE
10/26/2022 9:20 AM CommandAcquisChC  TX=EXPOSE
10/26/2022 9:20 AM CommandAcquisChD  TX=EXPOSE
10/26/2022 9:20 AM ResponseAcquisChB  RX=RETURNING_STATUS {"CUBE_EXPOSURE_TIME":0,"CUBES_DONE":1,"LAST_IMAGE_NAME":"20221026_s4c2_DARK_000052.fits","DISK_SPACE":0,"FRAMES_DONE":10,"CCD_STATUS":"IDLE","CURRENT_TEMPERATURE":-71,"TEMPERATURE_STATUS":"TEMPERATURE_NOT_STABILIZED","FRAME_EXPOSURE_TIME":0,"CCD_POWER_STATUS":true,"SERIAL_NUMBER":9915,"ACQUIRING":false}
10/26/2022 9:20 AM ResponseAcquisChD  RX=RETURNING_STATUS {"CUBE_EXPOSURE_TIME":9.9999997473787516356e-05,"CUBES_DONE":1,"LAST_IMAGE_NAME":"20221026_s4c4_DARK_000054.fits","DISK_SPACE":0,"FRAMES_DONE":10,"CCD_STATUS":"IDLE","CURRENT_TEMPERATURE":-74,"TEMPERATURE_STATUS":"TEMPERATURE_NOT_REACHED","FRAME_EXPOSURE_TIME":0,"CCD_POWER_STATUS":true,"SERIAL_NUMBER":9917,"ACQUIRING":false}
