8/22/2022 4:39 PM CommandAcquisChA  TX=WRITE_SETUP {"ACQUISITION_MODE":3,"TRIGGER_MODE":6,"READ_MODE":4,"PREAMP":0,"READOUT_RATE":0,"VERTICAL_SHIFT_SPEED":3,"EM_MODE":1,"EM_GAIN":2,"SHUTTER_MODE":2,"SHUTTER_TTL":0,"SHUTTER_OPENING_TIME":1,"SHUTTER_CLOSING_TIME":1,"VBIN":1,"HBIN":1,"INITIAL_LINE":1,"INITIAL_COLUMN":1,"FINAL_LINE":1024,"FINAL_COLUMN":1024,"FRAME_TRANSFER":true,"VERTICAL_CLOCK_VOLTAGE":0,"AD_CHANNEL":0}
8/22/2022 4:39 PM CommandAcquisChB  TX=WRITE_SETUP {"ACQUISITION_MODE":3,"TRIGGER_MODE":1,"READ_MODE":0,"PREAMP":0,"READOUT_RATE":0,"VERTICAL_SHIFT_SPEED":0,"EM_MODE":1,"EM_GAIN":2,"SHUTTER_MODE":2,"SHUTTER_TTL":0,"SHUTTER_OPENING_TIME":1,"SHUTTER_CLOSING_TIME":1,"VBIN":1,"HBIN":1,"INITIAL_LINE":1,"INITIAL_COLUMN":1,"FINAL_LINE":1024,"FINAL_COLUMN":1024,"FRAME_TRANSFER":true,"VERTICAL_CLOCK_VOLTAGE":0,"AD_CHANNEL":0}
8/22/2022 4:39 PM CommandAcquisChC  TX=WRITE_SETUP {"ACQUISITION_MODE":3,"TRIGGER_MODE":1,"READ_MODE":0,"PREAMP":0,"READOUT_RATE":0,"VERTICAL_SHIFT_SPEED":0,"EM_MODE":1,"EM_GAIN":2,"SHUTTER_MODE":2,"SHUTTER_TTL":0,"SHUTTER_OPENING_TIME":1,"SHUTTER_CLOSING_TIME":1,"VBIN":1,"HBIN":1,"INITIAL_LINE":1,"INITIAL_COLUMN":1,"FINAL_LINE":1024,"FINAL_COLUMN":1024,"FRAME_TRANSFER":true,"VERTICAL_CLOCK_VOLTAGE":0,"AD_CHANNEL":0}
8/22/2022 4:39 PM CommandAcquisChD  TX=WRITE_SETUP {"ACQUISITION_MODE":3,"TRIGGER_MODE":0,"READ_MODE":0,"PREAMP":0,"READOUT_RATE":0,"VERTICAL_SHIFT_SPEED":3,"EM_MODE":1,"EM_GAIN":2,"SHUTTER_MODE":2,"SHUTTER_TTL":0,"SHUTTER_OPENING_TIME":1,"SHUTTER_CLOSING_TIME":1,"VBIN":1,"HBIN":1,"INITIAL_LINE":1,"INITIAL_COLUMN":1,"FINAL_LINE":1024,"FINAL_COLUMN":1024,"FRAME_TRANSFER":true,"VERTICAL_CLOCK_VOLTAGE":0,"AD_CHANNEL":0}
8/22/2022 4:39 PM CommandSyncBox  TX=ADELAY 0m

8/22/2022 4:39 PM ResponseSyncBox  RX=OK

8/22/2022 4:39 PM CommandSyncBox  TX=BDELAY 0m

8/22/2022 4:39 PM ResponseSyncBox  RX=OK

8/22/2022 4:39 PM CommandSyncBox  TX=CDELAY 0m

8/22/2022 4:39 PM ResponseSyncBox  RX=OK

8/22/2022 4:39 PM CommandSyncBox  TX=DDELAY 0m

8/22/2022 4:39 PM ResponseSyncBox  RX=OK

8/22/2022 4:39 PM CommandSyncBox  TX=AWIDTH 200m

8/22/2022 4:39 PM ResponseSyncBox  RX=OK

8/22/2022 4:39 PM CommandSyncBox  TX=BWIDTH 200m

8/22/2022 4:39 PM ResponseSyncBox  RX=OK

8/22/2022 4:39 PM CommandSyncBox  TX=CWIDTH 200m

8/22/2022 4:39 PM ResponseSyncBox  RX=OK

8/22/2022 4:39 PM CommandSyncBox  TX=DWIDTH 200m

8/22/2022 4:39 PM ResponseSyncBox  RX=OK

8/22/2022 4:39 PM CommandSyncBox  TX=aset on

8/22/2022 4:39 PM ResponseSyncBox  RX=OK

8/22/2022 4:39 PM CommandSyncBox  TX=bset on

8/22/2022 4:39 PM ResponseSyncBox  RX=OK

8/22/2022 4:39 PM CommandSyncBox  TX=cset on

8/22/2022 4:39 PM ResponseSyncBox  RX=OK

8/22/2022 4:39 PM CommandSyncBox  TX=dset on

8/22/2022 4:39 PM ResponseSyncBox  RX=OK

8/22/2022 4:39 PM CommandSyncBox  TX=IN

8/22/2022 4:39 PM ResponseSyncBox  RX=OK

8/22/2022 4:39 PM CommandAcquisChA  TX=READ_SETUP 
8/22/2022 4:39 PM CommandAcquisChB  TX=READ_SETUP 
8/22/2022 4:39 PM CommandAcquisChC  TX=READ_SETUP 
8/22/2022 4:39 PM CommandAcquisChD  TX=READ_SETUP 
8/22/2022 4:39 PM ResponseAcquisChD  RX=CCD_SETUP {"PREAMP":0,"READOUT_RATE":0,"EM_GAIN":2,"VBIN":1,"INITIAL_LINE":1,"INITIAL_COLUMN":1,"FINAL_LINE":1024,"FINAL_COLUMN":1024,"TRIGGER_MODE":0,"HBIN":1,"SHUTTER_TTL":0,"SHUTTER_MODE":2,"SHUTTER_OPENING_TIME":1,"SHUTTER_CLOSING_TIME":1,"VERTICAL_SHIFT_SPEED":3,"READ_MODE":0,"FRAME_TRANSFER":true,"VERTICAL_CLOCK_VOLTAGE":0,"ACQUISITION_MODE":3,"AD_CHANNEL":0,"EM_MODE":1}
8/22/2022 4:39 PM CommandAcquisChD  TX=SET COOLER_POWER_STATUS 0
8/22/2022 4:39 PM ResponseAcquisChD  RX=DONE
8/22/2022 4:40 PM CommandAcquisChA  TX=SET COOLER_POWER_STATUS 0
8/22/2022 4:40 PM CommandAcquisChB  TX=SET COOLER_POWER_STATUS 0
8/22/2022 4:40 PM CommandAcquisChC  TX=SET COOLER_POWER_STATUS 0
8/22/2022 4:46 PM CommandAcquisChD  TX=SET EXPTIME 0.500000
8/22/2022 4:46 PM ResponseAcquisChD  RX=DONE
8/22/2022 4:46 PM CommandAcquisChD  TX=SET #FRAMES 5.000000
8/22/2022 4:46 PM CommandAcquisChD  TX=SET #CUBES 1.0000 
8/22/2022 4:46 PM ResponseAcquisChD  RX=DONE
8/22/2022 4:46 PM CommandAcquisChD  TX=SET SUFFIX DARK
8/22/2022 4:46 PM ResponseAcquisChD  RX=DONE
8/22/2022 4:46 PM CommandAcquisChD  TX=SET OBSTYPE DARK
8/22/2022 4:46 PM ResponseAcquisChD  RX=DONE
8/22/2022 4:46 PM ResponseAcquisChD  RX=DONE
8/22/2022 4:46 PM CommandSyncBox  TX=ADELAY 0m

8/22/2022 4:46 PM ResponseSyncBox  RX=OK

8/22/2022 4:46 PM CommandSyncBox  TX=BDELAY 0m

8/22/2022 4:46 PM ResponseSyncBox  RX=OK

8/22/2022 4:46 PM CommandSyncBox  TX=CDELAY 0m

8/22/2022 4:46 PM ResponseSyncBox  RX=OK

8/22/2022 4:46 PM CommandSyncBox  TX=DDELAY 0m

8/22/2022 4:46 PM ResponseSyncBox  RX=OK

8/22/2022 4:46 PM CommandSyncBox  TX=AWIDTH 200m

8/22/2022 4:46 PM ResponseSyncBox  RX=OK

8/22/2022 4:46 PM CommandSyncBox  TX=BWIDTH 200m

8/22/2022 4:46 PM ResponseSyncBox  RX=OK

8/22/2022 4:46 PM CommandSyncBox  TX=CWIDTH 200m

8/22/2022 4:46 PM ResponseSyncBox  RX=OK

8/22/2022 4:46 PM CommandSyncBox  TX=DWIDTH 200m

8/22/2022 4:46 PM ResponseSyncBox  RX=OK

8/22/2022 4:46 PM CommandSyncBox  TX=aset on

8/22/2022 4:46 PM ResponseSyncBox  RX=OK

8/22/2022 4:46 PM CommandSyncBox  TX=bset on

8/22/2022 4:46 PM ResponseSyncBox  RX=OK

8/22/2022 4:46 PM CommandSyncBox  TX=cset on

8/22/2022 4:46 PM ResponseSyncBox  RX=OK

8/22/2022 4:46 PM CommandSyncBox  TX=dset on

8/22/2022 4:46 PM ResponseSyncBox  RX=OK

8/22/2022 4:46 PM CommandSyncBox  TX=IN

8/22/2022 4:46 PM ResponseSyncBox  RX=OK

8/22/2022 4:46 PM CommandAcquisChD  TX=EXPOSE
8/22/2022 4:47 PM CommandSyncBox  TX=FIre

8/22/2022 4:47 PM ResponseSyncBox  RX=

     Highland Technology  Model T560  Digital Delay Generator

Firmware 28E560-D  02407                Cal date July 19, 2018      

Trig   REM  50R  Level 1.250   Div   0,000,000,000  SYN 00,010,000.00
Gate   OFF  POS  HIZ           Shots 0,000,000,240
Burst  OFF  N  0,000,000,016   of M  0,000,000,064

Verbos ON   Autoinstall FEOD   Usec 1,843,970,922  DPLL 00006
Clock  OUT  Trim 02166         Temp +49.1

Errs   None

Ch A  POS  ON     Dly  00.000,000,000,000  Wid  00.200,000,000,000
Ch B  POS  ON     Dly  00.000,000,000,000  Wid  00.200,000,000,000
Ch C  POS  ON     Dly  00.000,000,000,000  Wid  00.200,000,000,000
Ch D  POS  ON     Dly  00.000,000,000,000  Wid  00.200,000,000,000



8/22/2022 4:47 PM ResponseSyncBox  RX=OK

8/22/2022 4:47 PM CommandSyncBox  TX=TRigger REmote

8/22/2022 4:47 PM ResponseSyncBox  RX=

     Highland Technology  Model T560  Digital Delay Generator

Firmware 28E560-D  02407                Cal date July 19, 2018      

Trig   REM  50R  Level 1.250   Div   0,000,000,000  SYN 00,010,000.00
Gate   OFF  POS  HIZ           Shots 0,000,000,241
Burst  OFF  N  0,000,000,016   of M  0,000,000,064

Verbos ON   Autoinstall FEOD   Usec 1,850,163,870  DPLL 00006
Clock  OUT  Trim 02166         Temp +49.1

Errs   None

Ch A  POS  ON     Dly  00.000,000,000,000  Wid  00.200,000,000,000
Ch B  POS  ON     Dly  00.000,000,000,000  Wid  00.200,000,000,000
Ch C  POS  ON     Dly  00.000,000,000,000  Wid  00.200,000,000,000
Ch D  POS  ON     Dly  00.000,000,000,000  Wid  00.200,000,000,000



8/22/2022 4:47 PM ResponseSyncBox  RX=OK

8/22/2022 4:47 PM CommandSyncBox  TX=IN

8/22/2022 4:47 PM ResponseSyncBox  RX=OK

8/22/2022 4:47 PM CommandSyncBox  TX=TRigger

8/22/2022 4:47 PM ResponseSyncBox  RX=Trig   REM  50R  Level 1.250   Div   0,000,000,000  SYN 00,010,000.00

8/22/2022 4:47 PM CommandSyncBox  TX=FIre

8/22/2022 4:47 PM ResponseSyncBox  RX=OK

8/22/2022 4:48 PM CommandAcquisChD  TX=SET EXPTIME 0.500000
8/22/2022 4:48 PM ResponseAcquisChD  RX=RETURNING_STATUS {"CUBE_EXPOSURE_TIME":0,"CUBES_DONE":0,"LAST_IMAGE_NAME":"","DISK_SPACE":0,"FRAMES_DONE":0,"CCD_STATUS":"IDLE","CURRENT_TEMPERATURE":19,"TEMPERATURE_STATUS":"TEMPERATURE_OFF","FRAME_EXPOSURE_TIME":0,"CCD_POWER_STATUS":true,"SERIAL_NUMBER":9915,"ACQUIRING":false}
8/22/2022 4:48 PM ResponseAcquisChD  RX=DONE
8/22/2022 4:48 PM CommandAcquisChD  TX=SET #FRAMES 5.000000
8/22/2022 4:48 PM CommandAcquisChD  TX=SET #CUBES 1.0000 
8/22/2022 4:48 PM ResponseAcquisChD  RX=DONE
8/22/2022 4:48 PM CommandAcquisChD  TX=SET SUFFIX DARK
8/22/2022 4:48 PM ResponseAcquisChD  RX=DONE
8/22/2022 4:48 PM CommandAcquisChD  TX=SET OBSTYPE DARK
8/22/2022 4:48 PM ResponseAcquisChD  RX=DONE
8/22/2022 4:48 PM ResponseAcquisChD  RX=DONE
8/22/2022 4:48 PM CommandSyncBox  TX=ADELAY 0m

8/22/2022 4:48 PM ResponseSyncBox  RX=

     Highland Technology  Model T560  Digital Delay Generator

Firmware 28E560-D  02407                Cal date July 19, 2018      

Trig   REM  50R  Level 1.250   Div   0,000,000,000  SYN 00,010,000.00
Gate   OFF  POS  HIZ           Shots 0,000,000,242
Burst  OFF  N  0,000,000,016   of M  0,000,000,064

Verbos ON   Autoinstall FEOD   Usec 1,909,768,605  DPLL 00006
Clock  OUT  Trim 02166         Temp +49.2

Errs   None

Ch A  POS  ON     Dly  00.000,000,000,000  Wid  00.200,000,000,000
Ch B  POS  ON     Dly  00.000,000,000,000  Wid  00.200,000,000,000
Ch C  POS  ON     Dly  00.000,000,000,000  Wid  00.200,000,000,000
Ch D  POS  ON     Dly  00.000,000,000,000  Wid  00.200,000,000,000



8/22/2022 4:48 PM ResponseSyncBox  RX=OK

8/22/2022 4:48 PM CommandSyncBox  TX=BDELAY 0m

8/22/2022 4:48 PM ResponseSyncBox  RX=OK

8/22/2022 4:48 PM CommandSyncBox  TX=CDELAY 0m

8/22/2022 4:48 PM ResponseSyncBox  RX=OK

8/22/2022 4:48 PM CommandSyncBox  TX=DDELAY 0m

8/22/2022 4:48 PM ResponseSyncBox  RX=OK

8/22/2022 4:48 PM CommandSyncBox  TX=AWIDTH 200m

8/22/2022 4:48 PM ResponseSyncBox  RX=OK

8/22/2022 4:48 PM CommandSyncBox  TX=BWIDTH 200m

8/22/2022 4:48 PM ResponseSyncBox  RX=OK

8/22/2022 4:48 PM CommandSyncBox  TX=CWIDTH 200m

8/22/2022 4:48 PM ResponseSyncBox  RX=OK

8/22/2022 4:48 PM CommandSyncBox  TX=DWIDTH 200m

8/22/2022 4:48 PM ResponseSyncBox  RX=OK

8/22/2022 4:48 PM CommandSyncBox  TX=aset on

8/22/2022 4:48 PM ResponseSyncBox  RX=OK

8/22/2022 4:48 PM CommandSyncBox  TX=bset on

8/22/2022 4:48 PM ResponseSyncBox  RX=OK

8/22/2022 4:48 PM CommandSyncBox  TX=cset on

8/22/2022 4:48 PM ResponseSyncBox  RX=OK

8/22/2022 4:48 PM CommandSyncBox  TX=dset on

8/22/2022 4:48 PM ResponseSyncBox  RX=OK

8/22/2022 4:48 PM CommandSyncBox  TX=IN

8/22/2022 4:48 PM ResponseSyncBox  RX=OK

8/22/2022 4:48 PM CommandAcquisChD  TX=EXPOSE
8/22/2022 4:48 PM CommandSyncBox  TX=TRigger REmote

8/22/2022 4:48 PM ResponseSyncBox  RX=OK

8/22/2022 4:48 PM CommandSyncBox  TX=IN

8/22/2022 4:48 PM ResponseSyncBox  RX=OK

8/22/2022 4:48 PM CommandSyncBox  TX=TRigger

8/22/2022 4:48 PM ResponseSyncBox  RX=Trig   REM  50R  Level 1.250   Div   0,000,000,000  SYN 00,010,000.00

8/22/2022 4:48 PM CommandSyncBox  TX=FIre

8/22/2022 4:48 PM ResponseSyncBox  RX=OK

8/22/2022 4:48 PM CommandAcquisChD  TX=SET EXPTIME 0.500000
8/22/2022 4:48 PM ResponseAcquisChD  RX=DONE
8/22/2022 4:48 PM CommandAcquisChD  TX=SET #FRAMES 5.000000
8/22/2022 4:48 PM CommandAcquisChD  TX=SET #CUBES 1.0000 
8/22/2022 4:48 PM ResponseAcquisChD  RX=DONE
8/22/2022 4:48 PM CommandAcquisChD  TX=SET SUFFIX DARK
8/22/2022 4:48 PM ResponseAcquisChD  RX=DONE
8/22/2022 4:48 PM CommandAcquisChD  TX=SET OBSTYPE DARK
8/22/2022 4:48 PM ResponseAcquisChD  RX=DONE
8/22/2022 4:48 PM ResponseAcquisChD  RX=DONE
8/22/2022 4:48 PM CommandSyncBox  TX=ADELAY 0m

8/22/2022 4:48 PM ResponseSyncBox  RX=OK

8/22/2022 4:48 PM CommandSyncBox  TX=BDELAY 0m

8/22/2022 4:48 PM ResponseSyncBox  RX=OK

8/22/2022 4:48 PM CommandSyncBox  TX=CDELAY 0m

8/22/2022 4:48 PM ResponseSyncBox  RX=OK

8/22/2022 4:48 PM CommandSyncBox  TX=DDELAY 0m

8/22/2022 4:48 PM ResponseSyncBox  RX=OK

8/22/2022 4:48 PM CommandSyncBox  TX=AWIDTH 200m

8/22/2022 4:48 PM ResponseSyncBox  RX=OK

8/22/2022 4:48 PM CommandSyncBox  TX=BWIDTH 200m

8/22/2022 4:48 PM ResponseSyncBox  RX=OK

8/22/2022 4:48 PM CommandSyncBox  TX=CWIDTH 200m

8/22/2022 4:48 PM ResponseSyncBox  RX=OK

8/22/2022 4:48 PM CommandSyncBox  TX=DWIDTH 200m

8/22/2022 4:48 PM ResponseSyncBox  RX=OK

8/22/2022 4:48 PM CommandSyncBox  TX=aset on

8/22/2022 4:48 PM ResponseSyncBox  RX=OK

8/22/2022 4:48 PM CommandSyncBox  TX=bset on

8/22/2022 4:48 PM ResponseSyncBox  RX=OK

8/22/2022 4:48 PM CommandSyncBox  TX=cset on

8/22/2022 4:48 PM ResponseSyncBox  RX=OK

8/22/2022 4:48 PM CommandSyncBox  TX=dset on

8/22/2022 4:48 PM ResponseSyncBox  RX=OK

8/22/2022 4:48 PM CommandSyncBox  TX=IN

8/22/2022 4:48 PM ResponseSyncBox  RX=OK

8/22/2022 4:48 PM CommandAcquisChD  TX=EXPOSE
8/22/2022 4:48 PM CommandSyncBox  TX=TRigger REmote

8/22/2022 4:48 PM ResponseSyncBox  RX=OK

8/22/2022 4:48 PM CommandSyncBox  TX=IN

8/22/2022 4:48 PM ResponseSyncBox  RX=OK

8/22/2022 4:48 PM CommandSyncBox  TX=TRigger

8/22/2022 4:48 PM ResponseSyncBox  RX=Trig   REM  50R  Level 1.250   Div   0,000,000,000  SYN 00,010,000.00

8/22/2022 4:48 PM CommandSyncBox  TX=FIre

8/22/2022 4:48 PM ResponseSyncBox  RX=OK

8/22/2022 4:48 PM CommandSyncBox  TX=FIre

8/22/2022 4:48 PM ResponseSyncBox  RX=OK

8/22/2022 4:48 PM CommandAcquisChD  TX=SET EXPTIME 0.500000
8/22/2022 4:48 PM ResponseAcquisChD  RX=DONE
8/22/2022 4:48 PM CommandAcquisChD  TX=SET #FRAMES 1.000000
8/22/2022 4:48 PM CommandAcquisChD  TX=SET #CUBES 1.0000 
8/22/2022 4:48 PM ResponseAcquisChD  RX=DONE
8/22/2022 4:48 PM CommandAcquisChD  TX=SET SUFFIX DARK
8/22/2022 4:48 PM ResponseAcquisChD  RX=DONE
8/22/2022 4:48 PM CommandAcquisChD  TX=SET OBSTYPE DARK
8/22/2022 4:48 PM ResponseAcquisChD  RX=DONE
8/22/2022 4:48 PM ResponseAcquisChD  RX=DONE
8/22/2022 4:48 PM CommandSyncBox  TX=ADELAY 0m

8/22/2022 4:48 PM ResponseSyncBox  RX=

     Highland Technology  Model T560  Digital Delay Generator

Firmware 28E560-D  02407                Cal date July 19, 2018      

Trig   REM  50R  Level 1.250   Div   0,000,000,000  SYN 00,010,000.00
Gate   OFF  POS  HIZ           Shots 0,000,000,245
Burst  OFF  N  0,000,000,016   of M  0,000,000,064

Verbos ON   Autoinstall FEOD   Usec 1,944,772,176  DPLL 00006
Clock  OUT  Trim 02166         Temp +49.1

Errs   None

Ch A  POS  ON     Dly  00.000,000,000,000  Wid  00.200,000,000,000
Ch B  POS  ON     Dly  00.000,000,000,000  Wid  00.200,000,000,000
Ch C  POS  ON     Dly  00.000,000,000,000  Wid  00.200,000,000,000
Ch D  POS  ON     Dly  00.000,000,000,000  Wid  00.200,000,000,000



8/22/2022 4:48 PM ResponseSyncBox  RX=OK

8/22/2022 4:48 PM CommandSyncBox  TX=BDELAY 0m

8/22/2022 4:48 PM ResponseSyncBox  RX=OK

8/22/2022 4:48 PM CommandSyncBox  TX=CDELAY 0m

8/22/2022 4:48 PM ResponseSyncBox  RX=OK

8/22/2022 4:48 PM CommandSyncBox  TX=DDELAY 0m

8/22/2022 4:48 PM ResponseSyncBox  RX=OK

8/22/2022 4:48 PM CommandSyncBox  TX=AWIDTH 200m

8/22/2022 4:48 PM ResponseSyncBox  RX=OK

8/22/2022 4:48 PM CommandSyncBox  TX=BWIDTH 200m

8/22/2022 4:48 PM ResponseSyncBox  RX=OK

8/22/2022 4:48 PM CommandSyncBox  TX=CWIDTH 200m

8/22/2022 4:48 PM ResponseSyncBox  RX=OK

8/22/2022 4:48 PM CommandSyncBox  TX=DWIDTH 200m

8/22/2022 4:48 PM ResponseSyncBox  RX=OK

8/22/2022 4:48 PM CommandSyncBox  TX=aset on

8/22/2022 4:48 PM ResponseSyncBox  RX=OK

8/22/2022 4:48 PM CommandSyncBox  TX=bset on

8/22/2022 4:48 PM ResponseSyncBox  RX=OK

8/22/2022 4:48 PM CommandSyncBox  TX=cset on

8/22/2022 4:48 PM ResponseSyncBox  RX=OK

8/22/2022 4:48 PM CommandSyncBox  TX=dset on

8/22/2022 4:48 PM ResponseSyncBox  RX=OK

8/22/2022 4:48 PM CommandSyncBox  TX=IN

8/22/2022 4:48 PM ResponseSyncBox  RX=OK

8/22/2022 4:48 PM CommandAcquisChD  TX=EXPOSE
8/22/2022 4:48 PM CommandSyncBox  TX=TRigger REmote

8/22/2022 4:48 PM ResponseSyncBox  RX=OK

8/22/2022 4:48 PM CommandSyncBox  TX=IN

8/22/2022 4:48 PM ResponseSyncBox  RX=OK

8/22/2022 4:48 PM CommandSyncBox  TX=TRigger

8/22/2022 4:48 PM ResponseSyncBox  RX=Trig   REM  50R  Level 1.250   Div   0,000,000,000  SYN 00,010,000.00

8/22/2022 4:48 PM CommandSyncBox  TX=FIre

8/22/2022 4:48 PM ResponseSyncBox  RX=OK

8/22/2022 4:48 PM CommandAcquisChD  TX=SET EXPTIME 0.500000
8/22/2022 4:48 PM ResponseAcquisChD  RX=RETURNING_STATUS {"CUBE_EXPOSURE_TIME":0.5,"CUBES_DONE":1,"LAST_IMAGE_NAME":"20220822_s4c4_DARK_000002.fits","DISK_SPACE":0,"FRAMES_DONE":1,"CCD_STATUS":"IDLE","CURRENT_TEMPERATURE":20,"TEMPERATURE_STATUS":"TEMPERATURE_OFF","FRAME_EXPOSURE_TIME":0,"CCD_POWER_STATUS":true,"SERIAL_NUMBER":9915,"ACQUIRING":false}
8/22/2022 4:48 PM ResponseAcquisChD  RX=DONE
8/22/2022 4:48 PM CommandAcquisChD  TX=SET #FRAMES 2.000000
8/22/2022 4:48 PM CommandAcquisChD  TX=SET #CUBES 1.0000 
8/22/2022 4:48 PM ResponseAcquisChD  RX=DONE
8/22/2022 4:48 PM CommandAcquisChD  TX=SET SUFFIX DARK
8/22/2022 4:48 PM ResponseAcquisChD  RX=DONE
8/22/2022 4:48 PM CommandAcquisChD  TX=SET OBSTYPE DARK
8/22/2022 4:48 PM ResponseAcquisChD  RX=DONE
8/22/2022 4:48 PM ResponseAcquisChD  RX=DONE
8/22/2022 4:48 PM CommandSyncBox  TX=ADELAY 0m

8/22/2022 4:48 PM ResponseSyncBox  RX=OK

8/22/2022 4:48 PM CommandSyncBox  TX=BDELAY 0m

8/22/2022 4:48 PM ResponseSyncBox  RX=OK

8/22/2022 4:48 PM CommandSyncBox  TX=CDELAY 0m

8/22/2022 4:48 PM ResponseSyncBox  RX=OK

8/22/2022 4:48 PM CommandSyncBox  TX=DDELAY 0m

8/22/2022 4:48 PM ResponseSyncBox  RX=OK

8/22/2022 4:48 PM CommandSyncBox  TX=AWIDTH 200m

8/22/2022 4:48 PM ResponseSyncBox  RX=OK

8/22/2022 4:48 PM CommandSyncBox  TX=BWIDTH 200m

8/22/2022 4:48 PM ResponseSyncBox  RX=OK

8/22/2022 4:48 PM CommandSyncBox  TX=CWIDTH 200m

8/22/2022 4:48 PM ResponseSyncBox  RX=OK

8/22/2022 4:48 PM CommandSyncBox  TX=DWIDTH 200m

8/22/2022 4:48 PM ResponseSyncBox  RX=OK

8/22/2022 4:48 PM CommandSyncBox  TX=aset on

8/22/2022 4:48 PM ResponseSyncBox  RX=OK

8/22/2022 4:48 PM CommandSyncBox  TX=bset on

8/22/2022 4:49 PM ResponseSyncBox  RX=OK

8/22/2022 4:49 PM CommandSyncBox  TX=cset on

8/22/2022 4:49 PM ResponseSyncBox  RX=OK

8/22/2022 4:49 PM CommandSyncBox  TX=dset on

8/22/2022 4:49 PM ResponseSyncBox  RX=OK

8/22/2022 4:49 PM CommandSyncBox  TX=IN

8/22/2022 4:49 PM ResponseSyncBox  RX=OK

8/22/2022 4:49 PM CommandAcquisChD  TX=EXPOSE
8/22/2022 4:49 PM CommandSyncBox  TX=TRigger REmote

8/22/2022 4:49 PM ResponseSyncBox  RX=

     Highland Technology  Model T560  Digital Delay Generator

Firmware 28E560-D  02407                Cal date July 19, 2018      

Trig   REM  50R  Level 1.250   Div   0,000,000,000  SYN 00,010,000.00
Gate   OFF  POS  HIZ           Shots 0,000,000,246
Burst  OFF  N  0,000,000,016   of M  0,000,000,064

Verbos ON   Autoinstall FEOD   Usec 1,958,557,443  DPLL 00006
Clock  OUT  Trim 02166         Temp +49.1

Errs   None

Ch A  POS  ON     Dly  00.000,000,000,000  Wid  00.200,000,000,000
Ch B  POS  ON     Dly  00.000,000,000,000  Wid  00.200,000,000,000
Ch C  POS  ON     Dly  00.000,000,000,000  Wid  00.200,000,000,000
Ch D  POS  ON     Dly  00.000,000,000,000  Wid  00.200,000,000,000



8/22/2022 4:49 PM ResponseSyncBox  RX=OK

8/22/2022 4:49 PM CommandSyncBox  TX=IN

8/22/2022 4:49 PM ResponseSyncBox  RX=OK

8/22/2022 4:49 PM CommandSyncBox  TX=TRigger

8/22/2022 4:49 PM ResponseSyncBox  RX=Trig   REM  50R  Level 1.250   Div   0,000,000,000  SYN 00,010,000.00

8/22/2022 4:49 PM CommandSyncBox  TX=FIre

8/22/2022 4:49 PM ResponseSyncBox  RX=OK

8/22/2022 4:49 PM CommandAcquisChD  TX=WRITE_SETUP {"ACQUISITION_MODE":3,"TRIGGER_MODE":0,"READ_MODE":0,"PREAMP":0,"READOUT_RATE":0,"VERTICAL_SHIFT_SPEED":3,"EM_MODE":1,"EM_GAIN":2,"SHUTTER_MODE":2,"SHUTTER_TTL":0,"SHUTTER_OPENING_TIME":1,"SHUTTER_CLOSING_TIME":1,"VBIN":1,"HBIN":1,"INITIAL_LINE":1,"INITIAL_COLUMN":1,"FINAL_LINE":1024,"FINAL_COLUMN":1024,"FRAME_TRANSFER":true,"VERTICAL_CLOCK_VOLTAGE":0,"AD_CHANNEL":0}
8/22/2022 4:49 PM CommandAcquisChD  TX=WRITE_SETUP {"ACQUISITION_MODE":3,"TRIGGER_MODE":0,"READ_MODE":0,"PREAMP":0,"READOUT_RATE":0,"VERTICAL_SHIFT_SPEED":3,"EM_MODE":1,"EM_GAIN":2,"SHUTTER_MODE":2,"SHUTTER_TTL":0,"SHUTTER_OPENING_TIME":1,"SHUTTER_CLOSING_TIME":1,"VBIN":1,"HBIN":1,"INITIAL_LINE":1,"INITIAL_COLUMN":1,"FINAL_LINE":1024,"FINAL_COLUMN":1024,"FRAME_TRANSFER":true,"VERTICAL_CLOCK_VOLTAGE":0,"AD_CHANNEL":0}
8/22/2022 4:49 PM CommandAcquisChD  TX=READ_SETUP 
8/22/2022 4:49 PM ResponseAcquisChD  RX=CCD_SETUP {"PREAMP":0,"READOUT_RATE":0,"EM_GAIN":2,"VBIN":1,"INITIAL_LINE":1,"INITIAL_COLUMN":1,"FINAL_LINE":1024,"FINAL_COLUMN":1024,"TRIGGER_MODE":0,"HBIN":1,"SHUTTER_TTL":0,"SHUTTER_MODE":2,"SHUTTER_OPENING_TIME":1,"SHUTTER_CLOSING_TIME":1,"VERTICAL_SHIFT_SPEED":3,"READ_MODE":0,"FRAME_TRANSFER":true,"VERTICAL_CLOCK_VOLTAGE":0,"ACQUISITION_MODE":3,"AD_CHANNEL":0,"EM_MODE":1}
8/22/2022 4:49 PM CommandAcquisChD  TX=SET COOLER_POWER_STATUS 0
8/22/2022 4:49 PM ResponseAcquisChD  RX=DONE
8/22/2022 4:49 PM CommandAcquisChD  TX=SET EXPTIME 0.000010
8/22/2022 4:49 PM ResponseAcquisChD  RX=RETURNING_STATUS {"CUBE_EXPOSURE_TIME":0.5,"CUBES_DONE":1,"LAST_IMAGE_NAME":"20220822_s4c4_DARK_000003.fits","DISK_SPACE":0,"FRAMES_DONE":1,"CCD_STATUS":"IDLE","CURRENT_TEMPERATURE":19,"TEMPERATURE_STATUS":"TEMPERATURE_OFF","FRAME_EXPOSURE_TIME":0,"CCD_POWER_STATUS":true,"SERIAL_NUMBER":9915,"ACQUIRING":false}
8/22/2022 4:49 PM ResponseAcquisChD  RX=DONE
8/22/2022 4:49 PM CommandAcquisChD  TX=SET #FRAMES 2.000000
8/22/2022 4:49 PM CommandAcquisChD  TX=SET #CUBES 1.0000 
8/22/2022 4:49 PM ResponseAcquisChD  RX=DONE
8/22/2022 4:49 PM CommandAcquisChD  TX=SET SUFFIX DARK
8/22/2022 4:49 PM ResponseAcquisChD  RX=DONE
8/22/2022 4:49 PM CommandAcquisChD  TX=SET OBSTYPE DARK
8/22/2022 4:49 PM ResponseAcquisChD  RX=DONE
8/22/2022 4:49 PM CommandSyncBox  TX=ADELAY 0m

8/22/2022 4:49 PM ResponseSyncBox  RX=OK

8/22/2022 4:49 PM CommandSyncBox  TX=BDELAY 0m

8/22/2022 4:49 PM ResponseSyncBox  RX=OK

8/22/2022 4:49 PM CommandSyncBox  TX=CDELAY 0m

8/22/2022 4:49 PM ResponseSyncBox  RX=OK

8/22/2022 4:49 PM CommandSyncBox  TX=DDELAY 0m

8/22/2022 4:49 PM ResponseSyncBox  RX=OK

8/22/2022 4:49 PM CommandSyncBox  TX=AWIDTH 200m

8/22/2022 4:49 PM ResponseSyncBox  RX=OK

8/22/2022 4:49 PM CommandSyncBox  TX=BWIDTH 200m

8/22/2022 4:49 PM ResponseSyncBox  RX=OK

8/22/2022 4:49 PM CommandSyncBox  TX=CWIDTH 200m

8/22/2022 4:49 PM ResponseSyncBox  RX=OK

8/22/2022 4:49 PM CommandSyncBox  TX=DWIDTH 200m

8/22/2022 4:49 PM ResponseSyncBox  RX=OK

8/22/2022 4:49 PM CommandSyncBox  TX=aset on

8/22/2022 4:49 PM ResponseSyncBox  RX=OK

8/22/2022 4:49 PM CommandSyncBox  TX=bset on

8/22/2022 4:49 PM ResponseSyncBox  RX=OK

8/22/2022 4:49 PM CommandSyncBox  TX=cset on

8/22/2022 4:49 PM ResponseSyncBox  RX=OK

8/22/2022 4:49 PM CommandSyncBox  TX=dset on

8/22/2022 4:49 PM ResponseSyncBox  RX=OK

8/22/2022 4:49 PM CommandSyncBox  TX=IN

8/22/2022 4:49 PM ResponseSyncBox  RX=OK

8/22/2022 4:49 PM CommandAcquisChD  TX=EXPOSE
8/22/2022 4:49 PM CommandSyncBox  TX=TRigger REmote

8/22/2022 4:49 PM ResponseSyncBox  RX=

     Highland Technology  Model T560  Digital Delay Generator

Firmware 28E560-D  02407                Cal date July 19, 2018      

Trig   REM  50R  Level 1.250   Div   0,000,000,000  SYN 00,010,000.00
Gate   OFF  POS  HIZ           Shots 0,000,000,247
Burst  OFF  N  0,000,000,016   of M  0,000,000,064

Verbos ON   Autoinstall FEOD   Usec 2,000,266,603  DPLL 00006
Clock  OUT  Trim 02166         Temp +49.1

Errs   None

Ch A  POS  ON     Dly  00.000,000,000,000  Wid  00.200,000,000,000
Ch B  POS  ON     Dly  00.000,000,000,000  Wid  00.200,000,000,000
Ch C  POS  ON     Dly  00.000,000,000,000  Wid  00.200,000,000,000
Ch D  POS  ON     Dly  00.000,000,000,000  Wid  00.200,000,000,000



8/22/2022 4:49 PM ResponseSyncBox  RX=OK

8/22/2022 4:49 PM CommandSyncBox  TX=IN

8/22/2022 4:49 PM ResponseSyncBox  RX=OK

8/22/2022 4:49 PM CommandSyncBox  TX=TRigger

8/22/2022 4:49 PM ResponseSyncBox  RX=Trig   REM  50R  Level 1.250   Div   0,000,000,000  SYN 00,010,000.00

8/22/2022 4:49 PM CommandSyncBox  TX=FIre

8/22/2022 4:49 PM ResponseSyncBox  RX=OK

8/22/2022 4:49 PM CommandSyncBox  TX=ADELAY 0m

8/22/2022 4:49 PM ResponseSyncBox  RX=OK

8/22/2022 4:49 PM CommandSyncBox  TX=BDELAY 0m

8/22/2022 4:49 PM ResponseSyncBox  RX=OK

8/22/2022 4:49 PM CommandSyncBox  TX=CDELAY 0m

8/22/2022 4:49 PM ResponseSyncBox  RX=OK

8/22/2022 4:49 PM CommandSyncBox  TX=DDELAY 0m

8/22/2022 4:49 PM ResponseSyncBox  RX=OK

8/22/2022 4:49 PM CommandSyncBox  TX=AWIDTH 200m

8/22/2022 4:49 PM ResponseSyncBox  RX=OK

8/22/2022 4:49 PM CommandSyncBox  TX=BWIDTH 200m

8/22/2022 4:49 PM ResponseSyncBox  RX=OK

8/22/2022 4:49 PM CommandSyncBox  TX=CWIDTH 200m

8/22/2022 4:49 PM ResponseSyncBox  RX=OK

8/22/2022 4:49 PM CommandSyncBox  TX=DWIDTH 200m

8/22/2022 4:49 PM ResponseSyncBox  RX=OK

8/22/2022 4:49 PM CommandSyncBox  TX=aset on

8/22/2022 4:49 PM ResponseSyncBox  RX=OK

8/22/2022 4:49 PM CommandSyncBox  TX=bset on

8/22/2022 4:49 PM ResponseSyncBox  RX=OK

8/22/2022 4:49 PM CommandSyncBox  TX=cset on

8/22/2022 4:49 PM ResponseSyncBox  RX=OK

8/22/2022 4:49 PM CommandSyncBox  TX=dset on

8/22/2022 4:49 PM ResponseSyncBox  RX=OK

8/22/2022 4:49 PM CommandSyncBox  TX=IN

8/22/2022 4:49 PM ResponseSyncBox  RX=OK

8/22/2022 4:49 PM CommandSyncBox  TX=TRigger REmote

8/22/2022 4:49 PM ResponseSyncBox  RX=OK

8/22/2022 4:49 PM CommandSyncBox  TX=IN

8/22/2022 4:49 PM ResponseSyncBox  RX=OK

8/22/2022 4:49 PM CommandSyncBox  TX=TRigger

8/22/2022 4:49 PM ResponseSyncBox  RX=Trig   REM  50R  Level 1.250   Div   0,000,000,000  SYN 00,010,000.00

8/22/2022 4:49 PM CommandSyncBox  TX=FIre

8/22/2022 4:49 PM ResponseSyncBox  RX=OK

8/22/2022 4:50 PM CommandAcquisChD  TX=SET EXPTIME 1.000000
8/22/2022 4:50 PM ResponseAcquisChD  RX=RETURNING_STATUS {"CUBE_EXPOSURE_TIME":0,"CUBES_DONE":0,"LAST_IMAGE_NAME":"","DISK_SPACE":0,"FRAMES_DONE":0,"CCD_STATUS":"IDLE","CURRENT_TEMPERATURE":19,"TEMPERATURE_STATUS":"TEMPERATURE_OFF","FRAME_EXPOSURE_TIME":0,"CCD_POWER_STATUS":true,"SERIAL_NUMBER":9915,"ACQUIRING":false}
8/22/2022 4:50 PM ResponseAcquisChD  RX=DONE
8/22/2022 4:50 PM CommandAcquisChD  TX=SET #FRAMES 5.000000
8/22/2022 4:50 PM CommandAcquisChD  TX=SET #CUBES 1.0000 
8/22/2022 4:50 PM ResponseAcquisChD  RX=DONE
8/22/2022 4:50 PM CommandAcquisChD  TX=SET SUFFIX DARK
8/22/2022 4:50 PM ResponseAcquisChD  RX=DONE
8/22/2022 4:50 PM CommandAcquisChD  TX=SET OBSTYPE DARK
8/22/2022 4:50 PM ResponseAcquisChD  RX=DONE
8/22/2022 4:50 PM ResponseAcquisChD  RX=DONE
8/22/2022 4:50 PM CommandSyncBox  TX=ADELAY 0m

8/22/2022 4:50 PM ResponseSyncBox  RX=OK

8/22/2022 4:50 PM CommandSyncBox  TX=BDELAY 0m

8/22/2022 4:50 PM ResponseSyncBox  RX=OK

8/22/2022 4:50 PM CommandSyncBox  TX=CDELAY 0m

8/22/2022 4:50 PM ResponseSyncBox  RX=OK

8/22/2022 4:50 PM CommandSyncBox  TX=DDELAY 0m

8/22/2022 4:50 PM ResponseSyncBox  RX=OK

8/22/2022 4:50 PM CommandSyncBox  TX=AWIDTH 200m

8/22/2022 4:50 PM ResponseSyncBox  RX=OK

8/22/2022 4:50 PM CommandSyncBox  TX=BWIDTH 200m

8/22/2022 4:50 PM ResponseSyncBox  RX=OK

8/22/2022 4:50 PM CommandSyncBox  TX=CWIDTH 200m

8/22/2022 4:50 PM ResponseSyncBox  RX=OK

8/22/2022 4:50 PM CommandSyncBox  TX=DWIDTH 200m

8/22/2022 4:50 PM ResponseSyncBox  RX=OK

8/22/2022 4:50 PM CommandSyncBox  TX=aset on

8/22/2022 4:50 PM ResponseSyncBox  RX=OK

8/22/2022 4:50 PM CommandSyncBox  TX=bset on

8/22/2022 4:50 PM ResponseSyncBox  RX=OK

8/22/2022 4:50 PM CommandSyncBox  TX=cset on

8/22/2022 4:50 PM ResponseSyncBox  RX=OK

8/22/2022 4:50 PM CommandSyncBox  TX=dset on

8/22/2022 4:50 PM ResponseSyncBox  RX=OK

8/22/2022 4:50 PM CommandSyncBox  TX=IN

8/22/2022 4:50 PM ResponseSyncBox  RX=OK

8/22/2022 4:50 PM CommandAcquisChD  TX=EXPOSE
8/22/2022 4:50 PM CommandSyncBox  TX=TRigger REmote

8/22/2022 4:50 PM ResponseSyncBox  RX=OK

8/22/2022 4:50 PM CommandSyncBox  TX=IN

8/22/2022 4:50 PM ResponseSyncBox  RX=OK

8/22/2022 4:50 PM CommandSyncBox  TX=TRigger

8/22/2022 4:50 PM ResponseSyncBox  RX=Trig   REM  50R  Level 1.250   Div   0,000,000,000  SYN 00,010,000.00

8/22/2022 4:50 PM CommandSyncBox  TX=FIre

8/22/2022 4:50 PM ResponseSyncBox  RX=OK

8/22/2022 4:50 PM CommandAcquisChD  TX=SET EXPTIME 1.000000
8/22/2022 4:50 PM ResponseAcquisChD  RX=DONE
8/22/2022 4:50 PM CommandAcquisChD  TX=SET #FRAMES 5.000000
8/22/2022 4:50 PM ResponseAcquisChD  RX=DONE
8/22/2022 4:50 PM CommandAcquisChD  TX=SET #CUBES 1.0000 
8/22/2022 4:50 PM CommandAcquisChD  TX=SET SUFFIX DARK
8/22/2022 4:50 PM ResponseAcquisChD  RX=DONE
8/22/2022 4:50 PM CommandAcquisChD  TX=SET OBSTYPE DARK
8/22/2022 4:50 PM ResponseAcquisChD  RX=DONE
8/22/2022 4:50 PM ResponseAcquisChD  RX=DONE
8/22/2022 4:50 PM CommandSyncBox  TX=ADELAY 0m

8/22/2022 4:50 PM ResponseSyncBox  RX=OK

8/22/2022 4:50 PM CommandSyncBox  TX=BDELAY 0m

8/22/2022 4:50 PM ResponseSyncBox  RX=OK

8/22/2022 4:50 PM CommandSyncBox  TX=CDELAY 0m

8/22/2022 4:50 PM ResponseSyncBox  RX=OK

8/22/2022 4:50 PM CommandSyncBox  TX=DDELAY 0m

8/22/2022 4:50 PM ResponseSyncBox  RX=OK

8/22/2022 4:50 PM CommandSyncBox  TX=AWIDTH 200m

8/22/2022 4:50 PM ResponseSyncBox  RX=OK

8/22/2022 4:50 PM CommandSyncBox  TX=BWIDTH 200m

8/22/2022 4:50 PM ResponseSyncBox  RX=OK

8/22/2022 4:50 PM CommandSyncBox  TX=CWIDTH 200m

8/22/2022 4:50 PM ResponseSyncBox  RX=OK

8/22/2022 4:50 PM CommandSyncBox  TX=DWIDTH 200m

8/22/2022 4:50 PM ResponseSyncBox  RX=OK

8/22/2022 4:50 PM CommandSyncBox  TX=aset on

8/22/2022 4:50 PM ResponseSyncBox  RX=OK

8/22/2022 4:50 PM CommandSyncBox  TX=bset on

8/22/2022 4:50 PM ResponseSyncBox  RX=OK

8/22/2022 4:50 PM CommandSyncBox  TX=cset on

8/22/2022 4:50 PM ResponseSyncBox  RX=OK

8/22/2022 4:50 PM CommandSyncBox  TX=dset on

8/22/2022 4:50 PM ResponseSyncBox  RX=OK

8/22/2022 4:50 PM CommandSyncBox  TX=IN

8/22/2022 4:50 PM ResponseSyncBox  RX=OK

8/22/2022 4:50 PM CommandAcquisChD  TX=EXPOSE
8/22/2022 4:50 PM CommandSyncBox  TX=TRigger REmote

8/22/2022 4:50 PM ResponseSyncBox  RX=OK

8/22/2022 4:50 PM CommandSyncBox  TX=IN

8/22/2022 4:50 PM ResponseSyncBox  RX=OK

8/22/2022 4:50 PM CommandSyncBox  TX=TRigger

8/22/2022 4:50 PM ResponseSyncBox  RX=Trig   REM  50R  Level 1.250   Div   0,000,000,000  SYN 00,010,000.00

8/22/2022 4:50 PM CommandSyncBox  TX=FIre

8/22/2022 4:50 PM ResponseSyncBox  RX=OK

8/22/2022 4:50 PM CommandAcquisChD  TX=SET EXPTIME 1.000000
8/22/2022 4:50 PM ResponseAcquisChD  RX=DONE
8/22/2022 4:50 PM CommandAcquisChD  TX=SET #FRAMES 5.000000
8/22/2022 4:50 PM CommandAcquisChD  TX=SET #CUBES 1.0000 
8/22/2022 4:50 PM ResponseAcquisChD  RX=DONE
8/22/2022 4:50 PM CommandAcquisChD  TX=SET SUFFIX DARK
8/22/2022 4:50 PM ResponseAcquisChD  RX=DONE
8/22/2022 4:50 PM CommandAcquisChD  TX=SET OBSTYPE DARK
8/22/2022 4:50 PM ResponseAcquisChD  RX=DONE
8/22/2022 4:50 PM CommandSyncBox  TX=ADELAY 0m

8/22/2022 4:50 PM ResponseSyncBox  RX=OK

8/22/2022 4:50 PM CommandSyncBox  TX=BDELAY 0m

8/22/2022 4:50 PM ResponseSyncBox  RX=OK

8/22/2022 4:50 PM CommandSyncBox  TX=CDELAY 0m

8/22/2022 4:50 PM ResponseSyncBox  RX=OK

8/22/2022 4:50 PM CommandSyncBox  TX=DDELAY 0m

8/22/2022 4:50 PM ResponseSyncBox  RX=OK

8/22/2022 4:50 PM CommandSyncBox  TX=AWIDTH 200m

8/22/2022 4:50 PM ResponseSyncBox  RX=OK

8/22/2022 4:50 PM CommandSyncBox  TX=BWIDTH 200m

8/22/2022 4:50 PM ResponseSyncBox  RX=OK

8/22/2022 4:50 PM CommandSyncBox  TX=CWIDTH 200m

8/22/2022 4:50 PM ResponseSyncBox  RX=OK

8/22/2022 4:50 PM CommandSyncBox  TX=DWIDTH 200m

8/22/2022 4:50 PM ResponseSyncBox  RX=OK

8/22/2022 4:50 PM CommandSyncBox  TX=aset on

8/22/2022 4:50 PM ResponseSyncBox  RX=OK

8/22/2022 4:50 PM CommandSyncBox  TX=bset on

8/22/2022 4:50 PM ResponseSyncBox  RX=OK

8/22/2022 4:50 PM CommandSyncBox  TX=cset on

8/22/2022 4:50 PM ResponseSyncBox  RX=OK

8/22/2022 4:50 PM CommandSyncBox  TX=dset on

8/22/2022 4:50 PM ResponseSyncBox  RX=OK

8/22/2022 4:50 PM CommandSyncBox  TX=IN

8/22/2022 4:50 PM ResponseSyncBox  RX=OK

8/22/2022 4:50 PM CommandAcquisChD  TX=EXPOSE
8/22/2022 4:50 PM CommandSyncBox  TX=TRigger REmote

8/22/2022 4:50 PM ResponseSyncBox  RX=OK

8/22/2022 4:50 PM CommandSyncBox  TX=IN

8/22/2022 4:50 PM ResponseSyncBox  RX=OK

8/22/2022 4:50 PM CommandSyncBox  TX=TRigger

8/22/2022 4:50 PM ResponseSyncBox  RX=Trig   REM  50R  Level 1.250   Div   0,000,000,000  SYN 00,010,000.00

8/22/2022 4:50 PM CommandSyncBox  TX=FIre

8/22/2022 4:50 PM ResponseSyncBox  RX=OK

8/22/2022 4:50 PM CommandAcquisChD  TX=WRITE_SETUP {"ACQUISITION_MODE":3,"TRIGGER_MODE":6,"READ_MODE":0,"PREAMP":0,"READOUT_RATE":0,"VERTICAL_SHIFT_SPEED":3,"EM_MODE":1,"EM_GAIN":2,"SHUTTER_MODE":2,"SHUTTER_TTL":0,"SHUTTER_OPENING_TIME":1,"SHUTTER_CLOSING_TIME":1,"VBIN":1,"HBIN":1,"INITIAL_LINE":1,"INITIAL_COLUMN":1,"FINAL_LINE":1024,"FINAL_COLUMN":1024,"FRAME_TRANSFER":true,"VERTICAL_CLOCK_VOLTAGE":0,"AD_CHANNEL":0}
8/22/2022 4:50 PM CommandAcquisChD  TX=WRITE_SETUP {"ACQUISITION_MODE":3,"TRIGGER_MODE":6,"READ_MODE":0,"PREAMP":0,"READOUT_RATE":0,"VERTICAL_SHIFT_SPEED":3,"EM_MODE":1,"EM_GAIN":2,"SHUTTER_MODE":2,"SHUTTER_TTL":0,"SHUTTER_OPENING_TIME":1,"SHUTTER_CLOSING_TIME":1,"VBIN":1,"HBIN":1,"INITIAL_LINE":1,"INITIAL_COLUMN":1,"FINAL_LINE":1024,"FINAL_COLUMN":1024,"FRAME_TRANSFER":true,"VERTICAL_CLOCK_VOLTAGE":0,"AD_CHANNEL":0}
8/22/2022 4:50 PM CommandAcquisChD  TX=READ_SETUP 
8/22/2022 4:50 PM ResponseAcquisChD  RX=CCD_SETUP {"PREAMP":0,"READOUT_RATE":0,"EM_GAIN":2,"VBIN":1,"INITIAL_LINE":1,"INITIAL_COLUMN":1,"FINAL_LINE":1024,"FINAL_COLUMN":1024,"TRIGGER_MODE":6,"HBIN":1,"SHUTTER_TTL":0,"SHUTTER_MODE":2,"SHUTTER_OPENING_TIME":1,"SHUTTER_CLOSING_TIME":1,"VERTICAL_SHIFT_SPEED":3,"READ_MODE":0,"FRAME_TRANSFER":true,"VERTICAL_CLOCK_VOLTAGE":0,"ACQUISITION_MODE":3,"AD_CHANNEL":0,"EM_MODE":1}
8/22/2022 4:50 PM CommandAcquisChD  TX=SET COOLER_POWER_STATUS 0
8/22/2022 4:50 PM ResponseAcquisChD  RX=DONE
8/22/2022 4:51 PM CommandAcquisChD  TX=SET EXPTIME 1.000000
8/22/2022 4:51 PM ResponseAcquisChD  RX=RETURNING_STATUS {"CUBE_EXPOSURE_TIME":1,"CUBES_DONE":1,"LAST_IMAGE_NAME":"20220822_s4c4_DARK_000002.fits","DISK_SPACE":0,"FRAMES_DONE":1,"CCD_STATUS":"IDLE","CURRENT_TEMPERATURE":20,"TEMPERATURE_STATUS":"TEMPERATURE_OFF","FRAME_EXPOSURE_TIME":1,"CCD_POWER_STATUS":true,"SERIAL_NUMBER":9915,"ACQUIRING":false}
8/22/2022 4:51 PM ResponseAcquisChD  RX=DONE
8/22/2022 4:51 PM CommandAcquisChD  TX=SET #FRAMES 5.000000
8/22/2022 4:51 PM CommandAcquisChD  TX=SET #CUBES 1.0000 
8/22/2022 4:51 PM ResponseAcquisChD  RX=DONE
8/22/2022 4:51 PM CommandAcquisChD  TX=SET SUFFIX DARK
8/22/2022 4:51 PM CommandAcquisChD  TX=SET OBSTYPE DARK
8/22/2022 4:51 PM ResponseAcquisChD  RX=DONE
8/22/2022 4:51 PM ResponseAcquisChD  RX=DONE
8/22/2022 4:51 PM ResponseAcquisChD  RX=DONE
8/22/2022 4:51 PM CommandSyncBox  TX=ADELAY 0m

8/22/2022 4:51 PM ResponseSyncBox  RX=OK

8/22/2022 4:51 PM CommandSyncBox  TX=BDELAY 0m

8/22/2022 4:51 PM ResponseSyncBox  RX=OK

8/22/2022 4:51 PM CommandSyncBox  TX=CDELAY 0m

8/22/2022 4:51 PM ResponseSyncBox  RX=OK

8/22/2022 4:51 PM CommandSyncBox  TX=DDELAY 0m

8/22/2022 4:51 PM ResponseSyncBox  RX=OK

8/22/2022 4:51 PM CommandSyncBox  TX=AWIDTH 200m

8/22/2022 4:51 PM ResponseSyncBox  RX=OK

8/22/2022 4:51 PM CommandSyncBox  TX=BWIDTH 200m

8/22/2022 4:51 PM ResponseSyncBox  RX=OK

8/22/2022 4:51 PM CommandSyncBox  TX=CWIDTH 200m

8/22/2022 4:51 PM ResponseSyncBox  RX=OK

8/22/2022 4:51 PM CommandSyncBox  TX=DWIDTH 200m

8/22/2022 4:51 PM ResponseSyncBox  RX=OK

8/22/2022 4:51 PM CommandSyncBox  TX=aset on

8/22/2022 4:51 PM ResponseSyncBox  RX=OK

8/22/2022 4:51 PM CommandSyncBox  TX=bset on

8/22/2022 4:51 PM ResponseSyncBox  RX=OK

8/22/2022 4:51 PM CommandSyncBox  TX=cset on

8/22/2022 4:51 PM ResponseSyncBox  RX=OK

8/22/2022 4:51 PM CommandSyncBox  TX=dset on

8/22/2022 4:51 PM ResponseSyncBox  RX=OK

8/22/2022 4:51 PM CommandSyncBox  TX=IN

8/22/2022 4:51 PM ResponseSyncBox  RX=OK

8/22/2022 4:51 PM CommandAcquisChD  TX=EXPOSE
8/22/2022 4:51 PM CommandSyncBox  TX=TRigger REmote

8/22/2022 4:51 PM ResponseSyncBox  RX=

     Highland Technology  Model T560  Digital Delay Generator

Firmware 28E560-D  02407                Cal date July 19, 2018      

Trig   REM  50R  Level 1.250   Div   0,000,000,000  SYN 00,010,000.00
Gate   OFF  POS  HIZ           Shots 0,000,000,252
Burst  OFF  N  0,000,000,016   of M  0,000,000,064

Verbos ON   Autoinstall FEOD   Usec 2,084,379,627  DPLL 00006
Clock  OUT  Trim 02166         Temp +49.1

Errs   None

Ch A  POS  ON     Dly  00.000,000,000,000  Wid  00.200,000,000,000
Ch B  POS  ON     Dly  00.000,000,000,000  Wid  00.200,000,000,000
Ch C  POS  ON     Dly  00.000,000,000,000  Wid  00.200,000,000,000
Ch D  POS  ON     Dly  00.000,000,000,000  Wid  00.200,000,000,000



8/22/2022 4:51 PM ResponseSyncBox  RX=OK

8/22/2022 4:51 PM CommandSyncBox  TX=IN

8/22/2022 4:51 PM ResponseSyncBox  RX=OK

8/22/2022 4:51 PM CommandSyncBox  TX=TRigger

8/22/2022 4:51 PM ResponseSyncBox  RX=Trig   REM  50R  Level 1.250   Div   0,000,000,000  SYN 00,010,000.00

8/22/2022 4:51 PM CommandSyncBox  TX=FIre

8/22/2022 4:51 PM ResponseSyncBox  RX=OK

8/22/2022 4:51 PM CommandInstrument  TX=S4ICS WPROT STOP NONE,WPSEL NONE NONE,GMIR NONE NONE,GFOC NONE NONE,CALW NONE NONE,ASEL NONE NONE

8/22/2022 4:51 PM ResponseInstrument  RX=WPSEL SIMULATED BUSY 80 OFF 1, WPROT SIMULATED ACK 30 HOME 0, CALW SIMULATED READY 0.0 OFF 1, ASEL SIMULATED READY 0.0 OFF 1, GMIR SIMULATED READY 0.0 HOME 0, GFOC SIMULATED READY 0.0 HOME 0

8/22/2022 4:51 PM CommandAcquisChD  TX=SET EXPTIME 1.000000
8/22/2022 4:51 PM ResponseAcquisChD  RX=RETURNING_STATUS {"CUBE_EXPOSURE_TIME":0,"CUBES_DONE":0,"LAST_IMAGE_NAME":"","DISK_SPACE":0,"FRAMES_DONE":0,"CCD_STATUS":"IDLE","CURRENT_TEMPERATURE":18,"TEMPERATURE_STATUS":"TEMPERATURE_OFF","FRAME_EXPOSURE_TIME":0,"CCD_POWER_STATUS":true,"SERIAL_NUMBER":9915,"ACQUIRING":false}
8/22/2022 4:51 PM ResponseAcquisChD  RX=DONE
8/22/2022 4:51 PM CommandAcquisChD  TX=SET #FRAMES 5.000000
8/22/2022 4:51 PM CommandAcquisChD  TX=SET #CUBES 1.0000 
8/22/2022 4:51 PM ResponseAcquisChD  RX=DONE
8/22/2022 4:51 PM CommandAcquisChD  TX=SET SUFFIX DARK
8/22/2022 4:51 PM ResponseAcquisChD  RX=DONE
8/22/2022 4:51 PM CommandAcquisChD  TX=SET OBSTYPE DARK
8/22/2022 4:51 PM ResponseAcquisChD  RX=DONE
8/22/2022 4:51 PM ResponseAcquisChD  RX=DONE
8/22/2022 4:51 PM CommandSyncBox  TX=ADELAY 0m

8/22/2022 4:51 PM ResponseSyncBox  RX=

     Highland Technology  Model T560  Digital Delay Generator

Firmware 28E560-D  02407                Cal date July 19, 2018      

Trig   REM  50R  Level 1.250   Div   0,000,000,000  SYN 00,010,000.00
Gate   OFF  POS  HIZ           Shots 0,000,000,253
Burst  OFF  N  0,000,000,016   of M  0,000,000,064

Verbos ON   Autoinstall FEOD   Usec 2,110,513,668  DPLL 00007
Clock  OUT  Trim 02166         Temp +49.2

Errs   None

Ch A  POS  ON     Dly  00.000,000,000,000  Wid  00.200,000,000,000
Ch B  POS  ON     Dly  00.000,000,000,000  Wid  00.200,000,000,000
Ch C  POS  ON     Dly  00.000,000,000,000  Wid  00.200,000,000,000
Ch D  POS  ON     Dly  00.000,000,000,000  Wid  00.200,000,000,000



8/22/2022 4:51 PM ResponseSyncBox  RX=OK

8/22/2022 4:51 PM CommandSyncBox  TX=BDELAY 0m

8/22/2022 4:51 PM ResponseSyncBox  RX=OK

8/22/2022 4:51 PM CommandSyncBox  TX=CDELAY 0m

8/22/2022 4:51 PM ResponseSyncBox  RX=OK

8/22/2022 4:51 PM CommandSyncBox  TX=DDELAY 0m

8/22/2022 4:51 PM ResponseSyncBox  RX=OK

8/22/2022 4:51 PM CommandSyncBox  TX=AWIDTH 200m

8/22/2022 4:51 PM ResponseSyncBox  RX=OK

8/22/2022 4:51 PM CommandSyncBox  TX=BWIDTH 200m

8/22/2022 4:51 PM ResponseSyncBox  RX=OK

8/22/2022 4:51 PM CommandSyncBox  TX=CWIDTH 200m

8/22/2022 4:51 PM ResponseSyncBox  RX=OK

8/22/2022 4:51 PM CommandSyncBox  TX=DWIDTH 200m

8/22/2022 4:51 PM ResponseSyncBox  RX=OK

8/22/2022 4:51 PM CommandSyncBox  TX=aset on

8/22/2022 4:51 PM ResponseSyncBox  RX=OK

8/22/2022 4:51 PM CommandSyncBox  TX=bset on

8/22/2022 4:51 PM ResponseSyncBox  RX=OK

8/22/2022 4:51 PM CommandSyncBox  TX=cset on

8/22/2022 4:51 PM ResponseSyncBox  RX=OK

8/22/2022 4:51 PM CommandSyncBox  TX=dset on

8/22/2022 4:51 PM ResponseSyncBox  RX=OK

8/22/2022 4:51 PM CommandSyncBox  TX=IN

8/22/2022 4:51 PM ResponseSyncBox  RX=OK

8/22/2022 4:51 PM CommandAcquisChD  TX=EXPOSE
8/22/2022 4:51 PM ResponseAcquisChD  RX=RETURNING_STATUS {"CUBE_EXPOSURE_TIME":0,"CUBES_DONE":0,"LAST_IMAGE_NAME":"","DISK_SPACE":0,"FRAMES_DONE":0,"CCD_STATUS":"IDLE","CURRENT_TEMPERATURE":18,"TEMPERATURE_STATUS":"TEMPERATURE_OFF","FRAME_EXPOSURE_TIME":0,"CCD_POWER_STATUS":true,"SERIAL_NUMBER":9915,"ACQUIRING":false}
8/22/2022 4:51 PM CommandSyncBox  TX=TRigger REmote

8/22/2022 4:51 PM ResponseSyncBox  RX=OK

8/22/2022 4:51 PM CommandSyncBox  TX=IN

8/22/2022 4:51 PM ResponseSyncBox  RX=OK

8/22/2022 4:51 PM CommandSyncBox  TX=TRigger

8/22/2022 4:51 PM ResponseSyncBox  RX=Trig   REM  50R  Level 1.250   Div   0,000,000,000  SYN 00,010,000.00

8/22/2022 4:51 PM CommandSyncBox  TX=FIre

8/22/2022 4:51 PM ResponseSyncBox  RX=OK

8/22/2022 4:51 PM CommandAcquisChD  TX=WRITE_SETUP {"ACQUISITION_MODE":3,"TRIGGER_MODE":6,"READ_MODE":0,"PREAMP":0,"READOUT_RATE":0,"VERTICAL_SHIFT_SPEED":3,"EM_MODE":1,"EM_GAIN":2,"SHUTTER_MODE":2,"SHUTTER_TTL":0,"SHUTTER_OPENING_TIME":1,"SHUTTER_CLOSING_TIME":1,"VBIN":1,"HBIN":1,"INITIAL_LINE":1,"INITIAL_COLUMN":1,"FINAL_LINE":1024,"FINAL_COLUMN":1024,"FRAME_TRANSFER":true,"VERTICAL_CLOCK_VOLTAGE":0,"AD_CHANNEL":0}
8/22/2022 4:51 PM CommandAcquisChD  TX=WRITE_SETUP {"ACQUISITION_MODE":3,"TRIGGER_MODE":6,"READ_MODE":0,"PREAMP":0,"READOUT_RATE":0,"VERTICAL_SHIFT_SPEED":3,"EM_MODE":1,"EM_GAIN":2,"SHUTTER_MODE":2,"SHUTTER_TTL":0,"SHUTTER_OPENING_TIME":1,"SHUTTER_CLOSING_TIME":1,"VBIN":1,"HBIN":1,"INITIAL_LINE":1,"INITIAL_COLUMN":1,"FINAL_LINE":1024,"FINAL_COLUMN":1024,"FRAME_TRANSFER":true,"VERTICAL_CLOCK_VOLTAGE":0,"AD_CHANNEL":0}
8/22/2022 4:51 PM CommandAcquisChD  TX=READ_SETUP 
8/22/2022 4:51 PM ResponseAcquisChD  RX=CCD_SETUP {"PREAMP":0,"READOUT_RATE":0,"EM_GAIN":2,"VBIN":1,"INITIAL_LINE":1,"INITIAL_COLUMN":1,"FINAL_LINE":1024,"FINAL_COLUMN":1024,"TRIGGER_MODE":6,"HBIN":1,"SHUTTER_TTL":0,"SHUTTER_MODE":2,"SHUTTER_OPENING_TIME":1,"SHUTTER_CLOSING_TIME":1,"VERTICAL_SHIFT_SPEED":3,"READ_MODE":0,"FRAME_TRANSFER":true,"VERTICAL_CLOCK_VOLTAGE":0,"ACQUISITION_MODE":3,"AD_CHANNEL":0,"EM_MODE":1}
8/22/2022 4:51 PM CommandAcquisChD  TX=SET COOLER_POWER_STATUS 0
8/22/2022 4:51 PM ResponseAcquisChD  RX=DONE
8/22/2022 4:52 PM CommandAcquisChD  TX=SET EXPTIME 5.000000
8/22/2022 4:52 PM ResponseAcquisChD  RX=RETURNING_STATUS {"CUBE_EXPOSURE_TIME":1,"CUBES_DONE":1,"LAST_IMAGE_NAME":"20220822_s4c4_DARK_000000.fits","DISK_SPACE":0,"FRAMES_DONE":1,"CCD_STATUS":"IDLE","CURRENT_TEMPERATURE":20,"TEMPERATURE_STATUS":"TEMPERATURE_OFF","FRAME_EXPOSURE_TIME":1,"CCD_POWER_STATUS":true,"SERIAL_NUMBER":9915,"ACQUIRING":false}
8/22/2022 4:52 PM ResponseAcquisChD  RX=DONE
8/22/2022 4:52 PM CommandAcquisChD  TX=SET #FRAMES 3.000000
8/22/2022 4:52 PM ResponseAcquisChD  RX=DONE
8/22/2022 4:52 PM CommandAcquisChD  TX=SET #CUBES 1.0000 
8/22/2022 4:52 PM ResponseAcquisChD  RX=DONE
8/22/2022 4:52 PM CommandAcquisChD  TX=SET SUFFIX DARK
8/22/2022 4:52 PM CommandAcquisChD  TX=SET OBSTYPE DARK
8/22/2022 4:52 PM ResponseAcquisChD  RX=DONE
8/22/2022 4:52 PM ResponseAcquisChD  RX=DONE
8/22/2022 4:52 PM CommandSyncBox  TX=ADELAY 0m

8/22/2022 4:52 PM ResponseSyncBox  RX=OK

8/22/2022 4:52 PM CommandSyncBox  TX=BDELAY 0m

8/22/2022 4:52 PM ResponseSyncBox  RX=OK

8/22/2022 4:52 PM CommandSyncBox  TX=CDELAY 0m

8/22/2022 4:52 PM ResponseSyncBox  RX=OK

8/22/2022 4:52 PM CommandSyncBox  TX=DDELAY 0m

8/22/2022 4:52 PM ResponseSyncBox  RX=OK

8/22/2022 4:52 PM CommandSyncBox  TX=AWIDTH 200m

8/22/2022 4:52 PM ResponseSyncBox  RX=OK

8/22/2022 4:52 PM CommandSyncBox  TX=BWIDTH 200m

8/22/2022 4:52 PM ResponseSyncBox  RX=OK

8/22/2022 4:52 PM CommandSyncBox  TX=CWIDTH 200m

8/22/2022 4:52 PM ResponseSyncBox  RX=OK

8/22/2022 4:52 PM CommandSyncBox  TX=DWIDTH 200m

8/22/2022 4:52 PM ResponseSyncBox  RX=OK

8/22/2022 4:52 PM CommandSyncBox  TX=aset on

8/22/2022 4:52 PM ResponseSyncBox  RX=OK

8/22/2022 4:52 PM CommandSyncBox  TX=bset on

8/22/2022 4:52 PM ResponseSyncBox  RX=OK

8/22/2022 4:52 PM CommandSyncBox  TX=cset on

8/22/2022 4:52 PM ResponseSyncBox  RX=OK

8/22/2022 4:52 PM CommandSyncBox  TX=dset on

8/22/2022 4:52 PM ResponseSyncBox  RX=OK

8/22/2022 4:52 PM CommandSyncBox  TX=IN

8/22/2022 4:52 PM ResponseSyncBox  RX=OK

8/22/2022 4:52 PM CommandAcquisChD  TX=EXPOSE
8/22/2022 4:52 PM CommandSyncBox  TX=TRigger REmote

8/22/2022 4:52 PM ResponseSyncBox  RX=OK

8/22/2022 4:52 PM CommandSyncBox  TX=IN

8/22/2022 4:52 PM ResponseSyncBox  RX=OK

8/22/2022 4:52 PM CommandSyncBox  TX=TRigger

8/22/2022 4:52 PM ResponseSyncBox  RX=Trig   REM  50R  Level 1.250   Div   0,000,000,000  SYN 00,010,000.00

8/22/2022 4:52 PM CommandSyncBox  TX=FIre

8/22/2022 4:52 PM ResponseSyncBox  RX=OK

8/22/2022 4:52 PM CommandSyncBox  TX=FIre

8/22/2022 4:52 PM ResponseSyncBox  RX=OK

8/22/2022 4:52 PM CommandAcquisChA  TX=ABORT_ACQUISITION
8/22/2022 4:52 PM CommandAcquisChB  TX=ABORT_ACQUISITION
8/22/2022 4:52 PM CommandAcquisChC  TX=ABORT_ACQUISITION
8/22/2022 4:52 PM CommandAcquisChD  TX=ABORT_ACQUISITION
8/22/2022 4:52 PM CommandInstrument  TX=S4ICS WPROT STOP NONE,WPSEL NONE NONE,GMIR NONE NONE,GFOC NONE NONE,CALW NONE NONE,ASEL NONE NONE

8/22/2022 4:52 PM ResponseInstrument  RX=WPSEL SIMULATED BUSY 80 OFF 1, WPROT SIMULATED ACK 30 HOME 0, CALW SIMULATED READY 0.0 OFF 1, ASEL SIMULATED READY 0.0 OFF 1, GMIR SIMULATED READY 0.0 HOME 0, GFOC SIMULATED READY 0.0 HOME 0

8/22/2022 4:53 PM CommandAcquisChD  TX=SET EXPTIME 5.000000
8/22/2022 4:53 PM ResponseAcquisChD  RX=RETURNING_STATUS {"CUBE_EXPOSURE_TIME":0,"CUBES_DONE":0,"LAST_IMAGE_NAME":"","DISK_SPACE":0,"FRAMES_DONE":0,"CCD_STATUS":"IDLE","CURRENT_TEMPERATURE":19,"TEMPERATURE_STATUS":"TEMPERATURE_OFF","FRAME_EXPOSURE_TIME":0,"CCD_POWER_STATUS":true,"SERIAL_NUMBER":9915,"ACQUIRING":false}
8/22/2022 4:53 PM ResponseAcquisChD  RX=DONE
8/22/2022 4:53 PM CommandAcquisChD  TX=SET #FRAMES 3.000000
8/22/2022 4:53 PM CommandAcquisChD  TX=SET #CUBES 1.0000 
8/22/2022 4:53 PM ResponseAcquisChD  RX=DONE
8/22/2022 4:53 PM CommandAcquisChD  TX=SET SUFFIX DARK
8/22/2022 4:53 PM ResponseAcquisChD  RX=DONE
8/22/2022 4:53 PM CommandAcquisChD  TX=SET OBSTYPE DARK
8/22/2022 4:53 PM ResponseAcquisChD  RX=DONE
8/22/2022 4:53 PM ResponseAcquisChD  RX=DONE
8/22/2022 4:53 PM CommandSyncBox  TX=ADELAY 0m

8/22/2022 4:53 PM ResponseSyncBox  RX=OK

8/22/2022 4:53 PM CommandSyncBox  TX=BDELAY 0m

8/22/2022 4:53 PM ResponseSyncBox  RX=OK

8/22/2022 4:53 PM CommandSyncBox  TX=CDELAY 0m

8/22/2022 4:53 PM ResponseSyncBox  RX=OK

8/22/2022 4:53 PM CommandSyncBox  TX=DDELAY 0m

8/22/2022 4:53 PM ResponseSyncBox  RX=OK

8/22/2022 4:53 PM CommandSyncBox  TX=AWIDTH 200m

8/22/2022 4:53 PM ResponseSyncBox  RX=OK

8/22/2022 4:53 PM CommandSyncBox  TX=BWIDTH 200m

8/22/2022 4:53 PM ResponseSyncBox  RX=OK

8/22/2022 4:53 PM CommandSyncBox  TX=CWIDTH 200m

8/22/2022 4:53 PM ResponseSyncBox  RX=OK

8/22/2022 4:53 PM CommandSyncBox  TX=DWIDTH 200m

8/22/2022 4:53 PM ResponseSyncBox  RX=OK

8/22/2022 4:53 PM CommandSyncBox  TX=aset on

8/22/2022 4:53 PM ResponseSyncBox  RX=OK

8/22/2022 4:53 PM CommandSyncBox  TX=bset on

8/22/2022 4:53 PM ResponseSyncBox  RX=OK

8/22/2022 4:53 PM CommandSyncBox  TX=cset on

8/22/2022 4:53 PM ResponseSyncBox  RX=OK

8/22/2022 4:53 PM CommandSyncBox  TX=dset on

8/22/2022 4:53 PM ResponseSyncBox  RX=OK

8/22/2022 4:53 PM CommandSyncBox  TX=IN

8/22/2022 4:53 PM ResponseSyncBox  RX=OK

8/22/2022 4:53 PM CommandAcquisChD  TX=EXPOSE
8/22/2022 4:53 PM CommandSyncBox  TX=TRigger REmote

8/22/2022 4:53 PM ResponseSyncBox  RX=OK

8/22/2022 4:53 PM CommandSyncBox  TX=IN

8/22/2022 4:53 PM ResponseSyncBox  RX=OK

8/22/2022 4:53 PM CommandSyncBox  TX=TRigger

8/22/2022 4:53 PM ResponseSyncBox  RX=Trig   REM  50R  Level 1.250   Div   0,000,000,000  SYN 00,010,000.00

8/22/2022 4:53 PM CommandSyncBox  TX=FIre

8/22/2022 4:53 PM ResponseSyncBox  RX=OK

8/22/2022 4:54 PM CommandAcquisChD  TX=WRITE_SETUP {"ACQUISITION_MODE":3,"TRIGGER_MODE":0,"READ_MODE":0,"PREAMP":0,"READOUT_RATE":0,"VERTICAL_SHIFT_SPEED":3,"EM_MODE":1,"EM_GAIN":2,"SHUTTER_MODE":2,"SHUTTER_TTL":0,"SHUTTER_OPENING_TIME":1,"SHUTTER_CLOSING_TIME":1,"VBIN":1,"HBIN":1,"INITIAL_LINE":1,"INITIAL_COLUMN":1,"FINAL_LINE":1024,"FINAL_COLUMN":1024,"FRAME_TRANSFER":true,"VERTICAL_CLOCK_VOLTAGE":0,"AD_CHANNEL":0}
8/22/2022 4:54 PM CommandAcquisChD  TX=READ_SETUP 
8/22/2022 4:54 PM ResponseAcquisChD  RX=CCD_SETUP {"PREAMP":0,"READOUT_RATE":0,"EM_GAIN":2,"VBIN":1,"INITIAL_LINE":1,"INITIAL_COLUMN":1,"FINAL_LINE":1024,"FINAL_COLUMN":1024,"TRIGGER_MODE":0,"HBIN":1,"SHUTTER_TTL":0,"SHUTTER_MODE":2,"SHUTTER_OPENING_TIME":1,"SHUTTER_CLOSING_TIME":1,"VERTICAL_SHIFT_SPEED":3,"READ_MODE":0,"FRAME_TRANSFER":true,"VERTICAL_CLOCK_VOLTAGE":0,"ACQUISITION_MODE":3,"AD_CHANNEL":0,"EM_MODE":1}
8/22/2022 4:54 PM CommandAcquisChD  TX=SET COOLER_POWER_STATUS 0
8/22/2022 4:54 PM ResponseAcquisChD  RX=DONE
8/22/2022 4:54 PM CommandAcquisChD  TX=SET EXPTIME 5.000000
8/22/2022 4:54 PM ResponseAcquisChD  RX=RETURNING_STATUS {"CUBE_EXPOSURE_TIME":5,"CUBES_DONE":1,"LAST_IMAGE_NAME":"20220822_s4c4_DARK_000000.fits","DISK_SPACE":0,"FRAMES_DONE":1,"CCD_STATUS":"IDLE","CURRENT_TEMPERATURE":20,"TEMPERATURE_STATUS":"TEMPERATURE_OFF","FRAME_EXPOSURE_TIME":5,"CCD_POWER_STATUS":true,"SERIAL_NUMBER":9915,"ACQUIRING":false}
8/22/2022 4:54 PM ResponseAcquisChD  RX=DONE
8/22/2022 4:54 PM CommandAcquisChD  TX=SET #FRAMES 3.000000
8/22/2022 4:54 PM CommandAcquisChD  TX=SET #CUBES 1.0000 
8/22/2022 4:54 PM ResponseAcquisChD  RX=DONE
8/22/2022 4:54 PM CommandAcquisChD  TX=SET SUFFIX DARK
8/22/2022 4:54 PM ResponseAcquisChD  RX=DONE
8/22/2022 4:54 PM CommandAcquisChD  TX=SET OBSTYPE DARK
8/22/2022 4:54 PM ResponseAcquisChD  RX=DONE
8/22/2022 4:54 PM ResponseAcquisChD  RX=DONE
8/22/2022 4:54 PM CommandSyncBox  TX=ADELAY 0m

8/22/2022 4:54 PM ResponseSyncBox  RX=OK

8/22/2022 4:54 PM CommandSyncBox  TX=BDELAY 0m

8/22/2022 4:54 PM ResponseSyncBox  RX=OK

8/22/2022 4:54 PM CommandSyncBox  TX=CDELAY 0m

8/22/2022 4:54 PM ResponseSyncBox  RX=OK

8/22/2022 4:54 PM CommandSyncBox  TX=DDELAY 0m

8/22/2022 4:54 PM ResponseSyncBox  RX=OK

8/22/2022 4:54 PM CommandSyncBox  TX=AWIDTH 200m

8/22/2022 4:54 PM ResponseSyncBox  RX=OK

8/22/2022 4:54 PM CommandSyncBox  TX=BWIDTH 200m

8/22/2022 4:54 PM ResponseSyncBox  RX=OK

8/22/2022 4:54 PM CommandSyncBox  TX=CWIDTH 200m

8/22/2022 4:54 PM ResponseSyncBox  RX=OK

8/22/2022 4:54 PM CommandSyncBox  TX=DWIDTH 200m

8/22/2022 4:54 PM ResponseSyncBox  RX=OK

8/22/2022 4:54 PM CommandSyncBox  TX=aset on

8/22/2022 4:54 PM ResponseSyncBox  RX=OK

8/22/2022 4:54 PM CommandSyncBox  TX=bset on

8/22/2022 4:54 PM ResponseSyncBox  RX=OK

8/22/2022 4:54 PM CommandSyncBox  TX=cset on

8/22/2022 4:54 PM ResponseSyncBox  RX=OK

8/22/2022 4:54 PM CommandSyncBox  TX=dset on

8/22/2022 4:54 PM ResponseSyncBox  RX=OK

8/22/2022 4:54 PM CommandSyncBox  TX=IN

8/22/2022 4:54 PM ResponseSyncBox  RX=OK

8/22/2022 4:54 PM CommandAcquisChD  TX=EXPOSE
8/22/2022 4:54 PM CommandSyncBox  TX=TRigger REmote

8/22/2022 4:54 PM ResponseSyncBox  RX=

     Highland Technology  Model T560  Digital Delay Generator

Firmware 28E560-D  02407                Cal date July 19, 2018      

Trig   REM  50R  Level 1.250   Div   0,000,000,000  SYN 00,010,000.00
Gate   OFF  POS  HIZ           Shots 0,000,000,257
Burst  OFF  N  0,000,000,016   of M  0,000,000,064

Verbos ON   Autoinstall FEOD   Usec 2,281,576,503  DPLL 00009
Clock  OUT  Trim 02166         Temp +49.2

Errs   None

Ch A  POS  ON     Dly  00.000,000,000,000  Wid  00.200,000,000,000
Ch B  POS  ON     Dly  00.000,000,000,000  Wid  00.200,000,000,000
Ch C  POS  ON     Dly  00.000,000,000,000  Wid  00.200,000,000,000
Ch D  POS  ON     Dly  00.000,000,000,000  Wid  00.200,000,000,000



8/22/2022 4:54 PM ResponseSyncBox  RX=OK

8/22/2022 4:54 PM CommandSyncBox  TX=IN

8/22/2022 4:54 PM ResponseSyncBox  RX=OK

8/22/2022 4:54 PM CommandSyncBox  TX=TRigger

8/22/2022 4:54 PM ResponseSyncBox  RX=Trig   REM  50R  Level 1.250   Div   0,000,000,000  SYN 00,010,000.00

8/22/2022 4:54 PM CommandSyncBox  TX=FIre

8/22/2022 4:54 PM ResponseSyncBox  RX=OK

8/22/2022 4:54 PM CommandAcquisChA  TX=ABORT_ACQUISITION
8/22/2022 4:54 PM CommandAcquisChB  TX=ABORT_ACQUISITION
8/22/2022 4:54 PM CommandAcquisChC  TX=ABORT_ACQUISITION
8/22/2022 4:54 PM CommandAcquisChD  TX=ABORT_ACQUISITION
8/22/2022 4:54 PM ResponseAcquisChD  RX=RETURNING_STATUS {"CUBE_EXPOSURE_TIME":0,"CUBES_DONE":0,"LAST_IMAGE_NAME":"","DISK_SPACE":0,"FRAMES_DONE":0,"CCD_STATUS":"IDLE","CURRENT_TEMPERATURE":18,"TEMPERATURE_STATUS":"TEMPERATURE_OFF","FRAME_EXPOSURE_TIME":0,"CCD_POWER_STATUS":true,"SERIAL_NUMBER":9915,"ACQUIRING":false}
8/22/2022 4:54 PM CommandInstrument  TX=S4ICS WPROT STOP NONE,WPSEL NONE NONE,GMIR NONE NONE,GFOC NONE NONE,CALW NONE NONE,ASEL NONE NONE

8/22/2022 4:54 PM ResponseAcquisChD  RX=RETURNING_STATUS {"CUBE_EXPOSURE_TIME":0,"CUBES_DONE":0,"LAST_IMAGE_NAME":"","DISK_SPACE":0,"FRAMES_DONE":0,"CCD_STATUS":"IDLE","CURRENT_TEMPERATURE":18,"TEMPERATURE_STATUS":"TEMPERATURE_OFF","FRAME_EXPOSURE_TIME":0,"CCD_POWER_STATUS":true,"SERIAL_NUMBER":9915,"ACQUIRING":false}
8/22/2022 4:54 PM ResponseInstrument  RX=WPSEL SIMULATED BUSY 80 OFF 1, WPROT SIMULATED ACK 30 HOME 0, CALW SIMULATED READY 0.0 OFF 1, ASEL SIMULATED READY 0.0 OFF 1, GMIR SIMULATED READY 0.0 HOME 0, GFOC SIMULATED READY 0.0 HOME 0

8/22/2022 4:54 PM CommandAcquisChD  TX=SET EXPTIME 5.000000
8/22/2022 4:54 PM ResponseAcquisChD  RX=DONE
8/22/2022 4:54 PM CommandAcquisChD  TX=SET #FRAMES 3.000000
8/22/2022 4:54 PM CommandAcquisChD  TX=SET #CUBES 1.0000 
8/22/2022 4:54 PM ResponseAcquisChD  RX=DONE
8/22/2022 4:54 PM CommandAcquisChD  TX=SET SUFFIX DARK
8/22/2022 4:54 PM ResponseAcquisChD  RX=DONE
8/22/2022 4:54 PM CommandAcquisChD  TX=SET OBSTYPE DARK
8/22/2022 4:54 PM ResponseAcquisChD  RX=DONE
8/22/2022 4:54 PM ResponseAcquisChD  RX=DONE
8/22/2022 4:54 PM CommandSyncBox  TX=ADELAY 0m

8/22/2022 4:54 PM ResponseSyncBox  RX=OK

8/22/2022 4:54 PM CommandSyncBox  TX=BDELAY 0m

8/22/2022 4:54 PM ResponseSyncBox  RX=OK

8/22/2022 4:54 PM CommandSyncBox  TX=CDELAY 0m

8/22/2022 4:54 PM ResponseSyncBox  RX=OK

8/22/2022 4:54 PM CommandSyncBox  TX=DDELAY 0m

8/22/2022 4:54 PM ResponseSyncBox  RX=OK

8/22/2022 4:54 PM CommandSyncBox  TX=AWIDTH 200m

8/22/2022 4:54 PM ResponseSyncBox  RX=OK

8/22/2022 4:54 PM CommandSyncBox  TX=BWIDTH 200m

8/22/2022 4:54 PM ResponseSyncBox  RX=OK

8/22/2022 4:54 PM CommandSyncBox  TX=CWIDTH 200m

8/22/2022 4:54 PM ResponseSyncBox  RX=OK

8/22/2022 4:54 PM CommandSyncBox  TX=DWIDTH 200m

8/22/2022 4:54 PM ResponseSyncBox  RX=OK

8/22/2022 4:54 PM CommandSyncBox  TX=aset on

8/22/2022 4:54 PM ResponseSyncBox  RX=OK

8/22/2022 4:54 PM CommandSyncBox  TX=bset on

8/22/2022 4:54 PM ResponseSyncBox  RX=OK

8/22/2022 4:54 PM CommandSyncBox  TX=cset on

8/22/2022 4:54 PM ResponseSyncBox  RX=OK

8/22/2022 4:54 PM CommandSyncBox  TX=dset on

8/22/2022 4:54 PM ResponseSyncBox  RX=OK

8/22/2022 4:54 PM CommandSyncBox  TX=IN

8/22/2022 4:54 PM ResponseSyncBox  RX=OK

8/22/2022 4:54 PM CommandAcquisChD  TX=EXPOSE
8/22/2022 4:54 PM CommandSyncBox  TX=TRigger REmote

8/22/2022 4:54 PM ResponseSyncBox  RX=OK

8/22/2022 4:54 PM CommandSyncBox  TX=IN

8/22/2022 4:54 PM ResponseSyncBox  RX=OK

8/22/2022 4:54 PM CommandSyncBox  TX=TRigger

8/22/2022 4:54 PM ResponseSyncBox  RX=Trig   REM  50R  Level 1.250   Div   0,000,000,000  SYN 00,010,000.00

8/22/2022 4:54 PM CommandSyncBox  TX=FIre

8/22/2022 4:54 PM ResponseSyncBox  RX=OK

8/22/2022 4:55 PM CommandAcquisChD  TX=SET EXPTIME 5.000000
8/22/2022 4:55 PM ResponseAcquisChD  RX=DONE
8/22/2022 4:55 PM CommandAcquisChD  TX=SET #FRAMES 3.000000
8/22/2022 4:55 PM ResponseAcquisChD  RX=DONE
8/22/2022 4:55 PM CommandAcquisChD  TX=SET #CUBES 1.0000 
8/22/2022 4:55 PM ResponseAcquisChD  RX=DONE
8/22/2022 4:55 PM CommandAcquisChD  TX=SET SUFFIX DARK
8/22/2022 4:55 PM ResponseAcquisChD  RX=DONE
8/22/2022 4:55 PM CommandAcquisChD  TX=SET OBSTYPE DARK
8/22/2022 4:55 PM ResponseAcquisChD  RX=DONE
8/22/2022 4:55 PM CommandSyncBox  TX=ADELAY 0m

8/22/2022 4:55 PM ResponseSyncBox  RX=OK

8/22/2022 4:55 PM CommandSyncBox  TX=BDELAY 0m

8/22/2022 4:55 PM ResponseSyncBox  RX=OK

8/22/2022 4:55 PM CommandSyncBox  TX=CDELAY 0m

8/22/2022 4:55 PM ResponseSyncBox  RX=OK

8/22/2022 4:55 PM CommandSyncBox  TX=DDELAY 0m

8/22/2022 4:55 PM ResponseSyncBox  RX=OK

8/22/2022 4:55 PM CommandSyncBox  TX=AWIDTH 200m

8/22/2022 4:55 PM ResponseSyncBox  RX=OK

8/22/2022 4:55 PM CommandSyncBox  TX=BWIDTH 200m

8/22/2022 4:55 PM ResponseSyncBox  RX=OK

8/22/2022 4:55 PM CommandSyncBox  TX=CWIDTH 200m

8/22/2022 4:55 PM ResponseSyncBox  RX=OK

8/22/2022 4:55 PM CommandSyncBox  TX=DWIDTH 200m

8/22/2022 4:55 PM ResponseSyncBox  RX=OK

8/22/2022 4:55 PM CommandSyncBox  TX=aset on

8/22/2022 4:55 PM ResponseSyncBox  RX=OK

8/22/2022 4:55 PM CommandSyncBox  TX=bset on

8/22/2022 4:55 PM ResponseSyncBox  RX=OK

8/22/2022 4:55 PM CommandSyncBox  TX=cset on

8/22/2022 4:55 PM ResponseSyncBox  RX=OK

8/22/2022 4:55 PM CommandSyncBox  TX=dset on

8/22/2022 4:55 PM ResponseSyncBox  RX=OK

8/22/2022 4:55 PM CommandSyncBox  TX=IN

8/22/2022 4:55 PM ResponseSyncBox  RX=OK

8/22/2022 4:55 PM CommandAcquisChD  TX=EXPOSE
8/22/2022 4:55 PM CommandSyncBox  TX=TRigger REmote

8/22/2022 4:55 PM ResponseSyncBox  RX=

     Highland Technology  Model T560  Digital Delay Generator

Firmware 28E560-D  02407                Cal date July 19, 2018      

Trig   REM  50R  Level 1.250   Div   0,000,000,000  SYN 00,010,000.00
Gate   OFF  POS  HIZ           Shots 0,000,000,259
Burst  OFF  N  0,000,000,016   of M  0,000,000,064

Verbos ON   Autoinstall FEOD   Usec 2,338,265,066  DPLL 00010
Clock  OUT  Trim 02166         Temp +49.2

Errs   None

Ch A  POS  ON     Dly  00.000,000,000,000  Wid  00.200,000,000,000
Ch B  POS  ON     Dly  00.000,000,000,000  Wid  00.200,000,000,000
Ch C  POS  ON     Dly  00.000,000,000,000  Wid  00.200,000,000,000
Ch D  POS  ON     Dly  00.000,000,000,000  Wid  00.200,000,000,000



8/22/2022 4:55 PM ResponseSyncBox  RX=OK

8/22/2022 4:55 PM CommandSyncBox  TX=IN

8/22/2022 4:55 PM ResponseSyncBox  RX=OK

8/22/2022 4:55 PM CommandSyncBox  TX=TRigger

8/22/2022 4:55 PM ResponseSyncBox  RX=Trig   REM  50R  Level 1.250   Div   0,000,000,000  SYN 00,010,000.00

8/22/2022 4:55 PM CommandSyncBox  TX=FIre

8/22/2022 4:55 PM ResponseSyncBox  RX=OK

8/22/2022 4:55 PM CommandAcquisChD  TX=SET EXPTIME 5.000000
8/22/2022 4:55 PM ResponseAcquisChD  RX=RETURNING_STATUS {"CUBE_EXPOSURE_TIME":5,"CUBES_DONE":1,"LAST_IMAGE_NAME":"20220822_s4c4_DARK_000001.fits","DISK_SPACE":0,"FRAMES_DONE":1,"CCD_STATUS":"IDLE","CURRENT_TEMPERATURE":20,"TEMPERATURE_STATUS":"TEMPERATURE_OFF","FRAME_EXPOSURE_TIME":5,"CCD_POWER_STATUS":true,"SERIAL_NUMBER":9915,"ACQUIRING":false}
8/22/2022 4:55 PM ResponseAcquisChD  RX=DONE
8/22/2022 4:55 PM CommandAcquisChD  TX=SET #FRAMES 3.000000
8/22/2022 4:55 PM CommandAcquisChD  TX=SET #CUBES 1.0000 
8/22/2022 4:55 PM ResponseAcquisChD  RX=DONE
8/22/2022 4:55 PM CommandAcquisChD  TX=SET SUFFIX DARK
8/22/2022 4:55 PM ResponseAcquisChD  RX=DONE
8/22/2022 4:55 PM CommandAcquisChD  TX=SET OBSTYPE DARK
8/22/2022 4:55 PM ResponseAcquisChD  RX=DONE
8/22/2022 4:55 PM ResponseAcquisChD  RX=DONE
8/22/2022 4:55 PM CommandSyncBox  TX=ADELAY 0m

8/22/2022 4:55 PM ResponseSyncBox  RX=

     Highland Technology  Model T560  Digital Delay Generator

Firmware 28E560-D  02407                Cal date July 19, 2018      

Trig   REM  50R  Level 1.250   Div   0,000,000,000  SYN 00,010,000.00
Gate   OFF  POS  HIZ           Shots 0,000,000,260
Burst  OFF  N  0,000,000,016   of M  0,000,000,064

Verbos ON   Autoinstall FEOD   Usec 2,352,623,799  DPLL 00009
Clock  OUT  Trim 02166         Temp +49.2

Errs   None

Ch A  POS  ON     Dly  00.000,000,000,000  Wid  00.200,000,000,000
Ch B  POS  ON     Dly  00.000,000,000,000  Wid  00.200,000,000,000
Ch C  POS  ON     Dly  00.000,000,000,000  Wid  00.200,000,000,000
Ch D  POS  ON     Dly  00.000,000,000,000  Wid  00.200,000,000,000



8/22/2022 4:55 PM ResponseSyncBox  RX=OK

8/22/2022 4:55 PM CommandSyncBox  TX=BDELAY 0m

8/22/2022 4:55 PM ResponseSyncBox  RX=OK

8/22/2022 4:55 PM CommandSyncBox  TX=CDELAY 0m

8/22/2022 4:55 PM ResponseSyncBox  RX=OK

8/22/2022 4:55 PM CommandSyncBox  TX=DDELAY 0m

8/22/2022 4:55 PM ResponseSyncBox  RX=OK

8/22/2022 4:55 PM CommandSyncBox  TX=AWIDTH 200m

8/22/2022 4:55 PM ResponseSyncBox  RX=OK

8/22/2022 4:55 PM CommandSyncBox  TX=BWIDTH 200m

8/22/2022 4:55 PM ResponseSyncBox  RX=OK

8/22/2022 4:55 PM CommandSyncBox  TX=CWIDTH 200m

8/22/2022 4:55 PM ResponseSyncBox  RX=OK

8/22/2022 4:55 PM CommandSyncBox  TX=DWIDTH 200m

8/22/2022 4:55 PM ResponseSyncBox  RX=OK

8/22/2022 4:55 PM CommandSyncBox  TX=aset on

8/22/2022 4:55 PM ResponseSyncBox  RX=OK

8/22/2022 4:55 PM CommandSyncBox  TX=bset on

8/22/2022 4:55 PM ResponseSyncBox  RX=OK

8/22/2022 4:55 PM CommandSyncBox  TX=cset on

8/22/2022 4:55 PM ResponseSyncBox  RX=OK

8/22/2022 4:55 PM CommandSyncBox  TX=dset on

8/22/2022 4:55 PM ResponseSyncBox  RX=OK

8/22/2022 4:55 PM CommandSyncBox  TX=IN

8/22/2022 4:55 PM ResponseSyncBox  RX=OK

8/22/2022 4:55 PM CommandAcquisChD  TX=EXPOSE
8/22/2022 4:55 PM CommandSyncBox  TX=TRigger REmote

8/22/2022 4:55 PM ResponseSyncBox  RX=OK

8/22/2022 4:55 PM CommandSyncBox  TX=IN

8/22/2022 4:55 PM ResponseSyncBox  RX=OK

8/22/2022 4:55 PM CommandSyncBox  TX=TRigger

8/22/2022 4:55 PM ResponseSyncBox  RX=Trig   REM  50R  Level 1.250   Div   0,000,000,000  SYN 00,010,000.00

8/22/2022 4:55 PM CommandSyncBox  TX=FIre

8/22/2022 4:55 PM ResponseSyncBox  RX=OK

8/22/2022 4:55 PM CommandAcquisChD  TX=SET EXPTIME 1.500000
8/22/2022 4:55 PM ResponseAcquisChD  RX=DONE
8/22/2022 4:55 PM CommandAcquisChD  TX=SET #FRAMES 6.000000
8/22/2022 4:55 PM CommandAcquisChD  TX=SET #CUBES 1.0000 
8/22/2022 4:55 PM ResponseAcquisChD  RX=DONE
8/22/2022 4:55 PM CommandAcquisChD  TX=SET SUFFIX DARK
8/22/2022 4:55 PM ResponseAcquisChD  RX=DONE
8/22/2022 4:55 PM CommandAcquisChD  TX=SET OBSTYPE DARK
8/22/2022 4:55 PM ResponseAcquisChD  RX=DONE
8/22/2022 4:55 PM ResponseAcquisChD  RX=DONE
8/22/2022 4:55 PM CommandSyncBox  TX=ADELAY 0m

8/22/2022 4:55 PM ResponseSyncBox  RX=

     Highland Technology  Model T560  Digital Delay Generator

Firmware 28E560-D  02407                Cal date July 19, 2018      

Trig   REM  50R  Level 1.250   Div   0,000,000,000  SYN 00,010,000.00
Gate   OFF  POS  HIZ           Shots 0,000,000,261
Burst  OFF  N  0,000,000,016   of M  0,000,000,064

Verbos ON   Autoinstall FEOD   Usec 2,374,509,904  DPLL 00009
Clock  OUT  Trim 02166         Temp +49.2

Errs   None

Ch A  POS  ON     Dly  00.000,000,000,000  Wid  00.200,000,000,000
Ch B  POS  ON     Dly  00.000,000,000,000  Wid  00.200,000,000,000
Ch C  POS  ON     Dly  00.000,000,000,000  Wid  00.200,000,000,000
Ch D  POS  ON     Dly  00.000,000,000,000  Wid  00.200,000,000,000



8/22/2022 4:55 PM ResponseSyncBox  RX=OK

8/22/2022 4:55 PM CommandSyncBox  TX=BDELAY 0m

8/22/2022 4:55 PM ResponseSyncBox  RX=OK

8/22/2022 4:55 PM CommandSyncBox  TX=CDELAY 0m

8/22/2022 4:55 PM ResponseSyncBox  RX=OK

8/22/2022 4:55 PM CommandSyncBox  TX=DDELAY 0m

8/22/2022 4:55 PM ResponseSyncBox  RX=OK

8/22/2022 4:55 PM CommandSyncBox  TX=AWIDTH 200m

8/22/2022 4:55 PM ResponseSyncBox  RX=OK

8/22/2022 4:55 PM CommandSyncBox  TX=BWIDTH 200m

8/22/2022 4:55 PM ResponseSyncBox  RX=OK

8/22/2022 4:55 PM CommandSyncBox  TX=CWIDTH 200m

8/22/2022 4:55 PM ResponseSyncBox  RX=OK

8/22/2022 4:55 PM CommandSyncBox  TX=DWIDTH 200m

8/22/2022 4:55 PM ResponseSyncBox  RX=OK

8/22/2022 4:55 PM CommandSyncBox  TX=aset on

8/22/2022 4:55 PM ResponseSyncBox  RX=OK

8/22/2022 4:55 PM CommandSyncBox  TX=bset on

8/22/2022 4:55 PM ResponseSyncBox  RX=OK

8/22/2022 4:55 PM CommandSyncBox  TX=cset on

8/22/2022 4:55 PM ResponseSyncBox  RX=OK

8/22/2022 4:55 PM CommandSyncBox  TX=dset on

8/22/2022 4:55 PM ResponseSyncBox  RX=OK

8/22/2022 4:55 PM CommandSyncBox  TX=IN

8/22/2022 4:55 PM ResponseSyncBox  RX=OK

8/22/2022 4:55 PM CommandAcquisChD  TX=EXPOSE
8/22/2022 4:56 PM CommandSyncBox  TX=TRigger REmote

8/22/2022 4:56 PM ResponseSyncBox  RX=

     Highland Technology  Model T560  Digital Delay Generator

Firmware 28E560-D  02407                Cal date July 19, 2018      

Trig   REM  50R  Level 1.250   Div   0,000,000,000  SYN 00,010,000.00
Gate   OFF  POS  HIZ           Shots 0,000,000,261
Burst  OFF  N  0,000,000,016   of M  0,000,000,064

Verbos ON   Autoinstall FEOD   Usec 2,377,288,401  DPLL 00009
Clock  OUT  Trim 02166         Temp +49.2

Errs   None

Ch A  POS  ON     Dly  00.000,000,000,000  Wid  00.200,000,000,000
Ch B  POS  ON     Dly  00.000,000,000,000  Wid  00.200,000,000,000
Ch C  POS  ON     Dly  00.000,000,000,000  Wid  00.200,000,000,000
Ch D  POS  ON     Dly  00.000,000,000,000  Wid  00.200,000,000,000



8/22/2022 4:56 PM ResponseSyncBox  RX=OK

8/22/2022 4:56 PM CommandSyncBox  TX=IN

8/22/2022 4:56 PM ResponseSyncBox  RX=OK

8/22/2022 4:56 PM CommandSyncBox  TX=TRigger

8/22/2022 4:56 PM ResponseSyncBox  RX=Trig   REM  50R  Level 1.250   Div   0,000,000,000  SYN 00,010,000.00

8/22/2022 4:56 PM CommandSyncBox  TX=FIre

8/22/2022 4:56 PM ResponseSyncBox  RX=OK

8/22/2022 4:56 PM CommandAcquisChD  TX=SET EXPTIME 1.500000
8/22/2022 4:56 PM ResponseAcquisChD  RX=DONE
8/22/2022 4:56 PM CommandAcquisChD  TX=SET #FRAMES 6.000000
8/22/2022 4:56 PM ResponseAcquisChD  RX=DONE
8/22/2022 4:56 PM CommandAcquisChD  TX=SET #CUBES 1.0000 
8/22/2022 4:56 PM ResponseAcquisChD  RX=DONE
8/22/2022 4:56 PM CommandAcquisChD  TX=SET SUFFIX DARK
8/22/2022 4:56 PM ResponseAcquisChD  RX=DONE
8/22/2022 4:56 PM CommandAcquisChD  TX=SET OBSTYPE DARK
8/22/2022 4:56 PM ResponseAcquisChD  RX=DONE
8/22/2022 4:56 PM CommandSyncBox  TX=ADELAY 0m

8/22/2022 4:56 PM ResponseSyncBox  RX=OK

8/22/2022 4:56 PM CommandSyncBox  TX=BDELAY 0m

8/22/2022 4:56 PM ResponseSyncBox  RX=OK

8/22/2022 4:56 PM CommandSyncBox  TX=CDELAY 0m

8/22/2022 4:56 PM ResponseSyncBox  RX=OK

8/22/2022 4:56 PM CommandSyncBox  TX=DDELAY 0m

8/22/2022 4:56 PM ResponseSyncBox  RX=OK

8/22/2022 4:56 PM CommandSyncBox  TX=AWIDTH 200m

8/22/2022 4:56 PM ResponseSyncBox  RX=OK

8/22/2022 4:56 PM CommandSyncBox  TX=BWIDTH 200m

8/22/2022 4:56 PM ResponseSyncBox  RX=OK

8/22/2022 4:56 PM CommandSyncBox  TX=CWIDTH 200m

8/22/2022 4:56 PM ResponseSyncBox  RX=OK

8/22/2022 4:56 PM CommandSyncBox  TX=DWIDTH 200m

8/22/2022 4:56 PM ResponseSyncBox  RX=OK

8/22/2022 4:56 PM CommandSyncBox  TX=aset on

8/22/2022 4:56 PM ResponseSyncBox  RX=OK

8/22/2022 4:56 PM CommandSyncBox  TX=bset on

8/22/2022 4:56 PM ResponseSyncBox  RX=OK

8/22/2022 4:56 PM CommandSyncBox  TX=cset on

8/22/2022 4:56 PM ResponseSyncBox  RX=OK

8/22/2022 4:56 PM CommandSyncBox  TX=dset on

8/22/2022 4:56 PM ResponseSyncBox  RX=OK

8/22/2022 4:56 PM CommandSyncBox  TX=IN

8/22/2022 4:56 PM ResponseSyncBox  RX=OK

8/22/2022 4:56 PM CommandAcquisChD  TX=EXPOSE
8/22/2022 4:56 PM CommandSyncBox  TX=TRigger REmote

8/22/2022 4:56 PM ResponseSyncBox  RX=OK

8/22/2022 4:56 PM CommandSyncBox  TX=IN

8/22/2022 4:56 PM ResponseSyncBox  RX=OK

8/22/2022 4:56 PM CommandSyncBox  TX=TRigger

8/22/2022 4:56 PM ResponseSyncBox  RX=Trig   REM  50R  Level 1.250   Div   0,000,000,000  SYN 00,010,000.00

8/22/2022 4:56 PM CommandSyncBox  TX=FIre

8/22/2022 4:56 PM ResponseSyncBox  RX=OK

8/22/2022 4:56 PM CommandAcquisChD  TX=SET EXPTIME 1.500000
8/22/2022 4:56 PM ResponseAcquisChD  RX=DONE
8/22/2022 4:56 PM CommandAcquisChD  TX=SET #FRAMES 6.000000
8/22/2022 4:56 PM CommandAcquisChD  TX=SET #CUBES 1.0000 
8/22/2022 4:56 PM ResponseAcquisChD  RX=DONE
8/22/2022 4:56 PM CommandAcquisChD  TX=SET SUFFIX DARK
8/22/2022 4:56 PM ResponseAcquisChD  RX=DONE
8/22/2022 4:56 PM CommandAcquisChD  TX=SET OBSTYPE DARK
8/22/2022 4:56 PM ResponseAcquisChD  RX=DONE
8/22/2022 4:56 PM ResponseAcquisChD  RX=DONE
8/22/2022 4:56 PM CommandSyncBox  TX=ADELAY 0m

8/22/2022 4:56 PM ResponseSyncBox  RX=OK

8/22/2022 4:56 PM CommandSyncBox  TX=BDELAY 0m

8/22/2022 4:56 PM ResponseSyncBox  RX=OK

8/22/2022 4:56 PM CommandSyncBox  TX=CDELAY 0m

8/22/2022 4:56 PM ResponseSyncBox  RX=OK

8/22/2022 4:56 PM CommandSyncBox  TX=DDELAY 0m

8/22/2022 4:56 PM ResponseSyncBox  RX=OK

8/22/2022 4:56 PM CommandSyncBox  TX=AWIDTH 200m

8/22/2022 4:56 PM ResponseSyncBox  RX=OK

8/22/2022 4:56 PM CommandSyncBox  TX=BWIDTH 200m

8/22/2022 4:56 PM ResponseSyncBox  RX=OK

8/22/2022 4:56 PM CommandSyncBox  TX=CWIDTH 200m

8/22/2022 4:56 PM ResponseSyncBox  RX=OK

8/22/2022 4:56 PM CommandSyncBox  TX=DWIDTH 200m

8/22/2022 4:56 PM ResponseSyncBox  RX=OK

8/22/2022 4:56 PM CommandSyncBox  TX=aset on

8/22/2022 4:56 PM ResponseSyncBox  RX=OK

8/22/2022 4:56 PM CommandSyncBox  TX=bset on

8/22/2022 4:56 PM ResponseSyncBox  RX=OK

8/22/2022 4:56 PM CommandSyncBox  TX=cset on

8/22/2022 4:56 PM ResponseSyncBox  RX=OK

8/22/2022 4:56 PM CommandSyncBox  TX=dset on

8/22/2022 4:56 PM ResponseSyncBox  RX=OK

8/22/2022 4:56 PM CommandSyncBox  TX=IN

8/22/2022 4:56 PM ResponseSyncBox  RX=OK

8/22/2022 4:56 PM CommandAcquisChD  TX=EXPOSE
8/22/2022 4:56 PM ResponseAcquisChD  RX=RETURNING_STATUS {"CUBE_EXPOSURE_TIME":5,"CUBES_DONE":1,"LAST_IMAGE_NAME":"20220822_s4c4_DARK_000004.fits","DISK_SPACE":0,"FRAMES_DONE":1,"CCD_STATUS":"IDLE","CURRENT_TEMPERATURE":19,"TEMPERATURE_STATUS":"TEMPERATURE_OFF","FRAME_EXPOSURE_TIME":5,"CCD_POWER_STATUS":true,"SERIAL_NUMBER":9915,"ACQUIRING":false}
8/22/2022 4:56 PM CommandSyncBox  TX=TRigger REmote

8/22/2022 4:56 PM ResponseSyncBox  RX=

     Highland Technology  Model T560  Digital Delay Generator

Firmware 28E560-D  02407                Cal date July 19, 2018      

Trig   REM  50R  Level 1.250   Div   0,000,000,000  SYN 00,010,000.00
Gate   OFF  POS  HIZ           Shots 0,000,000,263
Burst  OFF  N  0,000,000,016   of M  0,000,000,064

Verbos ON   Autoinstall FEOD   Usec 2,409,968,209  DPLL 00010
Clock  OUT  Trim 02166         Temp +49.2

Errs   None

Ch A  POS  ON     Dly  00.000,000,000,000  Wid  00.200,000,000,000
Ch B  POS  ON     Dly  00.000,000,000,000  Wid  00.200,000,000,000
Ch C  POS  ON     Dly  00.000,000,000,000  Wid  00.200,000,000,000
Ch D  POS  ON     Dly  00.000,000,000,000  Wid  00.200,000,000,000



8/22/2022 4:56 PM ResponseSyncBox  RX=OK

8/22/2022 4:56 PM CommandSyncBox  TX=IN

8/22/2022 4:56 PM ResponseSyncBox  RX=OK

8/22/2022 4:56 PM CommandSyncBox  TX=TRigger

8/22/2022 4:56 PM ResponseSyncBox  RX=Trig   REM  50R  Level 1.250   Div   0,000,000,000  SYN 00,010,000.00

8/22/2022 4:56 PM CommandSyncBox  TX=FIre

8/22/2022 4:56 PM ResponseSyncBox  RX=OK

8/22/2022 4:56 PM CommandAcquisChD  TX=SET EXPTIME 1.500000
8/22/2022 4:56 PM ResponseAcquisChD  RX=RETURNING_STATUS {"CUBE_EXPOSURE_TIME":5,"CUBES_DONE":1,"LAST_IMAGE_NAME":"20220822_s4c4_DARK_000005.fits","DISK_SPACE":0,"FRAMES_DONE":1,"CCD_STATUS":"IDLE","CURRENT_TEMPERATURE":19,"TEMPERATURE_STATUS":"TEMPERATURE_OFF","FRAME_EXPOSURE_TIME":5,"CCD_POWER_STATUS":true,"SERIAL_NUMBER":9915,"ACQUIRING":false}
8/22/2022 4:56 PM ResponseAcquisChD  RX=DONE
8/22/2022 4:56 PM CommandAcquisChD  TX=SET #FRAMES 6.000000
8/22/2022 4:56 PM CommandAcquisChD  TX=SET #CUBES 1.0000 
8/22/2022 4:56 PM ResponseAcquisChD  RX=DONE
8/22/2022 4:56 PM CommandAcquisChD  TX=SET SUFFIX DARK
8/22/2022 4:56 PM ResponseAcquisChD  RX=DONE
8/22/2022 4:56 PM CommandAcquisChD  TX=SET OBSTYPE DARK
8/22/2022 4:56 PM ResponseAcquisChD  RX=DONE
8/22/2022 4:56 PM ResponseAcquisChD  RX=DONE
8/22/2022 4:56 PM CommandSyncBox  TX=ADELAY 0m

8/22/2022 4:56 PM ResponseSyncBox  RX=OK

8/22/2022 4:56 PM CommandSyncBox  TX=BDELAY 0m

8/22/2022 4:56 PM ResponseSyncBox  RX=OK

8/22/2022 4:56 PM CommandSyncBox  TX=CDELAY 0m

8/22/2022 4:56 PM ResponseSyncBox  RX=OK

8/22/2022 4:56 PM CommandSyncBox  TX=DDELAY 0m

8/22/2022 4:56 PM ResponseSyncBox  RX=OK

8/22/2022 4:56 PM CommandSyncBox  TX=AWIDTH 200m

8/22/2022 4:56 PM ResponseSyncBox  RX=OK

8/22/2022 4:56 PM CommandSyncBox  TX=BWIDTH 200m

8/22/2022 4:56 PM ResponseSyncBox  RX=OK

8/22/2022 4:56 PM CommandSyncBox  TX=CWIDTH 200m

8/22/2022 4:56 PM ResponseSyncBox  RX=OK

8/22/2022 4:56 PM CommandSyncBox  TX=DWIDTH 200m

8/22/2022 4:56 PM ResponseSyncBox  RX=OK

8/22/2022 4:56 PM CommandSyncBox  TX=aset on

8/22/2022 4:56 PM ResponseSyncBox  RX=OK

8/22/2022 4:56 PM CommandSyncBox  TX=bset on

8/22/2022 4:56 PM ResponseSyncBox  RX=OK

8/22/2022 4:56 PM CommandSyncBox  TX=cset on

8/22/2022 4:56 PM ResponseSyncBox  RX=OK

8/22/2022 4:56 PM CommandSyncBox  TX=dset on

8/22/2022 4:56 PM ResponseSyncBox  RX=OK

8/22/2022 4:56 PM CommandSyncBox  TX=IN

8/22/2022 4:56 PM ResponseSyncBox  RX=OK

8/22/2022 4:56 PM CommandAcquisChD  TX=EXPOSE
8/22/2022 4:56 PM CommandSyncBox  TX=TRigger REmote

8/22/2022 4:56 PM ResponseSyncBox  RX=

     Highland Technology  Model T560  Digital Delay Generator

Firmware 28E560-D  02407                Cal date July 19, 2018      

Trig   REM  50R  Level 1.250   Div   0,000,000,000  SYN 00,010,000.00
Gate   OFF  POS  HIZ           Shots 0,000,000,264
Burst  OFF  N  0,000,000,016   of M  0,000,000,064

Verbos ON   Autoinstall FEOD   Usec 2,425,918,878  DPLL 00011
Clock  OUT  Trim 02166         Temp +49.2

Errs   None

Ch A  POS  ON     Dly  00.000,000,000,000  Wid  00.200,000,000,000
Ch B  POS  ON     Dly  00.000,000,000,000  Wid  00.200,000,000,000
Ch C  POS  ON     Dly  00.000,000,000,000  Wid  00.200,000,000,000
Ch D  POS  ON     Dly  00.000,000,000,000  Wid  00.200,000,000,000



8/22/2022 4:56 PM ResponseSyncBox  RX=OK

8/22/2022 4:56 PM CommandSyncBox  TX=IN

8/22/2022 4:56 PM ResponseSyncBox  RX=OK

8/22/2022 4:56 PM CommandSyncBox  TX=TRigger

8/22/2022 4:56 PM ResponseSyncBox  RX=Trig   REM  50R  Level 1.250   Div   0,000,000,000  SYN 00,010,000.00

8/22/2022 4:56 PM CommandSyncBox  TX=FIre

8/22/2022 4:56 PM ResponseSyncBox  RX=OK

8/22/2022 4:58 PM CommandAcquisChD  TX=SET EXPTIME 1.500000
8/22/2022 4:58 PM ResponseAcquisChD  RX=DONE
8/22/2022 4:58 PM CommandAcquisChD  TX=SET #FRAMES 6.000000
8/22/2022 4:58 PM ResponseAcquisChD  RX=DONE
8/22/2022 4:58 PM CommandAcquisChD  TX=SET #CUBES 1.0000 
8/22/2022 4:58 PM ResponseAcquisChD  RX=DONE
8/22/2022 4:58 PM CommandAcquisChD  TX=SET SUFFIX DARK
8/22/2022 4:58 PM ResponseAcquisChD  RX=DONE
8/22/2022 4:58 PM CommandAcquisChD  TX=SET OBSTYPE DARK
8/22/2022 4:58 PM ResponseAcquisChD  RX=DONE
8/22/2022 4:58 PM CommandSyncBox  TX=ADELAY 0m

8/22/2022 4:58 PM ResponseSyncBox  RX=OK

8/22/2022 4:58 PM CommandSyncBox  TX=BDELAY 0m

8/22/2022 4:58 PM ResponseSyncBox  RX=OK

8/22/2022 4:58 PM CommandSyncBox  TX=CDELAY 0m

8/22/2022 4:58 PM ResponseSyncBox  RX=OK

8/22/2022 4:58 PM CommandSyncBox  TX=DDELAY 0m

8/22/2022 4:58 PM ResponseSyncBox  RX=OK

8/22/2022 4:58 PM CommandSyncBox  TX=AWIDTH 200m

8/22/2022 4:58 PM ResponseSyncBox  RX=OK

8/22/2022 4:58 PM CommandSyncBox  TX=BWIDTH 200m

8/22/2022 4:58 PM ResponseSyncBox  RX=OK

8/22/2022 4:58 PM CommandSyncBox  TX=CWIDTH 200m

8/22/2022 4:58 PM ResponseSyncBox  RX=OK

8/22/2022 4:58 PM CommandSyncBox  TX=DWIDTH 200m

8/22/2022 4:58 PM ResponseSyncBox  RX=OK

8/22/2022 4:58 PM CommandSyncBox  TX=aset on

8/22/2022 4:58 PM ResponseSyncBox  RX=OK

8/22/2022 4:58 PM CommandSyncBox  TX=bset on

8/22/2022 4:58 PM ResponseSyncBox  RX=OK

8/22/2022 4:58 PM CommandSyncBox  TX=cset on

8/22/2022 4:58 PM ResponseSyncBox  RX=OK

8/22/2022 4:58 PM CommandSyncBox  TX=dset on

8/22/2022 4:58 PM ResponseSyncBox  RX=OK

8/22/2022 4:58 PM CommandSyncBox  TX=IN

8/22/2022 4:58 PM ResponseSyncBox  RX=OK

8/22/2022 4:58 PM CommandAcquisChD  TX=EXPOSE
8/22/2022 4:58 PM CommandSyncBox  TX=TRigger REmote

8/22/2022 4:58 PM ResponseSyncBox  RX=OK

8/22/2022 4:58 PM CommandSyncBox  TX=IN

8/22/2022 4:58 PM ResponseSyncBox  RX=OK

8/22/2022 4:58 PM CommandSyncBox  TX=TRigger

8/22/2022 4:58 PM ResponseSyncBox  RX=Trig   REM  50R  Level 1.250   Div   0,000,000,000  SYN 00,010,000.00

8/22/2022 4:58 PM CommandSyncBox  TX=FIre

8/22/2022 4:58 PM ResponseSyncBox  RX=OK

8/22/2022 5:00 PM CommandAcquisChD  TX=SET EXPTIME 1.500000
8/22/2022 5:00 PM ResponseAcquisChD  RX=RETURNING_STATUS {"CUBE_EXPOSURE_TIME":5,"CUBES_DONE":1,"LAST_IMAGE_NAME":"20220822_s4c4_DARK_000007.fits","DISK_SPACE":0,"FRAMES_DONE":1,"CCD_STATUS":"IDLE","CURRENT_TEMPERATURE":19,"TEMPERATURE_STATUS":"TEMPERATURE_OFF","FRAME_EXPOSURE_TIME":5,"CCD_POWER_STATUS":true,"SERIAL_NUMBER":9915,"ACQUIRING":false}
8/22/2022 5:00 PM ResponseAcquisChD  RX=DONE
8/22/2022 5:00 PM CommandAcquisChD  TX=SET #FRAMES 6.000000
8/22/2022 5:00 PM CommandAcquisChD  TX=SET #CUBES 1.0000 
8/22/2022 5:00 PM CommandAcquisChD  TX=SET SUFFIX DARK
8/22/2022 5:00 PM ResponseAcquisChD  RX=DONE
8/22/2022 5:00 PM CommandAcquisChD  TX=SET OBSTYPE DARK
8/22/2022 5:00 PM ResponseAcquisChD  RX=DONE
8/22/2022 5:00 PM ResponseAcquisChD  RX=DONE
8/22/2022 5:00 PM CommandSyncBox  TX=ADELAY 0m

8/22/2022 5:00 PM ResponseAcquisChD  RX=DONE
8/22/2022 5:00 PM ResponseSyncBox  RX=OK

8/22/2022 5:00 PM CommandSyncBox  TX=BDELAY 0m

8/22/2022 5:00 PM ResponseSyncBox  RX=OK

8/22/2022 5:00 PM CommandSyncBox  TX=CDELAY 0m

8/22/2022 5:00 PM ResponseSyncBox  RX=OK

8/22/2022 5:00 PM CommandSyncBox  TX=DDELAY 0m

8/22/2022 5:00 PM ResponseSyncBox  RX=OK

8/22/2022 5:00 PM CommandSyncBox  TX=AWIDTH 200m

8/22/2022 5:00 PM ResponseSyncBox  RX=OK

8/22/2022 5:00 PM CommandSyncBox  TX=BWIDTH 200m

8/22/2022 5:00 PM ResponseSyncBox  RX=OK

8/22/2022 5:00 PM CommandSyncBox  TX=CWIDTH 200m

8/22/2022 5:00 PM ResponseSyncBox  RX=OK

8/22/2022 5:00 PM CommandSyncBox  TX=DWIDTH 200m

8/22/2022 5:00 PM ResponseSyncBox  RX=OK

8/22/2022 5:00 PM CommandSyncBox  TX=aset on

8/22/2022 5:00 PM ResponseSyncBox  RX=OK

8/22/2022 5:00 PM CommandSyncBox  TX=bset on

8/22/2022 5:00 PM ResponseSyncBox  RX=OK

8/22/2022 5:00 PM CommandSyncBox  TX=cset on

8/22/2022 5:00 PM ResponseSyncBox  RX=OK

8/22/2022 5:00 PM CommandSyncBox  TX=dset on

8/22/2022 5:00 PM ResponseSyncBox  RX=OK

8/22/2022 5:00 PM CommandSyncBox  TX=IN

8/22/2022 5:00 PM ResponseSyncBox  RX=OK

8/22/2022 5:00 PM CommandAcquisChD  TX=EXPOSE
8/22/2022 5:00 PM CommandSyncBox  TX=TRigger REmote

8/22/2022 5:00 PM ResponseSyncBox  RX=OK

8/22/2022 5:00 PM CommandSyncBox  TX=IN

8/22/2022 5:00 PM ResponseSyncBox  RX=OK

8/22/2022 5:00 PM CommandSyncBox  TX=TRigger

8/22/2022 5:00 PM ResponseSyncBox  RX=Trig   REM  50R  Level 1.250   Div   0,000,000,000  SYN 00,010,000.00

8/22/2022 5:00 PM CommandSyncBox  TX=FIre

8/22/2022 5:00 PM ResponseSyncBox  RX=OK

8/22/2022 5:01 PM CommandAcquisChD  TX=SET EXPTIME 2.000000
8/22/2022 5:01 PM ResponseAcquisChD  RX=RETURNING_STATUS {"CUBE_EXPOSURE_TIME":5,"CUBES_DONE":1,"LAST_IMAGE_NAME":"20220822_s4c4_DARK_000008.fits","DISK_SPACE":0,"FRAMES_DONE":1,"CCD_STATUS":"IDLE","CURRENT_TEMPERATURE":19,"TEMPERATURE_STATUS":"TEMPERATURE_OFF","FRAME_EXPOSURE_TIME":5,"CCD_POWER_STATUS":true,"SERIAL_NUMBER":9915,"ACQUIRING":false}
8/22/2022 5:01 PM ResponseAcquisChD  RX=DONE
8/22/2022 5:01 PM CommandAcquisChD  TX=SET #FRAMES 3.000000
8/22/2022 5:01 PM CommandAcquisChD  TX=SET #CUBES 1.0000 
8/22/2022 5:01 PM ResponseAcquisChD  RX=DONE
8/22/2022 5:01 PM CommandAcquisChD  TX=SET SUFFIX DARK
8/22/2022 5:01 PM ResponseAcquisChD  RX=DONE
8/22/2022 5:01 PM CommandAcquisChD  TX=SET OBSTYPE DARK
8/22/2022 5:01 PM ResponseAcquisChD  RX=DONE
8/22/2022 5:01 PM ResponseAcquisChD  RX=DONE
8/22/2022 5:01 PM CommandSyncBox  TX=ADELAY 0m

8/22/2022 5:01 PM ResponseSyncBox  RX=OK

8/22/2022 5:01 PM CommandSyncBox  TX=BDELAY 0m

8/22/2022 5:01 PM ResponseSyncBox  RX=OK

8/22/2022 5:01 PM CommandSyncBox  TX=CDELAY 0m

8/22/2022 5:01 PM ResponseSyncBox  RX=OK

8/22/2022 5:01 PM CommandSyncBox  TX=DDELAY 0m

8/22/2022 5:01 PM ResponseSyncBox  RX=OK

8/22/2022 5:01 PM CommandSyncBox  TX=AWIDTH 200m

8/22/2022 5:01 PM ResponseSyncBox  RX=OK

8/22/2022 5:01 PM CommandSyncBox  TX=BWIDTH 200m

8/22/2022 5:01 PM ResponseSyncBox  RX=OK

8/22/2022 5:01 PM CommandSyncBox  TX=CWIDTH 200m

8/22/2022 5:01 PM ResponseSyncBox  RX=OK

8/22/2022 5:01 PM CommandSyncBox  TX=DWIDTH 200m

8/22/2022 5:01 PM ResponseSyncBox  RX=OK

8/22/2022 5:01 PM CommandSyncBox  TX=aset on

8/22/2022 5:01 PM ResponseSyncBox  RX=OK

8/22/2022 5:01 PM CommandSyncBox  TX=bset on

8/22/2022 5:01 PM ResponseSyncBox  RX=OK

8/22/2022 5:01 PM CommandSyncBox  TX=cset on

8/22/2022 5:01 PM ResponseSyncBox  RX=OK

8/22/2022 5:01 PM CommandSyncBox  TX=dset on

8/22/2022 5:01 PM ResponseSyncBox  RX=OK

8/22/2022 5:01 PM CommandSyncBox  TX=IN

8/22/2022 5:01 PM ResponseSyncBox  RX=OK

8/22/2022 5:01 PM CommandAcquisChD  TX=EXPOSE
8/22/2022 5:01 PM CommandSyncBox  TX=TRigger REmote

8/22/2022 5:01 PM ResponseSyncBox  RX=

     Highland Technology  Model T560  Digital Delay Generator

Firmware 28E560-D  02407                Cal date July 19, 2018      

Trig   REM  50R  Level 1.250   Div   0,000,000,000  SYN 00,010,000.00
Gate   OFF  POS  HIZ           Shots 0,000,000,267
Burst  OFF  N  0,000,000,016   of M  0,000,000,064

Verbos ON   Autoinstall FEOD   Usec 2,720,817,181  DPLL 00010
Clock  OUT  Trim 02166         Temp +49.2

Errs   None

Ch A  POS  ON     Dly  00.000,000,000,000  Wid  00.200,000,000,000
Ch B  POS  ON     Dly  00.000,000,000,000  Wid  00.200,000,000,000
Ch C  POS  ON     Dly  00.000,000,000,000  Wid  00.200,000,000,000
Ch D  POS  ON     Dly  00.000,000,000,000  Wid  00.200,000,000,000



8/22/2022 5:01 PM ResponseSyncBox  RX=OK

8/22/2022 5:01 PM CommandSyncBox  TX=IN

8/22/2022 5:01 PM ResponseSyncBox  RX=OK

8/22/2022 5:01 PM CommandSyncBox  TX=TRigger

8/22/2022 5:01 PM ResponseSyncBox  RX=Trig   REM  50R  Level 1.250   Div   0,000,000,000  SYN 00,010,000.00

8/22/2022 5:01 PM CommandSyncBox  TX=FIre

8/22/2022 5:01 PM ResponseSyncBox  RX=OK

8/22/2022 5:01 PM CommandAcquisChD  TX=SET EXPTIME 2.000000
8/22/2022 5:01 PM ResponseAcquisChD  RX=DONE
8/22/2022 5:01 PM CommandAcquisChD  TX=SET #FRAMES 6.000000
8/22/2022 5:01 PM CommandAcquisChD  TX=SET #CUBES 1.0000 
8/22/2022 5:01 PM ResponseAcquisChD  RX=DONE
8/22/2022 5:01 PM CommandAcquisChD  TX=SET SUFFIX DARK
8/22/2022 5:01 PM ResponseAcquisChD  RX=DONE
8/22/2022 5:01 PM CommandAcquisChD  TX=SET OBSTYPE DARK
8/22/2022 5:01 PM ResponseAcquisChD  RX=DONE
8/22/2022 5:01 PM ResponseAcquisChD  RX=DONE
8/22/2022 5:01 PM CommandSyncBox  TX=ADELAY 0m

8/22/2022 5:01 PM ResponseSyncBox  RX=OK

8/22/2022 5:01 PM CommandSyncBox  TX=BDELAY 0m

8/22/2022 5:01 PM ResponseSyncBox  RX=OK

8/22/2022 5:01 PM CommandSyncBox  TX=CDELAY 0m

8/22/2022 5:01 PM ResponseSyncBox  RX=OK

8/22/2022 5:01 PM CommandSyncBox  TX=DDELAY 0m

8/22/2022 5:01 PM ResponseSyncBox  RX=OK

8/22/2022 5:01 PM CommandSyncBox  TX=AWIDTH 200m

8/22/2022 5:01 PM ResponseSyncBox  RX=OK

8/22/2022 5:01 PM CommandSyncBox  TX=BWIDTH 200m

8/22/2022 5:01 PM ResponseSyncBox  RX=OK

8/22/2022 5:01 PM CommandSyncBox  TX=CWIDTH 200m

8/22/2022 5:01 PM ResponseSyncBox  RX=OK

8/22/2022 5:01 PM CommandSyncBox  TX=DWIDTH 200m

8/22/2022 5:01 PM ResponseSyncBox  RX=OK

8/22/2022 5:01 PM CommandSyncBox  TX=aset on

8/22/2022 5:01 PM ResponseSyncBox  RX=OK

8/22/2022 5:01 PM CommandSyncBox  TX=bset on

8/22/2022 5:01 PM ResponseSyncBox  RX=OK

8/22/2022 5:01 PM CommandSyncBox  TX=cset on

8/22/2022 5:01 PM ResponseSyncBox  RX=OK

8/22/2022 5:01 PM CommandSyncBox  TX=dset on

8/22/2022 5:01 PM ResponseSyncBox  RX=OK

8/22/2022 5:01 PM CommandSyncBox  TX=IN

8/22/2022 5:01 PM ResponseSyncBox  RX=OK

8/22/2022 5:01 PM CommandAcquisChD  TX=EXPOSE
8/22/2022 5:01 PM CommandSyncBox  TX=TRigger REmote

8/22/2022 5:01 PM ResponseSyncBox  RX=

     Highland Technology  Model T560  Digital Delay Generator

Firmware 28E560-D  02407                Cal date July 19, 2018      

Trig   REM  50R  Level 1.250   Div   0,000,000,000  SYN 00,010,000.00
Gate   OFF  POS  HIZ           Shots 0,000,000,268
Burst  OFF  N  0,000,000,016   of M  0,000,000,064

Verbos ON   Autoinstall FEOD   Usec 2,735,196,394  DPLL 00010
Clock  OUT  Trim 02166         Temp +49.2

Errs   None

Ch A  POS  ON     Dly  00.000,000,000,000  Wid  00.200,000,000,000
Ch B  POS  ON     Dly  00.000,000,000,000  Wid  00.200,000,000,000
Ch C  POS  ON     Dly  00.000,000,000,000  Wid  00.200,000,000,000
Ch D  POS  ON     Dly  00.000,000,000,000  Wid  00.200,000,000,000



8/22/2022 5:01 PM ResponseSyncBox  RX=OK

8/22/2022 5:01 PM CommandSyncBox  TX=IN

8/22/2022 5:01 PM ResponseSyncBox  RX=OK

8/22/2022 5:01 PM CommandSyncBox  TX=TRigger

8/22/2022 5:01 PM ResponseSyncBox  RX=Trig   REM  50R  Level 1.250   Div   0,000,000,000  SYN 00,010,000.00

8/22/2022 5:01 PM CommandSyncBox  TX=FIre

8/22/2022 5:01 PM ResponseSyncBox  RX=OK

8/22/2022 5:02 PM CommandAcquisChD  TX=SET EXPTIME 2.000000
8/22/2022 5:02 PM ResponseAcquisChD  RX=DONE
8/22/2022 5:02 PM CommandAcquisChD  TX=SET #FRAMES 6.000000
8/22/2022 5:02 PM CommandAcquisChD  TX=SET #CUBES 1.0000 
8/22/2022 5:02 PM ResponseAcquisChD  RX=DONE
8/22/2022 5:02 PM CommandAcquisChD  TX=SET SUFFIX DARK
8/22/2022 5:02 PM ResponseAcquisChD  RX=DONE
8/22/2022 5:02 PM CommandAcquisChD  TX=SET OBSTYPE DARK
8/22/2022 5:02 PM ResponseAcquisChD  RX=DONE
8/22/2022 5:02 PM ResponseAcquisChD  RX=DONE
8/22/2022 5:02 PM CommandSyncBox  TX=ADELAY 0m

8/22/2022 5:02 PM ResponseSyncBox  RX=OK

8/22/2022 5:02 PM CommandSyncBox  TX=BDELAY 0m

8/22/2022 5:02 PM ResponseSyncBox  RX=OK

8/22/2022 5:02 PM CommandSyncBox  TX=CDELAY 0m

8/22/2022 5:02 PM ResponseSyncBox  RX=OK

8/22/2022 5:02 PM CommandSyncBox  TX=DDELAY 0m

8/22/2022 5:02 PM ResponseSyncBox  RX=OK

8/22/2022 5:02 PM CommandSyncBox  TX=AWIDTH 200m

8/22/2022 5:02 PM ResponseSyncBox  RX=OK

8/22/2022 5:02 PM CommandSyncBox  TX=BWIDTH 200m

8/22/2022 5:02 PM ResponseSyncBox  RX=OK

8/22/2022 5:02 PM CommandSyncBox  TX=CWIDTH 200m

8/22/2022 5:02 PM ResponseSyncBox  RX=OK

8/22/2022 5:02 PM CommandSyncBox  TX=DWIDTH 200m

8/22/2022 5:02 PM ResponseSyncBox  RX=OK

8/22/2022 5:02 PM CommandSyncBox  TX=aset on

8/22/2022 5:02 PM ResponseSyncBox  RX=OK

8/22/2022 5:02 PM CommandSyncBox  TX=bset on

8/22/2022 5:02 PM ResponseSyncBox  RX=OK

8/22/2022 5:02 PM CommandSyncBox  TX=cset on

8/22/2022 5:02 PM ResponseSyncBox  RX=OK

8/22/2022 5:02 PM CommandSyncBox  TX=dset on

8/22/2022 5:02 PM ResponseSyncBox  RX=OK

8/22/2022 5:02 PM CommandSyncBox  TX=IN

8/22/2022 5:02 PM ResponseSyncBox  RX=OK

8/22/2022 5:02 PM CommandAcquisChD  TX=EXPOSE
8/22/2022 5:02 PM ResponseAcquisChD  RX=RETURNING_STATUS {"CUBE_EXPOSURE_TIME":5,"CUBES_DONE":1,"LAST_IMAGE_NAME":"20220822_s4c4_DARK_000010.fits","DISK_SPACE":0,"FRAMES_DONE":1,"CCD_STATUS":"IDLE","CURRENT_TEMPERATURE":19,"TEMPERATURE_STATUS":"TEMPERATURE_OFF","FRAME_EXPOSURE_TIME":5,"CCD_POWER_STATUS":true,"SERIAL_NUMBER":9915,"ACQUIRING":false}
8/22/2022 5:02 PM CommandSyncBox  TX=TRigger REmote

8/22/2022 5:02 PM ResponseSyncBox  RX=OK

8/22/2022 5:02 PM CommandSyncBox  TX=IN

8/22/2022 5:02 PM ResponseSyncBox  RX=OK

8/22/2022 5:02 PM CommandSyncBox  TX=TRigger

8/22/2022 5:02 PM ResponseSyncBox  RX=Trig   REM  50R  Level 1.250   Div   0,000,000,000  SYN 00,010,000.00

8/22/2022 5:02 PM CommandSyncBox  TX=FIre

8/22/2022 5:02 PM ResponseSyncBox  RX=OK

