8/22/2022 10:32 AM CommandAcquisChA  TX=WRITE_SETUP {"ACQUISITION_MODE":3,"TRIGGER_MODE":2,"READ_MODE":4,"PREAMP":0,"READOUT_RATE":0,"VERTICAL_SHIFT_SPEED":3,"EM_MODE":1,"EM_GAIN":2,"SHUTTER_MODE":2,"SHUTTER_TTL":0,"SHUTTER_OPENING_TIME":1,"SHUTTER_CLOSING_TIME":1,"VBIN":1,"HBIN":1,"INITIAL_LINE":1,"INITIAL_COLUMN":1,"FINAL_LINE":1024,"FINAL_COLUMN":1024,"FRAME_TRANSFER":true,"VERTICAL_CLOCK_VOLTAGE":0,"AD_CHANNEL":0}
8/22/2022 10:32 AM CommandAcquisChB  TX=WRITE_SETUP {"ACQUISITION_MODE":3,"TRIGGER_MODE":1,"READ_MODE":0,"PREAMP":0,"READOUT_RATE":0,"VERTICAL_SHIFT_SPEED":0,"EM_MODE":1,"EM_GAIN":2,"SHUTTER_MODE":2,"SHUTTER_TTL":0,"SHUTTER_OPENING_TIME":1,"SHUTTER_CLOSING_TIME":1,"VBIN":1,"HBIN":1,"INITIAL_LINE":1,"INITIAL_COLUMN":1,"FINAL_LINE":1024,"FINAL_COLUMN":1024,"FRAME_TRANSFER":true,"VERTICAL_CLOCK_VOLTAGE":0,"AD_CHANNEL":0}
8/22/2022 10:32 AM CommandAcquisChC  TX=WRITE_SETUP {"ACQUISITION_MODE":3,"TRIGGER_MODE":1,"READ_MODE":0,"PREAMP":0,"READOUT_RATE":0,"VERTICAL_SHIFT_SPEED":0,"EM_MODE":1,"EM_GAIN":2,"SHUTTER_MODE":2,"SHUTTER_TTL":0,"SHUTTER_OPENING_TIME":1,"SHUTTER_CLOSING_TIME":1,"VBIN":1,"HBIN":1,"INITIAL_LINE":1,"INITIAL_COLUMN":1,"FINAL_LINE":1024,"FINAL_COLUMN":1024,"FRAME_TRANSFER":true,"VERTICAL_CLOCK_VOLTAGE":0,"AD_CHANNEL":0}
8/22/2022 10:32 AM CommandAcquisChD  TX=WRITE_SETUP {"ACQUISITION_MODE":3,"TRIGGER_MODE":1,"READ_MODE":0,"PREAMP":0,"READOUT_RATE":0,"VERTICAL_SHIFT_SPEED":3,"EM_MODE":1,"EM_GAIN":2,"SHUTTER_MODE":2,"SHUTTER_TTL":0,"SHUTTER_OPENING_TIME":1,"SHUTTER_CLOSING_TIME":1,"VBIN":1,"HBIN":1,"INITIAL_LINE":1,"INITIAL_COLUMN":1,"FINAL_LINE":1024,"FINAL_COLUMN":1024,"FRAME_TRANSFER":true,"VERTICAL_CLOCK_VOLTAGE":0,"AD_CHANNEL":0}
8/22/2022 10:32 AM CommandSyncBox  TX=ADELAY 1000m

8/22/2022 10:32 AM ResponseSyncBox  RX=.200,000,000,000


OK

8/22/2022 10:32 AM CommandSyncBox  TX=BDELAY 1500m

8/22/2022 10:32 AM ResponseSyncBox  RX=OK

8/22/2022 10:32 AM CommandSyncBox  TX=CDELAY 2000m

8/22/2022 10:32 AM ResponseSyncBox  RX=OK

8/22/2022 10:32 AM CommandSyncBox  TX=DDELAY 2500m

8/22/2022 10:32 AM ResponseSyncBox  RX=OK

8/22/2022 10:32 AM CommandSyncBox  TX=AWIDTH 200m

8/22/2022 10:32 AM ResponseSyncBox  RX=OK

8/22/2022 10:32 AM CommandSyncBox  TX=BWIDTH 200m

8/22/2022 10:32 AM ResponseSyncBox  RX=OK

8/22/2022 10:32 AM CommandSyncBox  TX=CWIDTH 200m

8/22/2022 10:32 AM ResponseSyncBox  RX=OK

8/22/2022 10:32 AM CommandSyncBox  TX=DWIDTH 200m

8/22/2022 10:32 AM ResponseSyncBox  RX=OK

8/22/2022 10:32 AM CommandSyncBox  TX=aset on

8/22/2022 10:32 AM ResponseSyncBox  RX=OK

8/22/2022 10:32 AM CommandSyncBox  TX=bset on

8/22/2022 10:32 AM ResponseSyncBox  RX=OK

8/22/2022 10:32 AM CommandSyncBox  TX=cset on

8/22/2022 10:32 AM ResponseSyncBox  RX=OK

8/22/2022 10:32 AM CommandSyncBox  TX=dset on

8/22/2022 10:32 AM ResponseSyncBox  RX=OK

8/22/2022 10:32 AM CommandSyncBox  TX=IN

8/22/2022 10:32 AM ResponseSyncBox  RX=OK

8/22/2022 10:32 AM CommandAcquisChA  TX=READ_SETUP 
8/22/2022 10:32 AM CommandAcquisChB  TX=READ_SETUP 
8/22/2022 10:32 AM CommandAcquisChC  TX=READ_SETUP 
8/22/2022 10:32 AM CommandAcquisChD  TX=READ_SETUP 
8/22/2022 10:32 AM ResponseAcquisChD  RX=CCD_SETUP {"PREAMP":0,"READOUT_RATE":0,"EM_GAIN":2,"VBIN":1,"INITIAL_LINE":1,"INITIAL_COLUMN":1,"FINAL_LINE":1024,"FINAL_COLUMN":1024,"TRIGGER_MODE":1,"HBIN":1,"SHUTTER_TTL":0,"SHUTTER_MODE":2,"SHUTTER_OPENING_TIME":1,"SHUTTER_CLOSING_TIME":1,"VERTICAL_SHIFT_SPEED":3,"READ_MODE":0,"FRAME_TRANSFER":true,"VERTICAL_CLOCK_VOLTAGE":0,"ACQUISITION_MODE":3,"AD_CHANNEL":0,"EM_MODE":1}
8/22/2022 10:32 AM CommandAcquisChD  TX=SET COOLER_POWER_STATUS 0
8/22/2022 10:32 AM ResponseAcquisChD  RX=DONE
8/22/2022 10:32 AM CommandAcquisChA  TX=SET COOLER_POWER_STATUS 0
8/22/2022 10:32 AM CommandAcquisChB  TX=SET COOLER_POWER_STATUS 0
8/22/2022 10:32 AM CommandAcquisChC  TX=SET COOLER_POWER_STATUS 0
8/22/2022 10:33 AM CommandAcquisChD  TX=SET EXPTIME 1.500000
8/22/2022 10:33 AM ResponseAcquisChD  RX=DONE
8/22/2022 10:33 AM CommandAcquisChD  TX=SET #FRAMES 5.000000
8/22/2022 10:33 AM ResponseAcquisChD  RX=DONE
8/22/2022 10:33 AM CommandAcquisChD  TX=SET #CUBES 1.0000 
8/22/2022 10:33 AM ResponseAcquisChD  RX=DONE
8/22/2022 10:33 AM CommandAcquisChD  TX=SET SUFFIX DARK
8/22/2022 10:33 AM ResponseAcquisChD  RX=DONE
8/22/2022 10:33 AM CommandAcquisChD  TX=SET OBSTYPE DARK
8/22/2022 10:33 AM ResponseAcquisChD  RX=DONE
8/22/2022 10:33 AM CommandSyncBox  TX=ADELAY 1000m

8/22/2022 10:33 AM ResponseSyncBox  RX=OK

8/22/2022 10:33 AM CommandSyncBox  TX=BDELAY 1500m

8/22/2022 10:33 AM ResponseSyncBox  RX=OK

8/22/2022 10:33 AM CommandSyncBox  TX=CDELAY 2000m

8/22/2022 10:33 AM ResponseSyncBox  RX=OK

8/22/2022 10:33 AM CommandSyncBox  TX=DDELAY 2500m

8/22/2022 10:33 AM ResponseSyncBox  RX=OK

8/22/2022 10:33 AM CommandSyncBox  TX=AWIDTH 200m

8/22/2022 10:33 AM ResponseSyncBox  RX=OK

8/22/2022 10:33 AM CommandInstrument  TX=S4ICS WPROT STOP NONE,WPSEL NONE NONE,GMIR NONE NONE,GFOC NONE NONE,CALW NONE NONE,ASEL NONE NONE

8/22/2022 10:33 AM CommandSyncBox  TX=BWIDTH 200m

8/22/2022 10:33 AM ResponseSyncBox  RX=OK

8/22/2022 10:33 AM CommandSyncBox  TX=CWIDTH 200m

8/22/2022 10:33 AM ResponseSyncBox  RX=OK

8/22/2022 10:33 AM CommandSyncBox  TX=DWIDTH 200m

8/22/2022 10:33 AM ResponseInstrument  RX=WPSEL SIMULATED BUSY 80 OFF 1, WPROT SIMULATED ACK 30 HOME 0, CALW SIMULATED READY 0.0 OFF 1, ASEL SIMULATED READY 0.0 OFF 1, GMIR SIMULATED READY 0.0 HOME 0, GFOC SIMULATED READY 0.0 HOME 0

8/22/2022 10:33 AM ResponseSyncBox  RX=OK

8/22/2022 10:33 AM CommandSyncBox  TX=aset on

8/22/2022 10:33 AM ResponseSyncBox  RX=OK

8/22/2022 10:33 AM CommandSyncBox  TX=bset on

8/22/2022 10:33 AM ResponseSyncBox  RX=OK

8/22/2022 10:33 AM CommandSyncBox  TX=cset on

8/22/2022 10:33 AM CommandAcquisChD  TX=SET EXPTIME 1.500000
8/22/2022 10:33 AM ResponseSyncBox  RX=OK

8/22/2022 10:33 AM CommandSyncBox  TX=dset on

8/22/2022 10:33 AM ResponseAcquisChD  RX=DONE
8/22/2022 10:33 AM ResponseSyncBox  RX=OK

8/22/2022 10:33 AM CommandAcquisChD  TX=SET #FRAMES 5.000000
8/22/2022 10:33 AM CommandSyncBox  TX=IN

8/22/2022 10:33 AM ResponseAcquisChD  RX=DONE
8/22/2022 10:33 AM ResponseSyncBox  RX=OK

8/22/2022 10:33 AM CommandAcquisChD  TX=SET #CUBES 1.0000 
8/22/2022 10:33 AM ResponseAcquisChD  RX=DONE
8/22/2022 10:33 AM CommandAcquisChD  TX=SET SUFFIX DARK
8/22/2022 10:33 AM ResponseAcquisChD  RX=DONE
8/22/2022 10:33 AM CommandAcquisChD  TX=SET OBSTYPE DARK
8/22/2022 10:33 AM ResponseAcquisChD  RX=DONE
8/22/2022 10:33 AM CommandSyncBox  TX=ADELAY 1000m

8/22/2022 10:33 AM ResponseSyncBox  RX=OK

8/22/2022 10:33 AM CommandSyncBox  TX=BDELAY 1500m

8/22/2022 10:33 AM ResponseSyncBox  RX=OK

8/22/2022 10:33 AM CommandSyncBox  TX=CDELAY 2000m

8/22/2022 10:33 AM ResponseSyncBox  RX=OK

8/22/2022 10:33 AM CommandSyncBox  TX=DDELAY 2500m

8/22/2022 10:33 AM ResponseSyncBox  RX=OK

8/22/2022 10:33 AM CommandSyncBox  TX=AWIDTH 200m

8/22/2022 10:33 AM ResponseSyncBox  RX=OK

8/22/2022 10:33 AM CommandSyncBox  TX=BWIDTH 200m

8/22/2022 10:33 AM ResponseSyncBox  RX=OK

8/22/2022 10:33 AM CommandSyncBox  TX=CWIDTH 200m

8/22/2022 10:33 AM ResponseSyncBox  RX=OK

8/22/2022 10:33 AM CommandSyncBox  TX=DWIDTH 200m

8/22/2022 10:33 AM ResponseSyncBox  RX=OK

8/22/2022 10:33 AM CommandSyncBox  TX=aset on

8/22/2022 10:33 AM ResponseSyncBox  RX=OK

8/22/2022 10:33 AM CommandSyncBox  TX=bset on

8/22/2022 10:33 AM ResponseSyncBox  RX=OK

8/22/2022 10:33 AM CommandSyncBox  TX=cset on

8/22/2022 10:33 AM ResponseSyncBox  RX=OK

8/22/2022 10:33 AM CommandSyncBox  TX=dset on

8/22/2022 10:33 AM ResponseSyncBox  RX=OK

8/22/2022 10:33 AM CommandSyncBox  TX=IN

8/22/2022 10:33 AM ResponseSyncBox  RX=OK

8/22/2022 10:33 AM CommandAcquisChD  TX=EXPOSE
8/22/2022 10:34 AM CommandSyncBox  TX=TRigger REmote

8/22/2022 10:34 AM ResponseSyncBox  RX=

     Highland Technology  Model T560  Digital Delay Generator

Firmware 28E560-D  02407                Cal date July 19, 2018      

Trig   REM  50R  Level 1.250   Div   0,000,000,000  SYN 00,010,000.00
Gate   OFF  POS  HIZ           Shots 0,000,000,113
Burst  OFF  N  0,000,000,016   of M  0,000,000,064

Verbos ON   Autoinstall FEOD   Usec 0,932,621,751  DPLL 00012
Clock  OUT  Trim 02166         Temp +49.5

Errs   None

Ch A  POS  ON     Dly  01.000,000,000,000  Wid  00.200,000,000,000
Ch B  POS  ON     Dly  01.500,000,000,000  Wid  00.200,000,000,000
Ch C  POS  ON     Dly  02.000,000,000,000  Wid  00.200,000,000,000
Ch D  POS  ON     Dly  02.500,000,000,000  Wid  00.200,000,000,000



8/22/2022 10:34 AM ResponseSyncBox  RX=OK

8/22/2022 10:34 AM CommandSyncBox  TX=IN

8/22/2022 10:34 AM ResponseSyncBox  RX=OK

8/22/2022 10:34 AM CommandSyncBox  TX=TRigger

8/22/2022 10:34 AM ResponseSyncBox  RX=Trig   REM  50R  Level 1.250   Div   0,000,000,000  SYN 00,010,000.00

8/22/2022 10:34 AM CommandSyncBox  TX=FIre

8/22/2022 10:34 AM ResponseSyncBox  RX=OK

8/22/2022 10:34 AM CommandSyncBox  TX=FIre

8/22/2022 10:34 AM ResponseSyncBox  RX=OK

8/22/2022 10:34 AM CommandSyncBox  TX=FIre

8/22/2022 10:34 AM ResponseSyncBox  RX=OK

8/22/2022 10:34 AM CommandSyncBox  TX=FIre

8/22/2022 10:34 AM ResponseSyncBox  RX=

     Highland Technology  Model T560  Digital Delay Generator

Firmware 28E560-D  02407                Cal date July 19, 2018      

Trig   REM  50R  Level 1.250   Div   0,000,000,000  SYN 00,010,000.00
Gate   OFF  POS  HIZ           Shots 0,000,000,115
Burst  OFF  N  0,000,000,016   of M  0,000,000,064

Verbos ON   Autoinstall FEOD   Usec 0,959,406,015  DPLL 00012
Clock  OUT  Trim 02166         Temp +49.3

Errs   None

Ch A  POS  ON     Dly  01.000,000,000,000  Wid  00.200,000,000,000
Ch B  POS  ON     Dly  01.500,000,000,000  Wid  00.200,000,000,000
Ch C  POS  ON     Dly  02.000,000,000,000  Wid  00.200,000,000,000
Ch D  POS  ON     Dly  02.500,000,000,000  Wid  00.200,000,000,000



8/22/2022 10:34 AM ResponseSyncBox  RX=OK

8/22/2022 10:34 AM CommandAcquisChA  TX=ABORT_ACQUISITION
8/22/2022 10:34 AM CommandAcquisChB  TX=ABORT_ACQUISITION
8/22/2022 10:34 AM CommandAcquisChC  TX=ABORT_ACQUISITION
8/22/2022 10:34 AM CommandAcquisChD  TX=ABORT_ACQUISITION
8/22/2022 10:34 AM CommandInstrument  TX=S4ICS WPROT STOP NONE,WPSEL NONE NONE,GMIR NONE NONE,GFOC NONE NONE,CALW NONE NONE,ASEL NONE NONE

8/22/2022 10:34 AM ResponseInstrument  RX=WPSEL SIMULATED BUSY 80 OFF 1, WPROT SIMULATED ACK 30 HOME 0, CALW SIMULATED READY 0.0 OFF 1, ASEL SIMULATED READY 0.0 OFF 1, GMIR SIMULATED READY 0.0 HOME 0, GFOC SIMULATED READY 0.0 HOME 0

8/22/2022 10:34 AM CommandAcquisChD  TX=SET EXPTIME 1.500000
8/22/2022 10:34 AM ResponseAcquisChD  RX=DONE
8/22/2022 10:34 AM CommandAcquisChD  TX=SET #FRAMES 5.000000
8/22/2022 10:34 AM ResponseAcquisChD  RX=DONE
8/22/2022 10:34 AM CommandAcquisChD  TX=SET #CUBES 1.0000 
8/22/2022 10:34 AM ResponseAcquisChD  RX=DONE
8/22/2022 10:34 AM CommandAcquisChD  TX=SET SUFFIX DARK
8/22/2022 10:34 AM ResponseAcquisChD  RX=DONE
8/22/2022 10:34 AM CommandAcquisChD  TX=SET OBSTYPE DARK
8/22/2022 10:34 AM ResponseAcquisChD  RX=DONE
8/22/2022 10:35 AM CommandSyncBox  TX=ADELAY 1000m

8/22/2022 10:35 AM ResponseSyncBox  RX=

     Highland Technology  Model T560  Digital Delay Generator

Firmware 28E560-D  02407                Cal date July 19, 2018      

Trig   REM  50R  Level 1.250   Div   0,000,000,000  SYN 00,010,000.00
Gate   OFF  POS  HIZ           Shots 0,000,000,116
Burst  OFF  N  0,000,000,016   of M  0,000,000,064

Verbos ON   Autoinstall FEOD   Usec 1,005,261,572  DPLL 00011
Clock  OUT  Trim 02166         Temp +49.5

Errs   None

Ch A  POS  ON     Dly  01.000,000,000,000  Wid  00.200,000,000,000
Ch B  POS  ON     Dly  01.500,000,000,000  Wid  00.200,000,000,000
Ch C  POS  ON     Dly  02.000,000,000,000  Wid  00.200,000,000,000
Ch D  POS  ON     Dly  02.500,000,000,000  Wid  00.200,000,000,000



8/22/2022 10:35 AM ResponseSyncBox  RX=OK

8/22/2022 10:35 AM CommandSyncBox  TX=BDELAY 1500m

8/22/2022 10:35 AM ResponseSyncBox  RX=OK

8/22/2022 10:35 AM CommandSyncBox  TX=CDELAY 2000m

8/22/2022 10:35 AM ResponseSyncBox  RX=OK

8/22/2022 10:35 AM CommandSyncBox  TX=DDELAY 2500m

8/22/2022 10:35 AM ResponseSyncBox  RX=OK

8/22/2022 10:35 AM CommandSyncBox  TX=AWIDTH 200m

8/22/2022 10:35 AM ResponseSyncBox  RX=OK

8/22/2022 10:35 AM CommandSyncBox  TX=BWIDTH 200m

8/22/2022 10:35 AM ResponseSyncBox  RX=OK

8/22/2022 10:35 AM CommandSyncBox  TX=CWIDTH 200m

8/22/2022 10:35 AM ResponseSyncBox  RX=OK

8/22/2022 10:35 AM CommandSyncBox  TX=DWIDTH 200m

8/22/2022 10:35 AM ResponseSyncBox  RX=OK

8/22/2022 10:35 AM CommandSyncBox  TX=aset on

8/22/2022 10:35 AM CommandInstrument  TX=S4ICS WPROT STOP NONE,WPSEL NONE NONE,GMIR NONE NONE,GFOC NONE NONE,CALW NONE NONE,ASEL NONE NONE

8/22/2022 10:35 AM ResponseSyncBox  RX=OK

8/22/2022 10:35 AM CommandSyncBox  TX=bset on

8/22/2022 10:35 AM ResponseSyncBox  RX=OK

8/22/2022 10:35 AM CommandSyncBox  TX=cset on

8/22/2022 10:35 AM ResponseSyncBox  RX=OK

8/22/2022 10:35 AM CommandSyncBox  TX=dset on

8/22/2022 10:35 AM ResponseInstrument  RX=WPSEL SIMULATED BUSY 80 OFF 1, WPROT SIMULATED ACK 30 HOME 0, CALW SIMULATED READY 0.0 OFF 1, ASEL SIMULATED READY 0.0 OFF 1, GMIR SIMULATED READY 0.0 HOME 0, GFOC SIMULATED READY 0.0 HOME 0

8/22/2022 10:35 AM ResponseSyncBox  RX=OK

8/22/2022 10:35 AM CommandSyncBox  TX=IN

8/22/2022 10:35 AM ResponseSyncBox  RX=OK

8/22/2022 10:35 AM CommandAcquisChD  TX=SET EXPTIME 1.500000
8/22/2022 10:35 AM ResponseAcquisChD  RX=DONE
8/22/2022 10:35 AM CommandAcquisChD  TX=SET #FRAMES 5.000000
8/22/2022 10:35 AM ResponseAcquisChD  RX=DONE
8/22/2022 10:35 AM CommandAcquisChD  TX=SET #CUBES 1.0000 
8/22/2022 10:35 AM ResponseAcquisChD  RX=DONE
8/22/2022 10:35 AM CommandAcquisChD  TX=SET SUFFIX DARK
8/22/2022 10:35 AM ResponseAcquisChD  RX=DONE
8/22/2022 10:35 AM CommandAcquisChD  TX=SET OBSTYPE DARK
8/22/2022 10:35 AM ResponseAcquisChD  RX=DONE
8/22/2022 10:35 AM CommandSyncBox  TX=ADELAY 1000m

8/22/2022 10:35 AM ResponseSyncBox  RX=OK

8/22/2022 10:35 AM CommandSyncBox  TX=BDELAY 1500m

8/22/2022 10:35 AM ResponseSyncBox  RX=OK

8/22/2022 10:35 AM CommandSyncBox  TX=CDELAY 2000m

8/22/2022 10:35 AM ResponseSyncBox  RX=OK

8/22/2022 10:35 AM CommandSyncBox  TX=DDELAY 2500m

8/22/2022 10:35 AM ResponseSyncBox  RX=OK

8/22/2022 10:35 AM CommandSyncBox  TX=AWIDTH 200m

8/22/2022 10:35 AM ResponseSyncBox  RX=OK

8/22/2022 10:35 AM CommandSyncBox  TX=BWIDTH 200m

8/22/2022 10:35 AM ResponseSyncBox  RX=OK

8/22/2022 10:35 AM CommandSyncBox  TX=CWIDTH 200m

8/22/2022 10:35 AM ResponseSyncBox  RX=OK

8/22/2022 10:35 AM CommandSyncBox  TX=DWIDTH 200m

8/22/2022 10:35 AM ResponseSyncBox  RX=OK

8/22/2022 10:35 AM CommandSyncBox  TX=aset on

8/22/2022 10:35 AM ResponseSyncBox  RX=OK

8/22/2022 10:35 AM CommandSyncBox  TX=bset on

8/22/2022 10:35 AM ResponseSyncBox  RX=OK

8/22/2022 10:35 AM CommandSyncBox  TX=cset on

8/22/2022 10:35 AM ResponseSyncBox  RX=OK

8/22/2022 10:35 AM CommandSyncBox  TX=dset on

8/22/2022 10:35 AM ResponseSyncBox  RX=OK

8/22/2022 10:35 AM CommandSyncBox  TX=IN

8/22/2022 10:35 AM ResponseSyncBox  RX=OK

8/22/2022 10:35 AM CommandSyncBox  TX=TRigger REmote

8/22/2022 10:35 AM ResponseSyncBox  RX=OK

8/22/2022 10:35 AM CommandSyncBox  TX=IN

8/22/2022 10:35 AM ResponseSyncBox  RX=OK

8/22/2022 10:35 AM CommandSyncBox  TX=TRigger

8/22/2022 10:35 AM ResponseSyncBox  RX=Trig   REM  50R  Level 1.250   Div   0,000,000,000  SYN 00,010,000.00

8/22/2022 10:35 AM CommandSyncBox  TX=FIre

8/22/2022 10:35 AM ResponseSyncBox  RX=OK

8/22/2022 10:35 AM CommandAcquisChD  TX=SET EXPTIME 1.500000
8/22/2022 10:35 AM ResponseAcquisChD  RX=DONE
8/22/2022 10:35 AM CommandAcquisChD  TX=SET #FRAMES 5.000000
8/22/2022 10:35 AM ResponseAcquisChD  RX=DONE
8/22/2022 10:35 AM CommandAcquisChD  TX=SET #CUBES 1.0000 
8/22/2022 10:35 AM ResponseAcquisChD  RX=DONE
8/22/2022 10:35 AM CommandAcquisChD  TX=SET SUFFIX DARK
8/22/2022 10:35 AM ResponseAcquisChD  RX=DONE
8/22/2022 10:35 AM CommandAcquisChD  TX=SET OBSTYPE DARK
8/22/2022 10:35 AM ResponseAcquisChD  RX=DONE
8/22/2022 10:35 AM CommandSyncBox  TX=ADELAY 1000m

8/22/2022 10:35 AM ResponseSyncBox  RX=OK

8/22/2022 10:35 AM CommandSyncBox  TX=BDELAY 1500m

8/22/2022 10:35 AM ResponseSyncBox  RX=OK

8/22/2022 10:35 AM CommandSyncBox  TX=CDELAY 2000m

8/22/2022 10:35 AM ResponseSyncBox  RX=OK

8/22/2022 10:35 AM CommandSyncBox  TX=DDELAY 2500m

8/22/2022 10:35 AM ResponseSyncBox  RX=OK

8/22/2022 10:35 AM CommandSyncBox  TX=AWIDTH 200m

8/22/2022 10:35 AM ResponseSyncBox  RX=OK

8/22/2022 10:35 AM CommandSyncBox  TX=BWIDTH 200m

8/22/2022 10:35 AM ResponseSyncBox  RX=OK

8/22/2022 10:35 AM CommandSyncBox  TX=CWIDTH 200m

8/22/2022 10:35 AM ResponseSyncBox  RX=OK

8/22/2022 10:35 AM CommandSyncBox  TX=DWIDTH 200m

8/22/2022 10:35 AM ResponseSyncBox  RX=OK

8/22/2022 10:35 AM CommandSyncBox  TX=aset on

8/22/2022 10:35 AM ResponseSyncBox  RX=OK

8/22/2022 10:35 AM CommandSyncBox  TX=bset on

8/22/2022 10:35 AM ResponseSyncBox  RX=OK

8/22/2022 10:35 AM CommandSyncBox  TX=cset on

8/22/2022 10:35 AM ResponseSyncBox  RX=OK

8/22/2022 10:35 AM CommandSyncBox  TX=dset on

8/22/2022 10:35 AM ResponseSyncBox  RX=OK

8/22/2022 10:35 AM CommandSyncBox  TX=IN

8/22/2022 10:35 AM ResponseSyncBox  RX=OK

8/22/2022 10:35 AM CommandSyncBox  TX=TRigger REmote

8/22/2022 10:35 AM ResponseSyncBox  RX=OK

8/22/2022 10:35 AM CommandSyncBox  TX=IN

8/22/2022 10:35 AM ResponseSyncBox  RX=OK

8/22/2022 10:35 AM CommandSyncBox  TX=TRigger

8/22/2022 10:35 AM ResponseSyncBox  RX=Trig   REM  50R  Level 1.250   Div   0,000,000,000  SYN 00,010,000.00

8/22/2022 10:35 AM CommandSyncBox  TX=FIre

8/22/2022 10:35 AM ResponseSyncBox  RX=OK

8/22/2022 10:36 AM CommandAcquisChD  TX=SET EXPTIME 1.500000
8/22/2022 10:36 AM ResponseAcquisChD  RX=DONE
8/22/2022 10:36 AM CommandAcquisChD  TX=SET #FRAMES 5.000000
8/22/2022 10:36 AM ResponseAcquisChD  RX=DONE
8/22/2022 10:36 AM CommandAcquisChD  TX=SET #CUBES 1.0000 
8/22/2022 10:36 AM ResponseAcquisChD  RX=DONE
8/22/2022 10:36 AM CommandAcquisChD  TX=SET SUFFIX DARK
8/22/2022 10:36 AM ResponseAcquisChD  RX=DONE
8/22/2022 10:36 AM CommandAcquisChD  TX=SET OBSTYPE DARK
8/22/2022 10:36 AM ResponseAcquisChD  RX=DONE
8/22/2022 10:36 AM CommandSyncBox  TX=ADELAY 1000m

8/22/2022 10:36 AM ResponseSyncBox  RX=OK

8/22/2022 10:36 AM CommandSyncBox  TX=BDELAY 1500m

8/22/2022 10:36 AM ResponseSyncBox  RX=OK

8/22/2022 10:36 AM CommandSyncBox  TX=CDELAY 2000m

8/22/2022 10:36 AM ResponseSyncBox  RX=OK

8/22/2022 10:36 AM CommandSyncBox  TX=DDELAY 2500m

8/22/2022 10:36 AM ResponseSyncBox  RX=OK

8/22/2022 10:36 AM CommandSyncBox  TX=AWIDTH 200m

8/22/2022 10:36 AM ResponseSyncBox  RX=OK

8/22/2022 10:36 AM CommandSyncBox  TX=BWIDTH 200m

8/22/2022 10:36 AM ResponseSyncBox  RX=OK

8/22/2022 10:36 AM CommandSyncBox  TX=CWIDTH 200m

8/22/2022 10:36 AM ResponseSyncBox  RX=OK

8/22/2022 10:36 AM CommandSyncBox  TX=DWIDTH 200m

8/22/2022 10:36 AM ResponseSyncBox  RX=OK

8/22/2022 10:36 AM CommandSyncBox  TX=aset on

8/22/2022 10:36 AM ResponseSyncBox  RX=OK

8/22/2022 10:36 AM CommandSyncBox  TX=bset on

8/22/2022 10:36 AM ResponseSyncBox  RX=OK

8/22/2022 10:36 AM CommandSyncBox  TX=cset on

8/22/2022 10:37 AM ResponseSyncBox  RX=OK

8/22/2022 10:37 AM CommandSyncBox  TX=dset on

8/22/2022 10:37 AM ResponseSyncBox  RX=OK

8/22/2022 10:37 AM CommandSyncBox  TX=IN

8/22/2022 10:37 AM ResponseSyncBox  RX=OK

8/22/2022 10:37 AM CommandSyncBox  TX=TRigger REmote

8/22/2022 10:37 AM ResponseSyncBox  RX=OK

8/22/2022 10:37 AM CommandSyncBox  TX=IN

8/22/2022 10:37 AM ResponseSyncBox  RX=OK

8/22/2022 10:37 AM CommandSyncBox  TX=TRigger

8/22/2022 10:37 AM ResponseSyncBox  RX=Trig   REM  50R  Level 1.250   Div   0,000,000,000  SYN 00,010,000.00

8/22/2022 10:37 AM CommandSyncBox  TX=FIre

8/22/2022 10:37 AM ResponseSyncBox  RX=OK

8/22/2022 10:37 AM CommandAcquisChD  TX=SET EXPTIME 1.500000
8/22/2022 10:37 AM ResponseAcquisChD  RX=DONE
8/22/2022 10:37 AM CommandAcquisChD  TX=SET #FRAMES 5.000000
8/22/2022 10:37 AM ResponseAcquisChD  RX=DONE
8/22/2022 10:37 AM CommandAcquisChD  TX=SET #CUBES 1.0000 
8/22/2022 10:37 AM ResponseAcquisChD  RX=DONE
8/22/2022 10:37 AM CommandAcquisChD  TX=SET SUFFIX DARK
8/22/2022 10:37 AM ResponseAcquisChD  RX=DONE
8/22/2022 10:37 AM CommandAcquisChD  TX=SET OBSTYPE DARK
8/22/2022 10:37 AM ResponseAcquisChD  RX=DONE
8/22/2022 10:37 AM CommandSyncBox  TX=ADELAY 1000m

8/22/2022 10:37 AM ResponseSyncBox  RX=

     Highland Technology  Model T560  Digital Delay Generator

Firmware 28E560-D  02407                Cal date July 19, 2018      

Trig   REM  50R  Level 1.250   Div   0,000,000,000  SYN 00,010,000.00
Gate   OFF  POS  HIZ           Shots 0,000,000,119
Burst  OFF  N  0,000,000,016   of M  0,000,000,064

Verbos ON   Autoinstall FEOD   Usec 1,139,308,189  DPLL 00012
Clock  OUT  Trim 02166         Temp +49.5

Errs   None

Ch A  POS  ON     Dly  01.000,000,000,000  Wid  00.200,000,000,000
Ch B  POS  ON     Dly  01.500,000,000,000  Wid  00.200,000,000,000
Ch C  POS  ON     Dly  02.000,000,000,000  Wid  00.200,000,000,000
Ch D  POS  ON     Dly  02.500,000,000,000  Wid  00.200,000,000,000



8/22/2022 10:37 AM ResponseSyncBox  RX=OK

8/22/2022 10:37 AM CommandSyncBox  TX=BDELAY 1500m

8/22/2022 10:37 AM ResponseSyncBox  RX=OK

8/22/2022 10:37 AM CommandSyncBox  TX=CDELAY 2000m

8/22/2022 10:37 AM ResponseSyncBox  RX=OK

8/22/2022 10:37 AM CommandSyncBox  TX=DDELAY 2500m

8/22/2022 10:37 AM ResponseSyncBox  RX=OK

8/22/2022 10:37 AM CommandSyncBox  TX=AWIDTH 200m

8/22/2022 10:37 AM ResponseSyncBox  RX=OK

8/22/2022 10:37 AM CommandSyncBox  TX=BWIDTH 200m

8/22/2022 10:37 AM ResponseSyncBox  RX=OK

8/22/2022 10:37 AM CommandSyncBox  TX=CWIDTH 200m

8/22/2022 10:37 AM ResponseSyncBox  RX=OK

8/22/2022 10:37 AM CommandSyncBox  TX=DWIDTH 200m

8/22/2022 10:37 AM ResponseSyncBox  RX=OK

8/22/2022 10:37 AM CommandSyncBox  TX=aset on

8/22/2022 10:37 AM ResponseSyncBox  RX=OK

8/22/2022 10:37 AM CommandSyncBox  TX=bset on

8/22/2022 10:37 AM ResponseSyncBox  RX=OK

8/22/2022 10:37 AM CommandSyncBox  TX=cset on

8/22/2022 10:37 AM ResponseSyncBox  RX=OK

8/22/2022 10:37 AM CommandSyncBox  TX=dset on

8/22/2022 10:37 AM ResponseSyncBox  RX=OK

8/22/2022 10:37 AM CommandSyncBox  TX=IN

8/22/2022 10:37 AM ResponseSyncBox  RX=OK

8/22/2022 10:37 AM CommandSyncBox  TX=TRigger REmote

8/22/2022 10:37 AM ResponseSyncBox  RX=OK

8/22/2022 10:37 AM CommandSyncBox  TX=IN

8/22/2022 10:37 AM ResponseSyncBox  RX=OK

8/22/2022 10:37 AM CommandSyncBox  TX=TRigger

8/22/2022 10:37 AM ResponseSyncBox  RX=Trig   REM  50R  Level 1.250   Div   0,000,000,000  SYN 00,010,000.00

8/22/2022 10:37 AM CommandSyncBox  TX=FIre

8/22/2022 10:37 AM ResponseSyncBox  RX=OK

8/22/2022 10:39 AM CommandAcquisChD  TX=SET EXPTIME 1.500000
8/22/2022 10:39 AM ResponseAcquisChD  RX=DONE
8/22/2022 10:39 AM CommandAcquisChD  TX=SET #FRAMES 5.000000
8/22/2022 10:39 AM ResponseAcquisChD  RX=DONE
8/22/2022 10:39 AM CommandAcquisChD  TX=SET #CUBES 1.0000 
8/22/2022 10:39 AM ResponseAcquisChD  RX=DONE
8/22/2022 10:39 AM CommandAcquisChD  TX=SET SUFFIX DARK
8/22/2022 10:39 AM ResponseAcquisChD  RX=DONE
8/22/2022 10:39 AM CommandAcquisChD  TX=SET OBSTYPE DARK
8/22/2022 10:39 AM ResponseAcquisChD  RX=DONE
8/22/2022 10:39 AM CommandSyncBox  TX=ADELAY 1000m

8/22/2022 10:39 AM ResponseSyncBox  RX=OK

8/22/2022 10:39 AM CommandSyncBox  TX=BDELAY 1500m

8/22/2022 10:39 AM ResponseSyncBox  RX=OK

8/22/2022 10:39 AM CommandSyncBox  TX=CDELAY 2000m

8/22/2022 10:39 AM ResponseSyncBox  RX=OK

8/22/2022 10:39 AM CommandSyncBox  TX=DDELAY 2500m

8/22/2022 10:39 AM ResponseSyncBox  RX=OK

8/22/2022 10:39 AM CommandSyncBox  TX=AWIDTH 200m

8/22/2022 10:39 AM ResponseSyncBox  RX=OK

8/22/2022 10:39 AM CommandSyncBox  TX=BWIDTH 200m

8/22/2022 10:39 AM ResponseSyncBox  RX=OK

8/22/2022 10:39 AM CommandSyncBox  TX=CWIDTH 200m

8/22/2022 10:39 AM ResponseSyncBox  RX=OK

8/22/2022 10:39 AM CommandSyncBox  TX=DWIDTH 200m

8/22/2022 10:39 AM ResponseSyncBox  RX=OK

8/22/2022 10:39 AM CommandSyncBox  TX=aset on

8/22/2022 10:39 AM ResponseSyncBox  RX=OK

8/22/2022 10:39 AM CommandSyncBox  TX=bset on

8/22/2022 10:39 AM ResponseSyncBox  RX=OK

8/22/2022 10:39 AM CommandSyncBox  TX=cset on

8/22/2022 10:39 AM ResponseSyncBox  RX=OK

8/22/2022 10:39 AM CommandSyncBox  TX=dset on

8/22/2022 10:39 AM ResponseSyncBox  RX=OK

8/22/2022 10:39 AM CommandSyncBox  TX=IN

8/22/2022 10:39 AM ResponseSyncBox  RX=OK

8/22/2022 10:39 AM CommandSyncBox  TX=TRigger REmote

8/22/2022 10:39 AM ResponseSyncBox  RX=OK

8/22/2022 10:39 AM CommandSyncBox  TX=IN

8/22/2022 10:39 AM ResponseSyncBox  RX=OK

8/22/2022 10:39 AM CommandSyncBox  TX=TRigger

8/22/2022 10:39 AM ResponseSyncBox  RX=Trig   REM  50R  Level 1.250   Div   0,000,000,000  SYN 00,010,000.00

8/22/2022 10:39 AM CommandSyncBox  TX=FIre

8/22/2022 10:39 AM ResponseSyncBox  RX=OK

8/22/2022 10:39 AM CommandAcquisChD  TX=SET EXPTIME 1.500000
8/22/2022 10:39 AM ResponseAcquisChD  RX=DONE
8/22/2022 10:39 AM CommandAcquisChD  TX=SET #FRAMES 5.000000
8/22/2022 10:39 AM ResponseAcquisChD  RX=DONE
8/22/2022 10:39 AM CommandAcquisChD  TX=SET #CUBES 1.0000 
8/22/2022 10:39 AM ResponseAcquisChD  RX=DONE
8/22/2022 10:39 AM CommandAcquisChD  TX=SET SUFFIX DARK
8/22/2022 10:39 AM ResponseAcquisChD  RX=DONE
8/22/2022 10:39 AM CommandAcquisChD  TX=SET OBSTYPE DARK
8/22/2022 10:39 AM ResponseAcquisChD  RX=DONE
8/22/2022 10:39 AM CommandSyncBox  TX=ADELAY 1000m

8/22/2022 10:39 AM ResponseSyncBox  RX=OK

8/22/2022 10:39 AM CommandSyncBox  TX=BDELAY 1500m

8/22/2022 10:39 AM ResponseSyncBox  RX=OK

8/22/2022 10:39 AM CommandSyncBox  TX=CDELAY 2000m

8/22/2022 10:39 AM ResponseSyncBox  RX=OK

8/22/2022 10:39 AM CommandSyncBox  TX=DDELAY 2500m

8/22/2022 10:39 AM ResponseSyncBox  RX=OK

8/22/2022 10:39 AM CommandSyncBox  TX=AWIDTH 200m

8/22/2022 10:39 AM ResponseSyncBox  RX=OK

8/22/2022 10:39 AM CommandSyncBox  TX=BWIDTH 200m

8/22/2022 10:39 AM ResponseSyncBox  RX=OK

8/22/2022 10:39 AM CommandSyncBox  TX=CWIDTH 200m

8/22/2022 10:39 AM ResponseSyncBox  RX=OK

8/22/2022 10:39 AM CommandSyncBox  TX=DWIDTH 200m

8/22/2022 10:39 AM ResponseSyncBox  RX=OK

8/22/2022 10:39 AM CommandSyncBox  TX=aset on

8/22/2022 10:39 AM ResponseSyncBox  RX=OK

8/22/2022 10:39 AM CommandSyncBox  TX=bset on

8/22/2022 10:39 AM ResponseSyncBox  RX=OK

8/22/2022 10:39 AM CommandSyncBox  TX=cset on

8/22/2022 10:39 AM ResponseSyncBox  RX=OK

8/22/2022 10:39 AM CommandSyncBox  TX=dset on

8/22/2022 10:39 AM ResponseSyncBox  RX=OK

8/22/2022 10:39 AM CommandSyncBox  TX=IN

8/22/2022 10:39 AM ResponseSyncBox  RX=OK

8/22/2022 10:39 AM CommandSyncBox  TX=TRigger REmote

8/22/2022 10:39 AM ResponseSyncBox  RX=

     Highland Technology  Model T560  Digital Delay Generator

Firmware 28E560-D  02407                Cal date July 19, 2018      

Trig   REM  50R  Level 1.250   Div   0,000,000,000  SYN 00,010,000.00
Gate   OFF  POS  HIZ           Shots 0,000,000,121
Burst  OFF  N  0,000,000,016   of M  0,000,000,064

Verbos ON   Autoinstall FEOD   Usec 1,283,160,400  DPLL 00011
Clock  OUT  Trim 02166         Temp +49.5

Errs   None

Ch A  POS  ON     Dly  01.000,000,000,000  Wid  00.200,000,000,000
Ch B  POS  ON     Dly  01.500,000,000,000  Wid  00.200,000,000,000
Ch C  POS  ON     Dly  02.000,000,000,000  Wid  00.200,000,000,000
Ch D  POS  ON     Dly  02.500,000,000,000  Wid  00.200,000,000,000



8/22/2022 10:39 AM ResponseSyncBox  RX=OK

8/22/2022 10:39 AM CommandSyncBox  TX=IN

8/22/2022 10:39 AM ResponseSyncBox  RX=OK

8/22/2022 10:39 AM CommandSyncBox  TX=TRigger

8/22/2022 10:39 AM ResponseSyncBox  RX=Trig   REM  50R  Level 1.250   Div   0,000,000,000  SYN 00,010,000.00

8/22/2022 10:39 AM CommandSyncBox  TX=FIre

8/22/2022 10:39 AM ResponseSyncBox  RX=OK

8/22/2022 10:39 AM CommandSyncBox  TX=ADELAY 1000m

8/22/2022 10:39 AM ResponseSyncBox  RX=OK

8/22/2022 10:39 AM CommandSyncBox  TX=BDELAY 1500m

8/22/2022 10:39 AM ResponseSyncBox  RX=OK

8/22/2022 10:39 AM CommandSyncBox  TX=CDELAY 2000m

8/22/2022 10:39 AM ResponseSyncBox  RX=OK

8/22/2022 10:39 AM CommandSyncBox  TX=DDELAY 2500m

8/22/2022 10:39 AM ResponseSyncBox  RX=OK

8/22/2022 10:39 AM CommandSyncBox  TX=AWIDTH 200m

8/22/2022 10:39 AM ResponseSyncBox  RX=OK

8/22/2022 10:39 AM CommandSyncBox  TX=BWIDTH 200m

8/22/2022 10:39 AM ResponseSyncBox  RX=OK

8/22/2022 10:39 AM CommandSyncBox  TX=CWIDTH 200m

8/22/2022 10:39 AM ResponseSyncBox  RX=OK

8/22/2022 10:39 AM CommandSyncBox  TX=DWIDTH 200m

8/22/2022 10:39 AM ResponseSyncBox  RX=OK

8/22/2022 10:39 AM CommandSyncBox  TX=aset on

8/22/2022 10:39 AM ResponseSyncBox  RX=OK

8/22/2022 10:39 AM CommandSyncBox  TX=bset on

8/22/2022 10:39 AM ResponseSyncBox  RX=OK

8/22/2022 10:39 AM CommandSyncBox  TX=cset on

8/22/2022 10:39 AM ResponseSyncBox  RX=OK

8/22/2022 10:40 AM CommandSyncBox  TX=dset on

8/22/2022 10:40 AM ResponseSyncBox  RX=OK

8/22/2022 10:40 AM CommandSyncBox  TX=IN

8/22/2022 10:40 AM ResponseSyncBox  RX=OK

8/22/2022 10:40 AM CommandSyncBox  TX=TRigger REmote

8/22/2022 10:40 AM ResponseSyncBox  RX=

     Highland Technology  Model T560  Digital Delay Generator

Firmware 28E560-D  02407                Cal date July 19, 2018      

Trig   REM  50R  Level 1.250   Div   0,000,000,000  SYN 00,010,000.00
Gate   OFF  POS  HIZ           Shots 0,000,000,122
Burst  OFF  N  0,000,000,016   of M  0,000,000,064

Verbos ON   Autoinstall FEOD   Usec 1,291,424,823  DPLL 00010
Clock  OUT  Trim 02166         Temp +49.4

Errs   None

Ch A  POS  ON     Dly  01.000,000,000,000  Wid  00.200,000,000,000
Ch B  POS  ON     Dly  01.500,000,000,000  Wid  00.200,000,000,000
Ch C  POS  ON     Dly  02.000,000,000,000  Wid  00.200,000,000,000
Ch D  POS  ON     Dly  02.500,000,000,000  Wid  00.200,000,000,000



8/22/2022 10:40 AM ResponseSyncBox  RX=OK

8/22/2022 10:40 AM CommandSyncBox  TX=IN

8/22/2022 10:40 AM ResponseSyncBox  RX=OK

8/22/2022 10:40 AM CommandSyncBox  TX=TRigger

8/22/2022 10:40 AM ResponseSyncBox  RX=Trig   REM  50R  Level 1.250   Div   0,000,000,000  SYN 00,010,000.00

8/22/2022 10:40 AM CommandSyncBox  TX=FIre

8/22/2022 10:40 AM ResponseSyncBox  RX=OK

8/22/2022 10:40 AM CommandAcquisChD  TX=SET EXPTIME 1.500000
8/22/2022 10:40 AM ResponseAcquisChD  RX=DONE
8/22/2022 10:40 AM CommandAcquisChD  TX=SET #FRAMES 5.000000
8/22/2022 10:40 AM ResponseAcquisChD  RX=DONE
8/22/2022 10:40 AM CommandAcquisChD  TX=SET #CUBES 1.0000 
8/22/2022 10:40 AM ResponseAcquisChD  RX=DONE
8/22/2022 10:40 AM CommandAcquisChD  TX=SET SUFFIX DARK
8/22/2022 10:40 AM ResponseAcquisChD  RX=DONE
8/22/2022 10:40 AM CommandAcquisChD  TX=SET OBSTYPE DARK
8/22/2022 10:40 AM ResponseAcquisChD  RX=DONE
8/22/2022 10:40 AM CommandSyncBox  TX=ADELAY 1000m

8/22/2022 10:40 AM ResponseSyncBox  RX=OK

8/22/2022 10:40 AM CommandSyncBox  TX=BDELAY 1500m

8/22/2022 10:40 AM ResponseSyncBox  RX=OK

8/22/2022 10:40 AM CommandSyncBox  TX=CDELAY 2000m

8/22/2022 10:40 AM ResponseSyncBox  RX=OK

8/22/2022 10:40 AM CommandSyncBox  TX=DDELAY 2500m

8/22/2022 10:40 AM ResponseSyncBox  RX=OK

8/22/2022 10:40 AM CommandSyncBox  TX=AWIDTH 200m

8/22/2022 10:40 AM ResponseSyncBox  RX=OK

8/22/2022 10:40 AM CommandSyncBox  TX=BWIDTH 200m

8/22/2022 10:40 AM ResponseSyncBox  RX=OK

8/22/2022 10:40 AM CommandSyncBox  TX=CWIDTH 200m

8/22/2022 10:40 AM ResponseSyncBox  RX=OK

8/22/2022 10:40 AM CommandSyncBox  TX=DWIDTH 200m

8/22/2022 10:40 AM ResponseSyncBox  RX=OK

8/22/2022 10:40 AM CommandSyncBox  TX=aset on

8/22/2022 10:40 AM ResponseSyncBox  RX=OK

8/22/2022 10:40 AM CommandSyncBox  TX=bset on

8/22/2022 10:40 AM ResponseSyncBox  RX=OK

8/22/2022 10:40 AM CommandSyncBox  TX=cset on

8/22/2022 10:40 AM ResponseSyncBox  RX=OK

8/22/2022 10:40 AM CommandSyncBox  TX=dset on

8/22/2022 10:40 AM ResponseSyncBox  RX=OK

8/22/2022 10:40 AM CommandSyncBox  TX=IN

8/22/2022 10:40 AM ResponseSyncBox  RX=OK

8/22/2022 10:40 AM CommandSyncBox  TX=TRigger REmote

8/22/2022 10:40 AM ResponseSyncBox  RX=OK

8/22/2022 10:40 AM CommandSyncBox  TX=IN

8/22/2022 10:40 AM ResponseSyncBox  RX=OK

8/22/2022 10:40 AM CommandSyncBox  TX=TRigger

8/22/2022 10:40 AM ResponseSyncBox  RX=Trig   REM  50R  Level 1.250   Div   0,000,000,000  SYN 00,010,000.00

8/22/2022 10:40 AM CommandSyncBox  TX=FIre

8/22/2022 10:40 AM ResponseSyncBox  RX=OK

8/22/2022 10:41 AM CommandAcquisChD  TX=SET EXPTIME 1.500000
8/22/2022 10:41 AM ResponseAcquisChD  RX=DONE
8/22/2022 10:41 AM CommandAcquisChD  TX=SET #FRAMES 5.000000
8/22/2022 10:41 AM ResponseAcquisChD  RX=DONE
8/22/2022 10:41 AM CommandAcquisChD  TX=SET #CUBES 1.0000 
8/22/2022 10:41 AM ResponseAcquisChD  RX=DONE
8/22/2022 10:41 AM CommandAcquisChD  TX=SET SUFFIX DARK
8/22/2022 10:41 AM ResponseAcquisChD  RX=DONE
8/22/2022 10:41 AM CommandAcquisChD  TX=SET OBSTYPE DARK
8/22/2022 10:41 AM ResponseAcquisChD  RX=DONE
8/22/2022 10:41 AM CommandSyncBox  TX=ADELAY 1000m

8/22/2022 10:41 AM ResponseSyncBox  RX=OK

8/22/2022 10:41 AM CommandSyncBox  TX=BDELAY 1500m

8/22/2022 10:41 AM ResponseSyncBox  RX=OK

8/22/2022 10:41 AM CommandSyncBox  TX=CDELAY 2000m

8/22/2022 10:41 AM ResponseSyncBox  RX=OK

8/22/2022 10:41 AM CommandSyncBox  TX=DDELAY 2500m

8/22/2022 10:41 AM ResponseSyncBox  RX=OK

8/22/2022 10:41 AM CommandSyncBox  TX=AWIDTH 200m

8/22/2022 10:41 AM ResponseSyncBox  RX=OK

8/22/2022 10:41 AM CommandSyncBox  TX=BWIDTH 200m

8/22/2022 10:41 AM ResponseSyncBox  RX=OK

8/22/2022 10:41 AM CommandSyncBox  TX=CWIDTH 200m

8/22/2022 10:41 AM ResponseSyncBox  RX=OK

8/22/2022 10:41 AM CommandSyncBox  TX=DWIDTH 200m

8/22/2022 10:41 AM ResponseSyncBox  RX=OK

8/22/2022 10:41 AM CommandSyncBox  TX=aset on

8/22/2022 10:41 AM ResponseSyncBox  RX=OK

8/22/2022 10:41 AM CommandSyncBox  TX=bset on

8/22/2022 10:41 AM ResponseSyncBox  RX=OK

8/22/2022 10:41 AM CommandSyncBox  TX=cset on

8/22/2022 10:41 AM ResponseSyncBox  RX=OK

8/22/2022 10:41 AM CommandSyncBox  TX=dset on

8/22/2022 10:41 AM ResponseSyncBox  RX=OK

8/22/2022 10:41 AM CommandSyncBox  TX=IN

8/22/2022 10:41 AM ResponseSyncBox  RX=OK

8/22/2022 10:41 AM CommandSyncBox  TX=TRigger REmote

8/22/2022 10:41 AM ResponseSyncBox  RX=OK

8/22/2022 10:41 AM CommandSyncBox  TX=IN

8/22/2022 10:41 AM ResponseSyncBox  RX=OK

8/22/2022 10:41 AM CommandSyncBox  TX=TRigger

8/22/2022 10:41 AM ResponseSyncBox  RX=Trig   REM  50R  Level 1.250   Div   0,000,000,000  SYN 00,010,000.00

8/22/2022 10:41 AM CommandSyncBox  TX=FIre

8/22/2022 10:41 AM ResponseSyncBox  RX=OK

8/22/2022 10:42 AM CommandAcquisChD  TX=SET EXPTIME 1.500000
8/22/2022 10:42 AM ResponseAcquisChD  RX=DONE
8/22/2022 10:42 AM CommandAcquisChD  TX=SET #FRAMES 5.000000
8/22/2022 10:42 AM ResponseAcquisChD  RX=DONE
8/22/2022 10:42 AM CommandAcquisChD  TX=SET #CUBES 1.0000 
8/22/2022 10:42 AM ResponseAcquisChD  RX=DONE
8/22/2022 10:42 AM CommandAcquisChD  TX=SET SUFFIX DARK
8/22/2022 10:42 AM ResponseAcquisChD  RX=DONE
8/22/2022 10:42 AM CommandAcquisChD  TX=SET OBSTYPE DARK
8/22/2022 10:42 AM ResponseAcquisChD  RX=DONE
8/22/2022 10:42 AM CommandSyncBox  TX=ADELAY 1000m

8/22/2022 10:42 AM ResponseSyncBox  RX=OK

8/22/2022 10:42 AM CommandSyncBox  TX=BDELAY 1500m

8/22/2022 10:42 AM ResponseSyncBox  RX=OK

8/22/2022 10:42 AM CommandSyncBox  TX=CDELAY 2000m

8/22/2022 10:42 AM ResponseSyncBox  RX=OK

8/22/2022 10:42 AM CommandSyncBox  TX=DDELAY 2500m

8/22/2022 10:42 AM ResponseSyncBox  RX=OK

8/22/2022 10:42 AM CommandSyncBox  TX=AWIDTH 200m

8/22/2022 10:42 AM ResponseSyncBox  RX=OK

8/22/2022 10:42 AM CommandSyncBox  TX=BWIDTH 200m

8/22/2022 10:42 AM ResponseSyncBox  RX=OK

8/22/2022 10:42 AM CommandSyncBox  TX=CWIDTH 200m

8/22/2022 10:42 AM ResponseSyncBox  RX=OK

8/22/2022 10:42 AM CommandSyncBox  TX=DWIDTH 200m

8/22/2022 10:42 AM ResponseSyncBox  RX=OK

8/22/2022 10:42 AM CommandSyncBox  TX=aset on

8/22/2022 10:42 AM ResponseSyncBox  RX=OK

8/22/2022 10:42 AM CommandSyncBox  TX=bset on

8/22/2022 10:42 AM ResponseSyncBox  RX=OK

8/22/2022 10:42 AM CommandSyncBox  TX=cset on

8/22/2022 10:42 AM ResponseSyncBox  RX=OK

8/22/2022 10:42 AM CommandSyncBox  TX=dset on

8/22/2022 10:42 AM ResponseSyncBox  RX=OK

8/22/2022 10:42 AM CommandSyncBox  TX=IN

8/22/2022 10:42 AM ResponseSyncBox  RX=OK

8/22/2022 10:42 AM CommandSyncBox  TX=TRigger REmote

8/22/2022 10:42 AM ResponseSyncBox  RX=OK

8/22/2022 10:42 AM CommandSyncBox  TX=IN

8/22/2022 10:42 AM ResponseSyncBox  RX=OK

8/22/2022 10:42 AM CommandSyncBox  TX=TRigger

8/22/2022 10:42 AM ResponseSyncBox  RX=Trig   REM  50R  Level 1.250   Div   0,000,000,000  SYN 00,010,000.00

8/22/2022 10:42 AM CommandSyncBox  TX=FIre

8/22/2022 10:42 AM ResponseSyncBox  RX=OK

8/22/2022 10:43 AM CommandAcquisChD  TX=SET EXPTIME 1.500000
8/22/2022 10:43 AM ResponseAcquisChD  RX=DONE
8/22/2022 10:43 AM CommandAcquisChD  TX=SET #FRAMES 5.000000
8/22/2022 10:43 AM ResponseAcquisChD  RX=DONE
8/22/2022 10:43 AM CommandAcquisChD  TX=SET #CUBES 1.0000 
8/22/2022 10:43 AM ResponseAcquisChD  RX=DONE
8/22/2022 10:43 AM CommandAcquisChD  TX=SET SUFFIX DARK
8/22/2022 10:43 AM ResponseAcquisChD  RX=DONE
8/22/2022 10:43 AM CommandAcquisChD  TX=SET OBSTYPE DARK
8/22/2022 10:43 AM ResponseAcquisChD  RX=DONE
8/22/2022 10:43 AM CommandSyncBox  TX=ADELAY 1000m

8/22/2022 10:43 AM ResponseSyncBox  RX=OK

8/22/2022 10:43 AM CommandSyncBox  TX=BDELAY 1500m

8/22/2022 10:43 AM ResponseSyncBox  RX=OK

8/22/2022 10:43 AM CommandSyncBox  TX=CDELAY 2000m

8/22/2022 10:43 AM ResponseSyncBox  RX=OK

8/22/2022 10:43 AM CommandSyncBox  TX=DDELAY 2500m

8/22/2022 10:43 AM ResponseSyncBox  RX=OK

8/22/2022 10:43 AM CommandSyncBox  TX=AWIDTH 200m

8/22/2022 10:43 AM ResponseSyncBox  RX=OK

8/22/2022 10:43 AM CommandSyncBox  TX=BWIDTH 200m

8/22/2022 10:43 AM ResponseSyncBox  RX=OK

8/22/2022 10:43 AM CommandSyncBox  TX=CWIDTH 200m

8/22/2022 10:43 AM ResponseSyncBox  RX=OK

8/22/2022 10:43 AM CommandSyncBox  TX=DWIDTH 200m

8/22/2022 10:43 AM ResponseSyncBox  RX=OK

8/22/2022 10:43 AM CommandSyncBox  TX=aset on

8/22/2022 10:43 AM ResponseSyncBox  RX=OK

8/22/2022 10:43 AM CommandSyncBox  TX=bset on

8/22/2022 10:43 AM ResponseSyncBox  RX=OK

8/22/2022 10:43 AM CommandSyncBox  TX=cset on

8/22/2022 10:43 AM ResponseSyncBox  RX=OK

8/22/2022 10:43 AM CommandSyncBox  TX=dset on

8/22/2022 10:43 AM ResponseSyncBox  RX=OK

8/22/2022 10:43 AM CommandSyncBox  TX=IN

8/22/2022 10:43 AM ResponseSyncBox  RX=OK

8/22/2022 10:43 AM CommandSyncBox  TX=TRigger REmote

8/22/2022 10:43 AM ResponseSyncBox  RX=OK

8/22/2022 10:43 AM CommandSyncBox  TX=IN

8/22/2022 10:43 AM ResponseSyncBox  RX=OK

8/22/2022 10:43 AM CommandSyncBox  TX=TRigger

8/22/2022 10:43 AM ResponseSyncBox  RX=Trig   REM  50R  Level 1.250   Div   0,000,000,000  SYN 00,010,000.00

8/22/2022 10:43 AM CommandSyncBox  TX=FIre

8/22/2022 10:43 AM ResponseSyncBox  RX=OK

8/22/2022 10:43 AM CommandAcquisChD  TX=SET EXPTIME 1.500000
8/22/2022 10:43 AM ResponseAcquisChD  RX=DONE
8/22/2022 10:43 AM CommandAcquisChD  TX=SET #FRAMES 5.000000
8/22/2022 10:43 AM ResponseAcquisChD  RX=DONE
8/22/2022 10:43 AM CommandAcquisChD  TX=SET #CUBES 1.0000 
8/22/2022 10:43 AM ResponseAcquisChD  RX=DONE
8/22/2022 10:43 AM CommandAcquisChD  TX=SET SUFFIX DARK
8/22/2022 10:43 AM ResponseAcquisChD  RX=DONE
8/22/2022 10:43 AM CommandAcquisChD  TX=SET OBSTYPE DARK
8/22/2022 10:43 AM ResponseAcquisChD  RX=DONE
8/22/2022 10:43 AM CommandSyncBox  TX=ADELAY 1000m

8/22/2022 10:43 AM ResponseSyncBox  RX=OK

8/22/2022 10:43 AM CommandSyncBox  TX=BDELAY 1500m

8/22/2022 10:44 AM ResponseSyncBox  RX=OK

8/22/2022 10:44 AM CommandSyncBox  TX=CDELAY 2000m

8/22/2022 10:44 AM ResponseSyncBox  RX=OK

8/22/2022 10:44 AM CommandSyncBox  TX=DDELAY 2500m

8/22/2022 10:44 AM ResponseSyncBox  RX=OK

8/22/2022 10:44 AM CommandSyncBox  TX=AWIDTH 200m

8/22/2022 10:44 AM ResponseSyncBox  RX=OK

8/22/2022 10:44 AM CommandSyncBox  TX=BWIDTH 200m

8/22/2022 10:44 AM ResponseSyncBox  RX=OK

8/22/2022 10:44 AM CommandSyncBox  TX=CWIDTH 200m

8/22/2022 10:44 AM ResponseSyncBox  RX=OK

8/22/2022 10:44 AM CommandSyncBox  TX=DWIDTH 200m

8/22/2022 10:44 AM ResponseSyncBox  RX=OK

8/22/2022 10:44 AM CommandSyncBox  TX=aset on

8/22/2022 10:44 AM ResponseSyncBox  RX=OK

8/22/2022 10:44 AM CommandSyncBox  TX=bset on

8/22/2022 10:44 AM ResponseSyncBox  RX=OK

8/22/2022 10:44 AM CommandSyncBox  TX=cset on

8/22/2022 10:44 AM ResponseSyncBox  RX=OK

8/22/2022 10:44 AM CommandSyncBox  TX=dset on

8/22/2022 10:44 AM ResponseSyncBox  RX=OK

8/22/2022 10:44 AM CommandSyncBox  TX=IN

8/22/2022 10:44 AM ResponseSyncBox  RX=OK

8/22/2022 10:44 AM CommandAcquisChD  TX=EXPOSE
8/22/2022 10:44 AM CommandSyncBox  TX=TRigger REmote

8/22/2022 10:44 AM ResponseSyncBox  RX=OK

8/22/2022 10:44 AM CommandSyncBox  TX=IN

8/22/2022 10:44 AM ResponseSyncBox  RX=OK

8/22/2022 10:44 AM CommandSyncBox  TX=TRigger

8/22/2022 10:44 AM ResponseSyncBox  RX=Trig   REM  50R  Level 1.250   Div   0,000,000,000  SYN 00,010,000.00

8/22/2022 10:44 AM CommandSyncBox  TX=FIre

8/22/2022 10:44 AM ResponseSyncBox  RX=OK

8/22/2022 10:44 AM CommandSyncBox  TX=FIre

8/22/2022 10:44 AM ResponseSyncBox  RX=

     Highland Technology  Model T560  Digital Delay Generator

Firmware 28E560-D  02407                Cal date July 19, 2018      

Trig   REM  50R  Level 1.250   Div   0,000,000,000  SYN 00,010,000.00
Gate   OFF  POS  HIZ           Shots 0,000,000,128
Burst  OFF  N  0,000,000,016   of M  0,000,000,064

Verbos ON   Autoinstall FEOD   Usec 1,551,270,071  DPLL 00008
Clock  OUT  Trim 02166         Temp +49.4

Errs   None

Ch A  POS  ON     Dly  01.000,000,000,000  Wid  00.200,000,000,000
Ch B  POS  ON     Dly  01.500,000,000,000  Wid  00.200,000,000,000
Ch C  POS  ON     Dly  02.000,000,000,000  Wid  00.200,000,000,000
Ch D  POS  ON     Dly  02.500,000,000,000  Wid  00.200,000,000,000



8/22/2022 10:44 AM ResponseSyncBox  RX=OK

8/22/2022 10:45 AM CommandSyncBox  TX=FIre

8/22/2022 10:45 AM ResponseSyncBox  RX=OK

8/22/2022 10:45 AM CommandSyncBox  TX=FIre

8/22/2022 10:45 AM ResponseSyncBox  RX=OK

8/22/2022 10:45 AM CommandSyncBox  TX=FIre

8/22/2022 10:45 AM ResponseSyncBox  RX=OK

8/22/2022 10:45 AM CommandAcquisChA  TX=ABORT_ACQUISITION
8/22/2022 10:45 AM CommandAcquisChB  TX=ABORT_ACQUISITION
8/22/2022 10:45 AM CommandAcquisChC  TX=ABORT_ACQUISITION
8/22/2022 10:45 AM CommandAcquisChD  TX=ABORT_ACQUISITION
8/22/2022 10:45 AM CommandInstrument  TX=S4ICS WPROT STOP NONE,WPSEL NONE NONE,GMIR NONE NONE,GFOC NONE NONE,CALW NONE NONE,ASEL NONE NONE

8/22/2022 10:45 AM ResponseInstrument  RX=WPSEL SIMULATED BUSY 80 OFF 1, WPROT SIMULATED ACK 30 HOME 0, CALW SIMULATED READY 0.0 OFF 1, ASEL SIMULATED READY 0.0 OFF 1, GMIR SIMULATED READY 0.0 HOME 0, GFOC SIMULATED READY 0.0 HOME 0

8/22/2022 11:00 AM CommandAcquisChD  TX=SET EXPTIME 1.500000
8/22/2022 11:00 AM ResponseAcquisChD  RX=DONE
8/22/2022 11:00 AM CommandAcquisChD  TX=SET #FRAMES 5.000000
8/22/2022 11:00 AM ResponseAcquisChD  RX=DONE
8/22/2022 11:00 AM CommandAcquisChD  TX=SET #CUBES 1.0000 
8/22/2022 11:00 AM ResponseAcquisChD  RX=DONE
8/22/2022 11:00 AM CommandAcquisChD  TX=SET SUFFIX DARK
8/22/2022 11:00 AM ResponseAcquisChD  RX=DONE
8/22/2022 11:00 AM CommandAcquisChD  TX=SET OBSTYPE DARK
8/22/2022 11:00 AM ResponseAcquisChD  RX=DONE
8/22/2022 11:00 AM CommandSyncBox  TX=ADELAY 1000m

8/22/2022 11:00 AM ResponseSyncBox  RX=OK

8/22/2022 11:00 AM CommandSyncBox  TX=BDELAY 1500m

8/22/2022 11:00 AM ResponseSyncBox  RX=OK

8/22/2022 11:00 AM CommandSyncBox  TX=CDELAY 2000m

8/22/2022 11:00 AM ResponseSyncBox  RX=OK

8/22/2022 11:00 AM CommandSyncBox  TX=DDELAY 2500m

8/22/2022 11:00 AM ResponseSyncBox  RX=OK

8/22/2022 11:00 AM CommandSyncBox  TX=AWIDTH 200m

8/22/2022 11:00 AM ResponseSyncBox  RX=OK

8/22/2022 11:00 AM CommandSyncBox  TX=BWIDTH 200m

8/22/2022 11:00 AM ResponseSyncBox  RX=OK

8/22/2022 11:00 AM CommandSyncBox  TX=CWIDTH 200m

8/22/2022 11:00 AM ResponseSyncBox  RX=OK

8/22/2022 11:00 AM CommandSyncBox  TX=DWIDTH 200m

8/22/2022 11:00 AM ResponseSyncBox  RX=OK

8/22/2022 11:00 AM CommandSyncBox  TX=aset on

8/22/2022 11:00 AM ResponseSyncBox  RX=OK

8/22/2022 11:00 AM CommandSyncBox  TX=bset on

8/22/2022 11:00 AM ResponseSyncBox  RX=OK

8/22/2022 11:00 AM CommandSyncBox  TX=cset on

8/22/2022 11:00 AM ResponseSyncBox  RX=OK

8/22/2022 11:00 AM CommandSyncBox  TX=dset on

8/22/2022 11:00 AM ResponseSyncBox  RX=OK

8/22/2022 11:00 AM CommandSyncBox  TX=IN

8/22/2022 11:00 AM ResponseSyncBox  RX=OK

8/22/2022 11:00 AM CommandAcquisChD  TX=EXPOSE
8/22/2022 11:00 AM ResponseAcquisChD  RX=RETURNING_STATUS {"CUBE_EXPOSURE_TIME":7.5,"CUBES_DONE":0,"LAST_IMAGE_NAME":"","DISK_SPACE":0,"FRAMES_DONE":0,"CCD_STATUS":"IDLE","CURRENT_TEMPERATURE":19,"TEMPERATURE_STATUS":"TEMPERATURE_OFF","FRAME_EXPOSURE_TIME":2,"CCD_POWER_STATUS":true,"SERIAL_NUMBER":9915,"ACQUIRING":false}
8/22/2022 11:00 AM CommandSyncBox  TX=TRigger REmote

8/22/2022 11:00 AM ResponseSyncBox  RX=

     Highland Technology  Model T560  Digital Delay Generator

Firmware 28E560-D  02407                Cal date July 19, 2018      

Trig   REM  50R  Level 1.250   Div   0,000,000,000  SYN 00,010,000.00
Gate   OFF  POS  HIZ           Shots 0,000,000,132
Burst  OFF  N  0,000,000,016   of M  0,000,000,064

Verbos ON   Autoinstall FEOD   Usec 2,519,066,065  DPLL 00010
Clock  OUT  Trim 02166         Temp +49.5

Errs   None

Ch A  POS  ON     Dly  01.000,000,000,000  Wid  00.200,000,000,000
Ch B  POS  ON     Dly  01.500,000,000,000  Wid  00.200,000,000,000
Ch C  POS  ON     Dly  02.000,000,000,000  Wid  00.200,000,000,000
Ch D  POS  ON     Dly  02.500,000,000,000  Wid  00.200,000,000,000



8/22/2022 11:00 AM ResponseSyncBox  RX=OK

8/22/2022 11:00 AM CommandSyncBox  TX=IN

8/22/2022 11:00 AM ResponseSyncBox  RX=OK

8/22/2022 11:00 AM CommandSyncBox  TX=TRigger

8/22/2022 11:00 AM ResponseSyncBox  RX=Trig   REM  50R  Level 1.250   Div   0,000,000,000  SYN 00,010,000.00

8/22/2022 11:00 AM CommandSyncBox  TX=FIre

8/22/2022 11:00 AM ResponseSyncBox  RX=OK

8/22/2022 11:00 AM CommandInstrument  TX=S4ICS WPROT STOP NONE,WPSEL NONE NONE,GMIR NONE NONE,GFOC NONE NONE,CALW NONE NONE,ASEL NONE NONE

8/22/2022 11:00 AM ResponseInstrument  RX=WPSEL SIMULATED BUSY 80 OFF 1, WPROT SIMULATED ACK 30 HOME 0, CALW SIMULATED READY 0.0 OFF 1, ASEL SIMULATED READY 0.0 OFF 1, GMIR SIMULATED READY 0.0 HOME 0, GFOC SIMULATED READY 0.0 HOME 0

8/22/2022 11:00 AM CommandSyncBox  TX=FIre

8/22/2022 11:00 AM ResponseSyncBox  RX=

     Highland Technology  Model T560  Digital Delay Generator

Firmware 28E560-D  02407                Cal date July 19, 2018      

Trig   REM  50R  Level 1.250   Div   0,000,000,000  SYN 00,010,000.00
Gate   OFF  POS  HIZ           Shots 0,000,000,133
Burst  OFF  N  0,000,000,016   of M  0,000,000,064

Verbos ON   Autoinstall FEOD   Usec 2,540,845,495  DPLL 00009
Clock  OUT  Trim 02166         Temp +49.4

Errs   None

Ch A  POS  ON     Dly  01.000,000,000,000  Wid  00.200,000,000,000
Ch B  POS  ON     Dly  01.500,000,000,000  Wid  00.200,000,000,000
Ch C  POS  ON     Dly  02.000,000,000,000  Wid  00.200,000,000,000
Ch D  POS  ON     Dly  02.500,000,000,000  Wid  00.200,000,000,000



8/22/2022 11:00 AM ResponseSyncBox  RX=OK

8/22/2022 11:01 AM CommandSyncBox  TX=FIre

8/22/2022 11:01 AM ResponseSyncBox  RX=OK

8/22/2022 11:02 AM CommandSyncBox  TX=FIre

8/22/2022 11:02 AM ResponseSyncBox  RX=OK

8/22/2022 11:02 AM CommandAcquisChD  TX=SET EXPTIME 1.500000
8/22/2022 11:03 AM CommandAcquisChA  TX=ABORT_ACQUISITION
8/22/2022 11:03 AM CommandAcquisChB  TX=ABORT_ACQUISITION
8/22/2022 11:03 AM CommandAcquisChC  TX=ABORT_ACQUISITION
8/22/2022 11:03 AM CommandAcquisChD  TX=ABORT_ACQUISITION
8/22/2022 11:03 AM CommandInstrument  TX=S4ICS WPROT STOP NONE,WPSEL NONE NONE,GMIR NONE NONE,GFOC NONE NONE,CALW NONE NONE,ASEL NONE NONE

8/22/2022 11:03 AM ResponseInstrument  RX=WPSEL SIMULATED BUSY 80 OFF 1, WPROT SIMULATED ACK 30 HOME 0, CALW SIMULATED READY 0.0 OFF 1, ASEL SIMULATED READY 0.0 OFF 1, GMIR SIMULATED READY 0.0 HOME 0, GFOC SIMULATED READY 0.0 HOME 0

8/22/2022 11:09 AM CommandAcquisChD  TX=SET TEMP -60
8/22/2022 11:09 AM ResponseAcquisChD  RX=DONE
8/22/2022 11:09 AM CommandAcquisChD  TX=SET COOLER_POWER_STATUS 1
8/22/2022 11:09 AM ResponseAcquisChD  RX=DONE
8/22/2022 11:10 AM CommandSyncBox  TX=FIre

8/22/2022 11:10 AM ResponseSyncBox  RX=

     Highland Technology  Model T560  Digital Delay Generator

Firmware 28E560-D  02407                Cal date July 19, 2018      

Trig   REM  50R  Level 1.250   Div   0,000,000,000  SYN 00,010,000.00
Gate   OFF  POS  HIZ           Shots 0,000,000,136
Burst  OFF  N  0,000,000,016   of M  0,000,000,064

Verbos ON   Autoinstall FEOD   Usec 3,116,064,541  DPLL 00009
Clock  OUT  Trim 02166         Temp +49.6

Errs   None

Ch A  POS  ON     Dly  01.000,000,000,000  Wid  00.200,000,000,000
Ch B  POS  ON     Dly  01.500,000,000,000  Wid  00.200,000,000,000
Ch C  POS  ON     Dly  02.000,000,000,000  Wid  00.200,000,000,000
Ch D  POS  ON     Dly  02.500,000,000,000  Wid  00.200,000,000,000



8/22/2022 11:10 AM ResponseSyncBox  RX=OK

8/22/2022 11:11 AM CommandSyncBox  TX=ADELAY 1000m

8/22/2022 11:11 AM ResponseSyncBox  RX=

     Highland Technology  Model T560  Digital Delay Generator

Firmware 28E560-D  02407                Cal date July 19, 2018      

Trig   REM  50R  Level 1.250   Div   0,000,000,000  SYN 00,010,000.00
Gate   OFF  POS  HIZ           Shots 0,000,000,137
Burst  OFF  N  0,000,000,016   of M  0,000,000,064

Verbos ON   Autoinstall FEOD   Usec 3,185,689,092  DPLL 00009
Clock  OUT  Trim 02166         Temp +49.5

Errs   None

Ch A  POS  ON     Dly  01.000,000,000,000  Wid  00.200,000,000,000
Ch B  POS  ON     Dly  01.500,000,000,000  Wid  00.200,000,000,000
Ch C  POS  ON     Dly  02.000,000,000,000  Wid  00.200,000,000,000
Ch D  POS  ON     Dly  02.500,000,000,000  Wid  00.200,000,000,000



8/22/2022 11:11 AM ResponseSyncBox  RX=OK

8/22/2022 11:11 AM CommandSyncBox  TX=BDELAY 1500m

8/22/2022 11:11 AM ResponseSyncBox  RX=OK

8/22/2022 11:11 AM CommandSyncBox  TX=CDELAY 2000m

8/22/2022 11:11 AM ResponseSyncBox  RX=OK

8/22/2022 11:11 AM CommandSyncBox  TX=DDELAY 2500m

8/22/2022 11:11 AM ResponseSyncBox  RX=OK

8/22/2022 11:11 AM CommandSyncBox  TX=AWIDTH 200m

8/22/2022 11:11 AM ResponseSyncBox  RX=OK

8/22/2022 11:11 AM CommandSyncBox  TX=BWIDTH 200m

8/22/2022 11:11 AM ResponseSyncBox  RX=OK

8/22/2022 11:12 AM CommandSyncBox  TX=ADELAY  0m

8/22/2022 11:12 AM ResponseSyncBox  RX=OK

8/22/2022 11:12 AM CommandSyncBox  TX=BDELAY 0m

8/22/2022 11:12 AM ResponseSyncBox  RX=OK

8/22/2022 11:12 AM CommandSyncBox  TX=CDELAY 0m

8/22/2022 11:12 AM ResponseSyncBox  RX=OK

8/22/2022 11:12 AM CommandSyncBox  TX=DDELAY 0m

8/22/2022 11:12 AM ResponseSyncBox  RX=OK

8/22/2022 11:12 AM CommandSyncBox  TX=AWIDTH 200m

8/22/2022 11:12 AM ResponseSyncBox  RX=OK

8/22/2022 11:12 AM CommandSyncBox  TX=BWIDTH 200m

8/22/2022 11:12 AM ResponseSyncBox  RX=OK

8/22/2022 11:12 AM CommandSyncBox  TX=CWIDTH 200m

8/22/2022 11:12 AM ResponseSyncBox  RX=OK

8/22/2022 11:12 AM CommandSyncBox  TX=DWIDTH 500m

8/22/2022 11:12 AM ResponseSyncBox  RX=OK

8/22/2022 11:12 AM CommandSyncBox  TX=aset on

8/22/2022 11:12 AM ResponseSyncBox  RX=OK

8/22/2022 11:12 AM CommandSyncBox  TX=bset on

8/22/2022 11:12 AM ResponseSyncBox  RX=OK

8/22/2022 11:12 AM CommandSyncBox  TX=cset on

8/22/2022 11:12 AM ResponseSyncBox  RX=OK

8/22/2022 11:12 AM CommandSyncBox  TX=dset on

8/22/2022 11:12 AM ResponseSyncBox  RX=OK

8/22/2022 11:12 AM CommandSyncBox  TX=IN

8/22/2022 11:12 AM ResponseSyncBox  RX=OK

8/22/2022 11:12 AM CommandSyncBox  TX=FIre

8/22/2022 11:12 AM ResponseSyncBox  RX=OK

8/22/2022 11:14 AM CommandSyncBox  TX=FIre

8/22/2022 11:14 AM ResponseSyncBox  RX=OK

8/22/2022 11:16 AM CommandSyncBox  TX=FIre

8/22/2022 11:16 AM ResponseSyncBox  RX=OK

8/22/2022 11:17 AM CommandAcquisChD  TX=SET EXPTIME 1.500000
8/22/2022 11:17 AM ResponseAcquisChD  RX=DONE
8/22/2022 11:17 AM CommandAcquisChD  TX=SET #FRAMES 5.000000
8/22/2022 11:17 AM ResponseAcquisChD  RX=DONE
8/22/2022 11:17 AM CommandAcquisChD  TX=SET #CUBES 1.0000 
8/22/2022 11:17 AM ResponseAcquisChD  RX=DONE
8/22/2022 11:17 AM CommandAcquisChD  TX=SET SUFFIX DARK
8/22/2022 11:17 AM ResponseAcquisChD  RX=DONE
8/22/2022 11:17 AM CommandAcquisChD  TX=SET OBSTYPE DARK
8/22/2022 11:17 AM ResponseAcquisChD  RX=DONE
8/22/2022 11:17 AM CommandSyncBox  TX=ADELAY  0m

8/22/2022 11:17 AM ResponseSyncBox  RX=OK

8/22/2022 11:17 AM CommandSyncBox  TX=BDELAY 0m

8/22/2022 11:17 AM ResponseSyncBox  RX=OK

8/22/2022 11:17 AM CommandSyncBox  TX=CDELAY 0m

8/22/2022 11:17 AM ResponseSyncBox  RX=OK

8/22/2022 11:17 AM CommandSyncBox  TX=DDELAY 0m

8/22/2022 11:17 AM ResponseSyncBox  RX=OK

8/22/2022 11:17 AM CommandSyncBox  TX=AWIDTH 200m

8/22/2022 11:17 AM ResponseSyncBox  RX=OK

8/22/2022 11:17 AM CommandSyncBox  TX=BWIDTH 200m

8/22/2022 11:17 AM ResponseSyncBox  RX=OK

8/22/2022 11:17 AM CommandSyncBox  TX=CWIDTH 200m

8/22/2022 11:17 AM ResponseSyncBox  RX=OK

8/22/2022 11:17 AM CommandSyncBox  TX=DWIDTH 500m

8/22/2022 11:17 AM ResponseSyncBox  RX=OK

8/22/2022 11:17 AM CommandSyncBox  TX=aset on

8/22/2022 11:17 AM ResponseSyncBox  RX=OK

8/22/2022 11:17 AM CommandSyncBox  TX=bset on

8/22/2022 11:17 AM ResponseSyncBox  RX=OK

8/22/2022 11:17 AM CommandSyncBox  TX=cset on

8/22/2022 11:17 AM ResponseSyncBox  RX=OK

8/22/2022 11:17 AM CommandSyncBox  TX=dset on

8/22/2022 11:17 AM ResponseSyncBox  RX=OK

8/22/2022 11:17 AM CommandSyncBox  TX=IN

8/22/2022 11:17 AM ResponseSyncBox  RX=OK

8/22/2022 11:17 AM CommandSyncBox  TX=TRigger REmote

8/22/2022 11:17 AM ResponseSyncBox  RX=OK

8/22/2022 11:17 AM CommandSyncBox  TX=IN

8/22/2022 11:17 AM ResponseSyncBox  RX=OK

8/22/2022 11:17 AM CommandSyncBox  TX=TRigger

8/22/2022 11:17 AM ResponseSyncBox  RX=Trig   REM  50R  Level 1.250   Div   0,000,000,000  SYN 00,010,000.00

8/22/2022 11:17 AM CommandSyncBox  TX=FIre

8/22/2022 11:17 AM ResponseSyncBox  RX=OK

8/22/2022 11:17 AM CommandAcquisChD  TX=SET EXPTIME 1.500000
8/22/2022 11:17 AM ResponseAcquisChD  RX=DONE
8/22/2022 11:17 AM CommandAcquisChD  TX=SET #FRAMES 5.000000
8/22/2022 11:17 AM ResponseAcquisChD  RX=DONE
8/22/2022 11:17 AM CommandAcquisChD  TX=SET #CUBES 1.0000 
8/22/2022 11:17 AM ResponseAcquisChD  RX=DONE
8/22/2022 11:17 AM CommandAcquisChD  TX=SET SUFFIX DARK
8/22/2022 11:17 AM ResponseAcquisChD  RX=DONE
8/22/2022 11:17 AM CommandAcquisChD  TX=SET OBSTYPE DARK
8/22/2022 11:17 AM ResponseAcquisChD  RX=DONE
8/22/2022 11:17 AM CommandSyncBox  TX=ADELAY  0m

8/22/2022 11:17 AM ResponseSyncBox  RX=OK

8/22/2022 11:17 AM CommandSyncBox  TX=BDELAY 0m

8/22/2022 11:17 AM ResponseSyncBox  RX=OK

8/22/2022 11:17 AM CommandSyncBox  TX=CDELAY 0m

8/22/2022 11:17 AM ResponseSyncBox  RX=OK

8/22/2022 11:17 AM CommandSyncBox  TX=DDELAY 0m

8/22/2022 11:17 AM ResponseSyncBox  RX=OK

8/22/2022 11:17 AM CommandSyncBox  TX=AWIDTH 200m

8/22/2022 11:17 AM ResponseSyncBox  RX=OK

8/22/2022 11:17 AM CommandSyncBox  TX=BWIDTH 200m

8/22/2022 11:17 AM ResponseSyncBox  RX=OK

8/22/2022 11:17 AM CommandSyncBox  TX=CWIDTH 200m

8/22/2022 11:17 AM ResponseSyncBox  RX=OK

8/22/2022 11:17 AM CommandSyncBox  TX=DWIDTH 500m

8/22/2022 11:17 AM ResponseSyncBox  RX=OK

8/22/2022 11:17 AM CommandSyncBox  TX=aset on

8/22/2022 11:17 AM ResponseSyncBox  RX=OK

8/22/2022 11:17 AM CommandSyncBox  TX=bset on

8/22/2022 11:17 AM ResponseSyncBox  RX=OK

8/22/2022 11:17 AM CommandSyncBox  TX=cset on

8/22/2022 11:17 AM ResponseSyncBox  RX=OK

8/22/2022 11:17 AM CommandSyncBox  TX=dset on

8/22/2022 11:17 AM ResponseSyncBox  RX=OK

8/22/2022 11:17 AM CommandSyncBox  TX=IN

8/22/2022 11:17 AM ResponseSyncBox  RX=OK

8/22/2022 11:17 AM CommandAcquisChD  TX=EXPOSE
8/22/2022 11:17 AM CommandSyncBox  TX=TRigger REmote

8/22/2022 11:17 AM ResponseSyncBox  RX=OK

8/22/2022 11:17 AM CommandSyncBox  TX=IN

8/22/2022 11:17 AM ResponseSyncBox  RX=OK

8/22/2022 11:17 AM CommandSyncBox  TX=TRigger

8/22/2022 11:17 AM ResponseSyncBox  RX=Trig   REM  50R  Level 1.250   Div   0,000,000,000  SYN 00,010,000.00

8/22/2022 11:17 AM CommandSyncBox  TX=FIre

8/22/2022 11:17 AM ResponseSyncBox  RX=OK

8/22/2022 11:17 AM CommandSyncBox  TX=FIre

8/22/2022 11:17 AM ResponseSyncBox  RX=OK

8/22/2022 11:18 AM CommandSyncBox  TX=FIre

8/22/2022 11:18 AM ResponseSyncBox  RX=OK

8/22/2022 11:19 AM CommandSyncBox  TX=FIre

8/22/2022 11:19 AM ResponseSyncBox  RX=OK

8/22/2022 11:19 AM CommandAcquisChA  TX=ABORT_ACQUISITION
8/22/2022 11:19 AM CommandAcquisChB  TX=ABORT_ACQUISITION
8/22/2022 11:19 AM CommandAcquisChC  TX=ABORT_ACQUISITION
8/22/2022 11:19 AM CommandAcquisChD  TX=ABORT_ACQUISITION
8/22/2022 11:19 AM CommandInstrument  TX=S4ICS WPROT STOP NONE,WPSEL NONE NONE,GMIR NONE NONE,GFOC NONE NONE,CALW NONE NONE,ASEL NONE NONE

8/22/2022 11:19 AM ResponseInstrument  RX=WPSEL SIMULATED BUSY 80 OFF 1, WPROT SIMULATED ACK 30 HOME 0, CALW SIMULATED READY 0.0 OFF 1, ASEL SIMULATED READY 0.0 OFF 1, GMIR SIMULATED READY 0.0 HOME 0, GFOC SIMULATED READY 0.0 HOME 0

8/22/2022 11:20 AM CommandAcquisChD  TX=WRITE_SETUP {"ACQUISITION_MODE":3,"TRIGGER_MODE":0,"READ_MODE":0,"PREAMP":0,"READOUT_RATE":0,"VERTICAL_SHIFT_SPEED":3,"EM_MODE":1,"EM_GAIN":2,"SHUTTER_MODE":2,"SHUTTER_TTL":0,"SHUTTER_OPENING_TIME":1,"SHUTTER_CLOSING_TIME":1,"VBIN":1,"HBIN":1,"INITIAL_LINE":1,"INITIAL_COLUMN":1,"FINAL_LINE":1024,"FINAL_COLUMN":1024,"FRAME_TRANSFER":true,"VERTICAL_CLOCK_VOLTAGE":0,"AD_CHANNEL":0}
8/22/2022 11:20 AM CommandAcquisChD  TX=WRITE_SETUP {"ACQUISITION_MODE":3,"TRIGGER_MODE":2,"READ_MODE":0,"PREAMP":0,"READOUT_RATE":0,"VERTICAL_SHIFT_SPEED":3,"EM_MODE":1,"EM_GAIN":2,"SHUTTER_MODE":2,"SHUTTER_TTL":0,"SHUTTER_OPENING_TIME":1,"SHUTTER_CLOSING_TIME":1,"VBIN":1,"HBIN":1,"INITIAL_LINE":1,"INITIAL_COLUMN":1,"FINAL_LINE":1024,"FINAL_COLUMN":1024,"FRAME_TRANSFER":true,"VERTICAL_CLOCK_VOLTAGE":0,"AD_CHANNEL":0}
8/22/2022 11:20 AM CommandAcquisChD  TX=WRITE_SETUP {"ACQUISITION_MODE":3,"TRIGGER_MODE":2,"READ_MODE":0,"PREAMP":0,"READOUT_RATE":0,"VERTICAL_SHIFT_SPEED":3,"EM_MODE":1,"EM_GAIN":2,"SHUTTER_MODE":2,"SHUTTER_TTL":0,"SHUTTER_OPENING_TIME":1,"SHUTTER_CLOSING_TIME":1,"VBIN":1,"HBIN":1,"INITIAL_LINE":1,"INITIAL_COLUMN":1,"FINAL_LINE":1024,"FINAL_COLUMN":1024,"FRAME_TRANSFER":true,"VERTICAL_CLOCK_VOLTAGE":0,"AD_CHANNEL":0}
8/22/2022 11:20 AM CommandSyncBox  TX=FIre

8/22/2022 11:20 AM ResponseSyncBox  RX=OK

8/22/2022 11:20 AM CommandAcquisChD  TX=READ_SETUP 
8/22/2022 11:20 AM CommandAcquisChD  TX=SET TEMP -60
8/22/2022 11:20 AM CommandAcquisChD  TX=SET COOLER_POWER_STATUS 1
8/22/2022 11:20 AM CommandSyncBox  TX=FIre

8/22/2022 11:20 AM ResponseSyncBox  RX=OK

8/22/2022 11:20 AM CommandAcquisChD  TX=SET EXPTIME 1.500000
8/22/2022 11:20 AM CommandAcquisChA  TX=ABORT_ACQUISITION
8/22/2022 11:20 AM CommandAcquisChB  TX=ABORT_ACQUISITION
8/22/2022 11:20 AM CommandAcquisChC  TX=ABORT_ACQUISITION
8/22/2022 11:20 AM CommandAcquisChD  TX=ABORT_ACQUISITION
8/22/2022 11:20 AM CommandInstrument  TX=S4ICS WPROT STOP NONE,WPSEL NONE NONE,GMIR NONE NONE,GFOC NONE NONE,CALW NONE NONE,ASEL NONE NONE

8/22/2022 11:20 AM ResponseInstrument  RX=WPSEL SIMULATED BUSY 80 OFF 1, WPROT SIMULATED ACK 30 HOME 0, CALW SIMULATED READY 0.0 OFF 1, ASEL SIMULATED READY 0.0 OFF 1, GMIR SIMULATED READY 0.0 HOME 0, GFOC SIMULATED READY 0.0 HOME 0

8/22/2022 11:20 AM CommandSyncBox  TX=FIre

8/22/2022 11:20 AM ResponseSyncBox  RX=OK

8/22/2022 11:20 AM CommandSyncBox  TX=FIre

8/22/2022 11:20 AM ResponseSyncBox  RX=OK

