8/22/2022 4:31 PM CommandAcquisChA  TX=WRITE_SETUP {"ACQUISITION_MODE":3,"TRIGGER_MODE":6,"READ_MODE":4,"PREAMP":0,"READOUT_RATE":0,"VERTICAL_SHIFT_SPEED":3,"EM_MODE":1,"EM_GAIN":2,"SHUTTER_MODE":2,"SHUTTER_TTL":0,"SHUTTER_OPENING_TIME":1,"SHUTTER_CLOSING_TIME":1,"VBIN":1,"HBIN":1,"INITIAL_LINE":1,"INITIAL_COLUMN":1,"FINAL_LINE":1024,"FINAL_COLUMN":1024,"FRAME_TRANSFER":true,"VERTICAL_CLOCK_VOLTAGE":0,"AD_CHANNEL":0}
8/22/2022 4:31 PM CommandAcquisChB  TX=WRITE_SETUP {"ACQUISITION_MODE":3,"TRIGGER_MODE":1,"READ_MODE":0,"PREAMP":0,"READOUT_RATE":0,"VERTICAL_SHIFT_SPEED":0,"EM_MODE":1,"EM_GAIN":2,"SHUTTER_MODE":2,"SHUTTER_TTL":0,"SHUTTER_OPENING_TIME":1,"SHUTTER_CLOSING_TIME":1,"VBIN":1,"HBIN":1,"INITIAL_LINE":1,"INITIAL_COLUMN":1,"FINAL_LINE":1024,"FINAL_COLUMN":1024,"FRAME_TRANSFER":true,"VERTICAL_CLOCK_VOLTAGE":0,"AD_CHANNEL":0}
8/22/2022 4:31 PM CommandAcquisChC  TX=WRITE_SETUP {"ACQUISITION_MODE":3,"TRIGGER_MODE":1,"READ_MODE":0,"PREAMP":0,"READOUT_RATE":0,"VERTICAL_SHIFT_SPEED":0,"EM_MODE":1,"EM_GAIN":2,"SHUTTER_MODE":2,"SHUTTER_TTL":0,"SHUTTER_OPENING_TIME":1,"SHUTTER_CLOSING_TIME":1,"VBIN":1,"HBIN":1,"INITIAL_LINE":1,"INITIAL_COLUMN":1,"FINAL_LINE":1024,"FINAL_COLUMN":1024,"FRAME_TRANSFER":true,"VERTICAL_CLOCK_VOLTAGE":0,"AD_CHANNEL":0}
8/22/2022 4:31 PM CommandAcquisChD  TX=WRITE_SETUP {"ACQUISITION_MODE":3,"TRIGGER_MODE":0,"READ_MODE":0,"PREAMP":0,"READOUT_RATE":0,"VERTICAL_SHIFT_SPEED":3,"EM_MODE":1,"EM_GAIN":2,"SHUTTER_MODE":2,"SHUTTER_TTL":0,"SHUTTER_OPENING_TIME":1,"SHUTTER_CLOSING_TIME":1,"VBIN":1,"HBIN":1,"INITIAL_LINE":1,"INITIAL_COLUMN":1,"FINAL_LINE":1024,"FINAL_COLUMN":1024,"FRAME_TRANSFER":true,"VERTICAL_CLOCK_VOLTAGE":0,"AD_CHANNEL":0}
8/22/2022 4:31 PM CommandSyncBox  TX=ADELAY 0m

8/22/2022 4:31 PM ResponseSyncBox  RX=OK

8/22/2022 4:31 PM CommandSyncBox  TX=BDELAY 0m

8/22/2022 4:31 PM ResponseSyncBox  RX=OK

8/22/2022 4:31 PM CommandSyncBox  TX=CDELAY 0m

8/22/2022 4:31 PM ResponseSyncBox  RX=OK

8/22/2022 4:31 PM CommandSyncBox  TX=DDELAY 0m

8/22/2022 4:31 PM ResponseSyncBox  RX=OK

8/22/2022 4:31 PM CommandSyncBox  TX=AWIDTH 200m

8/22/2022 4:31 PM ResponseSyncBox  RX=OK

8/22/2022 4:31 PM CommandSyncBox  TX=BWIDTH 200m

8/22/2022 4:31 PM ResponseSyncBox  RX=OK

8/22/2022 4:31 PM CommandSyncBox  TX=CWIDTH 200m

8/22/2022 4:31 PM ResponseSyncBox  RX=OK

8/22/2022 4:31 PM CommandSyncBox  TX=DWIDTH 200m

8/22/2022 4:31 PM ResponseSyncBox  RX=OK

8/22/2022 4:31 PM CommandSyncBox  TX=aset on

8/22/2022 4:31 PM ResponseSyncBox  RX=OK

8/22/2022 4:31 PM CommandSyncBox  TX=bset on

8/22/2022 4:31 PM ResponseSyncBox  RX=OK

8/22/2022 4:31 PM CommandSyncBox  TX=cset on

8/22/2022 4:31 PM ResponseSyncBox  RX=OK

8/22/2022 4:31 PM CommandSyncBox  TX=dset on

8/22/2022 4:31 PM ResponseSyncBox  RX=OK

8/22/2022 4:31 PM CommandSyncBox  TX=IN

8/22/2022 4:31 PM ResponseSyncBox  RX=OK

8/22/2022 4:31 PM CommandAcquisChA  TX=READ_SETUP 
8/22/2022 4:31 PM CommandAcquisChB  TX=READ_SETUP 
8/22/2022 4:31 PM CommandAcquisChC  TX=READ_SETUP 
8/22/2022 4:31 PM CommandAcquisChD  TX=READ_SETUP 
8/22/2022 4:31 PM ResponseAcquisChD  RX=CCD_SETUP {"PREAMP":0,"READOUT_RATE":0,"EM_GAIN":2,"VBIN":1,"INITIAL_LINE":1,"INITIAL_COLUMN":1,"FINAL_LINE":1024,"FINAL_COLUMN":1024,"TRIGGER_MODE":0,"HBIN":1,"SHUTTER_TTL":0,"SHUTTER_MODE":2,"SHUTTER_OPENING_TIME":1,"SHUTTER_CLOSING_TIME":1,"VERTICAL_SHIFT_SPEED":3,"READ_MODE":0,"FRAME_TRANSFER":true,"VERTICAL_CLOCK_VOLTAGE":0,"ACQUISITION_MODE":3,"AD_CHANNEL":0,"EM_MODE":1}
8/22/2022 4:31 PM CommandAcquisChD  TX=SET COOLER_POWER_STATUS 0
8/22/2022 4:31 PM ResponseAcquisChD  RX=DONE
8/22/2022 4:31 PM CommandAcquisChA  TX=SET COOLER_POWER_STATUS 0
8/22/2022 4:31 PM CommandAcquisChB  TX=SET COOLER_POWER_STATUS 0
8/22/2022 4:31 PM CommandAcquisChC  TX=SET COOLER_POWER_STATUS 0
8/22/2022 4:34 PM CommandAcquisChD  TX=SET EXPTIME 0.500000
8/22/2022 4:34 PM ResponseAcquisChD  RX=DONE
8/22/2022 4:34 PM CommandAcquisChD  TX=SET #FRAMES 5.000000
8/22/2022 4:34 PM ResponseAcquisChD  RX=DONE
8/22/2022 4:34 PM CommandAcquisChA  TX=ABORT_ACQUISITION
8/22/2022 4:34 PM CommandAcquisChB  TX=ABORT_ACQUISITION
8/22/2022 4:34 PM CommandAcquisChC  TX=ABORT_ACQUISITION
8/22/2022 4:34 PM CommandAcquisChD  TX=ABORT_ACQUISITION
8/22/2022 4:34 PM CommandInstrument  TX=S4ICS WPROT STOP NONE,WPSEL NONE NONE,GMIR NONE NONE,GFOC NONE NONE,CALW NONE NONE,ASEL NONE NONE

8/22/2022 4:34 PM ResponseInstrument  RX=WPSEL SIMULATED BUSY 80 OFF 1, WPROT SIMULATED ACK 30 HOME 0, CALW SIMULATED READY 0.0 OFF 1, ASEL SIMULATED READY 0.0 OFF 1, GMIR SIMULATED READY 0.0 HOME 0, GFOC SIMULATED READY 0.0 HOME 0

8/22/2022 4:34 PM CommandAcquisChD  TX=SET EXPTIME 0.500000
8/22/2022 4:34 PM ResponseAcquisChD  RX=DONE
8/22/2022 4:34 PM CommandAcquisChD  TX=SET #FRAMES 5.000000
8/22/2022 4:34 PM ResponseAcquisChD  RX=DONE
8/22/2022 4:34 PM CommandAcquisChD  TX=SET #CUBES 1.0000 
8/22/2022 4:34 PM ResponseAcquisChD  RX=DONE
8/22/2022 4:34 PM CommandAcquisChA  TX=ABORT_ACQUISITION
8/22/2022 4:34 PM CommandAcquisChB  TX=ABORT_ACQUISITION
8/22/2022 4:35 PM CommandAcquisChC  TX=ABORT_ACQUISITION
8/22/2022 4:35 PM CommandAcquisChD  TX=ABORT_ACQUISITION
8/22/2022 4:35 PM CommandInstrument  TX=S4ICS WPROT STOP NONE,WPSEL NONE NONE,GMIR NONE NONE,GFOC NONE NONE,CALW NONE NONE,ASEL NONE NONE

8/22/2022 4:35 PM ResponseInstrument  RX=WPSEL SIMULATED BUSY 80 OFF 1, WPROT SIMULATED ACK 30 HOME 0, CALW SIMULATED READY 0.0 OFF 1, ASEL SIMULATED READY 0.0 OFF 1, GMIR SIMULATED READY 0.0 HOME 0, GFOC SIMULATED READY 0.0 HOME 0

