8/22/2022 4:05 PM CommandAcquisChA  TX=WRITE_SETUP {"ACQUISITION_MODE":3,"TRIGGER_MODE":6,"READ_MODE":4,"PREAMP":0,"READOUT_RATE":0,"VERTICAL_SHIFT_SPEED":3,"EM_MODE":1,"EM_GAIN":2,"SHUTTER_MODE":2,"SHUTTER_TTL":0,"SHUTTER_OPENING_TIME":1,"SHUTTER_CLOSING_TIME":1,"VBIN":1,"HBIN":1,"INITIAL_LINE":1,"INITIAL_COLUMN":1,"FINAL_LINE":1024,"FINAL_COLUMN":1024,"FRAME_TRANSFER":true,"VERTICAL_CLOCK_VOLTAGE":0,"AD_CHANNEL":0}
8/22/2022 4:05 PM CommandAcquisChB  TX=WRITE_SETUP {"ACQUISITION_MODE":3,"TRIGGER_MODE":1,"READ_MODE":0,"PREAMP":0,"READOUT_RATE":0,"VERTICAL_SHIFT_SPEED":0,"EM_MODE":1,"EM_GAIN":2,"SHUTTER_MODE":2,"SHUTTER_TTL":0,"SHUTTER_OPENING_TIME":1,"SHUTTER_CLOSING_TIME":1,"VBIN":1,"HBIN":1,"INITIAL_LINE":1,"INITIAL_COLUMN":1,"FINAL_LINE":1024,"FINAL_COLUMN":1024,"FRAME_TRANSFER":true,"VERTICAL_CLOCK_VOLTAGE":0,"AD_CHANNEL":0}
8/22/2022 4:05 PM CommandAcquisChC  TX=WRITE_SETUP {"ACQUISITION_MODE":3,"TRIGGER_MODE":1,"READ_MODE":0,"PREAMP":0,"READOUT_RATE":0,"VERTICAL_SHIFT_SPEED":0,"EM_MODE":1,"EM_GAIN":2,"SHUTTER_MODE":2,"SHUTTER_TTL":0,"SHUTTER_OPENING_TIME":1,"SHUTTER_CLOSING_TIME":1,"VBIN":1,"HBIN":1,"INITIAL_LINE":1,"INITIAL_COLUMN":1,"FINAL_LINE":1024,"FINAL_COLUMN":1024,"FRAME_TRANSFER":true,"VERTICAL_CLOCK_VOLTAGE":0,"AD_CHANNEL":0}
8/22/2022 4:05 PM CommandAcquisChD  TX=WRITE_SETUP {"ACQUISITION_MODE":3,"TRIGGER_MODE":6,"READ_MODE":0,"PREAMP":0,"READOUT_RATE":0,"VERTICAL_SHIFT_SPEED":3,"EM_MODE":1,"EM_GAIN":2,"SHUTTER_MODE":2,"SHUTTER_TTL":0,"SHUTTER_OPENING_TIME":1,"SHUTTER_CLOSING_TIME":1,"VBIN":1,"HBIN":1,"INITIAL_LINE":1,"INITIAL_COLUMN":1,"FINAL_LINE":1024,"FINAL_COLUMN":1024,"FRAME_TRANSFER":true,"VERTICAL_CLOCK_VOLTAGE":0,"AD_CHANNEL":0}
8/22/2022 4:05 PM CommandSyncBox  TX=ADELAY 0m

8/22/2022 4:05 PM ResponseSyncBox  RX=OK

8/22/2022 4:05 PM CommandSyncBox  TX=BDELAY 0m

8/22/2022 4:05 PM ResponseSyncBox  RX=OK

8/22/2022 4:05 PM CommandSyncBox  TX=CDELAY 0m

8/22/2022 4:05 PM ResponseSyncBox  RX=OK

8/22/2022 4:05 PM CommandSyncBox  TX=DDELAY 0m

8/22/2022 4:05 PM ResponseSyncBox  RX=OK

8/22/2022 4:05 PM CommandSyncBox  TX=AWIDTH 200m

8/22/2022 4:05 PM ResponseSyncBox  RX=OK

8/22/2022 4:05 PM CommandSyncBox  TX=BWIDTH 200m

8/22/2022 4:05 PM ResponseSyncBox  RX=OK

8/22/2022 4:05 PM CommandSyncBox  TX=CWIDTH 200m

8/22/2022 4:05 PM ResponseSyncBox  RX=OK

8/22/2022 4:05 PM CommandSyncBox  TX=DWIDTH 200m

8/22/2022 4:05 PM ResponseSyncBox  RX=OK

8/22/2022 4:05 PM CommandSyncBox  TX=aset on

8/22/2022 4:05 PM ResponseSyncBox  RX=OK

8/22/2022 4:05 PM CommandSyncBox  TX=bset on

8/22/2022 4:05 PM ResponseSyncBox  RX=OK

8/22/2022 4:05 PM CommandSyncBox  TX=cset on

8/22/2022 4:05 PM ResponseSyncBox  RX=OK

8/22/2022 4:05 PM CommandSyncBox  TX=dset on

8/22/2022 4:05 PM ResponseSyncBox  RX=OK

8/22/2022 4:05 PM CommandSyncBox  TX=IN

8/22/2022 4:05 PM ResponseSyncBox  RX=OK

8/22/2022 4:05 PM CommandAcquisChA  TX=READ_SETUP 
8/22/2022 4:05 PM CommandAcquisChB  TX=READ_SETUP 
8/22/2022 4:05 PM CommandAcquisChC  TX=READ_SETUP 
8/22/2022 4:05 PM CommandAcquisChD  TX=READ_SETUP 
8/22/2022 4:05 PM ResponseAcquisChD  RX=CCD_SETUP {"PREAMP":0,"READOUT_RATE":0,"EM_GAIN":2,"VBIN":1,"INITIAL_LINE":1,"INITIAL_COLUMN":1,"FINAL_LINE":1024,"FINAL_COLUMN":1024,"TRIGGER_MODE":6,"HBIN":1,"SHUTTER_TTL":0,"SHUTTER_MODE":2,"SHUTTER_OPENING_TIME":1,"SHUTTER_CLOSING_TIME":1,"VERTICAL_SHIFT_SPEED":3,"READ_MODE":0,"FRAME_TRANSFER":true,"VERTICAL_CLOCK_VOLTAGE":0,"ACQUISITION_MODE":3,"AD_CHANNEL":0,"EM_MODE":1}
8/22/2022 4:05 PM CommandAcquisChD  TX=SET COOLER_POWER_STATUS 0
8/22/2022 4:05 PM ResponseAcquisChD  RX=DONE
8/22/2022 4:05 PM CommandAcquisChA  TX=SET COOLER_POWER_STATUS 0
8/22/2022 4:05 PM CommandAcquisChB  TX=SET COOLER_POWER_STATUS 0
8/22/2022 4:05 PM CommandAcquisChC  TX=SET COOLER_POWER_STATUS 0
8/22/2022 4:06 PM CommandAcquisChD  TX=SET EXPTIME 0.500000
8/22/2022 4:06 PM ResponseAcquisChD  RX=DONE
8/22/2022 4:06 PM CommandAcquisChD  TX=SET #FRAMES 5.000000
8/22/2022 4:06 PM ResponseAcquisChD  RX=DONE
8/22/2022 4:06 PM CommandAcquisChD  TX=SET #CUBES 1.0000 
8/22/2022 4:06 PM ResponseAcquisChD  RX=DONE
8/22/2022 4:06 PM CommandAcquisChD  TX=SET SUFFIX DARK
8/22/2022 4:06 PM ResponseAcquisChD  RX=DONE
8/22/2022 4:06 PM CommandAcquisChD  TX=SET OBSTYPE DARK
8/22/2022 4:06 PM ResponseAcquisChD  RX=DONE
8/22/2022 4:06 PM CommandSyncBox  TX=ADELAY 0m

8/22/2022 4:06 PM ResponseSyncBox  RX=OK

8/22/2022 4:06 PM CommandSyncBox  TX=BDELAY 0m

8/22/2022 4:06 PM ResponseSyncBox  RX=OK

8/22/2022 4:06 PM CommandSyncBox  TX=CDELAY 0m

8/22/2022 4:06 PM ResponseSyncBox  RX=OK

8/22/2022 4:06 PM CommandSyncBox  TX=DDELAY 0m

8/22/2022 4:06 PM ResponseSyncBox  RX=OK

8/22/2022 4:06 PM CommandSyncBox  TX=AWIDTH 200m

8/22/2022 4:06 PM ResponseSyncBox  RX=OK

8/22/2022 4:06 PM CommandSyncBox  TX=BWIDTH 200m

8/22/2022 4:06 PM ResponseSyncBox  RX=OK

8/22/2022 4:06 PM CommandSyncBox  TX=CWIDTH 200m

8/22/2022 4:06 PM ResponseSyncBox  RX=OK

8/22/2022 4:06 PM CommandSyncBox  TX=DWIDTH 200m

8/22/2022 4:06 PM ResponseSyncBox  RX=OK

8/22/2022 4:06 PM CommandSyncBox  TX=aset on

8/22/2022 4:06 PM ResponseSyncBox  RX=OK

8/22/2022 4:06 PM CommandSyncBox  TX=bset on

8/22/2022 4:06 PM ResponseSyncBox  RX=OK

8/22/2022 4:06 PM CommandSyncBox  TX=cset on

8/22/2022 4:06 PM ResponseSyncBox  RX=OK

8/22/2022 4:06 PM CommandSyncBox  TX=dset on

8/22/2022 4:06 PM ResponseSyncBox  RX=OK

8/22/2022 4:06 PM CommandSyncBox  TX=IN

8/22/2022 4:06 PM ResponseSyncBox  RX=OK

8/22/2022 4:06 PM CommandAcquisChD  TX=EXPOSE
8/22/2022 4:06 PM ResponseAcquisChD  RX=RETURNING_STATUS {"CUBE_EXPOSURE_TIME":9.9999997473787516356e-06,"CUBES_DONE":1,"LAST_IMAGE_NAME":"20220822_s4c4_DARK_000002.fits","DISK_SPACE":0,"FRAMES_DONE":1,"CCD_STATUS":"IDLE","CURRENT_TEMPERATURE":19,"TEMPERATURE_STATUS":"TEMPERATURE_OFF","FRAME_EXPOSURE_TIME":0,"CCD_POWER_STATUS":true,"SERIAL_NUMBER":9915,"ACQUIRING":false}
8/22/2022 4:06 PM CommandSyncBox  TX=TRigger REmote

8/22/2022 4:06 PM ResponseSyncBox  RX=

     Highland Technology  Model T560  Digital Delay Generator

Firmware 28E560-D  02407                Cal date July 19, 2018      

Trig   REM  50R  Level 1.250   Div   0,000,000,000  SYN 00,010,000.00
Gate   OFF  POS  HIZ           Shots 0,000,000,224
Burst  OFF  N  0,000,000,016   of M  0,000,000,064

Verbos ON   Autoinstall FEOD   Usec 3,695,808,746  DPLL 00009
Clock  OUT  Trim 02166         Temp +49.2

Errs   None

Ch A  POS  ON     Dly  00.000,000,000,000  Wid  00.200,000,000,000
Ch B  POS  ON     Dly  00.000,000,000,000  Wid  00.200,000,000,000
Ch C  POS  ON     Dly  00.000,000,000,000  Wid  00.200,000,000,000
Ch D  POS  ON     Dly  00.000,000,000,000  Wid  00.200,000,000,000



8/22/2022 4:06 PM ResponseSyncBox  RX=OK

8/22/2022 4:06 PM CommandSyncBox  TX=IN

8/22/2022 4:06 PM ResponseSyncBox  RX=OK

8/22/2022 4:06 PM CommandSyncBox  TX=TRigger

8/22/2022 4:06 PM ResponseSyncBox  RX=Trig   REM  50R  Level 1.250   Div   0,000,000,000  SYN 00,010,000.00

8/22/2022 4:06 PM CommandSyncBox  TX=FIre

8/22/2022 4:06 PM ResponseSyncBox  RX=OK

8/22/2022 4:07 PM CommandInstrument  TX=S4ICS WPROT STOP NONE,WPSEL NONE NONE,GMIR NONE NONE,GFOC NONE NONE,CALW NONE NONE,ASEL NONE NONE

8/22/2022 4:07 PM ResponseInstrument  RX=WPSEL SIMULATED BUSY 80 OFF 1, WPROT SIMULATED ACK 30 HOME 0, CALW SIMULATED READY 0.0 OFF 1, ASEL SIMULATED READY 0.0 OFF 1, GMIR SIMULATED READY 0.0 HOME 0, GFOC SIMULATED READY 0.0 HOME 0

8/22/2022 4:07 PM CommandAcquisChD  TX=SET EXPTIME 0.500000
8/22/2022 4:07 PM ResponseAcquisChD  RX=DONE
8/22/2022 4:07 PM CommandAcquisChD  TX=SET #FRAMES 5.000000
8/22/2022 4:07 PM ResponseAcquisChD  RX=DONE
8/22/2022 4:07 PM CommandAcquisChD  TX=SET #CUBES 1.0000 
8/22/2022 4:07 PM ResponseAcquisChD  RX=DONE
8/22/2022 4:07 PM CommandAcquisChD  TX=SET SUFFIX DARK
8/22/2022 4:07 PM ResponseAcquisChD  RX=DONE
8/22/2022 4:07 PM CommandAcquisChD  TX=SET OBSTYPE DARK
8/22/2022 4:07 PM ResponseAcquisChD  RX=DONE
8/22/2022 4:07 PM CommandSyncBox  TX=ADELAY 0m

8/22/2022 4:07 PM ResponseSyncBox  RX=OK

8/22/2022 4:07 PM CommandSyncBox  TX=BDELAY 0m

8/22/2022 4:07 PM ResponseSyncBox  RX=OK

8/22/2022 4:07 PM CommandSyncBox  TX=CDELAY 0m

8/22/2022 4:07 PM ResponseSyncBox  RX=OK

8/22/2022 4:07 PM CommandSyncBox  TX=DDELAY 0m

8/22/2022 4:07 PM ResponseSyncBox  RX=OK

8/22/2022 4:07 PM CommandSyncBox  TX=AWIDTH 200m

8/22/2022 4:07 PM ResponseSyncBox  RX=OK

8/22/2022 4:07 PM CommandSyncBox  TX=BWIDTH 200m

8/22/2022 4:07 PM ResponseSyncBox  RX=OK

8/22/2022 4:07 PM CommandSyncBox  TX=CWIDTH 200m

8/22/2022 4:07 PM ResponseSyncBox  RX=OK

8/22/2022 4:07 PM CommandSyncBox  TX=DWIDTH 200m

8/22/2022 4:07 PM ResponseSyncBox  RX=OK

8/22/2022 4:07 PM CommandSyncBox  TX=aset on

8/22/2022 4:07 PM ResponseSyncBox  RX=OK

8/22/2022 4:07 PM CommandSyncBox  TX=bset on

8/22/2022 4:07 PM ResponseSyncBox  RX=OK

8/22/2022 4:07 PM CommandSyncBox  TX=cset on

8/22/2022 4:07 PM ResponseSyncBox  RX=OK

8/22/2022 4:07 PM CommandSyncBox  TX=dset on

8/22/2022 4:07 PM ResponseSyncBox  RX=OK

8/22/2022 4:07 PM CommandSyncBox  TX=IN

8/22/2022 4:07 PM ResponseSyncBox  RX=OK

8/22/2022 4:07 PM CommandAcquisChD  TX=EXPOSE
8/22/2022 4:07 PM ResponseAcquisChD  RX=RETURNING_STATUS {"CUBE_EXPOSURE_TIME":0,"CUBES_DONE":0,"LAST_IMAGE_NAME":"","DISK_SPACE":0,"FRAMES_DONE":0,"CCD_STATUS":"IDLE","CURRENT_TEMPERATURE":19,"TEMPERATURE_STATUS":"TEMPERATURE_OFF","FRAME_EXPOSURE_TIME":0,"CCD_POWER_STATUS":true,"SERIAL_NUMBER":9915,"ACQUIRING":false}
8/22/2022 4:07 PM CommandSyncBox  TX=FIre

8/22/2022 4:07 PM ResponseSyncBox  RX=

     Highland Technology  Model T560  Digital Delay Generator

Firmware 28E560-D  02407                Cal date July 19, 2018      

Trig   REM  50R  Level 1.250   Div   0,000,000,000  SYN 00,010,000.00
Gate   OFF  POS  HIZ           Shots 0,000,000,225
Burst  OFF  N  0,000,000,016   of M  0,000,000,064

Verbos ON   Autoinstall FEOD   Usec 3,768,932,151  DPLL 00008
Clock  OUT  Trim 02166         Temp +49.2

Errs   None

Ch A  POS  ON     Dly  00.000,000,000,000  Wid  00.200,000,000,000
Ch B  POS  ON     Dly  00.000,000,000,000  Wid  00.200,000,000,000
Ch C  POS  ON     Dly  00.000,000,000,000  Wid  00.200,000,000,000
Ch D  POS  ON     Dly  00.000,000,000,000  Wid  00.200,000,000,000



8/22/2022 4:07 PM ResponseSyncBox  RX=OK

8/22/2022 4:07 PM CommandSyncBox  TX=FIre

8/22/2022 4:07 PM ResponseSyncBox  RX=OK

8/22/2022 4:07 PM CommandSyncBox  TX=FIre

8/22/2022 4:07 PM ResponseSyncBox  RX=OK

8/22/2022 4:07 PM CommandInstrument  TX=S4ICS WPROT STOP NONE,WPSEL NONE NONE,GMIR NONE NONE,GFOC NONE NONE,CALW NONE NONE,ASEL NONE NONE

8/22/2022 4:08 PM ResponseInstrument  RX=WPSEL SIMULATED BUSY 80 OFF 1, WPROT SIMULATED ACK 30 HOME 0, CALW SIMULATED READY 0.0 OFF 1, ASEL SIMULATED READY 0.0 OFF 1, GMIR SIMULATED READY 0.0 HOME 0, GFOC SIMULATED READY 0.0 HOME 0

8/22/2022 4:08 PM CommandAcquisChD  TX=SET EXPTIME 0.500000
8/22/2022 4:08 PM ResponseAcquisChD  RX=DONE
8/22/2022 4:08 PM CommandAcquisChD  TX=SET #FRAMES 5.000000
8/22/2022 4:08 PM ResponseAcquisChD  RX=DONE
8/22/2022 4:08 PM CommandAcquisChD  TX=SET #CUBES 1.0000 
8/22/2022 4:08 PM ResponseAcquisChD  RX=DONE
8/22/2022 4:08 PM CommandAcquisChD  TX=SET SUFFIX DARK
8/22/2022 4:08 PM ResponseAcquisChD  RX=DONE
8/22/2022 4:08 PM CommandAcquisChD  TX=SET OBSTYPE DARK
8/22/2022 4:08 PM ResponseAcquisChD  RX=DONE
8/22/2022 4:08 PM CommandSyncBox  TX=ADELAY 0m

8/22/2022 4:08 PM ResponseSyncBox  RX=OK

8/22/2022 4:08 PM CommandSyncBox  TX=BDELAY 0m

8/22/2022 4:08 PM ResponseSyncBox  RX=OK

8/22/2022 4:08 PM CommandSyncBox  TX=CDELAY 0m

8/22/2022 4:08 PM ResponseSyncBox  RX=OK

8/22/2022 4:08 PM CommandSyncBox  TX=DDELAY 0m

8/22/2022 4:08 PM ResponseSyncBox  RX=OK

8/22/2022 4:08 PM CommandSyncBox  TX=AWIDTH 200m

8/22/2022 4:08 PM ResponseSyncBox  RX=OK

8/22/2022 4:08 PM CommandSyncBox  TX=BWIDTH 200m

8/22/2022 4:08 PM ResponseSyncBox  RX=OK

8/22/2022 4:08 PM CommandSyncBox  TX=CWIDTH 200m

8/22/2022 4:08 PM ResponseSyncBox  RX=OK

8/22/2022 4:08 PM CommandSyncBox  TX=DWIDTH 200m

8/22/2022 4:08 PM ResponseSyncBox  RX=OK

8/22/2022 4:08 PM CommandSyncBox  TX=aset on

8/22/2022 4:08 PM ResponseSyncBox  RX=OK

8/22/2022 4:08 PM CommandSyncBox  TX=bset on

8/22/2022 4:08 PM ResponseSyncBox  RX=OK

8/22/2022 4:08 PM CommandSyncBox  TX=cset on

8/22/2022 4:08 PM ResponseSyncBox  RX=OK

8/22/2022 4:08 PM CommandSyncBox  TX=dset on

8/22/2022 4:08 PM ResponseSyncBox  RX=OK

8/22/2022 4:08 PM CommandSyncBox  TX=IN

8/22/2022 4:08 PM ResponseSyncBox  RX=OK

8/22/2022 4:08 PM CommandAcquisChD  TX=EXPOSE
8/22/2022 4:08 PM CommandSyncBox  TX=FIre

8/22/2022 4:08 PM ResponseSyncBox  RX=OK

8/22/2022 4:08 PM CommandSyncBox  TX=FIre

8/22/2022 4:08 PM ResponseSyncBox  RX=

     Highland Technology  Model T560  Digital Delay Generator

Firmware 28E560-D  02407                Cal date July 19, 2018      

Trig   REM  50R  Level 1.250   Div   0,000,000,000  SYN 00,010,000.00
Gate   OFF  POS  HIZ           Shots 0,000,000,229
Burst  OFF  N  0,000,000,016   of M  0,000,000,064

Verbos ON   Autoinstall FEOD   Usec 3,838,266,756  DPLL 00008
Clock  OUT  Trim 02166         Temp +49.1

Errs   None

Ch A  POS  ON     Dly  00.000,000,000,000  Wid  00.200,000,000,000
Ch B  POS  ON     Dly  00.000,000,000,000  Wid  00.200,000,000,000
Ch C  POS  ON     Dly  00.000,000,000,000  Wid  00.200,000,000,000
Ch D  POS  ON     Dly  00.000,000,000,000  Wid  00.200,000,000,000



8/22/2022 4:08 PM ResponseSyncBox  RX=OK

8/22/2022 4:09 PM CommandAcquisChD  TX=WRITE_SETUP {"ACQUISITION_MODE":3,"TRIGGER_MODE":0,"READ_MODE":0,"PREAMP":0,"READOUT_RATE":0,"VERTICAL_SHIFT_SPEED":3,"EM_MODE":1,"EM_GAIN":2,"SHUTTER_MODE":2,"SHUTTER_TTL":0,"SHUTTER_OPENING_TIME":1,"SHUTTER_CLOSING_TIME":1,"VBIN":1,"HBIN":1,"INITIAL_LINE":1,"INITIAL_COLUMN":1,"FINAL_LINE":1024,"FINAL_COLUMN":1024,"FRAME_TRANSFER":true,"VERTICAL_CLOCK_VOLTAGE":0,"AD_CHANNEL":0}
8/22/2022 4:09 PM CommandInstrument  TX=S4ICS WPROT STOP NONE,WPSEL NONE NONE,GMIR NONE NONE,GFOC NONE NONE,CALW NONE NONE,ASEL NONE NONE

8/22/2022 4:09 PM ResponseInstrument  RX=WPSEL SIMULATED BUSY 80 OFF 1, WPROT SIMULATED ACK 30 HOME 0, CALW SIMULATED READY 0.0 OFF 1, ASEL SIMULATED READY 0.0 OFF 1, GMIR SIMULATED READY 0.0 HOME 0, GFOC SIMULATED READY 0.0 HOME 0

8/22/2022 4:09 PM CommandAcquisChD  TX=SET EXPTIME 0.500000
8/22/2022 4:09 PM ResponseAcquisChD  RX=DONE
8/22/2022 4:09 PM CommandAcquisChD  TX=SET #FRAMES 5.000000
8/22/2022 4:09 PM ResponseAcquisChD  RX=DONE
8/22/2022 4:09 PM CommandAcquisChD  TX=SET #CUBES 1.0000 
8/22/2022 4:09 PM ResponseAcquisChD  RX=DONE
8/22/2022 4:09 PM CommandAcquisChD  TX=SET SUFFIX DARK
8/22/2022 4:09 PM ResponseAcquisChD  RX=DONE
8/22/2022 4:09 PM CommandAcquisChD  TX=SET OBSTYPE DARK
8/22/2022 4:09 PM ResponseAcquisChD  RX=DONE
8/22/2022 4:09 PM CommandSyncBox  TX=ADELAY 0m

8/22/2022 4:09 PM ResponseSyncBox  RX=OK

8/22/2022 4:09 PM CommandSyncBox  TX=BDELAY 0m

8/22/2022 4:09 PM ResponseSyncBox  RX=OK

8/22/2022 4:09 PM CommandSyncBox  TX=CDELAY 0m

8/22/2022 4:09 PM ResponseSyncBox  RX=OK

8/22/2022 4:09 PM CommandSyncBox  TX=DDELAY 0m

8/22/2022 4:09 PM ResponseSyncBox  RX=OK

8/22/2022 4:09 PM CommandSyncBox  TX=AWIDTH 200m

8/22/2022 4:09 PM ResponseSyncBox  RX=OK

8/22/2022 4:09 PM CommandSyncBox  TX=BWIDTH 200m

8/22/2022 4:09 PM ResponseSyncBox  RX=OK

8/22/2022 4:09 PM CommandSyncBox  TX=CWIDTH 200m

8/22/2022 4:09 PM ResponseSyncBox  RX=OK

8/22/2022 4:09 PM CommandSyncBox  TX=DWIDTH 200m

8/22/2022 4:09 PM ResponseSyncBox  RX=OK

8/22/2022 4:09 PM CommandSyncBox  TX=aset on

8/22/2022 4:09 PM ResponseSyncBox  RX=OK

8/22/2022 4:09 PM CommandSyncBox  TX=bset on

8/22/2022 4:09 PM ResponseSyncBox  RX=OK

8/22/2022 4:09 PM CommandSyncBox  TX=cset on

8/22/2022 4:09 PM ResponseSyncBox  RX=OK

8/22/2022 4:09 PM CommandSyncBox  TX=dset on

8/22/2022 4:09 PM ResponseSyncBox  RX=OK

8/22/2022 4:09 PM CommandSyncBox  TX=IN

8/22/2022 4:09 PM ResponseSyncBox  RX=OK

8/22/2022 4:09 PM CommandSyncBox  TX=TRigger REmote

8/22/2022 4:09 PM ResponseSyncBox  RX=OK

8/22/2022 4:09 PM CommandSyncBox  TX=IN

8/22/2022 4:09 PM ResponseSyncBox  RX=OK

8/22/2022 4:09 PM CommandSyncBox  TX=TRigger

8/22/2022 4:09 PM ResponseSyncBox  RX=Trig   REM  50R  Level 1.250   Div   0,000,000,000  SYN 00,010,000.00

8/22/2022 4:09 PM CommandSyncBox  TX=FIre

8/22/2022 4:09 PM ResponseSyncBox  RX=OK

8/22/2022 4:09 PM CommandAcquisChD  TX=SET EXPTIME 0.500000
8/22/2022 4:09 PM ResponseAcquisChD  RX=DONE
8/22/2022 4:09 PM CommandAcquisChD  TX=SET #FRAMES 5.000000
8/22/2022 4:09 PM ResponseAcquisChD  RX=DONE
8/22/2022 4:09 PM CommandAcquisChD  TX=SET #CUBES 1.0000 
8/22/2022 4:09 PM ResponseAcquisChD  RX=DONE
8/22/2022 4:09 PM CommandAcquisChD  TX=SET SUFFIX DARK
8/22/2022 4:09 PM ResponseAcquisChD  RX=DONE
8/22/2022 4:09 PM CommandAcquisChD  TX=SET OBSTYPE DARK
8/22/2022 4:09 PM ResponseAcquisChD  RX=DONE
8/22/2022 4:09 PM CommandSyncBox  TX=ADELAY 0m

8/22/2022 4:09 PM ResponseSyncBox  RX=OK

8/22/2022 4:09 PM CommandSyncBox  TX=BDELAY 0m

8/22/2022 4:09 PM ResponseSyncBox  RX=OK

8/22/2022 4:09 PM CommandSyncBox  TX=CDELAY 0m

8/22/2022 4:09 PM ResponseSyncBox  RX=OK

8/22/2022 4:09 PM CommandSyncBox  TX=DDELAY 0m

8/22/2022 4:09 PM ResponseSyncBox  RX=OK

8/22/2022 4:09 PM CommandSyncBox  TX=AWIDTH 200m

8/22/2022 4:09 PM ResponseSyncBox  RX=OK

8/22/2022 4:09 PM CommandSyncBox  TX=BWIDTH 200m

8/22/2022 4:09 PM ResponseSyncBox  RX=OK

8/22/2022 4:09 PM CommandSyncBox  TX=CWIDTH 200m

8/22/2022 4:09 PM ResponseSyncBox  RX=OK

8/22/2022 4:09 PM CommandSyncBox  TX=DWIDTH 200m

8/22/2022 4:09 PM ResponseSyncBox  RX=OK

8/22/2022 4:09 PM CommandSyncBox  TX=aset on

8/22/2022 4:09 PM ResponseSyncBox  RX=OK

8/22/2022 4:09 PM CommandSyncBox  TX=bset on

8/22/2022 4:09 PM ResponseSyncBox  RX=OK

8/22/2022 4:09 PM CommandSyncBox  TX=cset on

8/22/2022 4:09 PM ResponseSyncBox  RX=OK

8/22/2022 4:09 PM CommandSyncBox  TX=dset on

8/22/2022 4:09 PM ResponseSyncBox  RX=OK

8/22/2022 4:09 PM CommandSyncBox  TX=IN

8/22/2022 4:09 PM ResponseSyncBox  RX=OK

8/22/2022 4:09 PM CommandSyncBox  TX=TRigger REmote

8/22/2022 4:09 PM ResponseSyncBox  RX=OK

8/22/2022 4:09 PM CommandSyncBox  TX=IN

8/22/2022 4:09 PM ResponseSyncBox  RX=OK

8/22/2022 4:09 PM CommandSyncBox  TX=TRigger

8/22/2022 4:09 PM ResponseSyncBox  RX=Trig   REM  50R  Level 1.250   Div   0,000,000,000  SYN 00,010,000.00

8/22/2022 4:09 PM CommandSyncBox  TX=FIre

8/22/2022 4:09 PM ResponseSyncBox  RX=OK

8/22/2022 4:10 PM CommandAcquisChD  TX=SET EXPTIME 0.500000
8/22/2022 4:10 PM ResponseAcquisChD  RX=DONE
8/22/2022 4:10 PM CommandAcquisChD  TX=SET #FRAMES 5.000000
8/22/2022 4:10 PM ResponseAcquisChD  RX=DONE
8/22/2022 4:10 PM CommandAcquisChD  TX=SET #CUBES 1.0000 
8/22/2022 4:10 PM ResponseAcquisChD  RX=DONE
8/22/2022 4:10 PM CommandAcquisChD  TX=SET SUFFIX DARK
8/22/2022 4:10 PM ResponseAcquisChD  RX=DONE
8/22/2022 4:10 PM CommandAcquisChD  TX=SET OBSTYPE DARK
8/22/2022 4:10 PM ResponseAcquisChD  RX=DONE
8/22/2022 4:10 PM CommandSyncBox  TX=ADELAY 0m

8/22/2022 4:10 PM ResponseSyncBox  RX=OK

8/22/2022 4:10 PM CommandSyncBox  TX=BDELAY 0m

8/22/2022 4:10 PM ResponseSyncBox  RX=OK

8/22/2022 4:10 PM CommandSyncBox  TX=CDELAY 0m

8/22/2022 4:10 PM ResponseSyncBox  RX=OK

8/22/2022 4:10 PM CommandSyncBox  TX=DDELAY 0m

8/22/2022 4:10 PM ResponseSyncBox  RX=OK

8/22/2022 4:10 PM CommandSyncBox  TX=AWIDTH 200m

8/22/2022 4:10 PM ResponseSyncBox  RX=OK

8/22/2022 4:10 PM CommandSyncBox  TX=BWIDTH 200m

8/22/2022 4:10 PM ResponseSyncBox  RX=OK

8/22/2022 4:10 PM CommandSyncBox  TX=CWIDTH 200m

8/22/2022 4:10 PM ResponseSyncBox  RX=OK

8/22/2022 4:10 PM CommandSyncBox  TX=DWIDTH 200m

8/22/2022 4:10 PM ResponseSyncBox  RX=OK

8/22/2022 4:10 PM CommandSyncBox  TX=aset on

8/22/2022 4:10 PM ResponseSyncBox  RX=OK

8/22/2022 4:10 PM CommandSyncBox  TX=bset on

8/22/2022 4:10 PM ResponseSyncBox  RX=OK

8/22/2022 4:10 PM CommandSyncBox  TX=cset on

8/22/2022 4:10 PM ResponseSyncBox  RX=OK

8/22/2022 4:10 PM CommandSyncBox  TX=dset on

8/22/2022 4:10 PM ResponseSyncBox  RX=OK

8/22/2022 4:10 PM CommandSyncBox  TX=IN

8/22/2022 4:10 PM ResponseSyncBox  RX=OK

8/22/2022 4:10 PM CommandSyncBox  TX=TRigger REmote

8/22/2022 4:10 PM ResponseSyncBox  RX=OK

8/22/2022 4:10 PM CommandSyncBox  TX=IN

8/22/2022 4:10 PM ResponseSyncBox  RX=OK

8/22/2022 4:10 PM CommandSyncBox  TX=TRigger

8/22/2022 4:10 PM ResponseSyncBox  RX=Trig   REM  50R  Level 1.250   Div   0,000,000,000  SYN 00,010,000.00

8/22/2022 4:10 PM CommandSyncBox  TX=FIre

8/22/2022 4:10 PM ResponseSyncBox  RX=OK

8/22/2022 4:10 PM CommandSyncBox  TX=ADELAY 0m

8/22/2022 4:10 PM ResponseSyncBox  RX=

     Highland Technology  Model T560  Digital Delay Generator

Firmware 28E560-D  02407                Cal date July 19, 2018      

Trig   REM  50R  Level 1.250   Div   0,000,000,000  SYN 00,010,000.00
Gate   OFF  POS  HIZ           Shots 0,000,000,233
Burst  OFF  N  0,000,000,016   of M  0,000,000,064

Verbos ON   Autoinstall FEOD   Usec 3,944,243,921  DPLL 00007
Clock  OUT  Trim 02166         Temp +49.1

Errs   None

Ch A  POS  ON     Dly  00.000,000,000,000  Wid  00.200,000,000,000
Ch B  POS  ON     Dly  00.000,000,000,000  Wid  00.200,000,000,000
Ch C  POS  ON     Dly  00.000,000,000,000  Wid  00.200,000,000,000
Ch D  POS  ON     Dly  00.000,000,000,000  Wid  00.200,000,000,000



8/22/2022 4:10 PM ResponseSyncBox  RX=OK

8/22/2022 4:10 PM CommandSyncBox  TX=BDELAY 0m

8/22/2022 4:10 PM ResponseSyncBox  RX=OK

8/22/2022 4:10 PM CommandSyncBox  TX=CDELAY 0m

8/22/2022 4:10 PM ResponseSyncBox  RX=OK

8/22/2022 4:10 PM CommandSyncBox  TX=DDELAY 0m

8/22/2022 4:10 PM ResponseSyncBox  RX=OK

8/22/2022 4:10 PM CommandSyncBox  TX=AWIDTH 200m

8/22/2022 4:10 PM ResponseSyncBox  RX=OK

8/22/2022 4:10 PM CommandSyncBox  TX=BWIDTH 200m

8/22/2022 4:10 PM ResponseSyncBox  RX=OK

8/22/2022 4:10 PM CommandSyncBox  TX=CWIDTH 200m

8/22/2022 4:10 PM ResponseSyncBox  RX=OK

8/22/2022 4:10 PM CommandSyncBox  TX=DWIDTH 200m

8/22/2022 4:10 PM ResponseSyncBox  RX=OK

8/22/2022 4:10 PM CommandSyncBox  TX=aset on

8/22/2022 4:10 PM ResponseSyncBox  RX=OK

8/22/2022 4:10 PM CommandSyncBox  TX=bset on

8/22/2022 4:10 PM ResponseSyncBox  RX=OK

8/22/2022 4:10 PM CommandSyncBox  TX=cset on

8/22/2022 4:10 PM ResponseSyncBox  RX=OK

8/22/2022 4:10 PM CommandSyncBox  TX=dset on

8/22/2022 4:10 PM ResponseSyncBox  RX=OK

8/22/2022 4:10 PM CommandSyncBox  TX=IN

8/22/2022 4:10 PM ResponseSyncBox  RX=OK

8/22/2022 4:10 PM CommandAcquisChD  TX=EXPOSE
8/22/2022 4:11 PM CommandInstrument  TX=S4ICS WPROT STOP NONE,WPSEL NONE NONE,GMIR NONE NONE,GFOC NONE NONE,CALW NONE NONE,ASEL NONE NONE

8/22/2022 4:11 PM ResponseInstrument  RX=WPSEL SIMULATED BUSY 80 OFF 1, WPROT SIMULATED ACK 30 HOME 0, CALW SIMULATED READY 0.0 OFF 1, ASEL SIMULATED READY 0.0 OFF 1, GMIR SIMULATED READY 0.0 HOME 0, GFOC SIMULATED READY 0.0 HOME 0

8/22/2022 4:11 PM CommandAcquisChD  TX=SET EXPTIME 0.500000
8/22/2022 4:11 PM ResponseAcquisChD  RX=DONE
8/22/2022 4:11 PM CommandAcquisChD  TX=SET #FRAMES 5.000000
8/22/2022 4:11 PM ResponseAcquisChD  RX=DONE
8/22/2022 4:11 PM CommandAcquisChD  TX=SET #CUBES 1.0000 
8/22/2022 4:11 PM ResponseAcquisChD  RX=DONE
8/22/2022 4:11 PM CommandAcquisChD  TX=SET SUFFIX DARK
8/22/2022 4:11 PM ResponseAcquisChD  RX=DONE
8/22/2022 4:11 PM CommandAcquisChD  TX=SET OBSTYPE DARK
8/22/2022 4:11 PM ResponseAcquisChD  RX=DONE
8/22/2022 4:11 PM CommandSyncBox  TX=ADELAY 0m

8/22/2022 4:11 PM ResponseSyncBox  RX=OK

8/22/2022 4:11 PM CommandSyncBox  TX=BDELAY 0m

8/22/2022 4:11 PM ResponseSyncBox  RX=OK

8/22/2022 4:11 PM CommandSyncBox  TX=CDELAY 0m

8/22/2022 4:11 PM ResponseSyncBox  RX=OK

8/22/2022 4:11 PM CommandSyncBox  TX=DDELAY 0m

8/22/2022 4:11 PM ResponseSyncBox  RX=OK

8/22/2022 4:11 PM CommandSyncBox  TX=AWIDTH 200m

8/22/2022 4:11 PM ResponseSyncBox  RX=OK

8/22/2022 4:11 PM CommandSyncBox  TX=BWIDTH 200m

8/22/2022 4:11 PM ResponseSyncBox  RX=OK

8/22/2022 4:11 PM CommandSyncBox  TX=CWIDTH 200m

8/22/2022 4:11 PM ResponseSyncBox  RX=OK

8/22/2022 4:11 PM CommandSyncBox  TX=DWIDTH 200m

8/22/2022 4:11 PM ResponseSyncBox  RX=OK

8/22/2022 4:11 PM CommandSyncBox  TX=aset on

8/22/2022 4:11 PM ResponseSyncBox  RX=OK

8/22/2022 4:11 PM CommandSyncBox  TX=bset on

8/22/2022 4:11 PM ResponseSyncBox  RX=OK

8/22/2022 4:11 PM CommandSyncBox  TX=cset on

8/22/2022 4:11 PM ResponseSyncBox  RX=OK

8/22/2022 4:11 PM CommandSyncBox  TX=dset on

8/22/2022 4:11 PM ResponseSyncBox  RX=OK

8/22/2022 4:11 PM CommandSyncBox  TX=IN

8/22/2022 4:11 PM ResponseSyncBox  RX=OK

8/22/2022 4:11 PM CommandAcquisChD  TX=EXPOSE
8/22/2022 4:11 PM ResponseAcquisChD  RX=RETURNING_STATUS {"CUBE_EXPOSURE_TIME":0,"CUBES_DONE":0,"LAST_IMAGE_NAME":"","DISK_SPACE":0,"FRAMES_DONE":0,"CCD_STATUS":"IDLE","CURRENT_TEMPERATURE":20,"TEMPERATURE_STATUS":"TEMPERATURE_OFF","FRAME_EXPOSURE_TIME":0,"CCD_POWER_STATUS":true,"SERIAL_NUMBER":9915,"ACQUIRING":false}
8/22/2022 4:11 PM CommandSyncBox  TX=FIre

8/22/2022 4:11 PM ResponseSyncBox  RX=OK

8/22/2022 4:12 PM CommandInstrument  TX=S4ICS WPROT STOP NONE,WPSEL NONE NONE,GMIR NONE NONE,GFOC NONE NONE,CALW NONE NONE,ASEL NONE NONE

8/22/2022 4:12 PM ResponseInstrument  RX=WPSEL SIMULATED BUSY 80 OFF 1, WPROT SIMULATED ACK 30 HOME 0, CALW SIMULATED READY 0.0 OFF 1, ASEL SIMULATED READY 0.0 OFF 1, GMIR SIMULATED READY 0.0 HOME 0, GFOC SIMULATED READY 0.0 HOME 0

8/22/2022 4:15 PM CommandAcquisChD  TX=WRITE_SETUP {"ACQUISITION_MODE":3,"TRIGGER_MODE":0,"READ_MODE":0,"PREAMP":0,"READOUT_RATE":0,"VERTICAL_SHIFT_SPEED":3,"EM_MODE":1,"EM_GAIN":2,"SHUTTER_MODE":2,"SHUTTER_TTL":0,"SHUTTER_OPENING_TIME":1,"SHUTTER_CLOSING_TIME":1,"VBIN":1,"HBIN":1,"INITIAL_LINE":1,"INITIAL_COLUMN":1,"FINAL_LINE":1024,"FINAL_COLUMN":1024,"FRAME_TRANSFER":true,"VERTICAL_CLOCK_VOLTAGE":0,"AD_CHANNEL":0}
8/22/2022 4:15 PM CommandAcquisChD  TX=WRITE_SETUP {"ACQUISITION_MODE":3,"TRIGGER_MODE":0,"READ_MODE":0,"PREAMP":0,"READOUT_RATE":0,"VERTICAL_SHIFT_SPEED":3,"EM_MODE":1,"EM_GAIN":2,"SHUTTER_MODE":2,"SHUTTER_TTL":0,"SHUTTER_OPENING_TIME":1,"SHUTTER_CLOSING_TIME":1,"VBIN":1,"HBIN":1,"INITIAL_LINE":1,"INITIAL_COLUMN":1,"FINAL_LINE":1024,"FINAL_COLUMN":1024,"FRAME_TRANSFER":true,"VERTICAL_CLOCK_VOLTAGE":0,"AD_CHANNEL":0}
8/22/2022 4:15 PM CommandAcquisChD  TX=WRITE_SETUP {"ACQUISITION_MODE":3,"TRIGGER_MODE":6,"READ_MODE":0,"PREAMP":0,"READOUT_RATE":0,"VERTICAL_SHIFT_SPEED":3,"EM_MODE":1,"EM_GAIN":2,"SHUTTER_MODE":2,"SHUTTER_TTL":0,"SHUTTER_OPENING_TIME":1,"SHUTTER_CLOSING_TIME":1,"VBIN":1,"HBIN":1,"INITIAL_LINE":1,"INITIAL_COLUMN":1,"FINAL_LINE":1024,"FINAL_COLUMN":1024,"FRAME_TRANSFER":true,"VERTICAL_CLOCK_VOLTAGE":0,"AD_CHANNEL":0}
8/22/2022 4:15 PM CommandAcquisChD  TX=WRITE_SETUP {"ACQUISITION_MODE":3,"TRIGGER_MODE":6,"READ_MODE":0,"PREAMP":0,"READOUT_RATE":0,"VERTICAL_SHIFT_SPEED":3,"EM_MODE":1,"EM_GAIN":2,"SHUTTER_MODE":2,"SHUTTER_TTL":0,"SHUTTER_OPENING_TIME":1,"SHUTTER_CLOSING_TIME":1,"VBIN":1,"HBIN":1,"INITIAL_LINE":1,"INITIAL_COLUMN":1,"FINAL_LINE":1024,"FINAL_COLUMN":1024,"FRAME_TRANSFER":true,"VERTICAL_CLOCK_VOLTAGE":0,"AD_CHANNEL":0}
8/22/2022 4:15 PM CommandAcquisChD  TX=WRITE_SETUP {"ACQUISITION_MODE":3,"TRIGGER_MODE":0,"READ_MODE":0,"PREAMP":0,"READOUT_RATE":0,"VERTICAL_SHIFT_SPEED":3,"EM_MODE":1,"EM_GAIN":2,"SHUTTER_MODE":2,"SHUTTER_TTL":0,"SHUTTER_OPENING_TIME":1,"SHUTTER_CLOSING_TIME":1,"VBIN":1,"HBIN":1,"INITIAL_LINE":1,"INITIAL_COLUMN":1,"FINAL_LINE":1024,"FINAL_COLUMN":1024,"FRAME_TRANSFER":true,"VERTICAL_CLOCK_VOLTAGE":0,"AD_CHANNEL":0}
8/22/2022 4:15 PM CommandAcquisChD  TX=READ_SETUP 
8/22/2022 4:15 PM ResponseAcquisChD  RX=CCD_SETUP {"PREAMP":0,"READOUT_RATE":0,"EM_GAIN":2,"VBIN":1,"INITIAL_LINE":1,"INITIAL_COLUMN":1,"FINAL_LINE":1024,"FINAL_COLUMN":1024,"TRIGGER_MODE":0,"HBIN":1,"SHUTTER_TTL":0,"SHUTTER_MODE":2,"SHUTTER_OPENING_TIME":1,"SHUTTER_CLOSING_TIME":1,"VERTICAL_SHIFT_SPEED":3,"READ_MODE":0,"FRAME_TRANSFER":true,"VERTICAL_CLOCK_VOLTAGE":0,"ACQUISITION_MODE":3,"AD_CHANNEL":0,"EM_MODE":1}
8/22/2022 4:15 PM CommandAcquisChD  TX=SET COOLER_POWER_STATUS 0
8/22/2022 4:15 PM ResponseAcquisChD  RX=DONE
8/22/2022 4:16 PM CommandAcquisChD  TX=SET EXPTIME 0.500000
8/22/2022 4:16 PM ResponseAcquisChD  RX=DONE
8/22/2022 4:16 PM CommandAcquisChD  TX=SET #FRAMES 5.000000
8/22/2022 4:16 PM ResponseAcquisChD  RX=DONE
8/22/2022 4:16 PM CommandAcquisChD  TX=SET #CUBES 1.0000 
8/22/2022 4:16 PM ResponseAcquisChD  RX=DONE
8/22/2022 4:16 PM CommandAcquisChD  TX=SET SUFFIX DARK
8/22/2022 4:16 PM ResponseAcquisChD  RX=DONE
8/22/2022 4:16 PM CommandAcquisChD  TX=SET OBSTYPE DARK
8/22/2022 4:16 PM ResponseAcquisChD  RX=DONE
8/22/2022 4:16 PM CommandSyncBox  TX=ADELAY 0m

8/22/2022 4:16 PM ResponseSyncBox  RX=

     Highland Technology  Model T560  Digital Delay Generator

Firmware 28E560-D  02407                Cal date July 19, 2018      

Trig   REM  50R  Level 1.250   Div   0,000,000,000  SYN 00,010,000.00
Gate   OFF  POS  HIZ           Shots 0,000,000,234
Burst  OFF  N  0,000,000,016   of M  0,000,000,064

Verbos ON   Autoinstall FEOD   Usec 0,008,828,727  DPLL 00007
Clock  OUT  Trim 02166         Temp +49.1

Errs   None

Ch A  POS  ON     Dly  00.000,000,000,000  Wid  00.200,000,000,000
Ch B  POS  ON     Dly  00.000,000,000,000  Wid  00.200,000,000,000
Ch C  POS  ON     Dly  00.000,000,000,000  Wid  00.200,000,000,000
Ch D  POS  ON     Dly  00.000,000,000,000  Wid  00.200,000,000,000



8/22/2022 4:16 PM ResponseSyncBox  RX=OK

8/22/2022 4:16 PM CommandSyncBox  TX=BDELAY 0m

8/22/2022 4:16 PM ResponseSyncBox  RX=OK

8/22/2022 4:16 PM CommandSyncBox  TX=CDELAY 0m

8/22/2022 4:16 PM ResponseSyncBox  RX=OK

8/22/2022 4:16 PM CommandSyncBox  TX=DDELAY 0m

8/22/2022 4:16 PM ResponseSyncBox  RX=OK

8/22/2022 4:16 PM CommandSyncBox  TX=AWIDTH 200m

8/22/2022 4:16 PM ResponseSyncBox  RX=OK

8/22/2022 4:16 PM CommandSyncBox  TX=BWIDTH 200m

8/22/2022 4:16 PM ResponseSyncBox  RX=OK

8/22/2022 4:16 PM CommandSyncBox  TX=CWIDTH 200m

8/22/2022 4:16 PM ResponseSyncBox  RX=OK

8/22/2022 4:16 PM CommandSyncBox  TX=DWIDTH 200m

8/22/2022 4:16 PM ResponseSyncBox  RX=OK

8/22/2022 4:16 PM CommandSyncBox  TX=aset on

8/22/2022 4:16 PM ResponseSyncBox  RX=OK

8/22/2022 4:16 PM CommandSyncBox  TX=bset on

8/22/2022 4:16 PM ResponseSyncBox  RX=OK

8/22/2022 4:16 PM CommandSyncBox  TX=cset on

8/22/2022 4:16 PM ResponseSyncBox  RX=OK

8/22/2022 4:16 PM CommandSyncBox  TX=dset on

8/22/2022 4:16 PM ResponseSyncBox  RX=OK

8/22/2022 4:16 PM CommandSyncBox  TX=IN

8/22/2022 4:16 PM ResponseSyncBox  RX=OK

8/22/2022 4:16 PM CommandAcquisChD  TX=EXPOSE
8/22/2022 4:17 PM CommandSyncBox  TX=TRigger REmote

8/22/2022 4:17 PM ResponseSyncBox  RX=

     Highland Technology  Model T560  Digital Delay Generator

Firmware 28E560-D  02407                Cal date July 19, 2018      

Trig   REM  50R  Level 1.250   Div   0,000,000,000  SYN 00,010,000.00
Gate   OFF  POS  HIZ           Shots 0,000,000,234
Burst  OFF  N  0,000,000,016   of M  0,000,000,064

Verbos ON   Autoinstall FEOD   Usec 0,070,018,794  DPLL 00007
Clock  OUT  Trim 02166         Temp +49.1

Errs   None

Ch A  POS  ON     Dly  00.000,000,000,000  Wid  00.200,000,000,000
Ch B  POS  ON     Dly  00.000,000,000,000  Wid  00.200,000,000,000
Ch C  POS  ON     Dly  00.000,000,000,000  Wid  00.200,000,000,000
Ch D  POS  ON     Dly  00.000,000,000,000  Wid  00.200,000,000,000



8/22/2022 4:17 PM ResponseSyncBox  RX=OK

8/22/2022 4:17 PM CommandSyncBox  TX=IN

8/22/2022 4:17 PM ResponseSyncBox  RX=OK

8/22/2022 4:17 PM CommandSyncBox  TX=TRigger

8/22/2022 4:17 PM ResponseSyncBox  RX=Trig   REM  50R  Level 1.250   Div   0,000,000,000  SYN 00,010,000.00

8/22/2022 4:17 PM CommandSyncBox  TX=FIre

8/22/2022 4:17 PM ResponseSyncBox  RX=OK

8/22/2022 4:24 PM CommandAcquisChD  TX=SET EXPTIME 0.500000
8/22/2022 4:24 PM ResponseAcquisChD  RX=DONE
8/22/2022 4:24 PM CommandAcquisChD  TX=SET #FRAMES 5.000000
8/22/2022 4:24 PM ResponseAcquisChD  RX=DONE
8/22/2022 4:24 PM CommandAcquisChD  TX=SET #CUBES 1.0000 
8/22/2022 4:24 PM ResponseAcquisChD  RX=DONE
8/22/2022 4:24 PM CommandAcquisChD  TX=SET SUFFIX DARK
8/22/2022 4:24 PM ResponseAcquisChD  RX=DONE
8/22/2022 4:24 PM CommandAcquisChD  TX=SET OBSTYPE DARK
8/22/2022 4:24 PM ResponseAcquisChD  RX=DONE
8/22/2022 4:24 PM CommandSyncBox  TX=ADELAY 0m

8/22/2022 4:24 PM ResponseSyncBox  RX=OK

8/22/2022 4:24 PM CommandSyncBox  TX=BDELAY 0m

8/22/2022 4:24 PM ResponseSyncBox  RX=OK

8/22/2022 4:24 PM CommandSyncBox  TX=CDELAY 0m

8/22/2022 4:24 PM ResponseSyncBox  RX=OK

8/22/2022 4:24 PM CommandSyncBox  TX=DDELAY 0m

8/22/2022 4:24 PM ResponseSyncBox  RX=OK

8/22/2022 4:24 PM CommandSyncBox  TX=AWIDTH 200m

8/22/2022 4:24 PM ResponseSyncBox  RX=OK

8/22/2022 4:24 PM CommandSyncBox  TX=BWIDTH 200m

8/22/2022 4:24 PM ResponseSyncBox  RX=OK

8/22/2022 4:24 PM CommandSyncBox  TX=CWIDTH 200m

8/22/2022 4:24 PM ResponseSyncBox  RX=OK

8/22/2022 4:24 PM CommandSyncBox  TX=DWIDTH 200m

8/22/2022 4:24 PM ResponseSyncBox  RX=OK

8/22/2022 4:24 PM CommandSyncBox  TX=aset on

8/22/2022 4:24 PM ResponseSyncBox  RX=OK

8/22/2022 4:24 PM CommandSyncBox  TX=bset on

8/22/2022 4:24 PM ResponseSyncBox  RX=OK

8/22/2022 4:24 PM CommandSyncBox  TX=cset on

8/22/2022 4:24 PM ResponseSyncBox  RX=OK

8/22/2022 4:24 PM CommandSyncBox  TX=dset on

8/22/2022 4:24 PM ResponseSyncBox  RX=OK

8/22/2022 4:24 PM CommandSyncBox  TX=IN

8/22/2022 4:24 PM ResponseSyncBox  RX=OK

8/22/2022 4:24 PM CommandSyncBox  TX=TRigger REmote

8/22/2022 4:24 PM ResponseSyncBox  RX=OK

8/22/2022 4:24 PM CommandSyncBox  TX=IN

8/22/2022 4:24 PM ResponseSyncBox  RX=OK

8/22/2022 4:24 PM CommandSyncBox  TX=TRigger

8/22/2022 4:24 PM ResponseSyncBox  RX=Trig   REM  50R  Level 1.250   Div   0,000,000,000  SYN 00,010,000.00

8/22/2022 4:24 PM CommandSyncBox  TX=FIre

8/22/2022 4:24 PM ResponseSyncBox  RX=OK

8/22/2022 4:25 PM CommandAcquisChD  TX=SET EXPTIME 0.500000
8/22/2022 4:25 PM ResponseAcquisChD  RX=DONE
8/22/2022 4:25 PM CommandAcquisChD  TX=SET #FRAMES 5.000000
8/22/2022 4:25 PM ResponseAcquisChD  RX=DONE
8/22/2022 4:25 PM CommandAcquisChD  TX=SET #CUBES 1.0000 
8/22/2022 4:25 PM ResponseAcquisChD  RX=DONE
8/22/2022 4:25 PM CommandAcquisChD  TX=SET SUFFIX DARK
8/22/2022 4:25 PM ResponseAcquisChD  RX=DONE
8/22/2022 4:25 PM CommandAcquisChD  TX=SET OBSTYPE DARK
8/22/2022 4:25 PM ResponseAcquisChD  RX=DONE
8/22/2022 4:25 PM CommandSyncBox  TX=ADELAY 0m

8/22/2022 4:25 PM ResponseSyncBox  RX=OK

8/22/2022 4:25 PM CommandSyncBox  TX=BDELAY 0m

8/22/2022 4:25 PM ResponseSyncBox  RX=OK

8/22/2022 4:25 PM CommandSyncBox  TX=CDELAY 0m

8/22/2022 4:25 PM ResponseSyncBox  RX=OK

8/22/2022 4:25 PM CommandSyncBox  TX=DDELAY 0m

8/22/2022 4:25 PM ResponseSyncBox  RX=OK

8/22/2022 4:25 PM CommandSyncBox  TX=AWIDTH 200m

8/22/2022 4:25 PM ResponseSyncBox  RX=OK

8/22/2022 4:25 PM CommandSyncBox  TX=BWIDTH 200m

8/22/2022 4:25 PM ResponseSyncBox  RX=OK

8/22/2022 4:25 PM CommandSyncBox  TX=CWIDTH 200m

8/22/2022 4:25 PM ResponseSyncBox  RX=OK

8/22/2022 4:25 PM CommandSyncBox  TX=DWIDTH 200m

8/22/2022 4:25 PM ResponseSyncBox  RX=OK

8/22/2022 4:25 PM CommandSyncBox  TX=aset on

8/22/2022 4:25 PM ResponseSyncBox  RX=OK

8/22/2022 4:25 PM CommandSyncBox  TX=bset on

8/22/2022 4:25 PM ResponseSyncBox  RX=OK

8/22/2022 4:25 PM CommandSyncBox  TX=cset on

8/22/2022 4:25 PM ResponseSyncBox  RX=OK

8/22/2022 4:25 PM CommandSyncBox  TX=dset on

8/22/2022 4:25 PM ResponseSyncBox  RX=OK

8/22/2022 4:25 PM CommandSyncBox  TX=IN

8/22/2022 4:25 PM ResponseSyncBox  RX=OK

8/22/2022 4:25 PM CommandSyncBox  TX=TRigger REmote

8/22/2022 4:25 PM ResponseSyncBox  RX=OK

8/22/2022 4:25 PM CommandSyncBox  TX=IN

8/22/2022 4:25 PM ResponseSyncBox  RX=OK

8/22/2022 4:25 PM CommandSyncBox  TX=TRigger

8/22/2022 4:25 PM ResponseSyncBox  RX=Trig   REM  50R  Level 1.250   Div   0,000,000,000  SYN 00,010,000.00

8/22/2022 4:25 PM CommandSyncBox  TX=FIre

8/22/2022 4:25 PM ResponseSyncBox  RX=OK

8/22/2022 4:26 PM CommandAcquisChD  TX=SET EXPTIME 0.500000
8/22/2022 4:26 PM ResponseAcquisChD  RX=DONE
8/22/2022 4:26 PM CommandAcquisChD  TX=SET #FRAMES 5.000000
8/22/2022 4:26 PM ResponseAcquisChD  RX=DONE
8/22/2022 4:26 PM CommandAcquisChD  TX=SET #CUBES 1.0000 
8/22/2022 4:26 PM ResponseAcquisChD  RX=DONE
8/22/2022 4:26 PM CommandAcquisChD  TX=SET SUFFIX DARK
8/22/2022 4:26 PM ResponseAcquisChD  RX=DONE
8/22/2022 4:26 PM CommandAcquisChD  TX=SET OBSTYPE DARK
8/22/2022 4:26 PM ResponseAcquisChD  RX=DONE
8/22/2022 4:26 PM CommandSyncBox  TX=ADELAY 0m

8/22/2022 4:26 PM ResponseSyncBox  RX=OK

8/22/2022 4:26 PM CommandSyncBox  TX=BDELAY 0m

8/22/2022 4:26 PM ResponseSyncBox  RX=OK

8/22/2022 4:26 PM CommandSyncBox  TX=CDELAY 0m

8/22/2022 4:26 PM ResponseSyncBox  RX=OK

8/22/2022 4:26 PM CommandSyncBox  TX=DDELAY 0m

8/22/2022 4:26 PM ResponseSyncBox  RX=OK

8/22/2022 4:26 PM CommandSyncBox  TX=AWIDTH 200m

8/22/2022 4:26 PM ResponseSyncBox  RX=OK

8/22/2022 4:26 PM CommandSyncBox  TX=BWIDTH 200m

8/22/2022 4:26 PM ResponseSyncBox  RX=OK

8/22/2022 4:26 PM CommandSyncBox  TX=CWIDTH 200m

8/22/2022 4:26 PM ResponseSyncBox  RX=OK

8/22/2022 4:26 PM CommandSyncBox  TX=DWIDTH 200m

8/22/2022 4:26 PM ResponseSyncBox  RX=OK

8/22/2022 4:26 PM CommandSyncBox  TX=aset on

8/22/2022 4:26 PM ResponseSyncBox  RX=OK

8/22/2022 4:26 PM CommandSyncBox  TX=bset on

8/22/2022 4:26 PM ResponseSyncBox  RX=OK

8/22/2022 4:26 PM CommandSyncBox  TX=cset on

8/22/2022 4:26 PM ResponseSyncBox  RX=OK

8/22/2022 4:26 PM CommandSyncBox  TX=dset on

8/22/2022 4:26 PM ResponseSyncBox  RX=OK

8/22/2022 4:26 PM CommandSyncBox  TX=IN

8/22/2022 4:26 PM ResponseSyncBox  RX=OK

8/22/2022 4:26 PM CommandSyncBox  TX=TRigger REmote

8/22/2022 4:26 PM ResponseSyncBox  RX=OK

8/22/2022 4:26 PM CommandSyncBox  TX=IN

8/22/2022 4:26 PM ResponseSyncBox  RX=OK

8/22/2022 4:26 PM CommandSyncBox  TX=TRigger

8/22/2022 4:26 PM ResponseSyncBox  RX=Trig   REM  50R  Level 1.250   Div   0,000,000,000  SYN 00,010,000.00

8/22/2022 4:26 PM CommandSyncBox  TX=FIre

8/22/2022 4:26 PM ResponseSyncBox  RX=OK

8/22/2022 4:26 PM CommandAcquisChD  TX=SET EXPTIME 0.500000
8/22/2022 4:26 PM ResponseAcquisChD  RX=DONE
8/22/2022 4:26 PM CommandAcquisChD  TX=SET #FRAMES 5.000000
8/22/2022 4:26 PM ResponseAcquisChD  RX=DONE
8/22/2022 4:26 PM CommandAcquisChD  TX=SET #CUBES 1.0000 
8/22/2022 4:26 PM ResponseAcquisChD  RX=DONE
8/22/2022 4:26 PM CommandAcquisChD  TX=SET SUFFIX DARK
8/22/2022 4:26 PM ResponseAcquisChD  RX=DONE
8/22/2022 4:26 PM CommandAcquisChD  TX=SET OBSTYPE DARK
8/22/2022 4:26 PM ResponseAcquisChD  RX=DONE
8/22/2022 4:26 PM CommandSyncBox  TX=ADELAY 0m

8/22/2022 4:26 PM ResponseSyncBox  RX=OK

8/22/2022 4:26 PM CommandSyncBox  TX=BDELAY 0m

8/22/2022 4:26 PM ResponseSyncBox  RX=OK

8/22/2022 4:26 PM CommandSyncBox  TX=CDELAY 0m

8/22/2022 4:26 PM ResponseSyncBox  RX=OK

8/22/2022 4:26 PM CommandSyncBox  TX=DDELAY 0m

8/22/2022 4:26 PM ResponseSyncBox  RX=OK

8/22/2022 4:26 PM CommandSyncBox  TX=AWIDTH 200m

8/22/2022 4:26 PM ResponseSyncBox  RX=OK

8/22/2022 4:26 PM CommandSyncBox  TX=BWIDTH 200m

8/22/2022 4:26 PM ResponseSyncBox  RX=OK

8/22/2022 4:26 PM CommandSyncBox  TX=CWIDTH 200m

8/22/2022 4:26 PM ResponseSyncBox  RX=OK

8/22/2022 4:26 PM CommandSyncBox  TX=DWIDTH 200m

8/22/2022 4:26 PM ResponseSyncBox  RX=OK

8/22/2022 4:26 PM CommandSyncBox  TX=aset on

8/22/2022 4:26 PM ResponseSyncBox  RX=OK

8/22/2022 4:26 PM CommandSyncBox  TX=bset on

8/22/2022 4:26 PM ResponseSyncBox  RX=OK

8/22/2022 4:26 PM CommandSyncBox  TX=cset on

8/22/2022 4:26 PM ResponseSyncBox  RX=OK

8/22/2022 4:26 PM CommandSyncBox  TX=dset on

8/22/2022 4:26 PM ResponseSyncBox  RX=OK

8/22/2022 4:26 PM CommandSyncBox  TX=IN

8/22/2022 4:26 PM ResponseSyncBox  RX=OK

8/22/2022 4:26 PM CommandSyncBox  TX=TRigger REmote

8/22/2022 4:26 PM ResponseSyncBox  RX=OK

8/22/2022 4:26 PM CommandSyncBox  TX=IN

8/22/2022 4:26 PM ResponseSyncBox  RX=OK

8/22/2022 4:26 PM CommandSyncBox  TX=TRigger

8/22/2022 4:26 PM ResponseSyncBox  RX=Trig   REM  50R  Level 1.250   Div   0,000,000,000  SYN 00,010,000.00

8/22/2022 4:26 PM CommandSyncBox  TX=FIre

8/22/2022 4:26 PM ResponseSyncBox  RX=OK

8/22/2022 4:27 PM CommandAcquisChD  TX=SET EXPTIME 0.500000
8/22/2022 4:27 PM ResponseAcquisChD  RX=DONE
8/22/2022 4:27 PM CommandAcquisChD  TX=SET #FRAMES 5.000000
8/22/2022 4:27 PM ResponseAcquisChD  RX=DONE
8/22/2022 4:27 PM CommandAcquisChD  TX=SET #CUBES 1.0000 
8/22/2022 4:27 PM ResponseAcquisChD  RX=DONE
8/22/2022 4:27 PM CommandAcquisChD  TX=SET SUFFIX DARK
8/22/2022 4:27 PM ResponseAcquisChD  RX=DONE
8/22/2022 4:27 PM CommandAcquisChD  TX=SET OBSTYPE DARK
8/22/2022 4:27 PM ResponseAcquisChD  RX=DONE
8/22/2022 4:27 PM CommandSyncBox  TX=ADELAY 0m

8/22/2022 4:27 PM ResponseSyncBox  RX=OK

8/22/2022 4:27 PM CommandSyncBox  TX=BDELAY 0m

8/22/2022 4:27 PM ResponseSyncBox  RX=OK

8/22/2022 4:27 PM CommandSyncBox  TX=CDELAY 0m

8/22/2022 4:27 PM ResponseSyncBox  RX=OK

8/22/2022 4:27 PM CommandSyncBox  TX=DDELAY 0m

8/22/2022 4:27 PM ResponseSyncBox  RX=OK

8/22/2022 4:27 PM CommandSyncBox  TX=AWIDTH 200m

8/22/2022 4:27 PM ResponseSyncBox  RX=OK

8/22/2022 4:27 PM CommandSyncBox  TX=BWIDTH 200m

8/22/2022 4:27 PM ResponseSyncBox  RX=OK

8/22/2022 4:27 PM CommandSyncBox  TX=CWIDTH 200m

8/22/2022 4:27 PM ResponseSyncBox  RX=OK

8/22/2022 4:27 PM CommandSyncBox  TX=DWIDTH 200m

8/22/2022 4:27 PM ResponseSyncBox  RX=OK

8/22/2022 4:27 PM CommandSyncBox  TX=aset on

8/22/2022 4:27 PM ResponseSyncBox  RX=OK

8/22/2022 4:27 PM CommandSyncBox  TX=bset on

8/22/2022 4:27 PM ResponseSyncBox  RX=OK

8/22/2022 4:27 PM CommandSyncBox  TX=cset on

8/22/2022 4:27 PM ResponseSyncBox  RX=OK

8/22/2022 4:27 PM CommandSyncBox  TX=dset on

8/22/2022 4:27 PM ResponseSyncBox  RX=OK

8/22/2022 4:27 PM CommandSyncBox  TX=IN

8/22/2022 4:27 PM ResponseSyncBox  RX=OK

8/22/2022 4:27 PM CommandAcquisChD  TX=EXPOSE
8/22/2022 4:28 PM CommandSyncBox  TX=TRigger REmote

8/22/2022 4:28 PM ResponseSyncBox  RX=

     Highland Technology  Model T560  Digital Delay Generator

Firmware 28E560-D  02407                Cal date July 19, 2018      

Trig   REM  50R  Level 1.250   Div   0,000,000,000  SYN 00,010,000.00
Gate   OFF  POS  HIZ           Shots 0,000,000,239
Burst  OFF  N  0,000,000,016   of M  0,000,000,064

Verbos ON   Autoinstall FEOD   Usec 0,727,402,116  DPLL 00006
Clock  OUT  Trim 02166         Temp +49.2

Errs   None

Ch A  POS  ON     Dly  00.000,000,000,000  Wid  00.200,000,000,000
Ch B  POS  ON     Dly  00.000,000,000,000  Wid  00.200,000,000,000
Ch C  POS  ON     Dly  00.000,000,000,000  Wid  00.200,000,000,000
Ch D  POS  ON     Dly  00.000,000,000,000  Wid  00.200,000,000,000



8/22/2022 4:28 PM ResponseSyncBox  RX=OK

8/22/2022 4:28 PM CommandSyncBox  TX=IN

8/22/2022 4:28 PM ResponseSyncBox  RX=OK

8/22/2022 4:28 PM CommandSyncBox  TX=TRigger

8/22/2022 4:28 PM ResponseSyncBox  RX=Trig   REM  50R  Level 1.250   Div   0,000,000,000  SYN 00,010,000.00

8/22/2022 4:28 PM CommandSyncBox  TX=FIre

8/22/2022 4:28 PM ResponseSyncBox  RX=OK

