11/14/2022 6:40 PM CommandAcquisChA  TX=WRITE_SETUP {"ACQUISITION_MODE":3,"TRIGGER_MODE":0,"READ_MODE":4,"PREAMP":0,"READOUT_RATE":0,"VERTICAL_SHIFT_SPEED":3,"EM_MODE":1,"EM_GAIN":2,"SHUTTER_MODE":1,"SHUTTER_TTL":0,"SHUTTER_OPENING_TIME":1,"SHUTTER_CLOSING_TIME":1,"VBIN":1,"HBIN":1,"INITIAL_LINE":1,"INITIAL_COLUMN":1,"FINAL_LINE":1024,"FINAL_COLUMN":1024,"FRAME_TRANSFER":true,"VERTICAL_CLOCK_VOLTAGE":0,"AD_CHANNEL":0}
11/14/2022 6:40 PM CommandAcquisChB  TX=WRITE_SETUP {"ACQUISITION_MODE":3,"TRIGGER_MODE":0,"READ_MODE":4,"PREAMP":0,"READOUT_RATE":0,"VERTICAL_SHIFT_SPEED":3,"EM_MODE":1,"EM_GAIN":2,"SHUTTER_MODE":1,"SHUTTER_TTL":0,"SHUTTER_OPENING_TIME":1,"SHUTTER_CLOSING_TIME":1,"VBIN":1,"HBIN":1,"INITIAL_LINE":1,"INITIAL_COLUMN":1,"FINAL_LINE":1024,"FINAL_COLUMN":1024,"FRAME_TRANSFER":true,"VERTICAL_CLOCK_VOLTAGE":0,"AD_CHANNEL":0}
11/14/2022 6:40 PM CommandAcquisChC  TX=WRITE_SETUP {"ACQUISITION_MODE":3,"TRIGGER_MODE":0,"READ_MODE":4,"PREAMP":0,"READOUT_RATE":0,"VERTICAL_SHIFT_SPEED":3,"EM_MODE":1,"EM_GAIN":2,"SHUTTER_MODE":1,"SHUTTER_TTL":0,"SHUTTER_OPENING_TIME":1,"SHUTTER_CLOSING_TIME":1,"VBIN":1,"HBIN":1,"INITIAL_LINE":1,"INITIAL_COLUMN":1,"FINAL_LINE":1024,"FINAL_COLUMN":1024,"FRAME_TRANSFER":true,"VERTICAL_CLOCK_VOLTAGE":0,"AD_CHANNEL":0}
11/14/2022 6:40 PM CommandAcquisChD  TX=WRITE_SETUP {"ACQUISITION_MODE":3,"TRIGGER_MODE":0,"READ_MODE":4,"PREAMP":0,"READOUT_RATE":0,"VERTICAL_SHIFT_SPEED":3,"EM_MODE":1,"EM_GAIN":2,"SHUTTER_MODE":1,"SHUTTER_TTL":0,"SHUTTER_OPENING_TIME":1,"SHUTTER_CLOSING_TIME":1,"VBIN":1,"HBIN":1,"INITIAL_LINE":1,"INITIAL_COLUMN":1,"FINAL_LINE":1024,"FINAL_COLUMN":1024,"FRAME_TRANSFER":true,"VERTICAL_CLOCK_VOLTAGE":0,"AD_CHANNEL":0}
11/14/2022 6:40 PM CommandSyncBox  TX=ADELAY 0m

11/14/2022 6:40 PM CommandAcquisChA  TX=READ_SETUP 
11/14/2022 6:40 PM CommandAcquisChB  TX=READ_SETUP 
11/14/2022 6:40 PM CommandAcquisChC  TX=READ_SETUP 
11/14/2022 6:40 PM CommandAcquisChD  TX=READ_SETUP 
11/14/2022 6:40 PM ResponseAcquisChA  RX={"PREAMP":0,"READOUT_RATE":0,"EM_GAIN":2,"VERTICAL_SHIFT_SPEED":3,"READ_MODE":4,"FRAME_TRANSFER":true,"VERTICAL_CLOCK_VOLTAGE":0,"ACQUISITION_MODE":3,"AD_CHANNEL":0,"EM_MODE":1,"SHUTTER_TTL":0,"SHUTTER_OPENING_TIME":1,"SHUTTER_CLOSING_TIME":1,"SHUTTER_MODE":1,"TRIGGER_MODE":0,"VBIN":1,"INITIAL_LINE":1,"INITIAL_COLUMN":1,"FINAL_LINE":1024,"FINAL_COLUMN":1024,"HBIN":1}
11/14/2022 6:40 PM ResponseAcquisChB  RX={"PREAMP":0,"READOUT_RATE":0,"EM_GAIN":2,"VERTICAL_SHIFT_SPEED":3,"READ_MODE":4,"FRAME_TRANSFER":true,"VERTICAL_CLOCK_VOLTAGE":0,"ACQUISITION_MODE":3,"AD_CHANNEL":0,"EM_MODE":1,"SHUTTER_TTL":0,"SHUTTER_OPENING_TIME":1,"SHUTTER_CLOSING_TIME":1,"SHUTTER_MODE":1,"TRIGGER_MODE":0,"VBIN":1,"INITIAL_LINE":1,"INITIAL_COLUMN":1,"FINAL_LINE":1024,"FINAL_COLUMN":1024,"HBIN":1}
11/14/2022 6:40 PM CommandAcquisChA  TX=SET COOLER_POWER_STATUS 0
11/14/2022 6:40 PM CommandAcquisChB  TX=SET COOLER_POWER_STATUS 0
11/14/2022 6:40 PM ResponseAcquisChD  RX={"PREAMP":0,"READOUT_RATE":0,"EM_GAIN":2,"VERTICAL_SHIFT_SPEED":3,"READ_MODE":4,"FRAME_TRANSFER":true,"VERTICAL_CLOCK_VOLTAGE":0,"ACQUISITION_MODE":3,"AD_CHANNEL":0,"EM_MODE":1,"SHUTTER_TTL":0,"SHUTTER_OPENING_TIME":1,"SHUTTER_CLOSING_TIME":1,"SHUTTER_MODE":1,"TRIGGER_MODE":0,"VBIN":1,"INITIAL_LINE":1,"INITIAL_COLUMN":1,"FINAL_LINE":1024,"FINAL_COLUMN":1024,"HBIN":1}
11/14/2022 6:40 PM ResponseAcquisChC  RX={"PREAMP":0,"READOUT_RATE":0,"EM_GAIN":2,"VERTICAL_SHIFT_SPEED":3,"READ_MODE":4,"FRAME_TRANSFER":true,"VERTICAL_CLOCK_VOLTAGE":0,"ACQUISITION_MODE":3,"AD_CHANNEL":0,"EM_MODE":1,"SHUTTER_TTL":0,"SHUTTER_OPENING_TIME":1,"SHUTTER_CLOSING_TIME":1,"SHUTTER_MODE":1,"TRIGGER_MODE":0,"VBIN":1,"INITIAL_LINE":1,"INITIAL_COLUMN":1,"FINAL_LINE":1024,"FINAL_COLUMN":1024,"HBIN":1}
11/14/2022 6:40 PM CommandAcquisChD  TX=SET COOLER_POWER_STATUS 0
11/14/2022 6:40 PM ResponseAcquisChB  RX=DONE
11/14/2022 6:40 PM CommandAcquisChC  TX=SET COOLER_POWER_STATUS 0
11/14/2022 6:40 PM ResponseAcquisChD  RX=DONE
11/14/2022 6:40 PM ResponseAcquisChA  RX=DONE
11/14/2022 6:40 PM ResponseAcquisChC  RX=DONE
11/14/2022 6:40 PM CommandInstrument  TX=S4ICS WPROT NONE NONE,WPSEL INIT NONE,GMIR INIT NONE,GFOC NONE NONE,CALW INIT NONE,ASEL NONE NONE

11/14/2022 6:40 PM ResponseInstrument  RX=WPROT SIMULATED READY 0 HOME 0, WPSEL SIMULATED BUSY 50 CLEAR 1, ASEL SIMULATED READY 0 CLEAR 1, CALW SIMULATED BUSY 0 CLEAR 1, GFOC SIMULATED READY 0 HOME 0, GMIR SIMULATED BUSY 0 HOME 0

11/14/2022 6:41 PM CommandInstrument  TX=S4ICS WPROT NONE NONE,WPSEL GOTO L/2,GMIR NONE NONE,GFOC NONE NONE,CALW NONE NONE,ASEL NONE NONE

11/14/2022 6:41 PM ResponseInstrument  RX=WPROT SIMULATED READY 0 HOME 0, WPSEL SIMULATED BUSY 50 HOME 0, ASEL SIMULATED READY 0 CLEAR 1, CALW SIMULATED READY 0 HOME 0, GFOC SIMULATED READY 0 HOME 0, GMIR SIMULATED READY 0 HOME 0

11/14/2022 6:41 PM CommandInstrument  TX=S4ICS WPROT INIT NONE,WPSEL NONE NONE,GMIR NONE NONE,GFOC INIT NONE,CALW NONE NONE,ASEL INIT NONE

11/14/2022 6:41 PM ResponseInstrument  RX=WPROT SIMULATED BUSY 0 HOME 0, WPSEL SIMULATED READY 0 L/2 2, ASEL SIMULATED BUSY 0 CLEAR 1, CALW SIMULATED READY 0 HOME 0, GFOC SIMULATED BUSY 0 HOME 0, GMIR SIMULATED READY 0 HOME 0

11/14/2022 6:42 PM CommandInstrument  TX=S4ICS WPROT NONE NONE,WPSEL GOTO CLEAR,GMIR NONE NONE,GFOC NONE NONE,CALW GOTO CLEAR,ASEL GOTO CLEAR

11/14/2022 6:42 PM ResponseInstrument  RX=WPROT SIMULATED READY 0 HOME 0, WPSEL SIMULATED BUSY 0 L/2 2, ASEL SIMULATED BUSY 0 HOME 0, CALW SIMULATED BUSY 0 HOME 0, GFOC SIMULATED READY 0 HOME 0, GMIR SIMULATED READY 0 HOME 0

11/14/2022 6:43 PM CommandAcquisChA  TX=SET TEMP -70
11/14/2022 6:43 PM CommandAcquisChA  TX=SET COOLER_POWER_STATUS 1
11/14/2022 6:43 PM ResponseAcquisChA  RX=DONE
11/14/2022 6:43 PM ResponseAcquisChA  RX=DONE
11/14/2022 6:43 PM CommandAcquisChB  TX=SET TEMP -70
11/14/2022 6:43 PM ResponseAcquisChB  RX=DONE
11/14/2022 6:43 PM CommandAcquisChB  TX=SET COOLER_POWER_STATUS 1
11/14/2022 6:43 PM CommandAcquisChC  TX=SET TEMP -70
11/14/2022 6:43 PM CommandAcquisChC  TX=SET COOLER_POWER_STATUS 1
11/14/2022 6:43 PM ResponseAcquisChC  RX=DONE
11/14/2022 6:43 PM CommandAcquisChD  TX=SET TEMP -70
11/14/2022 6:43 PM CommandAcquisChD  TX=SET COOLER_POWER_STATUS 1
11/14/2022 6:43 PM ResponseAcquisChD  RX=DONE
11/14/2022 6:43 PM ResponseAcquisChD  RX=DONE
11/14/2022 6:44 PM CommandAcquisChA  TX=WRITE_SETUP {"ACQUISITION_MODE":3,"TRIGGER_MODE":0,"READ_MODE":4,"PREAMP":0,"READOUT_RATE":0,"VERTICAL_SHIFT_SPEED":3,"EM_MODE":1,"EM_GAIN":2,"SHUTTER_MODE":1,"SHUTTER_TTL":0,"SHUTTER_OPENING_TIME":1,"SHUTTER_CLOSING_TIME":1,"VBIN":1,"HBIN":1,"INITIAL_LINE":1,"INITIAL_COLUMN":1,"FINAL_LINE":1024,"FINAL_COLUMN":1024,"FRAME_TRANSFER":true,"VERTICAL_CLOCK_VOLTAGE":0,"AD_CHANNEL":0}
11/14/2022 6:44 PM CommandAcquisChB  TX=WRITE_SETUP {"ACQUISITION_MODE":3,"TRIGGER_MODE":0,"READ_MODE":4,"PREAMP":0,"READOUT_RATE":0,"VERTICAL_SHIFT_SPEED":3,"EM_MODE":1,"EM_GAIN":2,"SHUTTER_MODE":1,"SHUTTER_TTL":0,"SHUTTER_OPENING_TIME":1,"SHUTTER_CLOSING_TIME":1,"VBIN":1,"HBIN":1,"INITIAL_LINE":1,"INITIAL_COLUMN":1,"FINAL_LINE":1024,"FINAL_COLUMN":1024,"FRAME_TRANSFER":true,"VERTICAL_CLOCK_VOLTAGE":0,"AD_CHANNEL":0}
11/14/2022 6:44 PM CommandAcquisChC  TX=WRITE_SETUP {"ACQUISITION_MODE":3,"TRIGGER_MODE":0,"READ_MODE":4,"PREAMP":0,"READOUT_RATE":0,"VERTICAL_SHIFT_SPEED":3,"EM_MODE":1,"EM_GAIN":2,"SHUTTER_MODE":1,"SHUTTER_TTL":0,"SHUTTER_OPENING_TIME":1,"SHUTTER_CLOSING_TIME":1,"VBIN":1,"HBIN":1,"INITIAL_LINE":1,"INITIAL_COLUMN":1,"FINAL_LINE":1024,"FINAL_COLUMN":1024,"FRAME_TRANSFER":true,"VERTICAL_CLOCK_VOLTAGE":0,"AD_CHANNEL":0}
11/14/2022 6:44 PM CommandAcquisChD  TX=WRITE_SETUP {"ACQUISITION_MODE":3,"TRIGGER_MODE":0,"READ_MODE":4,"PREAMP":0,"READOUT_RATE":0,"VERTICAL_SHIFT_SPEED":3,"EM_MODE":1,"EM_GAIN":2,"SHUTTER_MODE":1,"SHUTTER_TTL":0,"SHUTTER_OPENING_TIME":1,"SHUTTER_CLOSING_TIME":1,"VBIN":1,"HBIN":1,"INITIAL_LINE":1,"INITIAL_COLUMN":1,"FINAL_LINE":1024,"FINAL_COLUMN":1024,"FRAME_TRANSFER":true,"VERTICAL_CLOCK_VOLTAGE":0,"AD_CHANNEL":0}
11/14/2022 6:44 PM CommandAcquisChA  TX=READ_SETUP 
11/14/2022 6:44 PM ResponseAcquisChA  RX={"PREAMP":0,"READOUT_RATE":0,"EM_GAIN":2,"VERTICAL_SHIFT_SPEED":3,"READ_MODE":4,"FRAME_TRANSFER":true,"VERTICAL_CLOCK_VOLTAGE":0,"ACQUISITION_MODE":3,"AD_CHANNEL":0,"EM_MODE":1,"SHUTTER_TTL":0,"SHUTTER_OPENING_TIME":1,"SHUTTER_CLOSING_TIME":1,"SHUTTER_MODE":1,"TRIGGER_MODE":0,"VBIN":1,"INITIAL_LINE":1,"INITIAL_COLUMN":1,"FINAL_LINE":1024,"FINAL_COLUMN":1024,"HBIN":1}
11/14/2022 6:44 PM CommandAcquisChA  TX=SET TEMP -70
11/14/2022 6:44 PM CommandAcquisChA  TX=SET COOLER_POWER_STATUS 1
11/14/2022 6:44 PM ResponseAcquisChA  RX=DONE
11/14/2022 6:44 PM ResponseAcquisChA  RX=DONE
11/14/2022 6:44 PM CommandAcquisChB  TX=READ_SETUP 
11/14/2022 6:44 PM ResponseAcquisChB  RX={"PREAMP":0,"READOUT_RATE":0,"EM_GAIN":2,"VERTICAL_SHIFT_SPEED":3,"READ_MODE":4,"FRAME_TRANSFER":true,"VERTICAL_CLOCK_VOLTAGE":0,"ACQUISITION_MODE":3,"AD_CHANNEL":0,"EM_MODE":1,"SHUTTER_TTL":0,"SHUTTER_OPENING_TIME":1,"SHUTTER_CLOSING_TIME":1,"SHUTTER_MODE":1,"TRIGGER_MODE":0,"VBIN":1,"INITIAL_LINE":1,"INITIAL_COLUMN":1,"FINAL_LINE":1024,"FINAL_COLUMN":1024,"HBIN":1}
11/14/2022 6:44 PM CommandAcquisChB  TX=SET TEMP -70
11/14/2022 6:44 PM CommandAcquisChB  TX=SET COOLER_POWER_STATUS 1
11/14/2022 6:44 PM ResponseAcquisChB  RX=DONE
11/14/2022 6:44 PM CommandAcquisChC  TX=READ_SETUP 
11/14/2022 6:44 PM ResponseAcquisChC  RX={"PREAMP":0,"READOUT_RATE":0,"EM_GAIN":2,"VERTICAL_SHIFT_SPEED":3,"READ_MODE":4,"FRAME_TRANSFER":true,"VERTICAL_CLOCK_VOLTAGE":0,"ACQUISITION_MODE":3,"AD_CHANNEL":0,"EM_MODE":1,"SHUTTER_TTL":0,"SHUTTER_OPENING_TIME":1,"SHUTTER_CLOSING_TIME":1,"SHUTTER_MODE":1,"TRIGGER_MODE":0,"VBIN":1,"INITIAL_LINE":1,"INITIAL_COLUMN":1,"FINAL_LINE":1024,"FINAL_COLUMN":1024,"HBIN":1}
11/14/2022 6:44 PM CommandAcquisChC  TX=SET TEMP -70
11/14/2022 6:44 PM CommandAcquisChC  TX=SET COOLER_POWER_STATUS 1
11/14/2022 6:44 PM ResponseAcquisChC  RX=DONE
11/14/2022 6:44 PM ResponseAcquisChC  RX=DONE
11/14/2022 6:44 PM CommandAcquisChD  TX=READ_SETUP 
11/14/2022 6:44 PM CommandAcquisChD  TX=SET TEMP -70
11/14/2022 6:44 PM ResponseAcquisChD  RX={"PREAMP":0,"READOUT_RATE":0,"EM_GAIN":2,"VERTICAL_SHIFT_SPEED":3,"READ_MODE":4,"FRAME_TRANSFER":true,"VERTICAL_CLOCK_VOLTAGE":0,"ACQUISITION_MODE":3,"AD_CHANNEL":0,"EM_MODE":1,"SHUTTER_TTL":0,"SHUTTER_OPENING_TIME":1,"SHUTTER_CLOSING_TIME":1,"SHUTTER_MODE":1,"TRIGGER_MODE":0,"VBIN":1,"INITIAL_LINE":1,"INITIAL_COLUMN":1,"FINAL_LINE":1024,"FINAL_COLUMN":1024,"HBIN":1}
11/14/2022 6:44 PM CommandAcquisChD  TX=SET COOLER_POWER_STATUS 1
11/14/2022 6:44 PM ResponseAcquisChD  RX=DONE
11/14/2022 7:05 PM CommandAcquisChB  TX=SET TEMP -70
11/14/2022 7:05 PM CommandAcquisChB  TX=SET COOLER_POWER_STATUS 1
11/14/2022 7:05 PM ResponseAcquisChB  RX=DONE
11/14/2022 7:05 PM ResponseAcquisChB  RX=DONE
11/14/2022 7:36 PM CommandAcquisChB  TX=SET TEMP -70
11/14/2022 7:36 PM CommandAcquisChB  TX=SET COOLER_POWER_STATUS 1
11/14/2022 7:36 PM ResponseAcquisChB  RX=DONE
11/14/2022 7:36 PM CommandAcquisChB  TX=SET TEMP -70
11/14/2022 7:36 PM ResponseAcquisChB  RX=DONE
11/14/2022 7:36 PM CommandAcquisChB  TX=SET COOLER_POWER_STATUS 1
11/14/2022 7:36 PM ResponseAcquisChB  RX=DONE
11/14/2022 7:37 PM CommandAcquisChD  TX=SET TEMP -70
11/14/2022 7:37 PM ResponseAcquisChD  RX=DONE
11/14/2022 7:37 PM CommandAcquisChD  TX=SET COOLER_POWER_STATUS 1
11/14/2022 7:37 PM CommandAcquisChA  TX=SET TEMP -65
11/14/2022 7:37 PM CommandAcquisChA  TX=SET COOLER_POWER_STATUS 1
11/14/2022 7:37 PM ResponseAcquisChA  RX=DONE
11/14/2022 7:37 PM CommandAcquisChB  TX=SET TEMP -65
11/14/2022 7:37 PM CommandAcquisChB  TX=SET COOLER_POWER_STATUS 1
11/14/2022 7:37 PM ResponseAcquisChB  RX=DONE
11/14/2022 7:37 PM ResponseAcquisChB  RX=DONE
11/14/2022 7:38 PM CommandAcquisChD  TX=SET TEMP -65
11/14/2022 7:38 PM CommandAcquisChD  TX=SET COOLER_POWER_STATUS 1
11/14/2022 7:38 PM ResponseAcquisChD  RX=DONE
11/14/2022 7:38 PM CommandAcquisChC  TX=SET TEMP -65
11/14/2022 7:38 PM CommandAcquisChC  TX=SET COOLER_POWER_STATUS 1
11/14/2022 7:38 PM ResponseAcquisChC  RX=DONE
11/14/2022 7:39 PM CommandAcquisChB  TX=SET COOLER_POWER_STATUS 0
11/14/2022 7:39 PM ResponseAcquisChB  RX=DONE
11/14/2022 7:39 PM CommandAcquisChB  TX=SET TEMP -65
11/14/2022 7:39 PM CommandAcquisChB  TX=SET COOLER_POWER_STATUS 1
11/14/2022 7:39 PM ResponseAcquisChB  RX=DONE
11/14/2022 7:39 PM ResponseAcquisChB  RX=DONE
11/14/2022 8:04 PM CommandAcquisChA  TX=WRITE_SETUP {"ACQUISITION_MODE":3,"TRIGGER_MODE":0,"READ_MODE":4,"PREAMP":0,"READOUT_RATE":0,"VERTICAL_SHIFT_SPEED":3,"EM_MODE":1,"EM_GAIN":2,"SHUTTER_MODE":2,"SHUTTER_TTL":0,"SHUTTER_OPENING_TIME":1,"SHUTTER_CLOSING_TIME":1,"VBIN":1,"HBIN":1,"INITIAL_LINE":1,"INITIAL_COLUMN":1,"FINAL_LINE":1024,"FINAL_COLUMN":1024,"FRAME_TRANSFER":true,"VERTICAL_CLOCK_VOLTAGE":0,"AD_CHANNEL":0}
11/14/2022 8:04 PM CommandAcquisChB  TX=WRITE_SETUP {"ACQUISITION_MODE":3,"TRIGGER_MODE":0,"READ_MODE":4,"PREAMP":0,"READOUT_RATE":0,"VERTICAL_SHIFT_SPEED":3,"EM_MODE":1,"EM_GAIN":2,"SHUTTER_MODE":2,"SHUTTER_TTL":0,"SHUTTER_OPENING_TIME":1,"SHUTTER_CLOSING_TIME":1,"VBIN":1,"HBIN":1,"INITIAL_LINE":1,"INITIAL_COLUMN":1,"FINAL_LINE":1024,"FINAL_COLUMN":1024,"FRAME_TRANSFER":true,"VERTICAL_CLOCK_VOLTAGE":0,"AD_CHANNEL":0}
11/14/2022 8:04 PM CommandAcquisChC  TX=WRITE_SETUP {"ACQUISITION_MODE":3,"TRIGGER_MODE":0,"READ_MODE":4,"PREAMP":0,"READOUT_RATE":0,"VERTICAL_SHIFT_SPEED":3,"EM_MODE":1,"EM_GAIN":2,"SHUTTER_MODE":2,"SHUTTER_TTL":0,"SHUTTER_OPENING_TIME":1,"SHUTTER_CLOSING_TIME":1,"VBIN":1,"HBIN":1,"INITIAL_LINE":1,"INITIAL_COLUMN":1,"FINAL_LINE":1024,"FINAL_COLUMN":1024,"FRAME_TRANSFER":true,"VERTICAL_CLOCK_VOLTAGE":0,"AD_CHANNEL":0}
11/14/2022 8:04 PM CommandAcquisChD  TX=WRITE_SETUP {"ACQUISITION_MODE":3,"TRIGGER_MODE":0,"READ_MODE":4,"PREAMP":0,"READOUT_RATE":0,"VERTICAL_SHIFT_SPEED":3,"EM_MODE":1,"EM_GAIN":2,"SHUTTER_MODE":2,"SHUTTER_TTL":0,"SHUTTER_OPENING_TIME":1,"SHUTTER_CLOSING_TIME":1,"VBIN":1,"HBIN":1,"INITIAL_LINE":1,"INITIAL_COLUMN":1,"FINAL_LINE":1024,"FINAL_COLUMN":1024,"FRAME_TRANSFER":true,"VERTICAL_CLOCK_VOLTAGE":0,"AD_CHANNEL":0}
11/14/2022 8:04 PM CommandAcquisChA  TX=READ_SETUP 
11/14/2022 8:04 PM CommandAcquisChB  TX=READ_SETUP 
11/14/2022 8:04 PM CommandAcquisChC  TX=READ_SETUP 
11/14/2022 8:04 PM CommandAcquisChD  TX=READ_SETUP 
11/14/2022 8:04 PM ResponseAcquisChD  RX={"PREAMP":0,"READOUT_RATE":0,"EM_GAIN":2,"VERTICAL_SHIFT_SPEED":3,"READ_MODE":4,"FRAME_TRANSFER":true,"VERTICAL_CLOCK_VOLTAGE":0,"ACQUISITION_MODE":3,"AD_CHANNEL":0,"EM_MODE":1,"SHUTTER_TTL":0,"SHUTTER_OPENING_TIME":1,"SHUTTER_CLOSING_TIME":1,"SHUTTER_MODE":2,"TRIGGER_MODE":0,"VBIN":1,"INITIAL_LINE":1,"INITIAL_COLUMN":1,"FINAL_LINE":1024,"FINAL_COLUMN":1024,"HBIN":1}
11/14/2022 8:04 PM ResponseAcquisChC  RX={"PREAMP":0,"READOUT_RATE":0,"EM_GAIN":2,"VERTICAL_SHIFT_SPEED":3,"READ_MODE":4,"FRAME_TRANSFER":true,"VERTICAL_CLOCK_VOLTAGE":0,"ACQUISITION_MODE":3,"AD_CHANNEL":0,"EM_MODE":1,"SHUTTER_TTL":0,"SHUTTER_OPENING_TIME":1,"SHUTTER_CLOSING_TIME":1,"SHUTTER_MODE":2,"TRIGGER_MODE":0,"VBIN":1,"INITIAL_LINE":1,"INITIAL_COLUMN":1,"FINAL_LINE":1024,"FINAL_COLUMN":1024,"HBIN":1}
11/14/2022 8:04 PM ResponseAcquisChA  RX={"PREAMP":0,"READOUT_RATE":0,"EM_GAIN":2,"VERTICAL_SHIFT_SPEED":3,"READ_MODE":4,"FRAME_TRANSFER":true,"VERTICAL_CLOCK_VOLTAGE":0,"ACQUISITION_MODE":3,"AD_CHANNEL":0,"EM_MODE":1,"SHUTTER_TTL":0,"SHUTTER_OPENING_TIME":1,"SHUTTER_CLOSING_TIME":1,"SHUTTER_MODE":2,"TRIGGER_MODE":0,"VBIN":1,"INITIAL_LINE":1,"INITIAL_COLUMN":1,"FINAL_LINE":1024,"FINAL_COLUMN":1024,"HBIN":1}
11/14/2022 8:04 PM CommandAcquisChA  TX=SET TEMP -65
11/14/2022 8:04 PM ResponseAcquisChB  RX={"PREAMP":0,"READOUT_RATE":0,"EM_GAIN":2,"VERTICAL_SHIFT_SPEED":3,"READ_MODE":4,"FRAME_TRANSFER":true,"VERTICAL_CLOCK_VOLTAGE":0,"ACQUISITION_MODE":3,"AD_CHANNEL":0,"EM_MODE":1,"SHUTTER_TTL":0,"SHUTTER_OPENING_TIME":1,"SHUTTER_CLOSING_TIME":1,"SHUTTER_MODE":2,"TRIGGER_MODE":0,"VBIN":1,"INITIAL_LINE":1,"INITIAL_COLUMN":1,"FINAL_LINE":1024,"FINAL_COLUMN":1024,"HBIN":1}
11/14/2022 8:04 PM CommandAcquisChB  TX=SET TEMP -65
11/14/2022 8:04 PM CommandAcquisChC  TX=SET TEMP -65
11/14/2022 8:04 PM CommandAcquisChD  TX=SET TEMP -65
11/14/2022 8:04 PM CommandAcquisChA  TX=SET COOLER_POWER_STATUS 1
11/14/2022 8:04 PM CommandAcquisChB  TX=SET COOLER_POWER_STATUS 1
11/14/2022 8:04 PM CommandAcquisChC  TX=SET COOLER_POWER_STATUS 1
11/14/2022 8:04 PM ResponseAcquisChD  RX=DONE
11/14/2022 8:04 PM CommandAcquisChD  TX=SET COOLER_POWER_STATUS 1
11/14/2022 8:04 PM ResponseAcquisChC  RX=DONE
11/14/2022 8:04 PM ResponseAcquisChA  RX=DONE
11/14/2022 8:04 PM ResponseAcquisChB  RX=DONE
11/14/2022 8:04 PM ResponseAcquisChD  RX=DONE
11/14/2022 8:04 PM ResponseAcquisChA  RX=DONE
11/14/2022 8:09 PM CommandAcquisChA  TX=SET EXPTIME 0.000010
11/14/2022 8:09 PM ResponseAcquisChA  RX=DONE
11/14/2022 8:09 PM CommandAcquisChA  TX=SET #FRAMES 1.000000
11/14/2022 8:09 PM ResponseAcquisChA  RX=DONE
11/14/2022 8:09 PM CommandAcquisChA  TX=SET #CUBES 1.0000 
11/14/2022 8:09 PM ResponseAcquisChA  RX=DONE
11/14/2022 8:09 PM CommandAcquisChA  TX=SET SUFFIX teste
11/14/2022 8:09 PM ResponseAcquisChA  RX=DONE
11/14/2022 8:09 PM CommandAcquisChA  TX=SET OBSTYPE ZERO
11/14/2022 8:09 PM ResponseAcquisChA  RX=DONE
11/14/2022 8:09 PM CommandAcquisChB  TX=SET EXPTIME 0.000010
11/14/2022 8:09 PM ResponseAcquisChB  RX=DONE
11/14/2022 8:09 PM CommandAcquisChB  TX=SET #FRAMES 2.000000
11/14/2022 8:09 PM ResponseAcquisChB  RX=DONE
11/14/2022 8:09 PM CommandAcquisChB  TX=SET #CUBES 1.0000 
11/14/2022 8:09 PM CommandAcquisChB  TX=SET SUFFIX teste
11/14/2022 8:09 PM ResponseAcquisChB  RX=DONE
11/14/2022 8:09 PM CommandAcquisChB  TX=SET OBSTYPE ZERO
11/14/2022 8:09 PM ResponseAcquisChB  RX=DONE
11/14/2022 8:09 PM ResponseAcquisChB  RX=DONE
11/14/2022 8:09 PM CommandAcquisChC  TX=SET EXPTIME 0.000010
11/14/2022 8:09 PM ResponseAcquisChC  RX=DONE
11/14/2022 8:09 PM CommandAcquisChC  TX=SET #FRAMES 2.000000
11/14/2022 8:09 PM ResponseAcquisChC  RX=DONE
11/14/2022 8:09 PM CommandAcquisChC  TX=SET #CUBES 1.0000 
11/14/2022 8:09 PM CommandAcquisChC  TX=SET SUFFIX teste
11/14/2022 8:09 PM ResponseAcquisChC  RX=DONE
11/14/2022 8:09 PM CommandAcquisChC  TX=SET OBSTYPE ZERO
11/14/2022 8:09 PM ResponseAcquisChC  RX=DONE
11/14/2022 8:09 PM ResponseAcquisChC  RX=DONE
11/14/2022 8:09 PM CommandAcquisChD  TX=SET EXPTIME 0.000010
11/14/2022 8:09 PM ResponseAcquisChD  RX=DONE
11/14/2022 8:09 PM CommandAcquisChD  TX=SET #FRAMES 2.000000
11/14/2022 8:09 PM ResponseAcquisChD  RX=DONE
11/14/2022 8:09 PM CommandAcquisChD  TX=SET #CUBES 1.0000 
11/14/2022 8:09 PM ResponseAcquisChD  RX=DONE
11/14/2022 8:09 PM CommandAcquisChD  TX=SET SUFFIX teste
11/14/2022 8:09 PM CommandAcquisChD  TX=SET OBSTYPE ZERO
11/14/2022 8:09 PM ResponseAcquisChD  RX=DONE
11/14/2022 8:09 PM ResponseAcquisChD  RX=DONE
11/14/2022 8:09 PM CommandAcquisChA  TX=EXPOSE
11/14/2022 8:09 PM CommandAcquisChB  TX=EXPOSE
11/14/2022 8:09 PM CommandAcquisChC  TX=EXPOSE
11/14/2022 8:09 PM CommandAcquisChD  TX=EXPOSE
11/14/2022 8:10 PM CommandAcquisChA  TX=SET EXPTIME 0.000010
11/14/2022 8:10 PM ResponseAcquisChA  RX=DONE
11/14/2022 8:10 PM CommandAcquisChA  TX=SET #FRAMES 100.000000
11/14/2022 8:10 PM ResponseAcquisChA  RX=DONE
11/14/2022 8:10 PM CommandAcquisChA  TX=SET #CUBES 1.0000 
11/14/2022 8:10 PM ResponseAcquisChA  RX=DONE
11/14/2022 8:10 PM CommandAcquisChA  TX=SET SUFFIX zero
11/14/2022 8:10 PM CommandAcquisChA  TX=SET OBSTYPE ZERO
11/14/2022 8:10 PM ResponseAcquisChA  RX=DONE
11/14/2022 8:10 PM ResponseAcquisChA  RX=DONE
11/14/2022 8:10 PM CommandAcquisChB  TX=SET EXPTIME 0.000010
11/14/2022 8:10 PM ResponseAcquisChB  RX=DONE
11/14/2022 8:10 PM CommandAcquisChB  TX=SET #FRAMES 100.000000
11/14/2022 8:10 PM ResponseAcquisChB  RX=DONE
11/14/2022 8:10 PM CommandAcquisChB  TX=SET #CUBES 1.0000 
11/14/2022 8:10 PM CommandAcquisChB  TX=SET SUFFIX zero
11/14/2022 8:10 PM ResponseAcquisChB  RX=DONE
11/14/2022 8:10 PM CommandAcquisChB  TX=SET OBSTYPE ZERO
11/14/2022 8:10 PM ResponseAcquisChB  RX=DONE
11/14/2022 8:10 PM ResponseAcquisChB  RX=DONE
11/14/2022 8:10 PM CommandAcquisChC  TX=SET EXPTIME 0.000010
11/14/2022 8:10 PM ResponseAcquisChC  RX=DONE
11/14/2022 8:10 PM CommandAcquisChC  TX=SET #FRAMES 100.000000
11/14/2022 8:10 PM CommandAcquisChC  TX=SET #CUBES 1.0000 
11/14/2022 8:10 PM ResponseAcquisChC  RX=DONE
11/14/2022 8:10 PM ResponseAcquisChC  RX=DONE
11/14/2022 8:10 PM CommandAcquisChC  TX=SET SUFFIX zero
11/14/2022 8:10 PM CommandAcquisChC  TX=SET OBSTYPE ZERO
11/14/2022 8:10 PM ResponseAcquisChC  RX=DONE
11/14/2022 8:10 PM ResponseAcquisChC  RX=DONE
11/14/2022 8:10 PM CommandAcquisChD  TX=SET EXPTIME 0.000010
11/14/2022 8:10 PM ResponseAcquisChD  RX=DONE
11/14/2022 8:10 PM CommandAcquisChD  TX=SET #FRAMES 100.000000
11/14/2022 8:10 PM CommandAcquisChD  TX=SET #CUBES 1.0000 
11/14/2022 8:10 PM ResponseAcquisChD  RX=DONE
11/14/2022 8:10 PM ResponseAcquisChD  RX=DONE
11/14/2022 8:10 PM CommandAcquisChD  TX=SET SUFFIX zero
11/14/2022 8:10 PM CommandAcquisChD  TX=SET OBSTYPE ZERO
11/14/2022 8:10 PM ResponseAcquisChD  RX=DONE
11/14/2022 8:10 PM ResponseAcquisChD  RX=DONE
11/14/2022 8:10 PM CommandAcquisChA  TX=EXPOSE
11/14/2022 8:10 PM CommandAcquisChB  TX=EXPOSE
11/14/2022 8:10 PM CommandAcquisChC  TX=EXPOSE
11/14/2022 8:10 PM CommandAcquisChD  TX=EXPOSE
11/14/2022 8:15 PM CommandAcquisChA  TX=WRITE_SETUP {"ACQUISITION_MODE":3,"TRIGGER_MODE":0,"READ_MODE":4,"PREAMP":0,"READOUT_RATE":0,"VERTICAL_SHIFT_SPEED":3,"EM_MODE":1,"EM_GAIN":2,"SHUTTER_MODE":1,"SHUTTER_TTL":0,"SHUTTER_OPENING_TIME":1,"SHUTTER_CLOSING_TIME":1,"VBIN":1,"HBIN":1,"INITIAL_LINE":1,"INITIAL_COLUMN":1,"FINAL_LINE":1024,"FINAL_COLUMN":1024,"FRAME_TRANSFER":true,"VERTICAL_CLOCK_VOLTAGE":0,"AD_CHANNEL":0}
11/14/2022 8:15 PM CommandAcquisChB  TX=WRITE_SETUP {"ACQUISITION_MODE":3,"TRIGGER_MODE":0,"READ_MODE":4,"PREAMP":0,"READOUT_RATE":0,"VERTICAL_SHIFT_SPEED":3,"EM_MODE":1,"EM_GAIN":2,"SHUTTER_MODE":1,"SHUTTER_TTL":0,"SHUTTER_OPENING_TIME":1,"SHUTTER_CLOSING_TIME":1,"VBIN":1,"HBIN":1,"INITIAL_LINE":1,"INITIAL_COLUMN":1,"FINAL_LINE":1024,"FINAL_COLUMN":1024,"FRAME_TRANSFER":true,"VERTICAL_CLOCK_VOLTAGE":0,"AD_CHANNEL":0}
11/14/2022 8:15 PM CommandAcquisChC  TX=WRITE_SETUP {"ACQUISITION_MODE":3,"TRIGGER_MODE":0,"READ_MODE":4,"PREAMP":0,"READOUT_RATE":0,"VERTICAL_SHIFT_SPEED":3,"EM_MODE":1,"EM_GAIN":2,"SHUTTER_MODE":1,"SHUTTER_TTL":0,"SHUTTER_OPENING_TIME":1,"SHUTTER_CLOSING_TIME":1,"VBIN":1,"HBIN":1,"INITIAL_LINE":1,"INITIAL_COLUMN":1,"FINAL_LINE":1024,"FINAL_COLUMN":1024,"FRAME_TRANSFER":true,"VERTICAL_CLOCK_VOLTAGE":0,"AD_CHANNEL":0}
11/14/2022 8:15 PM CommandAcquisChD  TX=WRITE_SETUP {"ACQUISITION_MODE":3,"TRIGGER_MODE":0,"READ_MODE":4,"PREAMP":0,"READOUT_RATE":0,"VERTICAL_SHIFT_SPEED":3,"EM_MODE":1,"EM_GAIN":2,"SHUTTER_MODE":1,"SHUTTER_TTL":0,"SHUTTER_OPENING_TIME":1,"SHUTTER_CLOSING_TIME":1,"VBIN":1,"HBIN":1,"INITIAL_LINE":1,"INITIAL_COLUMN":1,"FINAL_LINE":1024,"FINAL_COLUMN":1024,"FRAME_TRANSFER":true,"VERTICAL_CLOCK_VOLTAGE":0,"AD_CHANNEL":0}
11/14/2022 8:15 PM CommandAcquisChA  TX=READ_SETUP 
11/14/2022 8:15 PM CommandAcquisChB  TX=READ_SETUP 
11/14/2022 8:15 PM CommandAcquisChC  TX=READ_SETUP 
11/14/2022 8:15 PM CommandAcquisChD  TX=READ_SETUP 
11/14/2022 8:15 PM ResponseAcquisChD  RX={"PREAMP":0,"READOUT_RATE":0,"EM_GAIN":2,"VERTICAL_SHIFT_SPEED":3,"READ_MODE":4,"FRAME_TRANSFER":true,"VERTICAL_CLOCK_VOLTAGE":0,"ACQUISITION_MODE":3,"AD_CHANNEL":0,"EM_MODE":1,"SHUTTER_TTL":0,"SHUTTER_OPENING_TIME":1,"SHUTTER_CLOSING_TIME":1,"SHUTTER_MODE":2,"TRIGGER_MODE":0,"VBIN":1,"INITIAL_LINE":1,"INITIAL_COLUMN":1,"FINAL_LINE":1024,"FINAL_COLUMN":1024,"HBIN":1}
11/14/2022 8:15 PM ResponseAcquisChA  RX={"PREAMP":0,"READOUT_RATE":0,"EM_GAIN":2,"VERTICAL_SHIFT_SPEED":3,"READ_MODE":4,"FRAME_TRANSFER":true,"VERTICAL_CLOCK_VOLTAGE":0,"ACQUISITION_MODE":3,"AD_CHANNEL":0,"EM_MODE":1,"SHUTTER_TTL":0,"SHUTTER_OPENING_TIME":1,"SHUTTER_CLOSING_TIME":1,"SHUTTER_MODE":2,"TRIGGER_MODE":0,"VBIN":1,"INITIAL_LINE":1,"INITIAL_COLUMN":1,"FINAL_LINE":1024,"FINAL_COLUMN":1024,"HBIN":1}
11/14/2022 8:15 PM ResponseAcquisChC  RX={"PREAMP":0,"READOUT_RATE":0,"EM_GAIN":2,"VERTICAL_SHIFT_SPEED":3,"READ_MODE":4,"FRAME_TRANSFER":true,"VERTICAL_CLOCK_VOLTAGE":0,"ACQUISITION_MODE":3,"AD_CHANNEL":0,"EM_MODE":1,"SHUTTER_TTL":0,"SHUTTER_OPENING_TIME":1,"SHUTTER_CLOSING_TIME":1,"SHUTTER_MODE":2,"TRIGGER_MODE":0,"VBIN":1,"INITIAL_LINE":1,"INITIAL_COLUMN":1,"FINAL_LINE":1024,"FINAL_COLUMN":1024,"HBIN":1}
11/14/2022 8:15 PM CommandAcquisChA  TX=SET TEMP -65
11/14/2022 8:15 PM CommandAcquisChB  TX=SET TEMP -65
11/14/2022 8:15 PM CommandAcquisChC  TX=SET TEMP -65
11/14/2022 8:15 PM CommandAcquisChD  TX=SET TEMP -65
11/14/2022 8:15 PM CommandAcquisChA  TX=SET COOLER_POWER_STATUS 1
11/14/2022 8:15 PM ResponseAcquisChB  RX={"PREAMP":0,"READOUT_RATE":0,"EM_GAIN":2,"VERTICAL_SHIFT_SPEED":3,"READ_MODE":4,"FRAME_TRANSFER":true,"VERTICAL_CLOCK_VOLTAGE":0,"ACQUISITION_MODE":3,"AD_CHANNEL":0,"EM_MODE":1,"SHUTTER_TTL":0,"SHUTTER_OPENING_TIME":1,"SHUTTER_CLOSING_TIME":1,"SHUTTER_MODE":2,"TRIGGER_MODE":0,"VBIN":1,"INITIAL_LINE":1,"INITIAL_COLUMN":1,"FINAL_LINE":1024,"FINAL_COLUMN":1024,"HBIN":1}
11/14/2022 8:15 PM CommandAcquisChB  TX=SET COOLER_POWER_STATUS 1
11/14/2022 8:15 PM ResponseAcquisChC  RX=DONE
11/14/2022 8:15 PM CommandAcquisChC  TX=SET COOLER_POWER_STATUS 1
11/14/2022 8:15 PM ResponseAcquisChD  RX=DONE
11/14/2022 8:15 PM CommandAcquisChD  TX=SET COOLER_POWER_STATUS 1
11/14/2022 8:15 PM ResponseAcquisChA  RX=DONE
11/14/2022 8:15 PM ResponseAcquisChA  RX=DONE
11/14/2022 8:15 PM ResponseAcquisChB  RX=DONE
11/14/2022 8:15 PM ResponseAcquisChC  RX=DONE
11/14/2022 8:15 PM ResponseAcquisChD  RX=DONE
11/14/2022 8:16 PM CommandAcquisChA  TX=SET EXPTIME 100.000000
11/14/2022 8:16 PM ResponseAcquisChA  RX=DONE
11/14/2022 8:16 PM CommandAcquisChA  TX=SET #FRAMES 1.000000
11/14/2022 8:16 PM CommandAcquisChA  TX=SET #CUBES 1.0000 
11/14/2022 8:16 PM ResponseAcquisChA  RX=DONE
11/14/2022 8:16 PM CommandAcquisChA  TX=SET SUFFIX teste
11/14/2022 8:16 PM ResponseAcquisChA  RX=DONE
11/14/2022 8:16 PM CommandAcquisChA  TX=SET OBSTYPE DFLAT
11/14/2022 8:16 PM ResponseAcquisChA  RX=DONE
11/14/2022 8:16 PM ResponseAcquisChA  RX=DONE
11/14/2022 8:16 PM CommandAcquisChB  TX=SET EXPTIME 20.000000
11/14/2022 8:16 PM ResponseAcquisChB  RX=DONE
11/14/2022 8:16 PM CommandAcquisChB  TX=SET #FRAMES 1.000000
11/14/2022 8:16 PM ResponseAcquisChB  RX=DONE
11/14/2022 8:16 PM CommandAcquisChB  TX=SET #CUBES 1.0000 
11/14/2022 8:16 PM ResponseAcquisChB  RX=DONE
11/14/2022 8:16 PM CommandAcquisChB  TX=SET SUFFIX teste
11/14/2022 8:16 PM ResponseAcquisChB  RX=DONE
11/14/2022 8:16 PM CommandAcquisChB  TX=SET OBSTYPE DFLAT
11/14/2022 8:16 PM ResponseAcquisChB  RX=DONE
11/14/2022 8:16 PM CommandAcquisChC  TX=SET EXPTIME 25.000000
11/14/2022 8:16 PM ResponseAcquisChC  RX=RETURNING_STATUS {"CUBE_EXPOSURE_TIME":0.00099999993108212947845,"CUBES_DONE":1,"LAST_IMAGE_NAME":"20221114_s4c3_zero_000102.fits","DISK_SPACE":0,"FRAMES_DONE":100,"CCD_STATUS":"IDLE","CURRENT_TEMPERATURE":-64,"TEMPERATURE_STATUS":"TEMPERATURE_STABILIZED","FRAME_EXPOSURE_TIME":0,"CCD_POWER_STATUS":true,"SERIAL_NUMBER":9916,"ACQUIRING":false}
11/14/2022 8:16 PM ResponseAcquisChC  RX=DONE
11/14/2022 8:16 PM CommandAcquisChC  TX=SET #FRAMES 1.000000
11/14/2022 8:16 PM ResponseAcquisChC  RX=DONE
11/14/2022 8:16 PM CommandAcquisChC  TX=SET #CUBES 1.0000 
11/14/2022 8:16 PM CommandAcquisChC  TX=SET SUFFIX teste
11/14/2022 8:16 PM ResponseAcquisChC  RX=DONE
11/14/2022 8:16 PM CommandAcquisChC  TX=SET OBSTYPE DFLAT
11/14/2022 8:16 PM ResponseAcquisChC  RX=DONE
11/14/2022 8:16 PM ResponseAcquisChC  RX=DONE
11/14/2022 8:16 PM CommandAcquisChD  TX=SET EXPTIME 30.000000
11/14/2022 8:16 PM ResponseAcquisChD  RX=DONE
11/14/2022 8:16 PM CommandAcquisChD  TX=SET #FRAMES 1.000000
11/14/2022 8:16 PM CommandAcquisChD  TX=SET #CUBES 1.0000 
11/14/2022 8:16 PM ResponseAcquisChD  RX=DONE
11/14/2022 8:16 PM CommandAcquisChD  TX=SET SUFFIX teste
11/14/2022 8:16 PM ResponseAcquisChD  RX=DONE
11/14/2022 8:16 PM ResponseAcquisChD  RX=DONE
11/14/2022 8:16 PM CommandAcquisChD  TX=SET OBSTYPE DFLAT
11/14/2022 8:16 PM ResponseAcquisChD  RX=DONE
11/14/2022 8:16 PM CommandAcquisChA  TX=EXPOSE
11/14/2022 8:16 PM CommandAcquisChB  TX=EXPOSE
11/14/2022 8:16 PM CommandAcquisChC  TX=EXPOSE
11/14/2022 8:16 PM CommandAcquisChD  TX=EXPOSE
11/14/2022 8:18 PM CommandAcquisChA  TX=WRITE_SETUP {"ACQUISITION_MODE":3,"TRIGGER_MODE":0,"READ_MODE":4,"PREAMP":0,"READOUT_RATE":0,"VERTICAL_SHIFT_SPEED":3,"EM_MODE":1,"EM_GAIN":2,"SHUTTER_MODE":1,"SHUTTER_TTL":0,"SHUTTER_OPENING_TIME":1,"SHUTTER_CLOSING_TIME":1,"VBIN":1,"HBIN":1,"INITIAL_LINE":1,"INITIAL_COLUMN":1,"FINAL_LINE":1024,"FINAL_COLUMN":1024,"FRAME_TRANSFER":true,"VERTICAL_CLOCK_VOLTAGE":0,"AD_CHANNEL":0}
11/14/2022 8:18 PM CommandAcquisChB  TX=WRITE_SETUP {"ACQUISITION_MODE":3,"TRIGGER_MODE":0,"READ_MODE":4,"PREAMP":0,"READOUT_RATE":0,"VERTICAL_SHIFT_SPEED":3,"EM_MODE":1,"EM_GAIN":2,"SHUTTER_MODE":1,"SHUTTER_TTL":0,"SHUTTER_OPENING_TIME":1,"SHUTTER_CLOSING_TIME":1,"VBIN":1,"HBIN":1,"INITIAL_LINE":1,"INITIAL_COLUMN":1,"FINAL_LINE":1024,"FINAL_COLUMN":1024,"FRAME_TRANSFER":true,"VERTICAL_CLOCK_VOLTAGE":0,"AD_CHANNEL":0}
11/14/2022 8:18 PM CommandAcquisChC  TX=WRITE_SETUP {"ACQUISITION_MODE":3,"TRIGGER_MODE":0,"READ_MODE":4,"PREAMP":0,"READOUT_RATE":0,"VERTICAL_SHIFT_SPEED":3,"EM_MODE":1,"EM_GAIN":2,"SHUTTER_MODE":1,"SHUTTER_TTL":0,"SHUTTER_OPENING_TIME":1,"SHUTTER_CLOSING_TIME":1,"VBIN":1,"HBIN":1,"INITIAL_LINE":1,"INITIAL_COLUMN":1,"FINAL_LINE":1024,"FINAL_COLUMN":1024,"FRAME_TRANSFER":true,"VERTICAL_CLOCK_VOLTAGE":0,"AD_CHANNEL":0}
11/14/2022 8:18 PM CommandAcquisChD  TX=WRITE_SETUP {"ACQUISITION_MODE":3,"TRIGGER_MODE":0,"READ_MODE":4,"PREAMP":0,"READOUT_RATE":0,"VERTICAL_SHIFT_SPEED":3,"EM_MODE":1,"EM_GAIN":2,"SHUTTER_MODE":1,"SHUTTER_TTL":0,"SHUTTER_OPENING_TIME":1,"SHUTTER_CLOSING_TIME":1,"VBIN":1,"HBIN":1,"INITIAL_LINE":1,"INITIAL_COLUMN":1,"FINAL_LINE":1024,"FINAL_COLUMN":1024,"FRAME_TRANSFER":true,"VERTICAL_CLOCK_VOLTAGE":0,"AD_CHANNEL":0}
11/14/2022 8:18 PM CommandAcquisChA  TX=READ_SETUP 
11/14/2022 8:18 PM ResponseAcquisChA  RX={"PREAMP":0,"READOUT_RATE":0,"EM_GAIN":2,"VERTICAL_SHIFT_SPEED":3,"READ_MODE":4,"FRAME_TRANSFER":true,"VERTICAL_CLOCK_VOLTAGE":0,"ACQUISITION_MODE":3,"AD_CHANNEL":0,"EM_MODE":1,"SHUTTER_TTL":0,"SHUTTER_OPENING_TIME":1,"SHUTTER_CLOSING_TIME":1,"SHUTTER_MODE":1,"TRIGGER_MODE":0,"VBIN":1,"INITIAL_LINE":1,"INITIAL_COLUMN":1,"FINAL_LINE":1024,"FINAL_COLUMN":1024,"HBIN":1}
11/14/2022 8:18 PM CommandAcquisChA  TX=SET TEMP -65
11/14/2022 8:18 PM CommandAcquisChA  TX=SET COOLER_POWER_STATUS 1
11/14/2022 8:18 PM ResponseAcquisChA  RX=DONE
11/14/2022 8:18 PM CommandAcquisChB  TX=READ_SETUP 
11/14/2022 8:18 PM CommandAcquisChB  TX=SET TEMP -65
11/14/2022 8:18 PM ResponseAcquisChB  RX={"PREAMP":0,"READOUT_RATE":0,"EM_GAIN":2,"VERTICAL_SHIFT_SPEED":3,"READ_MODE":4,"FRAME_TRANSFER":true,"VERTICAL_CLOCK_VOLTAGE":0,"ACQUISITION_MODE":3,"AD_CHANNEL":0,"EM_MODE":1,"SHUTTER_TTL":0,"SHUTTER_OPENING_TIME":1,"SHUTTER_CLOSING_TIME":1,"SHUTTER_MODE":1,"TRIGGER_MODE":0,"VBIN":1,"INITIAL_LINE":1,"INITIAL_COLUMN":1,"FINAL_LINE":1024,"FINAL_COLUMN":1024,"HBIN":1}
11/14/2022 8:18 PM CommandAcquisChB  TX=SET COOLER_POWER_STATUS 1
11/14/2022 8:18 PM ResponseAcquisChB  RX=DONE
11/14/2022 8:18 PM CommandAcquisChC  TX=READ_SETUP 
11/14/2022 8:18 PM ResponseAcquisChC  RX={"PREAMP":0,"READOUT_RATE":0,"EM_GAIN":2,"VERTICAL_SHIFT_SPEED":3,"READ_MODE":4,"FRAME_TRANSFER":true,"VERTICAL_CLOCK_VOLTAGE":0,"ACQUISITION_MODE":3,"AD_CHANNEL":0,"EM_MODE":1,"SHUTTER_TTL":0,"SHUTTER_OPENING_TIME":1,"SHUTTER_CLOSING_TIME":1,"SHUTTER_MODE":1,"TRIGGER_MODE":0,"VBIN":1,"INITIAL_LINE":1,"INITIAL_COLUMN":1,"FINAL_LINE":1024,"FINAL_COLUMN":1024,"HBIN":1}
11/14/2022 8:18 PM CommandAcquisChC  TX=SET TEMP -65
11/14/2022 8:18 PM CommandAcquisChC  TX=SET COOLER_POWER_STATUS 1
11/14/2022 8:18 PM ResponseAcquisChC  RX=DONE
11/14/2022 8:18 PM ResponseAcquisChC  RX=DONE
11/14/2022 8:18 PM CommandAcquisChD  TX=READ_SETUP 
11/14/2022 8:18 PM ResponseAcquisChD  RX={"PREAMP":0,"READOUT_RATE":0,"EM_GAIN":2,"VERTICAL_SHIFT_SPEED":3,"READ_MODE":4,"FRAME_TRANSFER":true,"VERTICAL_CLOCK_VOLTAGE":0,"ACQUISITION_MODE":3,"AD_CHANNEL":0,"EM_MODE":1,"SHUTTER_TTL":0,"SHUTTER_OPENING_TIME":1,"SHUTTER_CLOSING_TIME":1,"SHUTTER_MODE":1,"TRIGGER_MODE":0,"VBIN":1,"INITIAL_LINE":1,"INITIAL_COLUMN":1,"FINAL_LINE":1024,"FINAL_COLUMN":1024,"HBIN":1}
11/14/2022 8:18 PM CommandAcquisChD  TX=SET TEMP -65
11/14/2022 8:18 PM CommandAcquisChD  TX=SET COOLER_POWER_STATUS 1
11/14/2022 8:18 PM ResponseAcquisChD  RX=DONE
11/14/2022 8:18 PM ResponseAcquisChD  RX=DONE
11/14/2022 8:18 PM CommandAcquisChA  TX=SET EXPTIME 100.000000
11/14/2022 8:18 PM ResponseAcquisChA  RX=DONE
11/14/2022 8:18 PM CommandAcquisChA  TX=SET #FRAMES 1.000000
11/14/2022 8:18 PM ResponseAcquisChA  RX=DONE
11/14/2022 8:18 PM CommandAcquisChA  TX=SET #CUBES 1.0000 
11/14/2022 8:18 PM CommandAcquisChA  TX=SET SUFFIX teste
11/14/2022 8:18 PM ResponseAcquisChA  RX=DONE
11/14/2022 8:18 PM CommandAcquisChA  TX=SET OBSTYPE DFLAT
11/14/2022 8:18 PM ResponseAcquisChA  RX=DONE
11/14/2022 8:18 PM ResponseAcquisChA  RX=DONE
11/14/2022 8:18 PM CommandAcquisChB  TX=SET EXPTIME 20.000000
11/14/2022 8:18 PM ResponseAcquisChB  RX=DONE
11/14/2022 8:18 PM CommandAcquisChB  TX=SET #FRAMES 1.000000
11/14/2022 8:18 PM ResponseAcquisChB  RX=DONE
11/14/2022 8:18 PM CommandAcquisChB  TX=SET #CUBES 1.0000 
11/14/2022 8:18 PM ResponseAcquisChB  RX=DONE
11/14/2022 8:18 PM CommandAcquisChB  TX=SET SUFFIX teste
11/14/2022 8:18 PM ResponseAcquisChB  RX=DONE
11/14/2022 8:18 PM CommandAcquisChB  TX=SET OBSTYPE DFLAT
11/14/2022 8:18 PM ResponseAcquisChB  RX=DONE
11/14/2022 8:18 PM CommandAcquisChC  TX=SET EXPTIME 25.000000
11/14/2022 8:18 PM ResponseAcquisChC  RX=DONE
11/14/2022 8:18 PM CommandAcquisChC  TX=SET #FRAMES 1.000000
11/14/2022 8:18 PM ResponseAcquisChC  RX=DONE
11/14/2022 8:18 PM CommandAcquisChC  TX=SET #CUBES 1.0000 
11/14/2022 8:18 PM CommandAcquisChC  TX=SET SUFFIX teste
11/14/2022 8:18 PM ResponseAcquisChC  RX=DONE
11/14/2022 8:18 PM ResponseAcquisChC  RX=DONE
11/14/2022 8:18 PM CommandAcquisChC  TX=SET OBSTYPE DFLAT
11/14/2022 8:18 PM ResponseAcquisChC  RX=DONE
11/14/2022 8:18 PM CommandAcquisChD  TX=SET EXPTIME 30.000000
11/14/2022 8:18 PM ResponseAcquisChD  RX=DONE
11/14/2022 8:18 PM CommandAcquisChD  TX=SET #FRAMES 1.000000
11/14/2022 8:18 PM CommandAcquisChD  TX=SET #CUBES 1.0000 
11/14/2022 8:18 PM ResponseAcquisChD  RX=DONE
11/14/2022 8:18 PM ResponseAcquisChD  RX=DONE
11/14/2022 8:18 PM CommandAcquisChD  TX=SET SUFFIX teste
11/14/2022 8:18 PM ResponseAcquisChD  RX=DONE
11/14/2022 8:18 PM CommandAcquisChD  TX=SET OBSTYPE DFLAT
11/14/2022 8:18 PM ResponseAcquisChD  RX=DONE
11/14/2022 8:18 PM CommandAcquisChA  TX=EXPOSE
11/14/2022 8:18 PM CommandAcquisChB  TX=EXPOSE
11/14/2022 8:18 PM CommandAcquisChC  TX=EXPOSE
11/14/2022 8:18 PM CommandAcquisChD  TX=EXPOSE
11/14/2022 8:21 PM CommandAcquisChA  TX=SET EXPTIME 100.000000
11/14/2022 8:21 PM ResponseAcquisChA  RX=DONE
11/14/2022 8:21 PM CommandAcquisChA  TX=SET #FRAMES 15.000000
11/14/2022 8:21 PM ResponseAcquisChA  RX=DONE
11/14/2022 8:21 PM CommandAcquisChA  TX=SET #CUBES 1.0000 
11/14/2022 8:21 PM ResponseAcquisChA  RX=DONE
11/14/2022 8:21 PM CommandAcquisChA  TX=SET SUFFIX dflat
11/14/2022 8:21 PM ResponseAcquisChA  RX=DONE
11/14/2022 8:21 PM CommandAcquisChA  TX=SET OBSTYPE DFLAT
11/14/2022 8:21 PM ResponseAcquisChA  RX=DONE
11/14/2022 8:21 PM CommandAcquisChB  TX=SET EXPTIME 20.000000
11/14/2022 8:21 PM ResponseAcquisChB  RX=DONE
11/14/2022 8:21 PM CommandAcquisChB  TX=SET #FRAMES 75.000000
11/14/2022 8:21 PM ResponseAcquisChB  RX=DONE
11/14/2022 8:21 PM CommandAcquisChB  TX=SET #CUBES 1.0000 
11/14/2022 8:21 PM CommandAcquisChB  TX=SET SUFFIX dflat
11/14/2022 8:21 PM ResponseAcquisChB  RX=DONE
11/14/2022 8:21 PM ResponseAcquisChB  RX=DONE
11/14/2022 8:21 PM CommandAcquisChB  TX=SET OBSTYPE DFLAT
11/14/2022 8:21 PM ResponseAcquisChB  RX=DONE
11/14/2022 8:21 PM CommandAcquisChC  TX=SET EXPTIME 25.000000
11/14/2022 8:21 PM ResponseAcquisChC  RX=DONE
11/14/2022 8:21 PM CommandAcquisChC  TX=SET #FRAMES 60.000000
11/14/2022 8:21 PM CommandAcquisChC  TX=SET #CUBES 1.0000 
11/14/2022 8:21 PM ResponseAcquisChC  RX=DONE
11/14/2022 8:21 PM ResponseAcquisChC  RX=DONE
11/14/2022 8:21 PM CommandAcquisChC  TX=SET SUFFIX dflat
11/14/2022 8:21 PM CommandAcquisChC  TX=SET OBSTYPE DFLAT
11/14/2022 8:21 PM ResponseAcquisChC  RX=DONE
11/14/2022 8:21 PM ResponseAcquisChC  RX=DONE
11/14/2022 8:21 PM CommandAcquisChD  TX=SET EXPTIME 30.000000
11/14/2022 8:21 PM ResponseAcquisChD  RX=DONE
11/14/2022 8:21 PM CommandAcquisChD  TX=SET #FRAMES 50.000000
11/14/2022 8:21 PM ResponseAcquisChD  RX=DONE
11/14/2022 8:21 PM CommandAcquisChD  TX=SET #CUBES 1.0000 
11/14/2022 8:21 PM ResponseAcquisChD  RX=DONE
11/14/2022 8:21 PM CommandAcquisChD  TX=SET SUFFIX dflat
11/14/2022 8:21 PM ResponseAcquisChD  RX=DONE
11/14/2022 8:21 PM CommandAcquisChD  TX=SET OBSTYPE DFLAT
11/14/2022 8:21 PM ResponseAcquisChD  RX=DONE
11/14/2022 8:21 PM CommandAcquisChA  TX=EXPOSE
11/14/2022 8:21 PM CommandAcquisChB  TX=EXPOSE
11/14/2022 8:21 PM CommandAcquisChC  TX=EXPOSE
11/14/2022 8:21 PM CommandAcquisChD  TX=EXPOSE
