8/22/2022 5:10 PM CommandAcquisChA  TX=WRITE_SETUP {"ACQUISITION_MODE":3,"TRIGGER_MODE":6,"READ_MODE":4,"PREAMP":0,"READOUT_RATE":0,"VERTICAL_SHIFT_SPEED":3,"EM_MODE":1,"EM_GAIN":2,"SHUTTER_MODE":2,"SHUTTER_TTL":0,"SHUTTER_OPENING_TIME":1,"SHUTTER_CLOSING_TIME":1,"VBIN":1,"HBIN":1,"INITIAL_LINE":1,"INITIAL_COLUMN":1,"FINAL_LINE":1024,"FINAL_COLUMN":1024,"FRAME_TRANSFER":true,"VERTICAL_CLOCK_VOLTAGE":0,"AD_CHANNEL":0}
8/22/2022 5:10 PM CommandAcquisChB  TX=WRITE_SETUP {"ACQUISITION_MODE":3,"TRIGGER_MODE":1,"READ_MODE":0,"PREAMP":0,"READOUT_RATE":0,"VERTICAL_SHIFT_SPEED":0,"EM_MODE":1,"EM_GAIN":2,"SHUTTER_MODE":2,"SHUTTER_TTL":0,"SHUTTER_OPENING_TIME":1,"SHUTTER_CLOSING_TIME":1,"VBIN":1,"HBIN":1,"INITIAL_LINE":1,"INITIAL_COLUMN":1,"FINAL_LINE":1024,"FINAL_COLUMN":1024,"FRAME_TRANSFER":true,"VERTICAL_CLOCK_VOLTAGE":0,"AD_CHANNEL":0}
8/22/2022 5:10 PM CommandAcquisChC  TX=WRITE_SETUP {"ACQUISITION_MODE":3,"TRIGGER_MODE":1,"READ_MODE":0,"PREAMP":0,"READOUT_RATE":0,"VERTICAL_SHIFT_SPEED":0,"EM_MODE":1,"EM_GAIN":2,"SHUTTER_MODE":2,"SHUTTER_TTL":0,"SHUTTER_OPENING_TIME":1,"SHUTTER_CLOSING_TIME":1,"VBIN":1,"HBIN":1,"INITIAL_LINE":1,"INITIAL_COLUMN":1,"FINAL_LINE":1024,"FINAL_COLUMN":1024,"FRAME_TRANSFER":true,"VERTICAL_CLOCK_VOLTAGE":0,"AD_CHANNEL":0}
8/22/2022 5:10 PM CommandAcquisChD  TX=WRITE_SETUP {"ACQUISITION_MODE":3,"TRIGGER_MODE":0,"READ_MODE":0,"PREAMP":0,"READOUT_RATE":0,"VERTICAL_SHIFT_SPEED":3,"EM_MODE":1,"EM_GAIN":2,"SHUTTER_MODE":2,"SHUTTER_TTL":0,"SHUTTER_OPENING_TIME":1,"SHUTTER_CLOSING_TIME":1,"VBIN":1,"HBIN":1,"INITIAL_LINE":1,"INITIAL_COLUMN":1,"FINAL_LINE":1024,"FINAL_COLUMN":1024,"FRAME_TRANSFER":true,"VERTICAL_CLOCK_VOLTAGE":0,"AD_CHANNEL":0}
8/22/2022 5:10 PM CommandSyncBox  TX=ADELAY 0m

8/22/2022 5:10 PM ResponseSyncBox  RX=OK

8/22/2022 5:10 PM CommandSyncBox  TX=BDELAY 0m

8/22/2022 5:10 PM ResponseSyncBox  RX=OK

8/22/2022 5:10 PM CommandSyncBox  TX=CDELAY 0m

8/22/2022 5:10 PM ResponseSyncBox  RX=OK

8/22/2022 5:10 PM CommandSyncBox  TX=DDELAY 0m

8/22/2022 5:10 PM ResponseSyncBox  RX=OK

8/22/2022 5:10 PM CommandSyncBox  TX=AWIDTH 200m

8/22/2022 5:10 PM ResponseSyncBox  RX=OK

8/22/2022 5:10 PM CommandSyncBox  TX=BWIDTH 200m

8/22/2022 5:10 PM ResponseSyncBox  RX=OK

8/22/2022 5:10 PM CommandSyncBox  TX=CWIDTH 200m

8/22/2022 5:10 PM ResponseSyncBox  RX=OK

8/22/2022 5:10 PM CommandSyncBox  TX=DWIDTH 200m

8/22/2022 5:10 PM ResponseSyncBox  RX=OK

8/22/2022 5:10 PM CommandSyncBox  TX=aset on

8/22/2022 5:10 PM ResponseSyncBox  RX=OK

8/22/2022 5:10 PM CommandSyncBox  TX=bset on

8/22/2022 5:10 PM ResponseSyncBox  RX=OK

8/22/2022 5:10 PM CommandSyncBox  TX=cset on

8/22/2022 5:10 PM ResponseSyncBox  RX=OK

8/22/2022 5:10 PM CommandSyncBox  TX=dset on

8/22/2022 5:10 PM ResponseSyncBox  RX=OK

8/22/2022 5:10 PM CommandSyncBox  TX=IN

8/22/2022 5:10 PM ResponseSyncBox  RX=OK

8/22/2022 5:10 PM CommandAcquisChA  TX=READ_SETUP 
8/22/2022 5:10 PM CommandAcquisChB  TX=READ_SETUP 
8/22/2022 5:10 PM CommandAcquisChC  TX=READ_SETUP 
8/22/2022 5:10 PM CommandAcquisChD  TX=READ_SETUP 
8/22/2022 5:10 PM ResponseAcquisChD  RX=CCD_SETUP {"PREAMP":0,"READOUT_RATE":0,"EM_GAIN":2,"VBIN":1,"INITIAL_LINE":1,"INITIAL_COLUMN":1,"FINAL_LINE":1024,"FINAL_COLUMN":1024,"TRIGGER_MODE":0,"HBIN":1,"SHUTTER_TTL":0,"SHUTTER_MODE":2,"SHUTTER_OPENING_TIME":1,"SHUTTER_CLOSING_TIME":1,"VERTICAL_SHIFT_SPEED":3,"READ_MODE":0,"FRAME_TRANSFER":true,"VERTICAL_CLOCK_VOLTAGE":0,"ACQUISITION_MODE":3,"AD_CHANNEL":0,"EM_MODE":1}
8/22/2022 5:10 PM CommandAcquisChD  TX=SET COOLER_POWER_STATUS 0
8/22/2022 5:10 PM ResponseAcquisChD  RX=DONE
8/22/2022 5:10 PM CommandAcquisChA  TX=SET COOLER_POWER_STATUS 0
8/22/2022 5:10 PM CommandAcquisChB  TX=SET COOLER_POWER_STATUS 0
8/22/2022 5:10 PM CommandAcquisChC  TX=SET COOLER_POWER_STATUS 0
8/22/2022 5:11 PM CommandAcquisChD  TX=WRITE_SETUP {"ACQUISITION_MODE":3,"TRIGGER_MODE":0,"READ_MODE":4,"PREAMP":0,"READOUT_RATE":0,"VERTICAL_SHIFT_SPEED":3,"EM_MODE":1,"EM_GAIN":2,"SHUTTER_MODE":2,"SHUTTER_TTL":0,"SHUTTER_OPENING_TIME":1,"SHUTTER_CLOSING_TIME":1,"VBIN":1,"HBIN":1,"INITIAL_LINE":1,"INITIAL_COLUMN":1,"FINAL_LINE":1024,"FINAL_COLUMN":1024,"FRAME_TRANSFER":true,"VERTICAL_CLOCK_VOLTAGE":0,"AD_CHANNEL":0}
8/22/2022 5:11 PM CommandAcquisChD  TX=WRITE_SETUP {"ACQUISITION_MODE":3,"TRIGGER_MODE":0,"READ_MODE":4,"PREAMP":0,"READOUT_RATE":0,"VERTICAL_SHIFT_SPEED":3,"EM_MODE":1,"EM_GAIN":2,"SHUTTER_MODE":2,"SHUTTER_TTL":0,"SHUTTER_OPENING_TIME":1,"SHUTTER_CLOSING_TIME":1,"VBIN":1,"HBIN":1,"INITIAL_LINE":1,"INITIAL_COLUMN":1,"FINAL_LINE":1024,"FINAL_COLUMN":1024,"FRAME_TRANSFER":true,"VERTICAL_CLOCK_VOLTAGE":0,"AD_CHANNEL":0}
8/22/2022 5:11 PM CommandAcquisChD  TX=READ_SETUP 
8/22/2022 5:11 PM ResponseAcquisChD  RX=CCD_SETUP {"PREAMP":0,"READOUT_RATE":0,"EM_GAIN":2,"VBIN":1,"INITIAL_LINE":1,"INITIAL_COLUMN":1,"FINAL_LINE":1024,"FINAL_COLUMN":1024,"TRIGGER_MODE":0,"HBIN":1,"SHUTTER_TTL":0,"SHUTTER_MODE":2,"SHUTTER_OPENING_TIME":1,"SHUTTER_CLOSING_TIME":1,"VERTICAL_SHIFT_SPEED":3,"READ_MODE":4,"FRAME_TRANSFER":true,"VERTICAL_CLOCK_VOLTAGE":0,"ACQUISITION_MODE":3,"AD_CHANNEL":0,"EM_MODE":1}
8/22/2022 5:11 PM CommandAcquisChD  TX=SET COOLER_POWER_STATUS 0
8/22/2022 5:11 PM ResponseAcquisChD  RX=DONE
8/22/2022 5:11 PM CommandAcquisChD  TX=WRITE_SETUP {"ACQUISITION_MODE":3,"TRIGGER_MODE":0,"READ_MODE":4,"PREAMP":0,"READOUT_RATE":0,"VERTICAL_SHIFT_SPEED":3,"EM_MODE":1,"EM_GAIN":2,"SHUTTER_MODE":2,"SHUTTER_TTL":0,"SHUTTER_OPENING_TIME":1,"SHUTTER_CLOSING_TIME":1,"VBIN":1,"HBIN":1,"INITIAL_LINE":1,"INITIAL_COLUMN":1,"FINAL_LINE":1024,"FINAL_COLUMN":1024,"FRAME_TRANSFER":true,"VERTICAL_CLOCK_VOLTAGE":0,"AD_CHANNEL":0}
8/22/2022 5:11 PM CommandAcquisChD  TX=READ_SETUP 
8/22/2022 5:11 PM ResponseAcquisChD  RX=CCD_SETUP {"PREAMP":0,"READOUT_RATE":0,"EM_GAIN":2,"VBIN":1,"INITIAL_LINE":1,"INITIAL_COLUMN":1,"FINAL_LINE":1024,"FINAL_COLUMN":1024,"TRIGGER_MODE":0,"HBIN":1,"SHUTTER_TTL":0,"SHUTTER_MODE":2,"SHUTTER_OPENING_TIME":1,"SHUTTER_CLOSING_TIME":1,"VERTICAL_SHIFT_SPEED":3,"READ_MODE":4,"FRAME_TRANSFER":true,"VERTICAL_CLOCK_VOLTAGE":0,"ACQUISITION_MODE":3,"AD_CHANNEL":0,"EM_MODE":1}
8/22/2022 5:11 PM CommandAcquisChD  TX=SET COOLER_POWER_STATUS 0
8/22/2022 5:11 PM ResponseAcquisChD  RX=DONE
8/22/2022 5:11 PM CommandAcquisChD  TX=SET EXPTIME 0.000010
8/22/2022 5:11 PM ResponseAcquisChD  RX=DONE
8/22/2022 5:11 PM CommandAcquisChD  TX=SET #FRAMES 10.000000
8/22/2022 5:11 PM CommandAcquisChD  TX=SET #CUBES 1.0000 
8/22/2022 5:11 PM ResponseAcquisChD  RX=DONE
8/22/2022 5:11 PM CommandAcquisChD  TX=SET SUFFIX ZERO
8/22/2022 5:11 PM ResponseAcquisChD  RX=DONE
8/22/2022 5:11 PM CommandAcquisChD  TX=SET OBSTYPE ZERO
8/22/2022 5:11 PM ResponseAcquisChD  RX=DONE
8/22/2022 5:11 PM ResponseAcquisChD  RX=DONE
8/22/2022 5:11 PM CommandSyncBox  TX=ADELAY 0m

8/22/2022 5:11 PM ResponseSyncBox  RX=OK

8/22/2022 5:11 PM CommandSyncBox  TX=BDELAY 0m

8/22/2022 5:11 PM ResponseSyncBox  RX=OK

8/22/2022 5:11 PM CommandSyncBox  TX=CDELAY 0m

8/22/2022 5:11 PM ResponseSyncBox  RX=OK

8/22/2022 5:11 PM CommandSyncBox  TX=DDELAY 0m

8/22/2022 5:11 PM ResponseSyncBox  RX=OK

8/22/2022 5:11 PM CommandSyncBox  TX=AWIDTH 200m

8/22/2022 5:11 PM ResponseSyncBox  RX=OK

8/22/2022 5:11 PM CommandSyncBox  TX=BWIDTH 200m

8/22/2022 5:11 PM ResponseSyncBox  RX=OK

8/22/2022 5:11 PM CommandSyncBox  TX=CWIDTH 200m

8/22/2022 5:11 PM ResponseSyncBox  RX=OK

8/22/2022 5:11 PM CommandSyncBox  TX=DWIDTH 200m

8/22/2022 5:11 PM ResponseSyncBox  RX=OK

8/22/2022 5:11 PM CommandSyncBox  TX=aset on

8/22/2022 5:11 PM ResponseSyncBox  RX=OK

8/22/2022 5:11 PM CommandSyncBox  TX=bset on

8/22/2022 5:11 PM ResponseSyncBox  RX=OK

8/22/2022 5:11 PM CommandSyncBox  TX=cset on

8/22/2022 5:11 PM ResponseSyncBox  RX=OK

8/22/2022 5:11 PM CommandSyncBox  TX=dset on

8/22/2022 5:11 PM ResponseSyncBox  RX=OK

8/22/2022 5:11 PM CommandSyncBox  TX=IN

8/22/2022 5:11 PM ResponseSyncBox  RX=OK

8/22/2022 5:11 PM CommandAcquisChD  TX=EXPOSE
8/22/2022 5:11 PM ResponseAcquisChD  RX=RETURNING_STATUS {"CUBE_EXPOSURE_TIME":0,"CUBES_DONE":0,"LAST_IMAGE_NAME":"","DISK_SPACE":0,"FRAMES_DONE":0,"CCD_STATUS":"IDLE","CURRENT_TEMPERATURE":20,"TEMPERATURE_STATUS":"TEMPERATURE_OFF","FRAME_EXPOSURE_TIME":0,"CCD_POWER_STATUS":true,"SERIAL_NUMBER":9917,"ACQUIRING":false}
8/22/2022 5:12 PM CommandSyncBox  TX=TRigger REmote

8/22/2022 5:12 PM ResponseSyncBox  RX=

     Highland Technology  Model T560  Digital Delay Generator

Firmware 28E560-D  02407                Cal date July 19, 2018      

Trig   REM  50R  Level 1.250   Div   0,000,000,000  SYN 00,010,000.00
Gate   OFF  POS  HIZ           Shots 0,000,000,270
Burst  OFF  N  0,000,000,016   of M  0,000,000,064

Verbos ON   Autoinstall FEOD   Usec 3,351,481,501  DPLL 00010
Clock  OUT  Trim 02166         Temp +49.1

Errs   None

Ch A  POS  ON     Dly  00.000,000,000,000  Wid  00.200,000,000,000
Ch B  POS  ON     Dly  00.000,000,000,000  Wid  00.200,000,000,000
Ch C  POS  ON     Dly  00.000,000,000,000  Wid  00.200,000,000,000
Ch D  POS  ON     Dly  00.000,000,000,000  Wid  00.200,000,000,000



8/22/2022 5:12 PM ResponseSyncBox  RX=OK

8/22/2022 5:12 PM CommandSyncBox  TX=IN

8/22/2022 5:12 PM ResponseSyncBox  RX=OK

8/22/2022 5:12 PM CommandSyncBox  TX=TRigger

8/22/2022 5:12 PM ResponseSyncBox  RX=Trig   REM  50R  Level 1.250   Div   0,000,000,000  SYN 00,010,000.00

8/22/2022 5:12 PM CommandSyncBox  TX=FIre

8/22/2022 5:12 PM ResponseSyncBox  RX=OK

8/22/2022 5:12 PM CommandAcquisChD  TX=SET EXPTIME 0.000010
8/22/2022 5:12 PM ResponseAcquisChD  RX=RETURNING_STATUS {"CUBE_EXPOSURE_TIME":0,"CUBES_DONE":0,"LAST_IMAGE_NAME":"","DISK_SPACE":0,"FRAMES_DONE":0,"CCD_STATUS":"IDLE","CURRENT_TEMPERATURE":18,"TEMPERATURE_STATUS":"TEMPERATURE_OFF","FRAME_EXPOSURE_TIME":0,"CCD_POWER_STATUS":true,"SERIAL_NUMBER":9915,"ACQUIRING":false}
8/22/2022 5:12 PM ResponseAcquisChD  RX=DONE
8/22/2022 5:12 PM CommandAcquisChD  TX=SET #FRAMES 10.000000
8/22/2022 5:12 PM CommandAcquisChD  TX=SET #CUBES 1.0000 
8/22/2022 5:12 PM ResponseAcquisChD  RX=DONE
8/22/2022 5:12 PM CommandAcquisChD  TX=SET SUFFIX ZERO
8/22/2022 5:12 PM ResponseAcquisChD  RX=DONE
8/22/2022 5:12 PM CommandAcquisChD  TX=SET OBSTYPE ZERO
8/22/2022 5:12 PM ResponseAcquisChD  RX=DONE
8/22/2022 5:12 PM ResponseAcquisChD  RX=DONE
8/22/2022 5:12 PM CommandSyncBox  TX=ADELAY 0m

8/22/2022 5:12 PM ResponseSyncBox  RX=

     Highland Technology  Model T560  Digital Delay Generator

Firmware 28E560-D  02407                Cal date July 19, 2018      

Trig   REM  50R  Level 1.250   Div   0,000,000,000  SYN 00,010,000.00
Gate   OFF  POS  HIZ           Shots 0,000,000,271
Burst  OFF  N  0,000,000,016   of M  0,000,000,064

Verbos ON   Autoinstall FEOD   Usec 3,366,440,836  DPLL 00010
Clock  OUT  Trim 02166         Temp +49.1

Errs   None

Ch A  POS  ON     Dly  00.000,000,000,000  Wid  00.200,000,000,000
Ch B  POS  ON     Dly  00.000,000,000,000  Wid  00.200,000,000,000
Ch C  POS  ON     Dly  00.000,000,000,000  Wid  00.200,000,000,000
Ch D  POS  ON     Dly  00.000,000,000,000  Wid  00.200,000,000,000



8/22/2022 5:12 PM ResponseSyncBox  RX=OK

8/22/2022 5:12 PM CommandSyncBox  TX=BDELAY 0m

8/22/2022 5:12 PM ResponseSyncBox  RX=OK

8/22/2022 5:12 PM CommandSyncBox  TX=CDELAY 0m

8/22/2022 5:12 PM ResponseSyncBox  RX=OK

8/22/2022 5:12 PM CommandSyncBox  TX=DDELAY 0m

8/22/2022 5:12 PM ResponseSyncBox  RX=OK

8/22/2022 5:12 PM CommandSyncBox  TX=AWIDTH 200m

8/22/2022 5:12 PM ResponseSyncBox  RX=OK

8/22/2022 5:12 PM CommandSyncBox  TX=BWIDTH 200m

8/22/2022 5:12 PM ResponseSyncBox  RX=OK

8/22/2022 5:12 PM CommandSyncBox  TX=CWIDTH 200m

8/22/2022 5:12 PM ResponseSyncBox  RX=OK

8/22/2022 5:12 PM CommandSyncBox  TX=DWIDTH 200m

8/22/2022 5:12 PM ResponseSyncBox  RX=OK

8/22/2022 5:12 PM CommandSyncBox  TX=aset on

8/22/2022 5:12 PM ResponseSyncBox  RX=OK

8/22/2022 5:12 PM CommandSyncBox  TX=bset on

8/22/2022 5:12 PM ResponseSyncBox  RX=OK

8/22/2022 5:12 PM CommandSyncBox  TX=cset on

8/22/2022 5:12 PM ResponseSyncBox  RX=OK

8/22/2022 5:12 PM CommandSyncBox  TX=dset on

8/22/2022 5:12 PM ResponseSyncBox  RX=OK

8/22/2022 5:12 PM CommandSyncBox  TX=IN

8/22/2022 5:12 PM ResponseSyncBox  RX=OK

8/22/2022 5:12 PM CommandAcquisChD  TX=EXPOSE
8/22/2022 5:13 PM CommandAcquisChD  TX=WRITE_SETUP {"ACQUISITION_MODE":3,"TRIGGER_MODE":0,"READ_MODE":4,"PREAMP":0,"READOUT_RATE":0,"VERTICAL_SHIFT_SPEED":3,"EM_MODE":1,"EM_GAIN":2,"SHUTTER_MODE":2,"SHUTTER_TTL":0,"SHUTTER_OPENING_TIME":1,"SHUTTER_CLOSING_TIME":1,"VBIN":1,"HBIN":1,"INITIAL_LINE":1,"INITIAL_COLUMN":1,"FINAL_LINE":1024,"FINAL_COLUMN":1024,"FRAME_TRANSFER":true,"VERTICAL_CLOCK_VOLTAGE":0,"AD_CHANNEL":0}
8/22/2022 5:13 PM CommandAcquisChD  TX=READ_SETUP 
8/22/2022 5:13 PM ResponseAcquisChD  RX=CCD_SETUP {"PREAMP":0,"READOUT_RATE":0,"EM_GAIN":2,"VBIN":1,"INITIAL_LINE":1,"INITIAL_COLUMN":1,"FINAL_LINE":1024,"FINAL_COLUMN":1024,"TRIGGER_MODE":0,"HBIN":1,"SHUTTER_TTL":0,"SHUTTER_MODE":2,"SHUTTER_OPENING_TIME":1,"SHUTTER_CLOSING_TIME":1,"VERTICAL_SHIFT_SPEED":3,"READ_MODE":4,"FRAME_TRANSFER":true,"VERTICAL_CLOCK_VOLTAGE":0,"ACQUISITION_MODE":3,"AD_CHANNEL":0,"EM_MODE":1}
8/22/2022 5:13 PM CommandAcquisChD  TX=SET COOLER_POWER_STATUS 0
8/22/2022 5:13 PM ResponseAcquisChD  RX=DONE
8/22/2022 5:13 PM CommandAcquisChA  TX=ABORT_ACQUISITION
8/22/2022 5:13 PM CommandAcquisChB  TX=ABORT_ACQUISITION
8/22/2022 5:13 PM CommandAcquisChC  TX=ABORT_ACQUISITION
8/22/2022 5:13 PM CommandAcquisChD  TX=ABORT_ACQUISITION
8/22/2022 5:13 PM CommandInstrument  TX=S4ICS WPROT STOP NONE,WPSEL NONE NONE,GMIR NONE NONE,GFOC NONE NONE,CALW NONE NONE,ASEL NONE NONE

8/22/2022 5:13 PM ResponseInstrument  RX=WPSEL SIMULATED BUSY 80 OFF 1, WPROT SIMULATED ACK 30 HOME 0, CALW SIMULATED READY 0.0 OFF 1, ASEL SIMULATED READY 0.0 OFF 1, GMIR SIMULATED READY 0.0 HOME 0, GFOC SIMULATED READY 0.0 HOME 0

8/22/2022 5:13 PM CommandAcquisChD  TX=SET EXPTIME 0.000010
8/22/2022 5:13 PM ResponseAcquisChD  RX=DONE
8/22/2022 5:13 PM CommandAcquisChD  TX=SET #FRAMES 10.000000
8/22/2022 5:13 PM CommandAcquisChD  TX=SET #CUBES 1.0000 
8/22/2022 5:13 PM ResponseAcquisChD  RX=DONE
8/22/2022 5:13 PM CommandAcquisChD  TX=SET SUFFIX ZERO
8/22/2022 5:13 PM ResponseAcquisChD  RX=DONE
8/22/2022 5:13 PM CommandAcquisChD  TX=SET OBSTYPE ZERO
8/22/2022 5:13 PM ResponseAcquisChD  RX=DONE
8/22/2022 5:13 PM ResponseAcquisChD  RX=DONE
8/22/2022 5:13 PM CommandSyncBox  TX=ADELAY 0m

8/22/2022 5:13 PM ResponseSyncBox  RX=OK

8/22/2022 5:13 PM CommandSyncBox  TX=BDELAY 0m

8/22/2022 5:13 PM ResponseSyncBox  RX=OK

8/22/2022 5:13 PM CommandSyncBox  TX=CDELAY 0m

8/22/2022 5:13 PM ResponseSyncBox  RX=OK

8/22/2022 5:13 PM CommandSyncBox  TX=DDELAY 0m

8/22/2022 5:13 PM ResponseSyncBox  RX=OK

8/22/2022 5:13 PM CommandSyncBox  TX=AWIDTH 200m

8/22/2022 5:13 PM ResponseSyncBox  RX=OK

8/22/2022 5:13 PM CommandSyncBox  TX=BWIDTH 200m

8/22/2022 5:13 PM ResponseSyncBox  RX=OK

8/22/2022 5:13 PM CommandSyncBox  TX=CWIDTH 200m

8/22/2022 5:13 PM ResponseSyncBox  RX=OK

8/22/2022 5:13 PM CommandSyncBox  TX=DWIDTH 200m

8/22/2022 5:13 PM ResponseSyncBox  RX=OK

8/22/2022 5:13 PM CommandSyncBox  TX=aset on

8/22/2022 5:13 PM ResponseSyncBox  RX=OK

8/22/2022 5:13 PM CommandSyncBox  TX=bset on

8/22/2022 5:13 PM ResponseSyncBox  RX=OK

8/22/2022 5:13 PM CommandSyncBox  TX=cset on

8/22/2022 5:13 PM ResponseSyncBox  RX=OK

8/22/2022 5:13 PM CommandSyncBox  TX=dset on

8/22/2022 5:13 PM ResponseSyncBox  RX=OK

8/22/2022 5:13 PM CommandSyncBox  TX=IN

8/22/2022 5:13 PM ResponseSyncBox  RX=OK

8/22/2022 5:13 PM CommandAcquisChD  TX=EXPOSE
8/22/2022 5:20 PM CommandInstrument  TX=S4ICS WPROT STOP NONE,WPSEL NONE NONE,GMIR NONE NONE,GFOC NONE NONE,CALW NONE NONE,ASEL NONE NONE

8/22/2022 5:20 PM ResponseInstrument  RX=WPSEL SIMULATED BUSY 80 OFF 1, WPROT SIMULATED ACK 30 HOME 0, CALW SIMULATED READY 0.0 OFF 1, ASEL SIMULATED READY 0.0 OFF 1, GMIR SIMULATED READY 0.0 HOME 0, GFOC SIMULATED READY 0.0 HOME 0

8/22/2022 5:21 PM CommandAcquisChD  TX=WRITE_SETUP {"ACQUISITION_MODE":3,"TRIGGER_MODE":0,"READ_MODE":4,"PREAMP":0,"READOUT_RATE":0,"VERTICAL_SHIFT_SPEED":3,"EM_MODE":1,"EM_GAIN":2,"SHUTTER_MODE":2,"SHUTTER_TTL":0,"SHUTTER_OPENING_TIME":1,"SHUTTER_CLOSING_TIME":1,"VBIN":1,"HBIN":1,"INITIAL_LINE":1,"INITIAL_COLUMN":1,"FINAL_LINE":1024,"FINAL_COLUMN":1024,"FRAME_TRANSFER":true,"VERTICAL_CLOCK_VOLTAGE":0,"AD_CHANNEL":0}
8/22/2022 5:21 PM CommandAcquisChD  TX=READ_SETUP 
8/22/2022 5:21 PM ResponseAcquisChD  RX=CCD_SETUP {"PREAMP":0,"READOUT_RATE":0,"EM_GAIN":2,"VBIN":1,"INITIAL_LINE":1,"INITIAL_COLUMN":1,"FINAL_LINE":1024,"FINAL_COLUMN":1024,"TRIGGER_MODE":0,"HBIN":1,"SHUTTER_TTL":0,"SHUTTER_MODE":2,"SHUTTER_OPENING_TIME":1,"SHUTTER_CLOSING_TIME":1,"VERTICAL_SHIFT_SPEED":3,"READ_MODE":4,"FRAME_TRANSFER":true,"VERTICAL_CLOCK_VOLTAGE":0,"ACQUISITION_MODE":3,"AD_CHANNEL":0,"EM_MODE":1}
8/22/2022 5:21 PM CommandAcquisChD  TX=SET COOLER_POWER_STATUS 0
8/22/2022 5:21 PM ResponseAcquisChD  RX=DONE
8/22/2022 5:21 PM CommandAcquisChD  TX=SET EXPTIME 0.500000
8/22/2022 5:21 PM ResponseAcquisChD  RX=RETURNING_STATUS {"CUBE_EXPOSURE_TIME":9.9999997473787516356e-05,"CUBES_DONE":1,"LAST_IMAGE_NAME":"20220822_s4c4_ZERO_000010.fits","DISK_SPACE":0,"FRAMES_DONE":10,"CCD_STATUS":"IDLE","CURRENT_TEMPERATURE":19,"TEMPERATURE_STATUS":"TEMPERATURE_OFF","FRAME_EXPOSURE_TIME":0,"CCD_POWER_STATUS":true,"SERIAL_NUMBER":9915,"ACQUIRING":false}
8/22/2022 5:21 PM ResponseAcquisChD  RX=DONE
8/22/2022 5:21 PM CommandAcquisChD  TX=SET #FRAMES 10.000000
8/22/2022 5:21 PM CommandAcquisChD  TX=SET #CUBES 1.0000 
8/22/2022 5:21 PM ResponseAcquisChD  RX=DONE
8/22/2022 5:21 PM CommandAcquisChD  TX=SET SUFFIX DARK
8/22/2022 5:21 PM ResponseAcquisChD  RX=DONE
8/22/2022 5:21 PM CommandAcquisChD  TX=SET OBSTYPE DARK
8/22/2022 5:21 PM ResponseAcquisChD  RX=DONE
8/22/2022 5:21 PM ResponseAcquisChD  RX=DONE
8/22/2022 5:21 PM CommandSyncBox  TX=ADELAY 0m

8/22/2022 5:21 PM ResponseSyncBox  RX=OK

8/22/2022 5:21 PM CommandSyncBox  TX=BDELAY 0m

8/22/2022 5:21 PM ResponseSyncBox  RX=OK

8/22/2022 5:21 PM CommandSyncBox  TX=CDELAY 0m

8/22/2022 5:21 PM ResponseSyncBox  RX=OK

8/22/2022 5:21 PM CommandSyncBox  TX=DDELAY 0m

8/22/2022 5:21 PM ResponseSyncBox  RX=OK

8/22/2022 5:21 PM CommandSyncBox  TX=AWIDTH 200m

8/22/2022 5:21 PM ResponseSyncBox  RX=OK

8/22/2022 5:21 PM CommandSyncBox  TX=BWIDTH 200m

8/22/2022 5:21 PM ResponseSyncBox  RX=OK

8/22/2022 5:21 PM CommandSyncBox  TX=CWIDTH 200m

8/22/2022 5:21 PM ResponseSyncBox  RX=OK

8/22/2022 5:21 PM CommandSyncBox  TX=DWIDTH 200m

8/22/2022 5:21 PM ResponseSyncBox  RX=OK

8/22/2022 5:21 PM CommandSyncBox  TX=aset on

8/22/2022 5:21 PM ResponseSyncBox  RX=OK

8/22/2022 5:21 PM CommandSyncBox  TX=bset on

8/22/2022 5:21 PM ResponseSyncBox  RX=OK

8/22/2022 5:21 PM CommandSyncBox  TX=cset on

8/22/2022 5:21 PM ResponseSyncBox  RX=OK

8/22/2022 5:21 PM CommandSyncBox  TX=dset on

8/22/2022 5:21 PM ResponseSyncBox  RX=OK

8/22/2022 5:21 PM CommandSyncBox  TX=IN

8/22/2022 5:21 PM ResponseSyncBox  RX=OK

8/22/2022 5:21 PM CommandAcquisChD  TX=EXPOSE
8/22/2022 5:21 PM CommandSyncBox  TX=TRigger REmote

8/22/2022 5:21 PM ResponseSyncBox  RX=

     Highland Technology  Model T560  Digital Delay Generator

Firmware 28E560-D  02407                Cal date July 19, 2018      

Trig   REM  50R  Level 1.250   Div   0,000,000,000  SYN 00,010,000.00
Gate   OFF  POS  HIZ           Shots 0,000,000,271
Burst  OFF  N  0,000,000,016   of M  0,000,000,064

Verbos ON   Autoinstall FEOD   Usec 3,892,560,337  DPLL 00010
Clock  OUT  Trim 02166         Temp +49.1

Errs   None

Ch A  POS  ON     Dly  00.000,000,000,000  Wid  00.200,000,000,000
Ch B  POS  ON     Dly  00.000,000,000,000  Wid  00.200,000,000,000
Ch C  POS  ON     Dly  00.000,000,000,000  Wid  00.200,000,000,000
Ch D  POS  ON     Dly  00.000,000,000,000  Wid  00.200,000,000,000



8/22/2022 5:21 PM ResponseSyncBox  RX=OK

8/22/2022 5:21 PM CommandSyncBox  TX=IN

8/22/2022 5:21 PM ResponseSyncBox  RX=OK

8/22/2022 5:21 PM CommandSyncBox  TX=TRigger

8/22/2022 5:21 PM ResponseSyncBox  RX=Trig   REM  50R  Level 1.250   Div   0,000,000,000  SYN 00,010,000.00

8/22/2022 5:21 PM CommandSyncBox  TX=FIre

8/22/2022 5:21 PM ResponseSyncBox  RX=OK

8/22/2022 5:21 PM CommandAcquisChD  TX=SET EXPTIME 2.000000
8/22/2022 5:21 PM ResponseAcquisChD  RX=RETURNING_STATUS {"CUBE_EXPOSURE_TIME":5,"CUBES_DONE":1,"LAST_IMAGE_NAME":"20220822_s4c4_DARK_000020.fits","DISK_SPACE":0,"FRAMES_DONE":10,"CCD_STATUS":"IDLE","CURRENT_TEMPERATURE":19,"TEMPERATURE_STATUS":"TEMPERATURE_OFF","FRAME_EXPOSURE_TIME":0,"CCD_POWER_STATUS":true,"SERIAL_NUMBER":9915,"ACQUIRING":false}
8/22/2022 5:21 PM ResponseAcquisChD  RX=DONE
8/22/2022 5:21 PM CommandAcquisChD  TX=SET #FRAMES 6.000000
8/22/2022 5:21 PM CommandAcquisChD  TX=SET #CUBES 1.0000 
8/22/2022 5:21 PM ResponseAcquisChD  RX=DONE
8/22/2022 5:21 PM CommandAcquisChD  TX=SET SUFFIX DARK
8/22/2022 5:21 PM ResponseAcquisChD  RX=DONE
8/22/2022 5:21 PM CommandAcquisChD  TX=SET OBSTYPE DARK
8/22/2022 5:21 PM ResponseAcquisChD  RX=DONE
8/22/2022 5:21 PM ResponseAcquisChD  RX=DONE
8/22/2022 5:21 PM CommandSyncBox  TX=ADELAY 0m

8/22/2022 5:21 PM ResponseSyncBox  RX=OK

8/22/2022 5:21 PM CommandSyncBox  TX=BDELAY 0m

8/22/2022 5:21 PM ResponseSyncBox  RX=OK

8/22/2022 5:21 PM CommandSyncBox  TX=CDELAY 0m

8/22/2022 5:21 PM ResponseSyncBox  RX=OK

8/22/2022 5:21 PM CommandSyncBox  TX=DDELAY 0m

8/22/2022 5:21 PM ResponseSyncBox  RX=OK

8/22/2022 5:21 PM CommandSyncBox  TX=AWIDTH 200m

8/22/2022 5:21 PM ResponseSyncBox  RX=OK

8/22/2022 5:21 PM CommandSyncBox  TX=BWIDTH 200m

8/22/2022 5:21 PM ResponseSyncBox  RX=OK

8/22/2022 5:21 PM CommandSyncBox  TX=CWIDTH 200m

8/22/2022 5:21 PM ResponseSyncBox  RX=OK

8/22/2022 5:21 PM CommandSyncBox  TX=DWIDTH 200m

8/22/2022 5:21 PM ResponseSyncBox  RX=OK

8/22/2022 5:21 PM CommandSyncBox  TX=aset on

8/22/2022 5:21 PM ResponseSyncBox  RX=OK

8/22/2022 5:21 PM CommandSyncBox  TX=bset on

8/22/2022 5:21 PM ResponseSyncBox  RX=OK

8/22/2022 5:21 PM CommandSyncBox  TX=cset on

8/22/2022 5:21 PM ResponseSyncBox  RX=OK

8/22/2022 5:21 PM CommandSyncBox  TX=dset on

8/22/2022 5:21 PM ResponseSyncBox  RX=OK

8/22/2022 5:21 PM CommandSyncBox  TX=IN

8/22/2022 5:21 PM ResponseSyncBox  RX=OK

8/22/2022 5:21 PM CommandAcquisChD  TX=EXPOSE
8/22/2022 5:21 PM CommandSyncBox  TX=TRigger REmote

8/22/2022 5:21 PM ResponseSyncBox  RX=

     Highland Technology  Model T560  Digital Delay Generator

Firmware 28E560-D  02407                Cal date July 19, 2018      

Trig   REM  50R  Level 1.250   Div   0,000,000,000  SYN 00,010,000.00
Gate   OFF  POS  HIZ           Shots 0,000,000,272
Burst  OFF  N  0,000,000,016   of M  0,000,000,064

Verbos ON   Autoinstall FEOD   Usec 3,921,609,603  DPLL 00010
Clock  OUT  Trim 02166         Temp +49.1

Errs   None

Ch A  POS  ON     Dly  00.000,000,000,000  Wid  00.200,000,000,000
Ch B  POS  ON     Dly  00.000,000,000,000  Wid  00.200,000,000,000
Ch C  POS  ON     Dly  00.000,000,000,000  Wid  00.200,000,000,000
Ch D  POS  ON     Dly  00.000,000,000,000  Wid  00.200,000,000,000



8/22/2022 5:21 PM ResponseSyncBox  RX=OK

8/22/2022 5:21 PM CommandSyncBox  TX=IN

8/22/2022 5:21 PM ResponseSyncBox  RX=OK

8/22/2022 5:21 PM CommandSyncBox  TX=TRigger

8/22/2022 5:21 PM ResponseSyncBox  RX=Trig   REM  50R  Level 1.250   Div   0,000,000,000  SYN 00,010,000.00

8/22/2022 5:21 PM CommandSyncBox  TX=FIre

8/22/2022 5:21 PM ResponseSyncBox  RX=OK

8/22/2022 5:22 PM CommandAcquisChD  TX=WRITE_SETUP {"ACQUISITION_MODE":3,"TRIGGER_MODE":6,"READ_MODE":4,"PREAMP":0,"READOUT_RATE":0,"VERTICAL_SHIFT_SPEED":3,"EM_MODE":1,"EM_GAIN":2,"SHUTTER_MODE":2,"SHUTTER_TTL":0,"SHUTTER_OPENING_TIME":1,"SHUTTER_CLOSING_TIME":1,"VBIN":1,"HBIN":1,"INITIAL_LINE":1,"INITIAL_COLUMN":1,"FINAL_LINE":1024,"FINAL_COLUMN":1024,"FRAME_TRANSFER":true,"VERTICAL_CLOCK_VOLTAGE":0,"AD_CHANNEL":0}
8/22/2022 5:22 PM ResponseAcquisChD  RX=RETURNING_STATUS {"CUBE_EXPOSURE_TIME":12,"CUBES_DONE":1,"LAST_IMAGE_NAME":"20220822_s4c4_DARK_000026.fits","DISK_SPACE":0,"FRAMES_DONE":6,"CCD_STATUS":"IDLE","CURRENT_TEMPERATURE":19,"TEMPERATURE_STATUS":"TEMPERATURE_OFF","FRAME_EXPOSURE_TIME":2,"CCD_POWER_STATUS":true,"SERIAL_NUMBER":9915,"ACQUIRING":false}
8/22/2022 5:22 PM CommandAcquisChD  TX=WRITE_SETUP {"ACQUISITION_MODE":3,"TRIGGER_MODE":6,"READ_MODE":4,"PREAMP":0,"READOUT_RATE":0,"VERTICAL_SHIFT_SPEED":3,"EM_MODE":1,"EM_GAIN":2,"SHUTTER_MODE":2,"SHUTTER_TTL":0,"SHUTTER_OPENING_TIME":1,"SHUTTER_CLOSING_TIME":1,"VBIN":1,"HBIN":1,"INITIAL_LINE":1,"INITIAL_COLUMN":1,"FINAL_LINE":1024,"FINAL_COLUMN":1024,"FRAME_TRANSFER":true,"VERTICAL_CLOCK_VOLTAGE":0,"AD_CHANNEL":0}
8/22/2022 5:22 PM CommandAcquisChD  TX=READ_SETUP 
8/22/2022 5:22 PM ResponseAcquisChD  RX=CCD_SETUP {"PREAMP":0,"READOUT_RATE":0,"EM_GAIN":2,"VBIN":1,"INITIAL_LINE":1,"INITIAL_COLUMN":1,"FINAL_LINE":1024,"FINAL_COLUMN":1024,"TRIGGER_MODE":6,"HBIN":1,"SHUTTER_TTL":0,"SHUTTER_MODE":2,"SHUTTER_OPENING_TIME":1,"SHUTTER_CLOSING_TIME":1,"VERTICAL_SHIFT_SPEED":3,"READ_MODE":4,"FRAME_TRANSFER":true,"VERTICAL_CLOCK_VOLTAGE":0,"ACQUISITION_MODE":3,"AD_CHANNEL":0,"EM_MODE":1}
8/22/2022 5:22 PM CommandAcquisChD  TX=SET COOLER_POWER_STATUS 0
8/22/2022 5:22 PM ResponseAcquisChD  RX=DONE
8/22/2022 5:22 PM CommandAcquisChD  TX=SET EXPTIME 2.000000
8/22/2022 5:22 PM ResponseAcquisChD  RX=RETURNING_STATUS {"CUBE_EXPOSURE_TIME":12,"CUBES_DONE":1,"LAST_IMAGE_NAME":"20220822_s4c4_DARK_000026.fits","DISK_SPACE":0,"FRAMES_DONE":6,"CCD_STATUS":"IDLE","CURRENT_TEMPERATURE":19,"TEMPERATURE_STATUS":"TEMPERATURE_OFF","FRAME_EXPOSURE_TIME":2,"CCD_POWER_STATUS":true,"SERIAL_NUMBER":9915,"ACQUIRING":false}
8/22/2022 5:22 PM ResponseAcquisChD  RX=DONE
8/22/2022 5:22 PM CommandAcquisChD  TX=SET #FRAMES 6.000000
8/22/2022 5:22 PM CommandAcquisChD  TX=SET #CUBES 1.0000 
8/22/2022 5:22 PM ResponseAcquisChD  RX=DONE
8/22/2022 5:22 PM CommandAcquisChD  TX=SET SUFFIX DARK
8/22/2022 5:22 PM ResponseAcquisChD  RX=DONE
8/22/2022 5:22 PM CommandAcquisChD  TX=SET OBSTYPE DARK
8/22/2022 5:22 PM ResponseAcquisChD  RX=DONE
8/22/2022 5:22 PM ResponseAcquisChD  RX=DONE
8/22/2022 5:22 PM CommandSyncBox  TX=ADELAY 0m

8/22/2022 5:22 PM ResponseSyncBox  RX=OK

8/22/2022 5:22 PM CommandSyncBox  TX=BDELAY 0m

8/22/2022 5:22 PM ResponseSyncBox  RX=OK

8/22/2022 5:22 PM CommandSyncBox  TX=CDELAY 0m

8/22/2022 5:22 PM ResponseSyncBox  RX=OK

8/22/2022 5:22 PM CommandSyncBox  TX=DDELAY 0m

8/22/2022 5:22 PM ResponseSyncBox  RX=OK

8/22/2022 5:22 PM CommandSyncBox  TX=AWIDTH 200m

8/22/2022 5:22 PM ResponseSyncBox  RX=OK

8/22/2022 5:22 PM CommandSyncBox  TX=BWIDTH 200m

8/22/2022 5:22 PM ResponseSyncBox  RX=OK

8/22/2022 5:22 PM CommandSyncBox  TX=CWIDTH 200m

8/22/2022 5:22 PM ResponseSyncBox  RX=OK

8/22/2022 5:22 PM CommandSyncBox  TX=DWIDTH 200m

8/22/2022 5:22 PM ResponseSyncBox  RX=OK

8/22/2022 5:22 PM CommandSyncBox  TX=aset on

8/22/2022 5:22 PM ResponseSyncBox  RX=OK

8/22/2022 5:22 PM CommandSyncBox  TX=bset on

8/22/2022 5:22 PM ResponseSyncBox  RX=OK

8/22/2022 5:22 PM CommandSyncBox  TX=cset on

8/22/2022 5:22 PM ResponseSyncBox  RX=OK

8/22/2022 5:22 PM CommandSyncBox  TX=dset on

8/22/2022 5:22 PM ResponseSyncBox  RX=OK

8/22/2022 5:22 PM CommandSyncBox  TX=IN

8/22/2022 5:22 PM ResponseSyncBox  RX=OK

8/22/2022 5:22 PM CommandAcquisChD  TX=EXPOSE
8/22/2022 5:22 PM CommandSyncBox  TX=FIre

8/22/2022 5:22 PM ResponseSyncBox  RX=OK

8/22/2022 5:23 PM CommandInstrument  TX=S4ICS WPROT STOP NONE,WPSEL NONE NONE,GMIR NONE NONE,GFOC NONE NONE,CALW NONE NONE,ASEL NONE NONE

8/22/2022 5:23 PM ResponseInstrument  RX=WPSEL SIMULATED BUSY 80 OFF 1, WPROT SIMULATED ACK 30 HOME 0, CALW SIMULATED READY 0.0 OFF 1, ASEL SIMULATED READY 0.0 OFF 1, GMIR SIMULATED READY 0.0 HOME 0, GFOC SIMULATED READY 0.0 HOME 0

8/22/2022 5:23 PM CommandAcquisChD  TX=SET EXPTIME 2.000000
8/22/2022 5:23 PM ResponseAcquisChD  RX=DONE
8/22/2022 5:23 PM CommandAcquisChD  TX=SET #FRAMES 6.000000
8/22/2022 5:23 PM ResponseAcquisChD  RX=DONE
8/22/2022 5:23 PM CommandAcquisChD  TX=SET #CUBES 1.0000 
8/22/2022 5:23 PM CommandAcquisChD  TX=SET SUFFIX DARK
8/22/2022 5:23 PM ResponseAcquisChD  RX=DONE
8/22/2022 5:23 PM CommandAcquisChD  TX=SET OBSTYPE DARK
8/22/2022 5:23 PM ResponseAcquisChD  RX=DONE
8/22/2022 5:23 PM ResponseAcquisChD  RX=DONE
8/22/2022 5:23 PM CommandSyncBox  TX=ADELAY 0m

8/22/2022 5:23 PM ResponseSyncBox  RX=OK

8/22/2022 5:23 PM CommandSyncBox  TX=BDELAY 0m

8/22/2022 5:23 PM ResponseSyncBox  RX=OK

8/22/2022 5:23 PM CommandSyncBox  TX=CDELAY 0m

8/22/2022 5:23 PM ResponseSyncBox  RX=OK

8/22/2022 5:23 PM CommandSyncBox  TX=DDELAY 0m

8/22/2022 5:23 PM ResponseSyncBox  RX=OK

8/22/2022 5:23 PM CommandSyncBox  TX=AWIDTH 200m

8/22/2022 5:23 PM ResponseSyncBox  RX=OK

8/22/2022 5:23 PM CommandSyncBox  TX=BWIDTH 200m

8/22/2022 5:23 PM ResponseSyncBox  RX=OK

8/22/2022 5:23 PM CommandSyncBox  TX=CWIDTH 200m

8/22/2022 5:23 PM ResponseSyncBox  RX=OK

8/22/2022 5:23 PM CommandSyncBox  TX=DWIDTH 200m

8/22/2022 5:23 PM ResponseSyncBox  RX=OK

8/22/2022 5:23 PM CommandSyncBox  TX=aset on

8/22/2022 5:23 PM ResponseSyncBox  RX=OK

8/22/2022 5:23 PM CommandSyncBox  TX=bset on

8/22/2022 5:23 PM ResponseSyncBox  RX=OK

8/22/2022 5:23 PM CommandSyncBox  TX=cset on

8/22/2022 5:23 PM ResponseSyncBox  RX=OK

8/22/2022 5:23 PM CommandSyncBox  TX=dset on

8/22/2022 5:23 PM ResponseSyncBox  RX=OK

8/22/2022 5:23 PM CommandSyncBox  TX=IN

8/22/2022 5:23 PM ResponseSyncBox  RX=OK

8/22/2022 5:23 PM CommandAcquisChD  TX=EXPOSE
8/22/2022 5:23 PM CommandSyncBox  TX=TRigger REmote

8/22/2022 5:23 PM ResponseSyncBox  RX=OK

8/22/2022 5:23 PM CommandSyncBox  TX=IN

8/22/2022 5:23 PM ResponseSyncBox  RX=OK

8/22/2022 5:23 PM CommandSyncBox  TX=TRigger

8/22/2022 5:23 PM ResponseSyncBox  RX=Trig   REM  50R  Level 1.250   Div   0,000,000,000  SYN 00,010,000.00

8/22/2022 5:23 PM CommandSyncBox  TX=FIre

8/22/2022 5:23 PM ResponseSyncBox  RX=OK

8/22/2022 5:24 PM CommandAcquisChD  TX=SET EXPTIME 1.500000
8/22/2022 5:24 PM ResponseAcquisChD  RX=RETURNING_STATUS {"CUBE_EXPOSURE_TIME":12,"CUBES_DONE":1,"LAST_IMAGE_NAME":"20220822_s4c4_DARK_000038.fits","DISK_SPACE":0,"FRAMES_DONE":6,"CCD_STATUS":"IDLE","CURRENT_TEMPERATURE":19,"TEMPERATURE_STATUS":"TEMPERATURE_OFF","FRAME_EXPOSURE_TIME":2,"CCD_POWER_STATUS":true,"SERIAL_NUMBER":9915,"ACQUIRING":false}
8/22/2022 5:24 PM ResponseAcquisChD  RX=DONE
8/22/2022 5:24 PM CommandAcquisChD  TX=SET #FRAMES 12.000000
8/22/2022 5:24 PM CommandAcquisChD  TX=SET #CUBES 1.0000 
8/22/2022 5:24 PM ResponseAcquisChD  RX=DONE
8/22/2022 5:24 PM CommandAcquisChD  TX=SET SUFFIX DARK
8/22/2022 5:24 PM ResponseAcquisChD  RX=DONE
8/22/2022 5:24 PM CommandAcquisChD  TX=SET OBSTYPE DARK
8/22/2022 5:24 PM ResponseAcquisChD  RX=DONE
8/22/2022 5:24 PM ResponseAcquisChD  RX=DONE
8/22/2022 5:24 PM CommandSyncBox  TX=ADELAY 0m

8/22/2022 5:24 PM ResponseSyncBox  RX=OK

8/22/2022 5:24 PM CommandSyncBox  TX=BDELAY 0m

8/22/2022 5:24 PM ResponseSyncBox  RX=OK

8/22/2022 5:24 PM CommandSyncBox  TX=CDELAY 0m

8/22/2022 5:24 PM ResponseSyncBox  RX=OK

8/22/2022 5:24 PM CommandSyncBox  TX=DDELAY 0m

8/22/2022 5:24 PM ResponseSyncBox  RX=OK

8/22/2022 5:24 PM CommandSyncBox  TX=AWIDTH 200m

8/22/2022 5:24 PM ResponseSyncBox  RX=OK

8/22/2022 5:24 PM CommandSyncBox  TX=BWIDTH 200m

8/22/2022 5:24 PM ResponseSyncBox  RX=OK

8/22/2022 5:24 PM CommandSyncBox  TX=CWIDTH 200m

8/22/2022 5:24 PM ResponseSyncBox  RX=OK

8/22/2022 5:24 PM CommandSyncBox  TX=DWIDTH 200m

8/22/2022 5:24 PM ResponseSyncBox  RX=OK

8/22/2022 5:24 PM CommandSyncBox  TX=aset on

8/22/2022 5:24 PM ResponseSyncBox  RX=OK

8/22/2022 5:24 PM CommandSyncBox  TX=bset on

8/22/2022 5:24 PM ResponseSyncBox  RX=OK

8/22/2022 5:24 PM CommandSyncBox  TX=cset on

8/22/2022 5:24 PM ResponseSyncBox  RX=OK

8/22/2022 5:24 PM CommandSyncBox  TX=dset on

8/22/2022 5:24 PM ResponseSyncBox  RX=OK

8/22/2022 5:24 PM CommandSyncBox  TX=IN

8/22/2022 5:24 PM ResponseSyncBox  RX=OK

8/22/2022 5:24 PM CommandAcquisChD  TX=EXPOSE
8/22/2022 5:24 PM CommandSyncBox  TX=TRigger REmote

8/22/2022 5:24 PM ResponseSyncBox  RX=OK

8/22/2022 5:24 PM CommandSyncBox  TX=IN

8/22/2022 5:24 PM ResponseSyncBox  RX=OK

8/22/2022 5:24 PM CommandSyncBox  TX=TRigger

8/22/2022 5:24 PM ResponseSyncBox  RX=Trig   REM  50R  Level 1.250   Div   0,000,000,000  SYN 00,010,000.00

8/22/2022 5:24 PM CommandSyncBox  TX=FIre

8/22/2022 5:24 PM ResponseSyncBox  RX=OK

8/24/2022 9:55 AM CommandInstrument  TX=S4ICS WPROT NONE NONE,WPSEL INIT NONE,GMIR NONE NONE,GFOC NONE NONE,CALW NONE NONE,ASEL NONE NONE

8/24/2022 9:55 AM ResponseInstrument  RX=WPROT SIMULATED NONE 0 NONE -1, WPSEL SIMULATED BUSY 0 NONE -1, ASEL SIMULATED NONE 0 NONE -1, CALW SIMULATED NONE 0 NONE -1, GFOC SIMULATED NONE 0 NONE -1, GMIR SIMULATED NONE 0 NONE -1

8/24/2022 9:55 AM CommandInstrument  TX=S4ICS WPROT NONE NONE,WPSEL NONE NONE,GMIR NONE NONE,GFOC NONE NONE,CALW INIT NONE,ASEL NONE NONE

8/24/2022 9:55 AM ResponseInstrument  RX=WPROT SIMULATED NONE 0 NONE -1, WPSEL SIMULATED BUSY 5 NONE -1, ASEL SIMULATED NONE 0 NONE -1, CALW SIMULATED BUSY 0 NONE -1, GFOC SIMULATED NONE 0 NONE -1, GMIR SIMULATED NONE 0 NONE -1

8/24/2022 9:55 AM CommandInstrument  TX=S4ICS WPROT NONE NONE,WPSEL NONE NONE,GMIR INIT NONE,GFOC NONE NONE,CALW NONE NONE,ASEL NONE NONE

8/24/2022 9:55 AM ResponseInstrument  RX=WPROT SIMULATED NONE 0 NONE -1, WPSEL SIMULATED BUSY 0 NONE -1, ASEL SIMULATED NONE 0 NONE -1, CALW SIMULATED BUSY 0 NONE -1, GFOC SIMULATED NONE 0 NONE -1, GMIR SIMULATED BUSY 0 NONE -1

8/24/2022 9:55 AM CommandInstrument  TX=S4ICS WPROT INIT NONE,WPSEL NONE NONE,GMIR NONE NONE,GFOC NONE NONE,CALW NONE NONE,ASEL NONE NONE

8/24/2022 9:55 AM ResponseInstrument  RX=WPROT SIMULATED BUSY 0 NONE -1, WPSEL SIMULATED READY 0 HOME 0, ASEL SIMULATED NONE 0 NONE -1, CALW SIMULATED READY 0 HOME 0, GFOC SIMULATED NONE 0 NONE -1, GMIR SIMULATED BUSY 74 NONE -1

8/24/2022 9:55 AM CommandInstrument  TX=S4ICS WPROT NONE NONE,WPSEL NONE NONE,GMIR NONE NONE,GFOC NONE NONE,CALW NONE NONE,ASEL INIT NONE

8/24/2022 9:55 AM ResponseInstrument  RX=WPROT SIMULATED BUSY 139 NONE -1, WPSEL SIMULATED READY 0 HOME 0, ASEL SIMULATED BUSY 0 NONE -1, CALW SIMULATED READY 0 HOME 0, GFOC SIMULATED NONE 0 NONE -1, GMIR SIMULATED BUSY 13 NONE -1

8/24/2022 9:55 AM CommandInstrument  TX=S4ICS WPROT NONE NONE,WPSEL NONE NONE,GMIR NONE NONE,GFOC INIT NONE,CALW NONE NONE,ASEL NONE NONE

8/24/2022 9:55 AM ResponseInstrument  RX=WPROT SIMULATED READY 0 HOME 0, WPSEL SIMULATED READY 0 HOME 0, ASEL SIMULATED READY 0 HOME 0, CALW SIMULATED READY 0 HOME 0, GFOC SIMULATED BUSY 0 NONE -1, GMIR SIMULATED READY 0 HOME 0

8/24/2022 9:56 AM CommandInstrument  TX=S4ICS WPROT NONE NONE,WPSEL GOTO OFF,GMIR NONE NONE,GFOC NONE NONE,CALW GOTO OFF,ASEL GOTO OFF

8/24/2022 9:56 AM ResponseInstrument  RX=WPROT SIMULATED READY 0 HOME 0, WPSEL SIMULATED READY 0 HOME 0, ASEL SIMULATED READY 0 HOME 0, CALW SIMULATED READY 0 HOME 0, GFOC SIMULATED READY 0 HOME 0, GMIR SIMULATED READY 0 HOME 0

8/24/2022 9:56 AM CommandInstrument  TX=S4ICS WPROT NONE NONE,WPSEL GOTO OFF,GMIR NONE NONE,GFOC NONE NONE,CALW GOTO OFF,ASEL GOTO OFF

8/24/2022 9:56 AM ResponseInstrument  RX=WPROT SIMULATED READY 0 HOME 0, WPSEL SIMULATED READY 0 HOME 0, ASEL SIMULATED READY 0 HOME 0, CALW SIMULATED READY 0 HOME 0, GFOC SIMULATED READY 0 HOME 0, GMIR SIMULATED READY 0 HOME 0

8/24/2022 9:57 AM CommandInstrument  TX=S4ICS WPROT NONE NONE,WPSEL GOTO L/2,GMIR NONE NONE,GFOC NONE NONE,CALW GOTO OFF,ASEL GOTO ON

8/24/2022 9:57 AM ResponseInstrument  RX=WPROT SIMULATED READY 0 HOME 0, WPSEL SIMULATED BUSY 0 HOME 0, ASEL SIMULATED READY 0 HOME 0, CALW SIMULATED READY 0 HOME 0, GFOC SIMULATED READY 0 HOME 0, GMIR SIMULATED READY 0 HOME 0

8/24/2022 9:57 AM CommandInstrument  TX=S4ICS WPROT NONE NONE,WPSEL GOTO L/2,GMIR NONE NONE,GFOC NONE NONE,CALW GOTO POLARIZER,ASEL GOTO ON

8/24/2022 9:57 AM ResponseInstrument  RX=WPROT SIMULATED READY 0 HOME 0, WPSEL SIMULATED BUSY 0 L/2 2, ASEL SIMULATED READY 0 HOME 0, CALW SIMULATED BUSY 0 HOME 0, GFOC SIMULATED READY 0 HOME 0, GMIR SIMULATED READY 0 HOME 0

8/24/2022 9:58 AM CommandInstrument  TX=S4ICS WPROT NONE NONE,WPSEL GOTO OFF,GMIR NONE NONE,GFOC NONE NONE,CALW GOTO OFF,ASEL GOTO OFF

8/24/2022 9:58 AM ResponseInstrument  RX=WPROT SIMULATED READY 0 HOME 0, WPSEL SIMULATED READY 0 L/2 2, ASEL SIMULATED READY 0 HOME 0, CALW SIMULATED READY 72 POLARIZER 2, GFOC SIMULATED READY 0 HOME 0, GMIR SIMULATED READY 0 HOME 0

8/24/2022 9:58 AM CommandInstrument  TX=S4ICS WPROT NONE NONE,WPSEL GOTO OFF,GMIR NONE NONE,GFOC NONE NONE,CALW GOTO OFF,ASEL GOTO OFF

8/24/2022 9:58 AM ResponseInstrument  RX=WPROT SIMULATED READY 0 HOME 0, WPSEL SIMULATED READY 0 L/2 2, ASEL SIMULATED READY 0 HOME 0, CALW SIMULATED READY 72 POLARIZER 2, GFOC SIMULATED READY 0 HOME 0, GMIR SIMULATED READY 0 HOME 0

8/24/2022 9:58 AM CommandInstrument  TX=S4ICS WPROT NONE NONE,WPSEL GOTO L/4,GMIR NONE NONE,GFOC NONE NONE,CALW GOTO DEPOLARIZER,ASEL GOTO ON

8/24/2022 9:58 AM ResponseInstrument  RX=WPROT SIMULATED READY 0 HOME 0, WPSEL SIMULATED BUSY 0 L/2 2, ASEL SIMULATED READY 0 HOME 0, CALW SIMULATED BUSY 72 POLARIZER 2, GFOC SIMULATED READY 0 HOME 0, GMIR SIMULATED READY 0 HOME 0

8/24/2022 9:58 AM CommandInstrument  TX=S4ICS WPROT NONE NONE,WPSEL GOTO L/4,GMIR NONE NONE,GFOC NONE NONE,CALW NONE NONE,ASEL NONE NONE

8/24/2022 9:58 AM ResponseInstrument  RX=WPROT SIMULATED READY 0 HOME 0, WPSEL SIMULATED BUSY 100 L/4 3, ASEL SIMULATED READY 0 HOME 0, CALW SIMULATED READY 144 DEPOLARIZER 3, GFOC SIMULATED READY 0 HOME 0, GMIR SIMULATED READY 0 HOME 0

8/24/2022 9:58 AM CommandInstrument  TX=S4ICS WPROT NONE NONE,WPSEL GOTO L/4,GMIR NONE NONE,GFOC NONE NONE,CALW GOTO OFF,ASEL GOTO ON

8/24/2022 9:58 AM ResponseInstrument  RX=WPROT SIMULATED READY 0 HOME 0, WPSEL SIMULATED BUSY 100 L/4 3, ASEL SIMULATED READY 0 HOME 0, CALW SIMULATED READY 144 DEPOLARIZER 3, GFOC SIMULATED READY 0 HOME 0, GMIR SIMULATED READY 0 HOME 0

8/24/2022 9:58 AM CommandInstrument  TX=S4ICS WPROT NONE NONE,WPSEL GOTO L/4,GMIR NONE NONE,GFOC NONE NONE,CALW NONE NONE,ASEL NONE NONE

8/24/2022 9:58 AM ResponseInstrument  RX=WPROT SIMULATED READY 0 HOME 0, WPSEL SIMULATED BUSY 100 L/4 3, ASEL SIMULATED READY 0 HOME 0, CALW SIMULATED READY 144 DEPOLARIZER 3, GFOC SIMULATED READY 0 HOME 0, GMIR SIMULATED READY 0 HOME 0

8/24/2022 9:58 AM CommandInstrument  TX=S4ICS WPROT NONE NONE,WPSEL GOTO L/4,GMIR NONE NONE,GFOC NONE NONE,CALW GOTO OFF,ASEL GOTO ON

8/24/2022 9:58 AM ResponseInstrument  RX=WPROT SIMULATED READY 0 HOME 0, WPSEL SIMULATED BUSY 100 L/4 3, ASEL SIMULATED READY 0 HOME 0, CALW SIMULATED READY 144 DEPOLARIZER 3, GFOC SIMULATED READY 0 HOME 0, GMIR SIMULATED READY 0 HOME 0

8/24/2022 9:58 AM CommandInstrument  TX=S4ICS WPROT NONE NONE,WPSEL GOTO OFF,GMIR NONE NONE,GFOC NONE NONE,CALW NONE NONE,ASEL NONE NONE

8/24/2022 9:58 AM ResponseInstrument  RX=WPROT SIMULATED READY 0 HOME 0, WPSEL SIMULATED READY 100 L/4 3, ASEL SIMULATED READY 0 HOME 0, CALW SIMULATED READY 144 DEPOLARIZER 3, GFOC SIMULATED READY 0 HOME 0, GMIR SIMULATED READY 0 HOME 0

8/24/2022 9:58 AM CommandInstrument  TX=S4ICS WPROT NONE NONE,WPSEL GOTO OFF,GMIR NONE NONE,GFOC NONE NONE,CALW GOTO OFF,ASEL GOTO OFF

8/24/2022 9:58 AM ResponseInstrument  RX=WPROT SIMULATED READY 0 HOME 0, WPSEL SIMULATED READY 100 L/4 3, ASEL SIMULATED READY 0 HOME 0, CALW SIMULATED READY 144 DEPOLARIZER 3, GFOC SIMULATED READY 0 HOME 0, GMIR SIMULATED READY 0 HOME 0

8/24/2022 9:59 AM CommandInstrument  TX=S4ICS WPROT NONE NONE,WPSEL GOTO OFF,GMIR NONE NONE,GFOC NONE NONE,CALW NONE NONE,ASEL NONE NONE

8/24/2022 9:59 AM ResponseInstrument  RX=WPROT SIMULATED READY 0 HOME 0, WPSEL SIMULATED READY 100 L/4 3, ASEL SIMULATED READY 0 HOME 0, CALW SIMULATED READY 144 DEPOLARIZER 3, GFOC SIMULATED READY 0 HOME 0, GMIR SIMULATED READY 0 HOME 0

8/24/2022 10:01 AM CommandInstrument  TX=S4ICS WPROT NONE NONE,WPSEL GOTO L/2,GMIR NONE NONE,GFOC NONE NONE,CALW NONE NONE,ASEL NONE NONE

8/24/2022 10:01 AM ResponseInstrument  RX=WPROT SIMULATED READY 0 HOME 0, WPSEL SIMULATED BUSY 100 L/4 3, ASEL SIMULATED READY 0 HOME 0, CALW SIMULATED READY 144 DEPOLARIZER 3, GFOC SIMULATED READY 0 HOME 0, GMIR SIMULATED READY 0 HOME 0

8/24/2022 10:01 AM CommandInstrument  TX=S4ICS WPROT NONE NONE,WPSEL GOTO OFF,GMIR NONE NONE,GFOC NONE NONE,CALW NONE NONE,ASEL NONE NONE

8/24/2022 10:01 AM ResponseInstrument  RX=WPROT SIMULATED READY 0 HOME 0, WPSEL SIMULATED READY 0 L/2 2, ASEL SIMULATED READY 0 HOME 0, CALW SIMULATED READY 144 DEPOLARIZER 3, GFOC SIMULATED READY 0 HOME 0, GMIR SIMULATED READY 0 HOME 0

8/24/2022 10:01 AM CommandInstrument  TX=S4ICS WPROT NONE NONE,WPSEL GOTO L/4,GMIR NONE NONE,GFOC NONE NONE,CALW NONE NONE,ASEL NONE NONE

8/24/2022 10:01 AM ResponseInstrument  RX=WPROT SIMULATED READY 0 HOME 0, WPSEL SIMULATED BUSY 0 L/2 2, ASEL SIMULATED READY 0 HOME 0, CALW SIMULATED READY 144 DEPOLARIZER 3, GFOC SIMULATED READY 0 HOME 0, GMIR SIMULATED READY 0 HOME 0

8/24/2022 10:02 AM CommandInstrument  TX=S4ICS WPROT NONE NONE,WPSEL GOTO L/4,GMIR NONE NONE,GFOC NONE NONE,CALW NONE NONE,ASEL NONE NONE

8/24/2022 10:02 AM ResponseInstrument  RX=WPROT SIMULATED READY 0 HOME 0, WPSEL SIMULATED BUSY 100 L/4 3, ASEL SIMULATED READY 0 HOME 0, CALW SIMULATED READY 144 DEPOLARIZER 3, GFOC SIMULATED READY 0 HOME 0, GMIR SIMULATED READY 0 HOME 0

8/24/2022 10:02 AM CommandInstrument  TX=S4ICS WPROT NONE NONE,WPSEL GOTO OFF,GMIR NONE NONE,GFOC NONE NONE,CALW NONE NONE,ASEL NONE NONE

8/24/2022 10:02 AM ResponseInstrument  RX=WPROT SIMULATED READY 0 HOME 0, WPSEL SIMULATED READY 100 L/4 3, ASEL SIMULATED READY 0 HOME 0, CALW SIMULATED READY 144 DEPOLARIZER 3, GFOC SIMULATED READY 0 HOME 0, GMIR SIMULATED READY 0 HOME 0

8/24/2022 10:02 AM CommandInstrument  TX=S4ICS WPROT NONE NONE,WPSEL GOTO OFF,GMIR NONE NONE,GFOC NONE NONE,CALW NONE NONE,ASEL NONE NONE

8/24/2022 10:02 AM ResponseInstrument  RX=WPROT SIMULATED READY 0 HOME 0, WPSEL SIMULATED READY 100 L/4 3, ASEL SIMULATED READY 0 HOME 0, CALW SIMULATED READY 144 DEPOLARIZER 3, GFOC SIMULATED READY 0 HOME 0, GMIR SIMULATED READY 0 HOME 0

8/24/2022 10:04 AM CommandInstrument  TX=S4ICS WPROT NONE NONE,WPSEL GOTO OFF,GMIR NONE NONE,GFOC NONE NONE,CALW NONE NONE,ASEL NONE NONE

8/24/2022 10:04 AM ResponseInstrument  RX=WPROT SIMULATED READY 0 HOME 0, WPSEL SIMULATED READY 100 L/4 3, ASEL SIMULATED READY 0 HOME 0, CALW SIMULATED READY 144 DEPOLARIZER 3, GFOC SIMULATED READY 0 HOME 0, GMIR SIMULATED READY 0 HOME 0

8/24/2022 10:04 AM CommandInstrument  TX=S4ICS WPROT NONE NONE,WPSEL GOTO L/2,GMIR NONE NONE,GFOC NONE NONE,CALW NONE NONE,ASEL NONE NONE

8/24/2022 10:04 AM ResponseInstrument  RX=WPROT SIMULATED READY 0 HOME 0, WPSEL SIMULATED BUSY 100 L/4 3, ASEL SIMULATED READY 0 HOME 0, CALW SIMULATED READY 144 DEPOLARIZER 3, GFOC SIMULATED READY 0 HOME 0, GMIR SIMULATED READY 0 HOME 0

8/24/2022 10:05 AM CommandInstrument  TX=S4ICS WPROT NONE NONE,WPSEL GOTO OFF,GMIR NONE NONE,GFOC NONE NONE,CALW NONE NONE,ASEL NONE NONE

8/24/2022 10:05 AM ResponseInstrument  RX=WPROT SIMULATED READY 0 HOME 0, WPSEL SIMULATED READY 0 L/2 2, ASEL SIMULATED READY 0 HOME 0, CALW SIMULATED READY 144 DEPOLARIZER 3, GFOC SIMULATED READY 0 HOME 0, GMIR SIMULATED READY 0 HOME 0

8/24/2022 10:05 AM CommandInstrument  TX=S4ICS WPROT NONE NONE,WPSEL GOTO L/4,GMIR NONE NONE,GFOC NONE NONE,CALW NONE NONE,ASEL NONE NONE

8/24/2022 10:05 AM ResponseInstrument  RX=WPROT SIMULATED READY 0 HOME 0, WPSEL SIMULATED BUSY 0 L/2 2, ASEL SIMULATED READY 0 HOME 0, CALW SIMULATED READY 144 DEPOLARIZER 3, GFOC SIMULATED READY 0 HOME 0, GMIR SIMULATED READY 0 HOME 0

8/24/2022 10:05 AM CommandInstrument  TX=S4ICS WPROT NONE NONE,WPSEL GOTO OFF,GMIR NONE NONE,GFOC NONE NONE,CALW NONE NONE,ASEL NONE NONE

8/24/2022 10:05 AM ResponseInstrument  RX=WPROT SIMULATED READY 0 HOME 0, WPSEL SIMULATED READY 100 L/4 3, ASEL SIMULATED READY 0 HOME 0, CALW SIMULATED READY 144 DEPOLARIZER 3, GFOC SIMULATED READY 0 HOME 0, GMIR SIMULATED READY 0 HOME 0

8/24/2022 10:05 AM CommandInstrument  TX=S4ICS WPROT NONE NONE,WPSEL GOTO OFF,GMIR NONE NONE,GFOC NONE NONE,CALW NONE NONE,ASEL NONE NONE

8/24/2022 10:05 AM ResponseInstrument  RX=WPROT SIMULATED READY 0 HOME 0, WPSEL SIMULATED READY 100 L/4 3, ASEL SIMULATED READY 0 HOME 0, CALW SIMULATED READY 144 DEPOLARIZER 3, GFOC SIMULATED READY 0 HOME 0, GMIR SIMULATED READY 0 HOME 0

8/24/2022 10:10 AM CommandInstrument  TX=S4ICS WPROT GOTO WP6,WPSEL NONE NONE,GMIR NONE NONE,GFOC NONE NONE,CALW NONE NONE,ASEL NONE NONE

8/24/2022 10:10 AM ResponseInstrument  RX=WPROT SIMULATED BUSY 0 HOME 0, WPSEL SIMULATED READY 100 L/4 3, ASEL SIMULATED READY 0 HOME 0, CALW SIMULATED READY 144 DEPOLARIZER 3, GFOC SIMULATED READY 0 HOME 0, GMIR SIMULATED READY 0 HOME 0

8/24/2022 10:10 AM CommandInstrument  TX=S4ICS WPROT GOTO WP6,WPSEL NONE NONE,GMIR NONE NONE,GFOC NONE NONE,CALW NONE NONE,ASEL NONE NONE

8/24/2022 10:10 AM ResponseInstrument  RX=WPROT SIMULATED BUSY 112 WP6 6, WPSEL SIMULATED READY 100 L/4 3, ASEL SIMULATED READY 0 HOME 0, CALW SIMULATED READY 144 DEPOLARIZER 3, GFOC SIMULATED READY 0 HOME 0, GMIR SIMULATED READY 0 HOME 0

8/24/2022 10:10 AM CommandInstrument  TX=S4ICS WPROT NONE NONE,WPSEL NONE NONE,GMIR NONE NONE,GFOC NONE NONE,CALW GOTO OFF,ASEL NONE NONE

8/24/2022 10:10 AM ResponseInstrument  RX=WPROT SIMULATED BUSY 112 NONE -1, WPSEL SIMULATED READY 100 L/4 3, ASEL SIMULATED READY 0 HOME 0, CALW SIMULATED READY 144 DEPOLARIZER 3, GFOC SIMULATED READY 0 HOME 0, GMIR SIMULATED READY 0 HOME 0

8/24/2022 10:10 AM CommandInstrument  TX=S4ICS WPROT GOTO WP6,WPSEL NONE NONE,GMIR NONE NONE,GFOC NONE NONE,CALW NONE NONE,ASEL NONE NONE

8/24/2022 10:10 AM ResponseInstrument  RX=WPROT SIMULATED BUSY 112 WP6 6, WPSEL SIMULATED READY 100 L/4 3, ASEL SIMULATED READY 0 HOME 0, CALW SIMULATED READY 144 DEPOLARIZER 3, GFOC SIMULATED READY 0 HOME 0, GMIR SIMULATED READY 0 HOME 0

8/24/2022 10:10 AM CommandInstrument  TX=S4ICS WPROT GOTO WP6,WPSEL NONE NONE,GMIR NONE NONE,GFOC NONE NONE,CALW NONE NONE,ASEL NONE NONE

8/24/2022 10:10 AM ResponseInstrument  RX=WPROT SIMULATED BUSY 112 WP6 6, WPSEL SIMULATED READY 100 L/4 3, ASEL SIMULATED READY 0 HOME 0, CALW SIMULATED READY 144 DEPOLARIZER 3, GFOC SIMULATED READY 0 HOME 0, GMIR SIMULATED READY 0 HOME 0

8/24/2022 10:10 AM CommandInstrument  TX=S4ICS WPROT GOTO WP6,WPSEL NONE NONE,GMIR NONE NONE,GFOC NONE NONE,CALW NONE NONE,ASEL NONE NONE

8/24/2022 10:10 AM ResponseInstrument  RX=WPROT SIMULATED BUSY 112 WP6 6, WPSEL SIMULATED READY 100 L/4 3, ASEL SIMULATED READY 0 HOME 0, CALW SIMULATED READY 144 DEPOLARIZER 3, GFOC SIMULATED READY 0 HOME 0, GMIR SIMULATED READY 0 HOME 0

8/24/2022 10:10 AM CommandInstrument  TX=S4ICS WPROT NONE NONE,WPSEL NONE NONE,GMIR NONE NONE,GFOC NONE NONE,CALW GOTO DEPOLARIZER,ASEL NONE NONE

8/24/2022 10:10 AM ResponseInstrument  RX=WPROT SIMULATED BUSY 112 NONE -1, WPSEL SIMULATED READY 100 L/4 3, ASEL SIMULATED READY 0 HOME 0, CALW SIMULATED BUSY 144 DEPOLARIZER 3, GFOC SIMULATED READY 0 HOME 0, GMIR SIMULATED READY 0 HOME 0

8/24/2022 10:10 AM CommandInstrument  TX=S4ICS WPROT GOTO WP6,WPSEL NONE NONE,GMIR NONE NONE,GFOC NONE NONE,CALW NONE NONE,ASEL NONE NONE

8/24/2022 10:10 AM ResponseInstrument  RX=WPROT SIMULATED BUSY 112 WP6 6, WPSEL SIMULATED READY 100 L/4 3, ASEL SIMULATED READY 0 HOME 0, CALW SIMULATED READY 144 DEPOLARIZER 3, GFOC SIMULATED READY 0 HOME 0, GMIR SIMULATED READY 0 HOME 0

8/24/2022 10:10 AM CommandInstrument  TX=S4ICS WPROT NONE NONE,WPSEL NONE NONE,GMIR NONE NONE,GFOC NONE NONE,CALW GOTO POLARIZER,ASEL NONE NONE

8/24/2022 10:10 AM ResponseInstrument  RX=WPROT SIMULATED READY 112 WP6 6, WPSEL SIMULATED READY 100 L/4 3, ASEL SIMULATED READY 0 HOME 0, CALW SIMULATED BUSY 144 DEPOLARIZER 3, GFOC SIMULATED READY 0 HOME 0, GMIR SIMULATED READY 0 HOME 0

8/24/2022 10:10 AM CommandInstrument  TX=S4ICS WPROT NONE NONE,WPSEL NONE NONE,GMIR NONE NONE,GFOC NONE NONE,CALW NONE NONE,ASEL GOTO OFF

8/24/2022 10:10 AM ResponseInstrument  RX=WPROT SIMULATED READY 112 WP6 6, WPSEL SIMULATED READY 100 L/4 3, ASEL SIMULATED READY 0 HOME 0, CALW SIMULATED READY 72 POLARIZER 2, GFOC SIMULATED READY 0 HOME 0, GMIR SIMULATED READY 0 HOME 0

8/24/2022 10:10 AM CommandInstrument  TX=S4ICS WPROT NONE NONE,WPSEL NONE NONE,GMIR NONE NONE,GFOC NONE NONE,CALW NONE NONE,ASEL GOTO ON

8/24/2022 10:10 AM ResponseInstrument  RX=WPROT SIMULATED READY 112 WP6 6, WPSEL SIMULATED READY 100 L/4 3, ASEL SIMULATED READY 0 HOME 0, CALW SIMULATED READY 72 POLARIZER 2, GFOC SIMULATED READY 0 HOME 0, GMIR SIMULATED READY 0 HOME 0

8/24/2022 10:11 AM CommandInstrument  TX=S4ICS WPROT NONE NONE,WPSEL NONE NONE,GMIR NONE NONE,GFOC NONE NONE,CALW NONE NONE,ASEL GOTO OFF

8/24/2022 10:11 AM ResponseInstrument  RX=WPROT SIMULATED READY 112 WP6 6, WPSEL SIMULATED READY 100 L/4 3, ASEL SIMULATED READY 0 HOME 0, CALW SIMULATED READY 72 POLARIZER 2, GFOC SIMULATED READY 0 HOME 0, GMIR SIMULATED READY 0 HOME 0

8/24/2022 10:11 AM CommandInstrument  TX=S4ICS WPROT NONE NONE,WPSEL NONE NONE,GMIR NONE NONE,GFOC NONE NONE,CALW GOTO OFF,ASEL NONE NONE

8/24/2022 10:11 AM ResponseInstrument  RX=WPROT SIMULATED READY 112 WP6 6, WPSEL SIMULATED READY 100 L/4 3, ASEL SIMULATED READY 0 HOME 0, CALW SIMULATED READY 72 POLARIZER 2, GFOC SIMULATED READY 0 HOME 0, GMIR SIMULATED READY 0 HOME 0

