8/22/2022 2:55 PM CommandAcquisChA  TX=WRITE_SETUP {"ACQUISITION_MODE":3,"TRIGGER_MODE":2,"READ_MODE":0,"PREAMP":0,"READOUT_RATE":0,"VERTICAL_SHIFT_SPEED":3,"EM_MODE":1,"EM_GAIN":2,"SHUTTER_MODE":2,"SHUTTER_TTL":0,"SHUTTER_OPENING_TIME":1,"SHUTTER_CLOSING_TIME":1,"VBIN":1,"HBIN":1,"INITIAL_LINE":1,"INITIAL_COLUMN":1,"FINAL_LINE":1024,"FINAL_COLUMN":1024,"FRAME_TRANSFER":true,"VERTICAL_CLOCK_VOLTAGE":0,"AD_CHANNEL":0}
8/22/2022 2:55 PM CommandAcquisChB  TX=WRITE_SETUP {"ACQUISITION_MODE":3,"TRIGGER_MODE":1,"READ_MODE":0,"PREAMP":0,"READOUT_RATE":0,"VERTICAL_SHIFT_SPEED":0,"EM_MODE":1,"EM_GAIN":2,"SHUTTER_MODE":2,"SHUTTER_TTL":0,"SHUTTER_OPENING_TIME":1,"SHUTTER_CLOSING_TIME":1,"VBIN":1,"HBIN":1,"INITIAL_LINE":1,"INITIAL_COLUMN":1,"FINAL_LINE":1024,"FINAL_COLUMN":1024,"FRAME_TRANSFER":true,"VERTICAL_CLOCK_VOLTAGE":0,"AD_CHANNEL":0}
8/22/2022 2:55 PM CommandAcquisChC  TX=WRITE_SETUP {"ACQUISITION_MODE":3,"TRIGGER_MODE":1,"READ_MODE":0,"PREAMP":0,"READOUT_RATE":0,"VERTICAL_SHIFT_SPEED":0,"EM_MODE":1,"EM_GAIN":2,"SHUTTER_MODE":2,"SHUTTER_TTL":0,"SHUTTER_OPENING_TIME":1,"SHUTTER_CLOSING_TIME":1,"VBIN":1,"HBIN":1,"INITIAL_LINE":1,"INITIAL_COLUMN":1,"FINAL_LINE":1024,"FINAL_COLUMN":1024,"FRAME_TRANSFER":true,"VERTICAL_CLOCK_VOLTAGE":0,"AD_CHANNEL":0}
8/22/2022 2:55 PM CommandAcquisChD  TX=WRITE_SETUP {"ACQUISITION_MODE":3,"TRIGGER_MODE":2,"READ_MODE":0,"PREAMP":0,"READOUT_RATE":0,"VERTICAL_SHIFT_SPEED":3,"EM_MODE":1,"EM_GAIN":2,"SHUTTER_MODE":2,"SHUTTER_TTL":0,"SHUTTER_OPENING_TIME":1,"SHUTTER_CLOSING_TIME":1,"VBIN":1,"HBIN":1,"INITIAL_LINE":1,"INITIAL_COLUMN":1,"FINAL_LINE":1024,"FINAL_COLUMN":1024,"FRAME_TRANSFER":true,"VERTICAL_CLOCK_VOLTAGE":0,"AD_CHANNEL":0}
8/22/2022 2:55 PM CommandSyncBox  TX=ADELAY 1000m

8/22/2022 2:55 PM ResponseSyncBox  RX=OK

8/22/2022 2:55 PM CommandSyncBox  TX=BDELAY 1500m

8/22/2022 2:55 PM ResponseSyncBox  RX=OK

8/22/2022 2:55 PM CommandSyncBox  TX=CDELAY 2000m

8/22/2022 2:55 PM ResponseSyncBox  RX=OK

8/22/2022 2:55 PM CommandSyncBox  TX=DDELAY 2500m

8/22/2022 2:55 PM ResponseSyncBox  RX=OK

8/22/2022 2:55 PM CommandSyncBox  TX=AWIDTH 200m

8/22/2022 2:55 PM ResponseSyncBox  RX=OK

8/22/2022 2:55 PM CommandSyncBox  TX=BWIDTH 200m

8/22/2022 2:55 PM ResponseSyncBox  RX=OK

8/22/2022 2:55 PM CommandSyncBox  TX=CWIDTH 200m

8/22/2022 2:55 PM ResponseSyncBox  RX=OK

8/22/2022 2:55 PM CommandSyncBox  TX=DWIDTH 200m

8/22/2022 2:55 PM ResponseSyncBox  RX=OK

8/22/2022 2:55 PM CommandSyncBox  TX=aset on

8/22/2022 2:55 PM ResponseSyncBox  RX=OK

8/22/2022 2:55 PM CommandSyncBox  TX=bset on

8/22/2022 2:55 PM ResponseSyncBox  RX=OK

8/22/2022 2:55 PM CommandSyncBox  TX=cset on

8/22/2022 2:55 PM ResponseSyncBox  RX=OK

8/22/2022 2:55 PM CommandSyncBox  TX=dset on

8/22/2022 2:55 PM ResponseSyncBox  RX=OK

8/22/2022 2:55 PM CommandSyncBox  TX=IN

8/22/2022 2:55 PM ResponseSyncBox  RX=OK

8/22/2022 2:55 PM CommandAcquisChA  TX=READ_SETUP 
8/22/2022 2:55 PM CommandAcquisChB  TX=READ_SETUP 
8/22/2022 2:55 PM CommandAcquisChC  TX=READ_SETUP 
8/22/2022 2:55 PM CommandAcquisChD  TX=READ_SETUP 
8/22/2022 2:56 PM CommandAcquisChA  TX=SET COOLER_POWER_STATUS 0
8/22/2022 2:56 PM CommandAcquisChB  TX=SET COOLER_POWER_STATUS 0
8/22/2022 2:56 PM CommandAcquisChC  TX=SET COOLER_POWER_STATUS 0
8/22/2022 2:56 PM CommandAcquisChD  TX=SET COOLER_POWER_STATUS 0
8/22/2022 2:56 PM CommandSyncBox  TX=FIre

8/22/2022 2:56 PM ResponseSyncBox  RX=OK

8/22/2022 2:56 PM CommandSyncBox  TX=FIre

8/22/2022 2:57 PM ResponseSyncBox  RX=

     Highland Technology  Model T560  Digital Delay Generator

Firmware 28E560-D  02407                Cal date July 19, 2018      

Trig   REM  50R  Level 1.250   Div   0,000,000,000  SYN 00,010,000.00
Gate   OFF  POS  HIZ           Shots 0,000,000,176
Burst  OFF  N  0,000,000,016   of M  0,000,000,064

Verbos ON   Autoinstall FEOD   Usec 3,826,828,036  DPLL 00005
Clock  OUT  Trim 02166         Temp +49.7

Errs   None

Ch A  POS  ON     Dly  01.000,000,000,000  Wid  00.200,000,000,000
Ch B  POS  ON     Dly  01.500,000,000,000  Wid  00.200,000,000,000
Ch C  POS  ON     Dly  02.000,000,000,000  Wid  00.200,000,000,000
Ch D  POS  ON     Dly  02.500,000,000,000  Wid  00.200,000,000,000



8/22/2022 2:57 PM ResponseSyncBox  RX=OK

8/22/2022 2:57 PM CommandAcquisChA  TX=WRITE_SETUP {"ACQUISITION_MODE":3,"TRIGGER_MODE":2,"READ_MODE":0,"PREAMP":0,"READOUT_RATE":0,"VERTICAL_SHIFT_SPEED":3,"EM_MODE":1,"EM_GAIN":2,"SHUTTER_MODE":2,"SHUTTER_TTL":0,"SHUTTER_OPENING_TIME":1,"SHUTTER_CLOSING_TIME":1,"VBIN":1,"HBIN":1,"INITIAL_LINE":1,"INITIAL_COLUMN":1,"FINAL_LINE":1024,"FINAL_COLUMN":1024,"FRAME_TRANSFER":true,"VERTICAL_CLOCK_VOLTAGE":0,"AD_CHANNEL":0}
8/22/2022 2:57 PM CommandAcquisChA  TX=WRITE_SETUP {"ACQUISITION_MODE":3,"TRIGGER_MODE":2,"READ_MODE":0,"PREAMP":0,"READOUT_RATE":0,"VERTICAL_SHIFT_SPEED":3,"EM_MODE":1,"EM_GAIN":2,"SHUTTER_MODE":2,"SHUTTER_TTL":0,"SHUTTER_OPENING_TIME":1,"SHUTTER_CLOSING_TIME":1,"VBIN":1,"HBIN":1,"INITIAL_LINE":1,"INITIAL_COLUMN":1,"FINAL_LINE":1024,"FINAL_COLUMN":1024,"FRAME_TRANSFER":true,"VERTICAL_CLOCK_VOLTAGE":0,"AD_CHANNEL":0}
8/22/2022 2:57 PM CommandAcquisChA  TX=READ_SETUP 
8/22/2022 2:57 PM CommandAcquisChA  TX=WRITE_SETUP {"ACQUISITION_MODE":3,"TRIGGER_MODE":0,"READ_MODE":4,"PREAMP":0,"READOUT_RATE":0,"VERTICAL_SHIFT_SPEED":3,"EM_MODE":1,"EM_GAIN":2,"SHUTTER_MODE":2,"SHUTTER_TTL":0,"SHUTTER_OPENING_TIME":50,"SHUTTER_CLOSING_TIME":50,"VBIN":1,"HBIN":1,"INITIAL_LINE":1,"INITIAL_COLUMN":1,"FINAL_LINE":1024,"FINAL_COLUMN":1024,"FRAME_TRANSFER":true,"VERTICAL_CLOCK_VOLTAGE":0,"AD_CHANNEL":0}
8/22/2022 2:57 PM CommandAcquisChA  TX=WRITE_SETUP {"ACQUISITION_MODE":3,"TRIGGER_MODE":0,"READ_MODE":4,"PREAMP":0,"READOUT_RATE":0,"VERTICAL_SHIFT_SPEED":3,"EM_MODE":1,"EM_GAIN":2,"SHUTTER_MODE":2,"SHUTTER_TTL":0,"SHUTTER_OPENING_TIME":50,"SHUTTER_CLOSING_TIME":50,"VBIN":1,"HBIN":1,"INITIAL_LINE":1,"INITIAL_COLUMN":1,"FINAL_LINE":1024,"FINAL_COLUMN":1024,"FRAME_TRANSFER":true,"VERTICAL_CLOCK_VOLTAGE":0,"AD_CHANNEL":0}
8/22/2022 2:57 PM CommandAcquisChA  TX=WRITE_SETUP {"ACQUISITION_MODE":3,"TRIGGER_MODE":0,"READ_MODE":4,"PREAMP":0,"READOUT_RATE":0,"VERTICAL_SHIFT_SPEED":3,"EM_MODE":1,"EM_GAIN":2,"SHUTTER_MODE":2,"SHUTTER_TTL":0,"SHUTTER_OPENING_TIME":50,"SHUTTER_CLOSING_TIME":50,"VBIN":1,"HBIN":1,"INITIAL_LINE":1,"INITIAL_COLUMN":1,"FINAL_LINE":1024,"FINAL_COLUMN":1024,"FRAME_TRANSFER":true,"VERTICAL_CLOCK_VOLTAGE":0,"AD_CHANNEL":0}
8/22/2022 2:57 PM CommandAcquisChA  TX=WRITE_SETUP {"ACQUISITION_MODE":3,"TRIGGER_MODE":2,"READ_MODE":0,"PREAMP":0,"READOUT_RATE":0,"VERTICAL_SHIFT_SPEED":3,"EM_MODE":1,"EM_GAIN":2,"SHUTTER_MODE":2,"SHUTTER_TTL":0,"SHUTTER_OPENING_TIME":1,"SHUTTER_CLOSING_TIME":1,"VBIN":1,"HBIN":1,"INITIAL_LINE":1,"INITIAL_COLUMN":1,"FINAL_LINE":1024,"FINAL_COLUMN":1024,"FRAME_TRANSFER":true,"VERTICAL_CLOCK_VOLTAGE":0,"AD_CHANNEL":0}
8/22/2022 2:57 PM CommandAcquisChA  TX=WRITE_SETUP {"ACQUISITION_MODE":3,"TRIGGER_MODE":2,"READ_MODE":0,"PREAMP":0,"READOUT_RATE":0,"VERTICAL_SHIFT_SPEED":3,"EM_MODE":1,"EM_GAIN":2,"SHUTTER_MODE":2,"SHUTTER_TTL":0,"SHUTTER_OPENING_TIME":1,"SHUTTER_CLOSING_TIME":1,"VBIN":1,"HBIN":1,"INITIAL_LINE":1,"INITIAL_COLUMN":1,"FINAL_LINE":1024,"FINAL_COLUMN":1024,"FRAME_TRANSFER":true,"VERTICAL_CLOCK_VOLTAGE":0,"AD_CHANNEL":0}
8/22/2022 2:57 PM CommandAcquisChA  TX=WRITE_SETUP {"ACQUISITION_MODE":3,"TRIGGER_MODE":2,"READ_MODE":0,"PREAMP":0,"READOUT_RATE":0,"VERTICAL_SHIFT_SPEED":3,"EM_MODE":1,"EM_GAIN":2,"SHUTTER_MODE":2,"SHUTTER_TTL":0,"SHUTTER_OPENING_TIME":1,"SHUTTER_CLOSING_TIME":1,"VBIN":1,"HBIN":1,"INITIAL_LINE":1,"INITIAL_COLUMN":1,"FINAL_LINE":1024,"FINAL_COLUMN":1024,"FRAME_TRANSFER":true,"VERTICAL_CLOCK_VOLTAGE":0,"AD_CHANNEL":0}
8/22/2022 2:57 PM CommandAcquisChA  TX=WRITE_SETUP {"ACQUISITION_MODE":3,"TRIGGER_MODE":2,"READ_MODE":0,"PREAMP":0,"READOUT_RATE":0,"VERTICAL_SHIFT_SPEED":3,"EM_MODE":1,"EM_GAIN":2,"SHUTTER_MODE":2,"SHUTTER_TTL":0,"SHUTTER_OPENING_TIME":1,"SHUTTER_CLOSING_TIME":1,"VBIN":1,"HBIN":1,"INITIAL_LINE":1,"INITIAL_COLUMN":1,"FINAL_LINE":1024,"FINAL_COLUMN":1024,"FRAME_TRANSFER":true,"VERTICAL_CLOCK_VOLTAGE":0,"AD_CHANNEL":0}
8/22/2022 2:58 PM CommandAcquisChA  TX=READ_SETUP 
8/22/2022 2:58 PM CommandAcquisChA  TX=SET COOLER_POWER_STATUS 0
8/22/2022 3:03 PM CommandAcquisChA  TX=WRITE_SETUP {"ACQUISITION_MODE":3,"TRIGGER_MODE":0,"READ_MODE":4,"PREAMP":0,"READOUT_RATE":0,"VERTICAL_SHIFT_SPEED":3,"EM_MODE":1,"EM_GAIN":2,"SHUTTER_MODE":2,"SHUTTER_TTL":0,"SHUTTER_OPENING_TIME":1,"SHUTTER_CLOSING_TIME":1,"VBIN":1,"HBIN":1,"INITIAL_LINE":1,"INITIAL_COLUMN":1,"FINAL_LINE":1024,"FINAL_COLUMN":1024,"FRAME_TRANSFER":true,"VERTICAL_CLOCK_VOLTAGE":0,"AD_CHANNEL":0}
8/22/2022 3:04 PM CommandAcquisChA  TX=READ_SETUP 
8/22/2022 3:04 PM ResponseAcquisChA  RX=CCD_SETUP {"PREAMP":0,"READOUT_RATE":0,"EM_GAIN":2,"VBIN":1,"INITIAL_LINE":1,"INITIAL_COLUMN":1,"FINAL_LINE":1024,"FINAL_COLUMN":1024,"TRIGGER_MODE":0,"HBIN":1,"SHUTTER_TTL":0,"SHUTTER_MODE":2,"SHUTTER_OPENING_TIME":1,"SHUTTER_CLOSING_TIME":1,"VERTICAL_SHIFT_SPEED":3,"READ_MODE":4,"FRAME_TRANSFER":true,"VERTICAL_CLOCK_VOLTAGE":0,"ACQUISITION_MODE":3,"AD_CHANNEL":0,"EM_MODE":1}
8/22/2022 3:04 PM CommandAcquisChA  TX=SET COOLER_POWER_STATUS 0
8/22/2022 3:04 PM ResponseAcquisChA  RX=DONE
8/22/2022 3:07 PM CommandAcquisChA  TX=SET EXPTIME 1.500000
8/22/2022 3:07 PM ResponseAcquisChA  RX=DONE
8/22/2022 3:07 PM CommandAcquisChA  TX=SET #FRAMES 5.000000
8/22/2022 3:07 PM ResponseAcquisChA  RX=DONE
8/22/2022 3:07 PM CommandAcquisChA  TX=SET #CUBES 1.0000 
8/22/2022 3:07 PM ResponseAcquisChA  RX=DONE
8/22/2022 3:07 PM CommandAcquisChA  TX=SET SUFFIX DARK
8/22/2022 3:07 PM ResponseAcquisChA  RX=DONE
8/22/2022 3:07 PM CommandAcquisChA  TX=SET OBSTYPE DARK
8/22/2022 3:07 PM ResponseAcquisChA  RX=DONE
8/22/2022 3:07 PM CommandSyncBox  TX=ADELAY 1000m

8/22/2022 3:07 PM ResponseSyncBox  RX=OK

8/22/2022 3:07 PM CommandSyncBox  TX=BDELAY 1500m

8/22/2022 3:07 PM ResponseSyncBox  RX=OK

8/22/2022 3:07 PM CommandSyncBox  TX=CDELAY 2000m

8/22/2022 3:07 PM ResponseSyncBox  RX=OK

8/22/2022 3:07 PM CommandSyncBox  TX=DDELAY 2500m

8/22/2022 3:07 PM ResponseSyncBox  RX=OK

8/22/2022 3:07 PM CommandSyncBox  TX=AWIDTH 200m

8/22/2022 3:07 PM ResponseSyncBox  RX=OK

8/22/2022 3:07 PM CommandSyncBox  TX=BWIDTH 200m

8/22/2022 3:07 PM ResponseSyncBox  RX=OK

8/22/2022 3:07 PM CommandSyncBox  TX=CWIDTH 200m

8/22/2022 3:07 PM ResponseSyncBox  RX=OK

8/22/2022 3:07 PM CommandSyncBox  TX=DWIDTH 200m

8/22/2022 3:07 PM ResponseSyncBox  RX=OK

8/22/2022 3:07 PM CommandSyncBox  TX=aset on

8/22/2022 3:07 PM ResponseSyncBox  RX=OK

8/22/2022 3:07 PM CommandSyncBox  TX=bset on

8/22/2022 3:07 PM ResponseSyncBox  RX=OK

8/22/2022 3:07 PM CommandSyncBox  TX=cset on

8/22/2022 3:07 PM ResponseSyncBox  RX=OK

8/22/2022 3:07 PM CommandSyncBox  TX=dset on

8/22/2022 3:07 PM ResponseSyncBox  RX=OK

8/22/2022 3:07 PM CommandSyncBox  TX=IN

8/22/2022 3:07 PM ResponseSyncBox  RX=OK

8/22/2022 3:07 PM CommandAcquisChA  TX=EXPOSE
8/22/2022 3:07 PM CommandSyncBox  TX=TRigger REmote

8/22/2022 3:07 PM ResponseSyncBox  RX=OK

8/22/2022 3:07 PM CommandSyncBox  TX=IN

8/22/2022 3:07 PM ResponseSyncBox  RX=OK

8/22/2022 3:07 PM CommandSyncBox  TX=TRigger

8/22/2022 3:07 PM ResponseSyncBox  RX=Trig   REM  50R  Level 1.250   Div   0,000,000,000  SYN 00,010,000.00

8/22/2022 3:07 PM CommandSyncBox  TX=FIre

8/22/2022 3:07 PM ResponseSyncBox  RX=OK

8/22/2022 3:09 PM CommandAcquisChA  TX=WRITE_SETUP {"ACQUISITION_MODE":3,"TRIGGER_MODE":2,"READ_MODE":4,"PREAMP":0,"READOUT_RATE":0,"VERTICAL_SHIFT_SPEED":3,"EM_MODE":1,"EM_GAIN":2,"SHUTTER_MODE":2,"SHUTTER_TTL":0,"SHUTTER_OPENING_TIME":1,"SHUTTER_CLOSING_TIME":1,"VBIN":1,"HBIN":1,"INITIAL_LINE":1,"INITIAL_COLUMN":1,"FINAL_LINE":1024,"FINAL_COLUMN":1024,"FRAME_TRANSFER":true,"VERTICAL_CLOCK_VOLTAGE":0,"AD_CHANNEL":0}
8/22/2022 3:09 PM CommandAcquisChA  TX=READ_SETUP 
8/22/2022 3:09 PM ResponseAcquisChA  RX=CCD_SETUP {"PREAMP":0,"READOUT_RATE":0,"EM_GAIN":2,"VBIN":1,"INITIAL_LINE":1,"INITIAL_COLUMN":1,"FINAL_LINE":1024,"FINAL_COLUMN":1024,"TRIGGER_MODE":1,"HBIN":1,"SHUTTER_TTL":0,"SHUTTER_MODE":2,"SHUTTER_OPENING_TIME":1,"SHUTTER_CLOSING_TIME":1,"VERTICAL_SHIFT_SPEED":3,"READ_MODE":4,"FRAME_TRANSFER":true,"VERTICAL_CLOCK_VOLTAGE":0,"ACQUISITION_MODE":3,"AD_CHANNEL":0,"EM_MODE":1}
8/22/2022 3:09 PM CommandAcquisChA  TX=SET COOLER_POWER_STATUS 0
8/22/2022 3:09 PM ResponseAcquisChA  RX=DONE
8/22/2022 3:10 PM CommandAcquisChA  TX=SET EXPTIME 1.500000
8/22/2022 3:10 PM ResponseAcquisChA  RX=DONE
8/22/2022 3:10 PM CommandAcquisChA  TX=SET #FRAMES 1.000000
8/22/2022 3:10 PM ResponseAcquisChA  RX=DONE
8/22/2022 3:10 PM CommandAcquisChA  TX=SET #CUBES 1.0000 
8/22/2022 3:10 PM ResponseAcquisChA  RX=DONE
8/22/2022 3:10 PM CommandAcquisChA  TX=SET SUFFIX DARK
8/22/2022 3:10 PM ResponseAcquisChA  RX=DONE
8/22/2022 3:10 PM CommandAcquisChA  TX=SET OBSTYPE DARK
8/22/2022 3:10 PM ResponseAcquisChA  RX=DONE
8/22/2022 3:10 PM CommandSyncBox  TX=ADELAY 1000m

8/22/2022 3:10 PM ResponseSyncBox  RX=OK

8/22/2022 3:10 PM CommandSyncBox  TX=BDELAY 1500m

8/22/2022 3:10 PM ResponseSyncBox  RX=OK

8/22/2022 3:10 PM CommandSyncBox  TX=CDELAY 2000m

8/22/2022 3:10 PM ResponseSyncBox  RX=OK

8/22/2022 3:10 PM CommandSyncBox  TX=DDELAY 2500m

8/22/2022 3:10 PM ResponseSyncBox  RX=OK

8/22/2022 3:10 PM CommandSyncBox  TX=AWIDTH 200m

8/22/2022 3:10 PM ResponseSyncBox  RX=OK

8/22/2022 3:10 PM CommandSyncBox  TX=BWIDTH 200m

8/22/2022 3:10 PM ResponseSyncBox  RX=OK

8/22/2022 3:10 PM CommandSyncBox  TX=CWIDTH 200m

8/22/2022 3:10 PM ResponseSyncBox  RX=OK

8/22/2022 3:10 PM CommandSyncBox  TX=DWIDTH 200m

8/22/2022 3:10 PM ResponseSyncBox  RX=OK

8/22/2022 3:10 PM CommandSyncBox  TX=aset on

8/22/2022 3:10 PM ResponseSyncBox  RX=OK

8/22/2022 3:10 PM CommandSyncBox  TX=bset on

8/22/2022 3:10 PM ResponseSyncBox  RX=OK

8/22/2022 3:10 PM CommandSyncBox  TX=cset on

8/22/2022 3:10 PM ResponseSyncBox  RX=OK

8/22/2022 3:10 PM CommandSyncBox  TX=dset on

8/22/2022 3:10 PM ResponseSyncBox  RX=OK

8/22/2022 3:10 PM CommandSyncBox  TX=IN

8/22/2022 3:10 PM ResponseSyncBox  RX=OK

8/22/2022 3:10 PM CommandAcquisChA  TX=EXPOSE
8/22/2022 3:10 PM CommandSyncBox  TX=TRigger REmote

8/22/2022 3:10 PM ResponseSyncBox  RX=OK

8/22/2022 3:10 PM CommandSyncBox  TX=IN

8/22/2022 3:10 PM ResponseSyncBox  RX=OK

8/22/2022 3:10 PM CommandSyncBox  TX=TRigger

8/22/2022 3:10 PM ResponseSyncBox  RX=Trig   REM  50R  Level 1.250   Div   0,000,000,000  SYN 00,010,000.00

8/22/2022 3:10 PM CommandSyncBox  TX=FIre

8/22/2022 3:10 PM ResponseSyncBox  RX=OK

8/22/2022 3:11 PM CommandAcquisChA  TX=WRITE_SETUP {"ACQUISITION_MODE":3,"TRIGGER_MODE":2,"READ_MODE":4,"PREAMP":0,"READOUT_RATE":0,"VERTICAL_SHIFT_SPEED":3,"EM_MODE":1,"EM_GAIN":2,"SHUTTER_MODE":1,"SHUTTER_TTL":0,"SHUTTER_OPENING_TIME":1,"SHUTTER_CLOSING_TIME":1,"VBIN":1,"HBIN":1,"INITIAL_LINE":1,"INITIAL_COLUMN":1,"FINAL_LINE":1024,"FINAL_COLUMN":1024,"FRAME_TRANSFER":true,"VERTICAL_CLOCK_VOLTAGE":0,"AD_CHANNEL":0}
8/22/2022 3:11 PM CommandAcquisChA  TX=WRITE_SETUP {"ACQUISITION_MODE":3,"TRIGGER_MODE":2,"READ_MODE":4,"PREAMP":0,"READOUT_RATE":0,"VERTICAL_SHIFT_SPEED":3,"EM_MODE":1,"EM_GAIN":2,"SHUTTER_MODE":2,"SHUTTER_TTL":0,"SHUTTER_OPENING_TIME":1,"SHUTTER_CLOSING_TIME":1,"VBIN":1,"HBIN":1,"INITIAL_LINE":1,"INITIAL_COLUMN":1,"FINAL_LINE":1024,"FINAL_COLUMN":1024,"FRAME_TRANSFER":true,"VERTICAL_CLOCK_VOLTAGE":0,"AD_CHANNEL":0}
8/22/2022 3:11 PM CommandAcquisChA  TX=WRITE_SETUP {"ACQUISITION_MODE":3,"TRIGGER_MODE":2,"READ_MODE":4,"PREAMP":0,"READOUT_RATE":0,"VERTICAL_SHIFT_SPEED":3,"EM_MODE":1,"EM_GAIN":2,"SHUTTER_MODE":2,"SHUTTER_TTL":0,"SHUTTER_OPENING_TIME":1,"SHUTTER_CLOSING_TIME":1,"VBIN":1,"HBIN":1,"INITIAL_LINE":1,"INITIAL_COLUMN":1,"FINAL_LINE":1024,"FINAL_COLUMN":1024,"FRAME_TRANSFER":true,"VERTICAL_CLOCK_VOLTAGE":0,"AD_CHANNEL":0}
8/22/2022 3:12 PM CommandAcquisChA  TX=READ_SETUP 
8/22/2022 3:12 PM ResponseAcquisChA  RX=CCD_SETUP {"PREAMP":0,"READOUT_RATE":0,"EM_GAIN":2,"VBIN":1,"INITIAL_LINE":1,"INITIAL_COLUMN":1,"FINAL_LINE":1024,"FINAL_COLUMN":1024,"TRIGGER_MODE":1,"HBIN":1,"SHUTTER_TTL":0,"SHUTTER_MODE":2,"SHUTTER_OPENING_TIME":1,"SHUTTER_CLOSING_TIME":1,"VERTICAL_SHIFT_SPEED":3,"READ_MODE":4,"FRAME_TRANSFER":true,"VERTICAL_CLOCK_VOLTAGE":0,"ACQUISITION_MODE":3,"AD_CHANNEL":0,"EM_MODE":1}
8/22/2022 3:12 PM CommandAcquisChA  TX=SET COOLER_POWER_STATUS 0
8/22/2022 3:12 PM ResponseAcquisChA  RX=DONE
8/22/2022 3:12 PM CommandAcquisChA  TX=SET EXPTIME 1.500000
8/22/2022 3:12 PM ResponseAcquisChA  RX=DONE
8/22/2022 3:12 PM CommandAcquisChA  TX=SET #FRAMES 1.000000
8/22/2022 3:12 PM ResponseAcquisChA  RX=DONE
8/22/2022 3:12 PM CommandAcquisChA  TX=SET #CUBES 1.0000 
8/22/2022 3:12 PM ResponseAcquisChA  RX=DONE
8/22/2022 3:12 PM CommandAcquisChA  TX=SET SUFFIX DARK
8/22/2022 3:12 PM ResponseAcquisChA  RX=DONE
8/22/2022 3:12 PM CommandAcquisChA  TX=SET OBSTYPE DARK
8/22/2022 3:12 PM ResponseAcquisChA  RX=DONE
8/22/2022 3:12 PM CommandSyncBox  TX=ADELAY 1000m

8/22/2022 3:12 PM ResponseSyncBox  RX=OK

8/22/2022 3:12 PM CommandSyncBox  TX=BDELAY 1500m

8/22/2022 3:12 PM ResponseSyncBox  RX=OK

8/22/2022 3:12 PM CommandSyncBox  TX=CDELAY 2000m

8/22/2022 3:12 PM ResponseSyncBox  RX=OK

8/22/2022 3:12 PM CommandSyncBox  TX=DDELAY 2500m

8/22/2022 3:12 PM ResponseSyncBox  RX=OK

8/22/2022 3:12 PM CommandSyncBox  TX=AWIDTH 200m

8/22/2022 3:12 PM ResponseSyncBox  RX=OK

8/22/2022 3:12 PM CommandSyncBox  TX=BWIDTH 200m

8/22/2022 3:12 PM ResponseSyncBox  RX=OK

8/22/2022 3:12 PM CommandSyncBox  TX=CWIDTH 200m

8/22/2022 3:12 PM ResponseSyncBox  RX=OK

8/22/2022 3:12 PM CommandSyncBox  TX=DWIDTH 200m

8/22/2022 3:12 PM ResponseSyncBox  RX=OK

8/22/2022 3:12 PM CommandSyncBox  TX=aset on

8/22/2022 3:12 PM ResponseSyncBox  RX=OK

8/22/2022 3:12 PM CommandSyncBox  TX=bset on

8/22/2022 3:12 PM ResponseSyncBox  RX=OK

8/22/2022 3:12 PM CommandSyncBox  TX=cset on

8/22/2022 3:12 PM ResponseSyncBox  RX=OK

8/22/2022 3:12 PM CommandSyncBox  TX=dset on

8/22/2022 3:12 PM ResponseSyncBox  RX=OK

8/22/2022 3:12 PM CommandSyncBox  TX=IN

8/22/2022 3:12 PM ResponseSyncBox  RX=OK

8/22/2022 3:12 PM CommandAcquisChA  TX=EXPOSE
8/22/2022 3:12 PM CommandSyncBox  TX=TRigger REmote

8/22/2022 3:12 PM ResponseSyncBox  RX=OK

8/22/2022 3:12 PM CommandSyncBox  TX=IN

8/22/2022 3:12 PM ResponseSyncBox  RX=OK

8/22/2022 3:12 PM CommandSyncBox  TX=TRigger

8/22/2022 3:12 PM ResponseSyncBox  RX=Trig   REM  50R  Level 1.250   Div   0,000,000,000  SYN 00,010,000.00

8/22/2022 3:12 PM CommandSyncBox  TX=FIre

8/22/2022 3:12 PM ResponseSyncBox  RX=OK

8/22/2022 3:13 PM CommandAcquisChA  TX=WRITE_SETUP {"ACQUISITION_MODE":3,"TRIGGER_MODE":2,"READ_MODE":4,"PREAMP":0,"READOUT_RATE":0,"VERTICAL_SHIFT_SPEED":3,"EM_MODE":1,"EM_GAIN":2,"SHUTTER_MODE":2,"SHUTTER_TTL":0,"SHUTTER_OPENING_TIME":1,"SHUTTER_CLOSING_TIME":1,"VBIN":1,"HBIN":1,"INITIAL_LINE":1,"INITIAL_COLUMN":1,"FINAL_LINE":1024,"FINAL_COLUMN":1024,"FRAME_TRANSFER":true,"VERTICAL_CLOCK_VOLTAGE":0,"AD_CHANNEL":0}
8/22/2022 3:13 PM CommandAcquisChA  TX=READ_SETUP 
8/22/2022 3:13 PM ResponseAcquisChA  RX=CCD_SETUP {"PREAMP":0,"READOUT_RATE":0,"EM_GAIN":2,"VBIN":1,"INITIAL_LINE":1,"INITIAL_COLUMN":1,"FINAL_LINE":1024,"FINAL_COLUMN":1024,"TRIGGER_MODE":1,"HBIN":1,"SHUTTER_TTL":0,"SHUTTER_MODE":2,"SHUTTER_OPENING_TIME":1,"SHUTTER_CLOSING_TIME":1,"VERTICAL_SHIFT_SPEED":3,"READ_MODE":4,"FRAME_TRANSFER":true,"VERTICAL_CLOCK_VOLTAGE":0,"ACQUISITION_MODE":3,"AD_CHANNEL":0,"EM_MODE":1}
8/22/2022 3:13 PM CommandAcquisChA  TX=SET COOLER_POWER_STATUS 0
8/22/2022 3:13 PM ResponseAcquisChA  RX=DONE
8/22/2022 3:13 PM CommandAcquisChA  TX=SET EXPTIME 0.000010
8/22/2022 3:13 PM ResponseAcquisChA  RX=DONE
8/22/2022 3:13 PM CommandAcquisChA  TX=SET #FRAMES 1.000000
8/22/2022 3:13 PM ResponseAcquisChA  RX=DONE
8/22/2022 3:13 PM CommandAcquisChA  TX=SET #CUBES 1.0000 
8/22/2022 3:13 PM ResponseAcquisChA  RX=DONE
8/22/2022 3:13 PM CommandAcquisChA  TX=SET SUFFIX ZERO
8/22/2022 3:13 PM ResponseAcquisChA  RX=DONE
8/22/2022 3:13 PM CommandAcquisChA  TX=SET OBSTYPE ZERO
8/22/2022 3:13 PM ResponseAcquisChA  RX=DONE
8/22/2022 3:13 PM CommandSyncBox  TX=ADELAY 1000m

8/22/2022 3:13 PM ResponseSyncBox  RX=OK

8/22/2022 3:13 PM CommandSyncBox  TX=BDELAY 1500m

8/22/2022 3:13 PM ResponseSyncBox  RX=OK

8/22/2022 3:13 PM CommandSyncBox  TX=CDELAY 2000m

8/22/2022 3:13 PM ResponseSyncBox  RX=OK

8/22/2022 3:13 PM CommandSyncBox  TX=DDELAY 2500m

8/22/2022 3:13 PM ResponseSyncBox  RX=OK

8/22/2022 3:13 PM CommandSyncBox  TX=AWIDTH 200m

8/22/2022 3:13 PM ResponseSyncBox  RX=OK

8/22/2022 3:13 PM CommandSyncBox  TX=BWIDTH 200m

8/22/2022 3:13 PM ResponseSyncBox  RX=OK

8/22/2022 3:13 PM CommandSyncBox  TX=CWIDTH 200m

8/22/2022 3:13 PM ResponseSyncBox  RX=OK

8/22/2022 3:13 PM CommandSyncBox  TX=DWIDTH 200m

8/22/2022 3:13 PM ResponseSyncBox  RX=OK

8/22/2022 3:13 PM CommandSyncBox  TX=aset on

8/22/2022 3:13 PM ResponseSyncBox  RX=OK

8/22/2022 3:13 PM CommandSyncBox  TX=bset on

8/22/2022 3:13 PM ResponseSyncBox  RX=OK

8/22/2022 3:13 PM CommandSyncBox  TX=cset on

8/22/2022 3:13 PM ResponseSyncBox  RX=OK

8/22/2022 3:13 PM CommandSyncBox  TX=dset on

8/22/2022 3:13 PM ResponseSyncBox  RX=OK

8/22/2022 3:13 PM CommandSyncBox  TX=IN

8/22/2022 3:13 PM ResponseSyncBox  RX=OK

8/22/2022 3:13 PM CommandAcquisChA  TX=EXPOSE
8/22/2022 3:13 PM CommandSyncBox  TX=TRigger REmote

8/22/2022 3:13 PM ResponseSyncBox  RX=OK

8/22/2022 3:13 PM CommandSyncBox  TX=IN

8/22/2022 3:13 PM ResponseSyncBox  RX=OK

8/22/2022 3:13 PM CommandSyncBox  TX=TRigger

8/22/2022 3:13 PM ResponseSyncBox  RX=Trig   REM  50R  Level 1.250   Div   0,000,000,000  SYN 00,010,000.00

8/22/2022 3:13 PM CommandSyncBox  TX=FIre

8/22/2022 3:13 PM ResponseSyncBox  RX=OK

8/22/2022 3:15 PM CommandAcquisChA  TX=SET EXPTIME 0.000010
8/22/2022 3:15 PM ResponseAcquisChA  RX=DONE
8/22/2022 3:15 PM CommandAcquisChA  TX=SET #FRAMES 10.000000
8/22/2022 3:15 PM ResponseAcquisChA  RX=DONE
8/22/2022 3:15 PM CommandAcquisChA  TX=SET #CUBES 1.0000 
8/22/2022 3:15 PM ResponseAcquisChA  RX=DONE
8/22/2022 3:15 PM CommandAcquisChA  TX=SET SUFFIX ZERO
8/22/2022 3:15 PM ResponseAcquisChA  RX=DONE
8/22/2022 3:15 PM CommandAcquisChA  TX=SET OBSTYPE ZERO
8/22/2022 3:15 PM ResponseAcquisChA  RX=DONE
8/22/2022 3:15 PM CommandSyncBox  TX=ADELAY 1000m

8/22/2022 3:15 PM ResponseSyncBox  RX=OK

8/22/2022 3:15 PM CommandSyncBox  TX=BDELAY 1500m

8/22/2022 3:15 PM ResponseSyncBox  RX=OK

8/22/2022 3:15 PM CommandSyncBox  TX=CDELAY 2000m

8/22/2022 3:15 PM ResponseSyncBox  RX=OK

8/22/2022 3:15 PM CommandSyncBox  TX=DDELAY 2500m

8/22/2022 3:15 PM ResponseSyncBox  RX=OK

8/22/2022 3:15 PM CommandSyncBox  TX=AWIDTH 200m

8/22/2022 3:15 PM ResponseSyncBox  RX=OK

8/22/2022 3:15 PM CommandSyncBox  TX=BWIDTH 200m

8/22/2022 3:15 PM ResponseSyncBox  RX=OK

8/22/2022 3:15 PM CommandSyncBox  TX=CWIDTH 200m

8/22/2022 3:15 PM ResponseSyncBox  RX=OK

8/22/2022 3:15 PM CommandSyncBox  TX=DWIDTH 200m

8/22/2022 3:15 PM ResponseSyncBox  RX=OK

8/22/2022 3:15 PM CommandSyncBox  TX=aset on

8/22/2022 3:15 PM ResponseSyncBox  RX=OK

8/22/2022 3:15 PM CommandSyncBox  TX=bset on

8/22/2022 3:15 PM ResponseSyncBox  RX=OK

8/22/2022 3:15 PM CommandSyncBox  TX=cset on

8/22/2022 3:15 PM ResponseSyncBox  RX=OK

8/22/2022 3:15 PM CommandSyncBox  TX=dset on

8/22/2022 3:15 PM ResponseSyncBox  RX=OK

8/22/2022 3:15 PM CommandSyncBox  TX=IN

8/22/2022 3:15 PM ResponseSyncBox  RX=OK

8/22/2022 3:15 PM CommandAcquisChA  TX=EXPOSE
8/22/2022 3:15 PM CommandSyncBox  TX=TRigger REmote

8/22/2022 3:15 PM ResponseSyncBox  RX=OK

8/22/2022 3:15 PM CommandSyncBox  TX=IN

8/22/2022 3:15 PM ResponseSyncBox  RX=OK

8/22/2022 3:15 PM CommandSyncBox  TX=TRigger

8/22/2022 3:15 PM ResponseSyncBox  RX=Trig   REM  50R  Level 1.250   Div   0,000,000,000  SYN 00,010,000.00

8/22/2022 3:15 PM CommandSyncBox  TX=FIre

8/22/2022 3:15 PM ResponseSyncBox  RX=OK

8/22/2022 3:15 PM CommandSyncBox  TX=FIre

8/22/2022 3:15 PM ResponseSyncBox  RX=

     Highland Technology  Model T560  Digital Delay Generator

Firmware 28E560-D  02407                Cal date July 19, 2018      

Trig   REM  50R  Level 1.250   Div   0,000,000,000  SYN 00,010,000.00
Gate   OFF  POS  HIZ           Shots 0,000,000,182
Burst  OFF  N  0,000,000,016   of M  0,000,000,064

Verbos ON   Autoinstall FEOD   Usec 0,658,942,212  DPLL 00010
Clock  OUT  Trim 02166         Temp +49.3

Errs   None

Ch A  POS  ON     Dly  01.000,000,000,000  Wid  00.200,000,000,000
Ch B  POS  ON     Dly  01.500,000,000,000  Wid  00.200,000,000,000
Ch C  POS  ON     Dly  02.000,000,000,000  Wid  00.200,000,000,000
Ch D  POS  ON     Dly  02.500,000,000,000  Wid  00.200,000,000,000



8/22/2022 3:15 PM ResponseSyncBox  RX=OK

8/22/2022 3:15 PM CommandSyncBox  TX=FIre

8/22/2022 3:15 PM ResponseSyncBox  RX=

     Highland Technology  Model T560  Digital Delay Generator

Firmware 28E560-D  02407                Cal date July 19, 2018      

Trig   REM  50R  Level 1.250   Div   0,000,000,000  SYN 00,010,000.00
Gate   OFF  POS  HIZ           Shots 0,000,000,183
Burst  OFF  N  0,000,000,016   of M  0,000,000,064

Verbos ON   Autoinstall FEOD   Usec 0,671,912,247  DPLL 00010
Clock  OUT  Trim 02166         Temp +49.2

Errs   None

Ch A  POS  ON     Dly  01.000,000,000,000  Wid  00.200,000,000,000
Ch B  POS  ON     Dly  01.500,000,000,000  Wid  00.200,000,000,000
Ch C  POS  ON     Dly  02.000,000,000,000  Wid  00.200,000,000,000
Ch D  POS  ON     Dly  02.500,000,000,000  Wid  00.200,000,000,000



8/22/2022 3:16 PM ResponseSyncBox  RX=OK

8/22/2022 3:16 PM CommandSyncBox  TX=FIre

8/22/2022 3:16 PM ResponseSyncBox  RX=OK

