8/22/2022 11:41 AM CommandAcquisChA  TX=WRITE_SETUP {"ACQUISITION_MODE":3,"TRIGGER_MODE":2,"READ_MODE":4,"PREAMP":0,"READOUT_RATE":0,"VERTICAL_SHIFT_SPEED":3,"EM_MODE":1,"EM_GAIN":2,"SHUTTER_MODE":2,"SHUTTER_TTL":0,"SHUTTER_OPENING_TIME":1,"SHUTTER_CLOSING_TIME":1,"VBIN":1,"HBIN":1,"INITIAL_LINE":1,"INITIAL_COLUMN":1,"FINAL_LINE":1024,"FINAL_COLUMN":1024,"FRAME_TRANSFER":true,"VERTICAL_CLOCK_VOLTAGE":0,"AD_CHANNEL":0}
8/22/2022 11:41 AM CommandAcquisChB  TX=WRITE_SETUP {"ACQUISITION_MODE":3,"TRIGGER_MODE":1,"READ_MODE":0,"PREAMP":0,"READOUT_RATE":0,"VERTICAL_SHIFT_SPEED":0,"EM_MODE":1,"EM_GAIN":2,"SHUTTER_MODE":2,"SHUTTER_TTL":0,"SHUTTER_OPENING_TIME":1,"SHUTTER_CLOSING_TIME":1,"VBIN":1,"HBIN":1,"INITIAL_LINE":1,"INITIAL_COLUMN":1,"FINAL_LINE":1024,"FINAL_COLUMN":1024,"FRAME_TRANSFER":true,"VERTICAL_CLOCK_VOLTAGE":0,"AD_CHANNEL":0}
8/22/2022 11:41 AM CommandAcquisChC  TX=WRITE_SETUP {"ACQUISITION_MODE":3,"TRIGGER_MODE":1,"READ_MODE":0,"PREAMP":0,"READOUT_RATE":0,"VERTICAL_SHIFT_SPEED":0,"EM_MODE":1,"EM_GAIN":2,"SHUTTER_MODE":2,"SHUTTER_TTL":0,"SHUTTER_OPENING_TIME":1,"SHUTTER_CLOSING_TIME":1,"VBIN":1,"HBIN":1,"INITIAL_LINE":1,"INITIAL_COLUMN":1,"FINAL_LINE":1024,"FINAL_COLUMN":1024,"FRAME_TRANSFER":true,"VERTICAL_CLOCK_VOLTAGE":0,"AD_CHANNEL":0}
8/22/2022 11:41 AM CommandAcquisChD  TX=WRITE_SETUP {"ACQUISITION_MODE":3,"TRIGGER_MODE":2,"READ_MODE":0,"PREAMP":0,"READOUT_RATE":0,"VERTICAL_SHIFT_SPEED":3,"EM_MODE":1,"EM_GAIN":2,"SHUTTER_MODE":2,"SHUTTER_TTL":0,"SHUTTER_OPENING_TIME":1,"SHUTTER_CLOSING_TIME":1,"VBIN":1,"HBIN":1,"INITIAL_LINE":1,"INITIAL_COLUMN":1,"FINAL_LINE":1024,"FINAL_COLUMN":1024,"FRAME_TRANSFER":true,"VERTICAL_CLOCK_VOLTAGE":0,"AD_CHANNEL":0}
8/22/2022 11:41 AM CommandSyncBox  TX=ADELAY 1000m

8/22/2022 11:41 AM ResponseSyncBox  RX=OK

8/22/2022 11:41 AM CommandSyncBox  TX=BDELAY 1500m

8/22/2022 11:41 AM ResponseSyncBox  RX=OK

8/22/2022 11:41 AM CommandSyncBox  TX=CDELAY 2000m

8/22/2022 11:41 AM ResponseSyncBox  RX=OK

8/22/2022 11:41 AM CommandSyncBox  TX=DDELAY 2500m

8/22/2022 11:41 AM ResponseSyncBox  RX=OK

8/22/2022 11:41 AM CommandSyncBox  TX=AWIDTH 200m

8/22/2022 11:41 AM ResponseSyncBox  RX=OK

8/22/2022 11:41 AM CommandSyncBox  TX=BWIDTH 200m

8/22/2022 11:41 AM ResponseSyncBox  RX=OK

8/22/2022 11:41 AM CommandSyncBox  TX=CWIDTH 200m

8/22/2022 11:41 AM ResponseSyncBox  RX=OK

8/22/2022 11:41 AM CommandSyncBox  TX=DWIDTH 200m

8/22/2022 11:41 AM ResponseSyncBox  RX=OK

8/22/2022 11:41 AM CommandSyncBox  TX=aset on

8/22/2022 11:41 AM ResponseSyncBox  RX=OK

8/22/2022 11:41 AM CommandSyncBox  TX=bset on

8/22/2022 11:41 AM ResponseSyncBox  RX=OK

8/22/2022 11:41 AM CommandSyncBox  TX=cset on

8/22/2022 11:41 AM ResponseSyncBox  RX=OK

8/22/2022 11:41 AM CommandSyncBox  TX=dset on

8/22/2022 11:41 AM ResponseSyncBox  RX=OK

8/22/2022 11:41 AM CommandSyncBox  TX=IN

8/22/2022 11:41 AM ResponseSyncBox  RX=OK

8/22/2022 11:41 AM CommandAcquisChA  TX=READ_SETUP 
8/22/2022 11:41 AM CommandAcquisChB  TX=READ_SETUP 
8/22/2022 11:41 AM CommandAcquisChC  TX=READ_SETUP 
8/22/2022 11:41 AM CommandAcquisChD  TX=READ_SETUP 
8/22/2022 11:41 AM ResponseAcquisChD  RX=CCD_SETUP {"PREAMP":0,"READOUT_RATE":0,"EM_GAIN":2,"VBIN":1,"INITIAL_LINE":1,"INITIAL_COLUMN":1,"FINAL_LINE":1024,"FINAL_COLUMN":1024,"TRIGGER_MODE":1,"HBIN":1,"SHUTTER_TTL":0,"SHUTTER_MODE":2,"SHUTTER_OPENING_TIME":1,"SHUTTER_CLOSING_TIME":1,"VERTICAL_SHIFT_SPEED":3,"READ_MODE":0,"FRAME_TRANSFER":true,"VERTICAL_CLOCK_VOLTAGE":0,"ACQUISITION_MODE":3,"AD_CHANNEL":0,"EM_MODE":1}
8/22/2022 11:41 AM CommandAcquisChD  TX=SET TEMP -60
8/22/2022 11:41 AM CommandAcquisChD  TX=SET COOLER_POWER_STATUS 1
8/22/2022 11:41 AM ResponseAcquisChD  RX=DONE
8/22/2022 11:41 AM CommandAcquisChA  TX=SET COOLER_POWER_STATUS 0
8/22/2022 11:41 AM CommandAcquisChB  TX=SET COOLER_POWER_STATUS 0
8/22/2022 11:41 AM CommandAcquisChC  TX=SET COOLER_POWER_STATUS 0
8/22/2022 11:41 AM CommandAcquisChD  TX=SET EXPTIME 1.500000
8/22/2022 11:41 AM ResponseAcquisChD  RX=DONE
8/22/2022 11:41 AM CommandAcquisChD  TX=SET #FRAMES 5.000000
8/22/2022 11:41 AM ResponseAcquisChD  RX=DONE
8/22/2022 11:41 AM CommandAcquisChD  TX=SET #CUBES 1.0000 
8/22/2022 11:41 AM ResponseAcquisChD  RX=DONE
8/22/2022 11:41 AM CommandAcquisChD  TX=SET SUFFIX DARK
8/22/2022 11:41 AM ResponseAcquisChD  RX=DONE
8/22/2022 11:41 AM CommandAcquisChD  TX=SET OBSTYPE DARK
8/22/2022 11:41 AM ResponseAcquisChD  RX=DONE
8/22/2022 11:41 AM CommandSyncBox  TX=ADELAY 1000m

8/22/2022 11:41 AM ResponseSyncBox  RX=OK

8/22/2022 11:41 AM CommandSyncBox  TX=BDELAY 1500m

8/22/2022 11:41 AM ResponseSyncBox  RX=OK

8/22/2022 11:41 AM CommandSyncBox  TX=CDELAY 2000m

8/22/2022 11:41 AM ResponseSyncBox  RX=OK

8/22/2022 11:41 AM CommandSyncBox  TX=DDELAY 2500m

8/22/2022 11:41 AM ResponseSyncBox  RX=OK

8/22/2022 11:41 AM CommandSyncBox  TX=AWIDTH 200m

8/22/2022 11:41 AM ResponseSyncBox  RX=OK

8/22/2022 11:41 AM CommandSyncBox  TX=BWIDTH 200m

8/22/2022 11:41 AM ResponseSyncBox  RX=OK

8/22/2022 11:41 AM CommandSyncBox  TX=CWIDTH 200m

8/22/2022 11:41 AM ResponseSyncBox  RX=OK

8/22/2022 11:41 AM CommandSyncBox  TX=DWIDTH 200m

8/22/2022 11:41 AM ResponseSyncBox  RX=OK

8/22/2022 11:41 AM CommandSyncBox  TX=aset on

8/22/2022 11:41 AM ResponseSyncBox  RX=OK

8/22/2022 11:41 AM CommandSyncBox  TX=bset on

8/22/2022 11:41 AM ResponseSyncBox  RX=OK

8/22/2022 11:41 AM CommandSyncBox  TX=cset on

8/22/2022 11:41 AM ResponseSyncBox  RX=OK

8/22/2022 11:41 AM CommandSyncBox  TX=dset on

8/22/2022 11:41 AM ResponseSyncBox  RX=OK

8/22/2022 11:41 AM CommandSyncBox  TX=IN

8/22/2022 11:41 AM ResponseSyncBox  RX=OK

8/22/2022 11:41 AM CommandSyncBox  TX=TRigger REmote

8/22/2022 11:41 AM ResponseSyncBox  RX=OK

8/22/2022 11:41 AM CommandSyncBox  TX=IN

8/22/2022 11:41 AM ResponseSyncBox  RX=OK

8/22/2022 11:41 AM CommandSyncBox  TX=TRigger

8/22/2022 11:41 AM ResponseSyncBox  RX=Trig   REM  50R  Level 1.250   Div   0,000,000,000  SYN 00,010,000.00

8/22/2022 11:41 AM CommandSyncBox  TX=FIre

8/22/2022 11:42 AM ResponseSyncBox  RX=OK

8/22/2022 11:42 AM CommandAcquisChD  TX=SET EXPTIME 1.500000
8/22/2022 11:42 AM ResponseAcquisChD  RX=DONE
8/22/2022 11:42 AM CommandAcquisChD  TX=SET #FRAMES 5.000000
8/22/2022 11:42 AM ResponseAcquisChD  RX=DONE
8/22/2022 11:42 AM CommandAcquisChD  TX=SET #CUBES 1.0000 
8/22/2022 11:42 AM ResponseAcquisChD  RX=DONE
8/22/2022 11:42 AM CommandAcquisChD  TX=SET SUFFIX DARK
8/22/2022 11:42 AM ResponseAcquisChD  RX=DONE
8/22/2022 11:42 AM CommandAcquisChD  TX=SET OBSTYPE DARK
8/22/2022 11:42 AM ResponseAcquisChD  RX=DONE
8/22/2022 11:42 AM CommandSyncBox  TX=ADELAY 1000m

8/22/2022 11:42 AM ResponseSyncBox  RX=OK

8/22/2022 11:42 AM CommandSyncBox  TX=BDELAY 1500m

8/22/2022 11:42 AM ResponseSyncBox  RX=OK

8/22/2022 11:42 AM CommandSyncBox  TX=CDELAY 2000m

8/22/2022 11:42 AM ResponseSyncBox  RX=OK

8/22/2022 11:42 AM CommandSyncBox  TX=DDELAY 2500m

8/22/2022 11:42 AM ResponseSyncBox  RX=OK

8/22/2022 11:42 AM CommandSyncBox  TX=AWIDTH 200m

8/22/2022 11:42 AM ResponseSyncBox  RX=OK

8/22/2022 11:42 AM CommandSyncBox  TX=BWIDTH 200m

8/22/2022 11:42 AM ResponseSyncBox  RX=OK

8/22/2022 11:42 AM CommandSyncBox  TX=CWIDTH 200m

8/22/2022 11:42 AM ResponseSyncBox  RX=OK

8/22/2022 11:42 AM CommandSyncBox  TX=DWIDTH 200m

8/22/2022 11:42 AM ResponseSyncBox  RX=OK

8/22/2022 11:42 AM CommandSyncBox  TX=aset on

8/22/2022 11:42 AM ResponseSyncBox  RX=OK

8/22/2022 11:42 AM CommandSyncBox  TX=bset on

8/22/2022 11:42 AM ResponseSyncBox  RX=OK

8/22/2022 11:42 AM CommandSyncBox  TX=cset on

8/22/2022 11:42 AM ResponseSyncBox  RX=OK

8/22/2022 11:42 AM CommandSyncBox  TX=dset on

8/22/2022 11:42 AM ResponseSyncBox  RX=OK

8/22/2022 11:42 AM CommandSyncBox  TX=IN

8/22/2022 11:42 AM ResponseSyncBox  RX=OK

8/22/2022 11:42 AM CommandSyncBox  TX=TRigger REmote

8/22/2022 11:42 AM ResponseSyncBox  RX=OK

8/22/2022 11:42 AM CommandSyncBox  TX=IN

8/22/2022 11:42 AM ResponseSyncBox  RX=OK

8/22/2022 11:42 AM CommandSyncBox  TX=TRigger

8/22/2022 11:42 AM ResponseSyncBox  RX=Trig   REM  50R  Level 1.250   Div   0,000,000,000  SYN 00,010,000.00

8/22/2022 11:42 AM CommandSyncBox  TX=FIre

8/22/2022 11:42 AM ResponseSyncBox  RX=OK

8/22/2022 11:42 AM CommandAcquisChD  TX=SET EXPTIME 1.500000
8/22/2022 11:42 AM ResponseAcquisChD  RX=DONE
8/22/2022 11:42 AM CommandAcquisChD  TX=SET #FRAMES 5.000000
8/22/2022 11:42 AM ResponseAcquisChD  RX=DONE
8/22/2022 11:42 AM CommandAcquisChD  TX=SET #CUBES 1.0000 
8/22/2022 11:42 AM ResponseAcquisChD  RX=DONE
8/22/2022 11:42 AM CommandAcquisChD  TX=SET SUFFIX DARK
8/22/2022 11:42 AM ResponseAcquisChD  RX=DONE
8/22/2022 11:42 AM CommandAcquisChD  TX=SET OBSTYPE DARK
8/22/2022 11:42 AM ResponseAcquisChD  RX=DONE
8/22/2022 11:42 AM CommandSyncBox  TX=ADELAY 1000m

8/22/2022 11:42 AM ResponseSyncBox  RX=

     Highland Technology  Model T560  Digital Delay Generator

Firmware 28E560-D  02407                Cal date July 19, 2018      

Trig   REM  50R  Level 1.250   Div   0,000,000,000  SYN 00,010,000.00
Gate   OFF  POS  HIZ           Shots 0,000,000,157
Burst  OFF  N  0,000,000,016   of M  0,000,000,064

Verbos ON   Autoinstall FEOD   Usec 0,745,109,507  DPLL 00008
Clock  OUT  Trim 02166         Temp +49.5

Errs   None

Ch A  POS  ON     Dly  01.000,000,000,000  Wid  00.200,000,000,000
Ch B  POS  ON     Dly  01.500,000,000,000  Wid  00.200,000,000,000
Ch C  POS  ON     Dly  02.000,000,000,000  Wid  00.200,000,000,000
Ch D  POS  ON     Dly  02.500,000,000,000  Wid  00.200,000,000,000



8/22/2022 11:42 AM ResponseSyncBox  RX=OK

8/22/2022 11:42 AM CommandSyncBox  TX=BDELAY 1500m

8/22/2022 11:42 AM ResponseSyncBox  RX=OK

8/22/2022 11:42 AM CommandSyncBox  TX=CDELAY 2000m

8/22/2022 11:42 AM ResponseSyncBox  RX=OK

8/22/2022 11:42 AM CommandSyncBox  TX=DDELAY 2500m

8/22/2022 11:42 AM ResponseSyncBox  RX=OK

8/22/2022 11:42 AM CommandSyncBox  TX=AWIDTH 200m

8/22/2022 11:42 AM ResponseSyncBox  RX=OK

8/22/2022 11:42 AM CommandSyncBox  TX=BWIDTH 200m

8/22/2022 11:42 AM ResponseSyncBox  RX=OK

8/22/2022 11:42 AM CommandSyncBox  TX=CWIDTH 200m

8/22/2022 11:42 AM ResponseSyncBox  RX=OK

8/22/2022 11:42 AM CommandSyncBox  TX=DWIDTH 200m

8/22/2022 11:42 AM ResponseSyncBox  RX=OK

8/22/2022 11:42 AM CommandSyncBox  TX=aset on

8/22/2022 11:42 AM ResponseSyncBox  RX=OK

8/22/2022 11:42 AM CommandSyncBox  TX=bset on

8/22/2022 11:42 AM ResponseSyncBox  RX=OK

8/22/2022 11:42 AM CommandSyncBox  TX=cset on

8/22/2022 11:42 AM ResponseSyncBox  RX=OK

8/22/2022 11:42 AM CommandSyncBox  TX=dset on

8/22/2022 11:42 AM ResponseSyncBox  RX=OK

8/22/2022 11:42 AM CommandSyncBox  TX=IN

8/22/2022 11:42 AM ResponseSyncBox  RX=OK

8/22/2022 11:42 AM CommandSyncBox  TX=TRigger REmote

8/22/2022 11:42 AM ResponseSyncBox  RX=OK

8/22/2022 11:42 AM CommandSyncBox  TX=IN

8/22/2022 11:42 AM ResponseSyncBox  RX=OK

8/22/2022 11:42 AM CommandSyncBox  TX=TRigger

8/22/2022 11:42 AM ResponseSyncBox  RX=Trig   REM  50R  Level 1.250   Div   0,000,000,000  SYN 00,010,000.00

8/22/2022 11:42 AM CommandSyncBox  TX=FIre

8/22/2022 11:42 AM ResponseSyncBox  RX=OK

8/22/2022 11:46 AM CommandAcquisChD  TX=SET EXPTIME 1.500000
8/22/2022 11:46 AM ResponseAcquisChD  RX=DONE
8/22/2022 11:46 AM CommandAcquisChD  TX=SET #FRAMES 5.000000
8/22/2022 11:46 AM ResponseAcquisChD  RX=DONE
8/22/2022 11:46 AM CommandAcquisChD  TX=SET #CUBES 1.0000 
8/22/2022 11:46 AM ResponseAcquisChD  RX=DONE
8/22/2022 11:46 AM CommandAcquisChD  TX=SET SUFFIX DARK
8/22/2022 11:46 AM ResponseAcquisChD  RX=DONE
8/22/2022 11:46 AM CommandAcquisChD  TX=SET OBSTYPE DARK
8/22/2022 11:46 AM ResponseAcquisChD  RX=DONE
8/22/2022 11:46 AM CommandSyncBox  TX=ADELAY 1000m

8/22/2022 11:46 AM ResponseSyncBox  RX=OK

8/22/2022 11:46 AM CommandSyncBox  TX=BDELAY 1500m

8/22/2022 11:46 AM ResponseSyncBox  RX=OK

8/22/2022 11:46 AM CommandSyncBox  TX=CDELAY 2000m

8/22/2022 11:46 AM ResponseSyncBox  RX=OK

8/22/2022 11:46 AM CommandSyncBox  TX=DDELAY 2500m

8/22/2022 11:46 AM ResponseSyncBox  RX=OK

8/22/2022 11:46 AM CommandSyncBox  TX=AWIDTH 200m

8/22/2022 11:46 AM ResponseSyncBox  RX=OK

8/22/2022 11:46 AM CommandSyncBox  TX=BWIDTH 200m

8/22/2022 11:46 AM ResponseSyncBox  RX=OK

8/22/2022 11:46 AM CommandSyncBox  TX=CWIDTH 200m

8/22/2022 11:46 AM ResponseSyncBox  RX=OK

8/22/2022 11:46 AM CommandSyncBox  TX=DWIDTH 200m

8/22/2022 11:46 AM ResponseSyncBox  RX=OK

8/22/2022 11:46 AM CommandSyncBox  TX=aset on

8/22/2022 11:46 AM ResponseSyncBox  RX=OK

8/22/2022 11:46 AM CommandSyncBox  TX=bset on

8/22/2022 11:46 AM ResponseSyncBox  RX=OK

8/22/2022 11:46 AM CommandSyncBox  TX=cset on

8/22/2022 11:46 AM ResponseSyncBox  RX=OK

8/22/2022 11:46 AM CommandSyncBox  TX=dset on

8/22/2022 11:46 AM ResponseSyncBox  RX=OK

8/22/2022 11:46 AM CommandSyncBox  TX=IN

8/22/2022 11:46 AM ResponseSyncBox  RX=OK

8/22/2022 11:46 AM CommandSyncBox  TX=TRigger REmote

8/22/2022 11:46 AM ResponseSyncBox  RX=OK

8/22/2022 11:46 AM CommandSyncBox  TX=IN

8/22/2022 11:46 AM ResponseSyncBox  RX=OK

8/22/2022 11:46 AM CommandSyncBox  TX=TRigger

8/22/2022 11:46 AM ResponseSyncBox  RX=Trig   REM  50R  Level 1.250   Div   0,000,000,000  SYN 00,010,000.00

8/22/2022 11:46 AM CommandSyncBox  TX=FIre

8/22/2022 11:46 AM ResponseSyncBox  RX=OK

8/22/2022 11:46 AM CommandAcquisChD  TX=SET EXPTIME 1.500000
8/22/2022 11:46 AM ResponseAcquisChD  RX=DONE
8/22/2022 11:46 AM CommandAcquisChD  TX=SET #FRAMES 5.000000
8/22/2022 11:46 AM ResponseAcquisChD  RX=DONE
8/22/2022 11:46 AM CommandAcquisChD  TX=SET #CUBES 1.0000 
8/22/2022 11:46 AM ResponseAcquisChD  RX=DONE
8/22/2022 11:46 AM CommandAcquisChD  TX=SET SUFFIX DARK
8/22/2022 11:46 AM ResponseAcquisChD  RX=DONE
8/22/2022 11:46 AM CommandAcquisChD  TX=SET OBSTYPE DARK
8/22/2022 11:46 AM ResponseAcquisChD  RX=DONE
8/22/2022 11:46 AM CommandSyncBox  TX=ADELAY 1000m

8/22/2022 11:46 AM ResponseSyncBox  RX=

     Highland Technology  Model T560  Digital Delay Generator

Firmware 28E560-D  02407                Cal date July 19, 2018      

Trig   REM  50R  Level 1.250   Div   0,000,000,000  SYN 00,010,000.00
Gate   OFF  POS  HIZ           Shots 0,000,000,159
Burst  OFF  N  0,000,000,016   of M  0,000,000,064

Verbos ON   Autoinstall FEOD   Usec 1,010,379,959  DPLL 00007
Clock  OUT  Trim 02166         Temp +49.5

Errs   None

Ch A  POS  ON     Dly  01.000,000,000,000  Wid  00.200,000,000,000
Ch B  POS  ON     Dly  01.500,000,000,000  Wid  00.200,000,000,000
Ch C  POS  ON     Dly  02.000,000,000,000  Wid  00.200,000,000,000
Ch D  POS  ON     Dly  02.500,000,000,000  Wid  00.200,000,000,000



8/22/2022 11:46 AM ResponseSyncBox  RX=OK

8/22/2022 11:46 AM CommandSyncBox  TX=BDELAY 1500m

8/22/2022 11:46 AM ResponseSyncBox  RX=OK

8/22/2022 11:46 AM CommandSyncBox  TX=CDELAY 2000m

8/22/2022 11:46 AM ResponseSyncBox  RX=OK

8/22/2022 11:46 AM CommandSyncBox  TX=DDELAY 2500m

8/22/2022 11:46 AM ResponseSyncBox  RX=OK

8/22/2022 11:46 AM CommandSyncBox  TX=AWIDTH 200m

8/22/2022 11:46 AM ResponseSyncBox  RX=OK

8/22/2022 11:46 AM CommandSyncBox  TX=BWIDTH 200m

8/22/2022 11:46 AM ResponseSyncBox  RX=OK

8/22/2022 11:46 AM CommandSyncBox  TX=CWIDTH 200m

8/22/2022 11:46 AM ResponseSyncBox  RX=OK

8/22/2022 11:46 AM CommandSyncBox  TX=DWIDTH 200m

8/22/2022 11:46 AM ResponseSyncBox  RX=OK

8/22/2022 11:46 AM CommandSyncBox  TX=aset on

8/22/2022 11:46 AM ResponseSyncBox  RX=OK

8/22/2022 11:46 AM CommandSyncBox  TX=bset on

8/22/2022 11:46 AM ResponseSyncBox  RX=OK

8/22/2022 11:47 AM CommandSyncBox  TX=cset on

8/22/2022 11:47 AM ResponseSyncBox  RX=OK

8/22/2022 11:47 AM CommandSyncBox  TX=dset on

8/22/2022 11:47 AM ResponseSyncBox  RX=OK

8/22/2022 11:47 AM CommandSyncBox  TX=IN

8/22/2022 11:47 AM ResponseSyncBox  RX=OK

8/22/2022 11:47 AM CommandSyncBox  TX=TRigger REmote

8/22/2022 11:47 AM ResponseSyncBox  RX=OK

8/22/2022 11:47 AM CommandSyncBox  TX=IN

8/22/2022 11:47 AM ResponseSyncBox  RX=OK

8/22/2022 11:47 AM CommandSyncBox  TX=TRigger

8/22/2022 11:47 AM ResponseSyncBox  RX=Trig   REM  50R  Level 1.250   Div   0,000,000,000  SYN 00,010,000.00

8/22/2022 11:47 AM CommandSyncBox  TX=FIre

8/22/2022 11:47 AM ResponseSyncBox  RX=OK

8/22/2022 11:47 AM CommandSyncBox  TX=ADELAY 1000m

8/22/2022 11:47 AM ResponseSyncBox  RX=

     Highland Technology  Model T560  Digital Delay Generator

Firmware 28E560-D  02407                Cal date July 19, 2018      

Trig   REM  50R  Level 1.250   Div   0,000,000,000  SYN 00,010,000.00
Gate   OFF  POS  HIZ           Shots 0,000,000,160
Burst  OFF  N  0,000,000,016   of M  0,000,000,064

Verbos ON   Autoinstall FEOD   Usec 1,026,693,354  DPLL 00007
Clock  OUT  Trim 02166         Temp +49.4

Errs   None

Ch A  POS  ON     Dly  01.000,000,000,000  Wid  00.200,000,000,000
Ch B  POS  ON     Dly  01.500,000,000,000  Wid  00.200,000,000,000
Ch C  POS  ON     Dly  02.000,000,000,000  Wid  00.200,000,000,000
Ch D  POS  ON     Dly  02.500,000,000,000  Wid  00.200,000,000,000



8/22/2022 11:47 AM ResponseSyncBox  RX=OK

8/22/2022 11:47 AM CommandSyncBox  TX=BDELAY 1500m

8/22/2022 11:47 AM ResponseSyncBox  RX=OK

8/22/2022 11:47 AM CommandSyncBox  TX=CDELAY 2000m

8/22/2022 11:47 AM ResponseSyncBox  RX=OK

8/22/2022 11:47 AM CommandSyncBox  TX=DDELAY 2500m

8/22/2022 11:47 AM ResponseSyncBox  RX=OK

8/22/2022 11:47 AM CommandSyncBox  TX=AWIDTH 200m

8/22/2022 11:47 AM ResponseSyncBox  RX=OK

8/22/2022 11:47 AM CommandSyncBox  TX=BWIDTH 200m

8/22/2022 11:47 AM ResponseSyncBox  RX=OK

8/22/2022 11:47 AM CommandSyncBox  TX=CWIDTH 200m

8/22/2022 11:47 AM ResponseSyncBox  RX=OK

8/22/2022 11:47 AM CommandSyncBox  TX=DWIDTH 200m

8/22/2022 11:47 AM ResponseSyncBox  RX=OK

8/22/2022 11:47 AM CommandSyncBox  TX=aset on

8/22/2022 11:47 AM ResponseSyncBox  RX=OK

8/22/2022 11:47 AM CommandSyncBox  TX=bset on

8/22/2022 11:47 AM ResponseSyncBox  RX=OK

8/22/2022 11:47 AM CommandSyncBox  TX=cset on

8/22/2022 11:47 AM ResponseSyncBox  RX=OK

8/22/2022 11:47 AM CommandSyncBox  TX=dset on

8/22/2022 11:47 AM ResponseSyncBox  RX=OK

8/22/2022 11:47 AM CommandSyncBox  TX=IN

8/22/2022 11:47 AM ResponseSyncBox  RX=OK

8/22/2022 11:47 AM CommandSyncBox  TX=TRigger REmote

8/22/2022 11:47 AM ResponseSyncBox  RX=OK

8/22/2022 11:47 AM CommandSyncBox  TX=IN

8/22/2022 11:47 AM ResponseSyncBox  RX=OK

8/22/2022 11:47 AM CommandSyncBox  TX=TRigger

8/22/2022 11:47 AM ResponseSyncBox  RX=Trig   REM  50R  Level 1.250   Div   0,000,000,000  SYN 00,010,000.00

8/22/2022 11:47 AM CommandSyncBox  TX=FIre

8/22/2022 11:47 AM ResponseSyncBox  RX=OK

8/22/2022 11:47 AM CommandAcquisChD  TX=SET EXPTIME 1.500000
8/22/2022 11:47 AM ResponseAcquisChD  RX=DONE
8/22/2022 11:47 AM CommandAcquisChD  TX=SET #FRAMES 5.000000
8/22/2022 11:47 AM ResponseAcquisChD  RX=DONE
8/22/2022 11:47 AM CommandAcquisChD  TX=SET #CUBES 1.0000 
8/22/2022 11:47 AM ResponseAcquisChD  RX=DONE
8/22/2022 11:47 AM CommandAcquisChD  TX=SET SUFFIX DARK
8/22/2022 11:47 AM ResponseAcquisChD  RX=DONE
8/22/2022 11:47 AM CommandAcquisChD  TX=SET OBSTYPE DARK
8/22/2022 11:47 AM ResponseAcquisChD  RX=DONE
8/22/2022 11:47 AM CommandSyncBox  TX=ADELAY 1000m

8/22/2022 11:47 AM ResponseSyncBox  RX=OK

8/22/2022 11:47 AM CommandSyncBox  TX=BDELAY 1500m

8/22/2022 11:47 AM ResponseSyncBox  RX=OK

8/22/2022 11:47 AM CommandSyncBox  TX=CDELAY 2000m

8/22/2022 11:47 AM ResponseSyncBox  RX=OK

8/22/2022 11:47 AM CommandSyncBox  TX=DDELAY 2500m

8/22/2022 11:47 AM ResponseSyncBox  RX=OK

8/22/2022 11:47 AM CommandSyncBox  TX=AWIDTH 200m

8/22/2022 11:47 AM ResponseSyncBox  RX=OK

8/22/2022 11:47 AM CommandSyncBox  TX=BWIDTH 200m

8/22/2022 11:47 AM ResponseSyncBox  RX=OK

8/22/2022 11:47 AM CommandSyncBox  TX=CWIDTH 200m

8/22/2022 11:47 AM ResponseSyncBox  RX=OK

8/22/2022 11:47 AM CommandSyncBox  TX=DWIDTH 200m

8/22/2022 11:47 AM ResponseSyncBox  RX=OK

8/22/2022 11:47 AM CommandSyncBox  TX=aset on

8/22/2022 11:47 AM ResponseSyncBox  RX=OK

8/22/2022 11:47 AM CommandSyncBox  TX=bset on

8/22/2022 11:47 AM ResponseSyncBox  RX=OK

8/22/2022 11:47 AM CommandSyncBox  TX=cset on

8/22/2022 11:47 AM ResponseSyncBox  RX=OK

8/22/2022 11:47 AM CommandSyncBox  TX=dset on

8/22/2022 11:47 AM ResponseSyncBox  RX=OK

8/22/2022 11:47 AM CommandSyncBox  TX=IN

8/22/2022 11:47 AM ResponseSyncBox  RX=OK

8/22/2022 11:47 AM CommandSyncBox  TX=TRigger REmote

8/22/2022 11:47 AM ResponseSyncBox  RX=OK

8/22/2022 11:47 AM CommandSyncBox  TX=IN

8/22/2022 11:47 AM ResponseSyncBox  RX=OK

8/22/2022 11:47 AM CommandSyncBox  TX=TRigger

8/22/2022 11:47 AM ResponseSyncBox  RX=Trig   REM  50R  Level 1.250   Div   0,000,000,000  SYN 00,010,000.00

8/22/2022 11:47 AM CommandSyncBox  TX=FIre

8/22/2022 11:47 AM ResponseSyncBox  RX=OK

8/22/2022 11:48 AM CommandAcquisChD  TX=SET EXPTIME 1.500000
8/22/2022 11:48 AM ResponseAcquisChD  RX=DONE
8/22/2022 11:48 AM CommandAcquisChD  TX=SET #FRAMES 5.000000
8/22/2022 11:48 AM ResponseAcquisChD  RX=DONE
8/22/2022 11:48 AM CommandAcquisChD  TX=SET #CUBES 1.0000 
8/22/2022 11:48 AM ResponseAcquisChD  RX=DONE
8/22/2022 11:48 AM CommandAcquisChD  TX=SET SUFFIX DARK
8/22/2022 11:48 AM ResponseAcquisChD  RX=DONE
8/22/2022 11:48 AM CommandAcquisChD  TX=SET OBSTYPE DARK
8/22/2022 11:48 AM ResponseAcquisChD  RX=DONE
8/22/2022 11:48 AM CommandSyncBox  TX=ADELAY 1000m

8/22/2022 11:48 AM ResponseSyncBox  RX=OK

8/22/2022 11:48 AM CommandSyncBox  TX=BDELAY 1500m

8/22/2022 11:48 AM ResponseSyncBox  RX=OK

8/22/2022 11:48 AM CommandSyncBox  TX=CDELAY 2000m

8/22/2022 11:48 AM ResponseSyncBox  RX=OK

8/22/2022 11:48 AM CommandSyncBox  TX=DDELAY 2500m

8/22/2022 11:48 AM ResponseSyncBox  RX=OK

8/22/2022 11:48 AM CommandSyncBox  TX=AWIDTH 200m

8/22/2022 11:48 AM ResponseSyncBox  RX=OK

8/22/2022 11:48 AM CommandSyncBox  TX=BWIDTH 200m

8/22/2022 11:48 AM ResponseSyncBox  RX=OK

8/22/2022 11:48 AM CommandSyncBox  TX=CWIDTH 200m

8/22/2022 11:48 AM ResponseSyncBox  RX=OK

8/22/2022 11:48 AM CommandSyncBox  TX=DWIDTH 200m

8/22/2022 11:48 AM ResponseSyncBox  RX=OK

8/22/2022 11:48 AM CommandSyncBox  TX=aset on

8/22/2022 11:48 AM ResponseSyncBox  RX=OK

8/22/2022 11:48 AM CommandSyncBox  TX=bset on

8/22/2022 11:48 AM ResponseSyncBox  RX=OK

8/22/2022 11:48 AM CommandSyncBox  TX=cset on

8/22/2022 11:48 AM ResponseSyncBox  RX=OK

8/22/2022 11:48 AM CommandSyncBox  TX=dset on

8/22/2022 11:48 AM ResponseSyncBox  RX=OK

8/22/2022 11:48 AM CommandSyncBox  TX=IN

8/22/2022 11:48 AM ResponseSyncBox  RX=OK

8/22/2022 11:48 AM CommandAcquisChD  TX=EXPOSE
8/22/2022 11:48 AM CommandSyncBox  TX=TRigger REmote

8/22/2022 11:48 AM ResponseSyncBox  RX=

     Highland Technology  Model T560  Digital Delay Generator

Firmware 28E560-D  02407                Cal date July 19, 2018      

Trig   REM  50R  Level 1.250   Div   0,000,000,000  SYN 00,010,000.00
Gate   OFF  POS  HIZ           Shots 0,000,000,162
Burst  OFF  N  0,000,000,016   of M  0,000,000,064

Verbos ON   Autoinstall FEOD   Usec 1,095,753,501  DPLL 00006
Clock  OUT  Trim 02166         Temp +49.5

Errs   None

Ch A  POS  ON     Dly  01.000,000,000,000  Wid  00.200,000,000,000
Ch B  POS  ON     Dly  01.500,000,000,000  Wid  00.200,000,000,000
Ch C  POS  ON     Dly  02.000,000,000,000  Wid  00.200,000,000,000
Ch D  POS  ON     Dly  02.500,000,000,000  Wid  00.200,000,000,000



8/22/2022 11:48 AM ResponseSyncBox  RX=OK

8/22/2022 11:48 AM CommandSyncBox  TX=IN

8/22/2022 11:48 AM ResponseSyncBox  RX=OK

8/22/2022 11:48 AM CommandSyncBox  TX=TRigger

8/22/2022 11:48 AM ResponseSyncBox  RX=Trig   REM  50R  Level 1.250   Div   0,000,000,000  SYN 00,010,000.00

8/22/2022 11:48 AM CommandSyncBox  TX=FIre

8/22/2022 11:48 AM ResponseSyncBox  RX=OK

8/22/2022 11:48 AM CommandAcquisChA  TX=ABORT_ACQUISITION
8/22/2022 11:48 AM CommandAcquisChB  TX=ABORT_ACQUISITION
8/22/2022 11:48 AM CommandAcquisChC  TX=ABORT_ACQUISITION
8/22/2022 11:48 AM CommandAcquisChD  TX=ABORT_ACQUISITION
8/22/2022 11:48 AM CommandInstrument  TX=S4ICS WPROT STOP NONE,WPSEL NONE NONE,GMIR NONE NONE,GFOC NONE NONE,CALW NONE NONE,ASEL NONE NONE

8/22/2022 11:48 AM ResponseInstrument  RX=WPSEL SIMULATED BUSY 80 OFF 1, WPROT SIMULATED ACK 30 HOME 0, CALW SIMULATED READY 0.0 OFF 1, ASEL SIMULATED READY 0.0 OFF 1, GMIR SIMULATED READY 0.0 HOME 0, GFOC SIMULATED READY 0.0 HOME 0

8/22/2022 11:48 AM CommandAcquisChD  TX=SET EXPTIME 1.500000
8/22/2022 11:48 AM CommandAcquisChD  TX=SET #FRAMES 5.000000
8/22/2022 11:48 AM CommandAcquisChA  TX=ABORT_ACQUISITION
8/22/2022 11:48 AM CommandAcquisChB  TX=ABORT_ACQUISITION
8/22/2022 11:48 AM CommandAcquisChC  TX=ABORT_ACQUISITION
8/22/2022 11:48 AM CommandAcquisChD  TX=ABORT_ACQUISITION
8/22/2022 11:48 AM CommandInstrument  TX=S4ICS WPROT STOP NONE,WPSEL NONE NONE,GMIR NONE NONE,GFOC NONE NONE,CALW NONE NONE,ASEL NONE NONE

8/22/2022 11:48 AM ResponseInstrument  RX=WPSEL SIMULATED BUSY 80 OFF 1, WPROT SIMULATED ACK 30 HOME 0, CALW SIMULATED READY 0.0 OFF 1, ASEL SIMULATED READY 0.0 OFF 1, GMIR SIMULATED READY 0.0 HOME 0, GFOC SIMULATED READY 0.0 HOME 0

8/22/2022 11:49 AM CommandAcquisChD  TX=SET COOLER_POWER_STATUS 0
