8/22/2022 10:18 AM CommandAcquisChA  TX=WRITE_SETUP {"ACQUISITION_MODE":3,"TRIGGER_MODE":2,"READ_MODE":4,"PREAMP":0,"READOUT_RATE":0,"VERTICAL_SHIFT_SPEED":3,"EM_MODE":1,"EM_GAIN":2,"SHUTTER_MODE":2,"SHUTTER_TTL":0,"SHUTTER_OPENING_TIME":1,"SHUTTER_CLOSING_TIME":1,"VBIN":1,"HBIN":1,"INITIAL_LINE":1,"INITIAL_COLUMN":1,"FINAL_LINE":1024,"FINAL_COLUMN":1024,"FRAME_TRANSFER":true,"VERTICAL_CLOCK_VOLTAGE":0,"AD_CHANNEL":0}
8/22/2022 10:18 AM CommandAcquisChB  TX=WRITE_SETUP {"ACQUISITION_MODE":3,"TRIGGER_MODE":1,"READ_MODE":0,"PREAMP":0,"READOUT_RATE":0,"VERTICAL_SHIFT_SPEED":0,"EM_MODE":1,"EM_GAIN":2,"SHUTTER_MODE":2,"SHUTTER_TTL":0,"SHUTTER_OPENING_TIME":1,"SHUTTER_CLOSING_TIME":1,"VBIN":1,"HBIN":1,"INITIAL_LINE":1,"INITIAL_COLUMN":1,"FINAL_LINE":1024,"FINAL_COLUMN":1024,"FRAME_TRANSFER":true,"VERTICAL_CLOCK_VOLTAGE":0,"AD_CHANNEL":0}
8/22/2022 10:18 AM CommandAcquisChC  TX=WRITE_SETUP {"ACQUISITION_MODE":3,"TRIGGER_MODE":1,"READ_MODE":0,"PREAMP":0,"READOUT_RATE":0,"VERTICAL_SHIFT_SPEED":0,"EM_MODE":1,"EM_GAIN":2,"SHUTTER_MODE":2,"SHUTTER_TTL":0,"SHUTTER_OPENING_TIME":1,"SHUTTER_CLOSING_TIME":1,"VBIN":1,"HBIN":1,"INITIAL_LINE":1,"INITIAL_COLUMN":1,"FINAL_LINE":1024,"FINAL_COLUMN":1024,"FRAME_TRANSFER":true,"VERTICAL_CLOCK_VOLTAGE":0,"AD_CHANNEL":0}
8/22/2022 10:18 AM CommandAcquisChD  TX=WRITE_SETUP {"ACQUISITION_MODE":3,"TRIGGER_MODE":1,"READ_MODE":0,"PREAMP":0,"READOUT_RATE":0,"VERTICAL_SHIFT_SPEED":3,"EM_MODE":1,"EM_GAIN":2,"SHUTTER_MODE":2,"SHUTTER_TTL":0,"SHUTTER_OPENING_TIME":1,"SHUTTER_CLOSING_TIME":1,"VBIN":1,"HBIN":1,"INITIAL_LINE":1,"INITIAL_COLUMN":1,"FINAL_LINE":1024,"FINAL_COLUMN":1024,"FRAME_TRANSFER":true,"VERTICAL_CLOCK_VOLTAGE":0,"AD_CHANNEL":0}
8/22/2022 10:18 AM CommandSyncBox  TX=ADELAY 1000m

8/22/2022 10:18 AM ResponseSyncBox  RX=OK

8/22/2022 10:18 AM CommandSyncBox  TX=BDELAY 1500m

8/22/2022 10:18 AM ResponseSyncBox  RX=OK

8/22/2022 10:18 AM CommandSyncBox  TX=CDELAY 2000m

8/22/2022 10:18 AM ResponseSyncBox  RX=OK

8/22/2022 10:18 AM CommandSyncBox  TX=DDELAY 2500m

8/22/2022 10:18 AM ResponseSyncBox  RX=OK

8/22/2022 10:18 AM CommandSyncBox  TX=AWIDTH 200m

8/22/2022 10:18 AM ResponseSyncBox  RX=OK

8/22/2022 10:18 AM CommandSyncBox  TX=BWIDTH 200m

8/22/2022 10:18 AM ResponseSyncBox  RX=OK

8/22/2022 10:18 AM CommandSyncBox  TX=CWIDTH 200m

8/22/2022 10:18 AM ResponseSyncBox  RX=OK

8/22/2022 10:18 AM CommandSyncBox  TX=DWIDTH 200m

8/22/2022 10:18 AM ResponseSyncBox  RX=OK

8/22/2022 10:18 AM CommandSyncBox  TX=aset on

8/22/2022 10:18 AM ResponseSyncBox  RX=OK

8/22/2022 10:18 AM CommandSyncBox  TX=bset on

8/22/2022 10:18 AM ResponseSyncBox  RX=OK

8/22/2022 10:18 AM CommandSyncBox  TX=cset on

8/22/2022 10:18 AM ResponseSyncBox  RX=OK

8/22/2022 10:18 AM CommandSyncBox  TX=dset on

8/22/2022 10:18 AM ResponseSyncBox  RX=OK

8/22/2022 10:18 AM CommandSyncBox  TX=IN

8/22/2022 10:18 AM ResponseSyncBox  RX=OK

8/22/2022 10:18 AM CommandAcquisChA  TX=READ_SETUP 
8/22/2022 10:18 AM CommandAcquisChB  TX=READ_SETUP 
8/22/2022 10:18 AM CommandAcquisChC  TX=READ_SETUP 
8/22/2022 10:18 AM CommandAcquisChD  TX=READ_SETUP 
8/22/2022 10:18 AM ResponseAcquisChD  RX=CCD_SETUP {"PREAMP":0,"READOUT_RATE":0,"EM_GAIN":2,"VBIN":1,"INITIAL_LINE":1,"INITIAL_COLUMN":1,"FINAL_LINE":1024,"FINAL_COLUMN":1024,"TRIGGER_MODE":1,"HBIN":1,"SHUTTER_TTL":0,"SHUTTER_MODE":2,"SHUTTER_OPENING_TIME":1,"SHUTTER_CLOSING_TIME":1,"VERTICAL_SHIFT_SPEED":3,"READ_MODE":0,"FRAME_TRANSFER":true,"VERTICAL_CLOCK_VOLTAGE":0,"ACQUISITION_MODE":3,"AD_CHANNEL":0,"EM_MODE":1}
8/22/2022 10:18 AM CommandAcquisChD  TX=SET COOLER_POWER_STATUS 0
8/22/2022 10:18 AM ResponseAcquisChD  RX=DONE
8/22/2022 10:18 AM CommandAcquisChA  TX=SET COOLER_POWER_STATUS 0
8/22/2022 10:18 AM CommandAcquisChB  TX=SET COOLER_POWER_STATUS 0
8/22/2022 10:18 AM CommandAcquisChC  TX=SET COOLER_POWER_STATUS 0
8/22/2022 10:18 AM CommandAcquisChD  TX=SET EXPTIME 1.500000
8/22/2022 10:18 AM ResponseAcquisChD  RX=DONE
8/22/2022 10:18 AM CommandAcquisChD  TX=SET #FRAMES 5.000000
8/22/2022 10:18 AM ResponseAcquisChD  RX=DONE
8/22/2022 10:18 AM CommandAcquisChD  TX=SET #CUBES 1.0000 
8/22/2022 10:18 AM ResponseAcquisChD  RX=DONE
8/22/2022 10:18 AM CommandAcquisChD  TX=SET SUFFIX DARK
8/22/2022 10:18 AM ResponseAcquisChD  RX=DONE
8/22/2022 10:18 AM CommandAcquisChD  TX=SET OBSTYPE DARK
8/22/2022 10:18 AM ResponseAcquisChD  RX=DONE
8/22/2022 10:19 AM CommandInstrument  TX=S4ICS WPROT STOP NONE,WPSEL NONE NONE,GMIR NONE NONE,GFOC NONE NONE,CALW NONE NONE,ASEL NONE NONE

8/22/2022 10:19 AM ResponseInstrument  RX=WPSEL SIMULATED BUSY 80 OFF 1, WPROT SIMULATED ACK 30 HOME 0, CALW SIMULATED READY 0.0 OFF 1, ASEL SIMULATED READY 0.0 OFF 1, GMIR SIMULATED READY 0.0 HOME 0, GFOC SIMULATED READY 0.0 HOME 0

8/22/2022 10:21 AM CommandAcquisChD  TX=SET EXPTIME 1.500000
8/22/2022 10:21 AM ResponseAcquisChD  RX=DONE
8/22/2022 10:21 AM CommandAcquisChD  TX=SET #FRAMES 5.000000
8/22/2022 10:21 AM ResponseAcquisChD  RX=DONE
8/22/2022 10:21 AM CommandAcquisChD  TX=SET #CUBES 1.0000 
8/22/2022 10:21 AM ResponseAcquisChD  RX=DONE
8/22/2022 10:21 AM CommandAcquisChD  TX=SET SUFFIX DARK
8/22/2022 10:21 AM ResponseAcquisChD  RX=DONE
8/22/2022 10:21 AM CommandAcquisChD  TX=SET OBSTYPE DARK
8/22/2022 10:21 AM ResponseAcquisChD  RX=DONE
8/22/2022 10:21 AM CommandSyncBox  TX=ADELAY 1000m

8/22/2022 10:21 AM ResponseSyncBox  RX=OK

8/22/2022 10:21 AM CommandSyncBox  TX=BDELAY 1500m

8/22/2022 10:21 AM ResponseSyncBox  RX=OK

8/22/2022 10:21 AM CommandSyncBox  TX=CDELAY 2000m

8/22/2022 10:21 AM ResponseSyncBox  RX=OK

8/22/2022 10:21 AM CommandSyncBox  TX=DDELAY 2500m

8/22/2022 10:21 AM ResponseSyncBox  RX=OK

8/22/2022 10:21 AM CommandSyncBox  TX=AWIDTH 200m

8/22/2022 10:21 AM ResponseSyncBox  RX=OK

8/22/2022 10:21 AM CommandSyncBox  TX=BWIDTH 200m

8/22/2022 10:21 AM ResponseSyncBox  RX=OK

8/22/2022 10:21 AM CommandSyncBox  TX=CWIDTH 200m

8/22/2022 10:21 AM ResponseSyncBox  RX=OK

8/22/2022 10:21 AM CommandSyncBox  TX=DWIDTH 200m

8/22/2022 10:21 AM ResponseSyncBox  RX=OK

8/22/2022 10:21 AM CommandSyncBox  TX=aset on

8/22/2022 10:21 AM ResponseSyncBox  RX=OK

8/22/2022 10:21 AM CommandSyncBox  TX=bset on

8/22/2022 10:21 AM ResponseSyncBox  RX=OK

8/22/2022 10:21 AM CommandSyncBox  TX=cset on

8/22/2022 10:21 AM ResponseSyncBox  RX=OK

8/22/2022 10:21 AM CommandSyncBox  TX=dset on

8/22/2022 10:21 AM ResponseSyncBox  RX=OK

8/22/2022 10:21 AM CommandSyncBox  TX=IN

8/22/2022 10:21 AM ResponseSyncBox  RX=OK

8/22/2022 10:21 AM CommandAcquisChD  TX=EXPOSE
8/22/2022 10:21 AM CommandSyncBox  TX=TRigger REmote

8/22/2022 10:21 AM ResponseSyncBox  RX=OK

8/22/2022 10:21 AM CommandSyncBox  TX=IN

8/22/2022 10:21 AM ResponseSyncBox  RX=OK

8/22/2022 10:21 AM CommandSyncBox  TX=TRigger

8/22/2022 10:21 AM ResponseSyncBox  RX=Trig   REM  50R  Level 1.250   Div   0,000,000,000  SYN 00,010,000.00

8/22/2022 10:21 AM CommandSyncBox  TX=FIre

8/22/2022 10:21 AM ResponseSyncBox  RX=OK

8/22/2022 10:26 AM CommandAcquisChA  TX=ABORT_ACQUISITION
8/22/2022 10:26 AM CommandAcquisChB  TX=ABORT_ACQUISITION
8/22/2022 10:26 AM CommandAcquisChC  TX=ABORT_ACQUISITION
8/22/2022 10:26 AM CommandAcquisChD  TX=ABORT_ACQUISITION
8/22/2022 10:26 AM CommandInstrument  TX=S4ICS WPROT STOP NONE,WPSEL NONE NONE,GMIR NONE NONE,GFOC NONE NONE,CALW NONE NONE,ASEL NONE NONE

8/22/2022 10:26 AM ResponseInstrument  RX=WPSEL SIMULATED BUSY 80 OFF 1, WPROT SIMULATED ACK 30 HOME 0, CALW SIMULATED READY 0.0 OFF 1, ASEL SIMULATED READY 0.0 OFF 1, GMIR SIMULATED READY 0.0 HOME 0, GFOC SIMULATED READY 0.0 HOME 0

