11/7/2022 10:14 PM CommandAcquisChA  TX=WRITE_SETUP {"ACQUISITION_MODE":3,"TRIGGER_MODE":0,"READ_MODE":4,"PREAMP":0,"READOUT_RATE":0,"VERTICAL_SHIFT_SPEED":3,"EM_MODE":1,"EM_GAIN":2,"SHUTTER_MODE":1,"SHUTTER_TTL":0,"SHUTTER_OPENING_TIME":1,"SHUTTER_CLOSING_TIME":1,"VBIN":1,"HBIN":1,"INITIAL_LINE":1,"INITIAL_COLUMN":1,"FINAL_LINE":1024,"FINAL_COLUMN":1024,"FRAME_TRANSFER":true,"VERTICAL_CLOCK_VOLTAGE":0,"AD_CHANNEL":0}
11/7/2022 10:14 PM CommandAcquisChB  TX=WRITE_SETUP {"ACQUISITION_MODE":3,"TRIGGER_MODE":0,"READ_MODE":4,"PREAMP":0,"READOUT_RATE":0,"VERTICAL_SHIFT_SPEED":3,"EM_MODE":1,"EM_GAIN":2,"SHUTTER_MODE":1,"SHUTTER_TTL":0,"SHUTTER_OPENING_TIME":1,"SHUTTER_CLOSING_TIME":1,"VBIN":1,"HBIN":1,"INITIAL_LINE":1,"INITIAL_COLUMN":1,"FINAL_LINE":1024,"FINAL_COLUMN":1024,"FRAME_TRANSFER":true,"VERTICAL_CLOCK_VOLTAGE":0,"AD_CHANNEL":0}
11/7/2022 10:14 PM CommandAcquisChC  TX=WRITE_SETUP {"ACQUISITION_MODE":3,"TRIGGER_MODE":0,"READ_MODE":4,"PREAMP":0,"READOUT_RATE":0,"VERTICAL_SHIFT_SPEED":3,"EM_MODE":1,"EM_GAIN":2,"SHUTTER_MODE":1,"SHUTTER_TTL":0,"SHUTTER_OPENING_TIME":1,"SHUTTER_CLOSING_TIME":1,"VBIN":1,"HBIN":1,"INITIAL_LINE":1,"INITIAL_COLUMN":1,"FINAL_LINE":1024,"FINAL_COLUMN":1024,"FRAME_TRANSFER":true,"VERTICAL_CLOCK_VOLTAGE":0,"AD_CHANNEL":0}
11/7/2022 10:14 PM CommandAcquisChD  TX=WRITE_SETUP {"ACQUISITION_MODE":3,"TRIGGER_MODE":0,"READ_MODE":4,"PREAMP":0,"READOUT_RATE":0,"VERTICAL_SHIFT_SPEED":3,"EM_MODE":1,"EM_GAIN":2,"SHUTTER_MODE":1,"SHUTTER_TTL":0,"SHUTTER_OPENING_TIME":1,"SHUTTER_CLOSING_TIME":1,"VBIN":1,"HBIN":1,"INITIAL_LINE":1,"INITIAL_COLUMN":1,"FINAL_LINE":1024,"FINAL_COLUMN":1024,"FRAME_TRANSFER":true,"VERTICAL_CLOCK_VOLTAGE":0,"AD_CHANNEL":0}
11/7/2022 10:14 PM CommandSyncBox  TX=ADELAY 0m

11/7/2022 10:14 PM CommandAcquisChA  TX=READ_SETUP 
11/7/2022 10:14 PM CommandAcquisChB  TX=READ_SETUP 
11/7/2022 10:14 PM CommandAcquisChC  TX=READ_SETUP 
11/7/2022 10:14 PM CommandAcquisChD  TX=READ_SETUP 
11/7/2022 10:14 PM ResponseAcquisChD  RX={"PREAMP":0,"READOUT_RATE":0,"EM_GAIN":2,"VERTICAL_SHIFT_SPEED":3,"READ_MODE":4,"FRAME_TRANSFER":true,"VERTICAL_CLOCK_VOLTAGE":0,"ACQUISITION_MODE":3,"AD_CHANNEL":0,"EM_MODE":1,"SHUTTER_TTL":0,"SHUTTER_OPENING_TIME":1,"SHUTTER_CLOSING_TIME":1,"SHUTTER_MODE":1,"TRIGGER_MODE":0,"VBIN":1,"INITIAL_LINE":1,"INITIAL_COLUMN":1,"FINAL_LINE":1024,"FINAL_COLUMN":1024,"HBIN":1}
11/7/2022 10:14 PM ResponseAcquisChA  RX={"PREAMP":0,"READOUT_RATE":0,"EM_GAIN":2,"VERTICAL_SHIFT_SPEED":3,"READ_MODE":4,"FRAME_TRANSFER":true,"VERTICAL_CLOCK_VOLTAGE":0,"ACQUISITION_MODE":3,"AD_CHANNEL":0,"EM_MODE":1,"SHUTTER_TTL":0,"SHUTTER_OPENING_TIME":1,"SHUTTER_CLOSING_TIME":1,"SHUTTER_MODE":1,"TRIGGER_MODE":0,"VBIN":1,"INITIAL_LINE":1,"INITIAL_COLUMN":1,"FINAL_LINE":1024,"FINAL_COLUMN":1024,"HBIN":1}
11/7/2022 10:14 PM ResponseAcquisChB  RX={"PREAMP":0,"READOUT_RATE":0,"EM_GAIN":2,"VERTICAL_SHIFT_SPEED":3,"READ_MODE":4,"FRAME_TRANSFER":true,"VERTICAL_CLOCK_VOLTAGE":0,"ACQUISITION_MODE":3,"AD_CHANNEL":0,"EM_MODE":1,"SHUTTER_TTL":0,"SHUTTER_OPENING_TIME":1,"SHUTTER_CLOSING_TIME":1,"SHUTTER_MODE":1,"TRIGGER_MODE":0,"VBIN":1,"INITIAL_LINE":1,"INITIAL_COLUMN":1,"FINAL_LINE":1024,"FINAL_COLUMN":1024,"HBIN":1}
11/7/2022 10:14 PM ResponseAcquisChC  RX={"PREAMP":0,"READOUT_RATE":0,"EM_GAIN":2,"VERTICAL_SHIFT_SPEED":3,"READ_MODE":4,"FRAME_TRANSFER":true,"VERTICAL_CLOCK_VOLTAGE":0,"ACQUISITION_MODE":3,"AD_CHANNEL":0,"EM_MODE":1,"SHUTTER_TTL":0,"SHUTTER_OPENING_TIME":1,"SHUTTER_CLOSING_TIME":1,"SHUTTER_MODE":1,"TRIGGER_MODE":0,"VBIN":1,"INITIAL_LINE":1,"INITIAL_COLUMN":1,"FINAL_LINE":1024,"FINAL_COLUMN":1024,"HBIN":1}
11/7/2022 10:14 PM CommandAcquisChD  TX=SET TEMP -70
11/7/2022 10:14 PM CommandAcquisChA  TX=SET TEMP -70
11/7/2022 10:14 PM CommandAcquisChB  TX=SET TEMP -70
11/7/2022 10:14 PM CommandAcquisChD  TX=SET COOLER_POWER_STATUS 1
11/7/2022 10:14 PM CommandAcquisChA  TX=SET COOLER_POWER_STATUS 1
11/7/2022 10:14 PM CommandAcquisChB  TX=SET COOLER_POWER_STATUS 1
11/7/2022 10:14 PM CommandAcquisChC  TX=SET TEMP -70
11/7/2022 10:14 PM ResponseAcquisChD  RX=DONE
11/7/2022 10:14 PM ResponseAcquisChA  RX=DONE
11/7/2022 10:14 PM CommandAcquisChC  TX=SET COOLER_POWER_STATUS 1
11/7/2022 10:14 PM ResponseAcquisChD  RX=DONE
11/7/2022 10:14 PM ResponseAcquisChA  RX=DONE
11/7/2022 10:14 PM ResponseAcquisChB  RX=DONE
11/7/2022 10:14 PM ResponseAcquisChB  RX=DONE
11/7/2022 10:14 PM ResponseAcquisChC  RX=DONE
11/7/2022 10:14 PM ResponseAcquisChC  RX=DONE
11/7/2022 10:18 PM CommandInstrument  TX=S4ICS WPROT NONE NONE,WPSEL INIT NONE,GMIR INIT NONE,GFOC NONE NONE,CALW INIT NONE,ASEL NONE NONE

11/7/2022 10:18 PM ResponseInstrument  RX=WPROT SIMULATED NONE 0 NONE -1, WPSEL SIMULATED BUSY 0 NONE -1, ASEL SIMULATED NONE 0 NONE -1, CALW SIMULATED BUSY 0 NONE -1, GFOC SIMULATED NONE 0 NONE -1, GMIR SIMULATED BUSY 0 NONE -1

11/7/2022 10:19 PM CommandInstrument  TX=S4ICS WPROT NONE NONE,WPSEL GOTO L/2,GMIR NONE NONE,GFOC NONE NONE,CALW NONE NONE,ASEL NONE NONE

11/7/2022 10:19 PM ResponseInstrument  RX=WPROT SIMULATED NONE 0 NONE -1, WPSEL SIMULATED BUSY 50 HOME 0, ASEL SIMULATED NONE 0 NONE -1, CALW SIMULATED READY 0 HOME 0, GFOC SIMULATED NONE 0 NONE -1, GMIR SIMULATED READY 0 HOME 0

11/7/2022 10:19 PM CommandInstrument  TX=S4ICS WPROT INIT NONE,WPSEL NONE NONE,GMIR NONE NONE,GFOC INIT NONE,CALW NONE NONE,ASEL INIT NONE

11/7/2022 10:19 PM ResponseInstrument  RX=WPROT SIMULATED BUSY 0 NONE -1, WPSEL SIMULATED READY 0 L/2 2, ASEL SIMULATED BUSY 0 NONE -1, CALW SIMULATED READY 0 HOME 0, GFOC SIMULATED BUSY 0 NONE -1, GMIR SIMULATED READY 0 HOME 0

11/7/2022 10:20 PM CommandInstrument  TX=S4ICS WPROT NONE NONE,WPSEL GOTO CLEAR,GMIR NONE NONE,GFOC NONE NONE,CALW GOTO CLEAR,ASEL GOTO CLEAR

11/7/2022 10:20 PM ResponseInstrument  RX=WPROT SIMULATED READY 0 HOME 0, WPSEL SIMULATED BUSY 0 L/2 2, ASEL SIMULATED BUSY 0 HOME 0, CALW SIMULATED BUSY 0 HOME 0, GFOC SIMULATED READY 0 HOME 0, GMIR SIMULATED READY 0 HOME 0

11/7/2022 10:22 PM CommandAcquisChA  TX=SET EXPTIME 0.100000
11/7/2022 10:22 PM ResponseAcquisChA  RX=DONE
11/7/2022 10:22 PM CommandAcquisChA  TX=SET #FRAMES 1.000000
11/7/2022 10:22 PM ResponseAcquisChA  RX=DONE
11/7/2022 10:22 PM CommandAcquisChA  TX=SET #CUBES 1.0000 
11/7/2022 10:22 PM CommandAcquisChA  TX=SET SUFFIX calagem
11/7/2022 10:22 PM ResponseAcquisChA  RX=DONE
11/7/2022 10:22 PM CommandAcquisChA  TX=SET OBSTYPE OBJECT
11/7/2022 10:22 PM ResponseAcquisChA  RX=DONE
11/7/2022 10:22 PM ResponseAcquisChA  RX=DONE
11/7/2022 10:22 PM CommandAcquisChB  TX=SET EXPTIME 0.100000
11/7/2022 10:22 PM ResponseAcquisChB  RX=DONE
11/7/2022 10:22 PM CommandAcquisChB  TX=SET #FRAMES 1.000000
11/7/2022 10:22 PM CommandAcquisChB  TX=SET #CUBES 1.0000 
11/7/2022 10:22 PM ResponseAcquisChB  RX=DONE
11/7/2022 10:22 PM CommandAcquisChB  TX=SET SUFFIX calagem
11/7/2022 10:22 PM CommandAcquisChB  TX=SET OBSTYPE OBJECT
11/7/2022 10:22 PM ResponseAcquisChB  RX=DONE
11/7/2022 10:22 PM ResponseAcquisChB  RX=DONE
11/7/2022 10:22 PM CommandAcquisChC  TX=SET EXPTIME 0.100000
11/7/2022 10:22 PM ResponseAcquisChC  RX=DONE
11/7/2022 10:22 PM CommandAcquisChC  TX=SET #FRAMES 1.000000
11/7/2022 10:22 PM ResponseAcquisChC  RX=DONE
11/7/2022 10:22 PM CommandAcquisChC  TX=SET #CUBES 1.0000 
11/7/2022 10:22 PM ResponseAcquisChC  RX=DONE
11/7/2022 10:22 PM CommandAcquisChC  TX=SET SUFFIX calagem
11/7/2022 10:22 PM ResponseAcquisChC  RX=DONE
11/7/2022 10:22 PM CommandAcquisChC  TX=SET OBSTYPE OBJECT
11/7/2022 10:22 PM ResponseAcquisChC  RX=DONE
11/7/2022 10:22 PM CommandAcquisChD  TX=SET EXPTIME 0.100000
11/7/2022 10:22 PM ResponseAcquisChD  RX=DONE
11/7/2022 10:22 PM CommandAcquisChD  TX=SET #FRAMES 1.000000
11/7/2022 10:22 PM ResponseAcquisChD  RX=DONE
11/7/2022 10:22 PM CommandAcquisChD  TX=SET #CUBES 1.0000 
11/7/2022 10:22 PM CommandAcquisChD  TX=SET SUFFIX calagem
11/7/2022 10:22 PM ResponseAcquisChD  RX=DONE
11/7/2022 10:22 PM CommandAcquisChD  TX=SET OBSTYPE OBJECT
11/7/2022 10:22 PM ResponseAcquisChD  RX=DONE
11/7/2022 10:22 PM ResponseAcquisChD  RX=DONE
11/7/2022 10:22 PM CommandAcquisChA  TX=EXPOSE
11/7/2022 10:22 PM CommandAcquisChB  TX=EXPOSE
11/7/2022 10:22 PM CommandAcquisChC  TX=EXPOSE
11/7/2022 10:22 PM CommandAcquisChD  TX=EXPOSE
11/7/2022 10:23 PM CommandAcquisChA  TX=SET EXPTIME 0.100000
11/7/2022 10:23 PM ResponseAcquisChA  RX=DONE
11/7/2022 10:23 PM CommandAcquisChA  TX=SET #FRAMES 100.000000
11/7/2022 10:23 PM ResponseAcquisChA  RX=DONE
11/7/2022 10:23 PM CommandAcquisChA  TX=SET #CUBES 1.0000 
11/7/2022 10:23 PM ResponseAcquisChA  RX=DONE
11/7/2022 10:23 PM CommandAcquisChA  TX=SET SUFFIX calagem
11/7/2022 10:23 PM ResponseAcquisChA  RX=DONE
11/7/2022 10:23 PM CommandAcquisChA  TX=SET OBSTYPE OBJECT
11/7/2022 10:23 PM ResponseAcquisChA  RX=DONE
11/7/2022 10:23 PM CommandAcquisChB  TX=SET EXPTIME 0.100000
11/7/2022 10:23 PM ResponseAcquisChB  RX=RETURNING_STATUS {"CUBE_EXPOSURE_TIME":0,"CUBES_DONE":1,"LAST_IMAGE_NAME":"20221107_s4c2_calagem_000001.fits","DISK_SPACE":0,"FRAMES_DONE":1,"CCD_STATUS":"IDLE","CURRENT_TEMPERATURE":-72,"TEMPERATURE_STATUS":"TEMPERATURE_STABILIZED","FRAME_EXPOSURE_TIME":0,"CCD_POWER_STATUS":true,"SERIAL_NUMBER":9915,"ACQUIRING":false}
11/7/2022 10:23 PM ResponseAcquisChB  RX=DONE
11/7/2022 10:23 PM CommandAcquisChB  TX=SET #FRAMES 100.000000
11/7/2022 10:23 PM ResponseAcquisChB  RX=DONE
11/7/2022 10:23 PM CommandAcquisChB  TX=SET #CUBES 1.0000 
11/7/2022 10:23 PM ResponseAcquisChB  RX=DONE
11/7/2022 10:23 PM CommandAcquisChB  TX=SET SUFFIX calagem
11/7/2022 10:23 PM ResponseAcquisChB  RX=DONE
11/7/2022 10:23 PM CommandAcquisChB  TX=SET OBSTYPE OBJECT
11/7/2022 10:23 PM ResponseAcquisChB  RX=DONE
11/7/2022 10:23 PM CommandAcquisChC  TX=SET EXPTIME 0.100000
11/7/2022 10:23 PM ResponseAcquisChC  RX=DONE
11/7/2022 10:23 PM CommandAcquisChC  TX=SET #FRAMES 100.000000
11/7/2022 10:23 PM ResponseAcquisChC  RX=DONE
11/7/2022 10:23 PM CommandAcquisChC  TX=SET #CUBES 1.0000 
11/7/2022 10:23 PM ResponseAcquisChC  RX=DONE
11/7/2022 10:23 PM CommandAcquisChC  TX=SET SUFFIX calagem
11/7/2022 10:23 PM ResponseAcquisChC  RX=DONE
11/7/2022 10:23 PM CommandAcquisChC  TX=SET OBSTYPE OBJECT
11/7/2022 10:23 PM ResponseAcquisChC  RX=DONE
11/7/2022 10:23 PM CommandAcquisChD  TX=SET EXPTIME 0.100000
11/7/2022 10:23 PM ResponseAcquisChD  RX=DONE
11/7/2022 10:23 PM CommandAcquisChD  TX=SET #FRAMES 100.000000
11/7/2022 10:23 PM ResponseAcquisChD  RX=DONE
11/7/2022 10:23 PM CommandAcquisChD  TX=SET #CUBES 1.0000 
11/7/2022 10:23 PM CommandAcquisChD  TX=SET SUFFIX calagem
11/7/2022 10:23 PM ResponseAcquisChD  RX=DONE
11/7/2022 10:23 PM CommandAcquisChD  TX=SET OBSTYPE OBJECT
11/7/2022 10:23 PM ResponseAcquisChD  RX=DONE
11/7/2022 10:23 PM ResponseAcquisChD  RX=DONE
11/7/2022 10:23 PM CommandAcquisChA  TX=EXPOSE
11/7/2022 10:23 PM CommandAcquisChB  TX=EXPOSE
11/7/2022 10:23 PM CommandAcquisChC  TX=EXPOSE
11/7/2022 10:23 PM CommandAcquisChD  TX=EXPOSE
11/7/2022 10:25 PM CommandAcquisChA  TX=SET EXPTIME 0.100000
11/7/2022 10:25 PM ResponseAcquisChA  RX=DONE
11/7/2022 10:25 PM CommandAcquisChA  TX=SET #FRAMES 20.000000
11/7/2022 10:25 PM CommandAcquisChA  TX=SET #CUBES 1.0000 
11/7/2022 10:25 PM ResponseAcquisChA  RX=DONE
11/7/2022 10:25 PM ResponseAcquisChA  RX=DONE
11/7/2022 10:25 PM CommandAcquisChA  TX=SET SUFFIX calagem
11/7/2022 10:25 PM ResponseAcquisChA  RX=DONE
11/7/2022 10:25 PM CommandAcquisChA  TX=SET OBSTYPE OBJECT
11/7/2022 10:25 PM ResponseAcquisChA  RX=DONE
11/7/2022 10:25 PM CommandAcquisChB  TX=SET EXPTIME 0.100000
11/7/2022 10:25 PM ResponseAcquisChB  RX=DONE
11/7/2022 10:25 PM CommandAcquisChB  TX=SET #FRAMES 20.000000
11/7/2022 10:25 PM ResponseAcquisChB  RX=DONE
11/7/2022 10:25 PM CommandAcquisChB  TX=SET #CUBES 1.0000 
11/7/2022 10:25 PM CommandAcquisChB  TX=SET SUFFIX calagem
11/7/2022 10:25 PM ResponseAcquisChB  RX=DONE
11/7/2022 10:25 PM CommandAcquisChB  TX=SET OBSTYPE OBJECT
11/7/2022 10:25 PM ResponseAcquisChB  RX=DONE
11/7/2022 10:25 PM ResponseAcquisChB  RX=DONE
11/7/2022 10:25 PM CommandAcquisChC  TX=SET EXPTIME 0.100000
11/7/2022 10:25 PM ResponseAcquisChC  RX=DONE
11/7/2022 10:25 PM CommandAcquisChC  TX=SET #FRAMES 20.000000
11/7/2022 10:25 PM ResponseAcquisChC  RX=DONE
11/7/2022 10:25 PM CommandAcquisChC  TX=SET #CUBES 1.0000 
11/7/2022 10:25 PM ResponseAcquisChC  RX=DONE
11/7/2022 10:25 PM CommandAcquisChC  TX=SET SUFFIX calagem
11/7/2022 10:25 PM ResponseAcquisChC  RX=DONE
11/7/2022 10:25 PM CommandAcquisChC  TX=SET OBSTYPE OBJECT
11/7/2022 10:25 PM ResponseAcquisChC  RX=DONE
11/7/2022 10:25 PM CommandAcquisChD  TX=SET EXPTIME 0.100000
11/7/2022 10:25 PM ResponseAcquisChD  RX=DONE
11/7/2022 10:25 PM CommandAcquisChD  TX=SET #FRAMES 20.000000
11/7/2022 10:25 PM ResponseAcquisChD  RX=DONE
11/7/2022 10:25 PM CommandAcquisChD  TX=SET #CUBES 1.0000 
11/7/2022 10:25 PM ResponseAcquisChD  RX=DONE
11/7/2022 10:25 PM CommandAcquisChD  TX=SET SUFFIX calagem
11/7/2022 10:25 PM ResponseAcquisChD  RX=DONE
11/7/2022 10:25 PM CommandAcquisChD  TX=SET OBSTYPE OBJECT
11/7/2022 10:25 PM ResponseAcquisChD  RX=DONE
11/7/2022 10:25 PM CommandAcquisChA  TX=EXPOSE
11/7/2022 10:25 PM CommandAcquisChB  TX=EXPOSE
11/7/2022 10:25 PM CommandAcquisChC  TX=EXPOSE
11/7/2022 10:25 PM CommandAcquisChD  TX=EXPOSE
11/7/2022 10:29 PM CommandAcquisChA  TX=SET EXPTIME 10.000000
11/7/2022 10:29 PM ResponseAcquisChA  RX=DONE
11/7/2022 10:29 PM CommandAcquisChA  TX=SET #FRAMES 1.000000
11/7/2022 10:29 PM ResponseAcquisChA  RX=DONE
11/7/2022 10:29 PM CommandAcquisChA  TX=SET #CUBES 1.0000 
11/7/2022 10:29 PM CommandAcquisChA  TX=SET SUFFIX NGC104
11/7/2022 10:29 PM ResponseAcquisChA  RX=DONE
11/7/2022 10:29 PM CommandAcquisChA  TX=SET OBSTYPE OBJECT
11/7/2022 10:29 PM ResponseAcquisChA  RX=DONE
11/7/2022 10:29 PM ResponseAcquisChA  RX=DONE
11/7/2022 10:29 PM CommandAcquisChB  TX=SET EXPTIME 10.000000
11/7/2022 10:29 PM ResponseAcquisChB  RX=DONE
11/7/2022 10:29 PM CommandAcquisChB  TX=SET #FRAMES 1.000000
11/7/2022 10:29 PM CommandAcquisChB  TX=SET #CUBES 1.0000 
11/7/2022 10:29 PM ResponseAcquisChB  RX=DONE
11/7/2022 10:29 PM ResponseAcquisChB  RX=DONE
11/7/2022 10:29 PM CommandAcquisChB  TX=SET SUFFIX NGC104
11/7/2022 10:29 PM ResponseAcquisChB  RX=DONE
11/7/2022 10:29 PM CommandAcquisChB  TX=SET OBSTYPE OBJECT
11/7/2022 10:29 PM ResponseAcquisChB  RX=DONE
11/7/2022 10:29 PM CommandAcquisChC  TX=SET EXPTIME 10.000000
11/7/2022 10:29 PM ResponseAcquisChC  RX=DONE
11/7/2022 10:29 PM CommandAcquisChC  TX=SET #FRAMES 1.000000
11/7/2022 10:29 PM ResponseAcquisChC  RX=DONE
11/7/2022 10:29 PM CommandAcquisChC  TX=SET #CUBES 1.0000 
11/7/2022 10:29 PM ResponseAcquisChC  RX=DONE
11/7/2022 10:29 PM CommandAcquisChC  TX=SET SUFFIX NGC104
11/7/2022 10:29 PM CommandAcquisChC  TX=SET OBSTYPE OBJECT
11/7/2022 10:29 PM ResponseAcquisChC  RX=DONE
11/7/2022 10:29 PM CommandAcquisChD  TX=SET EXPTIME 10.000000
11/7/2022 10:29 PM ResponseAcquisChD  RX=DONE
11/7/2022 10:29 PM CommandAcquisChD  TX=SET #FRAMES 1.000000
11/7/2022 10:29 PM ResponseAcquisChD  RX=DONE
11/7/2022 10:29 PM CommandAcquisChD  TX=SET #CUBES 1.0000 
11/7/2022 10:29 PM ResponseAcquisChD  RX=DONE
11/7/2022 10:29 PM CommandAcquisChD  TX=SET SUFFIX NGC104
11/7/2022 10:29 PM CommandAcquisChD  TX=SET OBSTYPE OBJECT
11/7/2022 10:29 PM ResponseAcquisChD  RX=DONE
11/7/2022 10:29 PM ResponseAcquisChD  RX=DONE
11/7/2022 10:29 PM CommandAcquisChA  TX=EXPOSE
11/7/2022 10:29 PM CommandAcquisChB  TX=EXPOSE
11/7/2022 10:29 PM CommandAcquisChC  TX=EXPOSE
11/7/2022 10:29 PM CommandAcquisChD  TX=EXPOSE
11/7/2022 10:33 PM CommandAcquisChA  TX=WRITE_SETUP {"ACQUISITION_MODE":3,"TRIGGER_MODE":0,"READ_MODE":4,"PREAMP":0,"READOUT_RATE":0,"VERTICAL_SHIFT_SPEED":3,"EM_MODE":1,"EM_GAIN":2,"SHUTTER_MODE":1,"SHUTTER_TTL":0,"SHUTTER_OPENING_TIME":1,"SHUTTER_CLOSING_TIME":1,"VBIN":1,"HBIN":1,"INITIAL_LINE":1,"INITIAL_COLUMN":1,"FINAL_LINE":1024,"FINAL_COLUMN":1024,"FRAME_TRANSFER":true,"VERTICAL_CLOCK_VOLTAGE":0,"AD_CHANNEL":0}
11/7/2022 10:33 PM CommandAcquisChB  TX=WRITE_SETUP {"ACQUISITION_MODE":3,"TRIGGER_MODE":0,"READ_MODE":4,"PREAMP":0,"READOUT_RATE":0,"VERTICAL_SHIFT_SPEED":3,"EM_MODE":1,"EM_GAIN":2,"SHUTTER_MODE":1,"SHUTTER_TTL":0,"SHUTTER_OPENING_TIME":1,"SHUTTER_CLOSING_TIME":1,"VBIN":1,"HBIN":1,"INITIAL_LINE":1,"INITIAL_COLUMN":1,"FINAL_LINE":1024,"FINAL_COLUMN":1024,"FRAME_TRANSFER":true,"VERTICAL_CLOCK_VOLTAGE":0,"AD_CHANNEL":0}
11/7/2022 10:33 PM CommandAcquisChC  TX=WRITE_SETUP {"ACQUISITION_MODE":3,"TRIGGER_MODE":0,"READ_MODE":4,"PREAMP":0,"READOUT_RATE":0,"VERTICAL_SHIFT_SPEED":3,"EM_MODE":1,"EM_GAIN":2,"SHUTTER_MODE":1,"SHUTTER_TTL":0,"SHUTTER_OPENING_TIME":1,"SHUTTER_CLOSING_TIME":1,"VBIN":1,"HBIN":1,"INITIAL_LINE":1,"INITIAL_COLUMN":1,"FINAL_LINE":1024,"FINAL_COLUMN":1024,"FRAME_TRANSFER":true,"VERTICAL_CLOCK_VOLTAGE":0,"AD_CHANNEL":0}
11/7/2022 10:33 PM CommandAcquisChD  TX=WRITE_SETUP {"ACQUISITION_MODE":3,"TRIGGER_MODE":0,"READ_MODE":4,"PREAMP":0,"READOUT_RATE":0,"VERTICAL_SHIFT_SPEED":3,"EM_MODE":1,"EM_GAIN":2,"SHUTTER_MODE":1,"SHUTTER_TTL":0,"SHUTTER_OPENING_TIME":1,"SHUTTER_CLOSING_TIME":1,"VBIN":1,"HBIN":1,"INITIAL_LINE":1,"INITIAL_COLUMN":1,"FINAL_LINE":1024,"FINAL_COLUMN":1024,"FRAME_TRANSFER":true,"VERTICAL_CLOCK_VOLTAGE":0,"AD_CHANNEL":0}
11/7/2022 10:33 PM CommandAcquisChA  TX=READ_SETUP 
11/7/2022 10:33 PM CommandAcquisChB  TX=READ_SETUP 
11/7/2022 10:33 PM CommandAcquisChC  TX=READ_SETUP 
11/7/2022 10:33 PM CommandAcquisChD  TX=READ_SETUP 
11/7/2022 10:33 PM ResponseAcquisChD  RX={"PREAMP":0,"READOUT_RATE":0,"EM_GAIN":2,"VERTICAL_SHIFT_SPEED":3,"READ_MODE":4,"FRAME_TRANSFER":true,"VERTICAL_CLOCK_VOLTAGE":0,"ACQUISITION_MODE":3,"AD_CHANNEL":0,"EM_MODE":1,"SHUTTER_TTL":0,"SHUTTER_OPENING_TIME":1,"SHUTTER_CLOSING_TIME":1,"SHUTTER_MODE":1,"TRIGGER_MODE":0,"VBIN":1,"INITIAL_LINE":1,"INITIAL_COLUMN":1,"FINAL_LINE":1024,"FINAL_COLUMN":1024,"HBIN":1}
11/7/2022 10:33 PM ResponseAcquisChA  RX={"PREAMP":0,"READOUT_RATE":0,"EM_GAIN":2,"VERTICAL_SHIFT_SPEED":3,"READ_MODE":4,"FRAME_TRANSFER":true,"VERTICAL_CLOCK_VOLTAGE":0,"ACQUISITION_MODE":3,"AD_CHANNEL":0,"EM_MODE":1,"SHUTTER_TTL":0,"SHUTTER_OPENING_TIME":1,"SHUTTER_CLOSING_TIME":1,"SHUTTER_MODE":1,"TRIGGER_MODE":0,"VBIN":1,"INITIAL_LINE":1,"INITIAL_COLUMN":1,"FINAL_LINE":1024,"FINAL_COLUMN":1024,"HBIN":1}
11/7/2022 10:33 PM CommandAcquisChA  TX=SET TEMP -70
11/7/2022 10:33 PM ResponseAcquisChB  RX={"PREAMP":0,"READOUT_RATE":0,"EM_GAIN":2,"VERTICAL_SHIFT_SPEED":3,"READ_MODE":4,"FRAME_TRANSFER":true,"VERTICAL_CLOCK_VOLTAGE":0,"ACQUISITION_MODE":3,"AD_CHANNEL":0,"EM_MODE":1,"SHUTTER_TTL":0,"SHUTTER_OPENING_TIME":1,"SHUTTER_CLOSING_TIME":1,"SHUTTER_MODE":1,"TRIGGER_MODE":0,"VBIN":1,"INITIAL_LINE":1,"INITIAL_COLUMN":1,"FINAL_LINE":1024,"FINAL_COLUMN":1024,"HBIN":1}
11/7/2022 10:33 PM CommandAcquisChB  TX=SET TEMP -70
11/7/2022 10:33 PM ResponseAcquisChC  RX={"PREAMP":0,"READOUT_RATE":0,"EM_GAIN":2,"VERTICAL_SHIFT_SPEED":3,"READ_MODE":4,"FRAME_TRANSFER":true,"VERTICAL_CLOCK_VOLTAGE":0,"ACQUISITION_MODE":3,"AD_CHANNEL":0,"EM_MODE":1,"SHUTTER_TTL":0,"SHUTTER_OPENING_TIME":1,"SHUTTER_CLOSING_TIME":1,"SHUTTER_MODE":1,"TRIGGER_MODE":0,"VBIN":1,"INITIAL_LINE":1,"INITIAL_COLUMN":1,"FINAL_LINE":1024,"FINAL_COLUMN":1024,"HBIN":1}
11/7/2022 10:33 PM CommandAcquisChC  TX=SET TEMP -70
11/7/2022 10:33 PM CommandAcquisChD  TX=SET TEMP -70
11/7/2022 10:33 PM CommandAcquisChA  TX=SET COOLER_POWER_STATUS 1
11/7/2022 10:33 PM CommandAcquisChB  TX=SET COOLER_POWER_STATUS 1
11/7/2022 10:33 PM CommandAcquisChC  TX=SET COOLER_POWER_STATUS 1
11/7/2022 10:33 PM CommandAcquisChD  TX=SET COOLER_POWER_STATUS 1
11/7/2022 10:33 PM ResponseAcquisChD  RX=DONE
11/7/2022 10:33 PM ResponseAcquisChA  RX=DONE
11/7/2022 10:33 PM ResponseAcquisChB  RX=DONE
11/7/2022 10:33 PM ResponseAcquisChC  RX=DONE
11/7/2022 10:33 PM ResponseAcquisChB  RX=DONE
11/7/2022 10:33 PM CommandAcquisChA  TX=SET EXPTIME 5.000000
11/7/2022 10:33 PM ResponseAcquisChA  RX=DONE
11/7/2022 10:33 PM CommandAcquisChA  TX=SET #FRAMES 1.000000
11/7/2022 10:33 PM ResponseAcquisChA  RX=DONE
11/7/2022 10:33 PM CommandAcquisChA  TX=SET #CUBES 1.0000 
11/7/2022 10:33 PM CommandAcquisChA  TX=SET SUFFIX focus
11/7/2022 10:33 PM ResponseAcquisChA  RX=DONE
11/7/2022 10:33 PM ResponseAcquisChA  RX=DONE
11/7/2022 10:33 PM CommandAcquisChA  TX=SET OBSTYPE FOCUS
11/7/2022 10:33 PM ResponseAcquisChA  RX=DONE
11/7/2022 10:33 PM CommandAcquisChB  TX=SET EXPTIME 5.000000
11/7/2022 10:33 PM ResponseAcquisChB  RX=DONE
11/7/2022 10:33 PM CommandAcquisChB  TX=SET #FRAMES 1.000000
11/7/2022 10:33 PM CommandAcquisChB  TX=SET #CUBES 1.0000 
11/7/2022 10:33 PM ResponseAcquisChB  RX=DONE
11/7/2022 10:33 PM CommandAcquisChB  TX=SET SUFFIX focus
11/7/2022 10:33 PM ResponseAcquisChB  RX=DONE
11/7/2022 10:33 PM CommandAcquisChB  TX=SET OBSTYPE FOCUS
11/7/2022 10:33 PM ResponseAcquisChB  RX=DONE
11/7/2022 10:33 PM ResponseAcquisChB  RX=DONE
11/7/2022 10:33 PM CommandAcquisChC  TX=SET EXPTIME 5.000000
11/7/2022 10:33 PM ResponseAcquisChC  RX=DONE
11/7/2022 10:33 PM CommandAcquisChC  TX=SET #FRAMES 1.000000
11/7/2022 10:33 PM ResponseAcquisChC  RX=DONE
11/7/2022 10:33 PM CommandAcquisChC  TX=SET #CUBES 1.0000 
11/7/2022 10:33 PM ResponseAcquisChC  RX=DONE
11/7/2022 10:33 PM CommandAcquisChC  TX=SET SUFFIX focus
11/7/2022 10:33 PM ResponseAcquisChC  RX=DONE
11/7/2022 10:33 PM CommandAcquisChC  TX=SET OBSTYPE FOCUS
11/7/2022 10:33 PM ResponseAcquisChC  RX=DONE
11/7/2022 10:33 PM CommandAcquisChD  TX=SET EXPTIME 5.000000
11/7/2022 10:33 PM ResponseAcquisChD  RX=DONE
11/7/2022 10:33 PM CommandAcquisChD  TX=SET #FRAMES 1.000000
11/7/2022 10:33 PM ResponseAcquisChD  RX=DONE
11/7/2022 10:33 PM CommandAcquisChD  TX=SET #CUBES 1.0000 
11/7/2022 10:33 PM CommandAcquisChD  TX=SET SUFFIX focus
11/7/2022 10:33 PM ResponseAcquisChD  RX=DONE
11/7/2022 10:33 PM CommandAcquisChD  TX=SET OBSTYPE FOCUS
11/7/2022 10:33 PM ResponseAcquisChD  RX=DONE
11/7/2022 10:33 PM ResponseAcquisChD  RX=DONE
11/7/2022 10:33 PM CommandAcquisChA  TX=EXPOSE
11/7/2022 10:33 PM CommandAcquisChB  TX=EXPOSE
11/7/2022 10:33 PM CommandAcquisChC  TX=EXPOSE
11/7/2022 10:33 PM CommandAcquisChD  TX=EXPOSE
11/7/2022 10:34 PM CommandAcquisChA  TX=SET EXPTIME 5.000000
11/7/2022 10:34 PM ResponseAcquisChA  RX=DONE
11/7/2022 10:34 PM CommandAcquisChA  TX=SET #FRAMES 100.000000
11/7/2022 10:34 PM ResponseAcquisChA  RX=DONE
11/7/2022 10:34 PM CommandAcquisChA  TX=SET #CUBES 1.0000 
11/7/2022 10:34 PM CommandAcquisChA  TX=SET SUFFIX focus
11/7/2022 10:34 PM ResponseAcquisChA  RX=DONE
11/7/2022 10:34 PM ResponseAcquisChA  RX=DONE
11/7/2022 10:34 PM CommandAcquisChA  TX=SET OBSTYPE FOCUS
11/7/2022 10:34 PM ResponseAcquisChA  RX=DONE
11/7/2022 10:34 PM CommandAcquisChB  TX=SET EXPTIME 5.000000
11/7/2022 10:34 PM ResponseAcquisChB  RX=DONE
11/7/2022 10:34 PM CommandAcquisChB  TX=SET #FRAMES 100.000000
11/7/2022 10:34 PM ResponseAcquisChB  RX=DONE
11/7/2022 10:34 PM CommandAcquisChB  TX=SET #CUBES 1.0000 
11/7/2022 10:34 PM ResponseAcquisChB  RX=DONE
11/7/2022 10:34 PM CommandAcquisChB  TX=SET SUFFIX focus
11/7/2022 10:34 PM ResponseAcquisChB  RX=DONE
11/7/2022 10:34 PM CommandAcquisChB  TX=SET OBSTYPE FOCUS
11/7/2022 10:34 PM ResponseAcquisChB  RX=DONE
11/7/2022 10:34 PM CommandAcquisChC  TX=SET EXPTIME 5.000000
11/7/2022 10:34 PM ResponseAcquisChC  RX=DONE
11/7/2022 10:34 PM CommandAcquisChC  TX=SET #FRAMES 100.000000
11/7/2022 10:34 PM ResponseAcquisChC  RX=DONE
11/7/2022 10:34 PM CommandAcquisChC  TX=SET #CUBES 1.0000 
11/7/2022 10:34 PM ResponseAcquisChC  RX=DONE
11/7/2022 10:34 PM CommandAcquisChC  TX=SET SUFFIX focus
11/7/2022 10:34 PM ResponseAcquisChC  RX=DONE
11/7/2022 10:34 PM CommandAcquisChC  TX=SET OBSTYPE FOCUS
11/7/2022 10:34 PM ResponseAcquisChC  RX=DONE
11/7/2022 10:34 PM CommandAcquisChD  TX=SET EXPTIME 5.000000
11/7/2022 10:34 PM ResponseAcquisChD  RX=DONE
11/7/2022 10:34 PM CommandAcquisChD  TX=SET #FRAMES 100.000000
11/7/2022 10:34 PM ResponseAcquisChD  RX=DONE
11/7/2022 10:34 PM CommandAcquisChD  TX=SET #CUBES 1.0000 
11/7/2022 10:34 PM ResponseAcquisChD  RX=DONE
11/7/2022 10:34 PM CommandAcquisChD  TX=SET SUFFIX focus
11/7/2022 10:34 PM ResponseAcquisChD  RX=DONE
11/7/2022 10:34 PM CommandAcquisChD  TX=SET OBSTYPE FOCUS
11/7/2022 10:34 PM ResponseAcquisChD  RX=DONE
11/7/2022 10:34 PM CommandAcquisChA  TX=EXPOSE
11/7/2022 10:34 PM CommandAcquisChB  TX=EXPOSE
11/7/2022 10:34 PM CommandAcquisChC  TX=EXPOSE
11/7/2022 10:34 PM CommandAcquisChD  TX=EXPOSE
11/7/2022 10:40 PM CommandAcquisChA  TX=ABORT_ACQUISITION
11/7/2022 10:40 PM CommandAcquisChB  TX=ABORT_ACQUISITION
11/7/2022 10:40 PM CommandAcquisChC  TX=ABORT_ACQUISITION
11/7/2022 10:40 PM CommandAcquisChD  TX=ABORT_ACQUISITION
11/7/2022 10:45 PM CommandAcquisChA  TX=WRITE_SETUP {"ACQUISITION_MODE":3,"TRIGGER_MODE":0,"READ_MODE":4,"PREAMP":0,"READOUT_RATE":0,"VERTICAL_SHIFT_SPEED":3,"EM_MODE":1,"EM_GAIN":2,"SHUTTER_MODE":1,"SHUTTER_TTL":0,"SHUTTER_OPENING_TIME":1,"SHUTTER_CLOSING_TIME":1,"VBIN":1,"HBIN":1,"INITIAL_LINE":1,"INITIAL_COLUMN":1,"FINAL_LINE":1024,"FINAL_COLUMN":1024,"FRAME_TRANSFER":true,"VERTICAL_CLOCK_VOLTAGE":0,"AD_CHANNEL":0}
11/7/2022 10:45 PM CommandAcquisChB  TX=WRITE_SETUP {"ACQUISITION_MODE":3,"TRIGGER_MODE":0,"READ_MODE":4,"PREAMP":0,"READOUT_RATE":0,"VERTICAL_SHIFT_SPEED":3,"EM_MODE":1,"EM_GAIN":2,"SHUTTER_MODE":1,"SHUTTER_TTL":0,"SHUTTER_OPENING_TIME":1,"SHUTTER_CLOSING_TIME":1,"VBIN":1,"HBIN":1,"INITIAL_LINE":1,"INITIAL_COLUMN":1,"FINAL_LINE":1024,"FINAL_COLUMN":1024,"FRAME_TRANSFER":true,"VERTICAL_CLOCK_VOLTAGE":0,"AD_CHANNEL":0}
11/7/2022 10:45 PM CommandAcquisChC  TX=WRITE_SETUP {"ACQUISITION_MODE":3,"TRIGGER_MODE":0,"READ_MODE":4,"PREAMP":0,"READOUT_RATE":0,"VERTICAL_SHIFT_SPEED":3,"EM_MODE":1,"EM_GAIN":2,"SHUTTER_MODE":1,"SHUTTER_TTL":0,"SHUTTER_OPENING_TIME":1,"SHUTTER_CLOSING_TIME":1,"VBIN":1,"HBIN":1,"INITIAL_LINE":1,"INITIAL_COLUMN":1,"FINAL_LINE":1024,"FINAL_COLUMN":1024,"FRAME_TRANSFER":true,"VERTICAL_CLOCK_VOLTAGE":0,"AD_CHANNEL":0}
11/7/2022 10:45 PM CommandAcquisChD  TX=WRITE_SETUP {"ACQUISITION_MODE":3,"TRIGGER_MODE":0,"READ_MODE":4,"PREAMP":0,"READOUT_RATE":0,"VERTICAL_SHIFT_SPEED":3,"EM_MODE":1,"EM_GAIN":2,"SHUTTER_MODE":1,"SHUTTER_TTL":0,"SHUTTER_OPENING_TIME":1,"SHUTTER_CLOSING_TIME":1,"VBIN":1,"HBIN":1,"INITIAL_LINE":1,"INITIAL_COLUMN":1,"FINAL_LINE":1024,"FINAL_COLUMN":1024,"FRAME_TRANSFER":true,"VERTICAL_CLOCK_VOLTAGE":0,"AD_CHANNEL":0}
11/7/2022 10:45 PM CommandAcquisChA  TX=READ_SETUP 
11/7/2022 10:45 PM CommandAcquisChB  TX=READ_SETUP 
11/7/2022 10:45 PM CommandAcquisChC  TX=READ_SETUP 
11/7/2022 10:45 PM CommandAcquisChD  TX=READ_SETUP 
11/7/2022 10:45 PM ResponseAcquisChD  RX={"PREAMP":0,"READOUT_RATE":0,"EM_GAIN":2,"VERTICAL_SHIFT_SPEED":3,"READ_MODE":4,"FRAME_TRANSFER":true,"VERTICAL_CLOCK_VOLTAGE":0,"ACQUISITION_MODE":3,"AD_CHANNEL":0,"EM_MODE":1,"SHUTTER_TTL":0,"SHUTTER_OPENING_TIME":1,"SHUTTER_CLOSING_TIME":1,"SHUTTER_MODE":1,"TRIGGER_MODE":0,"VBIN":1,"INITIAL_LINE":1,"INITIAL_COLUMN":1,"FINAL_LINE":1024,"FINAL_COLUMN":1024,"HBIN":1}
11/7/2022 10:45 PM ResponseAcquisChA  RX={"PREAMP":0,"READOUT_RATE":0,"EM_GAIN":2,"VERTICAL_SHIFT_SPEED":3,"READ_MODE":4,"FRAME_TRANSFER":true,"VERTICAL_CLOCK_VOLTAGE":0,"ACQUISITION_MODE":3,"AD_CHANNEL":0,"EM_MODE":1,"SHUTTER_TTL":0,"SHUTTER_OPENING_TIME":1,"SHUTTER_CLOSING_TIME":1,"SHUTTER_MODE":1,"TRIGGER_MODE":0,"VBIN":1,"INITIAL_LINE":1,"INITIAL_COLUMN":1,"FINAL_LINE":1024,"FINAL_COLUMN":1024,"HBIN":1}
11/7/2022 10:45 PM ResponseAcquisChC  RX={"PREAMP":0,"READOUT_RATE":0,"EM_GAIN":2,"VERTICAL_SHIFT_SPEED":3,"READ_MODE":4,"FRAME_TRANSFER":true,"VERTICAL_CLOCK_VOLTAGE":0,"ACQUISITION_MODE":3,"AD_CHANNEL":0,"EM_MODE":1,"SHUTTER_TTL":0,"SHUTTER_OPENING_TIME":1,"SHUTTER_CLOSING_TIME":1,"SHUTTER_MODE":1,"TRIGGER_MODE":0,"VBIN":1,"INITIAL_LINE":1,"INITIAL_COLUMN":1,"FINAL_LINE":1024,"FINAL_COLUMN":1024,"HBIN":1}
11/7/2022 10:45 PM CommandAcquisChA  TX=SET TEMP -70
11/7/2022 10:45 PM ResponseAcquisChB  RX={"PREAMP":0,"READOUT_RATE":0,"EM_GAIN":2,"VERTICAL_SHIFT_SPEED":3,"READ_MODE":4,"FRAME_TRANSFER":true,"VERTICAL_CLOCK_VOLTAGE":0,"ACQUISITION_MODE":3,"AD_CHANNEL":0,"EM_MODE":1,"SHUTTER_TTL":0,"SHUTTER_OPENING_TIME":1,"SHUTTER_CLOSING_TIME":1,"SHUTTER_MODE":1,"TRIGGER_MODE":0,"VBIN":1,"INITIAL_LINE":1,"INITIAL_COLUMN":1,"FINAL_LINE":1024,"FINAL_COLUMN":1024,"HBIN":1}
11/7/2022 10:45 PM CommandAcquisChB  TX=SET TEMP -70
11/7/2022 10:45 PM CommandAcquisChC  TX=SET TEMP -70
11/7/2022 10:45 PM CommandAcquisChD  TX=SET TEMP -70
11/7/2022 10:45 PM CommandAcquisChA  TX=SET COOLER_POWER_STATUS 1
11/7/2022 10:45 PM CommandAcquisChB  TX=SET COOLER_POWER_STATUS 1
11/7/2022 10:45 PM CommandAcquisChC  TX=SET COOLER_POWER_STATUS 1
11/7/2022 10:45 PM CommandAcquisChD  TX=SET COOLER_POWER_STATUS 1
11/7/2022 10:45 PM ResponseAcquisChA  RX=DONE
11/7/2022 10:45 PM ResponseAcquisChB  RX=DONE
11/7/2022 10:45 PM ResponseAcquisChC  RX=DONE
11/7/2022 10:45 PM ResponseAcquisChD  RX=DONE
11/7/2022 10:45 PM ResponseAcquisChB  RX=DONE
11/7/2022 10:45 PM ResponseAcquisChC  RX=DONE
11/7/2022 10:45 PM ResponseAcquisChD  RX=DONE
11/7/2022 11:01 PM CommandAcquisChA  TX=SET EXPTIME 5.000000
11/7/2022 11:01 PM ResponseAcquisChA  RX=DONE
11/7/2022 11:01 PM CommandAcquisChA  TX=SET #FRAMES 2.000000
11/7/2022 11:01 PM CommandAcquisChA  TX=SET #CUBES 1.0000 
11/7/2022 11:01 PM ResponseAcquisChA  RX=DONE
11/7/2022 11:01 PM CommandAcquisChA  TX=SET SUFFIX NGC104
11/7/2022 11:01 PM ResponseAcquisChA  RX=DONE
11/7/2022 11:01 PM CommandAcquisChA  TX=SET OBSTYPE OBJECT
11/7/2022 11:01 PM ResponseAcquisChA  RX=DONE
11/7/2022 11:01 PM ResponseAcquisChA  RX=DONE
11/7/2022 11:01 PM CommandAcquisChB  TX=SET EXPTIME 5.000000
11/7/2022 11:01 PM ResponseAcquisChB  RX=DONE
11/7/2022 11:01 PM CommandAcquisChB  TX=SET #FRAMES 2.000000
11/7/2022 11:01 PM ResponseAcquisChB  RX=DONE
11/7/2022 11:01 PM CommandAcquisChB  TX=SET #CUBES 1.0000 
11/7/2022 11:01 PM CommandAcquisChB  TX=SET SUFFIX NGC104
11/7/2022 11:01 PM ResponseAcquisChB  RX=DONE
11/7/2022 11:01 PM CommandAcquisChB  TX=SET OBSTYPE OBJECT
11/7/2022 11:01 PM ResponseAcquisChB  RX=DONE
11/7/2022 11:01 PM ResponseAcquisChB  RX=DONE
11/7/2022 11:01 PM CommandAcquisChC  TX=SET EXPTIME 5.000000
11/7/2022 11:01 PM ResponseAcquisChC  RX=DONE
11/7/2022 11:01 PM CommandAcquisChC  TX=SET #FRAMES 2.000000
11/7/2022 11:01 PM ResponseAcquisChC  RX=DONE
11/7/2022 11:01 PM CommandAcquisChC  TX=SET #CUBES 1.0000 
11/7/2022 11:01 PM ResponseAcquisChC  RX=DONE
11/7/2022 11:01 PM CommandAcquisChC  TX=SET SUFFIX NGC104
11/7/2022 11:01 PM CommandAcquisChC  TX=SET OBSTYPE OBJECT
11/7/2022 11:01 PM ResponseAcquisChC  RX=DONE
11/7/2022 11:01 PM CommandAcquisChD  TX=SET EXPTIME 5.000000
11/7/2022 11:01 PM ResponseAcquisChD  RX=DONE
11/7/2022 11:01 PM CommandAcquisChD  TX=SET #FRAMES 2.000000
11/7/2022 11:01 PM ResponseAcquisChD  RX=DONE
11/7/2022 11:01 PM CommandAcquisChD  TX=SET #CUBES 1.0000 
11/7/2022 11:01 PM CommandAcquisChD  TX=SET SUFFIX NGC104
11/7/2022 11:01 PM ResponseAcquisChD  RX=DONE
11/7/2022 11:01 PM CommandAcquisChD  TX=SET OBSTYPE OBJECT
11/7/2022 11:01 PM ResponseAcquisChD  RX=DONE
11/7/2022 11:01 PM ResponseAcquisChD  RX=DONE
11/7/2022 11:01 PM CommandAcquisChA  TX=EXPOSE
11/7/2022 11:01 PM CommandAcquisChB  TX=EXPOSE
11/7/2022 11:01 PM CommandAcquisChC  TX=EXPOSE
11/7/2022 11:01 PM CommandAcquisChD  TX=EXPOSE
11/7/2022 11:02 PM CommandAcquisChA  TX=SET EXPTIME 5.000000
11/7/2022 11:02 PM ResponseAcquisChA  RX=DONE
11/7/2022 11:02 PM CommandAcquisChA  TX=SET #FRAMES 2.000000
11/7/2022 11:02 PM ResponseAcquisChA  RX=DONE
11/7/2022 11:02 PM CommandAcquisChA  TX=SET #CUBES 1.0000 
11/7/2022 11:02 PM ResponseAcquisChA  RX=DONE
11/7/2022 11:02 PM CommandAcquisChA  TX=SET SUFFIX NGC104
11/7/2022 11:02 PM ResponseAcquisChA  RX=DONE
11/7/2022 11:02 PM CommandAcquisChA  TX=SET OBSTYPE OBJECT
11/7/2022 11:02 PM ResponseAcquisChA  RX=DONE
11/7/2022 11:02 PM CommandAcquisChB  TX=SET EXPTIME 5.000000
11/7/2022 11:02 PM ResponseAcquisChB  RX=DONE
11/7/2022 11:02 PM CommandAcquisChB  TX=SET #FRAMES 2.000000
11/7/2022 11:02 PM ResponseAcquisChB  RX=DONE
11/7/2022 11:02 PM CommandAcquisChB  TX=SET #CUBES 1.0000 
11/7/2022 11:02 PM ResponseAcquisChB  RX=DONE
11/7/2022 11:02 PM CommandAcquisChB  TX=SET SUFFIX NGC104
11/7/2022 11:02 PM CommandAcquisChB  TX=SET OBSTYPE OBJECT
11/7/2022 11:02 PM ResponseAcquisChB  RX=DONE
11/7/2022 11:02 PM ResponseAcquisChB  RX=DONE
11/7/2022 11:02 PM CommandAcquisChC  TX=SET EXPTIME 5.000000
11/7/2022 11:02 PM ResponseAcquisChC  RX=DONE
11/7/2022 11:02 PM CommandAcquisChC  TX=SET #FRAMES 2.000000
11/7/2022 11:02 PM ResponseAcquisChC  RX=DONE
11/7/2022 11:02 PM CommandAcquisChC  TX=SET #CUBES 1.0000 
11/7/2022 11:02 PM CommandAcquisChC  TX=SET SUFFIX NGC104
11/7/2022 11:02 PM ResponseAcquisChC  RX=DONE
11/7/2022 11:02 PM CommandAcquisChC  TX=SET OBSTYPE OBJECT
11/7/2022 11:02 PM ResponseAcquisChC  RX=DONE
11/7/2022 11:02 PM ResponseAcquisChC  RX=DONE
11/7/2022 11:02 PM CommandAcquisChD  TX=SET EXPTIME 5.000000
11/7/2022 11:02 PM ResponseAcquisChD  RX=DONE
11/7/2022 11:02 PM CommandAcquisChD  TX=SET #FRAMES 2.000000
11/7/2022 11:02 PM CommandAcquisChD  TX=SET #CUBES 1.0000 
11/7/2022 11:02 PM ResponseAcquisChD  RX=DONE
11/7/2022 11:02 PM ResponseAcquisChD  RX=DONE
11/7/2022 11:02 PM CommandAcquisChD  TX=SET SUFFIX NGC104
11/7/2022 11:02 PM ResponseAcquisChD  RX=DONE
11/7/2022 11:02 PM CommandAcquisChD  TX=SET OBSTYPE OBJECT
11/7/2022 11:02 PM ResponseAcquisChD  RX=DONE
11/7/2022 11:02 PM CommandAcquisChA  TX=EXPOSE
11/7/2022 11:02 PM CommandAcquisChB  TX=EXPOSE
11/7/2022 11:02 PM CommandAcquisChC  TX=EXPOSE
11/7/2022 11:02 PM CommandAcquisChD  TX=EXPOSE
11/7/2022 11:02 PM CommandAcquisChA  TX=SET EXPTIME 20.000000
11/7/2022 11:02 PM ResponseAcquisChA  RX=DONE
11/7/2022 11:02 PM CommandAcquisChA  TX=SET #FRAMES 2.000000
11/7/2022 11:02 PM ResponseAcquisChA  RX=DONE
11/7/2022 11:02 PM CommandAcquisChA  TX=SET #CUBES 1.0000 
11/7/2022 11:02 PM ResponseAcquisChA  RX=DONE
11/7/2022 11:02 PM CommandAcquisChA  TX=SET SUFFIX NGC104
11/7/2022 11:02 PM CommandAcquisChA  TX=SET OBSTYPE OBJECT
11/7/2022 11:02 PM ResponseAcquisChA  RX=DONE
11/7/2022 11:02 PM ResponseAcquisChA  RX=DONE
11/7/2022 11:02 PM CommandAcquisChB  TX=SET EXPTIME 20.000000
11/7/2022 11:02 PM ResponseAcquisChB  RX=DONE
11/7/2022 11:02 PM CommandAcquisChB  TX=SET #FRAMES 2.000000
11/7/2022 11:02 PM CommandAcquisChB  TX=SET #CUBES 1.0000 
11/7/2022 11:02 PM ResponseAcquisChB  RX=DONE
11/7/2022 11:02 PM CommandAcquisChB  TX=SET SUFFIX NGC104
11/7/2022 11:02 PM ResponseAcquisChB  RX=DONE
11/7/2022 11:02 PM ResponseAcquisChB  RX=DONE
11/7/2022 11:02 PM CommandAcquisChB  TX=SET OBSTYPE OBJECT
11/7/2022 11:02 PM ResponseAcquisChB  RX=DONE
11/7/2022 11:02 PM CommandAcquisChC  TX=SET EXPTIME 20.000000
11/7/2022 11:02 PM ResponseAcquisChC  RX=DONE
11/7/2022 11:02 PM CommandAcquisChC  TX=SET #FRAMES 2.000000
11/7/2022 11:02 PM CommandAcquisChC  TX=SET #CUBES 1.0000 
11/7/2022 11:02 PM ResponseAcquisChC  RX=DONE
11/7/2022 11:02 PM ResponseAcquisChC  RX=DONE
11/7/2022 11:02 PM CommandAcquisChC  TX=SET SUFFIX NGC104
11/7/2022 11:02 PM ResponseAcquisChC  RX=DONE
11/7/2022 11:02 PM CommandAcquisChC  TX=SET OBSTYPE OBJECT
11/7/2022 11:02 PM ResponseAcquisChC  RX=DONE
11/7/2022 11:02 PM CommandAcquisChD  TX=SET EXPTIME 20.000000
11/7/2022 11:02 PM ResponseAcquisChD  RX=DONE
11/7/2022 11:02 PM CommandAcquisChD  TX=SET #FRAMES 2.000000
11/7/2022 11:02 PM ResponseAcquisChD  RX=DONE
11/7/2022 11:02 PM CommandAcquisChD  TX=SET #CUBES 1.0000 
11/7/2022 11:02 PM CommandAcquisChD  TX=SET SUFFIX NGC104
11/7/2022 11:02 PM ResponseAcquisChD  RX=DONE
11/7/2022 11:02 PM CommandAcquisChD  TX=SET OBSTYPE OBJECT
11/7/2022 11:02 PM ResponseAcquisChD  RX=DONE
11/7/2022 11:02 PM ResponseAcquisChD  RX=DONE
11/7/2022 11:02 PM CommandAcquisChA  TX=EXPOSE
11/7/2022 11:02 PM CommandAcquisChB  TX=EXPOSE
11/7/2022 11:02 PM CommandAcquisChC  TX=EXPOSE
11/7/2022 11:02 PM CommandAcquisChD  TX=EXPOSE
11/7/2022 11:06 PM CommandAcquisChA  TX=SET EXPTIME 20.000000
11/7/2022 11:06 PM ResponseAcquisChA  RX=DONE
11/7/2022 11:06 PM CommandAcquisChA  TX=SET #FRAMES 1.000000
11/7/2022 11:06 PM ResponseAcquisChA  RX=DONE
11/7/2022 11:06 PM CommandAcquisChA  TX=SET #CUBES 1.0000 
11/7/2022 11:06 PM ResponseAcquisChA  RX=DONE
11/7/2022 11:06 PM CommandAcquisChA  TX=SET SUFFIX NGC104
11/7/2022 11:06 PM ResponseAcquisChA  RX=DONE
11/7/2022 11:06 PM CommandAcquisChA  TX=SET OBSTYPE OBJECT
11/7/2022 11:06 PM ResponseAcquisChA  RX=DONE
11/7/2022 11:06 PM CommandAcquisChB  TX=SET EXPTIME 20.000000
11/7/2022 11:06 PM ResponseAcquisChB  RX=DONE
11/7/2022 11:06 PM CommandAcquisChB  TX=SET #FRAMES 1.000000
11/7/2022 11:06 PM CommandAcquisChB  TX=SET #CUBES 1.0000 
11/7/2022 11:06 PM ResponseAcquisChB  RX=DONE
11/7/2022 11:06 PM ResponseAcquisChB  RX=DONE
11/7/2022 11:06 PM CommandAcquisChB  TX=SET SUFFIX NGC104
11/7/2022 11:06 PM ResponseAcquisChB  RX=DONE
11/7/2022 11:06 PM CommandAcquisChB  TX=SET OBSTYPE OBJECT
11/7/2022 11:06 PM ResponseAcquisChB  RX=DONE
11/7/2022 11:06 PM CommandAcquisChC  TX=SET EXPTIME 20.000000
11/7/2022 11:06 PM ResponseAcquisChC  RX=DONE
11/7/2022 11:06 PM CommandAcquisChC  TX=SET #FRAMES 1.000000
11/7/2022 11:06 PM ResponseAcquisChC  RX=DONE
11/7/2022 11:06 PM CommandAcquisChC  TX=SET #CUBES 1.0000 
11/7/2022 11:06 PM CommandAcquisChC  TX=SET SUFFIX NGC104
11/7/2022 11:06 PM ResponseAcquisChC  RX=DONE
11/7/2022 11:06 PM CommandAcquisChC  TX=SET OBSTYPE OBJECT
11/7/2022 11:06 PM ResponseAcquisChC  RX=DONE
11/7/2022 11:06 PM ResponseAcquisChC  RX=DONE
11/7/2022 11:06 PM CommandAcquisChD  TX=SET EXPTIME 20.000000
11/7/2022 11:06 PM ResponseAcquisChD  RX=DONE
11/7/2022 11:06 PM CommandAcquisChD  TX=SET #FRAMES 1.000000
11/7/2022 11:06 PM ResponseAcquisChD  RX=DONE
11/7/2022 11:06 PM CommandAcquisChD  TX=SET #CUBES 1.0000 
11/7/2022 11:06 PM ResponseAcquisChD  RX=DONE
11/7/2022 11:06 PM CommandAcquisChD  TX=SET SUFFIX NGC104
11/7/2022 11:06 PM ResponseAcquisChD  RX=DONE
11/7/2022 11:06 PM CommandAcquisChD  TX=SET OBSTYPE OBJECT
11/7/2022 11:06 PM ResponseAcquisChD  RX=DONE
11/7/2022 11:06 PM CommandAcquisChA  TX=EXPOSE
11/7/2022 11:06 PM CommandAcquisChB  TX=EXPOSE
11/7/2022 11:06 PM CommandAcquisChC  TX=EXPOSE
11/7/2022 11:06 PM CommandAcquisChD  TX=EXPOSE
11/7/2022 11:06 PM ResponseAcquisChB  RX=RETURNING_STATUS {"CUBE_EXPOSURE_TIME":40,"CUBES_DONE":1,"LAST_IMAGE_NAME":"20221107_s4c2_NGC104_000203.fits","DISK_SPACE":0,"FRAMES_DONE":2,"CCD_STATUS":"IDLE","CURRENT_TEMPERATURE":-70,"TEMPERATURE_STATUS":"TEMPERATURE_STABILIZED","FRAME_EXPOSURE_TIME":20,"CCD_POWER_STATUS":true,"SERIAL_NUMBER":9915,"ACQUIRING":false}
11/7/2022 11:06 PM ResponseAcquisChC  RX=RETURNING_STATUS {"CUBE_EXPOSURE_TIME":40,"CUBES_DONE":1,"LAST_IMAGE_NAME":"20221107_s4c3_NGC104_000203.fits","DISK_SPACE":0,"FRAMES_DONE":2,"CCD_STATUS":"IDLE","CURRENT_TEMPERATURE":-70,"TEMPERATURE_STATUS":"TEMPERATURE_STABILIZED","FRAME_EXPOSURE_TIME":20,"CCD_POWER_STATUS":true,"SERIAL_NUMBER":9916,"ACQUIRING":false}
11/7/2022 11:10 PM CommandAcquisChA  TX=SET EXPTIME 20.000000
11/7/2022 11:10 PM ResponseAcquisChA  RX=DONE
11/7/2022 11:10 PM CommandAcquisChA  TX=SET #FRAMES 1.000000
11/7/2022 11:10 PM ResponseAcquisChA  RX=DONE
11/7/2022 11:10 PM CommandAcquisChA  TX=SET #CUBES 1.0000 
11/7/2022 11:10 PM ResponseAcquisChA  RX=DONE
11/7/2022 11:10 PM CommandAcquisChA  TX=SET SUFFIX NGC104
11/7/2022 11:10 PM ResponseAcquisChA  RX=DONE
11/7/2022 11:10 PM CommandAcquisChA  TX=SET OBSTYPE OBJECT
11/7/2022 11:10 PM ResponseAcquisChA  RX=DONE
11/7/2022 11:10 PM CommandAcquisChB  TX=SET EXPTIME 20.000000
11/7/2022 11:10 PM ResponseAcquisChB  RX=DONE
11/7/2022 11:10 PM CommandAcquisChB  TX=SET #FRAMES 1.000000
11/7/2022 11:10 PM ResponseAcquisChB  RX=DONE
11/7/2022 11:10 PM CommandAcquisChB  TX=SET #CUBES 1.0000 
11/7/2022 11:10 PM CommandAcquisChB  TX=SET SUFFIX NGC104
11/7/2022 11:10 PM ResponseAcquisChB  RX=DONE
11/7/2022 11:10 PM CommandAcquisChB  TX=SET OBSTYPE OBJECT
11/7/2022 11:10 PM ResponseAcquisChB  RX=DONE
11/7/2022 11:10 PM ResponseAcquisChB  RX=DONE
11/7/2022 11:10 PM CommandAcquisChC  TX=SET EXPTIME 20.000000
11/7/2022 11:10 PM ResponseAcquisChC  RX=DONE
11/7/2022 11:10 PM CommandAcquisChC  TX=SET #FRAMES 1.000000
11/7/2022 11:10 PM ResponseAcquisChC  RX=DONE
11/7/2022 11:10 PM CommandAcquisChC  TX=SET #CUBES 1.0000 
11/7/2022 11:10 PM CommandAcquisChC  TX=SET SUFFIX NGC104
11/7/2022 11:10 PM ResponseAcquisChC  RX=DONE
11/7/2022 11:10 PM ResponseAcquisChC  RX=DONE
11/7/2022 11:10 PM CommandAcquisChC  TX=SET OBSTYPE OBJECT
11/7/2022 11:10 PM ResponseAcquisChC  RX=DONE
11/7/2022 11:10 PM CommandAcquisChD  TX=SET EXPTIME 20.000000
11/7/2022 11:10 PM ResponseAcquisChD  RX=DONE
11/7/2022 11:10 PM CommandAcquisChD  TX=SET #FRAMES 1.000000
11/7/2022 11:10 PM CommandAcquisChD  TX=SET #CUBES 1.0000 
11/7/2022 11:10 PM ResponseAcquisChD  RX=DONE
11/7/2022 11:10 PM CommandAcquisChD  TX=SET SUFFIX NGC104
11/7/2022 11:10 PM ResponseAcquisChD  RX=DONE
11/7/2022 11:10 PM CommandAcquisChD  TX=SET OBSTYPE OBJECT
11/7/2022 11:10 PM ResponseAcquisChD  RX=DONE
11/7/2022 11:10 PM ResponseAcquisChD  RX=DONE
11/7/2022 11:10 PM CommandAcquisChA  TX=EXPOSE
11/7/2022 11:10 PM CommandAcquisChB  TX=EXPOSE
11/7/2022 11:10 PM CommandAcquisChC  TX=EXPOSE
11/7/2022 11:10 PM CommandAcquisChD  TX=EXPOSE
11/7/2022 11:26 PM CommandAcquisChA  TX=SET EXPTIME 20.000000
11/7/2022 11:26 PM ResponseAcquisChA  RX=DONE
11/7/2022 11:26 PM CommandAcquisChA  TX=SET #FRAMES 1.000000
11/7/2022 11:26 PM ResponseAcquisChA  RX=DONE
11/7/2022 11:26 PM CommandAcquisChA  TX=SET #CUBES 1.0000 
11/7/2022 11:26 PM ResponseAcquisChA  RX=DONE
11/7/2022 11:26 PM CommandAcquisChA  TX=SET SUFFIX NGC104
11/7/2022 11:26 PM CommandAcquisChA  TX=SET OBSTYPE OBJECT
11/7/2022 11:26 PM ResponseAcquisChA  RX=DONE
11/7/2022 11:26 PM ResponseAcquisChA  RX=DONE
11/7/2022 11:26 PM CommandAcquisChB  TX=SET EXPTIME 20.000000
11/7/2022 11:26 PM ResponseAcquisChB  RX=DONE
11/7/2022 11:26 PM CommandAcquisChB  TX=SET #FRAMES 1.000000
11/7/2022 11:26 PM ResponseAcquisChB  RX=DONE
11/7/2022 11:26 PM CommandAcquisChB  TX=SET #CUBES 1.0000 
11/7/2022 11:26 PM ResponseAcquisChB  RX=DONE
11/7/2022 11:26 PM CommandAcquisChB  TX=SET SUFFIX NGC104
11/7/2022 11:26 PM CommandAcquisChB  TX=SET OBSTYPE OBJECT
11/7/2022 11:26 PM ResponseAcquisChB  RX=DONE
11/7/2022 11:26 PM ResponseAcquisChB  RX=DONE
11/7/2022 11:26 PM CommandAcquisChC  TX=SET EXPTIME 20.000000
11/7/2022 11:26 PM ResponseAcquisChC  RX=DONE
11/7/2022 11:26 PM CommandAcquisChC  TX=SET #FRAMES 1.000000
11/7/2022 11:26 PM ResponseAcquisChC  RX=DONE
11/7/2022 11:26 PM CommandAcquisChC  TX=SET #CUBES 1.0000 
11/7/2022 11:26 PM ResponseAcquisChC  RX=DONE
11/7/2022 11:26 PM CommandAcquisChC  TX=SET SUFFIX NGC104
11/7/2022 11:26 PM ResponseAcquisChC  RX=DONE
11/7/2022 11:26 PM CommandAcquisChC  TX=SET OBSTYPE OBJECT
11/7/2022 11:26 PM ResponseAcquisChC  RX=DONE
11/7/2022 11:26 PM CommandAcquisChD  TX=SET EXPTIME 20.000000
11/7/2022 11:26 PM ResponseAcquisChD  RX=DONE
11/7/2022 11:26 PM CommandAcquisChD  TX=SET #FRAMES 1.000000
11/7/2022 11:26 PM CommandAcquisChD  TX=SET #CUBES 1.0000 
11/7/2022 11:26 PM ResponseAcquisChD  RX=DONE
11/7/2022 11:26 PM CommandAcquisChD  TX=SET SUFFIX NGC104
11/7/2022 11:26 PM ResponseAcquisChD  RX=DONE
11/7/2022 11:26 PM CommandAcquisChD  TX=SET OBSTYPE OBJECT
11/7/2022 11:26 PM ResponseAcquisChD  RX=DONE
11/7/2022 11:26 PM CommandAcquisChA  TX=EXPOSE
11/7/2022 11:26 PM CommandAcquisChB  TX=EXPOSE
11/7/2022 11:26 PM CommandAcquisChC  TX=EXPOSE
11/7/2022 11:26 PM CommandAcquisChD  TX=EXPOSE
11/8/2022 12:12 AM CommandAcquisChA  TX=SET COOLER_POWER_STATUS 0
11/8/2022 12:12 AM ResponseAcquisChA  RX=DONE
11/8/2022 12:12 AM CommandAcquisChA  TX=SET COOLER_POWER_STATUS 1
11/8/2022 12:12 AM ResponseAcquisChA  RX=DONE
11/8/2022 12:12 AM CommandAcquisChA  TX=SET TEMP -70
11/8/2022 12:12 AM CommandAcquisChA  TX=SET COOLER_POWER_STATUS 1
11/8/2022 12:12 AM ResponseAcquisChA  RX=DONE
11/8/2022 12:23 AM CommandAcquisChA  TX=WRITE_SETUP {"ACQUISITION_MODE":3,"TRIGGER_MODE":0,"READ_MODE":4,"PREAMP":0,"READOUT_RATE":0,"VERTICAL_SHIFT_SPEED":3,"EM_MODE":1,"EM_GAIN":2,"SHUTTER_MODE":2,"SHUTTER_TTL":0,"SHUTTER_OPENING_TIME":1,"SHUTTER_CLOSING_TIME":1,"VBIN":1,"HBIN":1,"INITIAL_LINE":1,"INITIAL_COLUMN":1,"FINAL_LINE":1024,"FINAL_COLUMN":1024,"FRAME_TRANSFER":true,"VERTICAL_CLOCK_VOLTAGE":0,"AD_CHANNEL":0}
11/8/2022 12:23 AM CommandAcquisChB  TX=WRITE_SETUP {"ACQUISITION_MODE":3,"TRIGGER_MODE":0,"READ_MODE":4,"PREAMP":0,"READOUT_RATE":0,"VERTICAL_SHIFT_SPEED":3,"EM_MODE":1,"EM_GAIN":2,"SHUTTER_MODE":2,"SHUTTER_TTL":0,"SHUTTER_OPENING_TIME":1,"SHUTTER_CLOSING_TIME":1,"VBIN":1,"HBIN":1,"INITIAL_LINE":1,"INITIAL_COLUMN":1,"FINAL_LINE":1024,"FINAL_COLUMN":1024,"FRAME_TRANSFER":true,"VERTICAL_CLOCK_VOLTAGE":0,"AD_CHANNEL":0}
11/8/2022 12:23 AM CommandAcquisChC  TX=WRITE_SETUP {"ACQUISITION_MODE":3,"TRIGGER_MODE":0,"READ_MODE":4,"PREAMP":0,"READOUT_RATE":0,"VERTICAL_SHIFT_SPEED":3,"EM_MODE":1,"EM_GAIN":2,"SHUTTER_MODE":2,"SHUTTER_TTL":0,"SHUTTER_OPENING_TIME":1,"SHUTTER_CLOSING_TIME":1,"VBIN":1,"HBIN":1,"INITIAL_LINE":1,"INITIAL_COLUMN":1,"FINAL_LINE":1024,"FINAL_COLUMN":1024,"FRAME_TRANSFER":true,"VERTICAL_CLOCK_VOLTAGE":0,"AD_CHANNEL":0}
11/8/2022 12:23 AM CommandAcquisChD  TX=WRITE_SETUP {"ACQUISITION_MODE":3,"TRIGGER_MODE":0,"READ_MODE":4,"PREAMP":0,"READOUT_RATE":0,"VERTICAL_SHIFT_SPEED":3,"EM_MODE":1,"EM_GAIN":2,"SHUTTER_MODE":2,"SHUTTER_TTL":0,"SHUTTER_OPENING_TIME":1,"SHUTTER_CLOSING_TIME":1,"VBIN":1,"HBIN":1,"INITIAL_LINE":1,"INITIAL_COLUMN":1,"FINAL_LINE":1024,"FINAL_COLUMN":1024,"FRAME_TRANSFER":true,"VERTICAL_CLOCK_VOLTAGE":0,"AD_CHANNEL":0}
11/8/2022 12:23 AM CommandAcquisChA  TX=READ_SETUP 
11/8/2022 12:23 AM CommandAcquisChB  TX=READ_SETUP 
11/8/2022 12:23 AM CommandAcquisChC  TX=READ_SETUP 
11/8/2022 12:23 AM CommandAcquisChD  TX=READ_SETUP 
11/8/2022 12:23 AM ResponseAcquisChA  RX={"PREAMP":0,"READOUT_RATE":0,"EM_GAIN":2,"VERTICAL_SHIFT_SPEED":3,"READ_MODE":4,"FRAME_TRANSFER":true,"VERTICAL_CLOCK_VOLTAGE":0,"ACQUISITION_MODE":3,"AD_CHANNEL":0,"EM_MODE":1,"SHUTTER_TTL":0,"SHUTTER_OPENING_TIME":1,"SHUTTER_CLOSING_TIME":1,"SHUTTER_MODE":2,"TRIGGER_MODE":0,"VBIN":1,"INITIAL_LINE":1,"INITIAL_COLUMN":1,"FINAL_LINE":1024,"FINAL_COLUMN":1024,"HBIN":1}
11/8/2022 12:23 AM CommandAcquisChA  TX=SET TEMP -70
11/8/2022 12:23 AM ResponseAcquisChB  RX={"PREAMP":0,"READOUT_RATE":0,"EM_GAIN":2,"VERTICAL_SHIFT_SPEED":3,"READ_MODE":4,"FRAME_TRANSFER":true,"VERTICAL_CLOCK_VOLTAGE":0,"ACQUISITION_MODE":3,"AD_CHANNEL":0,"EM_MODE":1,"SHUTTER_TTL":0,"SHUTTER_OPENING_TIME":1,"SHUTTER_CLOSING_TIME":1,"SHUTTER_MODE":2,"TRIGGER_MODE":0,"VBIN":1,"INITIAL_LINE":1,"INITIAL_COLUMN":1,"FINAL_LINE":1024,"FINAL_COLUMN":1024,"HBIN":1}
11/8/2022 12:23 AM CommandAcquisChB  TX=SET TEMP -70
11/8/2022 12:23 AM CommandAcquisChC  TX=SET TEMP -70
11/8/2022 12:23 AM ResponseAcquisChD  RX={"PREAMP":0,"READOUT_RATE":0,"EM_GAIN":2,"VERTICAL_SHIFT_SPEED":3,"READ_MODE":4,"FRAME_TRANSFER":true,"VERTICAL_CLOCK_VOLTAGE":0,"ACQUISITION_MODE":3,"AD_CHANNEL":0,"EM_MODE":1,"SHUTTER_TTL":0,"SHUTTER_OPENING_TIME":1,"SHUTTER_CLOSING_TIME":1,"SHUTTER_MODE":2,"TRIGGER_MODE":0,"VBIN":1,"INITIAL_LINE":1,"INITIAL_COLUMN":1,"FINAL_LINE":1024,"FINAL_COLUMN":1024,"HBIN":1}
11/8/2022 12:23 AM CommandAcquisChD  TX=SET TEMP -70
11/8/2022 12:23 AM CommandAcquisChA  TX=SET COOLER_POWER_STATUS 1
11/8/2022 12:23 AM ResponseAcquisChB  RX=DONE
11/8/2022 12:23 AM CommandAcquisChB  TX=SET COOLER_POWER_STATUS 1
11/8/2022 12:23 AM ResponseAcquisChC  RX={"PREAMP":0,"READOUT_RATE":0,"EM_GAIN":2,"VERTICAL_SHIFT_SPEED":3,"READ_MODE":4,"FRAME_TRANSFER":true,"VERTICAL_CLOCK_VOLTAGE":0,"ACQUISITION_MODE":3,"AD_CHANNEL":0,"EM_MODE":1,"SHUTTER_TTL":0,"SHUTTER_OPENING_TIME":1,"SHUTTER_CLOSING_TIME":1,"SHUTTER_MODE":2,"TRIGGER_MODE":0,"VBIN":1,"INITIAL_LINE":1,"INITIAL_COLUMN":1,"FINAL_LINE":1024,"FINAL_COLUMN":1024,"HBIN":1}
11/8/2022 12:23 AM CommandAcquisChC  TX=SET COOLER_POWER_STATUS 1
11/8/2022 12:23 AM CommandAcquisChD  TX=SET COOLER_POWER_STATUS 1
11/8/2022 12:23 AM ResponseAcquisChC  RX=DONE
11/8/2022 12:23 AM ResponseAcquisChD  RX=DONE
11/8/2022 12:23 AM ResponseAcquisChA  RX=DONE
11/8/2022 12:23 AM ResponseAcquisChB  RX=DONE
11/8/2022 12:23 AM ResponseAcquisChC  RX=DONE
11/8/2022 12:23 AM ResponseAcquisChD  RX=DONE
11/8/2022 12:23 AM ResponseAcquisChA  RX=DONE
11/8/2022 12:27 AM CommandAcquisChA  TX=SET EXPTIME 0.000010
11/8/2022 12:27 AM ResponseAcquisChA  RX=DONE
11/8/2022 12:27 AM CommandAcquisChA  TX=SET #FRAMES 100.000000
11/8/2022 12:27 AM ResponseAcquisChA  RX=DONE
11/8/2022 12:27 AM CommandAcquisChA  TX=SET #CUBES 1.0000 
11/8/2022 12:27 AM ResponseAcquisChA  RX=DONE
11/8/2022 12:27 AM CommandAcquisChA  TX=SET SUFFIX ZERO
11/8/2022 12:27 AM ResponseAcquisChA  RX=DONE
11/8/2022 12:27 AM CommandAcquisChA  TX=SET OBSTYPE ZERO
11/8/2022 12:27 AM ResponseAcquisChA  RX=DONE
11/8/2022 12:27 AM CommandAcquisChB  TX=SET EXPTIME 0.000010
11/8/2022 12:27 AM ResponseAcquisChB  RX=DONE
11/8/2022 12:27 AM CommandAcquisChB  TX=SET #FRAMES 100.000000
11/8/2022 12:27 AM CommandAcquisChB  TX=SET #CUBES 1.0000 
11/8/2022 12:27 AM ResponseAcquisChB  RX=DONE
11/8/2022 12:27 AM ResponseAcquisChB  RX=DONE
11/8/2022 12:27 AM CommandAcquisChB  TX=SET SUFFIX ZERO
11/8/2022 12:27 AM ResponseAcquisChB  RX=DONE
11/8/2022 12:27 AM CommandAcquisChB  TX=SET OBSTYPE ZERO
11/8/2022 12:27 AM ResponseAcquisChB  RX=DONE
11/8/2022 12:27 AM CommandAcquisChC  TX=SET EXPTIME 0.000010
11/8/2022 12:27 AM ResponseAcquisChC  RX=DONE
11/8/2022 12:27 AM CommandAcquisChC  TX=SET #FRAMES 100.000000
11/8/2022 12:27 AM CommandAcquisChC  TX=SET #CUBES 1.0000 
11/8/2022 12:27 AM ResponseAcquisChC  RX=DONE
11/8/2022 12:27 AM CommandAcquisChC  TX=SET SUFFIX ZERO
11/8/2022 12:27 AM ResponseAcquisChC  RX=DONE
11/8/2022 12:27 AM ResponseAcquisChC  RX=DONE
11/8/2022 12:27 AM CommandAcquisChC  TX=SET OBSTYPE ZERO
11/8/2022 12:27 AM ResponseAcquisChC  RX=DONE
11/8/2022 12:27 AM CommandAcquisChD  TX=SET EXPTIME 0.000010
11/8/2022 12:27 AM ResponseAcquisChD  RX=DONE
11/8/2022 12:27 AM CommandAcquisChD  TX=SET #FRAMES 100.000000
11/8/2022 12:27 AM ResponseAcquisChD  RX=DONE
11/8/2022 12:27 AM CommandAcquisChD  TX=SET #CUBES 1.0000 
11/8/2022 12:27 AM ResponseAcquisChD  RX=DONE
11/8/2022 12:27 AM CommandAcquisChD  TX=SET SUFFIX ZERO
11/8/2022 12:27 AM ResponseAcquisChD  RX=DONE
11/8/2022 12:27 AM CommandAcquisChD  TX=SET OBSTYPE ZERO
11/8/2022 12:27 AM ResponseAcquisChD  RX=DONE
11/8/2022 12:27 AM CommandAcquisChA  TX=EXPOSE
11/8/2022 12:27 AM CommandAcquisChB  TX=EXPOSE
11/8/2022 12:27 AM CommandAcquisChC  TX=EXPOSE
11/8/2022 12:27 AM CommandAcquisChD  TX=EXPOSE
11/8/2022 12:29 AM CommandAcquisChA  TX=WRITE_SETUP {"ACQUISITION_MODE":3,"TRIGGER_MODE":0,"READ_MODE":4,"PREAMP":0,"READOUT_RATE":0,"VERTICAL_SHIFT_SPEED":3,"EM_MODE":1,"EM_GAIN":2,"SHUTTER_MODE":1,"SHUTTER_TTL":0,"SHUTTER_OPENING_TIME":1,"SHUTTER_CLOSING_TIME":1,"VBIN":1,"HBIN":1,"INITIAL_LINE":1,"INITIAL_COLUMN":1,"FINAL_LINE":1024,"FINAL_COLUMN":1024,"FRAME_TRANSFER":true,"VERTICAL_CLOCK_VOLTAGE":0,"AD_CHANNEL":0}
11/8/2022 12:29 AM CommandAcquisChB  TX=WRITE_SETUP {"ACQUISITION_MODE":3,"TRIGGER_MODE":0,"READ_MODE":4,"PREAMP":0,"READOUT_RATE":0,"VERTICAL_SHIFT_SPEED":3,"EM_MODE":1,"EM_GAIN":2,"SHUTTER_MODE":1,"SHUTTER_TTL":0,"SHUTTER_OPENING_TIME":1,"SHUTTER_CLOSING_TIME":1,"VBIN":1,"HBIN":1,"INITIAL_LINE":1,"INITIAL_COLUMN":1,"FINAL_LINE":1024,"FINAL_COLUMN":1024,"FRAME_TRANSFER":true,"VERTICAL_CLOCK_VOLTAGE":0,"AD_CHANNEL":0}
11/8/2022 12:29 AM CommandAcquisChC  TX=WRITE_SETUP {"ACQUISITION_MODE":3,"TRIGGER_MODE":0,"READ_MODE":4,"PREAMP":0,"READOUT_RATE":0,"VERTICAL_SHIFT_SPEED":3,"EM_MODE":1,"EM_GAIN":2,"SHUTTER_MODE":1,"SHUTTER_TTL":0,"SHUTTER_OPENING_TIME":1,"SHUTTER_CLOSING_TIME":1,"VBIN":1,"HBIN":1,"INITIAL_LINE":1,"INITIAL_COLUMN":1,"FINAL_LINE":1024,"FINAL_COLUMN":1024,"FRAME_TRANSFER":true,"VERTICAL_CLOCK_VOLTAGE":0,"AD_CHANNEL":0}
11/8/2022 12:29 AM CommandAcquisChD  TX=WRITE_SETUP {"ACQUISITION_MODE":3,"TRIGGER_MODE":0,"READ_MODE":4,"PREAMP":0,"READOUT_RATE":0,"VERTICAL_SHIFT_SPEED":3,"EM_MODE":1,"EM_GAIN":2,"SHUTTER_MODE":1,"SHUTTER_TTL":0,"SHUTTER_OPENING_TIME":1,"SHUTTER_CLOSING_TIME":1,"VBIN":1,"HBIN":1,"INITIAL_LINE":1,"INITIAL_COLUMN":1,"FINAL_LINE":1024,"FINAL_COLUMN":1024,"FRAME_TRANSFER":true,"VERTICAL_CLOCK_VOLTAGE":0,"AD_CHANNEL":0}
11/8/2022 12:29 AM CommandAcquisChA  TX=READ_SETUP 
11/8/2022 12:29 AM CommandAcquisChB  TX=READ_SETUP 
11/8/2022 12:29 AM CommandAcquisChC  TX=READ_SETUP 
11/8/2022 12:29 AM CommandAcquisChD  TX=READ_SETUP 
11/8/2022 12:29 AM ResponseAcquisChC  RX={"PREAMP":0,"READOUT_RATE":0,"EM_GAIN":2,"VERTICAL_SHIFT_SPEED":3,"READ_MODE":4,"FRAME_TRANSFER":true,"VERTICAL_CLOCK_VOLTAGE":0,"ACQUISITION_MODE":3,"AD_CHANNEL":0,"EM_MODE":1,"SHUTTER_TTL":0,"SHUTTER_OPENING_TIME":1,"SHUTTER_CLOSING_TIME":1,"SHUTTER_MODE":1,"TRIGGER_MODE":0,"VBIN":1,"INITIAL_LINE":1,"INITIAL_COLUMN":1,"FINAL_LINE":1024,"FINAL_COLUMN":1024,"HBIN":1}
11/8/2022 12:29 AM ResponseAcquisChA  RX={"PREAMP":0,"READOUT_RATE":0,"EM_GAIN":2,"VERTICAL_SHIFT_SPEED":3,"READ_MODE":4,"FRAME_TRANSFER":true,"VERTICAL_CLOCK_VOLTAGE":0,"ACQUISITION_MODE":3,"AD_CHANNEL":0,"EM_MODE":1,"SHUTTER_TTL":0,"SHUTTER_OPENING_TIME":1,"SHUTTER_CLOSING_TIME":1,"SHUTTER_MODE":1,"TRIGGER_MODE":0,"VBIN":1,"INITIAL_LINE":1,"INITIAL_COLUMN":1,"FINAL_LINE":1024,"FINAL_COLUMN":1024,"HBIN":1}
11/8/2022 12:29 AM CommandAcquisChA  TX=SET TEMP -70
11/8/2022 12:29 AM ResponseAcquisChB  RX={"PREAMP":0,"READOUT_RATE":0,"EM_GAIN":2,"VERTICAL_SHIFT_SPEED":3,"READ_MODE":4,"FRAME_TRANSFER":true,"VERTICAL_CLOCK_VOLTAGE":0,"ACQUISITION_MODE":3,"AD_CHANNEL":0,"EM_MODE":1,"SHUTTER_TTL":0,"SHUTTER_OPENING_TIME":1,"SHUTTER_CLOSING_TIME":1,"SHUTTER_MODE":1,"TRIGGER_MODE":0,"VBIN":1,"INITIAL_LINE":1,"INITIAL_COLUMN":1,"FINAL_LINE":1024,"FINAL_COLUMN":1024,"HBIN":1}
11/8/2022 12:29 AM CommandAcquisChB  TX=SET TEMP -70
11/8/2022 12:29 AM CommandAcquisChC  TX=SET TEMP -70
11/8/2022 12:29 AM ResponseAcquisChD  RX={"PREAMP":0,"READOUT_RATE":0,"EM_GAIN":2,"VERTICAL_SHIFT_SPEED":3,"READ_MODE":4,"FRAME_TRANSFER":true,"VERTICAL_CLOCK_VOLTAGE":0,"ACQUISITION_MODE":3,"AD_CHANNEL":0,"EM_MODE":1,"SHUTTER_TTL":0,"SHUTTER_OPENING_TIME":1,"SHUTTER_CLOSING_TIME":1,"SHUTTER_MODE":1,"TRIGGER_MODE":0,"VBIN":1,"INITIAL_LINE":1,"INITIAL_COLUMN":1,"FINAL_LINE":1024,"FINAL_COLUMN":1024,"HBIN":1}
11/8/2022 12:29 AM CommandAcquisChD  TX=SET TEMP -70
11/8/2022 12:29 AM CommandAcquisChA  TX=SET COOLER_POWER_STATUS 1
11/8/2022 12:29 AM CommandAcquisChB  TX=SET COOLER_POWER_STATUS 1
11/8/2022 12:29 AM CommandAcquisChC  TX=SET COOLER_POWER_STATUS 1
11/8/2022 12:29 AM CommandAcquisChD  TX=SET COOLER_POWER_STATUS 1
11/8/2022 12:29 AM ResponseAcquisChB  RX=DONE
11/8/2022 12:29 AM ResponseAcquisChC  RX=DONE
11/8/2022 12:29 AM ResponseAcquisChA  RX=DONE
11/8/2022 12:29 AM ResponseAcquisChD  RX=DONE
11/8/2022 12:29 AM ResponseAcquisChA  RX=DONE
11/8/2022 12:29 AM ResponseAcquisChD  RX=DONE
11/8/2022 12:31 AM CommandAcquisChA  TX=WRITE_SETUP {"ACQUISITION_MODE":3,"TRIGGER_MODE":0,"READ_MODE":4,"PREAMP":0,"READOUT_RATE":0,"VERTICAL_SHIFT_SPEED":3,"EM_MODE":1,"EM_GAIN":2,"SHUTTER_MODE":2,"SHUTTER_TTL":0,"SHUTTER_OPENING_TIME":1,"SHUTTER_CLOSING_TIME":1,"VBIN":1,"HBIN":1,"INITIAL_LINE":1,"INITIAL_COLUMN":1,"FINAL_LINE":1024,"FINAL_COLUMN":1024,"FRAME_TRANSFER":true,"VERTICAL_CLOCK_VOLTAGE":0,"AD_CHANNEL":0}
11/8/2022 12:31 AM CommandAcquisChB  TX=WRITE_SETUP {"ACQUISITION_MODE":3,"TRIGGER_MODE":0,"READ_MODE":4,"PREAMP":0,"READOUT_RATE":0,"VERTICAL_SHIFT_SPEED":3,"EM_MODE":1,"EM_GAIN":2,"SHUTTER_MODE":2,"SHUTTER_TTL":0,"SHUTTER_OPENING_TIME":1,"SHUTTER_CLOSING_TIME":1,"VBIN":1,"HBIN":1,"INITIAL_LINE":1,"INITIAL_COLUMN":1,"FINAL_LINE":1024,"FINAL_COLUMN":1024,"FRAME_TRANSFER":true,"VERTICAL_CLOCK_VOLTAGE":0,"AD_CHANNEL":0}
11/8/2022 12:31 AM CommandAcquisChC  TX=WRITE_SETUP {"ACQUISITION_MODE":3,"TRIGGER_MODE":0,"READ_MODE":4,"PREAMP":0,"READOUT_RATE":0,"VERTICAL_SHIFT_SPEED":3,"EM_MODE":1,"EM_GAIN":2,"SHUTTER_MODE":2,"SHUTTER_TTL":0,"SHUTTER_OPENING_TIME":1,"SHUTTER_CLOSING_TIME":1,"VBIN":1,"HBIN":1,"INITIAL_LINE":1,"INITIAL_COLUMN":1,"FINAL_LINE":1024,"FINAL_COLUMN":1024,"FRAME_TRANSFER":true,"VERTICAL_CLOCK_VOLTAGE":0,"AD_CHANNEL":0}
11/8/2022 12:31 AM CommandAcquisChD  TX=WRITE_SETUP {"ACQUISITION_MODE":3,"TRIGGER_MODE":0,"READ_MODE":4,"PREAMP":0,"READOUT_RATE":0,"VERTICAL_SHIFT_SPEED":3,"EM_MODE":1,"EM_GAIN":2,"SHUTTER_MODE":2,"SHUTTER_TTL":0,"SHUTTER_OPENING_TIME":1,"SHUTTER_CLOSING_TIME":1,"VBIN":1,"HBIN":1,"INITIAL_LINE":1,"INITIAL_COLUMN":1,"FINAL_LINE":1024,"FINAL_COLUMN":1024,"FRAME_TRANSFER":true,"VERTICAL_CLOCK_VOLTAGE":0,"AD_CHANNEL":0}
11/8/2022 12:31 AM CommandAcquisChA  TX=READ_SETUP 
11/8/2022 12:31 AM CommandAcquisChB  TX=READ_SETUP 
11/8/2022 12:31 AM CommandAcquisChC  TX=READ_SETUP 
11/8/2022 12:31 AM CommandAcquisChD  TX=READ_SETUP 
11/8/2022 12:31 AM ResponseAcquisChB  RX={"PREAMP":0,"READOUT_RATE":0,"EM_GAIN":2,"VERTICAL_SHIFT_SPEED":3,"READ_MODE":4,"FRAME_TRANSFER":true,"VERTICAL_CLOCK_VOLTAGE":0,"ACQUISITION_MODE":3,"AD_CHANNEL":0,"EM_MODE":1,"SHUTTER_TTL":0,"SHUTTER_OPENING_TIME":1,"SHUTTER_CLOSING_TIME":1,"SHUTTER_MODE":2,"TRIGGER_MODE":0,"VBIN":1,"INITIAL_LINE":1,"INITIAL_COLUMN":1,"FINAL_LINE":1024,"FINAL_COLUMN":1024,"HBIN":1}
11/8/2022 12:31 AM ResponseAcquisChD  RX={"PREAMP":0,"READOUT_RATE":0,"EM_GAIN":2,"VERTICAL_SHIFT_SPEED":3,"READ_MODE":4,"FRAME_TRANSFER":true,"VERTICAL_CLOCK_VOLTAGE":0,"ACQUISITION_MODE":3,"AD_CHANNEL":0,"EM_MODE":1,"SHUTTER_TTL":0,"SHUTTER_OPENING_TIME":1,"SHUTTER_CLOSING_TIME":1,"SHUTTER_MODE":2,"TRIGGER_MODE":0,"VBIN":1,"INITIAL_LINE":1,"INITIAL_COLUMN":1,"FINAL_LINE":1024,"FINAL_COLUMN":1024,"HBIN":1}
11/8/2022 12:31 AM ResponseAcquisChA  RX={"PREAMP":0,"READOUT_RATE":0,"EM_GAIN":2,"VERTICAL_SHIFT_SPEED":3,"READ_MODE":4,"FRAME_TRANSFER":true,"VERTICAL_CLOCK_VOLTAGE":0,"ACQUISITION_MODE":3,"AD_CHANNEL":0,"EM_MODE":1,"SHUTTER_TTL":0,"SHUTTER_OPENING_TIME":1,"SHUTTER_CLOSING_TIME":1,"SHUTTER_MODE":2,"TRIGGER_MODE":0,"VBIN":1,"INITIAL_LINE":1,"INITIAL_COLUMN":1,"FINAL_LINE":1024,"FINAL_COLUMN":1024,"HBIN":1}
11/8/2022 12:31 AM CommandAcquisChA  TX=SET TEMP -70
11/8/2022 12:31 AM CommandAcquisChB  TX=SET TEMP -70
11/8/2022 12:31 AM ResponseAcquisChC  RX={"PREAMP":0,"READOUT_RATE":0,"EM_GAIN":2,"VERTICAL_SHIFT_SPEED":3,"READ_MODE":4,"FRAME_TRANSFER":true,"VERTICAL_CLOCK_VOLTAGE":0,"ACQUISITION_MODE":3,"AD_CHANNEL":0,"EM_MODE":1,"SHUTTER_TTL":0,"SHUTTER_OPENING_TIME":1,"SHUTTER_CLOSING_TIME":1,"SHUTTER_MODE":2,"TRIGGER_MODE":0,"VBIN":1,"INITIAL_LINE":1,"INITIAL_COLUMN":1,"FINAL_LINE":1024,"FINAL_COLUMN":1024,"HBIN":1}
11/8/2022 12:31 AM CommandAcquisChC  TX=SET TEMP -70
11/8/2022 12:31 AM CommandAcquisChD  TX=SET TEMP -70
11/8/2022 12:31 AM CommandAcquisChA  TX=SET COOLER_POWER_STATUS 1
11/8/2022 12:31 AM ResponseAcquisChB  RX=DONE
11/8/2022 12:31 AM CommandAcquisChB  TX=SET COOLER_POWER_STATUS 1
11/8/2022 12:31 AM CommandAcquisChC  TX=SET COOLER_POWER_STATUS 1
11/8/2022 12:31 AM CommandAcquisChD  TX=SET COOLER_POWER_STATUS 1
11/8/2022 12:31 AM ResponseAcquisChC  RX=DONE
11/8/2022 12:31 AM ResponseAcquisChD  RX=DONE
11/8/2022 12:31 AM ResponseAcquisChA  RX=DONE
11/8/2022 12:31 AM ResponseAcquisChB  RX=DONE
11/8/2022 12:31 AM ResponseAcquisChD  RX=DONE
