8/15/2022 8:29 AM CommandSyncBox  TX=aset off

8/15/2022 8:29 AM ResponseSyncBox  RX=OK

8/15/2022 8:29 AM CommandSyncBox  TX=bset off

8/15/2022 8:29 AM ResponseSyncBox  RX=OK

8/15/2022 8:29 AM CommandSyncBox  TX=cset off

8/15/2022 8:29 AM ResponseSyncBox  RX=OK

8/15/2022 8:29 AM CommandSyncBox  TX=dset on

8/15/2022 8:29 AM ResponseSyncBox  RX=OK

8/15/2022 8:29 AM CommandSyncBox  TX=IN

8/15/2022 8:29 AM ResponseSyncBox  RX=OK

8/15/2022 8:29 AM CommandAcquisChD  TX=SET COOLER_POWER_STATUS 0
8/15/2022 8:30 AM CommandInstrument  TX=S4ICS WPROT NONE NONE,WPSEL INIT NONE,GMIR NONE NONE,GFOC NONE NONE,CALW NONE NONE,ASEL NONE NONE

8/15/2022 8:30 AM ResponseInstrument  RX=WPSEL WAITING ACK 0 NONE -1, WPROT WAITING BUSY 0 NONE -1, CALW WAITING NONE 0 NONE -1, ASEL WAITING NONE 0 NONE -1, GMIR WAITING NONE 0 NONE -1, GFOC WAITING NONE 0 NONE -1

8/15/2022 8:30 AM CommandInstrument  TX=S4ICS WPROT NONE NONE,WPSEL NONE NONE,GMIR NONE NONE,GFOC NONE NONE,CALW INIT NONE,ASEL NONE NONE

8/15/2022 8:30 AM ResponseInstrument  RX=WPSEL WAITING BUSY -13 NONE -1, WPROT WAITING BUSY 0 NONE -1, CALW WAITING ACK 0 NONE -1, ASEL WAITING BUSY 0 NONE -1, GMIR WAITING NONE 0 NONE -1, GFOC WAITING NONE 0 NONE -1

8/15/2022 8:30 AM CommandInstrument  TX=S4ICS WPROT NONE NONE,WPSEL NONE NONE,GMIR INIT NONE,GFOC NONE NONE,CALW NONE NONE,ASEL NONE NONE

8/15/2022 8:30 AM ResponseInstrument  RX=WPSEL WAITING BUSY -28 NONE -1, WPROT WAITING BUSY 0 NONE -1, CALW WAITING BUSY -30 NONE -1, ASEL WAITING BUSY 0 NONE -1, GMIR WAITING ACK 0 NONE -1, GFOC WAITING BUSY 0 NONE -1

8/15/2022 8:30 AM CommandInstrument  TX=S4ICS WPROT INIT NONE,WPSEL NONE NONE,GMIR NONE NONE,GFOC NONE NONE,CALW NONE NONE,ASEL NONE NONE

8/15/2022 8:30 AM ResponseInstrument  RX=WPSEL SIMULATED BUSY 0 HOME 0, WPROT WAITING ACK 0 NONE -1, CALW SIMULATED READY 0.0 HOME 0, ASEL WAITING NONE 0 NONE -1, GMIR SIMULATED READY 0.0 HOME 0, GFOC WAITING NONE 0 NONE -1

8/15/2022 8:30 AM CommandInstrument  TX=S4ICS WPROT NONE NONE,WPSEL NONE NONE,GMIR NONE NONE,GFOC INIT NONE,CALW NONE NONE,ASEL INIT NONE

8/15/2022 8:30 AM ResponseInstrument  RX=WPSEL SIMULATED BUSY 0 HOME 0, WPROT WAITING BUSY -62 NONE -1, CALW SIMULATED BUSY 0.0 HOME 0, ASEL WAITING ACK 0 NONE -1, GMIR SIMULATED BUSY 0.0 HOME 0, GFOC WAITING ACK 0 NONE -1

8/15/2022 8:35 AM CommandInstrument  TX=S4ICS WPROT NONE NONE,WPSEL GOTO OFF,GMIR NONE NONE,GFOC NONE NONE,CALW GOTO OFF,ASEL GOTO OFF

8/15/2022 8:35 AM ResponseInstrument  RX=WPSEL SIMULATED ACK 0 HOME 0, WPROT SIMULATED BUSY 30.0 HOME 0, CALW SIMULATED ACK 0.0 HOME 0, ASEL SIMULATED ACK 0.0 HOME 0, GMIR SIMULATED READY 0.0 HOME 0, GFOC SIMULATED READY 0.0 HOME 0

