9/19/2022 10:11 AM CommandAcquisChA  TX=WRITE_SETUP {"ACQUISITION_MODE":3,"TRIGGER_MODE":6,"READ_MODE":4,"PREAMP":0,"READOUT_RATE":0,"VERTICAL_SHIFT_SPEED":3,"EM_MODE":1,"EM_GAIN":2,"SHUTTER_MODE":2,"SHUTTER_TTL":0,"SHUTTER_OPENING_TIME":1,"SHUTTER_CLOSING_TIME":1,"VBIN":1,"HBIN":1,"INITIAL_LINE":1,"INITIAL_COLUMN":1,"FINAL_LINE":1024,"FINAL_COLUMN":1024,"FRAME_TRANSFER":true,"VERTICAL_CLOCK_VOLTAGE":0,"AD_CHANNEL":0}
9/19/2022 10:11 AM CommandAcquisChB  TX=WRITE_SETUP {"ACQUISITION_MODE":3,"TRIGGER_MODE":6,"READ_MODE":4,"PREAMP":0,"READOUT_RATE":0,"VERTICAL_SHIFT_SPEED":0,"EM_MODE":1,"EM_GAIN":2,"SHUTTER_MODE":2,"SHUTTER_TTL":0,"SHUTTER_OPENING_TIME":1,"SHUTTER_CLOSING_TIME":1,"VBIN":1,"HBIN":1,"INITIAL_LINE":1,"INITIAL_COLUMN":1,"FINAL_LINE":1024,"FINAL_COLUMN":1024,"FRAME_TRANSFER":true,"VERTICAL_CLOCK_VOLTAGE":0,"AD_CHANNEL":0}
9/19/2022 10:11 AM CommandAcquisChC  TX=WRITE_SETUP {"ACQUISITION_MODE":3,"TRIGGER_MODE":1,"READ_MODE":0,"PREAMP":0,"READOUT_RATE":0,"VERTICAL_SHIFT_SPEED":0,"EM_MODE":1,"EM_GAIN":2,"SHUTTER_MODE":2,"SHUTTER_TTL":0,"SHUTTER_OPENING_TIME":1,"SHUTTER_CLOSING_TIME":1,"VBIN":1,"HBIN":1,"INITIAL_LINE":1,"INITIAL_COLUMN":1,"FINAL_LINE":1024,"FINAL_COLUMN":1024,"FRAME_TRANSFER":true,"VERTICAL_CLOCK_VOLTAGE":0,"AD_CHANNEL":0}
9/19/2022 10:11 AM CommandAcquisChD  TX=WRITE_SETUP {"ACQUISITION_MODE":3,"TRIGGER_MODE":0,"READ_MODE":4,"PREAMP":0,"READOUT_RATE":0,"VERTICAL_SHIFT_SPEED":3,"EM_MODE":1,"EM_GAIN":2,"SHUTTER_MODE":2,"SHUTTER_TTL":0,"SHUTTER_OPENING_TIME":1,"SHUTTER_CLOSING_TIME":1,"VBIN":1,"HBIN":1,"INITIAL_LINE":1,"INITIAL_COLUMN":1,"FINAL_LINE":1024,"FINAL_COLUMN":1024,"FRAME_TRANSFER":true,"VERTICAL_CLOCK_VOLTAGE":0,"AD_CHANNEL":0}
9/19/2022 10:11 AM CommandSyncBox  TX=ADELAY 0m

9/19/2022 10:11 AM ResponseSyncBox  RX=OK

9/19/2022 10:11 AM CommandSyncBox  TX=BDELAY 0m

9/19/2022 10:11 AM ResponseSyncBox  RX=OK

9/19/2022 10:11 AM CommandSyncBox  TX=CDELAY 0m

9/19/2022 10:11 AM ResponseSyncBox  RX=OK

9/19/2022 10:11 AM CommandSyncBox  TX=DDELAY 0m

9/19/2022 10:11 AM ResponseSyncBox  RX=OK

9/19/2022 10:11 AM CommandSyncBox  TX=AWIDTH 200m

9/19/2022 10:11 AM ResponseSyncBox  RX=OK

9/19/2022 10:11 AM CommandSyncBox  TX=BWIDTH 200m

9/19/2022 10:11 AM ResponseSyncBox  RX=OK

9/19/2022 10:11 AM CommandSyncBox  TX=CWIDTH 200m

9/19/2022 10:11 AM ResponseSyncBox  RX=OK

9/19/2022 10:11 AM CommandSyncBox  TX=DWIDTH 200m

9/19/2022 10:11 AM ResponseSyncBox  RX=OK

9/19/2022 10:11 AM CommandSyncBox  TX=aset on

9/19/2022 10:11 AM ResponseSyncBox  RX=OK

9/19/2022 10:11 AM CommandSyncBox  TX=bset on

9/19/2022 10:11 AM ResponseSyncBox  RX=OK

9/19/2022 10:11 AM CommandSyncBox  TX=cset on

9/19/2022 10:11 AM ResponseSyncBox  RX=OK

9/19/2022 10:11 AM CommandSyncBox  TX=dset on

9/19/2022 10:11 AM ResponseSyncBox  RX=OK

9/19/2022 10:11 AM CommandSyncBox  TX=IN

9/19/2022 10:11 AM ResponseSyncBox  RX=OK

9/19/2022 10:11 AM CommandAcquisChA  TX=READ_SETUP 
9/19/2022 10:11 AM CommandAcquisChB  TX=READ_SETUP 
9/19/2022 10:11 AM CommandAcquisChC  TX=READ_SETUP 
9/19/2022 10:11 AM CommandAcquisChD  TX=READ_SETUP 
9/19/2022 10:11 AM ResponseAcquisChA  RX=CCD_SETUP {"PREAMP":0,"READOUT_RATE":0,"EM_GAIN":2,"VBIN":1,"INITIAL_LINE":1,"INITIAL_COLUMN":1,"FINAL_LINE":1024,"FINAL_COLUMN":1024,"TRIGGER_MODE":6,"HBIN":1,"SHUTTER_TTL":0,"SHUTTER_MODE":2,"SHUTTER_OPENING_TIME":1,"SHUTTER_CLOSING_TIME":1,"VERTICAL_SHIFT_SPEED":3,"READ_MODE":4,"FRAME_TRANSFER":true,"VERTICAL_CLOCK_VOLTAGE":0,"ACQUISITION_MODE":3,"AD_CHANNEL":0,"EM_MODE":1}
9/19/2022 10:11 AM CommandAcquisChA  TX=SET COOLER_POWER_STATUS 0
9/19/2022 10:12 AM CommandAcquisChB  TX=SET COOLER_POWER_STATUS 0
9/19/2022 10:12 AM CommandAcquisChC  TX=SET COOLER_POWER_STATUS 0
9/19/2022 10:12 AM CommandAcquisChD  TX=SET COOLER_POWER_STATUS 0
9/19/2022 10:12 AM CommandAcquisChA  TX=SET EXPTIME 2.000000
9/19/2022 10:12 AM CommandAcquisChA  TX=SET #FRAMES 3.000000
9/19/2022 10:12 AM CommandAcquisChA  TX=SET #CUBES 1.0000 
9/19/2022 10:12 AM CommandAcquisChA  TX=ABORT_ACQUISITION
9/19/2022 10:12 AM CommandAcquisChB  TX=ABORT_ACQUISITION
9/19/2022 10:12 AM CommandAcquisChC  TX=ABORT_ACQUISITION
9/19/2022 10:12 AM CommandAcquisChD  TX=ABORT_ACQUISITION
9/19/2022 10:12 AM CommandAcquisChA  TX=SET EXPTIME 2.000000
9/19/2022 10:12 AM ResponseAcquisChA  RX=DONE
9/19/2022 10:12 AM CommandAcquisChA  TX=SET #FRAMES 3.000000
9/19/2022 10:12 AM ResponseAcquisChA  RX=DONE
9/19/2022 10:12 AM CommandAcquisChA  TX=SET #CUBES 1.0000 
9/19/2022 10:12 AM ResponseAcquisChA  RX=DONE
9/19/2022 10:12 AM CommandAcquisChA  TX=SET SUFFIX DARK
9/19/2022 10:12 AM ResponseAcquisChA  RX=DONE
9/19/2022 10:12 AM CommandAcquisChA  TX=SET OBSTYPE DARK
9/19/2022 10:12 AM ResponseAcquisChA  RX=DONE
9/19/2022 10:12 AM CommandSyncBox  TX=ADELAY 0m

9/19/2022 10:12 AM ResponseSyncBox  RX=OK

9/19/2022 10:12 AM CommandSyncBox  TX=BDELAY 0m

9/19/2022 10:12 AM ResponseSyncBox  RX=OK

9/19/2022 10:12 AM CommandSyncBox  TX=CDELAY 0m

9/19/2022 10:12 AM ResponseSyncBox  RX=OK

9/19/2022 10:12 AM CommandSyncBox  TX=DDELAY 0m

9/19/2022 10:12 AM ResponseSyncBox  RX=OK

9/19/2022 10:12 AM CommandSyncBox  TX=AWIDTH 200m

9/19/2022 10:12 AM ResponseSyncBox  RX=OK

9/19/2022 10:12 AM CommandSyncBox  TX=BWIDTH 200m

9/19/2022 10:12 AM ResponseSyncBox  RX=OK

9/19/2022 10:12 AM CommandSyncBox  TX=CWIDTH 200m

9/19/2022 10:12 AM ResponseSyncBox  RX=OK

9/19/2022 10:12 AM CommandSyncBox  TX=DWIDTH 200m

9/19/2022 10:12 AM ResponseSyncBox  RX=OK

9/19/2022 10:12 AM CommandSyncBox  TX=aset on

9/19/2022 10:12 AM ResponseSyncBox  RX=OK

9/19/2022 10:12 AM CommandSyncBox  TX=bset on

9/19/2022 10:12 AM ResponseSyncBox  RX=OK

9/19/2022 10:12 AM CommandSyncBox  TX=cset on

9/19/2022 10:12 AM ResponseSyncBox  RX=OK

9/19/2022 10:12 AM CommandSyncBox  TX=dset on

9/19/2022 10:12 AM ResponseSyncBox  RX=OK

9/19/2022 10:12 AM CommandSyncBox  TX=IN

9/19/2022 10:12 AM ResponseSyncBox  RX=OK

9/19/2022 10:12 AM CommandAcquisChA  TX=EXPOSE
9/19/2022 10:12 AM CommandSyncBox  TX=TRigger REmote

9/19/2022 10:12 AM ResponseSyncBox  RX=

     Highland Technology  Model T560  Digital Delay Generator

Firmware 28E560-D  02407                Cal date July 19, 2018      

Trig   REM  50R  Level 1.250   Div   0,000,000,000  SYN 00,010,000.00
Gate   OFF  POS  HIZ           Shots 0,000,000,086
Burst  OFF  N  0,000,000,016   of M  0,000,000,064

Verbos ON   Autoinstall FEOD   Usec 1,490,955,934  DPLL 00021
Clock  OUT  Trim 02166         Temp +51.3

Errs   None

Ch A  POS  ON     Dly  00.000,000,000,000  Wid  00.200,000,000,000
Ch B  POS  ON     Dly  00.000,000,000,000  Wid  00.200,000,000,000
Ch C  POS  ON     Dly  00.000,000,000,000  Wid  00.200,000,000,000
Ch D  POS  ON     Dly  00.000,000,000,000  Wid  00.200,000,000,000



9/19/2022 10:12 AM ResponseSyncBox  RX=OK

9/19/2022 10:12 AM CommandSyncBox  TX=IN

9/19/2022 10:12 AM ResponseSyncBox  RX=OK

9/19/2022 10:12 AM CommandSyncBox  TX=TRigger

9/19/2022 10:12 AM ResponseSyncBox  RX=Trig   REM  50R  Level 1.250   Div   0,000,000,000  SYN 00,010,000.00

9/19/2022 10:12 AM CommandSyncBox  TX=FIre

9/19/2022 10:12 AM ResponseSyncBox  RX=OK

9/19/2022 10:15 AM CommandAcquisChA  TX=ABORT_ACQUISITION
9/19/2022 10:15 AM CommandAcquisChB  TX=ABORT_ACQUISITION
9/19/2022 10:15 AM CommandAcquisChC  TX=ABORT_ACQUISITION
9/19/2022 10:15 AM CommandAcquisChD  TX=ABORT_ACQUISITION
9/19/2022 10:19 AM CommandAcquisChA  TX=WRITE_SETUP {"ACQUISITION_MODE":3,"TRIGGER_MODE":0,"READ_MODE":4,"PREAMP":0,"READOUT_RATE":0,"VERTICAL_SHIFT_SPEED":3,"EM_MODE":1,"EM_GAIN":2,"SHUTTER_MODE":2,"SHUTTER_TTL":0,"SHUTTER_OPENING_TIME":1,"SHUTTER_CLOSING_TIME":1,"VBIN":1,"HBIN":1,"INITIAL_LINE":1,"INITIAL_COLUMN":1,"FINAL_LINE":1024,"FINAL_COLUMN":1024,"FRAME_TRANSFER":true,"VERTICAL_CLOCK_VOLTAGE":0,"AD_CHANNEL":0}
9/19/2022 10:19 AM CommandAcquisChA  TX=READ_SETUP 
9/19/2022 10:19 AM ResponseAcquisChA  RX=CCD_SETUP {"PREAMP":0,"READOUT_RATE":0,"EM_GAIN":2,"VBIN":1,"INITIAL_LINE":1,"INITIAL_COLUMN":1,"FINAL_LINE":1024,"FINAL_COLUMN":1024,"TRIGGER_MODE":0,"HBIN":1,"SHUTTER_TTL":0,"SHUTTER_MODE":2,"SHUTTER_OPENING_TIME":1,"SHUTTER_CLOSING_TIME":1,"VERTICAL_SHIFT_SPEED":3,"READ_MODE":4,"FRAME_TRANSFER":true,"VERTICAL_CLOCK_VOLTAGE":0,"ACQUISITION_MODE":3,"AD_CHANNEL":0,"EM_MODE":1}
9/19/2022 10:19 AM CommandAcquisChA  TX=SET COOLER_POWER_STATUS 0
9/19/2022 10:19 AM ResponseAcquisChA  RX=DONE
9/19/2022 10:19 AM CommandAcquisChA  TX=SET EXPTIME 2.000000
9/19/2022 10:19 AM ResponseAcquisChA  RX=DONE
9/19/2022 10:19 AM CommandAcquisChA  TX=SET #FRAMES 1.000000
9/19/2022 10:19 AM ResponseAcquisChA  RX=DONE
9/19/2022 10:19 AM CommandAcquisChA  TX=SET #CUBES 1.0000 
9/19/2022 10:19 AM CommandAcquisChA  TX=SET SUFFIX DARK
9/19/2022 10:19 AM ResponseAcquisChA  RX=DONE
9/19/2022 10:19 AM ResponseAcquisChA  RX=DONE
9/19/2022 10:19 AM CommandAcquisChA  TX=SET OBSTYPE DARK
9/19/2022 10:19 AM ResponseAcquisChA  RX=DONE
9/19/2022 10:19 AM CommandAcquisChA  TX=EXPOSE
9/19/2022 10:26 AM CommandAcquisChA  TX=WRITE_SETUP {"ACQUISITION_MODE":3,"TRIGGER_MODE":6,"READ_MODE":4,"PREAMP":0,"READOUT_RATE":0,"VERTICAL_SHIFT_SPEED":3,"EM_MODE":1,"EM_GAIN":2,"SHUTTER_MODE":2,"SHUTTER_TTL":0,"SHUTTER_OPENING_TIME":1,"SHUTTER_CLOSING_TIME":1,"VBIN":1,"HBIN":1,"INITIAL_LINE":1,"INITIAL_COLUMN":1,"FINAL_LINE":1024,"FINAL_COLUMN":1024,"FRAME_TRANSFER":true,"VERTICAL_CLOCK_VOLTAGE":0,"AD_CHANNEL":0}
9/19/2022 10:26 AM CommandAcquisChA  TX=READ_SETUP 
9/19/2022 10:26 AM ResponseAcquisChA  RX=CCD_SETUP {"PREAMP":0,"READOUT_RATE":0,"EM_GAIN":2,"VBIN":1,"INITIAL_LINE":1,"INITIAL_COLUMN":1,"FINAL_LINE":1024,"FINAL_COLUMN":1024,"TRIGGER_MODE":6,"HBIN":1,"SHUTTER_TTL":0,"SHUTTER_MODE":2,"SHUTTER_OPENING_TIME":1,"SHUTTER_CLOSING_TIME":1,"VERTICAL_SHIFT_SPEED":3,"READ_MODE":4,"FRAME_TRANSFER":true,"VERTICAL_CLOCK_VOLTAGE":0,"ACQUISITION_MODE":3,"AD_CHANNEL":0,"EM_MODE":1}
9/19/2022 10:26 AM CommandAcquisChA  TX=SET COOLER_POWER_STATUS 0
9/19/2022 10:26 AM ResponseAcquisChA  RX=DONE
9/19/2022 10:26 AM CommandAcquisChA  TX=SET EXPTIME 2.000000
9/19/2022 10:26 AM ResponseAcquisChA  RX=DONE
9/19/2022 10:26 AM CommandAcquisChA  TX=SET #FRAMES 1.000000
9/19/2022 10:26 AM CommandAcquisChA  TX=SET #CUBES 1.0000 
9/19/2022 10:26 AM ResponseAcquisChA  RX=DONE
9/19/2022 10:26 AM ResponseAcquisChA  RX=DONE
9/19/2022 10:26 AM CommandAcquisChA  TX=SET SUFFIX DARK
9/19/2022 10:26 AM CommandAcquisChA  TX=SET OBSTYPE DARK
9/19/2022 10:26 AM ResponseAcquisChA  RX=DONE
9/19/2022 10:26 AM ResponseAcquisChA  RX=DONE
9/19/2022 10:26 AM CommandSyncBox  TX=ADELAY 0m

9/19/2022 10:26 AM ResponseSyncBox  RX=OK

9/19/2022 10:26 AM CommandSyncBox  TX=BDELAY 0m

9/19/2022 10:26 AM ResponseSyncBox  RX=OK

9/19/2022 10:26 AM CommandSyncBox  TX=CDELAY 0m

9/19/2022 10:26 AM ResponseSyncBox  RX=OK

9/19/2022 10:26 AM CommandSyncBox  TX=DDELAY 0m

9/19/2022 10:26 AM ResponseSyncBox  RX=OK

9/19/2022 10:26 AM CommandSyncBox  TX=AWIDTH 200m

9/19/2022 10:26 AM ResponseSyncBox  RX=OK

9/19/2022 10:26 AM CommandSyncBox  TX=BWIDTH 200m

9/19/2022 10:26 AM ResponseSyncBox  RX=OK

9/19/2022 10:26 AM CommandSyncBox  TX=CWIDTH 200m

9/19/2022 10:26 AM ResponseSyncBox  RX=OK

9/19/2022 10:26 AM CommandSyncBox  TX=DWIDTH 200m

9/19/2022 10:26 AM ResponseSyncBox  RX=OK

9/19/2022 10:26 AM CommandSyncBox  TX=aset on

9/19/2022 10:26 AM ResponseSyncBox  RX=OK

9/19/2022 10:26 AM CommandSyncBox  TX=bset on

9/19/2022 10:26 AM ResponseSyncBox  RX=OK

9/19/2022 10:26 AM CommandSyncBox  TX=cset on

9/19/2022 10:26 AM ResponseSyncBox  RX=OK

9/19/2022 10:26 AM CommandSyncBox  TX=dset on

9/19/2022 10:26 AM ResponseSyncBox  RX=OK

9/19/2022 10:26 AM CommandSyncBox  TX=IN

9/19/2022 10:26 AM ResponseSyncBox  RX=OK

9/19/2022 10:26 AM CommandAcquisChA  TX=EXPOSE
9/19/2022 10:26 AM CommandSyncBox  TX=TRigger REmote

9/19/2022 10:26 AM ResponseSyncBox  RX=

     Highland Technology  Model T560  Digital Delay Generator

Firmware 28E560-D  02407                Cal date July 19, 2018      

Trig   REM  50R  Level 1.250   Div   0,000,000,000  SYN 00,010,000.00
Gate   OFF  POS  HIZ           Shots 0,000,000,087
Burst  OFF  N  0,000,000,016   of M  0,000,000,064

Verbos ON   Autoinstall FEOD   Usec 2,326,854,072  DPLL 00020
Clock  OUT  Trim 02166         Temp +51.3

Errs   None

Ch A  POS  ON     Dly  00.000,000,000,000  Wid  00.200,000,000,000
Ch B  POS  ON     Dly  00.000,000,000,000  Wid  00.200,000,000,000
Ch C  POS  ON     Dly  00.000,000,000,000  Wid  00.200,000,000,000
Ch D  POS  ON     Dly  00.000,000,000,000  Wid  00.200,000,000,000



9/19/2022 10:26 AM ResponseSyncBox  RX=OK

9/19/2022 10:26 AM CommandSyncBox  TX=IN

9/19/2022 10:26 AM ResponseSyncBox  RX=OK

9/19/2022 10:26 AM CommandSyncBox  TX=TRigger

9/19/2022 10:26 AM ResponseSyncBox  RX=Trig   REM  50R  Level 1.250   Div   0,000,000,000  SYN 00,010,000.00

9/19/2022 10:26 AM CommandSyncBox  TX=FIre

9/19/2022 10:26 AM ResponseSyncBox  RX=OK

9/19/2022 10:58 AM CommandAcquisChA  TX=ABORT_ACQUISITION
9/19/2022 10:58 AM CommandAcquisChB  TX=ABORT_ACQUISITION
9/19/2022 10:58 AM CommandAcquisChC  TX=ABORT_ACQUISITION
9/19/2022 10:58 AM CommandAcquisChD  TX=ABORT_ACQUISITION
9/19/2022 10:58 AM CommandAcquisChA  TX=SET EXPTIME 2.000000
9/19/2022 10:58 AM ResponseAcquisChA  RX=DONE
9/19/2022 10:58 AM CommandAcquisChA  TX=SET #FRAMES 1.000000
9/19/2022 10:58 AM ResponseAcquisChA  RX=DONE
9/19/2022 10:58 AM CommandAcquisChA  TX=SET #CUBES 1.0000 
9/19/2022 10:58 AM CommandAcquisChA  TX=SET SUFFIX DARK
9/19/2022 10:58 AM ResponseAcquisChA  RX=DONE
9/19/2022 10:58 AM ResponseAcquisChA  RX=DONE
9/19/2022 10:58 AM CommandAcquisChA  TX=SET OBSTYPE DARK
9/19/2022 10:58 AM ResponseAcquisChA  RX=DONE
9/19/2022 10:58 AM CommandSyncBox  TX=ADELAY 0m

9/19/2022 10:58 AM ResponseSyncBox  RX=OK

9/19/2022 10:58 AM CommandSyncBox  TX=BDELAY 0m

9/19/2022 10:58 AM ResponseSyncBox  RX=OK

9/19/2022 10:58 AM CommandSyncBox  TX=CDELAY 0m

9/19/2022 10:58 AM ResponseSyncBox  RX=OK

9/19/2022 10:58 AM CommandSyncBox  TX=DDELAY 0m

9/19/2022 10:58 AM ResponseSyncBox  RX=OK

9/19/2022 10:58 AM CommandSyncBox  TX=AWIDTH 200m

9/19/2022 10:58 AM ResponseSyncBox  RX=OK

9/19/2022 10:58 AM CommandSyncBox  TX=BWIDTH 200m

9/19/2022 10:58 AM ResponseSyncBox  RX=OK

9/19/2022 10:58 AM CommandSyncBox  TX=CWIDTH 200m

9/19/2022 10:58 AM ResponseSyncBox  RX=OK

9/19/2022 10:58 AM CommandSyncBox  TX=DWIDTH 200m

9/19/2022 10:58 AM ResponseSyncBox  RX=OK

9/19/2022 10:58 AM CommandSyncBox  TX=aset on

9/19/2022 10:58 AM ResponseSyncBox  RX=OK

9/19/2022 10:58 AM CommandSyncBox  TX=bset on

9/19/2022 10:58 AM ResponseSyncBox  RX=OK

9/19/2022 10:58 AM CommandSyncBox  TX=cset on

9/19/2022 10:58 AM ResponseSyncBox  RX=OK

9/19/2022 10:58 AM CommandSyncBox  TX=dset on

9/19/2022 10:58 AM ResponseSyncBox  RX=OK

9/19/2022 10:58 AM CommandSyncBox  TX=IN

9/19/2022 10:58 AM ResponseSyncBox  RX=OK

9/19/2022 10:58 AM CommandAcquisChA  TX=EXPOSE
9/19/2022 10:58 AM CommandSyncBox  TX=TRigger REmote

9/19/2022 10:58 AM ResponseSyncBox  RX=

     Highland Technology  Model T560  Digital Delay Generator

Firmware 28E560-D  02407                Cal date July 19, 2018      

Trig   REM  50R  Level 1.250   Div   0,000,000,000  SYN 00,010,000.00
Gate   OFF  POS  HIZ           Shots 0,000,000,088
Burst  OFF  N  0,000,000,016   of M  0,000,000,064

Verbos ON   Autoinstall FEOD   Usec 4,262,274,206  DPLL 00019
Clock  OUT  Trim 02166         Temp +51.5

Errs   None

Ch A  POS  ON     Dly  00.000,000,000,000  Wid  00.200,000,000,000
Ch B  POS  ON     Dly  00.000,000,000,000  Wid  00.200,000,000,000
Ch C  POS  ON     Dly  00.000,000,000,000  Wid  00.200,000,000,000
Ch D  POS  ON     Dly  00.000,000,000,000  Wid  00.200,000,000,000



9/19/2022 10:59 AM ResponseSyncBox  RX=OK

9/19/2022 10:59 AM CommandSyncBox  TX=IN

9/19/2022 10:59 AM ResponseSyncBox  RX=OK

9/19/2022 10:59 AM CommandSyncBox  TX=TRigger

9/19/2022 10:59 AM ResponseSyncBox  RX=Trig   REM  50R  Level 1.250   Div   0,000,000,000  SYN 00,010,000.00

9/19/2022 10:59 AM CommandSyncBox  TX=FIre

9/19/2022 10:59 AM ResponseSyncBox  RX=OK

9/19/2022 10:59 AM CommandAcquisChA  TX=ABORT_ACQUISITION
9/19/2022 10:59 AM CommandAcquisChB  TX=ABORT_ACQUISITION
9/19/2022 10:59 AM CommandAcquisChC  TX=ABORT_ACQUISITION
9/19/2022 10:59 AM CommandAcquisChD  TX=ABORT_ACQUISITION
9/19/2022 11:00 AM CommandSyncBox  TX=FIre

9/19/2022 11:00 AM ResponseSyncBox  RX=

     Highland Technology  Model T560  Digital Delay Generator

Firmware 28E560-D  02407                Cal date July 19, 2018      

Trig   REM  50R  Level 1.250   Div   0,000,000,000  SYN 00,010,000.00
Gate   OFF  POS  HIZ           Shots 0,000,000,089
Burst  OFF  N  0,000,000,016   of M  0,000,000,064

Verbos ON   Autoinstall FEOD   Usec 0,028,913,054  DPLL 00018
Clock  OUT  Trim 02166         Temp +51.5

Errs   None

Ch A  POS  ON     Dly  00.000,000,000,000  Wid  00.200,000,000,000
Ch B  POS  ON     Dly  00.000,000,000,000  Wid  00.200,000,000,000
Ch C  POS  ON     Dly  00.000,000,000,000  Wid  00.200,000,000,000
Ch D  POS  ON     Dly  00.000,000,000,000  Wid  00.200,000,000,000



9/19/2022 11:00 AM ResponseSyncBox  RX=OK

9/19/2022 11:01 AM CommandSyncBox  TX=TRigger POs

9/19/2022 11:01 AM ResponseSyncBox  RX=

     Highland Technology  Model T560  Digital Delay Generator

Firmware 28E560-D  02407                Cal date July 19, 2018      

Trig   REM  50R  Level 1.250   Div   0,000,000,000  SYN 00,010,000.00
Gate   OFF  POS  HIZ           Shots 0,000,000,090
Burst  OFF  N  0,000,000,016   of M  0,000,000,064

Verbos ON   Autoinstall FEOD   Usec 0,137,581,726  DPLL 00017
Clock  OUT  Trim 02166         Temp +51.6

Errs   None

Ch A  POS  ON     Dly  00.000,000,000,000  Wid  00.200,000,000,000
Ch B  POS  ON     Dly  00.000,000,000,000  Wid  00.200,000,000,000
Ch C  POS  ON     Dly  00.000,000,000,000  Wid  00.200,000,000,000
Ch D  POS  ON     Dly  00.000,000,000,000  Wid  00.200,000,000,000



9/19/2022 11:01 AM ResponseSyncBox  RX=OK

9/19/2022 11:01 AM CommandSyncBox  TX=IN

9/19/2022 11:01 AM ResponseSyncBox  RX=OK

9/19/2022 11:01 AM CommandSyncBox  TX=TRigger

9/19/2022 11:01 AM ResponseSyncBox  RX=Trig   POS  50R  Level 1.250   Div   0,000,000,000  SYN 00,010,000.00

9/19/2022 11:01 AM CommandSyncBox  TX=FIre

9/19/2022 11:01 AM ResponseSyncBox  RX=OK

9/19/2022 11:01 AM CommandSyncBox  TX=TRigger REmote

9/19/2022 11:01 AM ResponseSyncBox  RX=OK

9/19/2022 11:01 AM CommandSyncBox  TX=IN

9/19/2022 11:01 AM ResponseSyncBox  RX=OK

9/19/2022 11:01 AM CommandSyncBox  TX=TRigger

9/19/2022 11:01 AM ResponseSyncBox  RX=Trig   REM  50R  Level 1.250   Div   0,000,000,000  SYN 00,010,000.00

9/19/2022 11:01 AM CommandSyncBox  TX=FIre

9/19/2022 11:01 AM ResponseSyncBox  RX=OK

9/19/2022 11:02 AM CommandSyncBox  TX=FIre

9/19/2022 11:02 AM ResponseSyncBox  RX=OK

9/19/2022 11:02 AM CommandSyncBox  TX=FIre

9/19/2022 11:02 AM ResponseSyncBox  RX=OK

9/19/2022 11:03 AM CommandSyncBox  TX=FIre

9/19/2022 11:03 AM ResponseSyncBox  RX=

     Highland Technology  Model T560  Digital Delay Generator

Firmware 28E560-D  02407                Cal date July 19, 2018      

Trig   REM  50R  Level 1.250   Div   0,000,000,000  SYN 00,010,000.00
Gate   OFF  POS  HIZ           Shots 0,000,000,093
Burst  OFF  N  0,000,000,016   of M  0,000,000,064

Verbos ON   Autoinstall FEOD   Usec 0,213,946,321  DPLL 00017
Clock  OUT  Trim 02166         Temp +51.6

Errs   None

Ch A  POS  ON     Dly  00.000,000,000,000  Wid  00.200,000,000,000
Ch B  POS  ON     Dly  00.000,000,000,000  Wid  00.200,000,000,000
Ch C  POS  ON     Dly  00.000,000,000,000  Wid  00.200,000,000,000
Ch D  POS  ON     Dly  00.000,000,000,000  Wid  00.200,000,000,000



9/19/2022 11:03 AM ResponseSyncBox  RX=OK

9/19/2022 11:04 AM CommandSyncBox  TX=FIre

9/19/2022 11:04 AM ResponseSyncBox  RX=OK

9/19/2022 11:05 AM CommandSyncBox  TX=FIre

9/19/2022 11:05 AM ResponseSyncBox  RX=OK

9/19/2022 11:05 AM CommandSyncBox  TX=ADELAY 0m

9/19/2022 11:05 AM ResponseSyncBox  RX=OK

9/19/2022 11:05 AM CommandSyncBox  TX=BDELAY 0m

9/19/2022 11:05 AM ResponseSyncBox  RX=OK

9/19/2022 11:05 AM CommandSyncBox  TX=CDELAY 0m

9/19/2022 11:05 AM ResponseSyncBox  RX=OK

9/19/2022 11:05 AM CommandSyncBox  TX=DDELAY 0m

9/19/2022 11:05 AM ResponseSyncBox  RX=OK

9/19/2022 11:05 AM CommandSyncBox  TX=AWIDTH 200m

9/19/2022 11:05 AM ResponseSyncBox  RX=OK

9/19/2022 11:05 AM CommandSyncBox  TX=BWIDTH 200m

9/19/2022 11:05 AM ResponseSyncBox  RX=OK

9/19/2022 11:05 AM CommandSyncBox  TX=CWIDTH 200m

9/19/2022 11:05 AM ResponseSyncBox  RX=OK

9/19/2022 11:05 AM CommandSyncBox  TX=FIre

9/19/2022 11:05 AM ResponseSyncBox  RX=

     Highland Technology  Model T560  Digital Delay Generator

Firmware 28E560-D  02407                Cal date July 19, 2018      

Trig   REM  50R  Level 1.250   Div   0,000,000,000  SYN 00,010,000.00
Gate   OFF  POS  HIZ           Shots 0,000,000,096
Burst  OFF  N  0,000,000,016   of M  0,000,000,064

Verbos ON   Autoinstall FEOD   Usec 0,386,303,083  DPLL 00015
Clock  OUT  Trim 02166         Temp +51.7

Errs   None

Ch A  POS  ON     Dly  00.000,000,000,000  Wid  00.200,000,000,000
Ch B  POS  ON     Dly  00.000,000,000,000  Wid  00.200,000,000,000
Ch C  POS  ON     Dly  00.000,000,000,000  Wid  00.200,000,000,000
Ch D  POS  ON     Dly  00.000,000,000,000  Wid  00.200,000,000,000



9/19/2022 11:05 AM ResponseSyncBox  RX=OK

9/19/2022 11:06 AM CommandSyncBox  TX=FIre

9/19/2022 11:06 AM ResponseSyncBox  RX=OK

