11/21/2022 2:49 PM CommandAcquisChA  TX=WRITE_SETUP {"ACQUISITION_MODE":3,"TRIGGER_MODE":0,"READ_MODE":4,"PREAMP":0,"READOUT_RATE":0,"VERTICAL_SHIFT_SPEED":3,"EM_MODE":1,"EM_GAIN":2,"SHUTTER_MODE":1,"SHUTTER_TTL":0,"SHUTTER_OPENING_TIME":1,"SHUTTER_CLOSING_TIME":1,"VBIN":1,"HBIN":1,"INITIAL_LINE":1,"INITIAL_COLUMN":1,"FINAL_LINE":1024,"FINAL_COLUMN":1024,"FRAME_TRANSFER":true,"VERTICAL_CLOCK_VOLTAGE":0,"AD_CHANNEL":0}
11/21/2022 2:49 PM CommandAcquisChB  TX=WRITE_SETUP {"ACQUISITION_MODE":3,"TRIGGER_MODE":0,"READ_MODE":4,"PREAMP":0,"READOUT_RATE":0,"VERTICAL_SHIFT_SPEED":3,"EM_MODE":1,"EM_GAIN":2,"SHUTTER_MODE":1,"SHUTTER_TTL":0,"SHUTTER_OPENING_TIME":1,"SHUTTER_CLOSING_TIME":1,"VBIN":1,"HBIN":1,"INITIAL_LINE":1,"INITIAL_COLUMN":1,"FINAL_LINE":1024,"FINAL_COLUMN":1024,"FRAME_TRANSFER":true,"VERTICAL_CLOCK_VOLTAGE":0,"AD_CHANNEL":0}
11/21/2022 2:49 PM CommandAcquisChC  TX=WRITE_SETUP {"ACQUISITION_MODE":3,"TRIGGER_MODE":0,"READ_MODE":4,"PREAMP":0,"READOUT_RATE":0,"VERTICAL_SHIFT_SPEED":3,"EM_MODE":1,"EM_GAIN":2,"SHUTTER_MODE":1,"SHUTTER_TTL":0,"SHUTTER_OPENING_TIME":1,"SHUTTER_CLOSING_TIME":1,"VBIN":1,"HBIN":1,"INITIAL_LINE":1,"INITIAL_COLUMN":1,"FINAL_LINE":1024,"FINAL_COLUMN":1024,"FRAME_TRANSFER":true,"VERTICAL_CLOCK_VOLTAGE":0,"AD_CHANNEL":0}
11/21/2022 2:49 PM CommandAcquisChD  TX=WRITE_SETUP {"ACQUISITION_MODE":3,"TRIGGER_MODE":0,"READ_MODE":4,"PREAMP":0,"READOUT_RATE":0,"VERTICAL_SHIFT_SPEED":3,"EM_MODE":1,"EM_GAIN":2,"SHUTTER_MODE":2,"SHUTTER_TTL":0,"SHUTTER_OPENING_TIME":1,"SHUTTER_CLOSING_TIME":1,"VBIN":1,"HBIN":1,"INITIAL_LINE":1,"INITIAL_COLUMN":1,"FINAL_LINE":1024,"FINAL_COLUMN":1024,"FRAME_TRANSFER":true,"VERTICAL_CLOCK_VOLTAGE":0,"AD_CHANNEL":0}
11/21/2022 2:49 PM CommandSyncBox  TX=ADELAY 0m

11/21/2022 2:49 PM CommandAcquisChA  TX=READ_SETUP 
11/21/2022 2:49 PM CommandAcquisChB  TX=READ_SETUP 
11/21/2022 2:49 PM CommandAcquisChC  TX=READ_SETUP 
11/21/2022 2:49 PM CommandAcquisChD  TX=READ_SETUP 
11/21/2022 2:49 PM ResponseAcquisChD  RX={"PREAMP":0,"READOUT_RATE":0,"EM_GAIN":2,"VERTICAL_SHIFT_SPEED":3,"READ_MODE":4,"FRAME_TRANSFER":true,"VERTICAL_CLOCK_VOLTAGE":0,"ACQUISITION_MODE":3,"AD_CHANNEL":0,"EM_MODE":1,"SHUTTER_TTL":0,"SHUTTER_OPENING_TIME":1,"SHUTTER_CLOSING_TIME":1,"SHUTTER_MODE":2,"TRIGGER_MODE":0,"VBIN":1,"INITIAL_LINE":1,"INITIAL_COLUMN":1,"FINAL_LINE":1024,"FINAL_COLUMN":1024,"HBIN":1}
11/21/2022 2:49 PM CommandAcquisChD  TX=SET TEMP -70
11/21/2022 2:49 PM ResponseAcquisChD  RX=DONE
11/21/2022 2:49 PM CommandAcquisChD  TX=SET COOLER_POWER_STATUS 1
11/21/2022 2:49 PM CommandAcquisChA  TX=SET TEMP -70
11/21/2022 2:49 PM CommandAcquisChB  TX=SET TEMP -70
11/21/2022 2:49 PM CommandAcquisChC  TX=SET TEMP -70
11/21/2022 2:50 PM CommandAcquisChD  TX=WRITE_SETUP {"ACQUISITION_MODE":3,"TRIGGER_MODE":6,"READ_MODE":4,"PREAMP":0,"READOUT_RATE":0,"VERTICAL_SHIFT_SPEED":3,"EM_MODE":1,"EM_GAIN":2,"SHUTTER_MODE":2,"SHUTTER_TTL":0,"SHUTTER_OPENING_TIME":1,"SHUTTER_CLOSING_TIME":1,"VBIN":1,"HBIN":1,"INITIAL_LINE":1,"INITIAL_COLUMN":1,"FINAL_LINE":1024,"FINAL_COLUMN":1024,"FRAME_TRANSFER":true,"VERTICAL_CLOCK_VOLTAGE":0,"AD_CHANNEL":0}
11/21/2022 2:50 PM CommandAcquisChD  TX=READ_SETUP 
11/21/2022 2:50 PM ResponseAcquisChD  RX={"PREAMP":0,"READOUT_RATE":0,"EM_GAIN":2,"VERTICAL_SHIFT_SPEED":3,"READ_MODE":4,"FRAME_TRANSFER":true,"VERTICAL_CLOCK_VOLTAGE":0,"ACQUISITION_MODE":3,"AD_CHANNEL":0,"EM_MODE":1,"SHUTTER_TTL":0,"SHUTTER_OPENING_TIME":1,"SHUTTER_CLOSING_TIME":1,"SHUTTER_MODE":2,"TRIGGER_MODE":6,"VBIN":1,"INITIAL_LINE":1,"INITIAL_COLUMN":1,"FINAL_LINE":1024,"FINAL_COLUMN":1024,"HBIN":1}
11/21/2022 2:50 PM CommandAcquisChD  TX=SET TEMP -70
11/21/2022 2:50 PM ResponseAcquisChD  RX=DONE
11/21/2022 2:50 PM CommandAcquisChD  TX=SET COOLER_POWER_STATUS 1
11/21/2022 2:50 PM CommandAcquisChD  TX=WRITE_SETUP {"ACQUISITION_MODE":3,"TRIGGER_MODE":0,"READ_MODE":4,"PREAMP":0,"READOUT_RATE":0,"VERTICAL_SHIFT_SPEED":3,"EM_MODE":1,"EM_GAIN":2,"SHUTTER_MODE":2,"SHUTTER_TTL":0,"SHUTTER_OPENING_TIME":1,"SHUTTER_CLOSING_TIME":1,"VBIN":1,"HBIN":1,"INITIAL_LINE":1,"INITIAL_COLUMN":1,"FINAL_LINE":1024,"FINAL_COLUMN":1024,"FRAME_TRANSFER":true,"VERTICAL_CLOCK_VOLTAGE":0,"AD_CHANNEL":0}
11/21/2022 2:50 PM CommandAcquisChD  TX=WRITE_SETUP {"ACQUISITION_MODE":3,"TRIGGER_MODE":6,"READ_MODE":4,"PREAMP":0,"READOUT_RATE":0,"VERTICAL_SHIFT_SPEED":3,"EM_MODE":1,"EM_GAIN":2,"SHUTTER_MODE":2,"SHUTTER_TTL":0,"SHUTTER_OPENING_TIME":1,"SHUTTER_CLOSING_TIME":1,"VBIN":1,"HBIN":1,"INITIAL_LINE":1,"INITIAL_COLUMN":1,"FINAL_LINE":1024,"FINAL_COLUMN":1024,"FRAME_TRANSFER":true,"VERTICAL_CLOCK_VOLTAGE":0,"AD_CHANNEL":0}
11/21/2022 2:50 PM CommandAcquisChD  TX=READ_SETUP 
11/21/2022 2:50 PM ResponseAcquisChD  RX={"PREAMP":0,"READOUT_RATE":0,"EM_GAIN":2,"VERTICAL_SHIFT_SPEED":3,"READ_MODE":4,"FRAME_TRANSFER":true,"VERTICAL_CLOCK_VOLTAGE":0,"ACQUISITION_MODE":3,"AD_CHANNEL":0,"EM_MODE":1,"SHUTTER_TTL":0,"SHUTTER_OPENING_TIME":1,"SHUTTER_CLOSING_TIME":1,"SHUTTER_MODE":2,"TRIGGER_MODE":6,"VBIN":1,"INITIAL_LINE":1,"INITIAL_COLUMN":1,"FINAL_LINE":1024,"FINAL_COLUMN":1024,"HBIN":1}
11/21/2022 2:50 PM CommandAcquisChD  TX=SET TEMP -70
11/21/2022 2:50 PM ResponseAcquisChD  RX=DONE
11/21/2022 2:50 PM CommandAcquisChD  TX=SET COOLER_POWER_STATUS 1
11/21/2022 2:50 PM ResponseAcquisChD  RX=DONE
11/21/2022 2:52 PM CommandAcquisChD  TX=WRITE_SETUP {"ACQUISITION_MODE":3,"TRIGGER_MODE":6,"READ_MODE":4,"PREAMP":0,"READOUT_RATE":0,"VERTICAL_SHIFT_SPEED":3,"EM_MODE":1,"EM_GAIN":2,"SHUTTER_MODE":1,"SHUTTER_TTL":0,"SHUTTER_OPENING_TIME":1,"SHUTTER_CLOSING_TIME":1,"VBIN":1,"HBIN":1,"INITIAL_LINE":1,"INITIAL_COLUMN":1,"FINAL_LINE":1024,"FINAL_COLUMN":1024,"FRAME_TRANSFER":true,"VERTICAL_CLOCK_VOLTAGE":0,"AD_CHANNEL":0}
11/21/2022 2:52 PM CommandAcquisChD  TX=WRITE_SETUP {"ACQUISITION_MODE":3,"TRIGGER_MODE":6,"READ_MODE":4,"PREAMP":0,"READOUT_RATE":0,"VERTICAL_SHIFT_SPEED":3,"EM_MODE":1,"EM_GAIN":2,"SHUTTER_MODE":2,"SHUTTER_TTL":0,"SHUTTER_OPENING_TIME":1,"SHUTTER_CLOSING_TIME":1,"VBIN":1,"HBIN":1,"INITIAL_LINE":1,"INITIAL_COLUMN":1,"FINAL_LINE":1024,"FINAL_COLUMN":1024,"FRAME_TRANSFER":true,"VERTICAL_CLOCK_VOLTAGE":0,"AD_CHANNEL":0}
11/21/2022 2:52 PM CommandAcquisChD  TX=WRITE_SETUP {"ACQUISITION_MODE":3,"TRIGGER_MODE":6,"READ_MODE":4,"PREAMP":0,"READOUT_RATE":0,"VERTICAL_SHIFT_SPEED":3,"EM_MODE":1,"EM_GAIN":2,"SHUTTER_MODE":2,"SHUTTER_TTL":0,"SHUTTER_OPENING_TIME":1,"SHUTTER_CLOSING_TIME":1,"VBIN":1,"HBIN":1,"INITIAL_LINE":1,"INITIAL_COLUMN":1,"FINAL_LINE":1024,"FINAL_COLUMN":1024,"FRAME_TRANSFER":true,"VERTICAL_CLOCK_VOLTAGE":0,"AD_CHANNEL":0}
11/21/2022 2:52 PM CommandAcquisChD  TX=READ_SETUP 
11/21/2022 2:52 PM ResponseAcquisChD  RX={"PREAMP":0,"READOUT_RATE":0,"EM_GAIN":2,"VERTICAL_SHIFT_SPEED":3,"READ_MODE":4,"FRAME_TRANSFER":true,"VERTICAL_CLOCK_VOLTAGE":0,"ACQUISITION_MODE":3,"AD_CHANNEL":0,"EM_MODE":1,"SHUTTER_TTL":0,"SHUTTER_OPENING_TIME":1,"SHUTTER_CLOSING_TIME":1,"SHUTTER_MODE":2,"TRIGGER_MODE":6,"VBIN":1,"INITIAL_LINE":1,"INITIAL_COLUMN":1,"FINAL_LINE":1024,"FINAL_COLUMN":1024,"HBIN":1}
11/21/2022 2:52 PM CommandAcquisChD  TX=SET TEMP -70
11/21/2022 2:52 PM ResponseAcquisChD  RX=DONE
11/21/2022 2:52 PM CommandAcquisChD  TX=SET COOLER_POWER_STATUS 1
11/21/2022 2:52 PM ResponseAcquisChD  RX=DONE
11/21/2022 2:53 PM CommandAcquisChD  TX=SET EXPTIME 2.000000
11/21/2022 2:53 PM ResponseAcquisChD  RX=DONE
11/21/2022 2:53 PM CommandAcquisChD  TX=SET #FRAMES 5.000000
11/21/2022 2:53 PM ResponseAcquisChD  RX=DONE
11/21/2022 2:53 PM CommandAcquisChD  TX=SET #CUBES 1.0000 
11/21/2022 2:53 PM ResponseAcquisChD  RX=DONE
11/21/2022 2:53 PM CommandAcquisChD  TX=SET SUFFIX DARK
11/21/2022 2:53 PM ResponseAcquisChD  RX=DONE
11/21/2022 2:53 PM CommandAcquisChD  TX=SET OBSTYPE DARK
11/21/2022 2:53 PM ResponseAcquisChD  RX=DONE
11/21/2022 2:53 PM CommandAcquisChD  TX=WRITE_SETUP {"ACQUISITION_MODE":3,"TRIGGER_MODE":0,"READ_MODE":4,"PREAMP":0,"READOUT_RATE":0,"VERTICAL_SHIFT_SPEED":3,"EM_MODE":1,"EM_GAIN":2,"SHUTTER_MODE":2,"SHUTTER_TTL":0,"SHUTTER_OPENING_TIME":1,"SHUTTER_CLOSING_TIME":1,"VBIN":1,"HBIN":1,"INITIAL_LINE":1,"INITIAL_COLUMN":1,"FINAL_LINE":1024,"FINAL_COLUMN":1024,"FRAME_TRANSFER":true,"VERTICAL_CLOCK_VOLTAGE":0,"AD_CHANNEL":0}
11/21/2022 2:53 PM CommandAcquisChD  TX=READ_SETUP 
11/21/2022 2:53 PM ResponseAcquisChD  RX={"PREAMP":0,"READOUT_RATE":0,"EM_GAIN":2,"VERTICAL_SHIFT_SPEED":3,"READ_MODE":4,"FRAME_TRANSFER":true,"VERTICAL_CLOCK_VOLTAGE":0,"ACQUISITION_MODE":3,"AD_CHANNEL":0,"EM_MODE":1,"SHUTTER_TTL":0,"SHUTTER_OPENING_TIME":1,"SHUTTER_CLOSING_TIME":1,"SHUTTER_MODE":2,"TRIGGER_MODE":0,"VBIN":1,"INITIAL_LINE":1,"INITIAL_COLUMN":1,"FINAL_LINE":1024,"FINAL_COLUMN":1024,"HBIN":1}
11/21/2022 2:53 PM CommandAcquisChD  TX=SET TEMP -70
11/21/2022 2:53 PM ResponseAcquisChD  RX=DONE
11/21/2022 2:53 PM CommandAcquisChD  TX=SET COOLER_POWER_STATUS 1
11/21/2022 2:53 PM ResponseAcquisChD  RX=DONE
11/21/2022 2:54 PM CommandAcquisChD  TX=WRITE_SETUP {"ACQUISITION_MODE":3,"TRIGGER_MODE":6,"READ_MODE":4,"PREAMP":0,"READOUT_RATE":0,"VERTICAL_SHIFT_SPEED":3,"EM_MODE":1,"EM_GAIN":2,"SHUTTER_MODE":2,"SHUTTER_TTL":0,"SHUTTER_OPENING_TIME":1,"SHUTTER_CLOSING_TIME":1,"VBIN":1,"HBIN":1,"INITIAL_LINE":1,"INITIAL_COLUMN":1,"FINAL_LINE":1024,"FINAL_COLUMN":1024,"FRAME_TRANSFER":true,"VERTICAL_CLOCK_VOLTAGE":0,"AD_CHANNEL":0}
11/21/2022 2:54 PM CommandAcquisChD  TX=READ_SETUP 
11/21/2022 2:54 PM ResponseAcquisChD  RX={"PREAMP":0,"READOUT_RATE":0,"EM_GAIN":2,"VERTICAL_SHIFT_SPEED":3,"READ_MODE":4,"FRAME_TRANSFER":true,"VERTICAL_CLOCK_VOLTAGE":0,"ACQUISITION_MODE":3,"AD_CHANNEL":0,"EM_MODE":1,"SHUTTER_TTL":0,"SHUTTER_OPENING_TIME":1,"SHUTTER_CLOSING_TIME":1,"SHUTTER_MODE":2,"TRIGGER_MODE":6,"VBIN":1,"INITIAL_LINE":1,"INITIAL_COLUMN":1,"FINAL_LINE":1024,"FINAL_COLUMN":1024,"HBIN":1}
11/21/2022 2:54 PM CommandAcquisChD  TX=SET TEMP -70
11/21/2022 2:54 PM ResponseAcquisChD  RX=DONE
11/21/2022 2:54 PM CommandAcquisChD  TX=SET COOLER_POWER_STATUS 1
11/21/2022 2:54 PM CommandAcquisChD  TX=WRITE_SETUP {"ACQUISITION_MODE":3,"TRIGGER_MODE":0,"READ_MODE":4,"PREAMP":0,"READOUT_RATE":0,"VERTICAL_SHIFT_SPEED":3,"EM_MODE":1,"EM_GAIN":2,"SHUTTER_MODE":2,"SHUTTER_TTL":0,"SHUTTER_OPENING_TIME":1,"SHUTTER_CLOSING_TIME":1,"VBIN":1,"HBIN":1,"INITIAL_LINE":1,"INITIAL_COLUMN":1,"FINAL_LINE":1024,"FINAL_COLUMN":1024,"FRAME_TRANSFER":true,"VERTICAL_CLOCK_VOLTAGE":0,"AD_CHANNEL":0}
11/21/2022 2:54 PM CommandAcquisChD  TX=READ_SETUP 
11/21/2022 2:54 PM ResponseAcquisChD  RX={"PREAMP":0,"READOUT_RATE":0,"EM_GAIN":2,"VERTICAL_SHIFT_SPEED":3,"READ_MODE":4,"FRAME_TRANSFER":true,"VERTICAL_CLOCK_VOLTAGE":0,"ACQUISITION_MODE":3,"AD_CHANNEL":0,"EM_MODE":1,"SHUTTER_TTL":0,"SHUTTER_OPENING_TIME":1,"SHUTTER_CLOSING_TIME":1,"SHUTTER_MODE":2,"TRIGGER_MODE":0,"VBIN":1,"INITIAL_LINE":1,"INITIAL_COLUMN":1,"FINAL_LINE":1024,"FINAL_COLUMN":1024,"HBIN":1}
11/21/2022 2:54 PM CommandAcquisChD  TX=SET TEMP -70
11/21/2022 2:54 PM ResponseAcquisChD  RX=DONE
11/21/2022 2:54 PM CommandAcquisChD  TX=SET COOLER_POWER_STATUS 1
11/21/2022 2:54 PM ResponseAcquisChD  RX=DONE
11/21/2022 2:54 PM CommandAcquisChD  TX=WRITE_SETUP {"ACQUISITION_MODE":3,"TRIGGER_MODE":6,"READ_MODE":4,"PREAMP":0,"READOUT_RATE":0,"VERTICAL_SHIFT_SPEED":3,"EM_MODE":1,"EM_GAIN":2,"SHUTTER_MODE":2,"SHUTTER_TTL":0,"SHUTTER_OPENING_TIME":1,"SHUTTER_CLOSING_TIME":1,"VBIN":1,"HBIN":1,"INITIAL_LINE":1,"INITIAL_COLUMN":1,"FINAL_LINE":1024,"FINAL_COLUMN":1024,"FRAME_TRANSFER":true,"VERTICAL_CLOCK_VOLTAGE":0,"AD_CHANNEL":0}
11/21/2022 2:54 PM CommandAcquisChD  TX=WRITE_SETUP {"ACQUISITION_MODE":3,"TRIGGER_MODE":6,"READ_MODE":4,"PREAMP":0,"READOUT_RATE":0,"VERTICAL_SHIFT_SPEED":3,"EM_MODE":1,"EM_GAIN":2,"SHUTTER_MODE":2,"SHUTTER_TTL":0,"SHUTTER_OPENING_TIME":1,"SHUTTER_CLOSING_TIME":1,"VBIN":1,"HBIN":1,"INITIAL_LINE":1,"INITIAL_COLUMN":1,"FINAL_LINE":1024,"FINAL_COLUMN":1024,"FRAME_TRANSFER":true,"VERTICAL_CLOCK_VOLTAGE":0,"AD_CHANNEL":0}
11/21/2022 2:55 PM CommandAcquisChD  TX=READ_SETUP 
11/21/2022 2:55 PM ResponseAcquisChD  RX={"PREAMP":0,"READOUT_RATE":0,"EM_GAIN":2,"VERTICAL_SHIFT_SPEED":3,"READ_MODE":4,"FRAME_TRANSFER":true,"VERTICAL_CLOCK_VOLTAGE":0,"ACQUISITION_MODE":3,"AD_CHANNEL":0,"EM_MODE":1,"SHUTTER_TTL":0,"SHUTTER_OPENING_TIME":1,"SHUTTER_CLOSING_TIME":1,"SHUTTER_MODE":2,"TRIGGER_MODE":6,"VBIN":1,"INITIAL_LINE":1,"INITIAL_COLUMN":1,"FINAL_LINE":1024,"FINAL_COLUMN":1024,"HBIN":1}
11/21/2022 2:55 PM CommandAcquisChD  TX=SET TEMP -70
11/21/2022 2:55 PM ResponseAcquisChD  RX=DONE
11/21/2022 2:55 PM CommandAcquisChD  TX=SET COOLER_POWER_STATUS 1
11/21/2022 2:55 PM ResponseAcquisChD  RX=DONE
11/21/2022 2:57 PM CommandAcquisChD  TX=SET EXPTIME 1.000000
11/21/2022 2:57 PM ResponseAcquisChD  RX=DONE
11/21/2022 2:57 PM CommandAcquisChD  TX=SET #FRAMES 10.000000
11/21/2022 2:57 PM ResponseAcquisChD  RX=DONE
11/21/2022 2:57 PM CommandAcquisChD  TX=SET #CUBES 1.0000 
11/21/2022 2:57 PM CommandAcquisChD  TX=SET SUFFIX DARK
11/21/2022 2:57 PM ResponseAcquisChD  RX=DONE
11/21/2022 2:57 PM ResponseAcquisChD  RX=DONE
11/21/2022 2:57 PM CommandAcquisChD  TX=SET OBSTYPE DARK
11/21/2022 2:57 PM ResponseAcquisChD  RX=DONE
11/21/2022 2:57 PM CommandAcquisChD  TX=WRITE_SETUP {"ACQUISITION_MODE":3,"TRIGGER_MODE":0,"READ_MODE":4,"PREAMP":0,"READOUT_RATE":0,"VERTICAL_SHIFT_SPEED":3,"EM_MODE":1,"EM_GAIN":2,"SHUTTER_MODE":2,"SHUTTER_TTL":0,"SHUTTER_OPENING_TIME":1,"SHUTTER_CLOSING_TIME":1,"VBIN":1,"HBIN":1,"INITIAL_LINE":1,"INITIAL_COLUMN":1,"FINAL_LINE":1024,"FINAL_COLUMN":1024,"FRAME_TRANSFER":true,"VERTICAL_CLOCK_VOLTAGE":0,"AD_CHANNEL":0}
11/21/2022 2:57 PM CommandAcquisChD  TX=READ_SETUP 
11/21/2022 2:57 PM ResponseAcquisChD  RX={"PREAMP":0,"READOUT_RATE":0,"EM_GAIN":2,"VERTICAL_SHIFT_SPEED":3,"READ_MODE":4,"FRAME_TRANSFER":true,"VERTICAL_CLOCK_VOLTAGE":0,"ACQUISITION_MODE":3,"AD_CHANNEL":0,"EM_MODE":1,"SHUTTER_TTL":0,"SHUTTER_OPENING_TIME":1,"SHUTTER_CLOSING_TIME":1,"SHUTTER_MODE":2,"TRIGGER_MODE":0,"VBIN":1,"INITIAL_LINE":1,"INITIAL_COLUMN":1,"FINAL_LINE":1024,"FINAL_COLUMN":1024,"HBIN":1}
11/21/2022 2:57 PM CommandAcquisChD  TX=SET TEMP -70
11/21/2022 2:57 PM ResponseAcquisChD  RX=DONE
11/21/2022 2:57 PM CommandAcquisChD  TX=SET COOLER_POWER_STATUS 1
11/21/2022 2:57 PM ResponseAcquisChD  RX=DONE
11/21/2022 2:58 PM CommandAcquisChD  TX=SET EXPTIME 1.000000
11/21/2022 2:58 PM ResponseAcquisChD  RX=DONE
11/21/2022 2:58 PM CommandAcquisChD  TX=SET #FRAMES 10.000000
11/21/2022 2:58 PM ResponseAcquisChD  RX=DONE
11/21/2022 2:58 PM CommandAcquisChD  TX=SET #CUBES 1.0000 
11/21/2022 2:58 PM ResponseAcquisChD  RX=DONE
11/21/2022 2:58 PM CommandAcquisChD  TX=SET SUFFIX DARK
11/21/2022 2:58 PM ResponseAcquisChD  RX=DONE
11/21/2022 2:58 PM CommandAcquisChD  TX=SET OBSTYPE DARK
11/21/2022 2:58 PM ResponseAcquisChD  RX=DONE
11/21/2022 2:58 PM CommandAcquisChD  TX=WRITE_SETUP {"ACQUISITION_MODE":3,"TRIGGER_MODE":0,"READ_MODE":4,"PREAMP":0,"READOUT_RATE":0,"VERTICAL_SHIFT_SPEED":3,"EM_MODE":1,"EM_GAIN":2,"SHUTTER_MODE":2,"SHUTTER_TTL":0,"SHUTTER_OPENING_TIME":1,"SHUTTER_CLOSING_TIME":1,"VBIN":1,"HBIN":1,"INITIAL_LINE":1,"INITIAL_COLUMN":1,"FINAL_LINE":1024,"FINAL_COLUMN":1024,"FRAME_TRANSFER":true,"VERTICAL_CLOCK_VOLTAGE":0,"AD_CHANNEL":0}
11/21/2022 2:58 PM CommandAcquisChD  TX=READ_SETUP 
11/21/2022 2:58 PM ResponseAcquisChD  RX={"PREAMP":0,"READOUT_RATE":0,"EM_GAIN":2,"VERTICAL_SHIFT_SPEED":3,"READ_MODE":4,"FRAME_TRANSFER":true,"VERTICAL_CLOCK_VOLTAGE":0,"ACQUISITION_MODE":3,"AD_CHANNEL":0,"EM_MODE":1,"SHUTTER_TTL":0,"SHUTTER_OPENING_TIME":1,"SHUTTER_CLOSING_TIME":1,"SHUTTER_MODE":2,"TRIGGER_MODE":0,"VBIN":1,"INITIAL_LINE":1,"INITIAL_COLUMN":1,"FINAL_LINE":1024,"FINAL_COLUMN":1024,"HBIN":1}
11/21/2022 2:58 PM CommandAcquisChD  TX=SET TEMP -70
11/21/2022 2:58 PM ResponseAcquisChD  RX=DONE
11/21/2022 2:58 PM CommandAcquisChD  TX=SET COOLER_POWER_STATUS 1
11/21/2022 2:58 PM ResponseAcquisChD  RX=DONE
11/21/2022 2:59 PM CommandAcquisChD  TX=SET EXPTIME 1.000000
11/21/2022 2:59 PM ResponseAcquisChD  RX=DONE
11/21/2022 2:59 PM CommandAcquisChD  TX=SET #FRAMES 10.000000
11/21/2022 2:59 PM ResponseAcquisChD  RX=DONE
11/21/2022 2:59 PM CommandAcquisChD  TX=SET #CUBES 1.0000 
11/21/2022 2:59 PM CommandAcquisChD  TX=SET SUFFIX DARK
11/21/2022 2:59 PM ResponseAcquisChD  RX=DONE
11/21/2022 2:59 PM ResponseAcquisChD  RX=DONE
11/21/2022 2:59 PM CommandAcquisChD  TX=SET OBSTYPE DARK
11/21/2022 2:59 PM ResponseAcquisChD  RX=DONE
11/21/2022 2:59 PM CommandAcquisChD  TX=WRITE_SETUP {"ACQUISITION_MODE":3,"TRIGGER_MODE":0,"READ_MODE":4,"PREAMP":0,"READOUT_RATE":0,"VERTICAL_SHIFT_SPEED":3,"EM_MODE":1,"EM_GAIN":2,"SHUTTER_MODE":2,"SHUTTER_TTL":0,"SHUTTER_OPENING_TIME":1,"SHUTTER_CLOSING_TIME":1,"VBIN":1,"HBIN":1,"INITIAL_LINE":1,"INITIAL_COLUMN":1,"FINAL_LINE":1024,"FINAL_COLUMN":1024,"FRAME_TRANSFER":true,"VERTICAL_CLOCK_VOLTAGE":0,"AD_CHANNEL":0}
11/21/2022 2:59 PM CommandAcquisChD  TX=READ_SETUP 
11/21/2022 2:59 PM ResponseAcquisChD  RX={"PREAMP":0,"READOUT_RATE":0,"EM_GAIN":2,"VERTICAL_SHIFT_SPEED":3,"READ_MODE":4,"FRAME_TRANSFER":true,"VERTICAL_CLOCK_VOLTAGE":0,"ACQUISITION_MODE":3,"AD_CHANNEL":0,"EM_MODE":1,"SHUTTER_TTL":0,"SHUTTER_OPENING_TIME":1,"SHUTTER_CLOSING_TIME":1,"SHUTTER_MODE":2,"TRIGGER_MODE":0,"VBIN":1,"INITIAL_LINE":1,"INITIAL_COLUMN":1,"FINAL_LINE":1024,"FINAL_COLUMN":1024,"HBIN":1}
11/21/2022 2:59 PM CommandAcquisChD  TX=SET TEMP -70
11/21/2022 2:59 PM ResponseAcquisChD  RX=DONE
11/21/2022 2:59 PM CommandAcquisChD  TX=SET COOLER_POWER_STATUS 1
11/21/2022 2:59 PM ResponseAcquisChD  RX=DONE
11/21/2022 2:59 PM CommandAcquisChD  TX=SET EXPTIME 2.000000
11/21/2022 2:59 PM ResponseAcquisChD  RX=DONE
11/21/2022 2:59 PM CommandAcquisChD  TX=SET #FRAMES 5.000000
11/21/2022 2:59 PM ResponseAcquisChD  RX=DONE
11/21/2022 2:59 PM CommandAcquisChD  TX=SET #CUBES 1.0000 
11/21/2022 2:59 PM CommandAcquisChD  TX=SET SUFFIX DARK
11/21/2022 2:59 PM ResponseAcquisChD  RX=DONE
11/21/2022 2:59 PM ResponseAcquisChD  RX=DONE
11/21/2022 2:59 PM CommandAcquisChD  TX=SET OBSTYPE DARK
11/21/2022 2:59 PM ResponseAcquisChD  RX=DONE
11/21/2022 2:59 PM CommandAcquisChD  TX=WRITE_SETUP {"ACQUISITION_MODE":3,"TRIGGER_MODE":0,"READ_MODE":4,"PREAMP":0,"READOUT_RATE":0,"VERTICAL_SHIFT_SPEED":3,"EM_MODE":1,"EM_GAIN":2,"SHUTTER_MODE":2,"SHUTTER_TTL":0,"SHUTTER_OPENING_TIME":1,"SHUTTER_CLOSING_TIME":1,"VBIN":1,"HBIN":1,"INITIAL_LINE":1,"INITIAL_COLUMN":1,"FINAL_LINE":1024,"FINAL_COLUMN":1024,"FRAME_TRANSFER":true,"VERTICAL_CLOCK_VOLTAGE":0,"AD_CHANNEL":0}
11/21/2022 2:59 PM CommandAcquisChD  TX=READ_SETUP 
11/21/2022 2:59 PM ResponseAcquisChD  RX={"PREAMP":0,"READOUT_RATE":0,"EM_GAIN":2,"VERTICAL_SHIFT_SPEED":3,"READ_MODE":4,"FRAME_TRANSFER":true,"VERTICAL_CLOCK_VOLTAGE":0,"ACQUISITION_MODE":3,"AD_CHANNEL":0,"EM_MODE":1,"SHUTTER_TTL":0,"SHUTTER_OPENING_TIME":1,"SHUTTER_CLOSING_TIME":1,"SHUTTER_MODE":2,"TRIGGER_MODE":0,"VBIN":1,"INITIAL_LINE":1,"INITIAL_COLUMN":1,"FINAL_LINE":1024,"FINAL_COLUMN":1024,"HBIN":1}
11/21/2022 2:59 PM CommandAcquisChD  TX=SET TEMP -70
11/21/2022 2:59 PM ResponseAcquisChD  RX=DONE
11/21/2022 2:59 PM CommandAcquisChD  TX=SET COOLER_POWER_STATUS 1
11/21/2022 2:59 PM ResponseAcquisChD  RX=DONE
11/21/2022 3:00 PM CommandAcquisChD  TX=SET EXPTIME 2.000000
11/21/2022 3:00 PM ResponseAcquisChD  RX=DONE
11/21/2022 3:00 PM CommandAcquisChD  TX=SET #FRAMES 5.000000
11/21/2022 3:00 PM ResponseAcquisChD  RX=DONE
11/21/2022 3:00 PM CommandAcquisChD  TX=SET #CUBES 1.0000 
11/21/2022 3:00 PM ResponseAcquisChD  RX=DONE
11/21/2022 3:00 PM CommandAcquisChD  TX=SET SUFFIX DARK
11/21/2022 3:00 PM CommandAcquisChD  TX=SET OBSTYPE DARK
11/21/2022 3:00 PM ResponseAcquisChD  RX=DONE
11/21/2022 3:00 PM ResponseAcquisChD  RX=DONE
11/21/2022 3:00 PM CommandAcquisChD  TX=WRITE_SETUP {"ACQUISITION_MODE":3,"TRIGGER_MODE":0,"READ_MODE":4,"PREAMP":0,"READOUT_RATE":0,"VERTICAL_SHIFT_SPEED":3,"EM_MODE":1,"EM_GAIN":2,"SHUTTER_MODE":2,"SHUTTER_TTL":0,"SHUTTER_OPENING_TIME":1,"SHUTTER_CLOSING_TIME":1,"VBIN":1,"HBIN":1,"INITIAL_LINE":1,"INITIAL_COLUMN":1,"FINAL_LINE":1024,"FINAL_COLUMN":1024,"FRAME_TRANSFER":true,"VERTICAL_CLOCK_VOLTAGE":0,"AD_CHANNEL":0}
11/21/2022 3:00 PM CommandAcquisChD  TX=READ_SETUP 
11/21/2022 3:00 PM ResponseAcquisChD  RX={"PREAMP":0,"READOUT_RATE":0,"EM_GAIN":2,"VERTICAL_SHIFT_SPEED":3,"READ_MODE":4,"FRAME_TRANSFER":true,"VERTICAL_CLOCK_VOLTAGE":0,"ACQUISITION_MODE":3,"AD_CHANNEL":0,"EM_MODE":1,"SHUTTER_TTL":0,"SHUTTER_OPENING_TIME":1,"SHUTTER_CLOSING_TIME":1,"SHUTTER_MODE":2,"TRIGGER_MODE":0,"VBIN":1,"INITIAL_LINE":1,"INITIAL_COLUMN":1,"FINAL_LINE":1024,"FINAL_COLUMN":1024,"HBIN":1}
11/21/2022 3:00 PM CommandAcquisChD  TX=SET TEMP -70
11/21/2022 3:00 PM ResponseAcquisChD  RX=DONE
11/21/2022 3:00 PM CommandAcquisChD  TX=SET COOLER_POWER_STATUS 1
