11/8/2022 12:35 AM CommandAcquisChA  TX=WRITE_SETUP {"ACQUISITION_MODE":3,"TRIGGER_MODE":0,"READ_MODE":4,"PREAMP":0,"READOUT_RATE":0,"VERTICAL_SHIFT_SPEED":3,"EM_MODE":1,"EM_GAIN":2,"SHUTTER_MODE":2,"SHUTTER_TTL":0,"SHUTTER_OPENING_TIME":1,"SHUTTER_CLOSING_TIME":1,"VBIN":1,"HBIN":1,"INITIAL_LINE":1,"INITIAL_COLUMN":1,"FINAL_LINE":1024,"FINAL_COLUMN":1024,"FRAME_TRANSFER":true,"VERTICAL_CLOCK_VOLTAGE":0,"AD_CHANNEL":0}
11/8/2022 12:35 AM CommandAcquisChB  TX=WRITE_SETUP {"ACQUISITION_MODE":3,"TRIGGER_MODE":0,"READ_MODE":4,"PREAMP":0,"READOUT_RATE":0,"VERTICAL_SHIFT_SPEED":3,"EM_MODE":1,"EM_GAIN":2,"SHUTTER_MODE":2,"SHUTTER_TTL":0,"SHUTTER_OPENING_TIME":1,"SHUTTER_CLOSING_TIME":1,"VBIN":1,"HBIN":1,"INITIAL_LINE":1,"INITIAL_COLUMN":1,"FINAL_LINE":1024,"FINAL_COLUMN":1024,"FRAME_TRANSFER":true,"VERTICAL_CLOCK_VOLTAGE":0,"AD_CHANNEL":0}
11/8/2022 12:35 AM CommandAcquisChC  TX=WRITE_SETUP {"ACQUISITION_MODE":3,"TRIGGER_MODE":0,"READ_MODE":4,"PREAMP":0,"READOUT_RATE":0,"VERTICAL_SHIFT_SPEED":3,"EM_MODE":1,"EM_GAIN":2,"SHUTTER_MODE":2,"SHUTTER_TTL":0,"SHUTTER_OPENING_TIME":1,"SHUTTER_CLOSING_TIME":1,"VBIN":1,"HBIN":1,"INITIAL_LINE":1,"INITIAL_COLUMN":1,"FINAL_LINE":1024,"FINAL_COLUMN":1024,"FRAME_TRANSFER":true,"VERTICAL_CLOCK_VOLTAGE":0,"AD_CHANNEL":0}
11/8/2022 12:35 AM CommandAcquisChD  TX=WRITE_SETUP {"ACQUISITION_MODE":3,"TRIGGER_MODE":0,"READ_MODE":4,"PREAMP":0,"READOUT_RATE":0,"VERTICAL_SHIFT_SPEED":3,"EM_MODE":1,"EM_GAIN":2,"SHUTTER_MODE":2,"SHUTTER_TTL":0,"SHUTTER_OPENING_TIME":1,"SHUTTER_CLOSING_TIME":1,"VBIN":1,"HBIN":1,"INITIAL_LINE":1,"INITIAL_COLUMN":1,"FINAL_LINE":1024,"FINAL_COLUMN":1024,"FRAME_TRANSFER":true,"VERTICAL_CLOCK_VOLTAGE":0,"AD_CHANNEL":0}
11/8/2022 12:35 AM CommandSyncBox  TX=ADELAY 0m

11/8/2022 12:35 AM CommandAcquisChA  TX=READ_SETUP 
11/8/2022 12:35 AM CommandAcquisChB  TX=READ_SETUP 
11/8/2022 12:35 AM CommandAcquisChC  TX=READ_SETUP 
11/8/2022 12:35 AM CommandAcquisChD  TX=READ_SETUP 
11/8/2022 12:35 AM ResponseAcquisChA  RX={"PREAMP":0,"READOUT_RATE":0,"EM_GAIN":2,"VERTICAL_SHIFT_SPEED":3,"READ_MODE":4,"FRAME_TRANSFER":true,"VERTICAL_CLOCK_VOLTAGE":0,"ACQUISITION_MODE":3,"AD_CHANNEL":0,"EM_MODE":1,"SHUTTER_TTL":0,"SHUTTER_OPENING_TIME":1,"SHUTTER_CLOSING_TIME":1,"SHUTTER_MODE":2,"TRIGGER_MODE":0,"VBIN":1,"INITIAL_LINE":1,"INITIAL_COLUMN":1,"FINAL_LINE":1024,"FINAL_COLUMN":1024,"HBIN":1}
11/8/2022 12:35 AM ResponseAcquisChD  RX={"PREAMP":0,"READOUT_RATE":0,"EM_GAIN":2,"VERTICAL_SHIFT_SPEED":3,"READ_MODE":4,"FRAME_TRANSFER":true,"VERTICAL_CLOCK_VOLTAGE":0,"ACQUISITION_MODE":3,"AD_CHANNEL":0,"EM_MODE":1,"SHUTTER_TTL":0,"SHUTTER_OPENING_TIME":1,"SHUTTER_CLOSING_TIME":1,"SHUTTER_MODE":2,"TRIGGER_MODE":0,"VBIN":1,"INITIAL_LINE":1,"INITIAL_COLUMN":1,"FINAL_LINE":1024,"FINAL_COLUMN":1024,"HBIN":1}
11/8/2022 12:35 AM CommandAcquisChA  TX=SET TEMP -70
11/8/2022 12:35 AM ResponseAcquisChC  RX={"PREAMP":0,"READOUT_RATE":0,"EM_GAIN":2,"VERTICAL_SHIFT_SPEED":3,"READ_MODE":4,"FRAME_TRANSFER":true,"VERTICAL_CLOCK_VOLTAGE":0,"ACQUISITION_MODE":3,"AD_CHANNEL":0,"EM_MODE":1,"SHUTTER_TTL":0,"SHUTTER_OPENING_TIME":1,"SHUTTER_CLOSING_TIME":1,"SHUTTER_MODE":2,"TRIGGER_MODE":0,"VBIN":1,"INITIAL_LINE":1,"INITIAL_COLUMN":1,"FINAL_LINE":1024,"FINAL_COLUMN":1024,"HBIN":1}
11/8/2022 12:35 AM ResponseAcquisChA  RX=DONE
11/8/2022 12:35 AM CommandAcquisChA  TX=SET COOLER_POWER_STATUS 1
11/8/2022 12:35 AM ResponseAcquisChB  RX={"PREAMP":0,"READOUT_RATE":0,"EM_GAIN":2,"VERTICAL_SHIFT_SPEED":3,"READ_MODE":4,"FRAME_TRANSFER":true,"VERTICAL_CLOCK_VOLTAGE":0,"ACQUISITION_MODE":3,"AD_CHANNEL":0,"EM_MODE":1,"SHUTTER_TTL":0,"SHUTTER_OPENING_TIME":1,"SHUTTER_CLOSING_TIME":1,"SHUTTER_MODE":2,"TRIGGER_MODE":0,"VBIN":1,"INITIAL_LINE":1,"INITIAL_COLUMN":1,"FINAL_LINE":1024,"FINAL_COLUMN":1024,"HBIN":1}
11/8/2022 12:35 AM CommandAcquisChD  TX=SET TEMP -70
11/8/2022 12:35 AM CommandAcquisChC  TX=SET TEMP -70
11/8/2022 12:35 AM CommandAcquisChD  TX=SET COOLER_POWER_STATUS 1
11/8/2022 12:35 AM ResponseAcquisChA  RX=DONE
11/8/2022 12:35 AM CommandAcquisChB  TX=SET TEMP -70
11/8/2022 12:35 AM CommandAcquisChC  TX=SET COOLER_POWER_STATUS 1
11/8/2022 12:35 AM ResponseAcquisChB  RX=DONE
11/8/2022 12:35 AM CommandAcquisChB  TX=SET COOLER_POWER_STATUS 1
11/8/2022 12:35 AM ResponseAcquisChD  RX=DONE
11/8/2022 12:35 AM ResponseAcquisChC  RX=DONE
11/8/2022 12:35 AM ResponseAcquisChD  RX=DONE
11/8/2022 12:35 AM ResponseAcquisChC  RX=DONE
11/8/2022 12:38 AM CommandAcquisChA  TX=WRITE_SETUP {"ACQUISITION_MODE":3,"TRIGGER_MODE":0,"READ_MODE":4,"PREAMP":0,"READOUT_RATE":0,"VERTICAL_SHIFT_SPEED":3,"EM_MODE":1,"EM_GAIN":2,"SHUTTER_MODE":1,"SHUTTER_TTL":0,"SHUTTER_OPENING_TIME":1,"SHUTTER_CLOSING_TIME":1,"VBIN":1,"HBIN":1,"INITIAL_LINE":1,"INITIAL_COLUMN":1,"FINAL_LINE":1024,"FINAL_COLUMN":1024,"FRAME_TRANSFER":true,"VERTICAL_CLOCK_VOLTAGE":0,"AD_CHANNEL":0}
11/8/2022 12:38 AM CommandAcquisChB  TX=WRITE_SETUP {"ACQUISITION_MODE":3,"TRIGGER_MODE":0,"READ_MODE":4,"PREAMP":0,"READOUT_RATE":0,"VERTICAL_SHIFT_SPEED":3,"EM_MODE":1,"EM_GAIN":2,"SHUTTER_MODE":1,"SHUTTER_TTL":0,"SHUTTER_OPENING_TIME":1,"SHUTTER_CLOSING_TIME":1,"VBIN":1,"HBIN":1,"INITIAL_LINE":1,"INITIAL_COLUMN":1,"FINAL_LINE":1024,"FINAL_COLUMN":1024,"FRAME_TRANSFER":true,"VERTICAL_CLOCK_VOLTAGE":0,"AD_CHANNEL":0}
11/8/2022 12:38 AM CommandAcquisChC  TX=WRITE_SETUP {"ACQUISITION_MODE":3,"TRIGGER_MODE":0,"READ_MODE":4,"PREAMP":0,"READOUT_RATE":0,"VERTICAL_SHIFT_SPEED":3,"EM_MODE":1,"EM_GAIN":2,"SHUTTER_MODE":1,"SHUTTER_TTL":0,"SHUTTER_OPENING_TIME":1,"SHUTTER_CLOSING_TIME":1,"VBIN":1,"HBIN":1,"INITIAL_LINE":1,"INITIAL_COLUMN":1,"FINAL_LINE":1024,"FINAL_COLUMN":1024,"FRAME_TRANSFER":true,"VERTICAL_CLOCK_VOLTAGE":0,"AD_CHANNEL":0}
11/8/2022 12:38 AM CommandAcquisChD  TX=WRITE_SETUP {"ACQUISITION_MODE":3,"TRIGGER_MODE":0,"READ_MODE":4,"PREAMP":0,"READOUT_RATE":0,"VERTICAL_SHIFT_SPEED":3,"EM_MODE":1,"EM_GAIN":2,"SHUTTER_MODE":1,"SHUTTER_TTL":0,"SHUTTER_OPENING_TIME":1,"SHUTTER_CLOSING_TIME":1,"VBIN":1,"HBIN":1,"INITIAL_LINE":1,"INITIAL_COLUMN":1,"FINAL_LINE":1024,"FINAL_COLUMN":1024,"FRAME_TRANSFER":true,"VERTICAL_CLOCK_VOLTAGE":0,"AD_CHANNEL":0}
11/8/2022 12:38 AM CommandAcquisChA  TX=READ_SETUP 
11/8/2022 12:38 AM CommandAcquisChB  TX=READ_SETUP 
11/8/2022 12:38 AM CommandAcquisChC  TX=READ_SETUP 
11/8/2022 12:38 AM CommandAcquisChD  TX=READ_SETUP 
11/8/2022 12:38 AM ResponseAcquisChA  RX={"PREAMP":0,"READOUT_RATE":0,"EM_GAIN":2,"VERTICAL_SHIFT_SPEED":3,"READ_MODE":4,"FRAME_TRANSFER":true,"VERTICAL_CLOCK_VOLTAGE":0,"ACQUISITION_MODE":3,"AD_CHANNEL":0,"EM_MODE":1,"SHUTTER_TTL":0,"SHUTTER_OPENING_TIME":1,"SHUTTER_CLOSING_TIME":1,"SHUTTER_MODE":1,"TRIGGER_MODE":0,"VBIN":1,"INITIAL_LINE":1,"INITIAL_COLUMN":1,"FINAL_LINE":1024,"FINAL_COLUMN":1024,"HBIN":1}
11/8/2022 12:38 AM ResponseAcquisChC  RX={"PREAMP":0,"READOUT_RATE":0,"EM_GAIN":2,"VERTICAL_SHIFT_SPEED":3,"READ_MODE":4,"FRAME_TRANSFER":true,"VERTICAL_CLOCK_VOLTAGE":0,"ACQUISITION_MODE":3,"AD_CHANNEL":0,"EM_MODE":1,"SHUTTER_TTL":0,"SHUTTER_OPENING_TIME":1,"SHUTTER_CLOSING_TIME":1,"SHUTTER_MODE":1,"TRIGGER_MODE":0,"VBIN":1,"INITIAL_LINE":1,"INITIAL_COLUMN":1,"FINAL_LINE":1024,"FINAL_COLUMN":1024,"HBIN":1}
11/8/2022 12:38 AM ResponseAcquisChD  RX={"PREAMP":0,"READOUT_RATE":0,"EM_GAIN":2,"VERTICAL_SHIFT_SPEED":3,"READ_MODE":4,"FRAME_TRANSFER":true,"VERTICAL_CLOCK_VOLTAGE":0,"ACQUISITION_MODE":3,"AD_CHANNEL":0,"EM_MODE":1,"SHUTTER_TTL":0,"SHUTTER_OPENING_TIME":1,"SHUTTER_CLOSING_TIME":1,"SHUTTER_MODE":1,"TRIGGER_MODE":0,"VBIN":1,"INITIAL_LINE":1,"INITIAL_COLUMN":1,"FINAL_LINE":1024,"FINAL_COLUMN":1024,"HBIN":1}
11/8/2022 12:38 AM CommandAcquisChA  TX=SET TEMP -70
11/8/2022 12:38 AM ResponseAcquisChB  RX={"PREAMP":0,"READOUT_RATE":0,"EM_GAIN":2,"VERTICAL_SHIFT_SPEED":3,"READ_MODE":4,"FRAME_TRANSFER":true,"VERTICAL_CLOCK_VOLTAGE":0,"ACQUISITION_MODE":3,"AD_CHANNEL":0,"EM_MODE":1,"SHUTTER_TTL":0,"SHUTTER_OPENING_TIME":1,"SHUTTER_CLOSING_TIME":1,"SHUTTER_MODE":1,"TRIGGER_MODE":0,"VBIN":1,"INITIAL_LINE":1,"INITIAL_COLUMN":1,"FINAL_LINE":1024,"FINAL_COLUMN":1024,"HBIN":1}
11/8/2022 12:38 AM CommandAcquisChB  TX=SET TEMP -70
11/8/2022 12:38 AM CommandAcquisChC  TX=SET TEMP -70
11/8/2022 12:38 AM CommandAcquisChD  TX=SET TEMP -70
11/8/2022 12:38 AM CommandAcquisChA  TX=SET COOLER_POWER_STATUS 1
11/8/2022 12:38 AM CommandAcquisChB  TX=SET COOLER_POWER_STATUS 1
11/8/2022 12:38 AM CommandAcquisChC  TX=SET COOLER_POWER_STATUS 1
11/8/2022 12:38 AM CommandAcquisChD  TX=SET COOLER_POWER_STATUS 1
11/8/2022 12:38 AM ResponseAcquisChA  RX=DONE
11/8/2022 12:38 AM ResponseAcquisChC  RX=DONE
11/8/2022 12:38 AM ResponseAcquisChD  RX=DONE
11/8/2022 12:38 AM ResponseAcquisChA  RX=DONE
11/8/2022 12:38 AM ResponseAcquisChB  RX=DONE
11/8/2022 12:38 AM ResponseAcquisChC  RX=DONE
11/8/2022 12:38 AM ResponseAcquisChD  RX=DONE
11/8/2022 12:38 AM ResponseAcquisChB  RX=DONE
11/8/2022 1:22 AM CommandAcquisChB  TX=SET EXPTIME 20.000000
11/8/2022 1:22 AM ResponseAcquisChB  RX=DONE
11/8/2022 1:22 AM CommandAcquisChB  TX=SET #FRAMES 75.000000
11/8/2022 1:22 AM ResponseAcquisChB  RX=DONE
11/8/2022 1:22 AM CommandAcquisChB  TX=SET #CUBES 1.0000 
11/8/2022 1:22 AM ResponseAcquisChB  RX=DONE
11/8/2022 1:22 AM CommandAcquisChB  TX=SET SUFFIX dflat
11/8/2022 1:22 AM CommandAcquisChB  TX=SET OBSTYPE DFLAT
11/8/2022 1:22 AM ResponseAcquisChB  RX=DONE
11/8/2022 1:22 AM ResponseAcquisChB  RX=DONE
11/8/2022 1:22 AM CommandAcquisChC  TX=SET EXPTIME 25.000000
11/8/2022 1:22 AM ResponseAcquisChC  RX=DONE
11/8/2022 1:22 AM CommandAcquisChC  TX=SET #FRAMES 60.000000
11/8/2022 1:22 AM ResponseAcquisChC  RX=DONE
11/8/2022 1:22 AM CommandAcquisChC  TX=SET #CUBES 1.0000 
11/8/2022 1:22 AM ResponseAcquisChC  RX=DONE
11/8/2022 1:22 AM CommandAcquisChC  TX=SET SUFFIX dflat
11/8/2022 1:22 AM CommandAcquisChC  TX=SET OBSTYPE DFLAT
11/8/2022 1:22 AM ResponseAcquisChC  RX=DONE
11/8/2022 1:22 AM ResponseAcquisChC  RX=DONE
11/8/2022 1:22 AM CommandAcquisChD  TX=SET EXPTIME 30.000000
11/8/2022 1:22 AM ResponseAcquisChD  RX=DONE
11/8/2022 1:22 AM CommandAcquisChD  TX=SET #FRAMES 50.000000
11/8/2022 1:22 AM ResponseAcquisChD  RX=DONE
11/8/2022 1:22 AM CommandAcquisChD  TX=SET #CUBES 1.0000 
11/8/2022 1:22 AM CommandAcquisChD  TX=SET SUFFIX dflat
11/8/2022 1:22 AM ResponseAcquisChD  RX=DONE
11/8/2022 1:22 AM ResponseAcquisChD  RX=DONE
11/8/2022 1:22 AM CommandAcquisChD  TX=SET OBSTYPE DFLAT
11/8/2022 1:22 AM ResponseAcquisChD  RX=DONE
11/8/2022 1:22 AM CommandAcquisChB  TX=EXPOSE
11/8/2022 1:22 AM CommandAcquisChC  TX=EXPOSE
11/8/2022 1:22 AM CommandAcquisChD  TX=EXPOSE
11/8/2022 1:24 AM CommandAcquisChA  TX=ABORT_ACQUISITION
11/8/2022 1:24 AM CommandAcquisChB  TX=ABORT_ACQUISITION
11/8/2022 1:24 AM CommandAcquisChC  TX=ABORT_ACQUISITION
11/8/2022 1:24 AM CommandAcquisChD  TX=ABORT_ACQUISITION
