9/19/2022 11:42 AM CommandAcquisChA  TX=WRITE_SETUP {"ACQUISITION_MODE":3,"TRIGGER_MODE":6,"READ_MODE":4,"PREAMP":0,"READOUT_RATE":0,"VERTICAL_SHIFT_SPEED":3,"EM_MODE":1,"EM_GAIN":2,"SHUTTER_MODE":2,"SHUTTER_TTL":0,"SHUTTER_OPENING_TIME":1,"SHUTTER_CLOSING_TIME":1,"VBIN":1,"HBIN":1,"INITIAL_LINE":1,"INITIAL_COLUMN":1,"FINAL_LINE":1024,"FINAL_COLUMN":1024,"FRAME_TRANSFER":true,"VERTICAL_CLOCK_VOLTAGE":0,"AD_CHANNEL":0}
9/19/2022 11:42 AM CommandAcquisChB  TX=WRITE_SETUP {"ACQUISITION_MODE":3,"TRIGGER_MODE":6,"READ_MODE":4,"PREAMP":0,"READOUT_RATE":0,"VERTICAL_SHIFT_SPEED":0,"EM_MODE":1,"EM_GAIN":2,"SHUTTER_MODE":2,"SHUTTER_TTL":0,"SHUTTER_OPENING_TIME":1,"SHUTTER_CLOSING_TIME":1,"VBIN":1,"HBIN":1,"INITIAL_LINE":1,"INITIAL_COLUMN":1,"FINAL_LINE":1024,"FINAL_COLUMN":1024,"FRAME_TRANSFER":true,"VERTICAL_CLOCK_VOLTAGE":0,"AD_CHANNEL":0}
9/19/2022 11:42 AM CommandAcquisChC  TX=WRITE_SETUP {"ACQUISITION_MODE":3,"TRIGGER_MODE":1,"READ_MODE":0,"PREAMP":0,"READOUT_RATE":0,"VERTICAL_SHIFT_SPEED":0,"EM_MODE":1,"EM_GAIN":2,"SHUTTER_MODE":2,"SHUTTER_TTL":0,"SHUTTER_OPENING_TIME":1,"SHUTTER_CLOSING_TIME":1,"VBIN":1,"HBIN":1,"INITIAL_LINE":1,"INITIAL_COLUMN":1,"FINAL_LINE":1024,"FINAL_COLUMN":1024,"FRAME_TRANSFER":true,"VERTICAL_CLOCK_VOLTAGE":0,"AD_CHANNEL":0}
9/19/2022 11:42 AM CommandAcquisChD  TX=WRITE_SETUP {"ACQUISITION_MODE":3,"TRIGGER_MODE":0,"READ_MODE":4,"PREAMP":0,"READOUT_RATE":0,"VERTICAL_SHIFT_SPEED":3,"EM_MODE":1,"EM_GAIN":2,"SHUTTER_MODE":2,"SHUTTER_TTL":0,"SHUTTER_OPENING_TIME":1,"SHUTTER_CLOSING_TIME":1,"VBIN":1,"HBIN":1,"INITIAL_LINE":1,"INITIAL_COLUMN":1,"FINAL_LINE":1024,"FINAL_COLUMN":1024,"FRAME_TRANSFER":true,"VERTICAL_CLOCK_VOLTAGE":0,"AD_CHANNEL":0}
9/19/2022 11:42 AM CommandSyncBox  TX=ADELAY 0m

9/19/2022 11:42 AM ResponseSyncBox  RX=OK

9/19/2022 11:42 AM CommandSyncBox  TX=BDELAY 0m

9/19/2022 11:42 AM ResponseSyncBox  RX=OK

9/19/2022 11:42 AM CommandSyncBox  TX=CDELAY 0m

9/19/2022 11:42 AM ResponseSyncBox  RX=OK

9/19/2022 11:42 AM CommandSyncBox  TX=DDELAY 0m

9/19/2022 11:42 AM ResponseSyncBox  RX=OK

9/19/2022 11:42 AM CommandSyncBox  TX=AWIDTH 200m

9/19/2022 11:42 AM ResponseSyncBox  RX=OK

9/19/2022 11:42 AM CommandSyncBox  TX=BWIDTH 200m

9/19/2022 11:42 AM ResponseSyncBox  RX=OK

9/19/2022 11:42 AM CommandSyncBox  TX=CWIDTH 200m

9/19/2022 11:42 AM ResponseSyncBox  RX=OK

9/19/2022 11:42 AM CommandSyncBox  TX=DWIDTH 200m

9/19/2022 11:42 AM ResponseSyncBox  RX=OK

9/19/2022 11:42 AM CommandSyncBox  TX=aset on

9/19/2022 11:42 AM ResponseSyncBox  RX=OK

9/19/2022 11:42 AM CommandSyncBox  TX=bset on

9/19/2022 11:42 AM ResponseSyncBox  RX=OK

9/19/2022 11:42 AM CommandSyncBox  TX=cset on

9/19/2022 11:42 AM ResponseSyncBox  RX=OK

9/19/2022 11:42 AM CommandSyncBox  TX=dset on

9/19/2022 11:42 AM ResponseSyncBox  RX=OK

9/19/2022 11:42 AM CommandSyncBox  TX=IN

9/19/2022 11:42 AM ResponseSyncBox  RX=OK

9/19/2022 11:42 AM CommandAcquisChA  TX=READ_SETUP 
9/19/2022 11:42 AM CommandAcquisChB  TX=READ_SETUP 
9/19/2022 11:42 AM CommandAcquisChC  TX=READ_SETUP 
9/19/2022 11:42 AM CommandAcquisChD  TX=READ_SETUP 
9/19/2022 11:42 AM ResponseAcquisChA  RX=CCD_SETUP {"PREAMP":0,"READOUT_RATE":0,"EM_GAIN":2,"VBIN":1,"INITIAL_LINE":1,"INITIAL_COLUMN":1,"FINAL_LINE":1024,"FINAL_COLUMN":1024,"TRIGGER_MODE":6,"HBIN":1,"SHUTTER_TTL":0,"SHUTTER_MODE":2,"SHUTTER_OPENING_TIME":1,"SHUTTER_CLOSING_TIME":1,"VERTICAL_SHIFT_SPEED":3,"READ_MODE":4,"FRAME_TRANSFER":true,"VERTICAL_CLOCK_VOLTAGE":0,"ACQUISITION_MODE":3,"AD_CHANNEL":0,"EM_MODE":1}
9/19/2022 11:42 AM CommandAcquisChA  TX=SET COOLER_POWER_STATUS 0
9/19/2022 11:42 AM ResponseAcquisChA  RX=DONE
9/19/2022 11:42 AM CommandAcquisChB  TX=SET COOLER_POWER_STATUS 0
9/19/2022 11:42 AM CommandAcquisChC  TX=SET COOLER_POWER_STATUS 0
9/19/2022 11:42 AM CommandAcquisChD  TX=SET COOLER_POWER_STATUS 0
9/19/2022 11:42 AM CommandSyncBox  TX=FIre

9/19/2022 11:42 AM ResponseSyncBox  RX=

     Highland Technology  Model T560  Digital Delay Generator

Firmware 28E560-D  02407                Cal date July 19, 2018      

Trig   REM  HIZ  Level 2.000   Div   0000000000  SYN 00010000.00
Gate   OFF  POS  HIZ           Shots 0000000275
Burst  OFF  N  0000000016   of M  0000000064

Verbos OFF  Autoinstall OFF    Usec 2607108638  DPLL 00011
Clock  HIZ  Trim 02166         Temp +53.0

Errs   None

Ch A  POS  ON     Dly  00.000000000000  Wid  00.200000000000
Ch B  POS  ON     Dly  00.000000000000  Wid  00.200000000000
Ch C  POS  ON     Dly  00.000000000000  Wid  00.200000000000
Ch D  POS  ON     Dly  00.000000000000  Wid  00.200000000000



9/19/2022 11:42 AM ResponseSyncBox  RX=OK

9/19/2022 11:43 AM CommandSyncBox  TX=FIre

9/19/2022 11:43 AM ResponseSyncBox  RX=OK

9/19/2022 11:43 AM CommandAcquisChA  TX=SET EXPTIME 2.000000
9/19/2022 11:43 AM ResponseAcquisChA  RX=DONE
9/19/2022 11:43 AM CommandAcquisChA  TX=SET #FRAMES 1.000000
9/19/2022 11:43 AM CommandAcquisChA  TX=SET #CUBES 1.0000 
9/19/2022 11:43 AM ResponseAcquisChA  RX=DONE
9/19/2022 11:43 AM ResponseAcquisChA  RX=DONE
9/19/2022 11:43 AM CommandAcquisChA  TX=SET SUFFIX DARK
9/19/2022 11:43 AM CommandAcquisChA  TX=SET OBSTYPE DARK
9/19/2022 11:43 AM ResponseAcquisChA  RX=DONE
9/19/2022 11:43 AM ResponseAcquisChA  RX=DONE
9/19/2022 11:43 AM CommandSyncBox  TX=ADELAY 0m

9/19/2022 11:43 AM ResponseSyncBox  RX=OK

9/19/2022 11:43 AM CommandSyncBox  TX=BDELAY 0m

9/19/2022 11:43 AM ResponseSyncBox  RX=OK

9/19/2022 11:43 AM CommandSyncBox  TX=CDELAY 0m

9/19/2022 11:43 AM ResponseSyncBox  RX=OK

9/19/2022 11:43 AM CommandSyncBox  TX=DDELAY 0m

9/19/2022 11:43 AM ResponseSyncBox  RX=OK

9/19/2022 11:43 AM CommandSyncBox  TX=AWIDTH 200m

9/19/2022 11:43 AM ResponseSyncBox  RX=OK

9/19/2022 11:43 AM CommandSyncBox  TX=BWIDTH 200m

9/19/2022 11:43 AM ResponseSyncBox  RX=OK

9/19/2022 11:43 AM CommandSyncBox  TX=CWIDTH 200m

9/19/2022 11:43 AM ResponseSyncBox  RX=OK

9/19/2022 11:43 AM CommandSyncBox  TX=DWIDTH 200m

9/19/2022 11:43 AM ResponseSyncBox  RX=OK

9/19/2022 11:43 AM CommandSyncBox  TX=aset on

9/19/2022 11:43 AM ResponseSyncBox  RX=OK

9/19/2022 11:43 AM CommandSyncBox  TX=bset on

9/19/2022 11:43 AM ResponseSyncBox  RX=OK

9/19/2022 11:43 AM CommandSyncBox  TX=cset on

9/19/2022 11:43 AM ResponseSyncBox  RX=OK

9/19/2022 11:43 AM CommandSyncBox  TX=dset on

9/19/2022 11:43 AM ResponseSyncBox  RX=OK

9/19/2022 11:43 AM CommandSyncBox  TX=IN

9/19/2022 11:43 AM ResponseSyncBox  RX=OK

9/19/2022 11:43 AM CommandAcquisChA  TX=EXPOSE
9/19/2022 11:43 AM CommandSyncBox  TX=TRigger REmote

9/19/2022 11:43 AM ResponseSyncBox  RX=OK

9/19/2022 11:43 AM CommandSyncBox  TX=IN

9/19/2022 11:43 AM ResponseSyncBox  RX=OK

9/19/2022 11:43 AM CommandSyncBox  TX=TRigger

9/19/2022 11:43 AM ResponseSyncBox  RX=Trig   REM  HIZ  Level 2.000   Div   0000000000  SYN 00010000.00

9/19/2022 11:43 AM CommandSyncBox  TX=FIre

9/19/2022 11:43 AM ResponseSyncBox  RX=OK

9/19/2022 12:06 PM CommandAcquisChA  TX=SET EXPTIME 2.000000
9/19/2022 12:06 PM ResponseAcquisChA  RX=DONE
9/19/2022 12:06 PM CommandAcquisChA  TX=SET #FRAMES 1.000000
9/19/2022 12:06 PM ResponseAcquisChA  RX=DONE
9/19/2022 12:06 PM CommandAcquisChA  TX=SET #CUBES 1.0000 
9/19/2022 12:06 PM ResponseAcquisChA  RX=DONE
9/19/2022 12:06 PM CommandAcquisChA  TX=SET SUFFIX DARK
9/19/2022 12:06 PM CommandAcquisChA  TX=SET OBSTYPE DARK
9/19/2022 12:06 PM ResponseAcquisChA  RX=DONE
9/19/2022 12:06 PM ResponseAcquisChA  RX=DONE
9/19/2022 12:06 PM CommandSyncBox  TX=ADELAY 0m

9/19/2022 12:06 PM ResponseSyncBox  RX=OK

9/19/2022 12:06 PM CommandSyncBox  TX=BDELAY 0m

9/19/2022 12:06 PM ResponseSyncBox  RX=OK

9/19/2022 12:06 PM CommandSyncBox  TX=CDELAY 0m

9/19/2022 12:06 PM ResponseSyncBox  RX=OK

9/19/2022 12:06 PM CommandSyncBox  TX=DDELAY 0m

9/19/2022 12:06 PM ResponseSyncBox  RX=OK

9/19/2022 12:06 PM CommandSyncBox  TX=AWIDTH 200m

9/19/2022 12:06 PM ResponseSyncBox  RX=OK

9/19/2022 12:06 PM CommandSyncBox  TX=BWIDTH 200m

9/19/2022 12:06 PM ResponseSyncBox  RX=OK

9/19/2022 12:06 PM CommandSyncBox  TX=CWIDTH 200m

9/19/2022 12:06 PM ResponseSyncBox  RX=OK

9/19/2022 12:06 PM CommandSyncBox  TX=DWIDTH 200m

9/19/2022 12:06 PM ResponseSyncBox  RX=OK

9/19/2022 12:06 PM CommandSyncBox  TX=aset on

9/19/2022 12:06 PM ResponseSyncBox  RX=OK

9/19/2022 12:06 PM CommandSyncBox  TX=bset on

9/19/2022 12:06 PM ResponseSyncBox  RX=OK

9/19/2022 12:06 PM CommandSyncBox  TX=cset on

9/19/2022 12:06 PM ResponseSyncBox  RX=OK

9/19/2022 12:06 PM CommandSyncBox  TX=dset on

9/19/2022 12:06 PM ResponseSyncBox  RX=OK

9/19/2022 12:06 PM CommandSyncBox  TX=IN

9/19/2022 12:06 PM ResponseSyncBox  RX=OK

9/19/2022 12:06 PM CommandAcquisChA  TX=EXPOSE
9/19/2022 12:06 PM CommandSyncBox  TX=TRigger REmote

9/19/2022 12:06 PM ResponseSyncBox  RX=OK

9/19/2022 12:06 PM CommandSyncBox  TX=IN

9/19/2022 12:06 PM ResponseSyncBox  RX=OK

9/19/2022 12:06 PM CommandSyncBox  TX=TRigger

9/19/2022 12:06 PM ResponseSyncBox  RX=Trig   REM  HIZ  Level 2.000   Div   0000000000  SYN 00010000.00

9/19/2022 12:06 PM CommandSyncBox  TX=FIre

9/19/2022 12:06 PM ResponseSyncBox  RX=OK

