11/8/2022 1:25 AM CommandAcquisChA  TX=WRITE_SETUP {"ACQUISITION_MODE":3,"TRIGGER_MODE":0,"READ_MODE":4,"PREAMP":0,"READOUT_RATE":0,"VERTICAL_SHIFT_SPEED":3,"EM_MODE":1,"EM_GAIN":2,"SHUTTER_MODE":1,"SHUTTER_TTL":0,"SHUTTER_OPENING_TIME":1,"SHUTTER_CLOSING_TIME":1,"VBIN":1,"HBIN":1,"INITIAL_LINE":1,"INITIAL_COLUMN":1,"FINAL_LINE":1024,"FINAL_COLUMN":1024,"FRAME_TRANSFER":true,"VERTICAL_CLOCK_VOLTAGE":0,"AD_CHANNEL":0}
11/8/2022 1:25 AM CommandAcquisChB  TX=WRITE_SETUP {"ACQUISITION_MODE":3,"TRIGGER_MODE":0,"READ_MODE":4,"PREAMP":0,"READOUT_RATE":0,"VERTICAL_SHIFT_SPEED":3,"EM_MODE":1,"EM_GAIN":2,"SHUTTER_MODE":1,"SHUTTER_TTL":0,"SHUTTER_OPENING_TIME":1,"SHUTTER_CLOSING_TIME":1,"VBIN":1,"HBIN":1,"INITIAL_LINE":1,"INITIAL_COLUMN":1,"FINAL_LINE":1024,"FINAL_COLUMN":1024,"FRAME_TRANSFER":true,"VERTICAL_CLOCK_VOLTAGE":0,"AD_CHANNEL":0}
11/8/2022 1:25 AM CommandAcquisChC  TX=WRITE_SETUP {"ACQUISITION_MODE":3,"TRIGGER_MODE":0,"READ_MODE":4,"PREAMP":0,"READOUT_RATE":0,"VERTICAL_SHIFT_SPEED":3,"EM_MODE":1,"EM_GAIN":2,"SHUTTER_MODE":1,"SHUTTER_TTL":0,"SHUTTER_OPENING_TIME":1,"SHUTTER_CLOSING_TIME":1,"VBIN":1,"HBIN":1,"INITIAL_LINE":1,"INITIAL_COLUMN":1,"FINAL_LINE":1024,"FINAL_COLUMN":1024,"FRAME_TRANSFER":true,"VERTICAL_CLOCK_VOLTAGE":0,"AD_CHANNEL":0}
11/8/2022 1:25 AM CommandAcquisChD  TX=WRITE_SETUP {"ACQUISITION_MODE":3,"TRIGGER_MODE":0,"READ_MODE":4,"PREAMP":0,"READOUT_RATE":0,"VERTICAL_SHIFT_SPEED":3,"EM_MODE":1,"EM_GAIN":2,"SHUTTER_MODE":1,"SHUTTER_TTL":0,"SHUTTER_OPENING_TIME":1,"SHUTTER_CLOSING_TIME":1,"VBIN":1,"HBIN":1,"INITIAL_LINE":1,"INITIAL_COLUMN":1,"FINAL_LINE":1024,"FINAL_COLUMN":1024,"FRAME_TRANSFER":true,"VERTICAL_CLOCK_VOLTAGE":0,"AD_CHANNEL":0}
11/8/2022 1:25 AM CommandSyncBox  TX=ADELAY 0m

11/8/2022 1:25 AM CommandAcquisChA  TX=READ_SETUP 
11/8/2022 1:25 AM CommandAcquisChB  TX=READ_SETUP 
11/8/2022 1:25 AM CommandAcquisChC  TX=READ_SETUP 
11/8/2022 1:25 AM CommandAcquisChD  TX=READ_SETUP 
11/8/2022 1:25 AM ResponseAcquisChB  RX={"PREAMP":0,"READOUT_RATE":0,"EM_GAIN":2,"VERTICAL_SHIFT_SPEED":3,"READ_MODE":4,"FRAME_TRANSFER":true,"VERTICAL_CLOCK_VOLTAGE":0,"ACQUISITION_MODE":3,"AD_CHANNEL":0,"EM_MODE":1,"SHUTTER_TTL":0,"SHUTTER_OPENING_TIME":1,"SHUTTER_CLOSING_TIME":1,"SHUTTER_MODE":1,"TRIGGER_MODE":0,"VBIN":1,"INITIAL_LINE":1,"INITIAL_COLUMN":1,"FINAL_LINE":1024,"FINAL_COLUMN":1024,"HBIN":1}
11/8/2022 1:25 AM ResponseAcquisChC  RX={"PREAMP":0,"READOUT_RATE":0,"EM_GAIN":2,"VERTICAL_SHIFT_SPEED":3,"READ_MODE":4,"FRAME_TRANSFER":true,"VERTICAL_CLOCK_VOLTAGE":0,"ACQUISITION_MODE":3,"AD_CHANNEL":0,"EM_MODE":1,"SHUTTER_TTL":0,"SHUTTER_OPENING_TIME":1,"SHUTTER_CLOSING_TIME":1,"SHUTTER_MODE":1,"TRIGGER_MODE":0,"VBIN":1,"INITIAL_LINE":1,"INITIAL_COLUMN":1,"FINAL_LINE":1024,"FINAL_COLUMN":1024,"HBIN":1}
11/8/2022 1:25 AM ResponseAcquisChD  RX={"PREAMP":0,"READOUT_RATE":0,"EM_GAIN":2,"VERTICAL_SHIFT_SPEED":3,"READ_MODE":4,"FRAME_TRANSFER":true,"VERTICAL_CLOCK_VOLTAGE":0,"ACQUISITION_MODE":3,"AD_CHANNEL":0,"EM_MODE":1,"SHUTTER_TTL":0,"SHUTTER_OPENING_TIME":1,"SHUTTER_CLOSING_TIME":1,"SHUTTER_MODE":1,"TRIGGER_MODE":0,"VBIN":1,"INITIAL_LINE":1,"INITIAL_COLUMN":1,"FINAL_LINE":1024,"FINAL_COLUMN":1024,"HBIN":1}
11/8/2022 1:25 AM CommandAcquisChB  TX=SET TEMP -70
11/8/2022 1:25 AM CommandAcquisChC  TX=SET TEMP -70
11/8/2022 1:25 AM CommandAcquisChD  TX=SET TEMP -70
11/8/2022 1:25 AM CommandAcquisChB  TX=SET COOLER_POWER_STATUS 1
11/8/2022 1:25 AM CommandAcquisChC  TX=SET COOLER_POWER_STATUS 1
11/8/2022 1:25 AM CommandAcquisChD  TX=SET COOLER_POWER_STATUS 1
11/8/2022 1:25 AM ResponseAcquisChB  RX=DONE
11/8/2022 1:25 AM ResponseAcquisChC  RX=DONE
11/8/2022 1:25 AM ResponseAcquisChB  RX=DONE
11/8/2022 1:25 AM ResponseAcquisChD  RX=DONE
11/8/2022 1:25 AM CommandAcquisChA  TX=SET TEMP -70
11/8/2022 1:25 AM CommandAcquisChA  TX=SET COOLER_POWER_STATUS 1
11/8/2022 1:26 AM CommandAcquisChA  TX=SET TEMP -70
11/8/2022 1:26 AM CommandAcquisChA  TX=SET COOLER_POWER_STATUS 1
11/8/2022 1:26 AM ResponseAcquisChA  RX=DONE
11/8/2022 1:30 AM CommandAcquisChA  TX=SET EXPTIME 100.000000
11/8/2022 1:30 AM ResponseAcquisChA  RX=DONE
11/8/2022 1:30 AM CommandAcquisChA  TX=SET #FRAMES 15.000000
11/8/2022 1:30 AM ResponseAcquisChA  RX=DONE
11/8/2022 1:30 AM CommandAcquisChA  TX=SET #CUBES 1.0000 
11/8/2022 1:30 AM CommandAcquisChA  TX=SET SUFFIX dflat
11/8/2022 1:30 AM ResponseAcquisChA  RX=DONE
11/8/2022 1:30 AM CommandAcquisChA  TX=SET OBSTYPE DFLAT
11/8/2022 1:30 AM ResponseAcquisChA  RX=DONE
11/8/2022 1:30 AM CommandAcquisChB  TX=SET EXPTIME 20.000000
11/8/2022 1:30 AM ResponseAcquisChB  RX=DONE
11/8/2022 1:30 AM CommandAcquisChB  TX=SET #FRAMES 75.000000
11/8/2022 1:30 AM CommandAcquisChB  TX=SET #CUBES 1.0000 
11/8/2022 1:30 AM ResponseAcquisChB  RX=DONE
11/8/2022 1:30 AM CommandAcquisChB  TX=SET SUFFIX dflat
11/8/2022 1:30 AM ResponseAcquisChB  RX=DONE
11/8/2022 1:30 AM CommandAcquisChB  TX=SET OBSTYPE DFLAT
11/8/2022 1:30 AM ResponseAcquisChB  RX=DONE
11/8/2022 1:30 AM ResponseAcquisChB  RX=DONE
11/8/2022 1:30 AM CommandAcquisChC  TX=SET EXPTIME 25.000000
11/8/2022 1:31 AM ResponseAcquisChC  RX=DONE
11/8/2022 1:31 AM CommandAcquisChC  TX=SET #FRAMES 60.000000
11/8/2022 1:31 AM ResponseAcquisChC  RX=DONE
11/8/2022 1:31 AM CommandAcquisChC  TX=SET #CUBES 1.0000 
11/8/2022 1:31 AM ResponseAcquisChC  RX=DONE
11/8/2022 1:31 AM CommandAcquisChC  TX=SET SUFFIX dflat
11/8/2022 1:31 AM ResponseAcquisChC  RX=DONE
11/8/2022 1:31 AM CommandAcquisChC  TX=SET OBSTYPE DFLAT
11/8/2022 1:31 AM ResponseAcquisChC  RX=DONE
11/8/2022 1:31 AM CommandAcquisChD  TX=SET EXPTIME 30.000000
11/8/2022 1:31 AM ResponseAcquisChD  RX=DONE
11/8/2022 1:31 AM CommandAcquisChD  TX=SET #FRAMES 50.000000
11/8/2022 1:31 AM ResponseAcquisChD  RX=DONE
11/8/2022 1:31 AM CommandAcquisChD  TX=SET #CUBES 1.0000 
11/8/2022 1:31 AM CommandAcquisChD  TX=SET SUFFIX dflat
11/8/2022 1:31 AM ResponseAcquisChD  RX=DONE
11/8/2022 1:31 AM ResponseAcquisChD  RX=DONE
11/8/2022 1:31 AM CommandAcquisChD  TX=SET OBSTYPE DFLAT
11/8/2022 1:31 AM ResponseAcquisChD  RX=DONE
11/8/2022 1:31 AM CommandAcquisChA  TX=EXPOSE
11/8/2022 1:31 AM CommandAcquisChB  TX=EXPOSE
11/8/2022 1:31 AM CommandAcquisChC  TX=EXPOSE
11/8/2022 1:31 AM CommandAcquisChD  TX=EXPOSE
11/8/2022 1:57 AM CommandAcquisChA  TX=SET EXPTIME 100.000000
11/8/2022 1:57 AM ResponseAcquisChA  RX=DONE
11/8/2022 1:57 AM CommandAcquisChA  TX=SET #FRAMES 15.000000
11/8/2022 1:57 AM ResponseAcquisChA  RX=DONE
11/8/2022 1:57 AM CommandAcquisChA  TX=SET #CUBES 1.0000 
11/8/2022 1:57 AM ResponseAcquisChA  RX=DONE
11/8/2022 1:57 AM CommandAcquisChA  TX=SET SUFFIX dflat
11/8/2022 1:57 AM CommandAcquisChA  TX=SET OBSTYPE DFLAT
11/8/2022 1:57 AM ResponseAcquisChA  RX=DONE
11/8/2022 1:57 AM ResponseAcquisChA  RX=DONE
11/8/2022 1:57 AM CommandAcquisChB  TX=SET EXPTIME 20.000000
11/8/2022 1:57 AM ResponseAcquisChB  RX=DONE
11/8/2022 1:57 AM CommandAcquisChB  TX=SET #FRAMES 75.000000
11/8/2022 1:57 AM CommandAcquisChB  TX=SET #CUBES 1.0000 
11/8/2022 1:57 AM ResponseAcquisChB  RX=DONE
11/8/2022 1:57 AM ResponseAcquisChB  RX=DONE
11/8/2022 1:57 AM CommandAcquisChB  TX=SET SUFFIX dflat
11/8/2022 1:57 AM ResponseAcquisChB  RX=DONE
11/8/2022 1:57 AM CommandAcquisChB  TX=SET OBSTYPE DFLAT
11/8/2022 1:57 AM ResponseAcquisChB  RX=DONE
11/8/2022 1:57 AM CommandAcquisChC  TX=SET EXPTIME 25.000000
11/8/2022 1:57 AM ResponseAcquisChC  RX=DONE
11/8/2022 1:57 AM CommandAcquisChC  TX=SET #FRAMES 60.000000
11/8/2022 1:57 AM ResponseAcquisChC  RX=DONE
11/8/2022 1:57 AM CommandAcquisChC  TX=SET #CUBES 1.0000 
11/8/2022 1:57 AM CommandAcquisChC  TX=SET SUFFIX dflat
11/8/2022 1:57 AM ResponseAcquisChC  RX=DONE
11/8/2022 1:57 AM CommandAcquisChC  TX=SET OBSTYPE DFLAT
11/8/2022 1:57 AM ResponseAcquisChC  RX=DONE
11/8/2022 1:57 AM ResponseAcquisChC  RX=DONE
11/8/2022 1:57 AM CommandAcquisChD  TX=SET EXPTIME 30.000000
11/8/2022 1:57 AM ResponseAcquisChD  RX=DONE
11/8/2022 1:57 AM CommandAcquisChD  TX=SET #FRAMES 50.000000
11/8/2022 1:57 AM ResponseAcquisChD  RX=DONE
11/8/2022 1:57 AM CommandAcquisChD  TX=SET #CUBES 1.0000 
11/8/2022 1:57 AM ResponseAcquisChD  RX=DONE
11/8/2022 1:57 AM CommandAcquisChD  TX=SET SUFFIX dflat
11/8/2022 1:57 AM ResponseAcquisChD  RX=DONE
11/8/2022 1:57 AM CommandAcquisChD  TX=SET OBSTYPE DFLAT
11/8/2022 1:57 AM ResponseAcquisChD  RX=DONE
11/8/2022 1:57 AM CommandAcquisChA  TX=EXPOSE
11/8/2022 1:57 AM CommandAcquisChB  TX=EXPOSE
11/8/2022 1:57 AM CommandAcquisChC  TX=EXPOSE
11/8/2022 1:57 AM CommandAcquisChD  TX=EXPOSE
11/8/2022 3:07 AM CommandAcquisChA  TX=WRITE_SETUP {"ACQUISITION_MODE":3,"TRIGGER_MODE":0,"READ_MODE":4,"PREAMP":0,"READOUT_RATE":0,"VERTICAL_SHIFT_SPEED":3,"EM_MODE":1,"EM_GAIN":2,"SHUTTER_MODE":1,"SHUTTER_TTL":0,"SHUTTER_OPENING_TIME":1,"SHUTTER_CLOSING_TIME":1,"VBIN":1,"HBIN":1,"INITIAL_LINE":1,"INITIAL_COLUMN":1,"FINAL_LINE":1024,"FINAL_COLUMN":1024,"FRAME_TRANSFER":true,"VERTICAL_CLOCK_VOLTAGE":0,"AD_CHANNEL":0}
11/8/2022 3:07 AM CommandAcquisChB  TX=WRITE_SETUP {"ACQUISITION_MODE":3,"TRIGGER_MODE":0,"READ_MODE":4,"PREAMP":0,"READOUT_RATE":0,"VERTICAL_SHIFT_SPEED":3,"EM_MODE":1,"EM_GAIN":2,"SHUTTER_MODE":1,"SHUTTER_TTL":0,"SHUTTER_OPENING_TIME":1,"SHUTTER_CLOSING_TIME":1,"VBIN":1,"HBIN":1,"INITIAL_LINE":1,"INITIAL_COLUMN":1,"FINAL_LINE":1024,"FINAL_COLUMN":1024,"FRAME_TRANSFER":true,"VERTICAL_CLOCK_VOLTAGE":0,"AD_CHANNEL":0}
11/8/2022 3:07 AM CommandAcquisChC  TX=WRITE_SETUP {"ACQUISITION_MODE":3,"TRIGGER_MODE":0,"READ_MODE":4,"PREAMP":0,"READOUT_RATE":0,"VERTICAL_SHIFT_SPEED":3,"EM_MODE":1,"EM_GAIN":2,"SHUTTER_MODE":1,"SHUTTER_TTL":0,"SHUTTER_OPENING_TIME":1,"SHUTTER_CLOSING_TIME":1,"VBIN":1,"HBIN":1,"INITIAL_LINE":1,"INITIAL_COLUMN":1,"FINAL_LINE":1024,"FINAL_COLUMN":1024,"FRAME_TRANSFER":true,"VERTICAL_CLOCK_VOLTAGE":0,"AD_CHANNEL":0}
11/8/2022 3:07 AM CommandAcquisChD  TX=WRITE_SETUP {"ACQUISITION_MODE":3,"TRIGGER_MODE":0,"READ_MODE":4,"PREAMP":0,"READOUT_RATE":0,"VERTICAL_SHIFT_SPEED":3,"EM_MODE":1,"EM_GAIN":2,"SHUTTER_MODE":1,"SHUTTER_TTL":0,"SHUTTER_OPENING_TIME":1,"SHUTTER_CLOSING_TIME":1,"VBIN":1,"HBIN":1,"INITIAL_LINE":1,"INITIAL_COLUMN":1,"FINAL_LINE":1024,"FINAL_COLUMN":1024,"FRAME_TRANSFER":true,"VERTICAL_CLOCK_VOLTAGE":0,"AD_CHANNEL":0}
11/8/2022 3:07 AM CommandAcquisChA  TX=READ_SETUP 
11/8/2022 3:07 AM CommandAcquisChB  TX=READ_SETUP 
11/8/2022 3:07 AM CommandAcquisChC  TX=READ_SETUP 
11/8/2022 3:07 AM CommandAcquisChD  TX=READ_SETUP 
11/8/2022 3:07 AM ResponseAcquisChA  RX={"PREAMP":0,"READOUT_RATE":0,"EM_GAIN":2,"VERTICAL_SHIFT_SPEED":3,"READ_MODE":4,"FRAME_TRANSFER":true,"VERTICAL_CLOCK_VOLTAGE":0,"ACQUISITION_MODE":3,"AD_CHANNEL":0,"EM_MODE":1,"SHUTTER_TTL":0,"SHUTTER_OPENING_TIME":1,"SHUTTER_CLOSING_TIME":1,"SHUTTER_MODE":1,"TRIGGER_MODE":0,"VBIN":1,"INITIAL_LINE":1,"INITIAL_COLUMN":1,"FINAL_LINE":1024,"FINAL_COLUMN":1024,"HBIN":1}
11/8/2022 3:07 AM ResponseAcquisChB  RX={"PREAMP":0,"READOUT_RATE":0,"EM_GAIN":2,"VERTICAL_SHIFT_SPEED":3,"READ_MODE":4,"FRAME_TRANSFER":true,"VERTICAL_CLOCK_VOLTAGE":0,"ACQUISITION_MODE":3,"AD_CHANNEL":0,"EM_MODE":1,"SHUTTER_TTL":0,"SHUTTER_OPENING_TIME":1,"SHUTTER_CLOSING_TIME":1,"SHUTTER_MODE":1,"TRIGGER_MODE":0,"VBIN":1,"INITIAL_LINE":1,"INITIAL_COLUMN":1,"FINAL_LINE":1024,"FINAL_COLUMN":1024,"HBIN":1}
11/8/2022 3:07 AM ResponseAcquisChC  RX={"PREAMP":0,"READOUT_RATE":0,"EM_GAIN":2,"VERTICAL_SHIFT_SPEED":3,"READ_MODE":4,"FRAME_TRANSFER":true,"VERTICAL_CLOCK_VOLTAGE":0,"ACQUISITION_MODE":3,"AD_CHANNEL":0,"EM_MODE":1,"SHUTTER_TTL":0,"SHUTTER_OPENING_TIME":1,"SHUTTER_CLOSING_TIME":1,"SHUTTER_MODE":1,"TRIGGER_MODE":0,"VBIN":1,"INITIAL_LINE":1,"INITIAL_COLUMN":1,"FINAL_LINE":1024,"FINAL_COLUMN":1024,"HBIN":1}
11/8/2022 3:07 AM ResponseAcquisChD  RX={"PREAMP":0,"READOUT_RATE":0,"EM_GAIN":2,"VERTICAL_SHIFT_SPEED":3,"READ_MODE":4,"FRAME_TRANSFER":true,"VERTICAL_CLOCK_VOLTAGE":0,"ACQUISITION_MODE":3,"AD_CHANNEL":0,"EM_MODE":1,"SHUTTER_TTL":0,"SHUTTER_OPENING_TIME":1,"SHUTTER_CLOSING_TIME":1,"SHUTTER_MODE":1,"TRIGGER_MODE":0,"VBIN":1,"INITIAL_LINE":1,"INITIAL_COLUMN":1,"FINAL_LINE":1024,"FINAL_COLUMN":1024,"HBIN":1}
11/8/2022 3:07 AM CommandAcquisChA  TX=SET TEMP -70
11/8/2022 3:07 AM CommandAcquisChB  TX=SET TEMP -70
11/8/2022 3:07 AM CommandAcquisChC  TX=SET TEMP -70
11/8/2022 3:07 AM CommandAcquisChD  TX=SET TEMP -70
11/8/2022 3:07 AM CommandAcquisChA  TX=SET COOLER_POWER_STATUS 1
11/8/2022 3:07 AM CommandAcquisChB  TX=SET COOLER_POWER_STATUS 1
11/8/2022 3:07 AM CommandAcquisChC  TX=SET COOLER_POWER_STATUS 1
11/8/2022 3:07 AM CommandAcquisChD  TX=SET COOLER_POWER_STATUS 1
11/8/2022 3:07 AM ResponseAcquisChA  RX=DONE
11/8/2022 3:07 AM ResponseAcquisChB  RX=DONE
11/8/2022 3:07 AM ResponseAcquisChC  RX=DONE
11/8/2022 3:07 AM ResponseAcquisChD  RX=DONE
11/8/2022 3:07 AM ResponseAcquisChB  RX=DONE
11/8/2022 3:07 AM ResponseAcquisChC  RX=DONE
11/8/2022 3:07 AM ResponseAcquisChD  RX=DONE
11/8/2022 3:07 AM CommandAcquisChA  TX=WRITE_SETUP {"ACQUISITION_MODE":3,"TRIGGER_MODE":0,"READ_MODE":4,"PREAMP":0,"READOUT_RATE":0,"VERTICAL_SHIFT_SPEED":3,"EM_MODE":1,"EM_GAIN":2,"SHUTTER_MODE":2,"SHUTTER_TTL":0,"SHUTTER_OPENING_TIME":1,"SHUTTER_CLOSING_TIME":1,"VBIN":1,"HBIN":1,"INITIAL_LINE":1,"INITIAL_COLUMN":1,"FINAL_LINE":1024,"FINAL_COLUMN":1024,"FRAME_TRANSFER":true,"VERTICAL_CLOCK_VOLTAGE":0,"AD_CHANNEL":0}
11/8/2022 3:07 AM CommandAcquisChB  TX=WRITE_SETUP {"ACQUISITION_MODE":3,"TRIGGER_MODE":0,"READ_MODE":4,"PREAMP":0,"READOUT_RATE":0,"VERTICAL_SHIFT_SPEED":3,"EM_MODE":1,"EM_GAIN":2,"SHUTTER_MODE":2,"SHUTTER_TTL":0,"SHUTTER_OPENING_TIME":1,"SHUTTER_CLOSING_TIME":1,"VBIN":1,"HBIN":1,"INITIAL_LINE":1,"INITIAL_COLUMN":1,"FINAL_LINE":1024,"FINAL_COLUMN":1024,"FRAME_TRANSFER":true,"VERTICAL_CLOCK_VOLTAGE":0,"AD_CHANNEL":0}
11/8/2022 3:07 AM CommandAcquisChC  TX=WRITE_SETUP {"ACQUISITION_MODE":3,"TRIGGER_MODE":0,"READ_MODE":4,"PREAMP":0,"READOUT_RATE":0,"VERTICAL_SHIFT_SPEED":3,"EM_MODE":1,"EM_GAIN":2,"SHUTTER_MODE":2,"SHUTTER_TTL":0,"SHUTTER_OPENING_TIME":1,"SHUTTER_CLOSING_TIME":1,"VBIN":1,"HBIN":1,"INITIAL_LINE":1,"INITIAL_COLUMN":1,"FINAL_LINE":1024,"FINAL_COLUMN":1024,"FRAME_TRANSFER":true,"VERTICAL_CLOCK_VOLTAGE":0,"AD_CHANNEL":0}
11/8/2022 3:07 AM CommandAcquisChD  TX=WRITE_SETUP {"ACQUISITION_MODE":3,"TRIGGER_MODE":0,"READ_MODE":4,"PREAMP":0,"READOUT_RATE":0,"VERTICAL_SHIFT_SPEED":3,"EM_MODE":1,"EM_GAIN":2,"SHUTTER_MODE":2,"SHUTTER_TTL":0,"SHUTTER_OPENING_TIME":1,"SHUTTER_CLOSING_TIME":1,"VBIN":1,"HBIN":1,"INITIAL_LINE":1,"INITIAL_COLUMN":1,"FINAL_LINE":1024,"FINAL_COLUMN":1024,"FRAME_TRANSFER":true,"VERTICAL_CLOCK_VOLTAGE":0,"AD_CHANNEL":0}
11/8/2022 3:07 AM CommandAcquisChA  TX=READ_SETUP 
11/8/2022 3:07 AM CommandAcquisChB  TX=READ_SETUP 
11/8/2022 3:07 AM CommandAcquisChC  TX=READ_SETUP 
11/8/2022 3:07 AM CommandAcquisChD  TX=READ_SETUP 
11/8/2022 3:07 AM ResponseAcquisChA  RX={"PREAMP":0,"READOUT_RATE":0,"EM_GAIN":2,"VERTICAL_SHIFT_SPEED":3,"READ_MODE":4,"FRAME_TRANSFER":true,"VERTICAL_CLOCK_VOLTAGE":0,"ACQUISITION_MODE":3,"AD_CHANNEL":0,"EM_MODE":1,"SHUTTER_TTL":0,"SHUTTER_OPENING_TIME":1,"SHUTTER_CLOSING_TIME":1,"SHUTTER_MODE":2,"TRIGGER_MODE":0,"VBIN":1,"INITIAL_LINE":1,"INITIAL_COLUMN":1,"FINAL_LINE":1024,"FINAL_COLUMN":1024,"HBIN":1}
11/8/2022 3:07 AM ResponseAcquisChB  RX={"PREAMP":0,"READOUT_RATE":0,"EM_GAIN":2,"VERTICAL_SHIFT_SPEED":3,"READ_MODE":4,"FRAME_TRANSFER":true,"VERTICAL_CLOCK_VOLTAGE":0,"ACQUISITION_MODE":3,"AD_CHANNEL":0,"EM_MODE":1,"SHUTTER_TTL":0,"SHUTTER_OPENING_TIME":1,"SHUTTER_CLOSING_TIME":1,"SHUTTER_MODE":2,"TRIGGER_MODE":0,"VBIN":1,"INITIAL_LINE":1,"INITIAL_COLUMN":1,"FINAL_LINE":1024,"FINAL_COLUMN":1024,"HBIN":1}
11/8/2022 3:07 AM ResponseAcquisChC  RX={"PREAMP":0,"READOUT_RATE":0,"EM_GAIN":2,"VERTICAL_SHIFT_SPEED":3,"READ_MODE":4,"FRAME_TRANSFER":true,"VERTICAL_CLOCK_VOLTAGE":0,"ACQUISITION_MODE":3,"AD_CHANNEL":0,"EM_MODE":1,"SHUTTER_TTL":0,"SHUTTER_OPENING_TIME":1,"SHUTTER_CLOSING_TIME":1,"SHUTTER_MODE":2,"TRIGGER_MODE":0,"VBIN":1,"INITIAL_LINE":1,"INITIAL_COLUMN":1,"FINAL_LINE":1024,"FINAL_COLUMN":1024,"HBIN":1}
11/8/2022 3:07 AM ResponseAcquisChD  RX={"PREAMP":0,"READOUT_RATE":0,"EM_GAIN":2,"VERTICAL_SHIFT_SPEED":3,"READ_MODE":4,"FRAME_TRANSFER":true,"VERTICAL_CLOCK_VOLTAGE":0,"ACQUISITION_MODE":3,"AD_CHANNEL":0,"EM_MODE":1,"SHUTTER_TTL":0,"SHUTTER_OPENING_TIME":1,"SHUTTER_CLOSING_TIME":1,"SHUTTER_MODE":2,"TRIGGER_MODE":0,"VBIN":1,"INITIAL_LINE":1,"INITIAL_COLUMN":1,"FINAL_LINE":1024,"FINAL_COLUMN":1024,"HBIN":1}
11/8/2022 3:07 AM CommandAcquisChA  TX=SET TEMP -70
11/8/2022 3:07 AM CommandAcquisChB  TX=SET TEMP -70
11/8/2022 3:07 AM CommandAcquisChC  TX=SET TEMP -70
11/8/2022 3:07 AM CommandAcquisChD  TX=SET TEMP -70
11/8/2022 3:07 AM ResponseAcquisChA  RX=DONE
11/8/2022 3:07 AM CommandAcquisChA  TX=SET COOLER_POWER_STATUS 1
11/8/2022 3:07 AM ResponseAcquisChB  RX=DONE
11/8/2022 3:07 AM CommandAcquisChB  TX=SET COOLER_POWER_STATUS 1
11/8/2022 3:07 AM CommandAcquisChC  TX=SET COOLER_POWER_STATUS 1
11/8/2022 3:07 AM ResponseAcquisChD  RX=DONE
11/8/2022 3:07 AM CommandAcquisChD  TX=SET COOLER_POWER_STATUS 1
11/8/2022 3:07 AM ResponseAcquisChA  RX=DONE
11/8/2022 3:07 AM ResponseAcquisChB  RX=DONE
11/8/2022 3:07 AM ResponseAcquisChC  RX=DONE
11/8/2022 3:07 AM ResponseAcquisChC  RX=DONE
11/8/2022 3:07 AM CommandAcquisChA  TX=SET EXPTIME 0.000010
11/8/2022 3:07 AM ResponseAcquisChA  RX=DONE
11/8/2022 3:07 AM CommandAcquisChA  TX=SET #FRAMES 15.000000
11/8/2022 3:07 AM ResponseAcquisChA  RX=DONE
11/8/2022 3:07 AM CommandAcquisChA  TX=SET #CUBES 1.0000 
11/8/2022 3:07 AM CommandAcquisChA  TX=SET SUFFIX teste
11/8/2022 3:07 AM ResponseAcquisChA  RX=DONE
11/8/2022 3:07 AM ResponseAcquisChA  RX=DONE
11/8/2022 3:07 AM CommandAcquisChA  TX=SET OBSTYPE ZERO
11/8/2022 3:07 AM ResponseAcquisChA  RX=DONE
11/8/2022 3:07 AM CommandAcquisChB  TX=SET EXPTIME 0.000010
11/8/2022 3:07 AM ResponseAcquisChB  RX=DONE
11/8/2022 3:07 AM CommandAcquisChB  TX=SET #FRAMES 75.000000
11/8/2022 3:07 AM ResponseAcquisChB  RX=DONE
11/8/2022 3:07 AM CommandAcquisChB  TX=SET #CUBES 1.0000 
11/8/2022 3:07 AM ResponseAcquisChB  RX=DONE
11/8/2022 3:07 AM CommandAcquisChB  TX=SET SUFFIX teste
11/8/2022 3:07 AM CommandAcquisChB  TX=SET OBSTYPE ZERO
11/8/2022 3:07 AM ResponseAcquisChB  RX=DONE
11/8/2022 3:07 AM ResponseAcquisChB  RX=DONE
11/8/2022 3:07 AM CommandAcquisChC  TX=SET EXPTIME 0.000010
11/8/2022 3:07 AM ResponseAcquisChC  RX=DONE
11/8/2022 3:07 AM CommandAcquisChC  TX=SET #FRAMES 60.000000
11/8/2022 3:07 AM ResponseAcquisChC  RX=DONE
11/8/2022 3:07 AM CommandAcquisChC  TX=SET #CUBES 1.0000 
11/8/2022 3:07 AM ResponseAcquisChC  RX=DONE
11/8/2022 3:07 AM CommandAcquisChC  TX=SET SUFFIX teste
11/8/2022 3:07 AM CommandAcquisChC  TX=SET OBSTYPE ZERO
11/8/2022 3:07 AM ResponseAcquisChC  RX=DONE
11/8/2022 3:07 AM ResponseAcquisChC  RX=DONE
11/8/2022 3:07 AM CommandAcquisChD  TX=SET EXPTIME 0.000010
11/8/2022 3:07 AM ResponseAcquisChD  RX=DONE
11/8/2022 3:07 AM CommandAcquisChD  TX=SET #FRAMES 50.000000
11/8/2022 3:07 AM CommandAcquisChD  TX=SET #CUBES 1.0000 
11/8/2022 3:07 AM ResponseAcquisChD  RX=DONE
11/8/2022 3:07 AM CommandAcquisChD  TX=SET SUFFIX teste
11/8/2022 3:07 AM ResponseAcquisChD  RX=DONE
11/8/2022 3:07 AM CommandAcquisChD  TX=SET OBSTYPE ZERO
11/8/2022 3:07 AM ResponseAcquisChD  RX=DONE
11/8/2022 3:07 AM ResponseAcquisChD  RX=DONE
11/8/2022 3:07 AM CommandAcquisChA  TX=EXPOSE
11/8/2022 3:07 AM CommandAcquisChB  TX=EXPOSE
11/8/2022 3:07 AM CommandAcquisChC  TX=EXPOSE
11/8/2022 3:07 AM CommandAcquisChD  TX=EXPOSE
11/8/2022 3:07 AM CommandAcquisChA  TX=ABORT_ACQUISITION
11/8/2022 3:07 AM CommandAcquisChB  TX=ABORT_ACQUISITION
11/8/2022 3:07 AM CommandAcquisChC  TX=ABORT_ACQUISITION
11/8/2022 3:07 AM CommandAcquisChD  TX=ABORT_ACQUISITION
11/8/2022 3:08 AM CommandAcquisChA  TX=SET EXPTIME 0.000010
11/8/2022 3:08 AM ResponseAcquisChA  RX=DONE
11/8/2022 3:08 AM CommandAcquisChA  TX=SET #FRAMES 1.000000
11/8/2022 3:08 AM ResponseAcquisChA  RX=DONE
11/8/2022 3:08 AM CommandAcquisChA  TX=SET #CUBES 1.0000 
11/8/2022 3:08 AM CommandAcquisChA  TX=SET SUFFIX teste
11/8/2022 3:08 AM ResponseAcquisChA  RX=DONE
11/8/2022 3:08 AM CommandAcquisChA  TX=SET OBSTYPE ZERO
11/8/2022 3:08 AM ResponseAcquisChA  RX=DONE
11/8/2022 3:08 AM ResponseAcquisChA  RX=DONE
11/8/2022 3:08 AM CommandAcquisChB  TX=SET EXPTIME 0.000010
11/8/2022 3:08 AM ResponseAcquisChB  RX=DONE
11/8/2022 3:08 AM CommandAcquisChB  TX=SET #FRAMES 1.000000
11/8/2022 3:08 AM CommandAcquisChB  TX=SET #CUBES 1.0000 
11/8/2022 3:08 AM ResponseAcquisChB  RX=DONE
11/8/2022 3:08 AM CommandAcquisChB  TX=SET SUFFIX teste
11/8/2022 3:08 AM ResponseAcquisChB  RX=DONE
11/8/2022 3:08 AM ResponseAcquisChB  RX=DONE
11/8/2022 3:08 AM CommandAcquisChB  TX=SET OBSTYPE ZERO
11/8/2022 3:08 AM ResponseAcquisChB  RX=DONE
11/8/2022 3:08 AM CommandAcquisChC  TX=SET EXPTIME 0.000010
11/8/2022 3:08 AM ResponseAcquisChC  RX=DONE
11/8/2022 3:08 AM CommandAcquisChC  TX=SET #FRAMES 1.000000
11/8/2022 3:08 AM ResponseAcquisChC  RX=DONE
11/8/2022 3:08 AM CommandAcquisChC  TX=SET #CUBES 1.0000 
11/8/2022 3:08 AM CommandAcquisChC  TX=SET SUFFIX teste
11/8/2022 3:08 AM ResponseAcquisChC  RX=DONE
11/8/2022 3:08 AM CommandAcquisChC  TX=SET OBSTYPE ZERO
11/8/2022 3:08 AM ResponseAcquisChC  RX=DONE
11/8/2022 3:08 AM ResponseAcquisChC  RX=DONE
11/8/2022 3:08 AM CommandAcquisChD  TX=SET EXPTIME 0.000010
11/8/2022 3:08 AM ResponseAcquisChD  RX=DONE
11/8/2022 3:08 AM CommandAcquisChD  TX=SET #FRAMES 1.000000
11/8/2022 3:08 AM ResponseAcquisChD  RX=DONE
11/8/2022 3:08 AM CommandAcquisChD  TX=SET #CUBES 1.0000 
11/8/2022 3:08 AM ResponseAcquisChD  RX=DONE
11/8/2022 3:08 AM CommandAcquisChD  TX=SET SUFFIX teste
11/8/2022 3:08 AM ResponseAcquisChD  RX=DONE
11/8/2022 3:08 AM CommandAcquisChD  TX=SET OBSTYPE ZERO
11/8/2022 3:08 AM ResponseAcquisChD  RX=DONE
11/8/2022 3:08 AM CommandAcquisChA  TX=EXPOSE
11/8/2022 3:08 AM CommandAcquisChB  TX=EXPOSE
11/8/2022 3:08 AM CommandAcquisChC  TX=EXPOSE
11/8/2022 3:08 AM CommandAcquisChD  TX=EXPOSE
