9/19/2022 3:09 PM CommandAcquisChA  TX=WRITE_SETUP {"ACQUISITION_MODE":3,"TRIGGER_MODE":6,"READ_MODE":4,"PREAMP":0,"READOUT_RATE":0,"VERTICAL_SHIFT_SPEED":3,"EM_MODE":1,"EM_GAIN":2,"SHUTTER_MODE":2,"SHUTTER_TTL":0,"SHUTTER_OPENING_TIME":1,"SHUTTER_CLOSING_TIME":1,"VBIN":1,"HBIN":1,"INITIAL_LINE":1,"INITIAL_COLUMN":1,"FINAL_LINE":1024,"FINAL_COLUMN":1024,"FRAME_TRANSFER":true,"VERTICAL_CLOCK_VOLTAGE":0,"AD_CHANNEL":0}
9/19/2022 3:09 PM CommandAcquisChB  TX=WRITE_SETUP {"ACQUISITION_MODE":3,"TRIGGER_MODE":6,"READ_MODE":4,"PREAMP":0,"READOUT_RATE":0,"VERTICAL_SHIFT_SPEED":0,"EM_MODE":1,"EM_GAIN":2,"SHUTTER_MODE":2,"SHUTTER_TTL":0,"SHUTTER_OPENING_TIME":1,"SHUTTER_CLOSING_TIME":1,"VBIN":1,"HBIN":1,"INITIAL_LINE":1,"INITIAL_COLUMN":1,"FINAL_LINE":1024,"FINAL_COLUMN":1024,"FRAME_TRANSFER":true,"VERTICAL_CLOCK_VOLTAGE":0,"AD_CHANNEL":0}
9/19/2022 3:09 PM CommandAcquisChC  TX=WRITE_SETUP {"ACQUISITION_MODE":3,"TRIGGER_MODE":1,"READ_MODE":0,"PREAMP":0,"READOUT_RATE":0,"VERTICAL_SHIFT_SPEED":0,"EM_MODE":1,"EM_GAIN":2,"SHUTTER_MODE":2,"SHUTTER_TTL":0,"SHUTTER_OPENING_TIME":1,"SHUTTER_CLOSING_TIME":1,"VBIN":1,"HBIN":1,"INITIAL_LINE":1,"INITIAL_COLUMN":1,"FINAL_LINE":1024,"FINAL_COLUMN":1024,"FRAME_TRANSFER":true,"VERTICAL_CLOCK_VOLTAGE":0,"AD_CHANNEL":0}
9/19/2022 3:09 PM CommandAcquisChD  TX=WRITE_SETUP {"ACQUISITION_MODE":3,"TRIGGER_MODE":0,"READ_MODE":4,"PREAMP":0,"READOUT_RATE":0,"VERTICAL_SHIFT_SPEED":3,"EM_MODE":1,"EM_GAIN":2,"SHUTTER_MODE":2,"SHUTTER_TTL":0,"SHUTTER_OPENING_TIME":1,"SHUTTER_CLOSING_TIME":1,"VBIN":1,"HBIN":1,"INITIAL_LINE":1,"INITIAL_COLUMN":1,"FINAL_LINE":1024,"FINAL_COLUMN":1024,"FRAME_TRANSFER":true,"VERTICAL_CLOCK_VOLTAGE":0,"AD_CHANNEL":0}
9/19/2022 3:09 PM CommandSyncBox  TX=ADELAY 0m

9/19/2022 3:09 PM ResponseSyncBox  RX=OK

9/19/2022 3:09 PM CommandSyncBox  TX=BDELAY 0m

9/19/2022 3:09 PM ResponseSyncBox  RX=OK

9/19/2022 3:09 PM CommandSyncBox  TX=CDELAY 0m

9/19/2022 3:09 PM ResponseSyncBox  RX=OK

9/19/2022 3:09 PM CommandSyncBox  TX=DDELAY 0m

9/19/2022 3:09 PM ResponseSyncBox  RX=OK

9/19/2022 3:09 PM CommandSyncBox  TX=AWIDTH 200m

9/19/2022 3:09 PM ResponseSyncBox  RX=OK

9/19/2022 3:09 PM CommandSyncBox  TX=BWIDTH 200m

9/19/2022 3:09 PM ResponseSyncBox  RX=OK

9/19/2022 3:09 PM CommandSyncBox  TX=CWIDTH 200m

9/19/2022 3:09 PM ResponseSyncBox  RX=OK

9/19/2022 3:09 PM CommandSyncBox  TX=DWIDTH 200m

9/19/2022 3:09 PM ResponseSyncBox  RX=OK

9/19/2022 3:09 PM CommandSyncBox  TX=aset on

9/19/2022 3:09 PM ResponseSyncBox  RX=OK

9/19/2022 3:09 PM CommandSyncBox  TX=bset on

9/19/2022 3:09 PM ResponseSyncBox  RX=OK

9/19/2022 3:09 PM CommandSyncBox  TX=cset on

9/19/2022 3:09 PM ResponseSyncBox  RX=OK

9/19/2022 3:09 PM CommandSyncBox  TX=dset on

9/19/2022 3:09 PM ResponseSyncBox  RX=OK

9/19/2022 3:09 PM CommandSyncBox  TX=IN

9/19/2022 3:09 PM ResponseSyncBox  RX=OK

9/19/2022 3:09 PM CommandAcquisChA  TX=READ_SETUP 
9/19/2022 3:09 PM CommandAcquisChB  TX=READ_SETUP 
9/19/2022 3:09 PM CommandAcquisChC  TX=READ_SETUP 
9/19/2022 3:09 PM CommandAcquisChD  TX=READ_SETUP 
9/19/2022 3:09 PM ResponseAcquisChB  RX=CCD_SETUP {"PREAMP":0,"READOUT_RATE":0,"EM_GAIN":2,"VBIN":1,"INITIAL_LINE":1,"INITIAL_COLUMN":1,"FINAL_LINE":1024,"FINAL_COLUMN":1024,"TRIGGER_MODE":6,"HBIN":1,"SHUTTER_TTL":0,"SHUTTER_MODE":2,"SHUTTER_OPENING_TIME":1,"SHUTTER_CLOSING_TIME":1,"VERTICAL_SHIFT_SPEED":0,"READ_MODE":4,"FRAME_TRANSFER":true,"VERTICAL_CLOCK_VOLTAGE":0,"ACQUISITION_MODE":3,"AD_CHANNEL":0,"EM_MODE":1}
9/19/2022 3:09 PM CommandAcquisChB  TX=SET COOLER_POWER_STATUS 0
9/19/2022 3:09 PM ResponseAcquisChB  RX=DONE
9/19/2022 3:09 PM CommandAcquisChA  TX=SET COOLER_POWER_STATUS 0
9/19/2022 3:09 PM CommandAcquisChC  TX=SET COOLER_POWER_STATUS 0
9/19/2022 3:09 PM CommandAcquisChD  TX=SET COOLER_POWER_STATUS 0
9/19/2022 3:09 PM CommandInstrument  TX=S4ICS WPROT NONE NONE,WPSEL GOTO L/2,GMIR NONE NONE,GFOC NONE NONE,CALW GOTO POLARIZER,ASEL GOTO ANALYZER

9/19/2022 3:09 PM ResponseInstrument  RX=WPROT SIMULATED READY 23 NONE -1, WPSEL SIMULATED BUSY 50 CLEAR 1, ASEL SIMULATED BUSY 0 CLEAR 1, CALW SIMULATED BUSY 0 CLEAR 1, GFOC SIMULATED READY 0 HOME 0, GMIR SIMULATED READY 0 HOME 0

9/19/2022 3:10 PM CommandAcquisChB  TX=WRITE_SETUP {"ACQUISITION_MODE":3,"TRIGGER_MODE":0,"READ_MODE":4,"PREAMP":0,"READOUT_RATE":0,"VERTICAL_SHIFT_SPEED":0,"EM_MODE":1,"EM_GAIN":2,"SHUTTER_MODE":2,"SHUTTER_TTL":0,"SHUTTER_OPENING_TIME":1,"SHUTTER_CLOSING_TIME":1,"VBIN":1,"HBIN":1,"INITIAL_LINE":1,"INITIAL_COLUMN":1,"FINAL_LINE":1024,"FINAL_COLUMN":1024,"FRAME_TRANSFER":true,"VERTICAL_CLOCK_VOLTAGE":0,"AD_CHANNEL":0}
9/19/2022 3:10 PM CommandAcquisChB  TX=READ_SETUP 
9/19/2022 3:10 PM ResponseAcquisChB  RX=CCD_SETUP {"PREAMP":0,"READOUT_RATE":0,"EM_GAIN":2,"VBIN":1,"INITIAL_LINE":1,"INITIAL_COLUMN":1,"FINAL_LINE":1024,"FINAL_COLUMN":1024,"TRIGGER_MODE":0,"HBIN":1,"SHUTTER_TTL":0,"SHUTTER_MODE":2,"SHUTTER_OPENING_TIME":1,"SHUTTER_CLOSING_TIME":1,"VERTICAL_SHIFT_SPEED":0,"READ_MODE":4,"FRAME_TRANSFER":true,"VERTICAL_CLOCK_VOLTAGE":0,"ACQUISITION_MODE":3,"AD_CHANNEL":0,"EM_MODE":1}
9/19/2022 3:10 PM CommandAcquisChB  TX=SET COOLER_POWER_STATUS 0
9/19/2022 3:10 PM ResponseAcquisChB  RX=DONE
9/19/2022 3:10 PM CommandAcquisChB  TX=SET EXPTIME 3.000000
9/19/2022 3:10 PM ResponseAcquisChB  RX=DONE
9/19/2022 3:10 PM CommandAcquisChB  TX=SET #FRAMES 2.000000
9/19/2022 3:10 PM ResponseAcquisChB  RX=DONE
9/19/2022 3:10 PM CommandAcquisChB  TX=SET #CUBES 1.0000 
9/19/2022 3:10 PM ResponseAcquisChB  RX=DONE
9/19/2022 3:10 PM CommandAcquisChB  TX=SET SUFFIX 
9/19/2022 3:10 PM ResponseAcquisChB  RX=DONE
9/19/2022 3:10 PM CommandAcquisChB  TX=SET OBSTYPE OBJECT
9/19/2022 3:10 PM ResponseAcquisChB  RX=DONE
9/19/2022 3:10 PM CommandInstrument  TX=S4ICS WPROT GOTO WP3,WPSEL NONE NONE,GMIR NONE NONE,GFOC NONE NONE,CALW NONE NONE,ASEL NONE NONE

9/19/2022 3:10 PM ResponseInstrument  RX=WPROT SIMULATED BUSY 23 NONE -1, WPSEL SIMULATED READY 0 L/2 2, ASEL SIMULATED READY 100 ANALYZER 2, CALW SIMULATED READY 72 POLARIZER 2, GFOC SIMULATED READY 0 HOME 0, GMIR SIMULATED READY 0 HOME 0

9/19/2022 3:11 PM CommandAcquisChB  TX=EXPOSE
9/19/2022 3:11 PM CommandInstrument  TX=S4ICS WPROT GOTO WP11,WPSEL NONE NONE,GMIR NONE NONE,GFOC NONE NONE,CALW NONE NONE,ASEL NONE NONE

9/19/2022 3:11 PM ResponseInstrument  RX=WPROT SIMULATED BUSY 45 WP3 3, WPSEL SIMULATED READY 0 L/2 2, ASEL SIMULATED READY 100 ANALYZER 2, CALW SIMULATED READY 72 POLARIZER 2, GFOC SIMULATED READY 0 HOME 0, GMIR SIMULATED READY 0 HOME 0

9/19/2022 3:11 PM CommandAcquisChB  TX=EXPOSE
9/19/2022 3:12 PM CommandInstrument  TX=S4ICS WPROT GOTO WP1,WPSEL NONE NONE,GMIR NONE NONE,GFOC NONE NONE,CALW NONE NONE,ASEL NONE NONE

9/19/2022 3:12 PM ResponseInstrument  RX=WPROT SIMULATED BUSY 225 WP11 11, WPSEL SIMULATED READY 0 L/2 2, ASEL SIMULATED READY 100 ANALYZER 2, CALW SIMULATED READY 72 POLARIZER 2, GFOC SIMULATED READY 0 HOME 0, GMIR SIMULATED READY 0 HOME 0

9/19/2022 3:12 PM CommandAcquisChB  TX=SET EXPTIME 3.000000
9/19/2022 3:12 PM ResponseAcquisChB  RX=DONE
9/19/2022 3:12 PM CommandAcquisChB  TX=SET #FRAMES 2.000000
9/19/2022 3:12 PM CommandAcquisChB  TX=SET #CUBES 1.0000 
9/19/2022 3:12 PM ResponseAcquisChB  RX=DONE
9/19/2022 3:12 PM ResponseAcquisChB  RX=DONE
9/19/2022 3:12 PM CommandAcquisChB  TX=SET SUFFIX 
9/19/2022 3:12 PM ResponseAcquisChB  RX=DONE
9/19/2022 3:12 PM CommandAcquisChB  TX=SET OBSTYPE OBJECT
9/19/2022 3:12 PM ResponseAcquisChB  RX=DONE
9/19/2022 3:12 PM CommandAcquisChB  TX=EXPOSE
9/19/2022 3:12 PM CommandInstrument  TX=S4ICS WPROT GOTO WP11,WPSEL NONE NONE,GMIR NONE NONE,GFOC NONE NONE,CALW NONE NONE,ASEL NONE NONE

9/19/2022 3:12 PM ResponseInstrument  RX=WPROT SIMULATED BUSY 0 WP1 1, WPSEL SIMULATED READY 0 L/2 2, ASEL SIMULATED READY 100 ANALYZER 2, CALW SIMULATED READY 72 POLARIZER 2, GFOC SIMULATED READY 0 HOME 0, GMIR SIMULATED READY 0 HOME 0

9/19/2022 3:13 PM CommandAcquisChB  TX=EXPOSE
9/19/2022 3:15 PM CommandInstrument  TX=S4ICS WPROT GOTO WP11,WPSEL NONE NONE,GMIR NONE NONE,GFOC NONE NONE,CALW NONE NONE,ASEL NONE NONE

9/19/2022 3:15 PM ResponseInstrument  RX=WPROT SIMULATED BUSY 225 WP11 11, WPSEL SIMULATED READY 0 L/2 2, ASEL SIMULATED READY 100 ANALYZER 2, CALW SIMULATED READY 72 POLARIZER 2, GFOC SIMULATED READY 0 HOME 0, GMIR SIMULATED READY 0 HOME 0

9/19/2022 3:15 PM CommandAcquisChB  TX=SET EXPTIME 3.000000
9/19/2022 3:15 PM ResponseAcquisChB  RX=DONE
9/19/2022 3:15 PM CommandAcquisChB  TX=SET #FRAMES 2.000000
9/19/2022 3:15 PM ResponseAcquisChB  RX=DONE
9/19/2022 3:15 PM CommandAcquisChB  TX=SET #CUBES 1.0000 
9/19/2022 3:15 PM ResponseAcquisChB  RX=DONE
9/19/2022 3:15 PM CommandAcquisChB  TX=SET SUFFIX 
9/19/2022 3:15 PM ResponseAcquisChB  RX=DONE
9/19/2022 3:15 PM CommandAcquisChB  TX=SET OBSTYPE OBJECT
9/19/2022 3:15 PM ResponseAcquisChB  RX=DONE
9/19/2022 3:15 PM CommandAcquisChB  TX=EXPOSE
9/19/2022 3:15 PM CommandInstrument  TX=S4ICS WPROT GOTO WP11,WPSEL NONE NONE,GMIR NONE NONE,GFOC NONE NONE,CALW NONE NONE,ASEL NONE NONE

9/19/2022 3:15 PM ResponseInstrument  RX=WPROT SIMULATED BUSY 225 WP11 11, WPSEL SIMULATED READY 0 L/2 2, ASEL SIMULATED READY 100 ANALYZER 2, CALW SIMULATED READY 72 POLARIZER 2, GFOC SIMULATED READY 0 HOME 0, GMIR SIMULATED READY 0 HOME 0

9/19/2022 3:15 PM CommandAcquisChB  TX=EXPOSE
9/19/2022 3:15 PM CommandInstrument  TX=S4ICS WPROT GOTO WP11,WPSEL NONE NONE,GMIR NONE NONE,GFOC NONE NONE,CALW NONE NONE,ASEL NONE NONE

9/19/2022 3:15 PM ResponseInstrument  RX=WPROT SIMULATED BUSY 225 WP11 11, WPSEL SIMULATED READY 0 L/2 2, ASEL SIMULATED READY 100 ANALYZER 2, CALW SIMULATED READY 72 POLARIZER 2, GFOC SIMULATED READY 0 HOME 0, GMIR SIMULATED READY 0 HOME 0

9/19/2022 3:15 PM CommandAcquisChB  TX=SET EXPTIME 3.000000
9/19/2022 3:15 PM ResponseAcquisChB  RX=DONE
9/19/2022 3:15 PM CommandAcquisChB  TX=SET #FRAMES 2.000000
9/19/2022 3:15 PM ResponseAcquisChB  RX=DONE
9/19/2022 3:15 PM CommandAcquisChB  TX=SET #CUBES 1.0000 
9/19/2022 3:15 PM ResponseAcquisChB  RX=DONE
9/19/2022 3:15 PM CommandAcquisChB  TX=SET SUFFIX 
9/19/2022 3:15 PM CommandAcquisChB  TX=SET OBSTYPE OBJECT
9/19/2022 3:15 PM ResponseAcquisChB  RX=DONE
9/19/2022 3:15 PM ResponseAcquisChB  RX=DONE
9/19/2022 3:15 PM CommandInstrument  TX=S4ICS WPROT GOTO WP3,WPSEL NONE NONE,GMIR NONE NONE,GFOC NONE NONE,CALW NONE NONE,ASEL NONE NONE

9/19/2022 3:15 PM ResponseInstrument  RX=WPROT SIMULATED BUSY 225 WP11 11, WPSEL SIMULATED READY 0 L/2 2, ASEL SIMULATED READY 100 ANALYZER 2, CALW SIMULATED READY 72 POLARIZER 2, GFOC SIMULATED READY 0 HOME 0, GMIR SIMULATED READY 0 HOME 0

9/19/2022 3:16 PM CommandAcquisChB  TX=EXPOSE
9/19/2022 3:16 PM ResponseAcquisChB  RX=RETURNING_STATUS {"CUBE_EXPOSURE_TIME":6,"CUBES_DONE":1,"LAST_IMAGE_NAME":"20220919_s4c2_000011.fits","DISK_SPACE":0,"FRAMES_DONE":2,"CCD_STATUS":"IDLE","CURRENT_TEMPERATURE":20,"TEMPERATURE_STATUS":"TEMPERATURE_OFF","FRAME_EXPOSURE_TIME":3,"CCD_POWER_STATUS":true,"SERIAL_NUMBER":9915,"ACQUIRING":false}
9/19/2022 3:16 PM CommandInstrument  TX=S4ICS WPROT GOTO WP11,WPSEL NONE NONE,GMIR NONE NONE,GFOC NONE NONE,CALW NONE NONE,ASEL NONE NONE

9/19/2022 3:16 PM ResponseInstrument  RX=WPROT SIMULATED BUSY 45 WP3 3, WPSEL SIMULATED READY 0 L/2 2, ASEL SIMULATED READY 100 ANALYZER 2, CALW SIMULATED READY 72 POLARIZER 2, GFOC SIMULATED READY 0 HOME 0, GMIR SIMULATED READY 0 HOME 0

9/19/2022 3:16 PM CommandAcquisChB  TX=EXPOSE
9/19/2022 3:17 PM CommandInstrument  TX=S4ICS WPROT GOTO WP11,WPSEL NONE NONE,GMIR NONE NONE,GFOC NONE NONE,CALW NONE NONE,ASEL NONE NONE

9/19/2022 3:17 PM ResponseInstrument  RX=WPROT SIMULATED BUSY 225 WP11 11, WPSEL SIMULATED READY 0 L/2 2, ASEL SIMULATED READY 100 ANALYZER 2, CALW SIMULATED READY 72 POLARIZER 2, GFOC SIMULATED READY 0 HOME 0, GMIR SIMULATED READY 0 HOME 0

9/19/2022 3:17 PM CommandInstrument  TX=S4ICS WPROT GOTO WP11,WPSEL NONE NONE,GMIR NONE NONE,GFOC NONE NONE,CALW NONE NONE,ASEL NONE NONE

9/19/2022 3:17 PM ResponseInstrument  RX=WPROT SIMULATED BUSY 225 WP11 11, WPSEL SIMULATED READY 0 L/2 2, ASEL SIMULATED READY 100 ANALYZER 2, CALW SIMULATED READY 72 POLARIZER 2, GFOC SIMULATED READY 0 HOME 0, GMIR SIMULATED READY 0 HOME 0

9/19/2022 3:17 PM CommandInstrument  TX=S4ICS WPROT GOTO WP2,WPSEL NONE NONE,GMIR NONE NONE,GFOC NONE NONE,CALW NONE NONE,ASEL NONE NONE

9/19/2022 3:17 PM ResponseInstrument  RX=WPROT SIMULATED BUSY 225 WP11 11, WPSEL SIMULATED READY 0 L/2 2, ASEL SIMULATED READY 100 ANALYZER 2, CALW SIMULATED READY 72 POLARIZER 2, GFOC SIMULATED READY 0 HOME 0, GMIR SIMULATED READY 0 HOME 0

9/19/2022 3:18 PM CommandInstrument  TX=S4ICS WPROT GOTO WP1,WPSEL NONE NONE,GMIR NONE NONE,GFOC NONE NONE,CALW NONE NONE,ASEL NONE NONE

9/19/2022 3:19 PM ResponseInstrument  RX=WPROT SIMULATED BUSY 23 WP2 2, WPSEL SIMULATED READY 0 L/2 2, ASEL SIMULATED READY 100 ANALYZER 2, CALW SIMULATED READY 72 POLARIZER 2, GFOC SIMULATED READY 0 HOME 0, GMIR SIMULATED READY 0 HOME 0

9/19/2022 3:19 PM CommandInstrument  TX=S4ICS WPROT GOTO WP16,WPSEL NONE NONE,GMIR NONE NONE,GFOC NONE NONE,CALW NONE NONE,ASEL NONE NONE

9/19/2022 3:19 PM ResponseInstrument  RX=WPROT SIMULATED BUSY 0 WP1 1, WPSEL SIMULATED READY 0 L/2 2, ASEL SIMULATED READY 100 ANALYZER 2, CALW SIMULATED READY 72 POLARIZER 2, GFOC SIMULATED READY 0 HOME 0, GMIR SIMULATED READY 0 HOME 0

9/19/2022 3:19 PM CommandInstrument  TX=S4ICS WPROT GOTO WP1,WPSEL NONE NONE,GMIR NONE NONE,GFOC NONE NONE,CALW NONE NONE,ASEL NONE NONE

9/19/2022 3:19 PM ResponseInstrument  RX=WPROT SIMULATED BUSY 338 WP16 16, WPSEL SIMULATED READY 0 L/2 2, ASEL SIMULATED READY 100 ANALYZER 2, CALW SIMULATED READY 72 POLARIZER 2, GFOC SIMULATED READY 0 HOME 0, GMIR SIMULATED READY 0 HOME 0

9/19/2022 3:19 PM CommandAcquisChB  TX=SET EXPTIME 3.000000
9/19/2022 3:19 PM ResponseAcquisChB  RX=DONE
9/19/2022 3:19 PM CommandAcquisChB  TX=SET #FRAMES 2.000000
9/19/2022 3:19 PM ResponseAcquisChB  RX=DONE
9/19/2022 3:19 PM CommandAcquisChB  TX=SET #CUBES 1.0000 
9/19/2022 3:19 PM ResponseAcquisChB  RX=DONE
9/19/2022 3:19 PM CommandAcquisChB  TX=SET SUFFIX 
9/19/2022 3:19 PM ResponseAcquisChB  RX=DONE
9/19/2022 3:19 PM CommandAcquisChB  TX=SET OBSTYPE OBJECT
9/19/2022 3:19 PM ResponseAcquisChB  RX=DONE
9/19/2022 3:19 PM CommandAcquisChB  TX=EXPOSE
9/19/2022 3:20 PM CommandAcquisChB  TX=EXPOSE
9/19/2022 3:21 PM CommandAcquisChB  TX=SET EXPTIME 3.000000
9/19/2022 3:21 PM ResponseAcquisChB  RX=DONE
9/19/2022 3:21 PM CommandAcquisChB  TX=SET #FRAMES 2.000000
9/19/2022 3:21 PM ResponseAcquisChB  RX=DONE
9/19/2022 3:21 PM CommandAcquisChB  TX=SET #CUBES 1.0000 
9/19/2022 3:21 PM CommandAcquisChB  TX=SET SUFFIX 
9/19/2022 3:21 PM ResponseAcquisChB  RX=DONE
9/19/2022 3:21 PM ResponseAcquisChB  RX=DONE
9/19/2022 3:21 PM CommandAcquisChB  TX=SET OBSTYPE OBJECT
9/19/2022 3:21 PM ResponseAcquisChB  RX=DONE
9/19/2022 3:21 PM CommandInstrument  TX=S4ICS WPROT GOTO WP3,WPSEL NONE NONE,GMIR NONE NONE,GFOC NONE NONE,CALW NONE NONE,ASEL NONE NONE

9/19/2022 3:21 PM ResponseInstrument  RX=WPROT SIMULATED BUSY 0 WP1 1, WPSEL SIMULATED READY 0 L/2 2, ASEL SIMULATED READY 100 ANALYZER 2, CALW SIMULATED READY 72 POLARIZER 2, GFOC SIMULATED READY 0 HOME 0, GMIR SIMULATED READY 0 HOME 0

9/19/2022 3:21 PM CommandAcquisChB  TX=EXPOSE
9/19/2022 3:21 PM CommandInstrument  TX=S4ICS WPROT GOTO WP11,WPSEL NONE NONE,GMIR NONE NONE,GFOC NONE NONE,CALW NONE NONE,ASEL NONE NONE

9/19/2022 3:21 PM ResponseInstrument  RX=WPROT SIMULATED BUSY 45 WP3 3, WPSEL SIMULATED READY 0 L/2 2, ASEL SIMULATED READY 100 ANALYZER 2, CALW SIMULATED READY 72 POLARIZER 2, GFOC SIMULATED READY 0 HOME 0, GMIR SIMULATED READY 0 HOME 0

9/19/2022 3:21 PM CommandAcquisChB  TX=EXPOSE
