11/1/2022 10:55 AM CommandAcquisChA  TX=WRITE_SETUP {"ACQUISITION_MODE":3,"TRIGGER_MODE":0,"READ_MODE":4,"PREAMP":0,"READOUT_RATE":0,"VERTICAL_SHIFT_SPEED":3,"EM_MODE":1,"EM_GAIN":2,"SHUTTER_MODE":2,"SHUTTER_TTL":0,"SHUTTER_OPENING_TIME":1,"SHUTTER_CLOSING_TIME":1,"VBIN":1,"HBIN":1,"INITIAL_LINE":1,"INITIAL_COLUMN":1,"FINAL_LINE":1024,"FINAL_COLUMN":1024,"FRAME_TRANSFER":true,"VERTICAL_CLOCK_VOLTAGE":0,"AD_CHANNEL":0}
11/1/2022 10:55 AM CommandAcquisChB  TX=WRITE_SETUP {"ACQUISITION_MODE":3,"TRIGGER_MODE":0,"READ_MODE":4,"PREAMP":0,"READOUT_RATE":0,"VERTICAL_SHIFT_SPEED":3,"EM_MODE":1,"EM_GAIN":2,"SHUTTER_MODE":2,"SHUTTER_TTL":0,"SHUTTER_OPENING_TIME":1,"SHUTTER_CLOSING_TIME":1,"VBIN":1,"HBIN":1,"INITIAL_LINE":1,"INITIAL_COLUMN":1,"FINAL_LINE":1024,"FINAL_COLUMN":1024,"FRAME_TRANSFER":true,"VERTICAL_CLOCK_VOLTAGE":0,"AD_CHANNEL":0}
11/1/2022 10:55 AM CommandAcquisChC  TX=WRITE_SETUP {"ACQUISITION_MODE":3,"TRIGGER_MODE":0,"READ_MODE":4,"PREAMP":0,"READOUT_RATE":0,"VERTICAL_SHIFT_SPEED":3,"EM_MODE":1,"EM_GAIN":2,"SHUTTER_MODE":2,"SHUTTER_TTL":0,"SHUTTER_OPENING_TIME":1,"SHUTTER_CLOSING_TIME":1,"VBIN":1,"HBIN":1,"INITIAL_LINE":1,"INITIAL_COLUMN":1,"FINAL_LINE":1024,"FINAL_COLUMN":1024,"FRAME_TRANSFER":true,"VERTICAL_CLOCK_VOLTAGE":0,"AD_CHANNEL":0}
11/1/2022 10:55 AM CommandAcquisChD  TX=WRITE_SETUP {"ACQUISITION_MODE":3,"TRIGGER_MODE":0,"READ_MODE":4,"PREAMP":0,"READOUT_RATE":0,"VERTICAL_SHIFT_SPEED":3,"EM_MODE":1,"EM_GAIN":2,"SHUTTER_MODE":2,"SHUTTER_TTL":0,"SHUTTER_OPENING_TIME":1,"SHUTTER_CLOSING_TIME":1,"VBIN":1,"HBIN":1,"INITIAL_LINE":1,"INITIAL_COLUMN":1,"FINAL_LINE":1024,"FINAL_COLUMN":1024,"FRAME_TRANSFER":true,"VERTICAL_CLOCK_VOLTAGE":0,"AD_CHANNEL":0}
11/1/2022 10:55 AM CommandSyncBox  TX=ADELAY 0m

11/1/2022 10:55 AM CommandAcquisChA  TX=READ_SETUP 
11/1/2022 10:55 AM CommandAcquisChB  TX=READ_SETUP 
11/1/2022 10:55 AM CommandAcquisChC  TX=READ_SETUP 
11/1/2022 10:55 AM CommandAcquisChD  TX=READ_SETUP 
11/1/2022 10:55 AM CommandAcquisChA  TX=SET TEMP -70
11/1/2022 10:55 AM CommandAcquisChB  TX=SET TEMP -70
11/1/2022 10:55 AM CommandAcquisChC  TX=SET TEMP -70
11/1/2022 10:55 AM CommandAcquisChD  TX=SET TEMP -70
11/1/2022 10:55 AM CommandAcquisChA  TX=SET COOLER_POWER_STATUS 1
11/1/2022 10:55 AM CommandAcquisChB  TX=SET COOLER_POWER_STATUS 1
11/1/2022 10:55 AM CommandAcquisChC  TX=SET COOLER_POWER_STATUS 1
11/1/2022 10:55 AM CommandAcquisChD  TX=SET COOLER_POWER_STATUS 1
11/1/2022 11:00 AM CommandInstrument  TX=S4ICS WPROT NONE NONE,WPSEL INIT NONE,GMIR NONE NONE,GFOC NONE NONE,CALW NONE NONE,ASEL NONE NONE

11/1/2022 11:00 AM ResponseInstrument  RX=WPROT SIMULATED NONE 0 NONE -1, WPSEL SIMULATED BUSY 0 NONE -1, ASEL SIMULATED NONE 0 NONE -1, CALW SIMULATED NONE 0 NONE -1, GFOC SIMULATED NONE 0 NONE -1, GMIR SIMULATED NONE 0 NONE -1

11/1/2022 11:00 AM CommandInstrument  TX=S4ICS WPROT NONE NONE,WPSEL NONE NONE,GMIR NONE NONE,GFOC NONE NONE,CALW INIT NONE,ASEL NONE NONE

11/1/2022 11:00 AM ResponseInstrument  RX=WPROT SIMULATED NONE 0 NONE -1, WPSEL SIMULATED BUSY 0 NONE -1, ASEL SIMULATED NONE 0 NONE -1, CALW SIMULATED BUSY 0 NONE -1, GFOC SIMULATED NONE 0 NONE -1, GMIR SIMULATED NONE 0 NONE -1

11/1/2022 11:00 AM CommandInstrument  TX=S4ICS WPROT NONE NONE,WPSEL NONE NONE,GMIR INIT NONE,GFOC NONE NONE,CALW NONE NONE,ASEL NONE NONE

11/1/2022 11:00 AM ResponseInstrument  RX=WPROT SIMULATED NONE 0 NONE -1, WPSEL SIMULATED BUSY 0 NONE -1, ASEL SIMULATED NONE 0 NONE -1, CALW SIMULATED BUSY 0 NONE -1, GFOC SIMULATED NONE 0 NONE -1, GMIR SIMULATED BUSY 0 NONE -1

11/1/2022 11:00 AM CommandInstrument  TX=S4ICS WPROT INIT NONE,WPSEL NONE NONE,GMIR NONE NONE,GFOC NONE NONE,CALW NONE NONE,ASEL NONE NONE

11/1/2022 11:00 AM ResponseInstrument  RX=WPROT SIMULATED NONE 0 NONE -1, WPSEL SIMULATED READY 50 HOME 0, ASEL SIMULATED NONE 0 NONE -1, CALW SIMULATED READY 0 HOME 0, GFOC SIMULATED NONE 0 NONE -1, GMIR SIMULATED READY 0 HOME 0

11/1/2022 11:00 AM CommandInstrument  TX=S4ICS WPROT NONE NONE,WPSEL NONE NONE,GMIR NONE NONE,GFOC NONE NONE,CALW NONE NONE,ASEL INIT NONE

11/1/2022 11:00 AM ResponseInstrument  RX=WPROT SIMULATED NONE 0 NONE -1, WPSEL SIMULATED READY 50 HOME 0, ASEL SIMULATED BUSY 0 NONE -1, CALW SIMULATED READY 0 HOME 0, GFOC SIMULATED NONE 0 NONE -1, GMIR SIMULATED READY 0 HOME 0

11/1/2022 11:00 AM CommandInstrument  TX=S4ICS WPROT NONE NONE,WPSEL NONE NONE,GMIR NONE NONE,GFOC INIT NONE,CALW NONE NONE,ASEL NONE NONE

11/1/2022 11:00 AM ResponseInstrument  RX=WPROT SIMULATED NONE 0 NONE -1, WPSEL SIMULATED READY 50 HOME 0, ASEL SIMULATED BUSY 0 NONE -1, CALW SIMULATED READY 0 HOME 0, GFOC SIMULATED BUSY 0 NONE -1, GMIR SIMULATED READY 0 HOME 0

11/1/2022 11:01 AM CommandInstrument  TX=S4ICS WPROT NONE NONE,WPSEL GOTO L/2,GMIR NONE NONE,GFOC NONE NONE,CALW NONE NONE,ASEL NONE NONE

11/1/2022 11:01 AM ResponseInstrument  RX=WPROT SIMULATED NONE 0 NONE -1, WPSEL SIMULATED BUSY 50 HOME 0, ASEL SIMULATED BUSY 19 NONE -1, CALW SIMULATED READY 0 HOME 0, GFOC SIMULATED READY 0 HOME 0, GMIR SIMULATED READY 0 HOME 0

11/1/2022 11:01 AM CommandInstrument  TX=S4ICS WPROT INIT NONE,WPSEL NONE NONE,GMIR NONE NONE,GFOC NONE NONE,CALW NONE NONE,ASEL NONE NONE

11/1/2022 11:01 AM ResponseInstrument  RX=WPROT SIMULATED BUSY 0 NONE -1, WPSEL SIMULATED READY 0 L/2 2, ASEL SIMULATED READY 0 HOME 0, CALW SIMULATED READY 0 HOME 0, GFOC SIMULATED READY 0 HOME 0, GMIR SIMULATED READY 0 HOME 0

11/1/2022 11:01 AM CommandInstrument  TX=S4ICS WPROT NONE NONE,WPSEL GOTO CLEAR,GMIR NONE NONE,GFOC NONE NONE,CALW GOTO CLEAR,ASEL GOTO CLEAR

11/1/2022 11:01 AM ResponseInstrument  RX=WPROT SIMULATED READY 0 HOME 0, WPSEL SIMULATED BUSY 0 L/2 2, ASEL SIMULATED BUSY 0 HOME 0, CALW SIMULATED BUSY 0 HOME 0, GFOC SIMULATED READY 0 HOME 0, GMIR SIMULATED READY 0 HOME 0

11/1/2022 11:07 AM CommandAcquisChA  TX=WRITE_SETUP {"ACQUISITION_MODE":3,"TRIGGER_MODE":0,"READ_MODE":4,"PREAMP":0,"READOUT_RATE":0,"VERTICAL_SHIFT_SPEED":3,"EM_MODE":1,"EM_GAIN":2,"SHUTTER_MODE":2,"SHUTTER_TTL":0,"SHUTTER_OPENING_TIME":1,"SHUTTER_CLOSING_TIME":1,"VBIN":1,"HBIN":1,"INITIAL_LINE":1,"INITIAL_COLUMN":1,"FINAL_LINE":1024,"FINAL_COLUMN":1024,"FRAME_TRANSFER":true,"VERTICAL_CLOCK_VOLTAGE":0,"AD_CHANNEL":0}
11/1/2022 11:07 AM CommandAcquisChA  TX=WRITE_SETUP {"ACQUISITION_MODE":3,"TRIGGER_MODE":6,"READ_MODE":4,"PREAMP":0,"READOUT_RATE":0,"VERTICAL_SHIFT_SPEED":3,"EM_MODE":1,"EM_GAIN":2,"SHUTTER_MODE":2,"SHUTTER_TTL":0,"SHUTTER_OPENING_TIME":1,"SHUTTER_CLOSING_TIME":1,"VBIN":1,"HBIN":1,"INITIAL_LINE":1,"INITIAL_COLUMN":1,"FINAL_LINE":1024,"FINAL_COLUMN":1024,"FRAME_TRANSFER":true,"VERTICAL_CLOCK_VOLTAGE":0,"AD_CHANNEL":0}
11/1/2022 11:07 AM CommandAcquisChA  TX=READ_SETUP 
11/1/2022 11:07 AM ResponseAcquisChA  RX={"PREAMP":0,"READOUT_RATE":0,"EM_GAIN":2,"VERTICAL_SHIFT_SPEED":3,"READ_MODE":4,"FRAME_TRANSFER":true,"VERTICAL_CLOCK_VOLTAGE":0,"ACQUISITION_MODE":3,"AD_CHANNEL":0,"EM_MODE":1,"SHUTTER_TTL":0,"SHUTTER_OPENING_TIME":1,"SHUTTER_CLOSING_TIME":1,"SHUTTER_MODE":2,"TRIGGER_MODE":6,"VBIN":1,"INITIAL_LINE":1,"INITIAL_COLUMN":1,"FINAL_LINE":1024,"FINAL_COLUMN":1024,"HBIN":1}
11/1/2022 11:07 AM CommandAcquisChA  TX=SET COOLER_POWER_STATUS 0
11/1/2022 11:07 AM ResponseAcquisChA  RX=DONE
11/1/2022 11:08 AM CommandAcquisChA  TX=WRITE_SETUP {"ACQUISITION_MODE":3,"TRIGGER_MODE":0,"READ_MODE":4,"PREAMP":0,"READOUT_RATE":0,"VERTICAL_SHIFT_SPEED":3,"EM_MODE":1,"EM_GAIN":2,"SHUTTER_MODE":2,"SHUTTER_TTL":0,"SHUTTER_OPENING_TIME":1,"SHUTTER_CLOSING_TIME":1,"VBIN":1,"HBIN":1,"INITIAL_LINE":1,"INITIAL_COLUMN":1,"FINAL_LINE":1024,"FINAL_COLUMN":1024,"FRAME_TRANSFER":true,"VERTICAL_CLOCK_VOLTAGE":0,"AD_CHANNEL":0}
11/1/2022 11:08 AM CommandAcquisChA  TX=READ_SETUP 
11/1/2022 11:08 AM ResponseAcquisChA  RX={"PREAMP":0,"READOUT_RATE":0,"EM_GAIN":2,"VERTICAL_SHIFT_SPEED":3,"READ_MODE":4,"FRAME_TRANSFER":true,"VERTICAL_CLOCK_VOLTAGE":0,"ACQUISITION_MODE":3,"AD_CHANNEL":0,"EM_MODE":1,"SHUTTER_TTL":0,"SHUTTER_OPENING_TIME":1,"SHUTTER_CLOSING_TIME":1,"SHUTTER_MODE":2,"TRIGGER_MODE":0,"VBIN":1,"INITIAL_LINE":1,"INITIAL_COLUMN":1,"FINAL_LINE":1024,"FINAL_COLUMN":1024,"HBIN":1}
11/1/2022 11:08 AM CommandAcquisChA  TX=SET COOLER_POWER_STATUS 0
11/1/2022 11:08 AM ResponseAcquisChA  RX=DONE
11/1/2022 11:08 AM CommandAcquisChA  TX=SET EXPTIME 1.000000
11/1/2022 11:08 AM ResponseAcquisChA  RX=DONE
11/1/2022 11:08 AM CommandAcquisChA  TX=SET #FRAMES 1.000000
11/1/2022 11:08 AM ResponseAcquisChA  RX=DONE
11/1/2022 11:08 AM CommandAcquisChA  TX=SET #CUBES 1.0000 
11/1/2022 11:08 AM ResponseAcquisChA  RX=DONE
11/1/2022 11:08 AM CommandAcquisChA  TX=SET SUFFIX 
11/1/2022 11:08 AM ResponseAcquisChA  RX=DONE
11/1/2022 11:08 AM CommandAcquisChA  TX=SET OBSTYPE OBJECT
11/1/2022 11:08 AM ResponseAcquisChA  RX=DONE
11/1/2022 11:08 AM CommandAcquisChA  TX=EXPOSE
11/1/2022 11:08 AM CommandAcquisChA  TX=SET EXPTIME 1.000000
11/1/2022 11:08 AM ResponseAcquisChA  RX=DONE
11/1/2022 11:08 AM CommandAcquisChA  TX=SET #FRAMES 2.000000
11/1/2022 11:08 AM CommandAcquisChA  TX=SET #CUBES 1.0000 
11/1/2022 11:08 AM ResponseAcquisChA  RX=DONE
11/1/2022 11:08 AM CommandAcquisChA  TX=SET SUFFIX 
11/1/2022 11:08 AM ResponseAcquisChA  RX=DONE
11/1/2022 11:08 AM ResponseAcquisChA  RX=DONE
11/1/2022 11:08 AM CommandAcquisChA  TX=SET OBSTYPE OBJECT
11/1/2022 11:08 AM ResponseAcquisChA  RX=DONE
11/1/2022 11:08 AM CommandAcquisChA  TX=EXPOSE
11/1/2022 11:08 AM CommandAcquisChA  TX=SET EXPTIME 3.000000
11/1/2022 11:08 AM ResponseAcquisChA  RX=DONE
11/1/2022 11:08 AM CommandAcquisChA  TX=SET #FRAMES 2.000000
11/1/2022 11:08 AM ResponseAcquisChA  RX=DONE
11/1/2022 11:08 AM CommandAcquisChA  TX=SET #CUBES 1.0000 
11/1/2022 11:08 AM CommandAcquisChA  TX=SET SUFFIX 
11/1/2022 11:08 AM ResponseAcquisChA  RX=DONE
11/1/2022 11:08 AM ResponseAcquisChA  RX=DONE
11/1/2022 11:08 AM CommandAcquisChA  TX=SET OBSTYPE OBJECT
11/1/2022 11:08 AM ResponseAcquisChA  RX=DONE
11/1/2022 11:08 AM CommandAcquisChA  TX=EXPOSE
11/1/2022 11:13 AM CommandAcquisChA  TX=SET EXPTIME 1.000000
11/1/2022 11:13 AM ResponseAcquisChA  RX=DONE
11/1/2022 11:13 AM CommandAcquisChA  TX=SET #FRAMES 10.000000
11/1/2022 11:13 AM ResponseAcquisChA  RX=DONE
11/1/2022 11:13 AM CommandAcquisChA  TX=SET #CUBES 1.0000 
11/1/2022 11:13 AM ResponseAcquisChA  RX=DONE
11/1/2022 11:13 AM CommandAcquisChA  TX=SET SUFFIX 
11/1/2022 11:13 AM ResponseAcquisChA  RX=DONE
11/1/2022 11:13 AM CommandAcquisChA  TX=SET OBSTYPE OBJECT
11/1/2022 11:13 AM ResponseAcquisChA  RX=DONE
11/1/2022 11:13 AM CommandAcquisChB  TX=SET EXPTIME 1.000000
11/1/2022 11:13 AM ResponseAcquisChB  RX=DONE
11/1/2022 11:13 AM CommandAcquisChB  TX=SET #FRAMES 10.000000
11/1/2022 11:13 AM ResponseAcquisChB  RX=DONE
11/1/2022 11:13 AM CommandAcquisChB  TX=SET #CUBES 1.0000 
11/1/2022 11:13 AM ResponseAcquisChB  RX=DONE
11/1/2022 11:13 AM CommandAcquisChB  TX=SET SUFFIX 
11/1/2022 11:13 AM ResponseAcquisChB  RX=DONE
11/1/2022 11:13 AM CommandAcquisChB  TX=SET OBSTYPE OBJECT
11/1/2022 11:13 AM ResponseAcquisChB  RX=DONE
11/1/2022 11:13 AM CommandAcquisChA  TX=EXPOSE
11/1/2022 11:13 AM CommandAcquisChB  TX=EXPOSE
11/1/2022 11:42 AM CommandAcquisChA  TX=SET EXPTIME 1.000000
11/1/2022 11:42 AM ResponseAcquisChA  RX=DONE
11/1/2022 11:42 AM CommandAcquisChA  TX=SET #FRAMES 10.000000
11/1/2022 11:42 AM ResponseAcquisChA  RX=DONE
11/1/2022 11:42 AM CommandAcquisChA  TX=SET #CUBES 1.0000 
11/1/2022 11:42 AM ResponseAcquisChA  RX=DONE
11/1/2022 11:42 AM CommandAcquisChA  TX=SET SUFFIX 
11/1/2022 11:42 AM ResponseAcquisChA  RX=DONE
11/1/2022 11:42 AM CommandAcquisChA  TX=SET OBSTYPE OBJECT
11/1/2022 11:42 AM ResponseAcquisChA  RX=DONE
11/1/2022 11:42 AM CommandAcquisChB  TX=SET EXPTIME 1.000000
11/1/2022 11:42 AM ResponseAcquisChB  RX=DONE
11/1/2022 11:42 AM CommandAcquisChB  TX=SET #FRAMES 10.000000
11/1/2022 11:42 AM CommandAcquisChB  TX=SET #CUBES 1.0000 
11/1/2022 11:42 AM ResponseAcquisChB  RX=DONE
11/1/2022 11:42 AM ResponseAcquisChB  RX=DONE
11/1/2022 11:42 AM CommandAcquisChB  TX=SET SUFFIX 
11/1/2022 11:42 AM ResponseAcquisChB  RX=DONE
11/1/2022 11:42 AM CommandAcquisChB  TX=SET OBSTYPE OBJECT
11/1/2022 11:42 AM ResponseAcquisChB  RX=DONE
11/1/2022 11:42 AM CommandAcquisChC  TX=SET EXPTIME 1.000000
11/1/2022 11:42 AM ResponseAcquisChC  RX=DONE
11/1/2022 11:42 AM CommandAcquisChC  TX=SET #FRAMES 10.000000
11/1/2022 11:42 AM ResponseAcquisChC  RX=DONE
11/1/2022 11:42 AM CommandAcquisChC  TX=SET #CUBES 1.0000 
11/1/2022 11:42 AM ResponseAcquisChC  RX=DONE
11/1/2022 11:42 AM CommandAcquisChC  TX=SET SUFFIX 
11/1/2022 11:42 AM ResponseAcquisChC  RX=DONE
11/1/2022 11:42 AM CommandAcquisChC  TX=SET OBSTYPE OBJECT
11/1/2022 11:42 AM ResponseAcquisChC  RX=DONE
11/1/2022 11:42 AM CommandAcquisChD  TX=SET EXPTIME 1.000000
11/1/2022 11:42 AM ResponseAcquisChD  RX=DONE
11/1/2022 11:42 AM CommandAcquisChD  TX=SET #FRAMES 10.000000
11/1/2022 11:42 AM ResponseAcquisChD  RX=DONE
11/1/2022 11:42 AM CommandAcquisChD  TX=SET #CUBES 1.0000 
11/1/2022 11:42 AM CommandAcquisChD  TX=SET SUFFIX 
11/1/2022 11:42 AM ResponseAcquisChD  RX=DONE
11/1/2022 11:42 AM CommandAcquisChD  TX=SET OBSTYPE OBJECT
11/1/2022 11:42 AM ResponseAcquisChD  RX=DONE
11/1/2022 11:42 AM ResponseAcquisChD  RX=DONE
11/1/2022 11:42 AM CommandAcquisChA  TX=EXPOSE
11/1/2022 11:42 AM CommandAcquisChB  TX=EXPOSE
11/1/2022 11:42 AM CommandAcquisChC  TX=EXPOSE
11/1/2022 11:42 AM CommandAcquisChD  TX=EXPOSE
11/1/2022 11:42 AM ResponseAcquisChD  RX=RETURNING_STATUS {"CUBE_EXPOSURE_TIME":0,"CUBES_DONE":0,"LAST_IMAGE_NAME":"","DISK_SPACE":0,"FRAMES_DONE":0,"CCD_STATUS":"IDLE","CURRENT_TEMPERATURE":20,"TEMPERATURE_STATUS":"TEMPERATURE_OFF","FRAME_EXPOSURE_TIME":0,"CCD_POWER_STATUS":true,"SERIAL_NUMBER":9917,"ACQUIRING":false}
