9/21/2022 5:04 PM CommandAcquisChA  TX=WRITE_SETUP {"ACQUISITION_MODE":3,"TRIGGER_MODE":6,"READ_MODE":4,"PREAMP":0,"READOUT_RATE":0,"VERTICAL_SHIFT_SPEED":3,"EM_MODE":1,"EM_GAIN":2,"SHUTTER_MODE":2,"SHUTTER_TTL":0,"SHUTTER_OPENING_TIME":1,"SHUTTER_CLOSING_TIME":1,"VBIN":1,"HBIN":1,"INITIAL_LINE":1,"INITIAL_COLUMN":1,"FINAL_LINE":1024,"FINAL_COLUMN":1024,"FRAME_TRANSFER":true,"VERTICAL_CLOCK_VOLTAGE":0,"AD_CHANNEL":0}
9/21/2022 5:04 PM CommandAcquisChB  TX=WRITE_SETUP {"ACQUISITION_MODE":3,"TRIGGER_MODE":6,"READ_MODE":4,"PREAMP":0,"READOUT_RATE":0,"VERTICAL_SHIFT_SPEED":3,"EM_MODE":1,"EM_GAIN":2,"SHUTTER_MODE":2,"SHUTTER_TTL":0,"SHUTTER_OPENING_TIME":1,"SHUTTER_CLOSING_TIME":1,"VBIN":1,"HBIN":1,"INITIAL_LINE":1,"INITIAL_COLUMN":1,"FINAL_LINE":1024,"FINAL_COLUMN":1024,"FRAME_TRANSFER":true,"VERTICAL_CLOCK_VOLTAGE":0,"AD_CHANNEL":0}
9/21/2022 5:04 PM CommandAcquisChC  TX=WRITE_SETUP {"ACQUISITION_MODE":3,"TRIGGER_MODE":6,"READ_MODE":4,"PREAMP":0,"READOUT_RATE":0,"VERTICAL_SHIFT_SPEED":3,"EM_MODE":1,"EM_GAIN":2,"SHUTTER_MODE":2,"SHUTTER_TTL":0,"SHUTTER_OPENING_TIME":1,"SHUTTER_CLOSING_TIME":1,"VBIN":1,"HBIN":1,"INITIAL_LINE":1,"INITIAL_COLUMN":1,"FINAL_LINE":1024,"FINAL_COLUMN":1024,"FRAME_TRANSFER":true,"VERTICAL_CLOCK_VOLTAGE":0,"AD_CHANNEL":0}
9/21/2022 5:04 PM CommandAcquisChD  TX=WRITE_SETUP {"ACQUISITION_MODE":3,"TRIGGER_MODE":0,"READ_MODE":4,"PREAMP":0,"READOUT_RATE":0,"VERTICAL_SHIFT_SPEED":3,"EM_MODE":1,"EM_GAIN":2,"SHUTTER_MODE":1,"SHUTTER_TTL":0,"SHUTTER_OPENING_TIME":1,"SHUTTER_CLOSING_TIME":1,"VBIN":1,"HBIN":1,"INITIAL_LINE":1,"INITIAL_COLUMN":1,"FINAL_LINE":1024,"FINAL_COLUMN":1024,"FRAME_TRANSFER":true,"VERTICAL_CLOCK_VOLTAGE":0,"AD_CHANNEL":0}
9/21/2022 5:04 PM CommandSyncBox  TX=ADELAY 0m

9/21/2022 5:04 PM ResponseSyncBox  RX=OK

9/21/2022 5:04 PM CommandSyncBox  TX=BDELAY 0m

9/21/2022 5:04 PM ResponseSyncBox  RX=OK

9/21/2022 5:04 PM CommandSyncBox  TX=CDELAY 0m

9/21/2022 5:04 PM ResponseSyncBox  RX=OK

9/21/2022 5:04 PM CommandSyncBox  TX=DDELAY 0m

9/21/2022 5:04 PM ResponseSyncBox  RX=OK

9/21/2022 5:04 PM CommandSyncBox  TX=AWIDTH 200m

9/21/2022 5:04 PM ResponseSyncBox  RX=OK

9/21/2022 5:04 PM CommandSyncBox  TX=BWIDTH 200m

9/21/2022 5:04 PM ResponseSyncBox  RX=OK

9/21/2022 5:04 PM CommandSyncBox  TX=CWIDTH 200m

9/21/2022 5:04 PM ResponseSyncBox  RX=OK

9/21/2022 5:04 PM CommandSyncBox  TX=DWIDTH 200m

9/21/2022 5:04 PM ResponseSyncBox  RX=OK

9/21/2022 5:04 PM CommandSyncBox  TX=aset on

9/21/2022 5:04 PM ResponseSyncBox  RX=OK

9/21/2022 5:04 PM CommandSyncBox  TX=bset on

9/21/2022 5:04 PM ResponseSyncBox  RX=OK

9/21/2022 5:04 PM CommandSyncBox  TX=cset on

9/21/2022 5:04 PM ResponseSyncBox  RX=OK

9/21/2022 5:04 PM CommandSyncBox  TX=dset on

9/21/2022 5:04 PM ResponseSyncBox  RX=OK

9/21/2022 5:04 PM CommandSyncBox  TX=IN

9/21/2022 5:04 PM ResponseSyncBox  RX=OK

9/21/2022 5:04 PM CommandAcquisChA  TX=READ_SETUP 
9/21/2022 5:04 PM CommandAcquisChB  TX=READ_SETUP 
9/21/2022 5:04 PM CommandAcquisChC  TX=READ_SETUP 
9/21/2022 5:04 PM CommandAcquisChD  TX=READ_SETUP 
9/21/2022 5:04 PM ResponseAcquisChA  RX=CCD_SETUP {"PREAMP":0,"READOUT_RATE":0,"EM_GAIN":2,"VBIN":1,"INITIAL_LINE":1,"INITIAL_COLUMN":1,"FINAL_LINE":1024,"FINAL_COLUMN":1024,"TRIGGER_MODE":6,"HBIN":1,"SHUTTER_TTL":0,"SHUTTER_MODE":2,"SHUTTER_OPENING_TIME":1,"SHUTTER_CLOSING_TIME":1,"VERTICAL_SHIFT_SPEED":3,"READ_MODE":4,"FRAME_TRANSFER":true,"VERTICAL_CLOCK_VOLTAGE":0,"ACQUISITION_MODE":3,"AD_CHANNEL":0,"EM_MODE":1}
9/21/2022 5:04 PM CommandAcquisChA  TX=SET COOLER_POWER_STATUS 0
9/21/2022 5:04 PM ResponseAcquisChB  RX=CCD_SETUP {"PREAMP":0,"READOUT_RATE":0,"EM_GAIN":2,"VBIN":1,"INITIAL_LINE":1,"INITIAL_COLUMN":1,"FINAL_LINE":1024,"FINAL_COLUMN":1024,"TRIGGER_MODE":6,"HBIN":1,"SHUTTER_TTL":0,"SHUTTER_MODE":2,"SHUTTER_OPENING_TIME":1,"SHUTTER_CLOSING_TIME":1,"VERTICAL_SHIFT_SPEED":3,"READ_MODE":4,"FRAME_TRANSFER":true,"VERTICAL_CLOCK_VOLTAGE":0,"ACQUISITION_MODE":3,"AD_CHANNEL":0,"EM_MODE":1}
9/21/2022 5:04 PM ResponseAcquisChC  RX=CCD_SETUP {"PREAMP":0,"READOUT_RATE":0,"EM_GAIN":2,"VBIN":1,"INITIAL_LINE":1,"INITIAL_COLUMN":1,"FINAL_LINE":1024,"FINAL_COLUMN":1024,"TRIGGER_MODE":6,"HBIN":1,"SHUTTER_TTL":0,"SHUTTER_MODE":2,"SHUTTER_OPENING_TIME":1,"SHUTTER_CLOSING_TIME":1,"VERTICAL_SHIFT_SPEED":3,"READ_MODE":4,"FRAME_TRANSFER":true,"VERTICAL_CLOCK_VOLTAGE":0,"ACQUISITION_MODE":3,"AD_CHANNEL":0,"EM_MODE":1}
9/21/2022 5:04 PM ResponseAcquisChA  RX=DONE
9/21/2022 5:04 PM CommandAcquisChB  TX=SET COOLER_POWER_STATUS 0
9/21/2022 5:04 PM CommandAcquisChC  TX=SET COOLER_POWER_STATUS 0
9/21/2022 5:04 PM ResponseAcquisChB  RX=DONE
9/21/2022 5:04 PM ResponseAcquisChC  RX=DONE
9/21/2022 5:05 PM CommandAcquisChD  TX=SET COOLER_POWER_STATUS 0
9/21/2022 5:05 PM CommandAcquisChA  TX=SET EXPTIME 1.000000
9/21/2022 5:05 PM ResponseAcquisChA  RX=DONE
9/21/2022 5:05 PM CommandAcquisChA  TX=SET #FRAMES 10.000000
9/21/2022 5:05 PM ResponseAcquisChA  RX=DONE
9/21/2022 5:05 PM CommandAcquisChA  TX=SET #CUBES 1.0000 
9/21/2022 5:05 PM CommandAcquisChA  TX=SET SUFFIX DARK
9/21/2022 5:05 PM ResponseAcquisChA  RX=DONE
9/21/2022 5:05 PM CommandAcquisChA  TX=SET OBSTYPE DARK
9/21/2022 5:05 PM ResponseAcquisChA  RX=DONE
9/21/2022 5:05 PM ResponseAcquisChA  RX=DONE
9/21/2022 5:05 PM CommandAcquisChB  TX=SET EXPTIME 1.000000
9/21/2022 5:05 PM ResponseAcquisChB  RX=DONE
9/21/2022 5:05 PM CommandAcquisChB  TX=SET #FRAMES 10.000000
9/21/2022 5:05 PM ResponseAcquisChB  RX=DONE
9/21/2022 5:05 PM CommandAcquisChB  TX=SET #CUBES 1.0000 
9/21/2022 5:05 PM CommandAcquisChB  TX=SET SUFFIX DARK
9/21/2022 5:05 PM ResponseAcquisChB  RX=DONE
9/21/2022 5:05 PM ResponseAcquisChB  RX=DONE
9/21/2022 5:05 PM CommandAcquisChB  TX=SET OBSTYPE DARK
9/21/2022 5:05 PM ResponseAcquisChB  RX=DONE
9/21/2022 5:05 PM CommandAcquisChC  TX=SET EXPTIME 1.000000
9/21/2022 5:05 PM ResponseAcquisChC  RX=DONE
9/21/2022 5:05 PM CommandAcquisChC  TX=SET #FRAMES 10.000000
9/21/2022 5:05 PM CommandAcquisChC  TX=SET #CUBES 1.0000 
9/21/2022 5:05 PM ResponseAcquisChC  RX=DONE
9/21/2022 5:05 PM CommandAcquisChC  TX=SET SUFFIX DARK
9/21/2022 5:05 PM ResponseAcquisChC  RX=DONE
9/21/2022 5:05 PM CommandAcquisChC  TX=SET OBSTYPE DARK
9/21/2022 5:05 PM ResponseAcquisChC  RX=DONE
9/21/2022 5:05 PM CommandSyncBox  TX=ADELAY 0m

9/21/2022 5:05 PM ResponseSyncBox  RX=OK

9/21/2022 5:05 PM CommandSyncBox  TX=BDELAY 0m

9/21/2022 5:05 PM ResponseSyncBox  RX=OK

9/21/2022 5:05 PM CommandSyncBox  TX=CDELAY 0m

9/21/2022 5:05 PM ResponseSyncBox  RX=OK

9/21/2022 5:05 PM CommandSyncBox  TX=DDELAY 0m

9/21/2022 5:05 PM ResponseSyncBox  RX=OK

9/21/2022 5:05 PM CommandSyncBox  TX=AWIDTH 200m

9/21/2022 5:05 PM ResponseSyncBox  RX=OK

9/21/2022 5:05 PM CommandSyncBox  TX=BWIDTH 200m

9/21/2022 5:05 PM ResponseSyncBox  RX=OK

9/21/2022 5:05 PM CommandSyncBox  TX=CWIDTH 200m

9/21/2022 5:05 PM ResponseSyncBox  RX=OK

9/21/2022 5:05 PM CommandSyncBox  TX=DWIDTH 200m

9/21/2022 5:05 PM ResponseSyncBox  RX=OK

9/21/2022 5:05 PM CommandSyncBox  TX=aset on

9/21/2022 5:05 PM ResponseSyncBox  RX=OK

9/21/2022 5:05 PM CommandSyncBox  TX=bset on

9/21/2022 5:05 PM ResponseSyncBox  RX=OK

9/21/2022 5:05 PM CommandSyncBox  TX=cset on

9/21/2022 5:05 PM ResponseSyncBox  RX=OK

9/21/2022 5:05 PM CommandSyncBox  TX=dset on

9/21/2022 5:05 PM ResponseSyncBox  RX=OK

9/21/2022 5:05 PM CommandSyncBox  TX=IN

9/21/2022 5:05 PM ResponseSyncBox  RX=OK

9/21/2022 5:05 PM CommandAcquisChA  TX=EXPOSE
9/21/2022 5:05 PM CommandAcquisChB  TX=EXPOSE
9/21/2022 5:05 PM CommandAcquisChC  TX=EXPOSE
9/21/2022 5:06 PM CommandAcquisChA  TX=ABORT_ACQUISITION
9/21/2022 5:06 PM CommandAcquisChB  TX=ABORT_ACQUISITION
9/21/2022 5:06 PM CommandAcquisChC  TX=ABORT_ACQUISITION
9/21/2022 5:06 PM CommandAcquisChD  TX=ABORT_ACQUISITION
9/21/2022 5:06 PM CommandAcquisChB  TX=SET EXPTIME 1.000000
9/21/2022 5:06 PM ResponseAcquisChB  RX=DONE
9/21/2022 5:06 PM CommandAcquisChB  TX=SET #FRAMES 10.000000
9/21/2022 5:06 PM ResponseAcquisChB  RX=DONE
9/21/2022 5:06 PM CommandAcquisChB  TX=SET #CUBES 1.0000 
9/21/2022 5:06 PM ResponseAcquisChB  RX=DONE
9/21/2022 5:06 PM CommandAcquisChB  TX=SET SUFFIX DARK
9/21/2022 5:06 PM ResponseAcquisChB  RX=DONE
9/21/2022 5:06 PM CommandAcquisChB  TX=SET OBSTYPE DARK
9/21/2022 5:06 PM ResponseAcquisChB  RX=DONE
9/21/2022 5:06 PM CommandAcquisChC  TX=SET EXPTIME 1.000000
9/21/2022 5:06 PM ResponseAcquisChC  RX=DONE
9/21/2022 5:06 PM CommandAcquisChC  TX=SET #FRAMES 10.000000
9/21/2022 5:06 PM ResponseAcquisChC  RX=DONE
9/21/2022 5:06 PM CommandAcquisChC  TX=SET #CUBES 1.0000 
9/21/2022 5:06 PM CommandAcquisChC  TX=SET SUFFIX DARK
9/21/2022 5:06 PM ResponseAcquisChC  RX=DONE
9/21/2022 5:06 PM ResponseAcquisChC  RX=DONE
9/21/2022 5:06 PM CommandAcquisChC  TX=SET OBSTYPE DARK
9/21/2022 5:06 PM ResponseAcquisChC  RX=DONE
9/21/2022 5:06 PM CommandSyncBox  TX=ADELAY 0m

9/21/2022 5:06 PM ResponseSyncBox  RX=OK

9/21/2022 5:06 PM CommandSyncBox  TX=BDELAY 0m

9/21/2022 5:06 PM ResponseSyncBox  RX=OK

9/21/2022 5:06 PM CommandSyncBox  TX=CDELAY 0m

9/21/2022 5:06 PM ResponseSyncBox  RX=OK

9/21/2022 5:06 PM CommandSyncBox  TX=DDELAY 0m

9/21/2022 5:06 PM ResponseSyncBox  RX=OK

9/21/2022 5:06 PM CommandSyncBox  TX=AWIDTH 200m

9/21/2022 5:06 PM ResponseSyncBox  RX=OK

9/21/2022 5:06 PM CommandSyncBox  TX=BWIDTH 200m

9/21/2022 5:06 PM ResponseSyncBox  RX=OK

9/21/2022 5:06 PM CommandSyncBox  TX=CWIDTH 200m

9/21/2022 5:06 PM ResponseSyncBox  RX=OK

9/21/2022 5:06 PM CommandSyncBox  TX=DWIDTH 200m

9/21/2022 5:06 PM ResponseSyncBox  RX=OK

9/21/2022 5:06 PM CommandSyncBox  TX=aset on

9/21/2022 5:06 PM ResponseSyncBox  RX=OK

9/21/2022 5:06 PM CommandSyncBox  TX=bset on

9/21/2022 5:06 PM ResponseSyncBox  RX=OK

9/21/2022 5:06 PM CommandSyncBox  TX=cset on

9/21/2022 5:06 PM ResponseSyncBox  RX=OK

9/21/2022 5:06 PM CommandSyncBox  TX=dset on

9/21/2022 5:06 PM ResponseSyncBox  RX=OK

9/21/2022 5:06 PM CommandSyncBox  TX=IN

9/21/2022 5:06 PM ResponseSyncBox  RX=OK

9/21/2022 5:06 PM CommandAcquisChB  TX=EXPOSE
9/21/2022 5:06 PM CommandAcquisChC  TX=EXPOSE
