9/1/2022 10:26 AM CommandAcquisChA  TX=WRITE_SETUP {"ACQUISITION_MODE":3,"TRIGGER_MODE":6,"READ_MODE":4,"PREAMP":0,"READOUT_RATE":0,"VERTICAL_SHIFT_SPEED":3,"EM_MODE":1,"EM_GAIN":2,"SHUTTER_MODE":2,"SHUTTER_TTL":0,"SHUTTER_OPENING_TIME":1,"SHUTTER_CLOSING_TIME":1,"VBIN":1,"HBIN":1,"INITIAL_LINE":1,"INITIAL_COLUMN":1,"FINAL_LINE":1024,"FINAL_COLUMN":1024,"FRAME_TRANSFER":true,"VERTICAL_CLOCK_VOLTAGE":0,"AD_CHANNEL":0}
9/1/2022 10:26 AM CommandAcquisChB  TX=WRITE_SETUP {"ACQUISITION_MODE":3,"TRIGGER_MODE":1,"READ_MODE":0,"PREAMP":0,"READOUT_RATE":0,"VERTICAL_SHIFT_SPEED":0,"EM_MODE":1,"EM_GAIN":2,"SHUTTER_MODE":2,"SHUTTER_TTL":0,"SHUTTER_OPENING_TIME":1,"SHUTTER_CLOSING_TIME":1,"VBIN":1,"HBIN":1,"INITIAL_LINE":1,"INITIAL_COLUMN":1,"FINAL_LINE":1024,"FINAL_COLUMN":1024,"FRAME_TRANSFER":true,"VERTICAL_CLOCK_VOLTAGE":0,"AD_CHANNEL":0}
9/1/2022 10:26 AM CommandAcquisChC  TX=WRITE_SETUP {"ACQUISITION_MODE":3,"TRIGGER_MODE":1,"READ_MODE":0,"PREAMP":0,"READOUT_RATE":0,"VERTICAL_SHIFT_SPEED":0,"EM_MODE":1,"EM_GAIN":2,"SHUTTER_MODE":2,"SHUTTER_TTL":0,"SHUTTER_OPENING_TIME":1,"SHUTTER_CLOSING_TIME":1,"VBIN":1,"HBIN":1,"INITIAL_LINE":1,"INITIAL_COLUMN":1,"FINAL_LINE":1024,"FINAL_COLUMN":1024,"FRAME_TRANSFER":true,"VERTICAL_CLOCK_VOLTAGE":0,"AD_CHANNEL":0}
9/1/2022 10:26 AM CommandAcquisChD  TX=WRITE_SETUP {"ACQUISITION_MODE":3,"TRIGGER_MODE":6,"READ_MODE":4,"PREAMP":0,"READOUT_RATE":0,"VERTICAL_SHIFT_SPEED":3,"EM_MODE":1,"EM_GAIN":2,"SHUTTER_MODE":2,"SHUTTER_TTL":0,"SHUTTER_OPENING_TIME":1,"SHUTTER_CLOSING_TIME":1,"VBIN":1,"HBIN":1,"INITIAL_LINE":1,"INITIAL_COLUMN":1,"FINAL_LINE":1024,"FINAL_COLUMN":1024,"FRAME_TRANSFER":true,"VERTICAL_CLOCK_VOLTAGE":0,"AD_CHANNEL":0}
9/1/2022 10:26 AM CommandSyncBox  TX=ADELAY 0m

9/1/2022 10:26 AM ResponseSyncBox  RX=OK

9/1/2022 10:26 AM CommandSyncBox  TX=BDELAY 0m

9/1/2022 10:26 AM ResponseSyncBox  RX=OK

9/1/2022 10:26 AM CommandSyncBox  TX=CDELAY 0m

9/1/2022 10:26 AM ResponseSyncBox  RX=OK

9/1/2022 10:26 AM CommandSyncBox  TX=DDELAY 0m

9/1/2022 10:26 AM ResponseSyncBox  RX=OK

9/1/2022 10:26 AM CommandSyncBox  TX=AWIDTH 200m

9/1/2022 10:26 AM ResponseSyncBox  RX=OK

9/1/2022 10:26 AM CommandSyncBox  TX=BWIDTH 200m

9/1/2022 10:26 AM ResponseSyncBox  RX=OK

9/1/2022 10:26 AM CommandSyncBox  TX=CWIDTH 200m

9/1/2022 10:26 AM ResponseSyncBox  RX=OK

9/1/2022 10:26 AM CommandSyncBox  TX=DWIDTH 200m

9/1/2022 10:26 AM ResponseSyncBox  RX=OK

9/1/2022 10:26 AM CommandSyncBox  TX=aset on

9/1/2022 10:26 AM ResponseSyncBox  RX=OK

9/1/2022 10:26 AM CommandSyncBox  TX=bset on

9/1/2022 10:26 AM ResponseSyncBox  RX=OK

9/1/2022 10:26 AM CommandSyncBox  TX=cset on

9/1/2022 10:26 AM ResponseSyncBox  RX=OK

9/1/2022 10:26 AM CommandSyncBox  TX=dset on

9/1/2022 10:26 AM ResponseSyncBox  RX=OK

9/1/2022 10:26 AM CommandSyncBox  TX=IN

9/1/2022 10:26 AM ResponseSyncBox  RX=OK

9/1/2022 10:26 AM CommandAcquisChA  TX=READ_SETUP 
9/1/2022 10:26 AM CommandAcquisChB  TX=READ_SETUP 
9/1/2022 10:26 AM CommandAcquisChC  TX=READ_SETUP 
9/1/2022 10:26 AM CommandAcquisChD  TX=READ_SETUP 
9/1/2022 10:26 AM CommandAcquisChA  TX=SET COOLER_POWER_STATUS 0
9/1/2022 10:26 AM CommandAcquisChB  TX=SET COOLER_POWER_STATUS 0
9/1/2022 10:26 AM CommandAcquisChC  TX=SET COOLER_POWER_STATUS 0
9/1/2022 10:26 AM CommandAcquisChD  TX=SET COOLER_POWER_STATUS 0
9/1/2022 10:26 AM CommandInstrument  TX=S4ICS WPROT NONE NONE,WPSEL GOTO L/2,GMIR NONE NONE,GFOC NONE NONE,CALW GOTO CLEAR,ASEL GOTO ANALYZER

9/1/2022 10:26 AM ResponseInstrument  RX=WPROT SIMULATED NONE 0 NONE -1, WPSEL SIMULATED NONE 0 NONE -1, ASEL SIMULATED NONE 0 NONE -1, CALW SIMULATED NONE 0 NONE -1, GFOC SIMULATED NONE 0 NONE -1, GMIR SIMULATED NONE 0 NONE -1

9/1/2022 10:26 AM CommandInstrument  TX=S4ICS WPROT NONE NONE,WPSEL INIT NONE,GMIR NONE NONE,GFOC NONE NONE,CALW NONE NONE,ASEL NONE NONE

9/1/2022 10:26 AM ResponseInstrument  RX=WPROT SIMULATED NONE 0 NONE -1, WPSEL SIMULATED BUSY 0 NONE -1, ASEL SIMULATED NONE 0 NONE -1, CALW SIMULATED NONE 0 NONE -1, GFOC SIMULATED NONE 0 NONE -1, GMIR SIMULATED NONE 0 NONE -1

9/1/2022 10:26 AM CommandInstrument  TX=S4ICS WPROT NONE NONE,WPSEL NONE NONE,GMIR NONE NONE,GFOC NONE NONE,CALW INIT NONE,ASEL NONE NONE

9/1/2022 10:26 AM ResponseInstrument  RX=WPROT SIMULATED NONE 0 NONE -1, WPSEL SIMULATED BUSY 52 NONE -1, ASEL SIMULATED NONE 0 NONE -1, CALW SIMULATED BUSY 0 NONE -1, GFOC SIMULATED NONE 0 NONE -1, GMIR SIMULATED NONE 0 NONE -1

9/1/2022 10:26 AM CommandInstrument  TX=S4ICS WPROT NONE NONE,WPSEL NONE NONE,GMIR INIT NONE,GFOC NONE NONE,CALW NONE NONE,ASEL NONE NONE

9/1/2022 10:26 AM ResponseInstrument  RX=WPROT SIMULATED NONE 0 NONE -1, WPSEL SIMULATED BUSY 35 NONE -1, ASEL SIMULATED NONE 0 NONE -1, CALW SIMULATED BUSY 67 NONE -1, GFOC SIMULATED NONE 0 NONE -1, GMIR SIMULATED BUSY 0 NONE -1

9/1/2022 10:29 AM CommandInstrument  TX=S4ICS WPROT NONE NONE,WPSEL GOTO L/2,GMIR NONE NONE,GFOC NONE NONE,CALW NONE NONE,ASEL NONE NONE

9/1/2022 10:29 AM ResponseInstrument  RX=WPROT SIMULATED NONE 0 NONE -1, WPSEL SIMULATED BUSY 0 HOME 0, ASEL SIMULATED NONE 0 NONE -1, CALW SIMULATED READY 0 HOME 0, GFOC SIMULATED NONE 0 NONE -1, GMIR SIMULATED READY 0 HOME 0

9/1/2022 10:30 AM CommandInstrument  TX=S4ICS WPROT NONE NONE,WPSEL INIT NONE,GMIR NONE NONE,GFOC NONE NONE,CALW NONE NONE,ASEL NONE NONE

9/1/2022 10:30 AM ResponseInstrument  RX=WPROT SIMULATED NONE 0 NONE -1, WPSEL SIMULATED BUSY 50 L/2 2, ASEL SIMULATED NONE 0 NONE -1, CALW SIMULATED READY 0 HOME 0, GFOC SIMULATED NONE 0 NONE -1, GMIR SIMULATED READY 0 HOME 0

9/1/2022 10:31 AM CommandInstrument  TX=S4ICS WPROT NONE NONE,WPSEL GOTO L/2,GMIR NONE NONE,GFOC NONE NONE,CALW NONE NONE,ASEL NONE NONE

9/1/2022 10:31 AM ResponseInstrument  RX=WPROT SIMULATED NONE 0 NONE -1, WPSEL SIMULATED BUSY 50 HOME 0, ASEL SIMULATED NONE 0 NONE -1, CALW SIMULATED READY 0 HOME 0, GFOC SIMULATED NONE 0 NONE -1, GMIR SIMULATED READY 0 HOME 0

9/1/2022 10:31 AM CommandInstrument  TX=S4ICS WPROT NONE NONE,WPSEL GOTO L/4,GMIR NONE NONE,GFOC NONE NONE,CALW NONE NONE,ASEL NONE NONE

9/1/2022 10:31 AM ResponseInstrument  RX=WPROT SIMULATED NONE 0 NONE -1, WPSEL SIMULATED BUSY 0 L/2 2, ASEL SIMULATED NONE 0 NONE -1, CALW SIMULATED READY 0 HOME 0, GFOC SIMULATED NONE 0 NONE -1, GMIR SIMULATED READY 0 HOME 0

9/1/2022 10:35 AM CommandInstrument  TX=S4ICS WPROT INIT NONE,WPSEL NONE NONE,GMIR NONE NONE,GFOC NONE NONE,CALW NONE NONE,ASEL NONE NONE

9/1/2022 10:35 AM ResponseInstrument  RX=WPROT SIMULATED BUSY 0 NONE -1, WPSEL SIMULATED READY 100 L/4 3, ASEL SIMULATED NONE 0 NONE -1, CALW SIMULATED READY 0 HOME 0, GFOC SIMULATED NONE 0 NONE -1, GMIR SIMULATED READY 0 HOME 0

9/1/2022 10:35 AM CommandInstrument  TX=S4ICS WPROT INIT NONE,WPSEL NONE NONE,GMIR NONE NONE,GFOC NONE NONE,CALW NONE NONE,ASEL NONE NONE

9/1/2022 10:35 AM ResponseInstrument  RX=WPROT SIMULATED BUSY 720 HOME 0, WPSEL SIMULATED READY 100 L/4 3, ASEL SIMULATED NONE 0 NONE -1, CALW SIMULATED READY 0 HOME 0, GFOC SIMULATED NONE 0 NONE -1, GMIR SIMULATED READY 0 HOME 0

9/1/2022 10:35 AM CommandInstrument  TX=S4ICS WPROT INIT NONE,WPSEL NONE NONE,GMIR NONE NONE,GFOC NONE NONE,CALW NONE NONE,ASEL NONE NONE

9/1/2022 10:35 AM ResponseInstrument  RX=WPROT SIMULATED BUSY 720 HOME 0, WPSEL SIMULATED READY 100 L/4 3, ASEL SIMULATED NONE 0 NONE -1, CALW SIMULATED READY 0 HOME 0, GFOC SIMULATED NONE 0 NONE -1, GMIR SIMULATED READY 0 HOME 0

9/1/2022 10:36 AM CommandInstrument  TX=S4ICS WPROT NONE NONE,WPSEL NONE NONE,GMIR NONE NONE,GFOC NONE NONE,CALW NONE NONE,ASEL INIT NONE

9/1/2022 10:36 AM ResponseInstrument  RX=WPROT SIMULATED READY 720 HOME 0, WPSEL SIMULATED READY 100 L/4 3, ASEL SIMULATED BUSY 0 NONE -1, CALW SIMULATED READY 0 HOME 0, GFOC SIMULATED NONE 0 NONE -1, GMIR SIMULATED READY 0 HOME 0

9/1/2022 10:36 AM CommandInstrument  TX=S4ICS WPROT NONE NONE,WPSEL NONE NONE,GMIR NONE NONE,GFOC INIT NONE,CALW NONE NONE,ASEL NONE NONE

9/1/2022 10:36 AM ResponseInstrument  RX=WPROT SIMULATED READY 720 HOME 0, WPSEL SIMULATED READY 100 L/4 3, ASEL SIMULATED READY 0 HOME 0, CALW SIMULATED READY 0 HOME 0, GFOC SIMULATED BUSY 0 NONE -1, GMIR SIMULATED READY 0 HOME 0

9/1/2022 10:37 AM CommandInstrument  TX=S4ICS WPROT NONE NONE,WPSEL GOTO L/4,GMIR NONE NONE,GFOC NONE NONE,CALW GOTO POLARIZER,ASEL GOTO ANALYZER

9/1/2022 10:37 AM ResponseInstrument  RX=WPROT SIMULATED READY 720 HOME 0, WPSEL SIMULATED BUSY 100 L/4 3, ASEL SIMULATED BUSY 0 HOME 0, CALW SIMULATED BUSY 0 HOME 0, GFOC SIMULATED READY 0 HOME 0, GMIR SIMULATED READY 0 HOME 0

9/1/2022 10:42 AM CommandAcquisChD  TX=WRITE_SETUP {"ACQUISITION_MODE":2,"TRIGGER_MODE":0,"READ_MODE":4,"PREAMP":0,"READOUT_RATE":0,"VERTICAL_SHIFT_SPEED":3,"EM_MODE":0,"EM_GAIN":2,"SHUTTER_MODE":1,"SHUTTER_TTL":0,"SHUTTER_OPENING_TIME":50,"SHUTTER_CLOSING_TIME":50,"VBIN":1,"HBIN":1,"INITIAL_LINE":1,"INITIAL_COLUMN":1,"FINAL_LINE":1024,"FINAL_COLUMN":1024,"FRAME_TRANSFER":false,"VERTICAL_CLOCK_VOLTAGE":0,"AD_CHANNEL":0}
9/1/2022 10:42 AM CommandAcquisChD  TX=WRITE_SETUP {"ACQUISITION_MODE":2,"TRIGGER_MODE":0,"READ_MODE":4,"PREAMP":0,"READOUT_RATE":0,"VERTICAL_SHIFT_SPEED":3,"EM_MODE":0,"EM_GAIN":2,"SHUTTER_MODE":1,"SHUTTER_TTL":0,"SHUTTER_OPENING_TIME":50,"SHUTTER_CLOSING_TIME":50,"VBIN":1,"HBIN":1,"INITIAL_LINE":1,"INITIAL_COLUMN":1,"FINAL_LINE":1024,"FINAL_COLUMN":1024,"FRAME_TRANSFER":false,"VERTICAL_CLOCK_VOLTAGE":0,"AD_CHANNEL":0}
9/1/2022 10:42 AM CommandAcquisChD  TX=READ_SETUP 
9/1/2022 10:42 AM CommandAcquisChD  TX=SET COOLER_POWER_STATUS 0
9/1/2022 10:42 AM ResponseAcquisChD  RX=CCD_SETUP {"PREAMP":0,"READOUT_RATE":0,"EM_GAIN":2,"VBIN":1,"INITIAL_LINE":1,"INITIAL_COLUMN":1,"FINAL_LINE":1024,"FINAL_COLUMN":1024,"TRIGGER_MODE":0,"HBIN":1,"SHUTTER_TTL":0,"SHUTTER_MODE":1,"SHUTTER_OPENING_TIME":50,"SHUTTER_CLOSING_TIME":50,"VERTICAL_SHIFT_SPEED":3,"READ_MODE":4,"FRAME_TRANSFER":false,"VERTICAL_CLOCK_VOLTAGE":0,"ACQUISITION_MODE":1,"AD_CHANNEL":0,"EM_MODE":0}
9/1/2022 10:42 AM ResponseAcquisChD  RX=DONE
9/1/2022 10:43 AM CommandAcquisChD  TX=WRITE_SETUP {"ACQUISITION_MODE":0,"TRIGGER_MODE":0,"READ_MODE":0,"PREAMP":0,"READOUT_RATE":0,"VERTICAL_SHIFT_SPEED":0,"EM_MODE":1,"EM_GAIN":2,"SHUTTER_MODE":0,"SHUTTER_TTL":0,"SHUTTER_OPENING_TIME":1,"SHUTTER_CLOSING_TIME":1,"VBIN":0,"HBIN":0,"INITIAL_LINE":0,"INITIAL_COLUMN":0,"FINAL_LINE":0,"FINAL_COLUMN":0,"FRAME_TRANSFER":false,"VERTICAL_CLOCK_VOLTAGE":0,"AD_CHANNEL":0}
9/1/2022 10:43 AM CommandAcquisChD  TX=WRITE_SETUP {"ACQUISITION_MODE":0,"TRIGGER_MODE":0,"READ_MODE":0,"PREAMP":0,"READOUT_RATE":0,"VERTICAL_SHIFT_SPEED":0,"EM_MODE":1,"EM_GAIN":2,"SHUTTER_MODE":0,"SHUTTER_TTL":0,"SHUTTER_OPENING_TIME":1,"SHUTTER_CLOSING_TIME":1,"VBIN":0,"HBIN":0,"INITIAL_LINE":0,"INITIAL_COLUMN":0,"FINAL_LINE":0,"FINAL_COLUMN":0,"FRAME_TRANSFER":false,"VERTICAL_CLOCK_VOLTAGE":0,"AD_CHANNEL":0}
9/1/2022 10:43 AM CommandAcquisChD  TX=READ_SETUP 
9/1/2022 10:43 AM ResponseAcquisChD  RX=CCD_SETUP {"PREAMP":0,"READOUT_RATE":0,"EM_GAIN":2,"VBIN":1,"INITIAL_LINE":1,"INITIAL_COLUMN":1,"FINAL_LINE":1,"FINAL_COLUMN":1,"TRIGGER_MODE":0,"HBIN":1,"SHUTTER_TTL":0,"SHUTTER_MODE":0,"SHUTTER_OPENING_TIME":1,"SHUTTER_CLOSING_TIME":1,"VERTICAL_SHIFT_SPEED":0,"READ_MODE":0,"FRAME_TRANSFER":false,"VERTICAL_CLOCK_VOLTAGE":0,"ACQUISITION_MODE":1,"AD_CHANNEL":0,"EM_MODE":1}
9/1/2022 10:43 AM CommandAcquisChD  TX=SET COOLER_POWER_STATUS 0
9/1/2022 10:43 AM ResponseAcquisChD  RX=DONE
9/1/2022 10:44 AM CommandAcquisChD  TX=WRITE_SETUP {"ACQUISITION_MODE":0,"TRIGGER_MODE":0,"READ_MODE":0,"PREAMP":0,"READOUT_RATE":0,"VERTICAL_SHIFT_SPEED":0,"EM_MODE":1,"EM_GAIN":2,"SHUTTER_MODE":0,"SHUTTER_TTL":0,"SHUTTER_OPENING_TIME":1,"SHUTTER_CLOSING_TIME":1,"VBIN":0,"HBIN":0,"INITIAL_LINE":0,"INITIAL_COLUMN":0,"FINAL_LINE":0,"FINAL_COLUMN":0,"FRAME_TRANSFER":true,"VERTICAL_CLOCK_VOLTAGE":0,"AD_CHANNEL":0}
9/1/2022 10:44 AM ResponseAcquisChD  RX=RETURNING_STATUS {"CUBE_EXPOSURE_TIME":0,"CUBES_DONE":0,"LAST_IMAGE_NAME":"","DISK_SPACE":0,"FRAMES_DONE":0,"CCD_STATUS":"IDLE","CURRENT_TEMPERATURE":20,"TEMPERATURE_STATUS":"TEMPERATURE_OFF","FRAME_EXPOSURE_TIME":0,"CCD_POWER_STATUS":true,"SERIAL_NUMBER":9917,"ACQUIRING":false}
9/1/2022 10:44 AM CommandAcquisChD  TX=WRITE_SETUP {"ACQUISITION_MODE":0,"TRIGGER_MODE":0,"READ_MODE":0,"PREAMP":0,"READOUT_RATE":0,"VERTICAL_SHIFT_SPEED":0,"EM_MODE":1,"EM_GAIN":2,"SHUTTER_MODE":0,"SHUTTER_TTL":0,"SHUTTER_OPENING_TIME":1,"SHUTTER_CLOSING_TIME":1,"VBIN":0,"HBIN":0,"INITIAL_LINE":0,"INITIAL_COLUMN":0,"FINAL_LINE":0,"FINAL_COLUMN":0,"FRAME_TRANSFER":true,"VERTICAL_CLOCK_VOLTAGE":0,"AD_CHANNEL":0}
9/1/2022 10:44 AM CommandAcquisChD  TX=READ_SETUP 
9/1/2022 10:44 AM CommandAcquisChD  TX=SET COOLER_POWER_STATUS 0
9/1/2022 10:44 AM ResponseAcquisChD  RX=CCD_SETUP {"PREAMP":0,"READOUT_RATE":0,"EM_GAIN":2,"VBIN":1,"INITIAL_LINE":1,"INITIAL_COLUMN":1,"FINAL_LINE":1,"FINAL_COLUMN":1,"TRIGGER_MODE":0,"HBIN":1,"SHUTTER_TTL":0,"SHUTTER_MODE":0,"SHUTTER_OPENING_TIME":1,"SHUTTER_CLOSING_TIME":1,"VERTICAL_SHIFT_SPEED":0,"READ_MODE":0,"FRAME_TRANSFER":true,"VERTICAL_CLOCK_VOLTAGE":0,"ACQUISITION_MODE":1,"AD_CHANNEL":0,"EM_MODE":1}
9/1/2022 10:44 AM ResponseAcquisChD  RX=DONE
9/1/2022 10:44 AM CommandAcquisChD  TX=WRITE_SETUP {"ACQUISITION_MODE":3,"TRIGGER_MODE":0,"READ_MODE":0,"PREAMP":0,"READOUT_RATE":0,"VERTICAL_SHIFT_SPEED":0,"EM_MODE":1,"EM_GAIN":2,"SHUTTER_MODE":0,"SHUTTER_TTL":0,"SHUTTER_OPENING_TIME":1,"SHUTTER_CLOSING_TIME":1,"VBIN":0,"HBIN":0,"INITIAL_LINE":0,"INITIAL_COLUMN":0,"FINAL_LINE":0,"FINAL_COLUMN":0,"FRAME_TRANSFER":true,"VERTICAL_CLOCK_VOLTAGE":0,"AD_CHANNEL":0}
9/1/2022 10:44 AM ResponseAcquisChD  RX=RETURNING_STATUS {"CUBE_EXPOSURE_TIME":0,"CUBES_DONE":0,"LAST_IMAGE_NAME":"","DISK_SPACE":0,"FRAMES_DONE":0,"CCD_STATUS":"IDLE","CURRENT_TEMPERATURE":20,"TEMPERATURE_STATUS":"TEMPERATURE_OFF","FRAME_EXPOSURE_TIME":0,"CCD_POWER_STATUS":true,"SERIAL_NUMBER":9917,"ACQUIRING":false}
9/1/2022 10:44 AM CommandAcquisChD  TX=WRITE_SETUP {"ACQUISITION_MODE":3,"TRIGGER_MODE":0,"READ_MODE":0,"PREAMP":0,"READOUT_RATE":0,"VERTICAL_SHIFT_SPEED":0,"EM_MODE":1,"EM_GAIN":2,"SHUTTER_MODE":0,"SHUTTER_TTL":0,"SHUTTER_OPENING_TIME":1,"SHUTTER_CLOSING_TIME":1,"VBIN":0,"HBIN":0,"INITIAL_LINE":0,"INITIAL_COLUMN":0,"FINAL_LINE":0,"FINAL_COLUMN":0,"FRAME_TRANSFER":true,"VERTICAL_CLOCK_VOLTAGE":0,"AD_CHANNEL":0}
9/1/2022 10:44 AM CommandAcquisChD  TX=READ_SETUP 
9/1/2022 10:44 AM ResponseAcquisChD  RX=CCD_SETUP {"PREAMP":0,"READOUT_RATE":0,"EM_GAIN":2,"VBIN":1,"INITIAL_LINE":1,"INITIAL_COLUMN":1,"FINAL_LINE":1,"FINAL_COLUMN":1,"TRIGGER_MODE":0,"HBIN":1,"SHUTTER_TTL":0,"SHUTTER_MODE":0,"SHUTTER_OPENING_TIME":1,"SHUTTER_CLOSING_TIME":1,"VERTICAL_SHIFT_SPEED":0,"READ_MODE":0,"FRAME_TRANSFER":true,"VERTICAL_CLOCK_VOLTAGE":0,"ACQUISITION_MODE":3,"AD_CHANNEL":0,"EM_MODE":1}
9/1/2022 10:44 AM CommandAcquisChD  TX=SET COOLER_POWER_STATUS 0
9/1/2022 10:44 AM ResponseAcquisChD  RX=DONE
9/1/2022 10:45 AM CommandAcquisChD  TX=WRITE_SETUP {"ACQUISITION_MODE":2,"TRIGGER_MODE":0,"READ_MODE":4,"PREAMP":0,"READOUT_RATE":0,"VERTICAL_SHIFT_SPEED":3,"EM_MODE":0,"EM_GAIN":2,"SHUTTER_MODE":1,"SHUTTER_TTL":0,"SHUTTER_OPENING_TIME":50,"SHUTTER_CLOSING_TIME":50,"VBIN":1,"HBIN":1,"INITIAL_LINE":1,"INITIAL_COLUMN":1,"FINAL_LINE":1024,"FINAL_COLUMN":1024,"FRAME_TRANSFER":false,"VERTICAL_CLOCK_VOLTAGE":0,"AD_CHANNEL":0}
9/1/2022 10:45 AM CommandAcquisChD  TX=WRITE_SETUP {"ACQUISITION_MODE":2,"TRIGGER_MODE":0,"READ_MODE":4,"PREAMP":0,"READOUT_RATE":0,"VERTICAL_SHIFT_SPEED":3,"EM_MODE":0,"EM_GAIN":2,"SHUTTER_MODE":1,"SHUTTER_TTL":0,"SHUTTER_OPENING_TIME":50,"SHUTTER_CLOSING_TIME":50,"VBIN":1,"HBIN":1,"INITIAL_LINE":1,"INITIAL_COLUMN":1,"FINAL_LINE":1024,"FINAL_COLUMN":1024,"FRAME_TRANSFER":false,"VERTICAL_CLOCK_VOLTAGE":0,"AD_CHANNEL":0}
9/1/2022 10:45 AM CommandAcquisChD  TX=READ_SETUP 
9/1/2022 10:45 AM ResponseAcquisChD  RX=CCD_SETUP {"PREAMP":0,"READOUT_RATE":0,"EM_GAIN":2,"VBIN":1,"INITIAL_LINE":1,"INITIAL_COLUMN":1,"FINAL_LINE":1024,"FINAL_COLUMN":1024,"TRIGGER_MODE":0,"HBIN":1,"SHUTTER_TTL":0,"SHUTTER_MODE":1,"SHUTTER_OPENING_TIME":50,"SHUTTER_CLOSING_TIME":50,"VERTICAL_SHIFT_SPEED":3,"READ_MODE":4,"FRAME_TRANSFER":false,"VERTICAL_CLOCK_VOLTAGE":0,"ACQUISITION_MODE":1,"AD_CHANNEL":0,"EM_MODE":0}
9/1/2022 10:45 AM CommandAcquisChD  TX=SET COOLER_POWER_STATUS 0
9/1/2022 10:45 AM ResponseAcquisChD  RX=DONE
9/1/2022 10:45 AM CommandAcquisChD  TX=WRITE_SETUP {"ACQUISITION_MODE":2,"TRIGGER_MODE":0,"READ_MODE":4,"PREAMP":0,"READOUT_RATE":0,"VERTICAL_SHIFT_SPEED":3,"EM_MODE":1,"EM_GAIN":2,"SHUTTER_MODE":1,"SHUTTER_TTL":0,"SHUTTER_OPENING_TIME":50,"SHUTTER_CLOSING_TIME":50,"VBIN":1,"HBIN":1,"INITIAL_LINE":1,"INITIAL_COLUMN":1,"FINAL_LINE":1024,"FINAL_COLUMN":1024,"FRAME_TRANSFER":false,"VERTICAL_CLOCK_VOLTAGE":0,"AD_CHANNEL":0}
9/1/2022 10:45 AM CommandAcquisChD  TX=READ_SETUP 
9/1/2022 10:45 AM CommandAcquisChD  TX=SET COOLER_POWER_STATUS 0
9/1/2022 10:45 AM ResponseAcquisChD  RX=CCD_SETUP {"PREAMP":0,"READOUT_RATE":0,"EM_GAIN":2,"VBIN":1,"INITIAL_LINE":1,"INITIAL_COLUMN":1,"FINAL_LINE":1024,"FINAL_COLUMN":1024,"TRIGGER_MODE":0,"HBIN":1,"SHUTTER_TTL":0,"SHUTTER_MODE":1,"SHUTTER_OPENING_TIME":50,"SHUTTER_CLOSING_TIME":50,"VERTICAL_SHIFT_SPEED":3,"READ_MODE":4,"FRAME_TRANSFER":false,"VERTICAL_CLOCK_VOLTAGE":0,"ACQUISITION_MODE":1,"AD_CHANNEL":0,"EM_MODE":1}
9/1/2022 10:45 AM ResponseAcquisChD  RX=DONE
9/1/2022 10:45 AM CommandAcquisChD  TX=WRITE_SETUP {"ACQUISITION_MODE":2,"TRIGGER_MODE":0,"READ_MODE":4,"PREAMP":0,"READOUT_RATE":0,"VERTICAL_SHIFT_SPEED":3,"EM_MODE":1,"EM_GAIN":2,"SHUTTER_MODE":1,"SHUTTER_TTL":0,"SHUTTER_OPENING_TIME":1,"SHUTTER_CLOSING_TIME":1,"VBIN":1,"HBIN":1,"INITIAL_LINE":1,"INITIAL_COLUMN":1,"FINAL_LINE":1024,"FINAL_COLUMN":1024,"FRAME_TRANSFER":true,"VERTICAL_CLOCK_VOLTAGE":0,"AD_CHANNEL":0}
9/1/2022 10:45 AM CommandAcquisChD  TX=WRITE_SETUP {"ACQUISITION_MODE":2,"TRIGGER_MODE":0,"READ_MODE":4,"PREAMP":0,"READOUT_RATE":0,"VERTICAL_SHIFT_SPEED":3,"EM_MODE":1,"EM_GAIN":2,"SHUTTER_MODE":1,"SHUTTER_TTL":0,"SHUTTER_OPENING_TIME":1,"SHUTTER_CLOSING_TIME":1,"VBIN":1,"HBIN":1,"INITIAL_LINE":1,"INITIAL_COLUMN":1,"FINAL_LINE":1024,"FINAL_COLUMN":1024,"FRAME_TRANSFER":true,"VERTICAL_CLOCK_VOLTAGE":0,"AD_CHANNEL":0}
9/1/2022 10:46 AM CommandAcquisChD  TX=READ_SETUP 
9/1/2022 10:46 AM CommandAcquisChD  TX=SET COOLER_POWER_STATUS 0
9/1/2022 10:46 AM ResponseAcquisChD  RX=CCD_SETUP {"PREAMP":0,"READOUT_RATE":0,"EM_GAIN":2,"VBIN":1,"INITIAL_LINE":1,"INITIAL_COLUMN":1,"FINAL_LINE":1024,"FINAL_COLUMN":1024,"TRIGGER_MODE":0,"HBIN":1,"SHUTTER_TTL":0,"SHUTTER_MODE":1,"SHUTTER_OPENING_TIME":1,"SHUTTER_CLOSING_TIME":1,"VERTICAL_SHIFT_SPEED":3,"READ_MODE":4,"FRAME_TRANSFER":true,"VERTICAL_CLOCK_VOLTAGE":0,"ACQUISITION_MODE":1,"AD_CHANNEL":0,"EM_MODE":1}
9/1/2022 10:46 AM ResponseAcquisChD  RX=DONE
9/1/2022 10:46 AM CommandAcquisChD  TX=WRITE_SETUP {"ACQUISITION_MODE":3,"TRIGGER_MODE":0,"READ_MODE":4,"PREAMP":0,"READOUT_RATE":0,"VERTICAL_SHIFT_SPEED":3,"EM_MODE":1,"EM_GAIN":2,"SHUTTER_MODE":1,"SHUTTER_TTL":0,"SHUTTER_OPENING_TIME":1,"SHUTTER_CLOSING_TIME":1,"VBIN":1,"HBIN":1,"INITIAL_LINE":1,"INITIAL_COLUMN":1,"FINAL_LINE":1024,"FINAL_COLUMN":1024,"FRAME_TRANSFER":true,"VERTICAL_CLOCK_VOLTAGE":0,"AD_CHANNEL":0}
9/1/2022 10:46 AM CommandAcquisChD  TX=READ_SETUP 
9/1/2022 10:46 AM CommandAcquisChD  TX=SET COOLER_POWER_STATUS 0
9/1/2022 10:46 AM ResponseAcquisChD  RX=CCD_SETUP {"PREAMP":0,"READOUT_RATE":0,"EM_GAIN":2,"VBIN":1,"INITIAL_LINE":1,"INITIAL_COLUMN":1,"FINAL_LINE":1024,"FINAL_COLUMN":1024,"TRIGGER_MODE":0,"HBIN":1,"SHUTTER_TTL":0,"SHUTTER_MODE":1,"SHUTTER_OPENING_TIME":1,"SHUTTER_CLOSING_TIME":1,"VERTICAL_SHIFT_SPEED":3,"READ_MODE":4,"FRAME_TRANSFER":true,"VERTICAL_CLOCK_VOLTAGE":0,"ACQUISITION_MODE":3,"AD_CHANNEL":0,"EM_MODE":1}
9/1/2022 10:46 AM ResponseAcquisChD  RX=DONE
9/1/2022 10:46 AM CommandAcquisChD  TX=WRITE_SETUP {"ACQUISITION_MODE":3,"TRIGGER_MODE":0,"READ_MODE":4,"PREAMP":0,"READOUT_RATE":0,"VERTICAL_SHIFT_SPEED":3,"EM_MODE":1,"EM_GAIN":2,"SHUTTER_MODE":1,"SHUTTER_TTL":0,"SHUTTER_OPENING_TIME":1,"SHUTTER_CLOSING_TIME":1,"VBIN":1,"HBIN":1,"INITIAL_LINE":1,"INITIAL_COLUMN":1,"FINAL_LINE":1024,"FINAL_COLUMN":1024,"FRAME_TRANSFER":true,"VERTICAL_CLOCK_VOLTAGE":0,"AD_CHANNEL":0}
9/1/2022 10:46 AM CommandAcquisChD  TX=READ_SETUP 
9/1/2022 10:46 AM CommandAcquisChD  TX=SET COOLER_POWER_STATUS 0
9/1/2022 10:46 AM ResponseAcquisChD  RX=CCD_SETUP {"PREAMP":0,"READOUT_RATE":0,"EM_GAIN":2,"VBIN":1,"INITIAL_LINE":1,"INITIAL_COLUMN":1,"FINAL_LINE":1024,"FINAL_COLUMN":1024,"TRIGGER_MODE":0,"HBIN":1,"SHUTTER_TTL":0,"SHUTTER_MODE":1,"SHUTTER_OPENING_TIME":1,"SHUTTER_CLOSING_TIME":1,"VERTICAL_SHIFT_SPEED":3,"READ_MODE":4,"FRAME_TRANSFER":true,"VERTICAL_CLOCK_VOLTAGE":0,"ACQUISITION_MODE":3,"AD_CHANNEL":0,"EM_MODE":1}
9/1/2022 10:46 AM ResponseAcquisChD  RX=DONE
9/1/2022 10:46 AM CommandAcquisChD  TX=WRITE_SETUP {"ACQUISITION_MODE":3,"TRIGGER_MODE":0,"READ_MODE":4,"PREAMP":0,"READOUT_RATE":0,"VERTICAL_SHIFT_SPEED":3,"EM_MODE":1,"EM_GAIN":2,"SHUTTER_MODE":2,"SHUTTER_TTL":0,"SHUTTER_OPENING_TIME":1,"SHUTTER_CLOSING_TIME":1,"VBIN":1,"HBIN":1,"INITIAL_LINE":1,"INITIAL_COLUMN":1,"FINAL_LINE":1024,"FINAL_COLUMN":1024,"FRAME_TRANSFER":true,"VERTICAL_CLOCK_VOLTAGE":0,"AD_CHANNEL":0}
9/1/2022 10:46 AM ResponseAcquisChD  RX=RETURNING_STATUS {"CUBE_EXPOSURE_TIME":0,"CUBES_DONE":0,"LAST_IMAGE_NAME":"","DISK_SPACE":0,"FRAMES_DONE":0,"CCD_STATUS":"IDLE","CURRENT_TEMPERATURE":20,"TEMPERATURE_STATUS":"TEMPERATURE_OFF","FRAME_EXPOSURE_TIME":0,"CCD_POWER_STATUS":true,"SERIAL_NUMBER":9917,"ACQUIRING":false}
9/1/2022 10:47 AM CommandAcquisChD  TX=READ_SETUP 
9/1/2022 10:47 AM CommandAcquisChD  TX=SET COOLER_POWER_STATUS 0
9/1/2022 10:47 AM ResponseAcquisChD  RX=CCD_SETUP {"PREAMP":0,"READOUT_RATE":0,"EM_GAIN":2,"VBIN":1,"INITIAL_LINE":1,"INITIAL_COLUMN":1,"FINAL_LINE":1024,"FINAL_COLUMN":1024,"TRIGGER_MODE":0,"HBIN":1,"SHUTTER_TTL":0,"SHUTTER_MODE":2,"SHUTTER_OPENING_TIME":1,"SHUTTER_CLOSING_TIME":1,"VERTICAL_SHIFT_SPEED":3,"READ_MODE":4,"FRAME_TRANSFER":true,"VERTICAL_CLOCK_VOLTAGE":0,"ACQUISITION_MODE":3,"AD_CHANNEL":0,"EM_MODE":1}
9/1/2022 10:47 AM ResponseAcquisChD  RX=DONE
9/1/2022 10:47 AM CommandAcquisChD  TX=WRITE_SETUP {"ACQUISITION_MODE":3,"TRIGGER_MODE":0,"READ_MODE":4,"PREAMP":0,"READOUT_RATE":0,"VERTICAL_SHIFT_SPEED":3,"EM_MODE":1,"EM_GAIN":2,"SHUTTER_MODE":1,"SHUTTER_TTL":0,"SHUTTER_OPENING_TIME":1,"SHUTTER_CLOSING_TIME":1,"VBIN":1,"HBIN":1,"INITIAL_LINE":1,"INITIAL_COLUMN":1,"FINAL_LINE":1024,"FINAL_COLUMN":1024,"FRAME_TRANSFER":true,"VERTICAL_CLOCK_VOLTAGE":0,"AD_CHANNEL":0}
9/1/2022 10:47 AM ResponseAcquisChD  RX=RETURNING_STATUS {"CUBE_EXPOSURE_TIME":0,"CUBES_DONE":0,"LAST_IMAGE_NAME":"","DISK_SPACE":0,"FRAMES_DONE":0,"CCD_STATUS":"IDLE","CURRENT_TEMPERATURE":20,"TEMPERATURE_STATUS":"TEMPERATURE_OFF","FRAME_EXPOSURE_TIME":0,"CCD_POWER_STATUS":true,"SERIAL_NUMBER":9917,"ACQUIRING":false}
9/1/2022 10:47 AM CommandAcquisChD  TX=READ_SETUP 
9/1/2022 10:47 AM CommandAcquisChD  TX=SET COOLER_POWER_STATUS 0
9/1/2022 10:47 AM ResponseAcquisChD  RX=CCD_SETUP {"PREAMP":0,"READOUT_RATE":0,"EM_GAIN":2,"VBIN":1,"INITIAL_LINE":1,"INITIAL_COLUMN":1,"FINAL_LINE":1024,"FINAL_COLUMN":1024,"TRIGGER_MODE":0,"HBIN":1,"SHUTTER_TTL":0,"SHUTTER_MODE":1,"SHUTTER_OPENING_TIME":1,"SHUTTER_CLOSING_TIME":1,"VERTICAL_SHIFT_SPEED":3,"READ_MODE":4,"FRAME_TRANSFER":true,"VERTICAL_CLOCK_VOLTAGE":0,"ACQUISITION_MODE":3,"AD_CHANNEL":0,"EM_MODE":1}
9/1/2022 10:47 AM ResponseAcquisChD  RX=DONE
9/1/2022 10:49 AM CommandAcquisChD  TX=SET TEMP -60
9/1/2022 10:49 AM ResponseAcquisChD  RX=RETURNING_STATUS {"CUBE_EXPOSURE_TIME":0,"CUBES_DONE":0,"LAST_IMAGE_NAME":"","DISK_SPACE":0,"FRAMES_DONE":0,"CCD_STATUS":"IDLE","CURRENT_TEMPERATURE":20,"TEMPERATURE_STATUS":"TEMPERATURE_OFF","FRAME_EXPOSURE_TIME":0,"CCD_POWER_STATUS":true,"SERIAL_NUMBER":9917,"ACQUIRING":false}
9/1/2022 10:49 AM CommandAcquisChD  TX=SET COOLER_POWER_STATUS 1
9/1/2022 10:49 AM ResponseAcquisChD  RX=DONE
9/1/2022 10:49 AM CommandInstrument  TX=S4ICS WPROT NONE NONE,WPSEL GOTO L/4,GMIR NONE NONE,GFOC NONE NONE,CALW GOTO DEPOLARIZER,ASEL GOTO ANALYZER

9/1/2022 10:49 AM ResponseInstrument  RX=WPROT SIMULATED READY 720 HOME 0, WPSEL SIMULATED BUSY 100 L/4 3, ASEL SIMULATED BUSY 100 ANALYZER 2, CALW SIMULATED BUSY 720 POLARIZER 2, GFOC SIMULATED READY 0 HOME 0, GMIR SIMULATED READY 0 HOME 0

9/1/2022 10:50 AM CommandAcquisChD  TX=SET EXPTIME 2.000000
9/1/2022 10:50 AM ResponseAcquisChD  RX=RETURNING_STATUS {"CUBE_EXPOSURE_TIME":0,"CUBES_DONE":0,"LAST_IMAGE_NAME":"","DISK_SPACE":0,"FRAMES_DONE":0,"CCD_STATUS":"IDLE","CURRENT_TEMPERATURE":-60,"TEMPERATURE_STATUS":"TEMPERATURE_STABILIZED","FRAME_EXPOSURE_TIME":0,"CCD_POWER_STATUS":true,"SERIAL_NUMBER":9917,"ACQUIRING":false}
9/1/2022 10:50 AM ResponseAcquisChD  RX=DONE
9/1/2022 10:50 AM CommandAcquisChD  TX=SET #FRAMES 5.000000
9/1/2022 10:50 AM CommandAcquisChD  TX=SET #CUBES 1.0000 
9/1/2022 10:50 AM ResponseAcquisChD  RX=DONE
9/1/2022 10:50 AM CommandAcquisChD  TX=SET SUFFIX DFLAT
9/1/2022 10:50 AM ResponseAcquisChD  RX=DONE
9/1/2022 10:50 AM CommandAcquisChD  TX=SET OBSTYPE DFLAT
9/1/2022 10:50 AM ResponseAcquisChD  RX=DONE
9/1/2022 10:50 AM ResponseAcquisChD  RX=DONE
9/1/2022 10:50 AM CommandInstrument  TX=S4ICS WPROT GOTO WP2,WPSEL NONE NONE,GMIR NONE NONE,GFOC NONE NONE,CALW NONE NONE,ASEL NONE NONE

9/1/2022 10:50 AM ResponseInstrument  RX=WPROT SIMULATED BUSY 720 HOME 0, WPSEL SIMULATED READY 100 L/4 3, ASEL SIMULATED READY 100 ANALYZER 2, CALW SIMULATED READY 144 DEPOLARIZER 3, GFOC SIMULATED READY 0 HOME 0, GMIR SIMULATED READY 0 HOME 0

9/1/2022 10:51 AM CommandSyncBox  TX=ADELAY 0m

9/1/2022 10:51 AM ResponseSyncBox  RX=

     Highland Technology  Model T560  Digital Delay Generator

Firmware 28E560-D  02407                Cal date July 19, 2018      

Trig   REM  50R  Level 1.250   Div   0,000,000,000  SYN 00,010,000.00
Gate   OFF  POS  HIZ           Shots 0,000,000,279
Burst  OFF  N  0,000,000,016   of M  0,000,000,064

Verbos ON   Autoinstall FEOD   Usec 2,681,518,059  DPLL 00010
Clock  OUT  Trim 02166         Temp +49.8

Errs   None

Ch A  POS  ON     Dly  00.000,000,000,000  Wid  00.200,000,000,000
Ch B  POS  ON     Dly  00.000,000,000,000  Wid  00.200,000,000,000
Ch C  POS  ON     Dly  00.000,000,000,000  Wid  00.200,000,000,000
Ch D  POS  ON     Dly  00.000,000,000,000  Wid  00.200,000,000,000



9/1/2022 10:51 AM ResponseSyncBox  RX=OK

9/1/2022 10:51 AM CommandSyncBox  TX=BDELAY 0m

9/1/2022 10:51 AM ResponseSyncBox  RX=OK

9/1/2022 10:51 AM CommandSyncBox  TX=CDELAY 0m

9/1/2022 10:51 AM ResponseSyncBox  RX=OK

9/1/2022 10:51 AM CommandSyncBox  TX=DDELAY 0m

9/1/2022 10:51 AM ResponseSyncBox  RX=OK

9/1/2022 10:51 AM CommandSyncBox  TX=AWIDTH 200m

9/1/2022 10:51 AM ResponseSyncBox  RX=OK

9/1/2022 10:51 AM CommandSyncBox  TX=BWIDTH 200m

9/1/2022 10:51 AM ResponseSyncBox  RX=OK

9/1/2022 10:51 AM CommandSyncBox  TX=CWIDTH 200m

9/1/2022 10:51 AM ResponseSyncBox  RX=OK

9/1/2022 10:51 AM CommandSyncBox  TX=DWIDTH 200m

9/1/2022 10:51 AM ResponseSyncBox  RX=OK

9/1/2022 10:51 AM CommandSyncBox  TX=aset on

9/1/2022 10:51 AM ResponseSyncBox  RX=OK

9/1/2022 10:51 AM CommandSyncBox  TX=bset on

9/1/2022 10:51 AM ResponseSyncBox  RX=OK

9/1/2022 10:51 AM CommandSyncBox  TX=cset on

9/1/2022 10:51 AM ResponseSyncBox  RX=OK

9/1/2022 10:51 AM CommandSyncBox  TX=dset on

9/1/2022 10:51 AM ResponseSyncBox  RX=OK

9/1/2022 10:51 AM CommandSyncBox  TX=IN

9/1/2022 10:51 AM ResponseSyncBox  RX=OK

9/1/2022 10:51 AM CommandAcquisChD  TX=EXPOSE
9/1/2022 10:51 AM ResponseAcquisChD  RX=RETURNING_STATUS {"CUBE_EXPOSURE_TIME":0,"CUBES_DONE":0,"LAST_IMAGE_NAME":"","DISK_SPACE":0,"FRAMES_DONE":0,"CCD_STATUS":"IDLE","CURRENT_TEMPERATURE":-60,"TEMPERATURE_STATUS":"TEMPERATURE_STABILIZED","FRAME_EXPOSURE_TIME":0,"CCD_POWER_STATUS":true,"SERIAL_NUMBER":9917,"ACQUIRING":false}
9/1/2022 10:51 AM CommandSyncBox  TX=TRigger REmote

9/1/2022 10:51 AM ResponseSyncBox  RX=

     Highland Technology  Model T560  Digital Delay Generator

Firmware 28E560-D  02407                Cal date July 19, 2018      

Trig   REM  50R  Level 1.250   Div   0,000,000,000  SYN 00,010,000.00
Gate   OFF  POS  HIZ           Shots 0,000,000,279
Burst  OFF  N  0,000,000,016   of M  0,000,000,064

Verbos ON   Autoinstall FEOD   Usec 2,683,531,421  DPLL 00010
Clock  OUT  Trim 02166         Temp +49.8

Errs   None

Ch A  POS  ON     Dly  00.000,000,000,000  Wid  00.200,000,000,000
Ch B  POS  ON     Dly  00.000,000,000,000  Wid  00.200,000,000,000
Ch C  POS  ON     Dly  00.000,000,000,000  Wid  00.200,000,000,000
Ch D  POS  ON     Dly  00.000,000,000,000  Wid  00.200,000,000,000



9/1/2022 10:51 AM ResponseSyncBox  RX=OK

9/1/2022 10:51 AM CommandSyncBox  TX=IN

9/1/2022 10:51 AM ResponseSyncBox  RX=OK

9/1/2022 10:51 AM CommandSyncBox  TX=TRigger

9/1/2022 10:51 AM ResponseSyncBox  RX=Trig   REM  50R  Level 1.250   Div   0,000,000,000  SYN 00,010,000.00

9/1/2022 10:51 AM CommandSyncBox  TX=FIre

9/1/2022 10:51 AM ResponseSyncBox  RX=OK

9/1/2022 10:51 AM CommandInstrument  TX=S4ICS WPROT GOTO WP6,WPSEL NONE NONE,GMIR NONE NONE,GFOC NONE NONE,CALW NONE NONE,ASEL NONE NONE

9/1/2022 10:51 AM ResponseInstrument  RX=WPROT SIMULATED BUSY 22 WP2 2, WPSEL SIMULATED READY 100 L/4 3, ASEL SIMULATED READY 100 ANALYZER 2, CALW SIMULATED READY 144 DEPOLARIZER 3, GFOC SIMULATED READY 0 HOME 0, GMIR SIMULATED READY 0 HOME 0

9/1/2022 10:51 AM CommandSyncBox  TX=ADELAY 0m

9/1/2022 10:51 AM ResponseSyncBox  RX=

     Highland Technology  Model T560  Digital Delay Generator

Firmware 28E560-D  02407                Cal date July 19, 2018      

Trig   REM  50R  Level 1.250   Div   0,000,000,000  SYN 00,010,000.00
Gate   OFF  POS  HIZ           Shots 0,000,000,280
Burst  OFF  N  0,000,000,016   of M  0,000,000,064

Verbos ON   Autoinstall FEOD   Usec 2,707,417,117  DPLL 00010
Clock  OUT  Trim 02166         Temp +49.8

Errs   None

Ch A  POS  ON     Dly  00.000,000,000,000  Wid  00.200,000,000,000
Ch B  POS  ON     Dly  00.000,000,000,000  Wid  00.200,000,000,000
Ch C  POS  ON     Dly  00.000,000,000,000  Wid  00.200,000,000,000
Ch D  POS  ON     Dly  00.000,000,000,000  Wid  00.200,000,000,000



9/1/2022 10:51 AM ResponseSyncBox  RX=OK

9/1/2022 10:51 AM CommandSyncBox  TX=BDELAY 0m

9/1/2022 10:51 AM ResponseSyncBox  RX=OK

9/1/2022 10:51 AM CommandSyncBox  TX=CDELAY 0m

9/1/2022 10:51 AM ResponseSyncBox  RX=OK

9/1/2022 10:51 AM CommandSyncBox  TX=DDELAY 0m

9/1/2022 10:51 AM ResponseSyncBox  RX=OK

9/1/2022 10:51 AM CommandSyncBox  TX=AWIDTH 200m

9/1/2022 10:51 AM ResponseSyncBox  RX=OK

9/1/2022 10:51 AM CommandSyncBox  TX=BWIDTH 200m

9/1/2022 10:51 AM ResponseSyncBox  RX=OK

9/1/2022 10:51 AM CommandSyncBox  TX=CWIDTH 200m

9/1/2022 10:51 AM ResponseSyncBox  RX=OK

9/1/2022 10:51 AM CommandSyncBox  TX=DWIDTH 200m

9/1/2022 10:51 AM ResponseSyncBox  RX=OK

9/1/2022 10:51 AM CommandSyncBox  TX=aset on

9/1/2022 10:51 AM ResponseSyncBox  RX=OK

9/1/2022 10:51 AM CommandSyncBox  TX=bset on

9/1/2022 10:51 AM ResponseSyncBox  RX=OK

9/1/2022 10:51 AM CommandSyncBox  TX=cset on

9/1/2022 10:51 AM ResponseSyncBox  RX=OK

9/1/2022 10:51 AM CommandSyncBox  TX=dset on

9/1/2022 10:51 AM ResponseSyncBox  RX=OK

9/1/2022 10:51 AM CommandSyncBox  TX=IN

9/1/2022 10:51 AM ResponseSyncBox  RX=OK

9/1/2022 10:51 AM CommandAcquisChD  TX=EXPOSE
9/1/2022 10:51 AM CommandSyncBox  TX=TRigger REmote

9/1/2022 10:51 AM ResponseSyncBox  RX=

     Highland Technology  Model T560  Digital Delay Generator

Firmware 28E560-D  02407                Cal date July 19, 2018      

Trig   REM  50R  Level 1.250   Div   0,000,000,000  SYN 00,010,000.00
Gate   OFF  POS  HIZ           Shots 0,000,000,280
Burst  OFF  N  0,000,000,016   of M  0,000,000,064

Verbos ON   Autoinstall FEOD   Usec 2,709,466,142  DPLL 00010
Clock  OUT  Trim 02166         Temp +49.8

Errs   None

Ch A  POS  ON     Dly  00.000,000,000,000  Wid  00.200,000,000,000
Ch B  POS  ON     Dly  00.000,000,000,000  Wid  00.200,000,000,000
Ch C  POS  ON     Dly  00.000,000,000,000  Wid  00.200,000,000,000
Ch D  POS  ON     Dly  00.000,000,000,000  Wid  00.200,000,000,000



9/1/2022 10:51 AM ResponseSyncBox  RX=OK

9/1/2022 10:51 AM CommandSyncBox  TX=IN

9/1/2022 10:51 AM ResponseSyncBox  RX=OK

9/1/2022 10:51 AM CommandSyncBox  TX=TRigger

9/1/2022 10:51 AM ResponseSyncBox  RX=Trig   REM  50R  Level 1.250   Div   0,000,000,000  SYN 00,010,000.00

9/1/2022 10:51 AM CommandSyncBox  TX=FIre

9/1/2022 10:51 AM ResponseSyncBox  RX=OK

9/1/2022 10:52 AM CommandInstrument  TX=S4ICS WPROT GOTO WP10,WPSEL NONE NONE,GMIR NONE NONE,GFOC NONE NONE,CALW NONE NONE,ASEL NONE NONE

9/1/2022 10:52 AM ResponseInstrument  RX=WPROT SIMULATED BUSY 112 WP6 6, WPSEL SIMULATED READY 100 L/4 3, ASEL SIMULATED READY 100 ANALYZER 2, CALW SIMULATED READY 144 DEPOLARIZER 3, GFOC SIMULATED READY 0 HOME 0, GMIR SIMULATED READY 0 HOME 0

9/1/2022 10:52 AM CommandSyncBox  TX=ADELAY 0m

9/1/2022 10:52 AM ResponseSyncBox  RX=

     Highland Technology  Model T560  Digital Delay Generator

Firmware 28E560-D  02407                Cal date July 19, 2018      

Trig   REM  50R  Level 1.250   Div   0,000,000,000  SYN 00,010,000.00
Gate   OFF  POS  HIZ           Shots 0,000,000,281
Burst  OFF  N  0,000,000,016   of M  0,000,000,064

Verbos ON   Autoinstall FEOD   Usec 2,731,935,671  DPLL 00010
Clock  OUT  Trim 02166         Temp +49.8

Errs   None

Ch A  POS  ON     Dly  00.000,000,000,000  Wid  00.200,000,000,000
Ch B  POS  ON     Dly  00.000,000,000,000  Wid  00.200,000,000,000
Ch C  POS  ON     Dly  00.000,000,000,000  Wid  00.200,000,000,000
Ch D  POS  ON     Dly  00.000,000,000,000  Wid  00.200,000,000,000



9/1/2022 10:52 AM ResponseSyncBox  RX=OK

9/1/2022 10:52 AM CommandSyncBox  TX=BDELAY 0m

9/1/2022 10:52 AM ResponseSyncBox  RX=OK

9/1/2022 10:52 AM CommandSyncBox  TX=CDELAY 0m

9/1/2022 10:52 AM ResponseSyncBox  RX=OK

9/1/2022 10:52 AM CommandSyncBox  TX=DDELAY 0m

9/1/2022 10:52 AM ResponseSyncBox  RX=OK

9/1/2022 10:52 AM CommandSyncBox  TX=AWIDTH 200m

9/1/2022 10:52 AM ResponseSyncBox  RX=OK

9/1/2022 10:52 AM CommandSyncBox  TX=BWIDTH 200m

9/1/2022 10:52 AM ResponseSyncBox  RX=OK

9/1/2022 10:52 AM CommandSyncBox  TX=CWIDTH 200m

9/1/2022 10:52 AM ResponseSyncBox  RX=OK

9/1/2022 10:52 AM CommandSyncBox  TX=DWIDTH 200m

9/1/2022 10:52 AM ResponseSyncBox  RX=OK

9/1/2022 10:52 AM CommandSyncBox  TX=aset on

9/1/2022 10:52 AM ResponseSyncBox  RX=OK

9/1/2022 10:52 AM CommandSyncBox  TX=bset on

9/1/2022 10:52 AM ResponseSyncBox  RX=OK

9/1/2022 10:52 AM CommandSyncBox  TX=cset on

9/1/2022 10:52 AM ResponseSyncBox  RX=OK

9/1/2022 10:52 AM CommandSyncBox  TX=dset on

9/1/2022 10:52 AM ResponseSyncBox  RX=OK

9/1/2022 10:52 AM CommandSyncBox  TX=IN

9/1/2022 10:52 AM ResponseSyncBox  RX=OK

9/1/2022 10:52 AM CommandAcquisChD  TX=EXPOSE
9/1/2022 10:52 AM CommandSyncBox  TX=TRigger REmote

9/1/2022 10:52 AM ResponseSyncBox  RX=

     Highland Technology  Model T560  Digital Delay Generator

Firmware 28E560-D  02407                Cal date July 19, 2018      

Trig   REM  50R  Level 1.250   Div   0,000,000,000  SYN 00,010,000.00
Gate   OFF  POS  HIZ           Shots 0,000,000,281
Burst  OFF  N  0,000,000,016   of M  0,000,000,064

Verbos ON   Autoinstall FEOD   Usec 2,734,002,231  DPLL 00010
Clock  OUT  Trim 02166         Temp +49.8

Errs   None

Ch A  POS  ON     Dly  00.000,000,000,000  Wid  00.200,000,000,000
Ch B  POS  ON     Dly  00.000,000,000,000  Wid  00.200,000,000,000
Ch C  POS  ON     Dly  00.000,000,000,000  Wid  00.200,000,000,000
Ch D  POS  ON     Dly  00.000,000,000,000  Wid  00.200,000,000,000



9/1/2022 10:52 AM ResponseSyncBox  RX=OK

9/1/2022 10:52 AM CommandSyncBox  TX=IN

9/1/2022 10:52 AM ResponseSyncBox  RX=OK

9/1/2022 10:52 AM CommandSyncBox  TX=TRigger

9/1/2022 10:52 AM ResponseSyncBox  RX=Trig   REM  50R  Level 1.250   Div   0,000,000,000  SYN 00,010,000.00

9/1/2022 10:52 AM CommandSyncBox  TX=FIre

9/1/2022 10:52 AM ResponseSyncBox  RX=OK

9/1/2022 10:52 AM CommandInstrument  TX=S4ICS WPROT GOTO WP14,WPSEL NONE NONE,GMIR NONE NONE,GFOC NONE NONE,CALW NONE NONE,ASEL NONE NONE

9/1/2022 10:52 AM ResponseInstrument  RX=WPROT SIMULATED BUSY 202 WP10 10, WPSEL SIMULATED READY 100 L/4 3, ASEL SIMULATED READY 100 ANALYZER 2, CALW SIMULATED READY 144 DEPOLARIZER 3, GFOC SIMULATED READY 0 HOME 0, GMIR SIMULATED READY 0 HOME 0

9/1/2022 10:52 AM CommandSyncBox  TX=ADELAY 0m

9/1/2022 10:52 AM ResponseSyncBox  RX=

     Highland Technology  Model T560  Digital Delay Generator

Firmware 28E560-D  02407                Cal date July 19, 2018      

Trig   REM  50R  Level 1.250   Div   0,000,000,000  SYN 00,010,000.00
Gate   OFF  POS  HIZ           Shots 0,000,000,282
Burst  OFF  N  0,000,000,016   of M  0,000,000,064

Verbos ON   Autoinstall FEOD   Usec 2,757,210,397  DPLL 00010
Clock  OUT  Trim 02166         Temp +49.9

Errs   None

Ch A  POS  ON     Dly  00.000,000,000,000  Wid  00.200,000,000,000
Ch B  POS  ON     Dly  00.000,000,000,000  Wid  00.200,000,000,000
Ch C  POS  ON     Dly  00.000,000,000,000  Wid  00.200,000,000,000
Ch D  POS  ON     Dly  00.000,000,000,000  Wid  00.200,000,000,000



9/1/2022 10:52 AM ResponseSyncBox  RX=OK

9/1/2022 10:52 AM CommandSyncBox  TX=BDELAY 0m

9/1/2022 10:52 AM ResponseSyncBox  RX=OK

9/1/2022 10:52 AM CommandSyncBox  TX=CDELAY 0m

9/1/2022 10:52 AM ResponseSyncBox  RX=OK

9/1/2022 10:52 AM CommandSyncBox  TX=DDELAY 0m

9/1/2022 10:52 AM ResponseSyncBox  RX=OK

9/1/2022 10:52 AM CommandSyncBox  TX=AWIDTH 200m

9/1/2022 10:52 AM ResponseSyncBox  RX=OK

9/1/2022 10:52 AM CommandSyncBox  TX=BWIDTH 200m

9/1/2022 10:52 AM ResponseSyncBox  RX=OK

9/1/2022 10:52 AM CommandSyncBox  TX=CWIDTH 200m

9/1/2022 10:52 AM ResponseSyncBox  RX=OK

9/1/2022 10:52 AM CommandSyncBox  TX=DWIDTH 200m

9/1/2022 10:52 AM ResponseSyncBox  RX=OK

9/1/2022 10:52 AM CommandSyncBox  TX=aset on

9/1/2022 10:52 AM ResponseSyncBox  RX=OK

9/1/2022 10:52 AM CommandSyncBox  TX=bset on

9/1/2022 10:52 AM ResponseSyncBox  RX=OK

9/1/2022 10:52 AM CommandSyncBox  TX=cset on

9/1/2022 10:52 AM ResponseSyncBox  RX=OK

9/1/2022 10:52 AM CommandSyncBox  TX=dset on

9/1/2022 10:52 AM ResponseSyncBox  RX=OK

9/1/2022 10:52 AM CommandSyncBox  TX=IN

9/1/2022 10:52 AM ResponseSyncBox  RX=OK

9/1/2022 10:52 AM CommandAcquisChD  TX=EXPOSE
9/1/2022 10:52 AM CommandSyncBox  TX=TRigger REmote

9/1/2022 10:52 AM ResponseSyncBox  RX=

     Highland Technology  Model T560  Digital Delay Generator

Firmware 28E560-D  02407                Cal date July 19, 2018      

Trig   REM  50R  Level 1.250   Div   0,000,000,000  SYN 00,010,000.00
Gate   OFF  POS  HIZ           Shots 0,000,000,282
Burst  OFF  N  0,000,000,016   of M  0,000,000,064

Verbos ON   Autoinstall FEOD   Usec 2,759,226,116  DPLL 00010
Clock  OUT  Trim 02166         Temp +49.8

Errs   None

Ch A  POS  ON     Dly  00.000,000,000,000  Wid  00.200,000,000,000
Ch B  POS  ON     Dly  00.000,000,000,000  Wid  00.200,000,000,000
Ch C  POS  ON     Dly  00.000,000,000,000  Wid  00.200,000,000,000
Ch D  POS  ON     Dly  00.000,000,000,000  Wid  00.200,000,000,000



9/1/2022 10:52 AM ResponseSyncBox  RX=OK

9/1/2022 10:52 AM CommandSyncBox  TX=IN

9/1/2022 10:52 AM ResponseSyncBox  RX=OK

9/1/2022 10:52 AM CommandSyncBox  TX=TRigger

9/1/2022 10:52 AM ResponseSyncBox  RX=Trig   REM  50R  Level 1.250   Div   0,000,000,000  SYN 00,010,000.00

9/1/2022 10:52 AM CommandSyncBox  TX=FIre

9/1/2022 10:52 AM ResponseSyncBox  RX=OK

