8/25/2022 11:51 AM CommandAcquisChA  TX=WRITE_SETUP {"ACQUISITION_MODE":3,"TRIGGER_MODE":6,"READ_MODE":4,"PREAMP":0,"READOUT_RATE":0,"VERTICAL_SHIFT_SPEED":3,"EM_MODE":1,"EM_GAIN":2,"SHUTTER_MODE":2,"SHUTTER_TTL":0,"SHUTTER_OPENING_TIME":1,"SHUTTER_CLOSING_TIME":1,"VBIN":1,"HBIN":1,"INITIAL_LINE":1,"INITIAL_COLUMN":1,"FINAL_LINE":1024,"FINAL_COLUMN":1024,"FRAME_TRANSFER":true,"VERTICAL_CLOCK_VOLTAGE":0,"AD_CHANNEL":0}
8/25/2022 11:51 AM CommandAcquisChB  TX=WRITE_SETUP {"ACQUISITION_MODE":3,"TRIGGER_MODE":1,"READ_MODE":0,"PREAMP":0,"READOUT_RATE":0,"VERTICAL_SHIFT_SPEED":0,"EM_MODE":1,"EM_GAIN":2,"SHUTTER_MODE":2,"SHUTTER_TTL":0,"SHUTTER_OPENING_TIME":1,"SHUTTER_CLOSING_TIME":1,"VBIN":1,"HBIN":1,"INITIAL_LINE":1,"INITIAL_COLUMN":1,"FINAL_LINE":1024,"FINAL_COLUMN":1024,"FRAME_TRANSFER":true,"VERTICAL_CLOCK_VOLTAGE":0,"AD_CHANNEL":0}
8/25/2022 11:51 AM CommandAcquisChC  TX=WRITE_SETUP {"ACQUISITION_MODE":3,"TRIGGER_MODE":1,"READ_MODE":0,"PREAMP":0,"READOUT_RATE":0,"VERTICAL_SHIFT_SPEED":0,"EM_MODE":1,"EM_GAIN":2,"SHUTTER_MODE":2,"SHUTTER_TTL":0,"SHUTTER_OPENING_TIME":1,"SHUTTER_CLOSING_TIME":1,"VBIN":1,"HBIN":1,"INITIAL_LINE":1,"INITIAL_COLUMN":1,"FINAL_LINE":1024,"FINAL_COLUMN":1024,"FRAME_TRANSFER":true,"VERTICAL_CLOCK_VOLTAGE":0,"AD_CHANNEL":0}
8/25/2022 11:51 AM CommandAcquisChD  TX=WRITE_SETUP {"ACQUISITION_MODE":3,"TRIGGER_MODE":6,"READ_MODE":4,"PREAMP":0,"READOUT_RATE":0,"VERTICAL_SHIFT_SPEED":3,"EM_MODE":1,"EM_GAIN":2,"SHUTTER_MODE":2,"SHUTTER_TTL":0,"SHUTTER_OPENING_TIME":1,"SHUTTER_CLOSING_TIME":1,"VBIN":1,"HBIN":1,"INITIAL_LINE":1,"INITIAL_COLUMN":1,"FINAL_LINE":1024,"FINAL_COLUMN":1024,"FRAME_TRANSFER":true,"VERTICAL_CLOCK_VOLTAGE":0,"AD_CHANNEL":0}
8/25/2022 11:51 AM CommandSyncBox  TX=ADELAY 0m

8/25/2022 11:51 AM ResponseSyncBox  RX=OK

8/25/2022 11:51 AM CommandSyncBox  TX=BDELAY 0m

8/25/2022 11:51 AM ResponseSyncBox  RX=OK

8/25/2022 11:51 AM CommandSyncBox  TX=CDELAY 0m

8/25/2022 11:51 AM ResponseSyncBox  RX=OK

8/25/2022 11:51 AM CommandSyncBox  TX=DDELAY 0m

8/25/2022 11:51 AM ResponseSyncBox  RX=OK

8/25/2022 11:51 AM CommandSyncBox  TX=AWIDTH 200m

8/25/2022 11:51 AM ResponseSyncBox  RX=OK

8/25/2022 11:51 AM CommandSyncBox  TX=BWIDTH 200m

8/25/2022 11:51 AM ResponseSyncBox  RX=OK

8/25/2022 11:51 AM CommandSyncBox  TX=CWIDTH 200m

8/25/2022 11:51 AM ResponseSyncBox  RX=OK

8/25/2022 11:51 AM CommandSyncBox  TX=DWIDTH 200m

8/25/2022 11:51 AM ResponseSyncBox  RX=OK

8/25/2022 11:51 AM CommandSyncBox  TX=aset on

8/25/2022 11:51 AM ResponseSyncBox  RX=OK

8/25/2022 11:51 AM CommandSyncBox  TX=bset on

8/25/2022 11:51 AM ResponseSyncBox  RX=OK

8/25/2022 11:51 AM CommandSyncBox  TX=cset on

8/25/2022 11:51 AM ResponseSyncBox  RX=OK

8/25/2022 11:51 AM CommandSyncBox  TX=dset on

8/25/2022 11:51 AM ResponseSyncBox  RX=OK

8/25/2022 11:51 AM CommandSyncBox  TX=IN

8/25/2022 11:51 AM ResponseSyncBox  RX=OK

8/25/2022 11:51 AM CommandAcquisChA  TX=READ_SETUP 
8/25/2022 11:51 AM CommandAcquisChB  TX=READ_SETUP 
8/25/2022 11:51 AM CommandAcquisChC  TX=READ_SETUP 
8/25/2022 11:51 AM CommandAcquisChD  TX=READ_SETUP 
8/25/2022 11:51 AM ResponseAcquisChD  RX=CCD_SETUP {"PREAMP":0,"READOUT_RATE":0,"EM_GAIN":2,"VBIN":1,"INITIAL_LINE":1,"INITIAL_COLUMN":1,"FINAL_LINE":1024,"FINAL_COLUMN":1024,"TRIGGER_MODE":6,"HBIN":1,"SHUTTER_TTL":0,"SHUTTER_MODE":2,"SHUTTER_OPENING_TIME":1,"SHUTTER_CLOSING_TIME":1,"VERTICAL_SHIFT_SPEED":3,"READ_MODE":4,"FRAME_TRANSFER":true,"VERTICAL_CLOCK_VOLTAGE":0,"ACQUISITION_MODE":3,"AD_CHANNEL":0,"EM_MODE":1}
8/25/2022 11:51 AM CommandAcquisChD  TX=SET COOLER_POWER_STATUS 0
8/25/2022 11:51 AM ResponseAcquisChD  RX=DONE
8/25/2022 11:51 AM CommandAcquisChA  TX=SET COOLER_POWER_STATUS 0
8/25/2022 11:51 AM CommandAcquisChB  TX=SET COOLER_POWER_STATUS 0
8/25/2022 11:51 AM CommandAcquisChC  TX=SET COOLER_POWER_STATUS 0
8/25/2022 11:51 AM CommandInstrument  TX=S4ICS WPROT NONE NONE,WPSEL GOTO CLEAR,GMIR NONE NONE,GFOC NONE NONE,CALW GOTO CLEAR,ASEL GOTO CLEAR

8/25/2022 11:51 AM ResponseInstrument  RX=WPROT SIMULATED READY 112 WP6 6, WPSEL SIMULATED BUSY 50 CLEAR 1, ASEL SIMULATED BUSY 100 NONE -1, CALW SIMULATED BUSY 72 POLARIZER 2, GFOC SIMULATED READY 0 HOME 0, GMIR SIMULATED READY 0 HOME 0

8/25/2022 12:09 PM CommandInstrument  TX=S4ICS WPROT NONE NONE,WPSEL GOTO L/2,GMIR NONE NONE,GFOC NONE NONE,CALW GOTO POLARIZER,ASEL GOTO ANALYZER

8/25/2022 12:09 PM ResponseInstrument  RX=WPROT SIMULATED READY 112 WP6 6, WPSEL SIMULATED BUSY 50 CLEAR 1, ASEL SIMULATED BUSY 0 CLEAR 1, CALW SIMULATED BUSY 0 CLEAR 1, GFOC SIMULATED READY 0 HOME 0, GMIR SIMULATED READY 0 HOME 0

8/25/2022 12:10 PM CommandInstrument  TX=S4ICS WPROT NONE NONE,WPSEL GOTO CLEAR,GMIR NONE NONE,GFOC NONE NONE,CALW GOTO CLEAR,ASEL GOTO CLEAR

8/25/2022 12:10 PM ResponseInstrument  RX=WPROT SIMULATED READY 112 WP6 6, WPSEL SIMULATED BUSY 0 L/2 2, ASEL SIMULATED BUSY 100 ANALYZER 2, CALW SIMULATED BUSY 72 POLARIZER 2, GFOC SIMULATED READY 0 HOME 0, GMIR SIMULATED READY 0 HOME 0

8/25/2022 12:11 PM CommandAcquisChD  TX=SET EXPTIME 1.500000
8/25/2022 12:11 PM ResponseAcquisChD  RX=RETURNING_STATUS {"CUBE_EXPOSURE_TIME":18,"CUBES_DONE":1,"LAST_IMAGE_NAME":"20220822_s4c4_DARK_000050.fits","DISK_SPACE":0,"FRAMES_DONE":12,"CCD_STATUS":"IDLE","CURRENT_TEMPERATURE":19,"TEMPERATURE_STATUS":"TEMPERATURE_OFF","FRAME_EXPOSURE_TIME":2,"CCD_POWER_STATUS":true,"SERIAL_NUMBER":9915,"ACQUIRING":false}
8/25/2022 12:11 PM ResponseAcquisChD  RX=DONE
8/25/2022 12:11 PM CommandAcquisChD  TX=SET #FRAMES 12.000000
8/25/2022 12:11 PM CommandAcquisChD  TX=SET #CUBES 1.0000 
8/25/2022 12:11 PM ResponseAcquisChD  RX=DONE
8/25/2022 12:11 PM CommandAcquisChD  TX=SET SUFFIX DARK
8/25/2022 12:11 PM ResponseAcquisChD  RX=DONE
8/25/2022 12:11 PM CommandAcquisChD  TX=SET OBSTYPE DARK
8/25/2022 12:11 PM ResponseAcquisChD  RX=DONE
8/25/2022 12:11 PM ResponseAcquisChD  RX=DONE
8/25/2022 12:11 PM CommandSyncBox  TX=ADELAY 0m

8/25/2022 12:11 PM ResponseSyncBox  RX=OK

8/25/2022 12:11 PM CommandSyncBox  TX=BDELAY 0m

8/25/2022 12:11 PM ResponseSyncBox  RX=OK

8/25/2022 12:11 PM CommandSyncBox  TX=CDELAY 0m

8/25/2022 12:11 PM ResponseSyncBox  RX=OK

8/25/2022 12:11 PM CommandSyncBox  TX=DDELAY 0m

8/25/2022 12:11 PM ResponseSyncBox  RX=OK

8/25/2022 12:11 PM CommandSyncBox  TX=AWIDTH 200m

8/25/2022 12:11 PM ResponseSyncBox  RX=OK

8/25/2022 12:11 PM CommandSyncBox  TX=BWIDTH 200m

8/25/2022 12:11 PM ResponseSyncBox  RX=OK

8/25/2022 12:11 PM CommandSyncBox  TX=CWIDTH 200m

8/25/2022 12:11 PM ResponseSyncBox  RX=OK

8/25/2022 12:11 PM CommandSyncBox  TX=DWIDTH 200m

8/25/2022 12:11 PM ResponseSyncBox  RX=OK

8/25/2022 12:11 PM CommandSyncBox  TX=aset on

8/25/2022 12:11 PM ResponseSyncBox  RX=OK

8/25/2022 12:11 PM CommandSyncBox  TX=bset on

8/25/2022 12:11 PM ResponseSyncBox  RX=OK

8/25/2022 12:11 PM CommandSyncBox  TX=cset on

8/25/2022 12:11 PM ResponseSyncBox  RX=OK

8/25/2022 12:11 PM CommandSyncBox  TX=dset on

8/25/2022 12:11 PM ResponseSyncBox  RX=OK

8/25/2022 12:11 PM CommandSyncBox  TX=IN

8/25/2022 12:11 PM ResponseSyncBox  RX=OK

8/25/2022 12:11 PM CommandAcquisChD  TX=EXPOSE
8/25/2022 12:11 PM CommandSyncBox  TX=TRigger REmote

8/25/2022 12:11 PM ResponseSyncBox  RX=OK

8/25/2022 12:11 PM CommandSyncBox  TX=IN

8/25/2022 12:11 PM ResponseSyncBox  RX=OK

8/25/2022 12:11 PM CommandSyncBox  TX=TRigger

8/25/2022 12:11 PM ResponseSyncBox  RX=Trig   REM  50R  Level 1.250   Div   0,000,000,000  SYN 00,010,000.00

8/25/2022 12:11 PM CommandSyncBox  TX=FIre

8/25/2022 12:11 PM ResponseSyncBox  RX=OK

8/25/2022 12:14 PM CommandAcquisChD  TX=WRITE_SETUP {"ACQUISITION_MODE":3,"TRIGGER_MODE":6,"READ_MODE":4,"PREAMP":0,"READOUT_RATE":0,"VERTICAL_SHIFT_SPEED":3,"EM_MODE":1,"EM_GAIN":2,"SHUTTER_MODE":2,"SHUTTER_TTL":0,"SHUTTER_OPENING_TIME":1,"SHUTTER_CLOSING_TIME":1,"VBIN":1,"HBIN":1,"INITIAL_LINE":1,"INITIAL_COLUMN":1,"FINAL_LINE":1024,"FINAL_COLUMN":1024,"FRAME_TRANSFER":true,"VERTICAL_CLOCK_VOLTAGE":0,"AD_CHANNEL":0}
8/25/2022 12:14 PM CommandAcquisChD  TX=READ_SETUP 
8/25/2022 12:14 PM ResponseAcquisChD  RX=CCD_SETUP {"PREAMP":0,"READOUT_RATE":0,"EM_GAIN":2,"VBIN":1,"INITIAL_LINE":1,"INITIAL_COLUMN":1,"FINAL_LINE":1024,"FINAL_COLUMN":1024,"TRIGGER_MODE":6,"HBIN":1,"SHUTTER_TTL":0,"SHUTTER_MODE":2,"SHUTTER_OPENING_TIME":1,"SHUTTER_CLOSING_TIME":1,"VERTICAL_SHIFT_SPEED":3,"READ_MODE":4,"FRAME_TRANSFER":true,"VERTICAL_CLOCK_VOLTAGE":0,"ACQUISITION_MODE":3,"AD_CHANNEL":0,"EM_MODE":1}
8/25/2022 12:14 PM CommandAcquisChD  TX=SET COOLER_POWER_STATUS 0
8/25/2022 12:14 PM ResponseAcquisChD  RX=DONE
8/25/2022 12:15 PM CommandAcquisChD  TX=WRITE_SETUP {"ACQUISITION_MODE":3,"TRIGGER_MODE":6,"READ_MODE":4,"PREAMP":0,"READOUT_RATE":0,"VERTICAL_SHIFT_SPEED":3,"EM_MODE":1,"EM_GAIN":2,"SHUTTER_MODE":2,"SHUTTER_TTL":0,"SHUTTER_OPENING_TIME":1,"SHUTTER_CLOSING_TIME":1,"VBIN":1,"HBIN":1,"INITIAL_LINE":1,"INITIAL_COLUMN":1,"FINAL_LINE":1024,"FINAL_COLUMN":1024,"FRAME_TRANSFER":true,"VERTICAL_CLOCK_VOLTAGE":0,"AD_CHANNEL":0}
8/25/2022 12:15 PM CommandAcquisChD  TX=READ_SETUP 
8/25/2022 12:15 PM CommandAcquisChD  TX=SET COOLER_POWER_STATUS 0
8/25/2022 12:15 PM ResponseAcquisChD  RX=CCD_SETUP {"PREAMP":0,"READOUT_RATE":0,"EM_GAIN":2,"VBIN":1,"INITIAL_LINE":1,"INITIAL_COLUMN":1,"FINAL_LINE":1024,"FINAL_COLUMN":1024,"TRIGGER_MODE":6,"HBIN":1,"SHUTTER_TTL":0,"SHUTTER_MODE":2,"SHUTTER_OPENING_TIME":1,"SHUTTER_CLOSING_TIME":1,"VERTICAL_SHIFT_SPEED":3,"READ_MODE":4,"FRAME_TRANSFER":true,"VERTICAL_CLOCK_VOLTAGE":0,"ACQUISITION_MODE":3,"AD_CHANNEL":0,"EM_MODE":1}
8/25/2022 12:15 PM ResponseAcquisChD  RX=DONE
8/25/2022 12:15 PM CommandAcquisChD  TX=WRITE_SETUP {"ACQUISITION_MODE":3,"TRIGGER_MODE":6,"READ_MODE":4,"PREAMP":0,"READOUT_RATE":0,"VERTICAL_SHIFT_SPEED":3,"EM_MODE":1,"EM_GAIN":2,"SHUTTER_MODE":2,"SHUTTER_TTL":0,"SHUTTER_OPENING_TIME":1,"SHUTTER_CLOSING_TIME":1,"VBIN":1,"HBIN":1,"INITIAL_LINE":1,"INITIAL_COLUMN":1,"FINAL_LINE":1024,"FINAL_COLUMN":1024,"FRAME_TRANSFER":true,"VERTICAL_CLOCK_VOLTAGE":0,"AD_CHANNEL":0}
8/25/2022 12:15 PM ResponseAcquisChD  RX=RETURNING_STATUS {"CUBE_EXPOSURE_TIME":18,"CUBES_DONE":1,"LAST_IMAGE_NAME":"20220825_s4c4_DARK_000062.fits","DISK_SPACE":0,"FRAMES_DONE":12,"CCD_STATUS":"IDLE","CURRENT_TEMPERATURE":19,"TEMPERATURE_STATUS":"TEMPERATURE_OFF","FRAME_EXPOSURE_TIME":2,"CCD_POWER_STATUS":true,"SERIAL_NUMBER":9915,"ACQUIRING":false}
8/25/2022 12:15 PM CommandAcquisChD  TX=READ_SETUP 
8/25/2022 12:15 PM CommandAcquisChD  TX=SET COOLER_POWER_STATUS 0
8/25/2022 12:15 PM ResponseAcquisChD  RX=CCD_SETUP {"PREAMP":0,"READOUT_RATE":0,"EM_GAIN":2,"VBIN":1,"INITIAL_LINE":1,"INITIAL_COLUMN":1,"FINAL_LINE":1024,"FINAL_COLUMN":1024,"TRIGGER_MODE":6,"HBIN":1,"SHUTTER_TTL":0,"SHUTTER_MODE":2,"SHUTTER_OPENING_TIME":1,"SHUTTER_CLOSING_TIME":1,"VERTICAL_SHIFT_SPEED":3,"READ_MODE":4,"FRAME_TRANSFER":true,"VERTICAL_CLOCK_VOLTAGE":0,"ACQUISITION_MODE":3,"AD_CHANNEL":0,"EM_MODE":1}
8/25/2022 12:15 PM ResponseAcquisChD  RX=DONE
