9/20/2022 3:10 PM CommandAcquisChB  TX=WRITE_SETUP {"ACQUISITION_MODE":3,"TRIGGER_MODE":0,"READ_MODE":4,"PREAMP":0,"READOUT_RATE":0,"VERTICAL_SHIFT_SPEED":0,"EM_MODE":1,"EM_GAIN":2,"SHUTTER_MODE":2,"SHUTTER_TTL":0,"SHUTTER_OPENING_TIME":1,"SHUTTER_CLOSING_TIME":1,"VBIN":1,"HBIN":1,"INITIAL_LINE":1,"INITIAL_COLUMN":1,"FINAL_LINE":1024,"FINAL_COLUMN":1024,"FRAME_TRANSFER":true,"VERTICAL_CLOCK_VOLTAGE":0,"AD_CHANNEL":0}
9/20/2022 3:10 PM CommandAcquisChB  TX=READ_SETUP 
9/20/2022 3:10 PM ResponseAcquisChB  RX=CCD_SETUP {"PREAMP":0,"READOUT_RATE":0,"EM_GAIN":2,"VBIN":1,"INITIAL_LINE":1,"INITIAL_COLUMN":1,"FINAL_LINE":1024,"FINAL_COLUMN":1024,"TRIGGER_MODE":0,"HBIN":1,"SHUTTER_TTL":0,"SHUTTER_MODE":2,"SHUTTER_OPENING_TIME":1,"SHUTTER_CLOSING_TIME":1,"VERTICAL_SHIFT_SPEED":0,"READ_MODE":4,"FRAME_TRANSFER":true,"VERTICAL_CLOCK_VOLTAGE":0,"ACQUISITION_MODE":3,"AD_CHANNEL":0,"EM_MODE":1}
9/20/2022 3:10 PM CommandAcquisChB  TX=SET COOLER_POWER_STATUS 0
9/20/2022 3:10 PM ResponseAcquisChB  RX=DONE
9/20/2022 3:11 PM CommandInstrument  TX=S4ICS WPROT GOTO WP16,WPSEL NONE NONE,GMIR NONE NONE,GFOC NONE NONE,CALW NONE NONE,ASEL NONE NONE

9/20/2022 3:11 PM ResponseInstrument  RX=WPROT SIMULATED BUSY 315 WP15 15, WPSEL SIMULATED READY 0 L/2 2, ASEL SIMULATED READY 100 ANALYZER 2, CALW SIMULATED READY 72 POLARIZER 2, GFOC SIMULATED READY 0 HOME 0, GMIR SIMULATED READY 0 HOME 0

9/20/2022 3:11 PM CommandAcquisChB  TX=WRITE_SETUP {"ACQUISITION_MODE":3,"TRIGGER_MODE":0,"READ_MODE":4,"PREAMP":0,"READOUT_RATE":0,"VERTICAL_SHIFT_SPEED":0,"EM_MODE":1,"EM_GAIN":2,"SHUTTER_MODE":2,"SHUTTER_TTL":0,"SHUTTER_OPENING_TIME":1,"SHUTTER_CLOSING_TIME":1,"VBIN":1,"HBIN":1,"INITIAL_LINE":1,"INITIAL_COLUMN":1,"FINAL_LINE":1024,"FINAL_COLUMN":1024,"FRAME_TRANSFER":true,"VERTICAL_CLOCK_VOLTAGE":0,"AD_CHANNEL":0}
9/20/2022 3:11 PM CommandAcquisChB  TX=READ_SETUP 
9/20/2022 3:11 PM ResponseAcquisChB  RX=CCD_SETUP {"PREAMP":0,"READOUT_RATE":0,"EM_GAIN":2,"VBIN":1,"INITIAL_LINE":1,"INITIAL_COLUMN":1,"FINAL_LINE":1024,"FINAL_COLUMN":1024,"TRIGGER_MODE":0,"HBIN":1,"SHUTTER_TTL":0,"SHUTTER_MODE":2,"SHUTTER_OPENING_TIME":1,"SHUTTER_CLOSING_TIME":1,"VERTICAL_SHIFT_SPEED":0,"READ_MODE":4,"FRAME_TRANSFER":true,"VERTICAL_CLOCK_VOLTAGE":0,"ACQUISITION_MODE":3,"AD_CHANNEL":0,"EM_MODE":1}
9/20/2022 3:11 PM CommandAcquisChB  TX=SET COOLER_POWER_STATUS 0
9/20/2022 3:11 PM ResponseAcquisChB  RX=DONE
9/20/2022 3:11 PM CommandInstrument  TX=S4ICS WPROT GOTO WP1,WPSEL NONE NONE,GMIR NONE NONE,GFOC NONE NONE,CALW NONE NONE,ASEL NONE NONE

9/20/2022 3:11 PM ResponseInstrument  RX=WPROT SIMULATED BUSY 337 WP16 16, WPSEL SIMULATED READY 0 L/2 2, ASEL SIMULATED READY 100 ANALYZER 2, CALW SIMULATED READY 72 POLARIZER 2, GFOC SIMULATED READY 0 HOME 0, GMIR SIMULATED READY 0 HOME 0

9/20/2022 3:11 PM CommandAcquisChB  TX=SET EXPTIME 3.000000
9/20/2022 3:11 PM ResponseAcquisChB  RX=DONE
9/20/2022 3:11 PM CommandAcquisChB  TX=SET #FRAMES 2.000000
9/20/2022 3:11 PM ResponseAcquisChB  RX=DONE
9/20/2022 3:11 PM CommandAcquisChB  TX=SET #CUBES 1.0000 
9/20/2022 3:11 PM CommandAcquisChB  TX=SET SUFFIX 
9/20/2022 3:11 PM ResponseAcquisChB  RX=DONE
9/20/2022 3:11 PM CommandAcquisChB  TX=SET OBSTYPE OBJECT
9/20/2022 3:11 PM ResponseAcquisChB  RX=DONE
9/20/2022 3:11 PM ResponseAcquisChB  RX=DONE
9/20/2022 3:11 PM CommandInstrument  TX=S4ICS WPROT GOTO WP3,WPSEL NONE NONE,GMIR NONE NONE,GFOC NONE NONE,CALW NONE NONE,ASEL NONE NONE

9/20/2022 3:11 PM ResponseInstrument  RX=WPROT SIMULATED BUSY 0 WP1 1, WPSEL SIMULATED READY 0 L/2 2, ASEL SIMULATED READY 100 ANALYZER 2, CALW SIMULATED READY 72 POLARIZER 2, GFOC SIMULATED READY 0 HOME 0, GMIR SIMULATED READY 0 HOME 0

9/20/2022 3:11 PM CommandAcquisChB  TX=EXPOSE
9/20/2022 3:12 PM CommandInstrument  TX=S4ICS WPROT GOTO WP14,WPSEL NONE NONE,GMIR NONE NONE,GFOC NONE NONE,CALW NONE NONE,ASEL NONE NONE

9/20/2022 3:12 PM ResponseInstrument  RX=WPROT SIMULATED BUSY 45 WP3 3, WPSEL SIMULATED READY 0 L/2 2, ASEL SIMULATED READY 100 ANALYZER 2, CALW SIMULATED READY 72 POLARIZER 2, GFOC SIMULATED READY 0 HOME 0, GMIR SIMULATED READY 0 HOME 0

9/20/2022 3:12 PM CommandAcquisChB  TX=EXPOSE
