8/25/2022 10:44 AM CommandAcquisChA  TX=WRITE_SETUP {"ACQUISITION_MODE":3,"TRIGGER_MODE":6,"READ_MODE":4,"PREAMP":0,"READOUT_RATE":0,"VERTICAL_SHIFT_SPEED":3,"EM_MODE":1,"EM_GAIN":2,"SHUTTER_MODE":2,"SHUTTER_TTL":0,"SHUTTER_OPENING_TIME":1,"SHUTTER_CLOSING_TIME":1,"VBIN":1,"HBIN":1,"INITIAL_LINE":1,"INITIAL_COLUMN":1,"FINAL_LINE":1024,"FINAL_COLUMN":1024,"FRAME_TRANSFER":true,"VERTICAL_CLOCK_VOLTAGE":0,"AD_CHANNEL":0}
8/25/2022 10:44 AM CommandAcquisChB  TX=WRITE_SETUP {"ACQUISITION_MODE":3,"TRIGGER_MODE":1,"READ_MODE":0,"PREAMP":0,"READOUT_RATE":0,"VERTICAL_SHIFT_SPEED":0,"EM_MODE":1,"EM_GAIN":2,"SHUTTER_MODE":2,"SHUTTER_TTL":0,"SHUTTER_OPENING_TIME":1,"SHUTTER_CLOSING_TIME":1,"VBIN":1,"HBIN":1,"INITIAL_LINE":1,"INITIAL_COLUMN":1,"FINAL_LINE":1024,"FINAL_COLUMN":1024,"FRAME_TRANSFER":true,"VERTICAL_CLOCK_VOLTAGE":0,"AD_CHANNEL":0}
8/25/2022 10:44 AM CommandAcquisChC  TX=WRITE_SETUP {"ACQUISITION_MODE":3,"TRIGGER_MODE":1,"READ_MODE":0,"PREAMP":0,"READOUT_RATE":0,"VERTICAL_SHIFT_SPEED":0,"EM_MODE":1,"EM_GAIN":2,"SHUTTER_MODE":2,"SHUTTER_TTL":0,"SHUTTER_OPENING_TIME":1,"SHUTTER_CLOSING_TIME":1,"VBIN":1,"HBIN":1,"INITIAL_LINE":1,"INITIAL_COLUMN":1,"FINAL_LINE":1024,"FINAL_COLUMN":1024,"FRAME_TRANSFER":true,"VERTICAL_CLOCK_VOLTAGE":0,"AD_CHANNEL":0}
8/25/2022 10:44 AM CommandAcquisChD  TX=WRITE_SETUP {"ACQUISITION_MODE":3,"TRIGGER_MODE":6,"READ_MODE":4,"PREAMP":0,"READOUT_RATE":0,"VERTICAL_SHIFT_SPEED":3,"EM_MODE":1,"EM_GAIN":2,"SHUTTER_MODE":2,"SHUTTER_TTL":0,"SHUTTER_OPENING_TIME":1,"SHUTTER_CLOSING_TIME":1,"VBIN":1,"HBIN":1,"INITIAL_LINE":1,"INITIAL_COLUMN":1,"FINAL_LINE":1024,"FINAL_COLUMN":1024,"FRAME_TRANSFER":true,"VERTICAL_CLOCK_VOLTAGE":0,"AD_CHANNEL":0}
8/25/2022 10:44 AM CommandSyncBox  TX=ADELAY 0m

8/25/2022 10:44 AM ResponseSyncBox  RX=OK

8/25/2022 10:44 AM CommandSyncBox  TX=BDELAY 0m

8/25/2022 10:44 AM ResponseSyncBox  RX=OK

8/25/2022 10:44 AM CommandSyncBox  TX=CDELAY 0m

8/25/2022 10:44 AM ResponseSyncBox  RX=OK

8/25/2022 10:44 AM CommandSyncBox  TX=DDELAY 0m

8/25/2022 10:44 AM ResponseSyncBox  RX=OK

8/25/2022 10:44 AM CommandSyncBox  TX=AWIDTH 200m

8/25/2022 10:44 AM ResponseSyncBox  RX=OK

8/25/2022 10:44 AM CommandSyncBox  TX=BWIDTH 200m

8/25/2022 10:44 AM ResponseSyncBox  RX=OK

8/25/2022 10:44 AM CommandSyncBox  TX=CWIDTH 200m

8/25/2022 10:44 AM ResponseSyncBox  RX=OK

8/25/2022 10:44 AM CommandSyncBox  TX=DWIDTH 200m

8/25/2022 10:44 AM ResponseSyncBox  RX=OK

8/25/2022 10:44 AM CommandSyncBox  TX=aset on

8/25/2022 10:44 AM ResponseSyncBox  RX=OK

8/25/2022 10:44 AM CommandSyncBox  TX=bset on

8/25/2022 10:44 AM ResponseSyncBox  RX=OK

8/25/2022 10:44 AM CommandSyncBox  TX=cset on

8/25/2022 10:44 AM ResponseSyncBox  RX=OK

8/25/2022 10:44 AM CommandSyncBox  TX=dset on

8/25/2022 10:44 AM ResponseSyncBox  RX=OK

8/25/2022 10:44 AM CommandSyncBox  TX=IN

8/25/2022 10:44 AM ResponseSyncBox  RX=OK

8/25/2022 10:44 AM CommandAcquisChA  TX=READ_SETUP 
8/25/2022 10:44 AM CommandAcquisChB  TX=READ_SETUP 
8/25/2022 10:44 AM CommandAcquisChC  TX=READ_SETUP 
8/25/2022 10:44 AM CommandAcquisChD  TX=READ_SETUP 
8/25/2022 10:44 AM ResponseAcquisChD  RX=CCD_SETUP {"PREAMP":0,"READOUT_RATE":0,"EM_GAIN":2,"VBIN":1,"INITIAL_LINE":1,"INITIAL_COLUMN":1,"FINAL_LINE":1024,"FINAL_COLUMN":1024,"TRIGGER_MODE":6,"HBIN":1,"SHUTTER_TTL":0,"SHUTTER_MODE":2,"SHUTTER_OPENING_TIME":1,"SHUTTER_CLOSING_TIME":1,"VERTICAL_SHIFT_SPEED":3,"READ_MODE":4,"FRAME_TRANSFER":true,"VERTICAL_CLOCK_VOLTAGE":0,"ACQUISITION_MODE":3,"AD_CHANNEL":0,"EM_MODE":1}
8/25/2022 10:44 AM CommandAcquisChD  TX=SET COOLER_POWER_STATUS 0
8/25/2022 10:44 AM ResponseAcquisChD  RX=DONE
8/25/2022 10:44 AM CommandAcquisChA  TX=SET COOLER_POWER_STATUS 0
8/25/2022 10:44 AM CommandAcquisChB  TX=SET COOLER_POWER_STATUS 0
8/25/2022 10:44 AM CommandAcquisChC  TX=SET COOLER_POWER_STATUS 0
8/25/2022 11:15 AM CommandInstrument  TX=S4ICS WPROT NONE NONE,WPSEL GOTO L/2,GMIR NONE NONE,GFOC NONE NONE,CALW GOTO CLEAR,ASEL GOTO ANALYZER

8/25/2022 11:15 AM ResponseInstrument  RX=WPROT SIMULATED READY 112 WP6 6, WPSEL SIMULATED BUSY 50 CLEAR 1, ASEL SIMULATED BUSY 0 CLEAR 1, CALW SIMULATED BUSY 0 CLEAR 1, GFOC SIMULATED READY 0 HOME 0, GMIR SIMULATED READY 0 HOME 0

8/25/2022 11:16 AM CommandInstrument  TX=S4ICS WPROT NONE NONE,WPSEL NONE NONE,GMIR NONE NONE,GFOC NONE NONE,CALW NONE NONE,ASEL GOTO ANALYZER

8/25/2022 11:16 AM ResponseInstrument  RX=WPROT SIMULATED READY 112 WP6 6, WPSEL SIMULATED READY 0 L/2 2, ASEL SIMULATED BUSY 100 ANALYZER 2, CALW SIMULATED READY 0 CLEAR 1, GFOC SIMULATED READY 0 HOME 0, GMIR SIMULATED READY 0 HOME 0

8/25/2022 11:16 AM CommandInstrument  TX=S4ICS WPROT NONE NONE,WPSEL NONE NONE,GMIR NONE NONE,GFOC NONE NONE,CALW NONE NONE,ASEL GOTO ANALYZER

8/25/2022 11:16 AM ResponseInstrument  RX=WPROT SIMULATED READY 112 WP6 6, WPSEL SIMULATED READY 0 L/2 2, ASEL SIMULATED BUSY 100 ANALYZER 2, CALW SIMULATED READY 0 CLEAR 1, GFOC SIMULATED READY 0 HOME 0, GMIR SIMULATED READY 0 HOME 0

8/25/2022 11:16 AM CommandInstrument  TX=S4ICS WPROT NONE NONE,WPSEL NONE NONE,GMIR NONE NONE,GFOC NONE NONE,CALW NONE NONE,ASEL GOTO ANALYZER

8/25/2022 11:16 AM ResponseInstrument  RX=WPROT SIMULATED READY 112 WP6 6, WPSEL SIMULATED READY 0 L/2 2, ASEL SIMULATED BUSY 100 ANALYZER 2, CALW SIMULATED READY 0 CLEAR 1, GFOC SIMULATED READY 0 HOME 0, GMIR SIMULATED READY 0 HOME 0

8/25/2022 11:16 AM CommandInstrument  TX=S4ICS WPROT NONE NONE,WPSEL NONE NONE,GMIR NONE NONE,GFOC NONE NONE,CALW NONE NONE,ASEL GOTO ANALYZER

8/25/2022 11:16 AM ResponseInstrument  RX=WPROT SIMULATED READY 112 WP6 6, WPSEL SIMULATED READY 0 L/2 2, ASEL SIMULATED BUSY 100 ANALYZER 2, CALW SIMULATED READY 0 CLEAR 1, GFOC SIMULATED READY 0 HOME 0, GMIR SIMULATED READY 0 HOME 0

8/25/2022 11:16 AM CommandInstrument  TX=S4ICS WPROT NONE NONE,WPSEL NONE NONE,GMIR NONE NONE,GFOC NONE NONE,CALW NONE NONE,ASEL GOTO ANALYZER

8/25/2022 11:16 AM ResponseInstrument  RX=WPROT SIMULATED READY 112 WP6 6, WPSEL SIMULATED READY 0 L/2 2, ASEL SIMULATED BUSY 100 ANALYZER 2, CALW SIMULATED READY 0 CLEAR 1, GFOC SIMULATED READY 0 HOME 0, GMIR SIMULATED READY 0 HOME 0

8/25/2022 11:17 AM CommandInstrument  TX=S4ICS WPROT NONE NONE,WPSEL NONE NONE,GMIR NONE NONE,GFOC NONE NONE,CALW NONE NONE,ASEL GOTO ANALYZER

8/25/2022 11:17 AM ResponseInstrument  RX=WPROT SIMULATED READY 112 WP6 6, WPSEL SIMULATED READY 0 L/2 2, ASEL SIMULATED BUSY 100 ANALYZER 2, CALW SIMULATED READY 0 CLEAR 1, GFOC SIMULATED READY 0 HOME 0, GMIR SIMULATED READY 0 HOME 0

8/25/2022 11:17 AM CommandInstrument  TX=S4ICS WPROT NONE NONE,WPSEL NONE NONE,GMIR NONE NONE,GFOC NONE NONE,CALW NONE NONE,ASEL GOTO ANALYZER

8/25/2022 11:17 AM ResponseInstrument  RX=WPROT SIMULATED READY 112 WP6 6, WPSEL SIMULATED READY 0 L/2 2, ASEL SIMULATED BUSY 100 ANALYZER 2, CALW SIMULATED READY 0 CLEAR 1, GFOC SIMULATED READY 0 HOME 0, GMIR SIMULATED READY 0 HOME 0

8/25/2022 11:18 AM CommandInstrument  TX=S4ICS WPROT NONE NONE,WPSEL NONE NONE,GMIR NONE NONE,GFOC NONE NONE,CALW NONE NONE,ASEL GOTO ANALYZER

8/25/2022 11:18 AM ResponseInstrument  RX=WPROT SIMULATED READY 112 WP6 6, WPSEL SIMULATED READY 0 L/2 2, ASEL SIMULATED BUSY 100 ANALYZER 2, CALW SIMULATED READY 0 CLEAR 1, GFOC SIMULATED READY 0 HOME 0, GMIR SIMULATED READY 0 HOME 0

8/25/2022 11:18 AM CommandInstrument  TX=S4ICS WPROT NONE NONE,WPSEL NONE NONE,GMIR NONE NONE,GFOC NONE NONE,CALW NONE NONE,ASEL GOTO ANALYZER

8/25/2022 11:18 AM ResponseInstrument  RX=WPROT SIMULATED READY 112 WP6 6, WPSEL SIMULATED READY 0 L/2 2, ASEL SIMULATED BUSY 100 ANALYZER 2, CALW SIMULATED READY 0 CLEAR 1, GFOC SIMULATED READY 0 HOME 0, GMIR SIMULATED READY 0 HOME 0

8/25/2022 11:20 AM CommandInstrument  TX=S4ICS WPROT NONE NONE,WPSEL NONE NONE,GMIR NONE NONE,GFOC NONE NONE,CALW NONE NONE,ASEL GOTO ANALYZER

8/25/2022 11:20 AM ResponseInstrument  RX=WPROT SIMULATED READY 112 WP6 6, WPSEL SIMULATED READY 0 L/2 2, ASEL SIMULATED BUSY 100 ANALYZER 2, CALW SIMULATED READY 0 CLEAR 1, GFOC SIMULATED READY 0 HOME 0, GMIR SIMULATED READY 0 HOME 0

8/25/2022 11:20 AM CommandInstrument  TX=S4ICS WPROT NONE NONE,WPSEL NONE NONE,GMIR NONE NONE,GFOC NONE NONE,CALW NONE NONE,ASEL GOTO ANALYZER

8/25/2022 11:20 AM ResponseInstrument  RX=WPROT SIMULATED READY 112 WP6 6, WPSEL SIMULATED READY 0 L/2 2, ASEL SIMULATED BUSY 100 ANALYZER 2, CALW SIMULATED READY 0 CLEAR 1, GFOC SIMULATED READY 0 HOME 0, GMIR SIMULATED READY 0 HOME 0

8/25/2022 11:20 AM CommandInstrument  TX=S4ICS WPROT NONE NONE,WPSEL NONE NONE,GMIR NONE NONE,GFOC NONE NONE,CALW NONE NONE,ASEL GOTO ANALYZER

8/25/2022 11:20 AM ResponseInstrument  RX=WPROT SIMULATED READY 112 WP6 6, WPSEL SIMULATED READY 0 L/2 2, ASEL SIMULATED BUSY 100 ANALYZER 2, CALW SIMULATED READY 0 CLEAR 1, GFOC SIMULATED READY 0 HOME 0, GMIR SIMULATED READY 0 HOME 0

8/25/2022 11:20 AM CommandInstrument  TX=S4ICS WPROT NONE NONE,WPSEL NONE NONE,GMIR NONE NONE,GFOC NONE NONE,CALW NONE NONE,ASEL GOTO CLEAR

8/25/2022 11:20 AM ResponseInstrument  RX=WPROT SIMULATED READY 112 WP6 6, WPSEL SIMULATED READY 0 L/2 2, ASEL SIMULATED BUSY 100 ANALYZER 2, CALW SIMULATED READY 0 CLEAR 1, GFOC SIMULATED READY 0 HOME 0, GMIR SIMULATED READY 0 HOME 0

8/25/2022 11:20 AM CommandInstrument  TX=S4ICS WPROT NONE NONE,WPSEL GOTO CLEAR,GMIR NONE NONE,GFOC NONE NONE,CALW GOTO CLEAR,ASEL GOTO CLEAR

8/25/2022 11:20 AM ResponseInstrument  RX=WPROT SIMULATED READY 112 WP6 6, WPSEL SIMULATED BUSY 0 L/2 2, ASEL SIMULATED BUSY 93 NONE -1, CALW SIMULATED BUSY 0 CLEAR 1, GFOC SIMULATED READY 0 HOME 0, GMIR SIMULATED READY 0 HOME 0

8/25/2022 11:20 AM CommandInstrument  TX=S4ICS WPROT NONE NONE,WPSEL GOTO CLEAR,GMIR NONE NONE,GFOC NONE NONE,CALW NONE NONE,ASEL NONE NONE

8/25/2022 11:20 AM ResponseInstrument  RX=WPROT SIMULATED READY 112 WP6 6, WPSEL SIMULATED BUSY 50 CLEAR 1, ASEL SIMULATED BUSY 14 NONE -1, CALW SIMULATED BUSY 0 CLEAR 1, GFOC SIMULATED READY 0 HOME 0, GMIR SIMULATED READY 0 HOME 0

8/25/2022 11:20 AM CommandInstrument  TX=S4ICS WPROT NONE NONE,WPSEL GOTO CLEAR,GMIR NONE NONE,GFOC NONE NONE,CALW NONE NONE,ASEL NONE NONE

8/25/2022 11:20 AM ResponseInstrument  RX=WPROT SIMULATED READY 112 WP6 6, WPSEL SIMULATED BUSY 50 CLEAR 1, ASEL SIMULATED READY 0 CLEAR 1, CALW SIMULATED BUSY 0 NONE -1, GFOC SIMULATED READY 0 HOME 0, GMIR SIMULATED READY 0 HOME 0

8/25/2022 11:20 AM CommandInstrument  TX=S4ICS WPROT NONE NONE,WPSEL GOTO CLEAR,GMIR NONE NONE,GFOC NONE NONE,CALW NONE NONE,ASEL NONE NONE

8/25/2022 11:20 AM ResponseInstrument  RX=WPROT SIMULATED READY 112 WP6 6, WPSEL SIMULATED BUSY 50 CLEAR 1, ASEL SIMULATED READY 0 CLEAR 1, CALW SIMULATED READY 0 CLEAR 1, GFOC SIMULATED READY 0 HOME 0, GMIR SIMULATED READY 0 HOME 0

8/25/2022 11:20 AM CommandInstrument  TX=S4ICS WPROT NONE NONE,WPSEL GOTO CLEAR,GMIR NONE NONE,GFOC NONE NONE,CALW NONE NONE,ASEL NONE NONE

8/25/2022 11:20 AM ResponseInstrument  RX=WPROT SIMULATED READY 112 WP6 6, WPSEL SIMULATED BUSY 50 CLEAR 1, ASEL SIMULATED READY 0 CLEAR 1, CALW SIMULATED READY 0 CLEAR 1, GFOC SIMULATED READY 0 HOME 0, GMIR SIMULATED READY 0 HOME 0

8/25/2022 11:22 AM CommandInstrument  TX=S4ICS WPROT NONE NONE,WPSEL GOTO CLEAR,GMIR NONE NONE,GFOC NONE NONE,CALW NONE NONE,ASEL NONE NONE

8/25/2022 11:22 AM ResponseInstrument  RX=WPROT SIMULATED READY 112 WP6 6, WPSEL SIMULATED BUSY 50 CLEAR 1, ASEL SIMULATED READY 0 CLEAR 1, CALW SIMULATED READY 0 CLEAR 1, GFOC SIMULATED READY 0 HOME 0, GMIR SIMULATED READY 0 HOME 0

8/25/2022 11:22 AM CommandInstrument  TX=S4ICS WPROT NONE NONE,WPSEL GOTO CLEAR,GMIR NONE NONE,GFOC NONE NONE,CALW NONE NONE,ASEL NONE NONE

8/25/2022 11:22 AM ResponseInstrument  RX=WPROT SIMULATED READY 112 WP6 6, WPSEL SIMULATED BUSY 50 CLEAR 1, ASEL SIMULATED READY 0 CLEAR 1, CALW SIMULATED READY 0 CLEAR 1, GFOC SIMULATED READY 0 HOME 0, GMIR SIMULATED READY 0 HOME 0

8/25/2022 11:23 AM CommandInstrument  TX=S4ICS WPROT NONE NONE,WPSEL GOTO CLEAR,GMIR NONE NONE,GFOC NONE NONE,CALW NONE NONE,ASEL NONE NONE

8/25/2022 11:23 AM ResponseInstrument  RX=WPROT SIMULATED READY 112 WP6 6, WPSEL SIMULATED BUSY 50 CLEAR 1, ASEL SIMULATED READY 0 CLEAR 1, CALW SIMULATED READY 0 CLEAR 1, GFOC SIMULATED READY 0 HOME 0, GMIR SIMULATED READY 0 HOME 0

8/25/2022 11:29 AM CommandInstrument  TX=S4ICS WPROT NONE NONE,WPSEL GOTO CLEAR,GMIR NONE NONE,GFOC NONE NONE,CALW NONE NONE,ASEL NONE NONE

8/25/2022 11:29 AM ResponseInstrument  RX=WPROT SIMULATED READY 112 WP6 6, WPSEL SIMULATED BUSY 50 CLEAR 1, ASEL SIMULATED READY 0 CLEAR 1, CALW SIMULATED READY 0 CLEAR 1, GFOC SIMULATED READY 0 HOME 0, GMIR SIMULATED READY 0 HOME 0

8/25/2022 11:30 AM CommandInstrument  TX=S4ICS WPROT NONE NONE,WPSEL GOTO CLEAR,GMIR NONE NONE,GFOC NONE NONE,CALW NONE NONE,ASEL NONE NONE

8/25/2022 11:30 AM ResponseInstrument  RX=WPROT SIMULATED READY 112 WP6 6, WPSEL SIMULATED BUSY 50 CLEAR 1, ASEL SIMULATED READY 0 CLEAR 1, CALW SIMULATED READY 0 CLEAR 1, GFOC SIMULATED READY 0 HOME 0, GMIR SIMULATED READY 0 HOME 0

8/25/2022 11:30 AM CommandInstrument  TX=S4ICS WPROT NONE NONE,WPSEL GOTO CLEAR,GMIR NONE NONE,GFOC NONE NONE,CALW NONE NONE,ASEL NONE NONE

8/25/2022 11:30 AM ResponseInstrument  RX=WPROT SIMULATED READY 112 WP6 6, WPSEL SIMULATED BUSY 50 CLEAR 1, ASEL SIMULATED READY 0 CLEAR 1, CALW SIMULATED READY 0 CLEAR 1, GFOC SIMULATED READY 0 HOME 0, GMIR SIMULATED READY 0 HOME 0

8/25/2022 11:32 AM CommandInstrument  TX=S4ICS WPROT NONE NONE,WPSEL GOTO CLEAR,GMIR NONE NONE,GFOC NONE NONE,CALW NONE NONE,ASEL NONE NONE

8/25/2022 11:32 AM ResponseInstrument  RX=WPROT SIMULATED READY 112 WP6 6, WPSEL SIMULATED BUSY 50 CLEAR 1, ASEL SIMULATED READY 0 CLEAR 1, CALW SIMULATED READY 0 CLEAR 1, GFOC SIMULATED READY 0 HOME 0, GMIR SIMULATED READY 0 HOME 0

8/25/2022 11:32 AM CommandInstrument  TX=S4ICS WPROT NONE NONE,WPSEL GOTO CLEAR,GMIR NONE NONE,GFOC NONE NONE,CALW NONE NONE,ASEL NONE NONE

8/25/2022 11:32 AM ResponseInstrument  RX=WPROT SIMULATED READY 112 WP6 6, WPSEL SIMULATED BUSY 50 CLEAR 1, ASEL SIMULATED READY 0 CLEAR 1, CALW SIMULATED READY 0 CLEAR 1, GFOC SIMULATED READY 0 HOME 0, GMIR SIMULATED READY 0 HOME 0

8/25/2022 11:32 AM CommandInstrument  TX=S4ICS WPROT NONE NONE,WPSEL GOTO CLEAR,GMIR NONE NONE,GFOC NONE NONE,CALW NONE NONE,ASEL NONE NONE

8/25/2022 11:32 AM ResponseInstrument  RX=WPROT SIMULATED READY 112 WP6 6, WPSEL SIMULATED BUSY 50 CLEAR 1, ASEL SIMULATED READY 0 CLEAR 1, CALW SIMULATED READY 0 CLEAR 1, GFOC SIMULATED READY 0 HOME 0, GMIR SIMULATED READY 0 HOME 0

8/25/2022 11:32 AM CommandInstrument  TX=S4ICS WPROT NONE NONE,WPSEL GOTO CLEAR,GMIR NONE NONE,GFOC NONE NONE,CALW NONE NONE,ASEL NONE NONE

8/25/2022 11:32 AM ResponseInstrument  RX=WPROT SIMULATED READY 112 WP6 6, WPSEL SIMULATED BUSY 50 CLEAR 1, ASEL SIMULATED READY 0 CLEAR 1, CALW SIMULATED READY 0 CLEAR 1, GFOC SIMULATED READY 0 HOME 0, GMIR SIMULATED READY 0 HOME 0

8/25/2022 11:32 AM CommandInstrument  TX=S4ICS WPROT NONE NONE,WPSEL GOTO CLEAR,GMIR NONE NONE,GFOC NONE NONE,CALW NONE NONE,ASEL NONE NONE

8/25/2022 11:32 AM ResponseInstrument  RX=WPROT SIMULATED READY 112 WP6 6, WPSEL SIMULATED BUSY 50 CLEAR 1, ASEL SIMULATED READY 0 CLEAR 1, CALW SIMULATED READY 0 CLEAR 1, GFOC SIMULATED READY 0 HOME 0, GMIR SIMULATED READY 0 HOME 0

8/25/2022 11:32 AM CommandInstrument  TX=S4ICS WPROT NONE NONE,WPSEL GOTO CLEAR,GMIR NONE NONE,GFOC NONE NONE,CALW NONE NONE,ASEL NONE NONE

8/25/2022 11:32 AM ResponseInstrument  RX=WPROT SIMULATED READY 112 WP6 6, WPSEL SIMULATED BUSY 50 CLEAR 1, ASEL SIMULATED READY 0 CLEAR 1, CALW SIMULATED READY 0 CLEAR 1, GFOC SIMULATED READY 0 HOME 0, GMIR SIMULATED READY 0 HOME 0

8/25/2022 11:32 AM CommandInstrument  TX=S4ICS WPROT NONE NONE,WPSEL GOTO CLEAR,GMIR NONE NONE,GFOC NONE NONE,CALW NONE NONE,ASEL NONE NONE

8/25/2022 11:32 AM ResponseInstrument  RX=WPROT SIMULATED READY 112 WP6 6, WPSEL SIMULATED BUSY 50 CLEAR 1, ASEL SIMULATED READY 0 CLEAR 1, CALW SIMULATED READY 0 CLEAR 1, GFOC SIMULATED READY 0 HOME 0, GMIR SIMULATED READY 0 HOME 0

8/25/2022 11:32 AM CommandInstrument  TX=S4ICS WPROT NONE NONE,WPSEL GOTO CLEAR,GMIR NONE NONE,GFOC NONE NONE,CALW NONE NONE,ASEL NONE NONE

8/25/2022 11:32 AM ResponseInstrument  RX=WPROT SIMULATED READY 112 WP6 6, WPSEL SIMULATED BUSY 50 CLEAR 1, ASEL SIMULATED READY 0 CLEAR 1, CALW SIMULATED READY 0 CLEAR 1, GFOC SIMULATED READY 0 HOME 0, GMIR SIMULATED READY 0 HOME 0

8/25/2022 11:32 AM CommandInstrument  TX=S4ICS WPROT NONE NONE,WPSEL GOTO CLEAR,GMIR NONE NONE,GFOC NONE NONE,CALW NONE NONE,ASEL NONE NONE

8/25/2022 11:32 AM ResponseInstrument  RX=WPROT SIMULATED READY 112 WP6 6, WPSEL SIMULATED BUSY 50 CLEAR 1, ASEL SIMULATED READY 0 CLEAR 1, CALW SIMULATED READY 0 CLEAR 1, GFOC SIMULATED READY 0 HOME 0, GMIR SIMULATED READY 0 HOME 0

8/25/2022 11:32 AM CommandInstrument  TX=S4ICS WPROT NONE NONE,WPSEL GOTO CLEAR,GMIR NONE NONE,GFOC NONE NONE,CALW NONE NONE,ASEL NONE NONE

8/25/2022 11:32 AM ResponseInstrument  RX=WPROT SIMULATED READY 112 WP6 6, WPSEL SIMULATED BUSY 50 CLEAR 1, ASEL SIMULATED READY 0 CLEAR 1, CALW SIMULATED READY 0 CLEAR 1, GFOC SIMULATED READY 0 HOME 0, GMIR SIMULATED READY 0 HOME 0

8/25/2022 11:33 AM CommandInstrument  TX=S4ICS WPROT NONE NONE,WPSEL GOTO CLEAR,GMIR NONE NONE,GFOC NONE NONE,CALW NONE NONE,ASEL NONE NONE

8/25/2022 11:33 AM ResponseInstrument  RX=WPROT SIMULATED READY 112 WP6 6, WPSEL SIMULATED BUSY 50 CLEAR 1, ASEL SIMULATED READY 0 CLEAR 1, CALW SIMULATED READY 0 CLEAR 1, GFOC SIMULATED READY 0 HOME 0, GMIR SIMULATED READY 0 HOME 0

8/25/2022 11:33 AM CommandInstrument  TX=S4ICS WPROT NONE NONE,WPSEL GOTO CLEAR,GMIR NONE NONE,GFOC NONE NONE,CALW NONE NONE,ASEL NONE NONE

8/25/2022 11:33 AM ResponseInstrument  RX=WPROT SIMULATED READY 112 WP6 6, WPSEL SIMULATED BUSY 50 CLEAR 1, ASEL SIMULATED READY 0 CLEAR 1, CALW SIMULATED READY 0 CLEAR 1, GFOC SIMULATED READY 0 HOME 0, GMIR SIMULATED READY 0 HOME 0

8/25/2022 11:33 AM CommandInstrument  TX=S4ICS WPROT NONE NONE,WPSEL GOTO CLEAR,GMIR NONE NONE,GFOC NONE NONE,CALW NONE NONE,ASEL NONE NONE

8/25/2022 11:33 AM ResponseInstrument  RX=WPROT SIMULATED READY 112 WP6 6, WPSEL SIMULATED BUSY 50 CLEAR 1, ASEL SIMULATED READY 0 CLEAR 1, CALW SIMULATED READY 0 CLEAR 1, GFOC SIMULATED READY 0 HOME 0, GMIR SIMULATED READY 0 HOME 0

8/25/2022 11:33 AM CommandInstrument  TX=S4ICS WPROT NONE NONE,WPSEL GOTO CLEAR,GMIR NONE NONE,GFOC NONE NONE,CALW NONE NONE,ASEL NONE NONE

8/25/2022 11:33 AM ResponseInstrument  RX=WPROT SIMULATED READY 112 WP6 6, WPSEL SIMULATED BUSY 50 CLEAR 1, ASEL SIMULATED READY 0 CLEAR 1, CALW SIMULATED READY 0 CLEAR 1, GFOC SIMULATED READY 0 HOME 0, GMIR SIMULATED READY 0 HOME 0

8/25/2022 11:33 AM CommandInstrument  TX=S4ICS WPROT NONE NONE,WPSEL GOTO CLEAR,GMIR NONE NONE,GFOC NONE NONE,CALW NONE NONE,ASEL NONE NONE

8/25/2022 11:33 AM ResponseInstrument  RX=WPROT SIMULATED READY 112 WP6 6, WPSEL SIMULATED BUSY 50 CLEAR 1, ASEL SIMULATED READY 0 CLEAR 1, CALW SIMULATED READY 0 CLEAR 1, GFOC SIMULATED READY 0 HOME 0, GMIR SIMULATED READY 0 HOME 0

8/25/2022 11:33 AM CommandInstrument  TX=S4ICS WPROT NONE NONE,WPSEL GOTO CLEAR,GMIR NONE NONE,GFOC NONE NONE,CALW NONE NONE,ASEL NONE NONE

8/25/2022 11:33 AM ResponseInstrument  RX=WPROT SIMULATED READY 112 WP6 6, WPSEL SIMULATED BUSY 50 CLEAR 1, ASEL SIMULATED READY 0 CLEAR 1, CALW SIMULATED READY 0 CLEAR 1, GFOC SIMULATED READY 0 HOME 0, GMIR SIMULATED READY 0 HOME 0

8/25/2022 11:33 AM CommandInstrument  TX=S4ICS WPROT NONE NONE,WPSEL GOTO CLEAR,GMIR NONE NONE,GFOC NONE NONE,CALW NONE NONE,ASEL NONE NONE

8/25/2022 11:33 AM ResponseInstrument  RX=WPROT SIMULATED READY 112 WP6 6, WPSEL SIMULATED BUSY 50 CLEAR 1, ASEL SIMULATED READY 0 CLEAR 1, CALW SIMULATED READY 0 CLEAR 1, GFOC SIMULATED READY 0 HOME 0, GMIR SIMULATED READY 0 HOME 0

8/25/2022 11:33 AM CommandInstrument  TX=S4ICS WPROT NONE NONE,WPSEL GOTO CLEAR,GMIR NONE NONE,GFOC NONE NONE,CALW NONE NONE,ASEL NONE NONE

8/25/2022 11:33 AM ResponseInstrument  RX=WPROT SIMULATED READY 112 WP6 6, WPSEL SIMULATED BUSY 50 CLEAR 1, ASEL SIMULATED READY 0 CLEAR 1, CALW SIMULATED READY 0 CLEAR 1, GFOC SIMULATED READY 0 HOME 0, GMIR SIMULATED READY 0 HOME 0

8/25/2022 11:33 AM CommandInstrument  TX=S4ICS WPROT NONE NONE,WPSEL GOTO CLEAR,GMIR NONE NONE,GFOC NONE NONE,CALW NONE NONE,ASEL NONE NONE

8/25/2022 11:33 AM ResponseInstrument  RX=WPROT SIMULATED READY 112 WP6 6, WPSEL SIMULATED BUSY 50 CLEAR 1, ASEL SIMULATED READY 0 CLEAR 1, CALW SIMULATED READY 0 CLEAR 1, GFOC SIMULATED READY 0 HOME 0, GMIR SIMULATED READY 0 HOME 0

8/25/2022 11:33 AM CommandInstrument  TX=S4ICS WPROT NONE NONE,WPSEL GOTO CLEAR,GMIR NONE NONE,GFOC NONE NONE,CALW NONE NONE,ASEL NONE NONE

8/25/2022 11:33 AM ResponseInstrument  RX=WPROT SIMULATED READY 112 WP6 6, WPSEL SIMULATED BUSY 50 CLEAR 1, ASEL SIMULATED READY 0 CLEAR 1, CALW SIMULATED READY 0 CLEAR 1, GFOC SIMULATED READY 0 HOME 0, GMIR SIMULATED READY 0 HOME 0

8/25/2022 11:33 AM CommandInstrument  TX=S4ICS WPROT NONE NONE,WPSEL GOTO CLEAR,GMIR NONE NONE,GFOC NONE NONE,CALW NONE NONE,ASEL NONE NONE

8/25/2022 11:33 AM ResponseInstrument  RX=WPROT SIMULATED READY 112 WP6 6, WPSEL SIMULATED BUSY 50 CLEAR 1, ASEL SIMULATED READY 0 CLEAR 1, CALW SIMULATED READY 0 CLEAR 1, GFOC SIMULATED READY 0 HOME 0, GMIR SIMULATED READY 0 HOME 0

8/25/2022 11:33 AM CommandInstrument  TX=S4ICS WPROT NONE NONE,WPSEL GOTO CLEAR,GMIR NONE NONE,GFOC NONE NONE,CALW NONE NONE,ASEL NONE NONE

8/25/2022 11:33 AM ResponseInstrument  RX=WPROT SIMULATED READY 112 WP6 6, WPSEL SIMULATED BUSY 50 CLEAR 1, ASEL SIMULATED READY 0 CLEAR 1, CALW SIMULATED READY 0 CLEAR 1, GFOC SIMULATED READY 0 HOME 0, GMIR SIMULATED READY 0 HOME 0

8/25/2022 11:33 AM CommandInstrument  TX=S4ICS WPROT NONE NONE,WPSEL GOTO CLEAR,GMIR NONE NONE,GFOC NONE NONE,CALW NONE NONE,ASEL NONE NONE

8/25/2022 11:33 AM ResponseInstrument  RX=WPROT SIMULATED READY 112 WP6 6, WPSEL SIMULATED BUSY 50 CLEAR 1, ASEL SIMULATED READY 0 CLEAR 1, CALW SIMULATED READY 0 CLEAR 1, GFOC SIMULATED READY 0 HOME 0, GMIR SIMULATED READY 0 HOME 0

8/25/2022 11:33 AM CommandInstrument  TX=S4ICS WPROT NONE NONE,WPSEL GOTO CLEAR,GMIR NONE NONE,GFOC NONE NONE,CALW NONE NONE,ASEL NONE NONE

8/25/2022 11:33 AM ResponseInstrument  RX=WPROT SIMULATED READY 112 WP6 6, WPSEL SIMULATED BUSY 50 CLEAR 1, ASEL SIMULATED READY 0 CLEAR 1, CALW SIMULATED READY 0 CLEAR 1, GFOC SIMULATED READY 0 HOME 0, GMIR SIMULATED READY 0 HOME 0

8/25/2022 11:33 AM CommandInstrument  TX=S4ICS WPROT NONE NONE,WPSEL GOTO CLEAR,GMIR NONE NONE,GFOC NONE NONE,CALW NONE NONE,ASEL NONE NONE

8/25/2022 11:34 AM ResponseInstrument  RX=WPROT SIMULATED READY 112 WP6 6, WPSEL SIMULATED BUSY 50 CLEAR 1, ASEL SIMULATED READY 0 CLEAR 1, CALW SIMULATED READY 0 CLEAR 1, GFOC SIMULATED READY 0 HOME 0, GMIR SIMULATED READY 0 HOME 0

8/25/2022 11:34 AM CommandInstrument  TX=S4ICS WPROT NONE NONE,WPSEL GOTO CLEAR,GMIR NONE NONE,GFOC NONE NONE,CALW NONE NONE,ASEL NONE NONE

8/25/2022 11:34 AM ResponseInstrument  RX=WPROT SIMULATED READY 112 WP6 6, WPSEL SIMULATED BUSY 50 CLEAR 1, ASEL SIMULATED READY 0 CLEAR 1, CALW SIMULATED READY 0 CLEAR 1, GFOC SIMULATED READY 0 HOME 0, GMIR SIMULATED READY 0 HOME 0

8/25/2022 11:34 AM CommandInstrument  TX=S4ICS WPROT NONE NONE,WPSEL GOTO CLEAR,GMIR NONE NONE,GFOC NONE NONE,CALW NONE NONE,ASEL NONE NONE

8/25/2022 11:34 AM ResponseInstrument  RX=WPROT SIMULATED READY 112 WP6 6, WPSEL SIMULATED BUSY 50 CLEAR 1, ASEL SIMULATED READY 0 CLEAR 1, CALW SIMULATED READY 0 CLEAR 1, GFOC SIMULATED READY 0 HOME 0, GMIR SIMULATED READY 0 HOME 0

8/25/2022 11:34 AM CommandInstrument  TX=S4ICS WPROT NONE NONE,WPSEL GOTO CLEAR,GMIR NONE NONE,GFOC NONE NONE,CALW NONE NONE,ASEL NONE NONE

8/25/2022 11:34 AM ResponseInstrument  RX=WPROT SIMULATED READY 112 WP6 6, WPSEL SIMULATED BUSY 50 CLEAR 1, ASEL SIMULATED READY 0 CLEAR 1, CALW SIMULATED READY 0 CLEAR 1, GFOC SIMULATED READY 0 HOME 0, GMIR SIMULATED READY 0 HOME 0

8/25/2022 11:34 AM CommandInstrument  TX=S4ICS WPROT NONE NONE,WPSEL GOTO L/2,GMIR NONE NONE,GFOC NONE NONE,CALW GOTO CLEAR,ASEL GOTO ANALYZER

8/25/2022 11:34 AM ResponseInstrument  RX=WPROT SIMULATED READY 112 WP6 6, WPSEL SIMULATED BUSY 50 CLEAR 1, ASEL SIMULATED BUSY 0 CLEAR 1, CALW SIMULATED BUSY 0 CLEAR 1, GFOC SIMULATED READY 0 HOME 0, GMIR SIMULATED READY 0 HOME 0

8/25/2022 11:34 AM CommandInstrument  TX=S4ICS WPROT NONE NONE,WPSEL NONE NONE,GMIR NONE NONE,GFOC NONE NONE,CALW NONE NONE,ASEL GOTO ANALYZER

8/25/2022 11:34 AM ResponseInstrument  RX=WPROT SIMULATED READY 112 WP6 6, WPSEL SIMULATED READY 0 L/2 2, ASEL SIMULATED BUSY 100 ANALYZER 2, CALW SIMULATED READY 0 CLEAR 1, GFOC SIMULATED READY 0 HOME 0, GMIR SIMULATED READY 0 HOME 0

8/25/2022 11:34 AM CommandInstrument  TX=S4ICS WPROT NONE NONE,WPSEL NONE NONE,GMIR NONE NONE,GFOC NONE NONE,CALW NONE NONE,ASEL GOTO ANALYZER

8/25/2022 11:34 AM ResponseInstrument  RX=WPROT SIMULATED READY 112 WP6 6, WPSEL SIMULATED READY 0 L/2 2, ASEL SIMULATED BUSY 100 ANALYZER 2, CALW SIMULATED READY 0 CLEAR 1, GFOC SIMULATED READY 0 HOME 0, GMIR SIMULATED READY 0 HOME 0

8/25/2022 11:34 AM CommandInstrument  TX=S4ICS WPROT NONE NONE,WPSEL NONE NONE,GMIR NONE NONE,GFOC NONE NONE,CALW NONE NONE,ASEL GOTO ANALYZER

8/25/2022 11:34 AM ResponseInstrument  RX=WPROT SIMULATED READY 112 WP6 6, WPSEL SIMULATED READY 0 L/2 2, ASEL SIMULATED BUSY 100 ANALYZER 2, CALW SIMULATED READY 0 CLEAR 1, GFOC SIMULATED READY 0 HOME 0, GMIR SIMULATED READY 0 HOME 0

8/25/2022 11:34 AM CommandInstrument  TX=S4ICS WPROT NONE NONE,WPSEL NONE NONE,GMIR NONE NONE,GFOC NONE NONE,CALW NONE NONE,ASEL GOTO ANALYZER

8/25/2022 11:34 AM ResponseInstrument  RX=WPROT SIMULATED READY 112 WP6 6, WPSEL SIMULATED READY 0 L/2 2, ASEL SIMULATED BUSY 100 ANALYZER 2, CALW SIMULATED READY 0 CLEAR 1, GFOC SIMULATED READY 0 HOME 0, GMIR SIMULATED READY 0 HOME 0

8/25/2022 11:34 AM CommandInstrument  TX=S4ICS WPROT NONE NONE,WPSEL NONE NONE,GMIR NONE NONE,GFOC NONE NONE,CALW NONE NONE,ASEL GOTO ANALYZER

8/25/2022 11:34 AM ResponseInstrument  RX=WPROT SIMULATED READY 112 WP6 6, WPSEL SIMULATED READY 0 L/2 2, ASEL SIMULATED BUSY 100 ANALYZER 2, CALW SIMULATED READY 0 CLEAR 1, GFOC SIMULATED READY 0 HOME 0, GMIR SIMULATED READY 0 HOME 0

8/25/2022 11:34 AM CommandInstrument  TX=S4ICS WPROT NONE NONE,WPSEL NONE NONE,GMIR NONE NONE,GFOC NONE NONE,CALW NONE NONE,ASEL GOTO ANALYZER

8/25/2022 11:34 AM ResponseInstrument  RX=WPROT SIMULATED READY 112 WP6 6, WPSEL SIMULATED READY 0 L/2 2, ASEL SIMULATED BUSY 100 ANALYZER 2, CALW SIMULATED READY 0 CLEAR 1, GFOC SIMULATED READY 0 HOME 0, GMIR SIMULATED READY 0 HOME 0

8/25/2022 11:34 AM CommandInstrument  TX=S4ICS WPROT NONE NONE,WPSEL NONE NONE,GMIR NONE NONE,GFOC NONE NONE,CALW NONE NONE,ASEL GOTO ANALYZER

8/25/2022 11:34 AM ResponseInstrument  RX=WPROT SIMULATED READY 112 WP6 6, WPSEL SIMULATED READY 0 L/2 2, ASEL SIMULATED BUSY 100 ANALYZER 2, CALW SIMULATED READY 0 CLEAR 1, GFOC SIMULATED READY 0 HOME 0, GMIR SIMULATED READY 0 HOME 0

8/25/2022 11:35 AM CommandInstrument  TX=S4ICS WPROT NONE NONE,WPSEL NONE NONE,GMIR NONE NONE,GFOC NONE NONE,CALW NONE NONE,ASEL GOTO ANALYZER

8/25/2022 11:35 AM ResponseInstrument  RX=WPROT SIMULATED READY 112 WP6 6, WPSEL SIMULATED READY 0 L/2 2, ASEL SIMULATED BUSY 100 ANALYZER 2, CALW SIMULATED READY 0 CLEAR 1, GFOC SIMULATED READY 0 HOME 0, GMIR SIMULATED READY 0 HOME 0

8/25/2022 11:35 AM CommandInstrument  TX=S4ICS WPROT NONE NONE,WPSEL NONE NONE,GMIR NONE NONE,GFOC NONE NONE,CALW NONE NONE,ASEL GOTO ANALYZER

8/25/2022 11:35 AM ResponseInstrument  RX=WPROT SIMULATED READY 112 WP6 6, WPSEL SIMULATED READY 0 L/2 2, ASEL SIMULATED BUSY 100 ANALYZER 2, CALW SIMULATED READY 0 CLEAR 1, GFOC SIMULATED READY 0 HOME 0, GMIR SIMULATED READY 0 HOME 0

8/25/2022 11:35 AM CommandInstrument  TX=S4ICS WPROT NONE NONE,WPSEL NONE NONE,GMIR NONE NONE,GFOC NONE NONE,CALW NONE NONE,ASEL GOTO ANALYZER

8/25/2022 11:35 AM ResponseInstrument  RX=WPROT SIMULATED READY 112 WP6 6, WPSEL SIMULATED READY 0 L/2 2, ASEL SIMULATED BUSY 100 ANALYZER 2, CALW SIMULATED READY 0 CLEAR 1, GFOC SIMULATED READY 0 HOME 0, GMIR SIMULATED READY 0 HOME 0

8/25/2022 11:35 AM CommandInstrument  TX=S4ICS WPROT NONE NONE,WPSEL NONE NONE,GMIR NONE NONE,GFOC NONE NONE,CALW NONE NONE,ASEL GOTO ANALYZER

8/25/2022 11:35 AM ResponseInstrument  RX=WPROT SIMULATED READY 112 WP6 6, WPSEL SIMULATED READY 0 L/2 2, ASEL SIMULATED BUSY 100 ANALYZER 2, CALW SIMULATED READY 0 CLEAR 1, GFOC SIMULATED READY 0 HOME 0, GMIR SIMULATED READY 0 HOME 0

8/25/2022 11:35 AM CommandInstrument  TX=S4ICS WPROT NONE NONE,WPSEL NONE NONE,GMIR NONE NONE,GFOC NONE NONE,CALW NONE NONE,ASEL GOTO ANALYZER

8/25/2022 11:35 AM ResponseInstrument  RX=WPROT SIMULATED READY 112 WP6 6, WPSEL SIMULATED READY 0 L/2 2, ASEL SIMULATED BUSY 100 ANALYZER 2, CALW SIMULATED READY 0 CLEAR 1, GFOC SIMULATED READY 0 HOME 0, GMIR SIMULATED READY 0 HOME 0

8/25/2022 11:35 AM CommandInstrument  TX=S4ICS WPROT NONE NONE,WPSEL NONE NONE,GMIR NONE NONE,GFOC NONE NONE,CALW NONE NONE,ASEL GOTO ANALYZER

8/25/2022 11:35 AM ResponseInstrument  RX=WPROT SIMULATED READY 112 WP6 6, WPSEL SIMULATED READY 0 L/2 2, ASEL SIMULATED BUSY 100 ANALYZER 2, CALW SIMULATED READY 0 CLEAR 1, GFOC SIMULATED READY 0 HOME 0, GMIR SIMULATED READY 0 HOME 0

8/25/2022 11:35 AM CommandInstrument  TX=S4ICS WPROT NONE NONE,WPSEL NONE NONE,GMIR NONE NONE,GFOC NONE NONE,CALW NONE NONE,ASEL GOTO ANALYZER

8/25/2022 11:35 AM ResponseInstrument  RX=WPROT SIMULATED READY 112 WP6 6, WPSEL SIMULATED READY 0 L/2 2, ASEL SIMULATED BUSY 100 ANALYZER 2, CALW SIMULATED READY 0 CLEAR 1, GFOC SIMULATED READY 0 HOME 0, GMIR SIMULATED READY 0 HOME 0

8/25/2022 11:35 AM CommandInstrument  TX=S4ICS WPROT NONE NONE,WPSEL NONE NONE,GMIR NONE NONE,GFOC NONE NONE,CALW NONE NONE,ASEL GOTO ANALYZER

8/25/2022 11:35 AM ResponseInstrument  RX=WPROT SIMULATED READY 112 WP6 6, WPSEL SIMULATED READY 0 L/2 2, ASEL SIMULATED BUSY 100 ANALYZER 2, CALW SIMULATED READY 0 CLEAR 1, GFOC SIMULATED READY 0 HOME 0, GMIR SIMULATED READY 0 HOME 0

8/25/2022 11:35 AM CommandInstrument  TX=S4ICS WPROT NONE NONE,WPSEL NONE NONE,GMIR NONE NONE,GFOC NONE NONE,CALW NONE NONE,ASEL GOTO ANALYZER

8/25/2022 11:35 AM ResponseInstrument  RX=WPROT SIMULATED READY 112 WP6 6, WPSEL SIMULATED READY 0 L/2 2, ASEL SIMULATED BUSY 100 ANALYZER 2, CALW SIMULATED READY 0 CLEAR 1, GFOC SIMULATED READY 0 HOME 0, GMIR SIMULATED READY 0 HOME 0

8/25/2022 11:35 AM CommandInstrument  TX=S4ICS WPROT NONE NONE,WPSEL NONE NONE,GMIR NONE NONE,GFOC NONE NONE,CALW NONE NONE,ASEL GOTO ANALYZER

8/25/2022 11:35 AM ResponseInstrument  RX=WPROT SIMULATED READY 112 WP6 6, WPSEL SIMULATED READY 0 L/2 2, ASEL SIMULATED BUSY 100 ANALYZER 2, CALW SIMULATED READY 0 CLEAR 1, GFOC SIMULATED READY 0 HOME 0, GMIR SIMULATED READY 0 HOME 0

8/25/2022 11:35 AM CommandInstrument  TX=S4ICS WPROT NONE NONE,WPSEL NONE NONE,GMIR NONE NONE,GFOC NONE NONE,CALW NONE NONE,ASEL GOTO ANALYZER

8/25/2022 11:35 AM ResponseInstrument  RX=WPROT SIMULATED READY 112 WP6 6, WPSEL SIMULATED READY 0 L/2 2, ASEL SIMULATED BUSY 100 ANALYZER 2, CALW SIMULATED READY 0 CLEAR 1, GFOC SIMULATED READY 0 HOME 0, GMIR SIMULATED READY 0 HOME 0

8/25/2022 11:35 AM CommandInstrument  TX=S4ICS WPROT NONE NONE,WPSEL NONE NONE,GMIR NONE NONE,GFOC NONE NONE,CALW NONE NONE,ASEL GOTO ANALYZER

8/25/2022 11:35 AM ResponseInstrument  RX=WPROT SIMULATED READY 112 WP6 6, WPSEL SIMULATED READY 0 L/2 2, ASEL SIMULATED BUSY 100 ANALYZER 2, CALW SIMULATED READY 0 CLEAR 1, GFOC SIMULATED READY 0 HOME 0, GMIR SIMULATED READY 0 HOME 0

8/25/2022 11:35 AM CommandInstrument  TX=S4ICS WPROT NONE NONE,WPSEL NONE NONE,GMIR NONE NONE,GFOC NONE NONE,CALW NONE NONE,ASEL GOTO ANALYZER

8/25/2022 11:35 AM ResponseInstrument  RX=WPROT SIMULATED READY 112 WP6 6, WPSEL SIMULATED READY 0 L/2 2, ASEL SIMULATED BUSY 100 ANALYZER 2, CALW SIMULATED READY 0 CLEAR 1, GFOC SIMULATED READY 0 HOME 0, GMIR SIMULATED READY 0 HOME 0

8/25/2022 11:35 AM CommandInstrument  TX=S4ICS WPROT NONE NONE,WPSEL NONE NONE,GMIR NONE NONE,GFOC NONE NONE,CALW NONE NONE,ASEL GOTO ANALYZER

8/25/2022 11:35 AM ResponseInstrument  RX=WPROT SIMULATED READY 112 WP6 6, WPSEL SIMULATED READY 0 L/2 2, ASEL SIMULATED BUSY 100 ANALYZER 2, CALW SIMULATED READY 0 CLEAR 1, GFOC SIMULATED READY 0 HOME 0, GMIR SIMULATED READY 0 HOME 0

8/25/2022 11:35 AM CommandInstrument  TX=S4ICS WPROT NONE NONE,WPSEL NONE NONE,GMIR NONE NONE,GFOC NONE NONE,CALW NONE NONE,ASEL GOTO ANALYZER

8/25/2022 11:36 AM ResponseInstrument  RX=WPROT SIMULATED READY 112 WP6 6, WPSEL SIMULATED READY 0 L/2 2, ASEL SIMULATED BUSY 100 ANALYZER 2, CALW SIMULATED READY 0 CLEAR 1, GFOC SIMULATED READY 0 HOME 0, GMIR SIMULATED READY 0 HOME 0

8/25/2022 11:36 AM CommandInstrument  TX=S4ICS WPROT NONE NONE,WPSEL NONE NONE,GMIR NONE NONE,GFOC NONE NONE,CALW NONE NONE,ASEL GOTO ANALYZER

8/25/2022 11:36 AM ResponseInstrument  RX=WPROT SIMULATED READY 112 WP6 6, WPSEL SIMULATED READY 0 L/2 2, ASEL SIMULATED BUSY 100 ANALYZER 2, CALW SIMULATED READY 0 CLEAR 1, GFOC SIMULATED READY 0 HOME 0, GMIR SIMULATED READY 0 HOME 0

8/25/2022 11:36 AM CommandInstrument  TX=S4ICS WPROT NONE NONE,WPSEL NONE NONE,GMIR NONE NONE,GFOC NONE NONE,CALW NONE NONE,ASEL GOTO ANALYZER

8/25/2022 11:36 AM ResponseInstrument  RX=WPROT SIMULATED READY 112 WP6 6, WPSEL SIMULATED READY 0 L/2 2, ASEL SIMULATED BUSY 100 ANALYZER 2, CALW SIMULATED READY 0 CLEAR 1, GFOC SIMULATED READY 0 HOME 0, GMIR SIMULATED READY 0 HOME 0

8/25/2022 11:36 AM CommandInstrument  TX=S4ICS WPROT NONE NONE,WPSEL NONE NONE,GMIR NONE NONE,GFOC NONE NONE,CALW NONE NONE,ASEL GOTO ANALYZER

8/25/2022 11:36 AM ResponseInstrument  RX=WPROT SIMULATED READY 112 WP6 6, WPSEL SIMULATED READY 0 L/2 2, ASEL SIMULATED BUSY 100 ANALYZER 2, CALW SIMULATED READY 0 CLEAR 1, GFOC SIMULATED READY 0 HOME 0, GMIR SIMULATED READY 0 HOME 0

8/25/2022 11:36 AM CommandInstrument  TX=S4ICS WPROT NONE NONE,WPSEL NONE NONE,GMIR NONE NONE,GFOC NONE NONE,CALW NONE NONE,ASEL GOTO ANALYZER

8/25/2022 11:36 AM ResponseInstrument  RX=WPROT SIMULATED READY 112 WP6 6, WPSEL SIMULATED READY 0 L/2 2, ASEL SIMULATED BUSY 100 ANALYZER 2, CALW SIMULATED READY 0 CLEAR 1, GFOC SIMULATED READY 0 HOME 0, GMIR SIMULATED READY 0 HOME 0

8/25/2022 11:36 AM CommandInstrument  TX=S4ICS WPROT NONE NONE,WPSEL NONE NONE,GMIR NONE NONE,GFOC NONE NONE,CALW NONE NONE,ASEL GOTO ANALYZER

8/25/2022 11:36 AM ResponseInstrument  RX=WPROT SIMULATED READY 112 WP6 6, WPSEL SIMULATED READY 0 L/2 2, ASEL SIMULATED BUSY 100 ANALYZER 2, CALW SIMULATED READY 0 CLEAR 1, GFOC SIMULATED READY 0 HOME 0, GMIR SIMULATED READY 0 HOME 0

8/25/2022 11:36 AM CommandInstrument  TX=S4ICS WPROT NONE NONE,WPSEL GOTO L/2,GMIR NONE NONE,GFOC NONE NONE,CALW GOTO POLARIZER,ASEL GOTO ANALYZER

8/25/2022 11:36 AM ResponseInstrument  RX=WPROT SIMULATED READY 112 WP6 6, WPSEL SIMULATED BUSY 0 L/2 2, ASEL SIMULATED BUSY 100 ANALYZER 2, CALW SIMULATED BUSY 0 CLEAR 1, GFOC SIMULATED READY 0 HOME 0, GMIR SIMULATED READY 0 HOME 0

8/25/2022 11:36 AM CommandInstrument  TX=S4ICS WPROT NONE NONE,WPSEL NONE NONE,GMIR NONE NONE,GFOC NONE NONE,CALW NONE NONE,ASEL GOTO ANALYZER

8/25/2022 11:36 AM ResponseInstrument  RX=WPROT SIMULATED READY 112 WP6 6, WPSEL SIMULATED READY 0 L/2 2, ASEL SIMULATED BUSY 100 ANALYZER 2, CALW SIMULATED READY 72 POLARIZER 2, GFOC SIMULATED READY 0 HOME 0, GMIR SIMULATED READY 0 HOME 0

8/25/2022 11:36 AM CommandInstrument  TX=S4ICS WPROT NONE NONE,WPSEL NONE NONE,GMIR NONE NONE,GFOC NONE NONE,CALW NONE NONE,ASEL GOTO ANALYZER

8/25/2022 11:36 AM ResponseInstrument  RX=WPROT SIMULATED READY 112 WP6 6, WPSEL SIMULATED READY 0 L/2 2, ASEL SIMULATED BUSY 100 ANALYZER 2, CALW SIMULATED READY 72 POLARIZER 2, GFOC SIMULATED READY 0 HOME 0, GMIR SIMULATED READY 0 HOME 0

8/25/2022 11:36 AM CommandInstrument  TX=S4ICS WPROT NONE NONE,WPSEL NONE NONE,GMIR NONE NONE,GFOC NONE NONE,CALW NONE NONE,ASEL GOTO ANALYZER

8/25/2022 11:36 AM ResponseInstrument  RX=WPROT SIMULATED READY 112 WP6 6, WPSEL SIMULATED READY 0 L/2 2, ASEL SIMULATED BUSY 100 ANALYZER 2, CALW SIMULATED READY 72 POLARIZER 2, GFOC SIMULATED READY 0 HOME 0, GMIR SIMULATED READY 0 HOME 0

8/25/2022 11:36 AM CommandInstrument  TX=S4ICS WPROT NONE NONE,WPSEL NONE NONE,GMIR NONE NONE,GFOC NONE NONE,CALW NONE NONE,ASEL GOTO ANALYZER

8/25/2022 11:36 AM ResponseInstrument  RX=WPROT SIMULATED READY 112 WP6 6, WPSEL SIMULATED READY 0 L/2 2, ASEL SIMULATED BUSY 100 ANALYZER 2, CALW SIMULATED READY 72 POLARIZER 2, GFOC SIMULATED READY 0 HOME 0, GMIR SIMULATED READY 0 HOME 0

8/25/2022 11:36 AM CommandInstrument  TX=S4ICS WPROT NONE NONE,WPSEL NONE NONE,GMIR NONE NONE,GFOC NONE NONE,CALW NONE NONE,ASEL GOTO ANALYZER

8/25/2022 11:36 AM ResponseInstrument  RX=WPROT SIMULATED READY 112 WP6 6, WPSEL SIMULATED READY 0 L/2 2, ASEL SIMULATED BUSY 100 ANALYZER 2, CALW SIMULATED READY 72 POLARIZER 2, GFOC SIMULATED READY 0 HOME 0, GMIR SIMULATED READY 0 HOME 0

8/25/2022 11:36 AM CommandInstrument  TX=S4ICS WPROT NONE NONE,WPSEL NONE NONE,GMIR NONE NONE,GFOC NONE NONE,CALW NONE NONE,ASEL GOTO ANALYZER

8/25/2022 11:36 AM ResponseInstrument  RX=WPROT SIMULATED READY 112 WP6 6, WPSEL SIMULATED READY 0 L/2 2, ASEL SIMULATED BUSY 100 ANALYZER 2, CALW SIMULATED READY 72 POLARIZER 2, GFOC SIMULATED READY 0 HOME 0, GMIR SIMULATED READY 0 HOME 0

8/25/2022 11:36 AM CommandInstrument  TX=S4ICS WPROT NONE NONE,WPSEL NONE NONE,GMIR NONE NONE,GFOC NONE NONE,CALW NONE NONE,ASEL GOTO ANALYZER

8/25/2022 11:36 AM ResponseInstrument  RX=WPROT SIMULATED READY 112 WP6 6, WPSEL SIMULATED READY 0 L/2 2, ASEL SIMULATED BUSY 100 ANALYZER 2, CALW SIMULATED READY 72 POLARIZER 2, GFOC SIMULATED READY 0 HOME 0, GMIR SIMULATED READY 0 HOME 0

8/25/2022 11:37 AM CommandInstrument  TX=S4ICS WPROT NONE NONE,WPSEL NONE NONE,GMIR NONE NONE,GFOC NONE NONE,CALW NONE NONE,ASEL GOTO ANALYZER

8/25/2022 11:37 AM ResponseInstrument  RX=WPROT SIMULATED READY 112 WP6 6, WPSEL SIMULATED READY 0 L/2 2, ASEL SIMULATED BUSY 100 ANALYZER 2, CALW SIMULATED READY 72 POLARIZER 2, GFOC SIMULATED READY 0 HOME 0, GMIR SIMULATED READY 0 HOME 0

8/25/2022 11:37 AM CommandInstrument  TX=S4ICS WPROT NONE NONE,WPSEL NONE NONE,GMIR NONE NONE,GFOC NONE NONE,CALW NONE NONE,ASEL GOTO ANALYZER

8/25/2022 11:37 AM ResponseInstrument  RX=WPROT SIMULATED READY 112 WP6 6, WPSEL SIMULATED READY 0 L/2 2, ASEL SIMULATED BUSY 100 ANALYZER 2, CALW SIMULATED READY 72 POLARIZER 2, GFOC SIMULATED READY 0 HOME 0, GMIR SIMULATED READY 0 HOME 0

8/25/2022 11:37 AM CommandInstrument  TX=S4ICS WPROT NONE NONE,WPSEL NONE NONE,GMIR NONE NONE,GFOC NONE NONE,CALW NONE NONE,ASEL GOTO ANALYZER

8/25/2022 11:37 AM ResponseInstrument  RX=WPROT SIMULATED READY 112 WP6 6, WPSEL SIMULATED READY 0 L/2 2, ASEL SIMULATED BUSY 100 ANALYZER 2, CALW SIMULATED READY 72 POLARIZER 2, GFOC SIMULATED READY 0 HOME 0, GMIR SIMULATED READY 0 HOME 0

8/25/2022 11:37 AM CommandInstrument  TX=S4ICS WPROT NONE NONE,WPSEL NONE NONE,GMIR NONE NONE,GFOC NONE NONE,CALW NONE NONE,ASEL GOTO ANALYZER

8/25/2022 11:37 AM ResponseInstrument  RX=WPROT SIMULATED READY 112 WP6 6, WPSEL SIMULATED READY 0 L/2 2, ASEL SIMULATED BUSY 100 ANALYZER 2, CALW SIMULATED READY 72 POLARIZER 2, GFOC SIMULATED READY 0 HOME 0, GMIR SIMULATED READY 0 HOME 0

8/25/2022 11:37 AM CommandInstrument  TX=S4ICS WPROT NONE NONE,WPSEL NONE NONE,GMIR NONE NONE,GFOC NONE NONE,CALW NONE NONE,ASEL GOTO ANALYZER

8/25/2022 11:37 AM ResponseInstrument  RX=WPROT SIMULATED READY 112 WP6 6, WPSEL SIMULATED READY 0 L/2 2, ASEL SIMULATED BUSY 100 ANALYZER 2, CALW SIMULATED READY 72 POLARIZER 2, GFOC SIMULATED READY 0 HOME 0, GMIR SIMULATED READY 0 HOME 0

8/25/2022 11:37 AM CommandInstrument  TX=S4ICS WPROT NONE NONE,WPSEL NONE NONE,GMIR NONE NONE,GFOC NONE NONE,CALW NONE NONE,ASEL GOTO ANALYZER

8/25/2022 11:37 AM ResponseInstrument  RX=WPROT SIMULATED READY 112 WP6 6, WPSEL SIMULATED READY 0 L/2 2, ASEL SIMULATED BUSY 100 ANALYZER 2, CALW SIMULATED READY 72 POLARIZER 2, GFOC SIMULATED READY 0 HOME 0, GMIR SIMULATED READY 0 HOME 0

8/25/2022 11:37 AM CommandInstrument  TX=S4ICS WPROT NONE NONE,WPSEL NONE NONE,GMIR NONE NONE,GFOC NONE NONE,CALW NONE NONE,ASEL GOTO ANALYZER

8/25/2022 11:37 AM ResponseInstrument  RX=WPROT SIMULATED READY 112 WP6 6, WPSEL SIMULATED READY 0 L/2 2, ASEL SIMULATED BUSY 100 ANALYZER 2, CALW SIMULATED READY 72 POLARIZER 2, GFOC SIMULATED READY 0 HOME 0, GMIR SIMULATED READY 0 HOME 0

8/25/2022 11:37 AM CommandInstrument  TX=S4ICS WPROT NONE NONE,WPSEL NONE NONE,GMIR NONE NONE,GFOC NONE NONE,CALW NONE NONE,ASEL GOTO ANALYZER

8/25/2022 11:37 AM ResponseInstrument  RX=WPROT SIMULATED READY 112 WP6 6, WPSEL SIMULATED READY 0 L/2 2, ASEL SIMULATED BUSY 100 ANALYZER 2, CALW SIMULATED READY 72 POLARIZER 2, GFOC SIMULATED READY 0 HOME 0, GMIR SIMULATED READY 0 HOME 0

8/25/2022 11:37 AM CommandInstrument  TX=S4ICS WPROT NONE NONE,WPSEL NONE NONE,GMIR NONE NONE,GFOC NONE NONE,CALW NONE NONE,ASEL GOTO ANALYZER

8/25/2022 11:37 AM ResponseInstrument  RX=WPROT SIMULATED READY 112 WP6 6, WPSEL SIMULATED READY 0 L/2 2, ASEL SIMULATED BUSY 100 ANALYZER 2, CALW SIMULATED READY 72 POLARIZER 2, GFOC SIMULATED READY 0 HOME 0, GMIR SIMULATED READY 0 HOME 0

8/25/2022 11:37 AM CommandInstrument  TX=S4ICS WPROT NONE NONE,WPSEL NONE NONE,GMIR NONE NONE,GFOC NONE NONE,CALW NONE NONE,ASEL GOTO ANALYZER

8/25/2022 11:37 AM ResponseInstrument  RX=WPROT SIMULATED READY 112 WP6 6, WPSEL SIMULATED READY 0 L/2 2, ASEL SIMULATED BUSY 100 ANALYZER 2, CALW SIMULATED READY 72 POLARIZER 2, GFOC SIMULATED READY 0 HOME 0, GMIR SIMULATED READY 0 HOME 0

8/25/2022 11:37 AM CommandInstrument  TX=S4ICS WPROT NONE NONE,WPSEL NONE NONE,GMIR NONE NONE,GFOC NONE NONE,CALW NONE NONE,ASEL GOTO ANALYZER

8/25/2022 11:37 AM ResponseInstrument  RX=WPROT SIMULATED READY 112 WP6 6, WPSEL SIMULATED READY 0 L/2 2, ASEL SIMULATED BUSY 100 ANALYZER 2, CALW SIMULATED READY 72 POLARIZER 2, GFOC SIMULATED READY 0 HOME 0, GMIR SIMULATED READY 0 HOME 0

8/25/2022 11:37 AM CommandInstrument  TX=S4ICS WPROT NONE NONE,WPSEL NONE NONE,GMIR NONE NONE,GFOC NONE NONE,CALW NONE NONE,ASEL GOTO ANALYZER

8/25/2022 11:37 AM ResponseInstrument  RX=WPROT SIMULATED READY 112 WP6 6, WPSEL SIMULATED READY 0 L/2 2, ASEL SIMULATED BUSY 100 ANALYZER 2, CALW SIMULATED READY 72 POLARIZER 2, GFOC SIMULATED READY 0 HOME 0, GMIR SIMULATED READY 0 HOME 0

8/25/2022 11:37 AM CommandInstrument  TX=S4ICS WPROT NONE NONE,WPSEL NONE NONE,GMIR NONE NONE,GFOC NONE NONE,CALW NONE NONE,ASEL GOTO ANALYZER

8/25/2022 11:37 AM ResponseInstrument  RX=WPROT SIMULATED READY 112 WP6 6, WPSEL SIMULATED READY 0 L/2 2, ASEL SIMULATED BUSY 100 ANALYZER 2, CALW SIMULATED READY 72 POLARIZER 2, GFOC SIMULATED READY 0 HOME 0, GMIR SIMULATED READY 0 HOME 0

8/25/2022 11:37 AM CommandInstrument  TX=S4ICS WPROT NONE NONE,WPSEL NONE NONE,GMIR NONE NONE,GFOC NONE NONE,CALW NONE NONE,ASEL GOTO ANALYZER

8/25/2022 11:37 AM ResponseInstrument  RX=WPROT SIMULATED READY 112 WP6 6, WPSEL SIMULATED READY 0 L/2 2, ASEL SIMULATED BUSY 100 ANALYZER 2, CALW SIMULATED READY 72 POLARIZER 2, GFOC SIMULATED READY 0 HOME 0, GMIR SIMULATED READY 0 HOME 0

8/25/2022 11:37 AM CommandInstrument  TX=S4ICS WPROT NONE NONE,WPSEL NONE NONE,GMIR NONE NONE,GFOC NONE NONE,CALW NONE NONE,ASEL GOTO ANALYZER

8/25/2022 11:37 AM ResponseInstrument  RX=WPROT SIMULATED READY 112 WP6 6, WPSEL SIMULATED READY 0 L/2 2, ASEL SIMULATED BUSY 100 ANALYZER 2, CALW SIMULATED READY 72 POLARIZER 2, GFOC SIMULATED READY 0 HOME 0, GMIR SIMULATED READY 0 HOME 0

8/25/2022 11:38 AM CommandInstrument  TX=S4ICS WPROT NONE NONE,WPSEL NONE NONE,GMIR NONE NONE,GFOC NONE NONE,CALW NONE NONE,ASEL GOTO ANALYZER

8/25/2022 11:38 AM ResponseInstrument  RX=WPROT SIMULATED READY 112 WP6 6, WPSEL SIMULATED READY 0 L/2 2, ASEL SIMULATED BUSY 100 ANALYZER 2, CALW SIMULATED READY 72 POLARIZER 2, GFOC SIMULATED READY 0 HOME 0, GMIR SIMULATED READY 0 HOME 0

8/25/2022 11:38 AM CommandInstrument  TX=S4ICS WPROT NONE NONE,WPSEL NONE NONE,GMIR NONE NONE,GFOC NONE NONE,CALW NONE NONE,ASEL GOTO ANALYZER

8/25/2022 11:38 AM ResponseInstrument  RX=WPROT SIMULATED READY 112 WP6 6, WPSEL SIMULATED READY 0 L/2 2, ASEL SIMULATED BUSY 100 ANALYZER 2, CALW SIMULATED READY 72 POLARIZER 2, GFOC SIMULATED READY 0 HOME 0, GMIR SIMULATED READY 0 HOME 0

8/25/2022 11:38 AM CommandInstrument  TX=S4ICS WPROT NONE NONE,WPSEL NONE NONE,GMIR NONE NONE,GFOC NONE NONE,CALW NONE NONE,ASEL GOTO ANALYZER

8/25/2022 11:38 AM ResponseInstrument  RX=WPROT SIMULATED READY 112 WP6 6, WPSEL SIMULATED READY 0 L/2 2, ASEL SIMULATED BUSY 100 ANALYZER 2, CALW SIMULATED READY 72 POLARIZER 2, GFOC SIMULATED READY 0 HOME 0, GMIR SIMULATED READY 0 HOME 0

8/25/2022 11:38 AM CommandInstrument  TX=S4ICS WPROT NONE NONE,WPSEL NONE NONE,GMIR NONE NONE,GFOC NONE NONE,CALW NONE NONE,ASEL GOTO ANALYZER

8/25/2022 11:38 AM ResponseInstrument  RX=WPROT SIMULATED READY 112 WP6 6, WPSEL SIMULATED READY 0 L/2 2, ASEL SIMULATED BUSY 100 ANALYZER 2, CALW SIMULATED READY 72 POLARIZER 2, GFOC SIMULATED READY 0 HOME 0, GMIR SIMULATED READY 0 HOME 0

8/25/2022 11:38 AM CommandInstrument  TX=S4ICS WPROT NONE NONE,WPSEL NONE NONE,GMIR NONE NONE,GFOC NONE NONE,CALW NONE NONE,ASEL GOTO ANALYZER

8/25/2022 11:38 AM ResponseInstrument  RX=WPROT SIMULATED READY 112 WP6 6, WPSEL SIMULATED READY 0 L/2 2, ASEL SIMULATED BUSY 100 ANALYZER 2, CALW SIMULATED READY 72 POLARIZER 2, GFOC SIMULATED READY 0 HOME 0, GMIR SIMULATED READY 0 HOME 0

8/25/2022 11:38 AM CommandInstrument  TX=S4ICS WPROT NONE NONE,WPSEL NONE NONE,GMIR NONE NONE,GFOC NONE NONE,CALW NONE NONE,ASEL GOTO ANALYZER

8/25/2022 11:38 AM ResponseInstrument  RX=WPROT SIMULATED READY 112 WP6 6, WPSEL SIMULATED READY 0 L/2 2, ASEL SIMULATED BUSY 100 ANALYZER 2, CALW SIMULATED READY 72 POLARIZER 2, GFOC SIMULATED READY 0 HOME 0, GMIR SIMULATED READY 0 HOME 0

8/25/2022 11:38 AM CommandInstrument  TX=S4ICS WPROT NONE NONE,WPSEL NONE NONE,GMIR NONE NONE,GFOC NONE NONE,CALW NONE NONE,ASEL GOTO ANALYZER

8/25/2022 11:38 AM ResponseInstrument  RX=WPROT SIMULATED READY 112 WP6 6, WPSEL SIMULATED READY 0 L/2 2, ASEL SIMULATED BUSY 100 ANALYZER 2, CALW SIMULATED READY 72 POLARIZER 2, GFOC SIMULATED READY 0 HOME 0, GMIR SIMULATED READY 0 HOME 0

8/25/2022 11:38 AM CommandInstrument  TX=S4ICS WPROT NONE NONE,WPSEL NONE NONE,GMIR NONE NONE,GFOC NONE NONE,CALW NONE NONE,ASEL GOTO ANALYZER

8/25/2022 11:38 AM ResponseInstrument  RX=WPROT SIMULATED READY 112 WP6 6, WPSEL SIMULATED READY 0 L/2 2, ASEL SIMULATED BUSY 100 ANALYZER 2, CALW SIMULATED READY 72 POLARIZER 2, GFOC SIMULATED READY 0 HOME 0, GMIR SIMULATED READY 0 HOME 0

8/25/2022 11:38 AM CommandInstrument  TX=S4ICS WPROT NONE NONE,WPSEL NONE NONE,GMIR NONE NONE,GFOC NONE NONE,CALW NONE NONE,ASEL GOTO ANALYZER

8/25/2022 11:38 AM ResponseInstrument  RX=WPROT SIMULATED READY 112 WP6 6, WPSEL SIMULATED READY 0 L/2 2, ASEL SIMULATED BUSY 100 ANALYZER 2, CALW SIMULATED READY 72 POLARIZER 2, GFOC SIMULATED READY 0 HOME 0, GMIR SIMULATED READY 0 HOME 0

8/25/2022 11:38 AM CommandInstrument  TX=S4ICS WPROT NONE NONE,WPSEL NONE NONE,GMIR NONE NONE,GFOC NONE NONE,CALW NONE NONE,ASEL GOTO ANALYZER

8/25/2022 11:38 AM ResponseInstrument  RX=WPROT SIMULATED READY 112 WP6 6, WPSEL SIMULATED READY 0 L/2 2, ASEL SIMULATED BUSY 100 ANALYZER 2, CALW SIMULATED READY 72 POLARIZER 2, GFOC SIMULATED READY 0 HOME 0, GMIR SIMULATED READY 0 HOME 0

8/25/2022 11:38 AM CommandInstrument  TX=S4ICS WPROT NONE NONE,WPSEL NONE NONE,GMIR NONE NONE,GFOC NONE NONE,CALW NONE NONE,ASEL GOTO ANALYZER

8/25/2022 11:38 AM ResponseInstrument  RX=WPROT SIMULATED READY 112 WP6 6, WPSEL SIMULATED READY 0 L/2 2, ASEL SIMULATED BUSY 100 ANALYZER 2, CALW SIMULATED READY 72 POLARIZER 2, GFOC SIMULATED READY 0 HOME 0, GMIR SIMULATED READY 0 HOME 0

8/25/2022 11:38 AM CommandInstrument  TX=S4ICS WPROT NONE NONE,WPSEL NONE NONE,GMIR NONE NONE,GFOC NONE NONE,CALW NONE NONE,ASEL GOTO ANALYZER

8/25/2022 11:38 AM ResponseInstrument  RX=WPROT SIMULATED READY 112 WP6 6, WPSEL SIMULATED READY 0 L/2 2, ASEL SIMULATED BUSY 100 ANALYZER 2, CALW SIMULATED READY 72 POLARIZER 2, GFOC SIMULATED READY 0 HOME 0, GMIR SIMULATED READY 0 HOME 0

8/25/2022 11:38 AM CommandInstrument  TX=S4ICS WPROT NONE NONE,WPSEL NONE NONE,GMIR NONE NONE,GFOC NONE NONE,CALW NONE NONE,ASEL GOTO ANALYZER

8/25/2022 11:38 AM ResponseInstrument  RX=WPROT SIMULATED READY 112 WP6 6, WPSEL SIMULATED READY 0 L/2 2, ASEL SIMULATED BUSY 100 ANALYZER 2, CALW SIMULATED READY 72 POLARIZER 2, GFOC SIMULATED READY 0 HOME 0, GMIR SIMULATED READY 0 HOME 0

8/25/2022 11:38 AM CommandInstrument  TX=S4ICS WPROT NONE NONE,WPSEL NONE NONE,GMIR NONE NONE,GFOC NONE NONE,CALW NONE NONE,ASEL GOTO ANALYZER

8/25/2022 11:38 AM ResponseInstrument  RX=WPROT SIMULATED READY 112 WP6 6, WPSEL SIMULATED READY 0 L/2 2, ASEL SIMULATED BUSY 100 ANALYZER 2, CALW SIMULATED READY 72 POLARIZER 2, GFOC SIMULATED READY 0 HOME 0, GMIR SIMULATED READY 0 HOME 0

8/25/2022 11:39 AM CommandInstrument  TX=S4ICS WPROT NONE NONE,WPSEL NONE NONE,GMIR NONE NONE,GFOC NONE NONE,CALW NONE NONE,ASEL GOTO ANALYZER

8/25/2022 11:39 AM ResponseInstrument  RX=WPROT SIMULATED READY 112 WP6 6, WPSEL SIMULATED READY 0 L/2 2, ASEL SIMULATED BUSY 100 ANALYZER 2, CALW SIMULATED READY 72 POLARIZER 2, GFOC SIMULATED READY 0 HOME 0, GMIR SIMULATED READY 0 HOME 0

8/25/2022 11:39 AM CommandInstrument  TX=S4ICS WPROT NONE NONE,WPSEL NONE NONE,GMIR NONE NONE,GFOC NONE NONE,CALW NONE NONE,ASEL GOTO ANALYZER

8/25/2022 11:39 AM ResponseInstrument  RX=WPROT SIMULATED READY 112 WP6 6, WPSEL SIMULATED READY 0 L/2 2, ASEL SIMULATED BUSY 100 ANALYZER 2, CALW SIMULATED READY 72 POLARIZER 2, GFOC SIMULATED READY 0 HOME 0, GMIR SIMULATED READY 0 HOME 0

8/25/2022 11:39 AM CommandInstrument  TX=S4ICS WPROT NONE NONE,WPSEL NONE NONE,GMIR NONE NONE,GFOC NONE NONE,CALW NONE NONE,ASEL GOTO ANALYZER

8/25/2022 11:39 AM ResponseInstrument  RX=WPROT SIMULATED READY 112 WP6 6, WPSEL SIMULATED READY 0 L/2 2, ASEL SIMULATED BUSY 100 ANALYZER 2, CALW SIMULATED READY 72 POLARIZER 2, GFOC SIMULATED READY 0 HOME 0, GMIR SIMULATED READY 0 HOME 0

8/25/2022 11:39 AM CommandInstrument  TX=S4ICS WPROT NONE NONE,WPSEL NONE NONE,GMIR NONE NONE,GFOC NONE NONE,CALW NONE NONE,ASEL GOTO ANALYZER

8/25/2022 11:39 AM ResponseInstrument  RX=WPROT SIMULATED READY 112 WP6 6, WPSEL SIMULATED READY 0 L/2 2, ASEL SIMULATED BUSY 100 ANALYZER 2, CALW SIMULATED READY 72 POLARIZER 2, GFOC SIMULATED READY 0 HOME 0, GMIR SIMULATED READY 0 HOME 0

8/25/2022 11:39 AM CommandInstrument  TX=S4ICS WPROT NONE NONE,WPSEL NONE NONE,GMIR NONE NONE,GFOC NONE NONE,CALW NONE NONE,ASEL GOTO ANALYZER

8/25/2022 11:39 AM ResponseInstrument  RX=WPROT SIMULATED READY 112 WP6 6, WPSEL SIMULATED READY 0 L/2 2, ASEL SIMULATED BUSY 100 ANALYZER 2, CALW SIMULATED READY 72 POLARIZER 2, GFOC SIMULATED READY 0 HOME 0, GMIR SIMULATED READY 0 HOME 0

8/25/2022 11:39 AM CommandInstrument  TX=S4ICS WPROT NONE NONE,WPSEL NONE NONE,GMIR NONE NONE,GFOC NONE NONE,CALW NONE NONE,ASEL GOTO ANALYZER

8/25/2022 11:39 AM ResponseInstrument  RX=WPROT SIMULATED READY 112 WP6 6, WPSEL SIMULATED READY 0 L/2 2, ASEL SIMULATED BUSY 100 ANALYZER 2, CALW SIMULATED READY 72 POLARIZER 2, GFOC SIMULATED READY 0 HOME 0, GMIR SIMULATED READY 0 HOME 0

8/25/2022 11:39 AM CommandInstrument  TX=S4ICS WPROT NONE NONE,WPSEL NONE NONE,GMIR NONE NONE,GFOC NONE NONE,CALW NONE NONE,ASEL GOTO ANALYZER

8/25/2022 11:39 AM ResponseInstrument  RX=WPROT SIMULATED READY 112 WP6 6, WPSEL SIMULATED READY 0 L/2 2, ASEL SIMULATED BUSY 100 ANALYZER 2, CALW SIMULATED READY 72 POLARIZER 2, GFOC SIMULATED READY 0 HOME 0, GMIR SIMULATED READY 0 HOME 0

8/25/2022 11:39 AM CommandInstrument  TX=S4ICS WPROT NONE NONE,WPSEL NONE NONE,GMIR NONE NONE,GFOC NONE NONE,CALW NONE NONE,ASEL GOTO ANALYZER

8/25/2022 11:39 AM ResponseInstrument  RX=WPROT SIMULATED READY 112 WP6 6, WPSEL SIMULATED READY 0 L/2 2, ASEL SIMULATED BUSY 100 ANALYZER 2, CALW SIMULATED READY 72 POLARIZER 2, GFOC SIMULATED READY 0 HOME 0, GMIR SIMULATED READY 0 HOME 0

8/25/2022 11:39 AM CommandInstrument  TX=S4ICS WPROT NONE NONE,WPSEL NONE NONE,GMIR NONE NONE,GFOC NONE NONE,CALW NONE NONE,ASEL GOTO ANALYZER

8/25/2022 11:39 AM ResponseInstrument  RX=WPROT SIMULATED READY 112 WP6 6, WPSEL SIMULATED READY 0 L/2 2, ASEL SIMULATED BUSY 100 ANALYZER 2, CALW SIMULATED READY 72 POLARIZER 2, GFOC SIMULATED READY 0 HOME 0, GMIR SIMULATED READY 0 HOME 0

8/25/2022 11:39 AM CommandInstrument  TX=S4ICS WPROT NONE NONE,WPSEL NONE NONE,GMIR NONE NONE,GFOC NONE NONE,CALW NONE NONE,ASEL GOTO ANALYZER

8/25/2022 11:39 AM ResponseInstrument  RX=WPROT SIMULATED READY 112 WP6 6, WPSEL SIMULATED READY 0 L/2 2, ASEL SIMULATED BUSY 100 ANALYZER 2, CALW SIMULATED READY 72 POLARIZER 2, GFOC SIMULATED READY 0 HOME 0, GMIR SIMULATED READY 0 HOME 0

8/25/2022 11:39 AM CommandInstrument  TX=S4ICS WPROT NONE NONE,WPSEL NONE NONE,GMIR NONE NONE,GFOC NONE NONE,CALW NONE NONE,ASEL GOTO CLEAR

8/25/2022 11:39 AM ResponseInstrument  RX=WPROT SIMULATED READY 112 WP6 6, WPSEL SIMULATED READY 0 L/2 2, ASEL SIMULATED BUSY 100 ANALYZER 2, CALW SIMULATED READY 72 POLARIZER 2, GFOC SIMULATED READY 0 HOME 0, GMIR SIMULATED READY 0 HOME 0

8/25/2022 11:39 AM CommandInstrument  TX=S4ICS WPROT NONE NONE,WPSEL NONE NONE,GMIR NONE NONE,GFOC NONE NONE,CALW NONE NONE,ASEL GOTO CLEAR

8/25/2022 11:39 AM ResponseInstrument  RX=WPROT SIMULATED READY 112 WP6 6, WPSEL SIMULATED READY 0 L/2 2, ASEL SIMULATED BUSY 100 NONE -1, CALW SIMULATED READY 72 POLARIZER 2, GFOC SIMULATED READY 0 HOME 0, GMIR SIMULATED READY 0 HOME 0

8/25/2022 11:40 AM CommandInstrument  TX=S4ICS WPROT NONE NONE,WPSEL NONE NONE,GMIR NONE NONE,GFOC NONE NONE,CALW NONE NONE,ASEL GOTO ANALYZER

8/25/2022 11:40 AM ResponseInstrument  RX=WPROT SIMULATED READY 112 WP6 6, WPSEL SIMULATED READY 0 L/2 2, ASEL SIMULATED BUSY 0 CLEAR 1, CALW SIMULATED READY 72 POLARIZER 2, GFOC SIMULATED READY 0 HOME 0, GMIR SIMULATED READY 0 HOME 0

8/25/2022 11:40 AM CommandInstrument  TX=S4ICS WPROT NONE NONE,WPSEL NONE NONE,GMIR NONE NONE,GFOC NONE NONE,CALW NONE NONE,ASEL GOTO ANALYZER

8/25/2022 11:40 AM ResponseInstrument  RX=WPROT SIMULATED READY 112 WP6 6, WPSEL SIMULATED READY 0 L/2 2, ASEL SIMULATED BUSY 100 ANALYZER 2, CALW SIMULATED READY 72 POLARIZER 2, GFOC SIMULATED READY 0 HOME 0, GMIR SIMULATED READY 0 HOME 0

8/25/2022 11:40 AM CommandInstrument  TX=S4ICS WPROT NONE NONE,WPSEL NONE NONE,GMIR NONE NONE,GFOC NONE NONE,CALW NONE NONE,ASEL GOTO ANALYZER

8/25/2022 11:40 AM ResponseInstrument  RX=WPROT SIMULATED READY 112 WP6 6, WPSEL SIMULATED READY 0 L/2 2, ASEL SIMULATED BUSY 100 ANALYZER 2, CALW SIMULATED READY 72 POLARIZER 2, GFOC SIMULATED READY 0 HOME 0, GMIR SIMULATED READY 0 HOME 0

8/25/2022 11:40 AM CommandInstrument  TX=S4ICS WPROT NONE NONE,WPSEL NONE NONE,GMIR NONE NONE,GFOC NONE NONE,CALW NONE NONE,ASEL GOTO ANALYZER

8/25/2022 11:40 AM ResponseInstrument  RX=WPROT SIMULATED READY 112 WP6 6, WPSEL SIMULATED READY 0 L/2 2, ASEL SIMULATED BUSY 100 ANALYZER 2, CALW SIMULATED READY 72 POLARIZER 2, GFOC SIMULATED READY 0 HOME 0, GMIR SIMULATED READY 0 HOME 0

8/25/2022 11:40 AM CommandInstrument  TX=S4ICS WPROT NONE NONE,WPSEL NONE NONE,GMIR NONE NONE,GFOC NONE NONE,CALW NONE NONE,ASEL GOTO ANALYZER

8/25/2022 11:40 AM ResponseInstrument  RX=WPROT SIMULATED READY 112 WP6 6, WPSEL SIMULATED READY 0 L/2 2, ASEL SIMULATED BUSY 100 ANALYZER 2, CALW SIMULATED READY 72 POLARIZER 2, GFOC SIMULATED READY 0 HOME 0, GMIR SIMULATED READY 0 HOME 0

8/25/2022 11:40 AM CommandInstrument  TX=S4ICS WPROT NONE NONE,WPSEL NONE NONE,GMIR NONE NONE,GFOC NONE NONE,CALW NONE NONE,ASEL GOTO ANALYZER

8/25/2022 11:40 AM ResponseInstrument  RX=WPROT SIMULATED READY 112 WP6 6, WPSEL SIMULATED READY 0 L/2 2, ASEL SIMULATED BUSY 100 ANALYZER 2, CALW SIMULATED READY 72 POLARIZER 2, GFOC SIMULATED READY 0 HOME 0, GMIR SIMULATED READY 0 HOME 0

8/25/2022 11:40 AM CommandInstrument  TX=S4ICS WPROT NONE NONE,WPSEL NONE NONE,GMIR NONE NONE,GFOC NONE NONE,CALW NONE NONE,ASEL GOTO ANALYZER

8/25/2022 11:40 AM ResponseInstrument  RX=WPROT SIMULATED READY 112 WP6 6, WPSEL SIMULATED READY 0 L/2 2, ASEL SIMULATED BUSY 100 ANALYZER 2, CALW SIMULATED READY 72 POLARIZER 2, GFOC SIMULATED READY 0 HOME 0, GMIR SIMULATED READY 0 HOME 0

8/25/2022 11:40 AM CommandInstrument  TX=S4ICS WPROT NONE NONE,WPSEL NONE NONE,GMIR NONE NONE,GFOC NONE NONE,CALW NONE NONE,ASEL GOTO ANALYZER

8/25/2022 11:40 AM ResponseInstrument  RX=WPROT SIMULATED READY 112 WP6 6, WPSEL SIMULATED READY 0 L/2 2, ASEL SIMULATED BUSY 100 ANALYZER 2, CALW SIMULATED READY 72 POLARIZER 2, GFOC SIMULATED READY 0 HOME 0, GMIR SIMULATED READY 0 HOME 0

8/25/2022 11:41 AM CommandInstrument  TX=S4ICS WPROT NONE NONE,WPSEL NONE NONE,GMIR NONE NONE,GFOC NONE NONE,CALW NONE NONE,ASEL GOTO ANALYZER

8/25/2022 11:41 AM ResponseInstrument  RX=WPROT SIMULATED READY 112 WP6 6, WPSEL SIMULATED READY 0 L/2 2, ASEL SIMULATED BUSY 100 ANALYZER 2, CALW SIMULATED READY 72 POLARIZER 2, GFOC SIMULATED READY 0 HOME 0, GMIR SIMULATED READY 0 HOME 0

8/25/2022 11:41 AM CommandInstrument  TX=S4ICS WPROT NONE NONE,WPSEL NONE NONE,GMIR NONE NONE,GFOC NONE NONE,CALW NONE NONE,ASEL GOTO ANALYZER

8/25/2022 11:41 AM ResponseInstrument  RX=WPROT SIMULATED READY 112 WP6 6, WPSEL SIMULATED READY 0 L/2 2, ASEL SIMULATED BUSY 100 ANALYZER 2, CALW SIMULATED READY 72 POLARIZER 2, GFOC SIMULATED READY 0 HOME 0, GMIR SIMULATED READY 0 HOME 0

8/25/2022 11:41 AM CommandInstrument  TX=S4ICS WPROT NONE NONE,WPSEL NONE NONE,GMIR NONE NONE,GFOC NONE NONE,CALW NONE NONE,ASEL GOTO ANALYZER

8/25/2022 11:41 AM ResponseInstrument  RX=WPROT SIMULATED READY 112 WP6 6, WPSEL SIMULATED READY 0 L/2 2, ASEL SIMULATED BUSY 100 ANALYZER 2, CALW SIMULATED READY 72 POLARIZER 2, GFOC SIMULATED READY 0 HOME 0, GMIR SIMULATED READY 0 HOME 0

8/25/2022 11:41 AM CommandInstrument  TX=S4ICS WPROT NONE NONE,WPSEL NONE NONE,GMIR NONE NONE,GFOC NONE NONE,CALW NONE NONE,ASEL GOTO ANALYZER

8/25/2022 11:41 AM ResponseInstrument  RX=WPROT SIMULATED READY 112 WP6 6, WPSEL SIMULATED READY 0 L/2 2, ASEL SIMULATED BUSY 100 ANALYZER 2, CALW SIMULATED READY 72 POLARIZER 2, GFOC SIMULATED READY 0 HOME 0, GMIR SIMULATED READY 0 HOME 0

8/25/2022 11:41 AM CommandInstrument  TX=S4ICS WPROT NONE NONE,WPSEL NONE NONE,GMIR NONE NONE,GFOC NONE NONE,CALW NONE NONE,ASEL GOTO ANALYZER

8/25/2022 11:41 AM ResponseInstrument  RX=WPROT SIMULATED READY 112 WP6 6, WPSEL SIMULATED READY 0 L/2 2, ASEL SIMULATED BUSY 100 ANALYZER 2, CALW SIMULATED READY 72 POLARIZER 2, GFOC SIMULATED READY 0 HOME 0, GMIR SIMULATED READY 0 HOME 0

8/25/2022 11:41 AM CommandInstrument  TX=S4ICS WPROT NONE NONE,WPSEL NONE NONE,GMIR NONE NONE,GFOC NONE NONE,CALW NONE NONE,ASEL GOTO ANALYZER

8/25/2022 11:41 AM ResponseInstrument  RX=WPROT SIMULATED READY 112 WP6 6, WPSEL SIMULATED READY 0 L/2 2, ASEL SIMULATED BUSY 100 ANALYZER 2, CALW SIMULATED READY 72 POLARIZER 2, GFOC SIMULATED READY 0 HOME 0, GMIR SIMULATED READY 0 HOME 0

8/25/2022 11:41 AM CommandInstrument  TX=S4ICS WPROT NONE NONE,WPSEL NONE NONE,GMIR NONE NONE,GFOC NONE NONE,CALW NONE NONE,ASEL GOTO ANALYZER

8/25/2022 11:41 AM ResponseInstrument  RX=WPROT SIMULATED READY 112 WP6 6, WPSEL SIMULATED READY 0 L/2 2, ASEL SIMULATED BUSY 100 ANALYZER 2, CALW SIMULATED READY 72 POLARIZER 2, GFOC SIMULATED READY 0 HOME 0, GMIR SIMULATED READY 0 HOME 0

8/25/2022 11:41 AM CommandInstrument  TX=S4ICS WPROT NONE NONE,WPSEL NONE NONE,GMIR NONE NONE,GFOC NONE NONE,CALW NONE NONE,ASEL GOTO ANALYZER

8/25/2022 11:41 AM ResponseInstrument  RX=WPROT SIMULATED READY 112 WP6 6, WPSEL SIMULATED READY 0 L/2 2, ASEL SIMULATED BUSY 100 ANALYZER 2, CALW SIMULATED READY 72 POLARIZER 2, GFOC SIMULATED READY 0 HOME 0, GMIR SIMULATED READY 0 HOME 0

8/25/2022 11:41 AM CommandInstrument  TX=S4ICS WPROT NONE NONE,WPSEL NONE NONE,GMIR NONE NONE,GFOC NONE NONE,CALW NONE NONE,ASEL GOTO ANALYZER

8/25/2022 11:41 AM ResponseInstrument  RX=WPROT SIMULATED READY 112 WP6 6, WPSEL SIMULATED READY 0 L/2 2, ASEL SIMULATED BUSY 100 ANALYZER 2, CALW SIMULATED READY 72 POLARIZER 2, GFOC SIMULATED READY 0 HOME 0, GMIR SIMULATED READY 0 HOME 0

8/25/2022 11:41 AM CommandInstrument  TX=S4ICS WPROT NONE NONE,WPSEL NONE NONE,GMIR NONE NONE,GFOC NONE NONE,CALW NONE NONE,ASEL GOTO ANALYZER

8/25/2022 11:41 AM ResponseInstrument  RX=WPROT SIMULATED READY 112 WP6 6, WPSEL SIMULATED READY 0 L/2 2, ASEL SIMULATED BUSY 100 ANALYZER 2, CALW SIMULATED READY 72 POLARIZER 2, GFOC SIMULATED READY 0 HOME 0, GMIR SIMULATED READY 0 HOME 0

8/25/2022 11:41 AM CommandInstrument  TX=S4ICS WPROT NONE NONE,WPSEL NONE NONE,GMIR NONE NONE,GFOC NONE NONE,CALW NONE NONE,ASEL GOTO ANALYZER

8/25/2022 11:41 AM ResponseInstrument  RX=WPROT SIMULATED READY 112 WP6 6, WPSEL SIMULATED READY 0 L/2 2, ASEL SIMULATED BUSY 100 ANALYZER 2, CALW SIMULATED READY 72 POLARIZER 2, GFOC SIMULATED READY 0 HOME 0, GMIR SIMULATED READY 0 HOME 0

8/25/2022 11:41 AM CommandInstrument  TX=S4ICS WPROT NONE NONE,WPSEL NONE NONE,GMIR NONE NONE,GFOC NONE NONE,CALW NONE NONE,ASEL GOTO ANALYZER

8/25/2022 11:41 AM ResponseInstrument  RX=WPROT SIMULATED READY 112 WP6 6, WPSEL SIMULATED READY 0 L/2 2, ASEL SIMULATED BUSY 100 ANALYZER 2, CALW SIMULATED READY 72 POLARIZER 2, GFOC SIMULATED READY 0 HOME 0, GMIR SIMULATED READY 0 HOME 0

8/25/2022 11:41 AM CommandInstrument  TX=S4ICS WPROT NONE NONE,WPSEL GOTO L/2,GMIR NONE NONE,GFOC NONE NONE,CALW NONE NONE,ASEL NONE NONE

8/25/2022 11:41 AM ResponseInstrument  RX=WPROT SIMULATED READY 112 WP6 6, WPSEL SIMULATED BUSY 0 L/2 2, ASEL SIMULATED READY 100 ANALYZER 2, CALW SIMULATED READY 72 POLARIZER 2, GFOC SIMULATED READY 0 HOME 0, GMIR SIMULATED READY 0 HOME 0

8/25/2022 11:41 AM CommandInstrument  TX=S4ICS WPROT NONE NONE,WPSEL NONE NONE,GMIR NONE NONE,GFOC NONE NONE,CALW NONE NONE,ASEL GOTO ANALYZER

8/25/2022 11:41 AM ResponseInstrument  RX=WPROT SIMULATED READY 112 WP6 6, WPSEL SIMULATED BUSY 0 NONE -1, ASEL SIMULATED BUSY 100 ANALYZER 2, CALW SIMULATED READY 72 POLARIZER 2, GFOC SIMULATED READY 0 HOME 0, GMIR SIMULATED READY 0 HOME 0

8/25/2022 11:41 AM CommandInstrument  TX=S4ICS WPROT NONE NONE,WPSEL NONE NONE,GMIR NONE NONE,GFOC NONE NONE,CALW NONE NONE,ASEL GOTO ANALYZER

8/25/2022 11:41 AM ResponseInstrument  RX=WPROT SIMULATED READY 112 WP6 6, WPSEL SIMULATED READY 0 L/2 2, ASEL SIMULATED BUSY 100 ANALYZER 2, CALW SIMULATED READY 72 POLARIZER 2, GFOC SIMULATED READY 0 HOME 0, GMIR SIMULATED READY 0 HOME 0

8/25/2022 11:42 AM CommandInstrument  TX=S4ICS WPROT NONE NONE,WPSEL NONE NONE,GMIR NONE NONE,GFOC NONE NONE,CALW NONE NONE,ASEL GOTO ANALYZER

8/25/2022 11:42 AM ResponseInstrument  RX=WPROT SIMULATED READY 112 WP6 6, WPSEL SIMULATED READY 0 L/2 2, ASEL SIMULATED BUSY 100 ANALYZER 2, CALW SIMULATED READY 72 POLARIZER 2, GFOC SIMULATED READY 0 HOME 0, GMIR SIMULATED READY 0 HOME 0

8/25/2022 11:42 AM CommandInstrument  TX=S4ICS WPROT NONE NONE,WPSEL NONE NONE,GMIR NONE NONE,GFOC NONE NONE,CALW NONE NONE,ASEL GOTO ANALYZER

8/25/2022 11:42 AM ResponseInstrument  RX=WPROT SIMULATED READY 112 WP6 6, WPSEL SIMULATED READY 0 L/2 2, ASEL SIMULATED BUSY 100 ANALYZER 2, CALW SIMULATED READY 72 POLARIZER 2, GFOC SIMULATED READY 0 HOME 0, GMIR SIMULATED READY 0 HOME 0

8/25/2022 11:42 AM CommandInstrument  TX=S4ICS WPROT NONE NONE,WPSEL NONE NONE,GMIR NONE NONE,GFOC NONE NONE,CALW NONE NONE,ASEL STOP NONE

8/25/2022 11:42 AM ResponseInstrument  RX=WPROT SIMULATED READY 112 WP6 6, WPSEL SIMULATED READY 0 L/2 2, ASEL SIMULATED BUSY 100 NONE -1, CALW SIMULATED READY 72 POLARIZER 2, GFOC SIMULATED READY 0 HOME 0, GMIR SIMULATED READY 0 HOME 0

8/25/2022 11:42 AM CommandInstrument  TX=S4ICS WPROT NONE NONE,WPSEL GOTO CLEAR,GMIR NONE NONE,GFOC NONE NONE,CALW NONE NONE,ASEL NONE NONE

8/25/2022 11:42 AM ResponseInstrument  RX=WPROT SIMULATED READY 112 WP6 6, WPSEL SIMULATED BUSY 0 L/2 2, ASEL SIMULATED READY 100 NONE -1, CALW SIMULATED READY 72 POLARIZER 2, GFOC SIMULATED READY 0 HOME 0, GMIR SIMULATED READY 0 HOME 0

8/25/2022 11:42 AM CommandInstrument  TX=S4ICS WPROT NONE NONE,WPSEL GOTO CLEAR,GMIR NONE NONE,GFOC NONE NONE,CALW NONE NONE,ASEL NONE NONE

8/25/2022 11:42 AM ResponseInstrument  RX=WPROT SIMULATED READY 112 WP6 6, WPSEL SIMULATED BUSY 50 CLEAR 1, ASEL SIMULATED READY 100 NONE -1, CALW SIMULATED READY 72 POLARIZER 2, GFOC SIMULATED READY 0 HOME 0, GMIR SIMULATED READY 0 HOME 0

8/25/2022 11:42 AM CommandInstrument  TX=S4ICS WPROT NONE NONE,WPSEL GOTO CLEAR,GMIR NONE NONE,GFOC NONE NONE,CALW NONE NONE,ASEL NONE NONE

8/25/2022 11:42 AM ResponseInstrument  RX=WPROT SIMULATED READY 112 WP6 6, WPSEL SIMULATED BUSY 50 CLEAR 1, ASEL SIMULATED READY 100 NONE -1, CALW SIMULATED READY 72 POLARIZER 2, GFOC SIMULATED READY 0 HOME 0, GMIR SIMULATED READY 0 HOME 0

8/25/2022 11:42 AM CommandInstrument  TX=S4ICS WPROT NONE NONE,WPSEL GOTO CLEAR,GMIR NONE NONE,GFOC NONE NONE,CALW NONE NONE,ASEL NONE NONE

8/25/2022 11:42 AM ResponseInstrument  RX=WPROT SIMULATED READY 112 WP6 6, WPSEL SIMULATED BUSY 50 CLEAR 1, ASEL SIMULATED READY 100 NONE -1, CALW SIMULATED READY 72 POLARIZER 2, GFOC SIMULATED READY 0 HOME 0, GMIR SIMULATED READY 0 HOME 0

8/25/2022 11:42 AM CommandInstrument  TX=S4ICS WPROT NONE NONE,WPSEL GOTO CLEAR,GMIR NONE NONE,GFOC NONE NONE,CALW NONE NONE,ASEL NONE NONE

8/25/2022 11:42 AM ResponseInstrument  RX=WPROT SIMULATED READY 112 WP6 6, WPSEL SIMULATED BUSY 50 CLEAR 1, ASEL SIMULATED READY 100 NONE -1, CALW SIMULATED READY 72 POLARIZER 2, GFOC SIMULATED READY 0 HOME 0, GMIR SIMULATED READY 0 HOME 0

8/25/2022 11:42 AM CommandInstrument  TX=S4ICS WPROT NONE NONE,WPSEL GOTO CLEAR,GMIR NONE NONE,GFOC NONE NONE,CALW NONE NONE,ASEL NONE NONE

8/25/2022 11:42 AM ResponseInstrument  RX=WPROT SIMULATED READY 112 WP6 6, WPSEL SIMULATED BUSY 50 CLEAR 1, ASEL SIMULATED READY 100 NONE -1, CALW SIMULATED READY 72 POLARIZER 2, GFOC SIMULATED READY 0 HOME 0, GMIR SIMULATED READY 0 HOME 0

8/25/2022 11:42 AM CommandInstrument  TX=S4ICS WPROT NONE NONE,WPSEL GOTO CLEAR,GMIR NONE NONE,GFOC NONE NONE,CALW NONE NONE,ASEL NONE NONE

8/25/2022 11:42 AM ResponseInstrument  RX=WPROT SIMULATED READY 112 WP6 6, WPSEL SIMULATED BUSY 50 CLEAR 1, ASEL SIMULATED READY 100 NONE -1, CALW SIMULATED READY 72 POLARIZER 2, GFOC SIMULATED READY 0 HOME 0, GMIR SIMULATED READY 0 HOME 0

8/25/2022 11:43 AM CommandInstrument  TX=S4ICS WPROT NONE NONE,WPSEL GOTO CLEAR,GMIR NONE NONE,GFOC NONE NONE,CALW NONE NONE,ASEL NONE NONE

8/25/2022 11:43 AM ResponseInstrument  RX=WPROT SIMULATED READY 112 WP6 6, WPSEL SIMULATED BUSY 50 CLEAR 1, ASEL SIMULATED READY 100 NONE -1, CALW SIMULATED READY 72 POLARIZER 2, GFOC SIMULATED READY 0 HOME 0, GMIR SIMULATED READY 0 HOME 0

8/25/2022 11:43 AM CommandInstrument  TX=S4ICS WPROT NONE NONE,WPSEL GOTO CLEAR,GMIR NONE NONE,GFOC NONE NONE,CALW NONE NONE,ASEL NONE NONE

8/25/2022 11:43 AM ResponseInstrument  RX=WPROT SIMULATED READY 112 WP6 6, WPSEL SIMULATED BUSY 50 CLEAR 1, ASEL SIMULATED READY 100 NONE -1, CALW SIMULATED READY 72 POLARIZER 2, GFOC SIMULATED READY 0 HOME 0, GMIR SIMULATED READY 0 HOME 0

8/25/2022 11:43 AM CommandInstrument  TX=S4ICS WPROT NONE NONE,WPSEL GOTO CLEAR,GMIR NONE NONE,GFOC NONE NONE,CALW NONE NONE,ASEL NONE NONE

8/25/2022 11:43 AM ResponseInstrument  RX=WPROT SIMULATED READY 112 WP6 6, WPSEL SIMULATED BUSY 50 CLEAR 1, ASEL SIMULATED READY 100 NONE -1, CALW SIMULATED READY 72 POLARIZER 2, GFOC SIMULATED READY 0 HOME 0, GMIR SIMULATED READY 0 HOME 0

8/25/2022 11:43 AM CommandInstrument  TX=S4ICS WPROT NONE NONE,WPSEL GOTO CLEAR,GMIR NONE NONE,GFOC NONE NONE,CALW NONE NONE,ASEL NONE NONE

8/25/2022 11:43 AM ResponseInstrument  RX=WPROT SIMULATED READY 112 WP6 6, WPSEL SIMULATED BUSY 50 CLEAR 1, ASEL SIMULATED READY 100 NONE -1, CALW SIMULATED READY 72 POLARIZER 2, GFOC SIMULATED READY 0 HOME 0, GMIR SIMULATED READY 0 HOME 0

8/25/2022 11:43 AM CommandInstrument  TX=S4ICS WPROT NONE NONE,WPSEL GOTO CLEAR,GMIR NONE NONE,GFOC NONE NONE,CALW NONE NONE,ASEL NONE NONE

8/25/2022 11:43 AM ResponseInstrument  RX=WPROT SIMULATED READY 112 WP6 6, WPSEL SIMULATED BUSY 50 CLEAR 1, ASEL SIMULATED READY 100 NONE -1, CALW SIMULATED READY 72 POLARIZER 2, GFOC SIMULATED READY 0 HOME 0, GMIR SIMULATED READY 0 HOME 0

8/25/2022 11:43 AM CommandInstrument  TX=S4ICS WPROT NONE NONE,WPSEL GOTO CLEAR,GMIR NONE NONE,GFOC NONE NONE,CALW NONE NONE,ASEL NONE NONE

8/25/2022 11:43 AM ResponseInstrument  RX=WPROT SIMULATED READY 112 WP6 6, WPSEL SIMULATED BUSY 50 CLEAR 1, ASEL SIMULATED READY 100 NONE -1, CALW SIMULATED READY 72 POLARIZER 2, GFOC SIMULATED READY 0 HOME 0, GMIR SIMULATED READY 0 HOME 0

8/25/2022 11:43 AM CommandInstrument  TX=S4ICS WPROT NONE NONE,WPSEL GOTO CLEAR,GMIR NONE NONE,GFOC NONE NONE,CALW NONE NONE,ASEL NONE NONE

8/25/2022 11:43 AM ResponseInstrument  RX=WPROT SIMULATED READY 112 WP6 6, WPSEL SIMULATED BUSY 50 CLEAR 1, ASEL SIMULATED READY 100 NONE -1, CALW SIMULATED READY 72 POLARIZER 2, GFOC SIMULATED READY 0 HOME 0, GMIR SIMULATED READY 0 HOME 0

8/25/2022 11:43 AM CommandInstrument  TX=S4ICS WPROT NONE NONE,WPSEL GOTO CLEAR,GMIR NONE NONE,GFOC NONE NONE,CALW NONE NONE,ASEL NONE NONE

8/25/2022 11:43 AM ResponseInstrument  RX=WPROT SIMULATED READY 112 WP6 6, WPSEL SIMULATED BUSY 50 CLEAR 1, ASEL SIMULATED READY 100 NONE -1, CALW SIMULATED READY 72 POLARIZER 2, GFOC SIMULATED READY 0 HOME 0, GMIR SIMULATED READY 0 HOME 0

8/25/2022 11:43 AM CommandInstrument  TX=S4ICS WPROT NONE NONE,WPSEL GOTO CLEAR,GMIR NONE NONE,GFOC NONE NONE,CALW NONE NONE,ASEL NONE NONE

8/25/2022 11:43 AM ResponseInstrument  RX=WPROT SIMULATED READY 112 WP6 6, WPSEL SIMULATED BUSY 50 CLEAR 1, ASEL SIMULATED READY 100 NONE -1, CALW SIMULATED READY 72 POLARIZER 2, GFOC SIMULATED READY 0 HOME 0, GMIR SIMULATED READY 0 HOME 0

8/25/2022 11:43 AM CommandInstrument  TX=S4ICS WPROT NONE NONE,WPSEL GOTO CLEAR,GMIR NONE NONE,GFOC NONE NONE,CALW NONE NONE,ASEL NONE NONE

8/25/2022 11:43 AM ResponseInstrument  RX=WPROT SIMULATED READY 112 WP6 6, WPSEL SIMULATED BUSY 50 CLEAR 1, ASEL SIMULATED READY 100 NONE -1, CALW SIMULATED READY 72 POLARIZER 2, GFOC SIMULATED READY 0 HOME 0, GMIR SIMULATED READY 0 HOME 0

8/25/2022 11:43 AM CommandInstrument  TX=S4ICS WPROT NONE NONE,WPSEL GOTO CLEAR,GMIR NONE NONE,GFOC NONE NONE,CALW NONE NONE,ASEL NONE NONE

8/25/2022 11:43 AM ResponseInstrument  RX=WPROT SIMULATED READY 112 WP6 6, WPSEL SIMULATED BUSY 50 CLEAR 1, ASEL SIMULATED READY 100 NONE -1, CALW SIMULATED READY 72 POLARIZER 2, GFOC SIMULATED READY 0 HOME 0, GMIR SIMULATED READY 0 HOME 0

8/25/2022 11:43 AM CommandInstrument  TX=S4ICS WPROT NONE NONE,WPSEL GOTO CLEAR,GMIR NONE NONE,GFOC NONE NONE,CALW NONE NONE,ASEL NONE NONE

8/25/2022 11:43 AM ResponseInstrument  RX=WPROT SIMULATED READY 112 WP6 6, WPSEL SIMULATED BUSY 50 CLEAR 1, ASEL SIMULATED READY 100 NONE -1, CALW SIMULATED READY 72 POLARIZER 2, GFOC SIMULATED READY 0 HOME 0, GMIR SIMULATED READY 0 HOME 0

8/25/2022 11:43 AM CommandInstrument  TX=S4ICS WPROT NONE NONE,WPSEL GOTO CLEAR,GMIR NONE NONE,GFOC NONE NONE,CALW NONE NONE,ASEL NONE NONE

8/25/2022 11:43 AM ResponseInstrument  RX=WPROT SIMULATED READY 112 WP6 6, WPSEL SIMULATED BUSY 50 CLEAR 1, ASEL SIMULATED READY 100 NONE -1, CALW SIMULATED READY 72 POLARIZER 2, GFOC SIMULATED READY 0 HOME 0, GMIR SIMULATED READY 0 HOME 0

8/25/2022 11:43 AM CommandInstrument  TX=S4ICS WPROT NONE NONE,WPSEL GOTO CLEAR,GMIR NONE NONE,GFOC NONE NONE,CALW NONE NONE,ASEL NONE NONE

8/25/2022 11:43 AM ResponseInstrument  RX=WPROT SIMULATED READY 112 WP6 6, WPSEL SIMULATED BUSY 50 CLEAR 1, ASEL SIMULATED READY 100 NONE -1, CALW SIMULATED READY 72 POLARIZER 2, GFOC SIMULATED READY 0 HOME 0, GMIR SIMULATED READY 0 HOME 0

8/25/2022 11:43 AM CommandInstrument  TX=S4ICS WPROT NONE NONE,WPSEL GOTO CLEAR,GMIR NONE NONE,GFOC NONE NONE,CALW NONE NONE,ASEL NONE NONE

8/25/2022 11:43 AM ResponseInstrument  RX=WPROT SIMULATED READY 112 WP6 6, WPSEL SIMULATED BUSY 50 CLEAR 1, ASEL SIMULATED READY 100 NONE -1, CALW SIMULATED READY 72 POLARIZER 2, GFOC SIMULATED READY 0 HOME 0, GMIR SIMULATED READY 0 HOME 0

8/25/2022 11:44 AM CommandInstrument  TX=S4ICS WPROT NONE NONE,WPSEL GOTO CLEAR,GMIR NONE NONE,GFOC NONE NONE,CALW NONE NONE,ASEL NONE NONE

8/25/2022 11:44 AM ResponseInstrument  RX=WPROT SIMULATED READY 112 WP6 6, WPSEL SIMULATED BUSY 50 CLEAR 1, ASEL SIMULATED READY 100 NONE -1, CALW SIMULATED READY 72 POLARIZER 2, GFOC SIMULATED READY 0 HOME 0, GMIR SIMULATED READY 0 HOME 0

8/25/2022 11:44 AM CommandInstrument  TX=S4ICS WPROT NONE NONE,WPSEL GOTO CLEAR,GMIR NONE NONE,GFOC NONE NONE,CALW NONE NONE,ASEL NONE NONE

8/25/2022 11:44 AM ResponseInstrument  RX=WPROT SIMULATED READY 112 WP6 6, WPSEL SIMULATED BUSY 50 CLEAR 1, ASEL SIMULATED READY 100 NONE -1, CALW SIMULATED READY 72 POLARIZER 2, GFOC SIMULATED READY 0 HOME 0, GMIR SIMULATED READY 0 HOME 0

8/25/2022 11:44 AM CommandInstrument  TX=S4ICS WPROT NONE NONE,WPSEL GOTO CLEAR,GMIR NONE NONE,GFOC NONE NONE,CALW NONE NONE,ASEL NONE NONE

8/25/2022 11:44 AM ResponseInstrument  RX=WPROT SIMULATED READY 112 WP6 6, WPSEL SIMULATED BUSY 50 CLEAR 1, ASEL SIMULATED READY 100 NONE -1, CALW SIMULATED READY 72 POLARIZER 2, GFOC SIMULATED READY 0 HOME 0, GMIR SIMULATED READY 0 HOME 0

8/25/2022 11:44 AM CommandInstrument  TX=S4ICS WPROT NONE NONE,WPSEL GOTO CLEAR,GMIR NONE NONE,GFOC NONE NONE,CALW NONE NONE,ASEL NONE NONE

8/25/2022 11:44 AM ResponseInstrument  RX=WPROT SIMULATED READY 112 WP6 6, WPSEL SIMULATED BUSY 50 CLEAR 1, ASEL SIMULATED READY 100 NONE -1, CALW SIMULATED READY 72 POLARIZER 2, GFOC SIMULATED READY 0 HOME 0, GMIR SIMULATED READY 0 HOME 0

8/25/2022 11:44 AM CommandInstrument  TX=S4ICS WPROT NONE NONE,WPSEL GOTO CLEAR,GMIR NONE NONE,GFOC NONE NONE,CALW NONE NONE,ASEL NONE NONE

8/25/2022 11:44 AM ResponseInstrument  RX=WPROT SIMULATED READY 112 WP6 6, WPSEL SIMULATED BUSY 50 CLEAR 1, ASEL SIMULATED READY 100 NONE -1, CALW SIMULATED READY 72 POLARIZER 2, GFOC SIMULATED READY 0 HOME 0, GMIR SIMULATED READY 0 HOME 0

8/25/2022 11:44 AM CommandInstrument  TX=S4ICS WPROT NONE NONE,WPSEL GOTO CLEAR,GMIR NONE NONE,GFOC NONE NONE,CALW NONE NONE,ASEL NONE NONE

8/25/2022 11:44 AM ResponseInstrument  RX=WPROT SIMULATED READY 112 WP6 6, WPSEL SIMULATED BUSY 50 CLEAR 1, ASEL SIMULATED READY 100 NONE -1, CALW SIMULATED READY 72 POLARIZER 2, GFOC SIMULATED READY 0 HOME 0, GMIR SIMULATED READY 0 HOME 0

8/25/2022 11:44 AM CommandInstrument  TX=S4ICS WPROT NONE NONE,WPSEL GOTO CLEAR,GMIR NONE NONE,GFOC NONE NONE,CALW NONE NONE,ASEL NONE NONE

8/25/2022 11:44 AM ResponseInstrument  RX=WPROT SIMULATED READY 112 WP6 6, WPSEL SIMULATED BUSY 50 CLEAR 1, ASEL SIMULATED READY 100 NONE -1, CALW SIMULATED READY 72 POLARIZER 2, GFOC SIMULATED READY 0 HOME 0, GMIR SIMULATED READY 0 HOME 0

8/25/2022 11:44 AM CommandInstrument  TX=S4ICS WPROT NONE NONE,WPSEL GOTO CLEAR,GMIR NONE NONE,GFOC NONE NONE,CALW NONE NONE,ASEL NONE NONE

8/25/2022 11:44 AM ResponseInstrument  RX=WPROT SIMULATED READY 112 WP6 6, WPSEL SIMULATED BUSY 50 CLEAR 1, ASEL SIMULATED READY 100 NONE -1, CALW SIMULATED READY 72 POLARIZER 2, GFOC SIMULATED READY 0 HOME 0, GMIR SIMULATED READY 0 HOME 0

8/25/2022 11:44 AM CommandInstrument  TX=S4ICS WPROT NONE NONE,WPSEL GOTO CLEAR,GMIR NONE NONE,GFOC NONE NONE,CALW NONE NONE,ASEL NONE NONE

8/25/2022 11:44 AM ResponseInstrument  RX=WPROT SIMULATED READY 112 WP6 6, WPSEL SIMULATED BUSY 50 CLEAR 1, ASEL SIMULATED READY 100 NONE -1, CALW SIMULATED READY 72 POLARIZER 2, GFOC SIMULATED READY 0 HOME 0, GMIR SIMULATED READY 0 HOME 0

8/25/2022 11:44 AM CommandInstrument  TX=S4ICS WPROT NONE NONE,WPSEL GOTO CLEAR,GMIR NONE NONE,GFOC NONE NONE,CALW NONE NONE,ASEL NONE NONE

8/25/2022 11:44 AM ResponseInstrument  RX=WPROT SIMULATED READY 112 WP6 6, WPSEL SIMULATED BUSY 50 CLEAR 1, ASEL SIMULATED READY 100 NONE -1, CALW SIMULATED READY 72 POLARIZER 2, GFOC SIMULATED READY 0 HOME 0, GMIR SIMULATED READY 0 HOME 0

8/25/2022 11:44 AM CommandInstrument  TX=S4ICS WPROT NONE NONE,WPSEL GOTO CLEAR,GMIR NONE NONE,GFOC NONE NONE,CALW NONE NONE,ASEL NONE NONE

8/25/2022 11:44 AM ResponseInstrument  RX=WPROT SIMULATED READY 112 WP6 6, WPSEL SIMULATED BUSY 50 CLEAR 1, ASEL SIMULATED READY 100 NONE -1, CALW SIMULATED READY 72 POLARIZER 2, GFOC SIMULATED READY 0 HOME 0, GMIR SIMULATED READY 0 HOME 0

8/25/2022 11:44 AM CommandInstrument  TX=S4ICS WPROT NONE NONE,WPSEL GOTO CLEAR,GMIR NONE NONE,GFOC NONE NONE,CALW NONE NONE,ASEL NONE NONE

8/25/2022 11:44 AM ResponseInstrument  RX=WPROT SIMULATED READY 112 WP6 6, WPSEL SIMULATED BUSY 50 CLEAR 1, ASEL SIMULATED READY 100 NONE -1, CALW SIMULATED READY 72 POLARIZER 2, GFOC SIMULATED READY 0 HOME 0, GMIR SIMULATED READY 0 HOME 0

8/25/2022 11:44 AM CommandInstrument  TX=S4ICS WPROT NONE NONE,WPSEL GOTO CLEAR,GMIR NONE NONE,GFOC NONE NONE,CALW NONE NONE,ASEL NONE NONE

8/25/2022 11:44 AM ResponseInstrument  RX=WPROT SIMULATED READY 112 WP6 6, WPSEL SIMULATED BUSY 50 CLEAR 1, ASEL SIMULATED READY 100 NONE -1, CALW SIMULATED READY 72 POLARIZER 2, GFOC SIMULATED READY 0 HOME 0, GMIR SIMULATED READY 0 HOME 0

8/25/2022 11:44 AM CommandInstrument  TX=S4ICS WPROT NONE NONE,WPSEL GOTO CLEAR,GMIR NONE NONE,GFOC NONE NONE,CALW NONE NONE,ASEL NONE NONE

8/25/2022 11:44 AM ResponseInstrument  RX=WPROT SIMULATED READY 112 WP6 6, WPSEL SIMULATED BUSY 50 CLEAR 1, ASEL SIMULATED READY 100 NONE -1, CALW SIMULATED READY 72 POLARIZER 2, GFOC SIMULATED READY 0 HOME 0, GMIR SIMULATED READY 0 HOME 0

8/25/2022 11:45 AM CommandInstrument  TX=S4ICS WPROT NONE NONE,WPSEL GOTO CLEAR,GMIR NONE NONE,GFOC NONE NONE,CALW NONE NONE,ASEL NONE NONE

8/25/2022 11:45 AM ResponseInstrument  RX=WPROT SIMULATED READY 112 WP6 6, WPSEL SIMULATED BUSY 50 CLEAR 1, ASEL SIMULATED READY 100 NONE -1, CALW SIMULATED READY 72 POLARIZER 2, GFOC SIMULATED READY 0 HOME 0, GMIR SIMULATED READY 0 HOME 0

8/25/2022 11:45 AM CommandInstrument  TX=S4ICS WPROT NONE NONE,WPSEL GOTO CLEAR,GMIR NONE NONE,GFOC NONE NONE,CALW NONE NONE,ASEL NONE NONE

8/25/2022 11:45 AM ResponseInstrument  RX=WPROT SIMULATED READY 112 WP6 6, WPSEL SIMULATED BUSY 50 CLEAR 1, ASEL SIMULATED READY 100 NONE -1, CALW SIMULATED READY 72 POLARIZER 2, GFOC SIMULATED READY 0 HOME 0, GMIR SIMULATED READY 0 HOME 0

8/25/2022 11:45 AM CommandInstrument  TX=S4ICS WPROT NONE NONE,WPSEL GOTO CLEAR,GMIR NONE NONE,GFOC NONE NONE,CALW NONE NONE,ASEL NONE NONE

8/25/2022 11:45 AM ResponseInstrument  RX=WPROT SIMULATED READY 112 WP6 6, WPSEL SIMULATED BUSY 50 CLEAR 1, ASEL SIMULATED READY 100 NONE -1, CALW SIMULATED READY 72 POLARIZER 2, GFOC SIMULATED READY 0 HOME 0, GMIR SIMULATED READY 0 HOME 0

8/25/2022 11:45 AM CommandInstrument  TX=S4ICS WPROT NONE NONE,WPSEL GOTO CLEAR,GMIR NONE NONE,GFOC NONE NONE,CALW NONE NONE,ASEL NONE NONE

8/25/2022 11:45 AM ResponseInstrument  RX=WPROT SIMULATED READY 112 WP6 6, WPSEL SIMULATED BUSY 50 CLEAR 1, ASEL SIMULATED READY 100 NONE -1, CALW SIMULATED READY 72 POLARIZER 2, GFOC SIMULATED READY 0 HOME 0, GMIR SIMULATED READY 0 HOME 0

8/25/2022 11:45 AM CommandInstrument  TX=S4ICS WPROT NONE NONE,WPSEL GOTO CLEAR,GMIR NONE NONE,GFOC NONE NONE,CALW NONE NONE,ASEL NONE NONE

8/25/2022 11:45 AM ResponseInstrument  RX=WPROT SIMULATED READY 112 WP6 6, WPSEL SIMULATED BUSY 50 CLEAR 1, ASEL SIMULATED READY 100 NONE -1, CALW SIMULATED READY 72 POLARIZER 2, GFOC SIMULATED READY 0 HOME 0, GMIR SIMULATED READY 0 HOME 0

8/25/2022 11:45 AM CommandInstrument  TX=S4ICS WPROT NONE NONE,WPSEL GOTO CLEAR,GMIR NONE NONE,GFOC NONE NONE,CALW NONE NONE,ASEL NONE NONE

8/25/2022 11:45 AM ResponseInstrument  RX=WPROT SIMULATED READY 112 WP6 6, WPSEL SIMULATED BUSY 50 CLEAR 1, ASEL SIMULATED READY 100 NONE -1, CALW SIMULATED READY 72 POLARIZER 2, GFOC SIMULATED READY 0 HOME 0, GMIR SIMULATED READY 0 HOME 0

8/25/2022 11:45 AM CommandInstrument  TX=S4ICS WPROT NONE NONE,WPSEL GOTO CLEAR,GMIR NONE NONE,GFOC NONE NONE,CALW NONE NONE,ASEL NONE NONE

8/25/2022 11:45 AM ResponseInstrument  RX=WPROT SIMULATED READY 112 WP6 6, WPSEL SIMULATED BUSY 50 CLEAR 1, ASEL SIMULATED READY 100 NONE -1, CALW SIMULATED READY 72 POLARIZER 2, GFOC SIMULATED READY 0 HOME 0, GMIR SIMULATED READY 0 HOME 0

8/25/2022 11:45 AM CommandInstrument  TX=S4ICS WPROT NONE NONE,WPSEL GOTO CLEAR,GMIR NONE NONE,GFOC NONE NONE,CALW NONE NONE,ASEL NONE NONE

8/25/2022 11:45 AM ResponseInstrument  RX=WPROT SIMULATED READY 112 WP6 6, WPSEL SIMULATED BUSY 50 CLEAR 1, ASEL SIMULATED READY 100 NONE -1, CALW SIMULATED READY 72 POLARIZER 2, GFOC SIMULATED READY 0 HOME 0, GMIR SIMULATED READY 0 HOME 0

8/25/2022 11:45 AM CommandInstrument  TX=S4ICS WPROT NONE NONE,WPSEL GOTO CLEAR,GMIR NONE NONE,GFOC NONE NONE,CALW NONE NONE,ASEL NONE NONE

8/25/2022 11:45 AM ResponseInstrument  RX=WPROT SIMULATED READY 112 WP6 6, WPSEL SIMULATED BUSY 50 CLEAR 1, ASEL SIMULATED READY 100 NONE -1, CALW SIMULATED READY 72 POLARIZER 2, GFOC SIMULATED READY 0 HOME 0, GMIR SIMULATED READY 0 HOME 0

8/25/2022 11:45 AM CommandInstrument  TX=S4ICS WPROT NONE NONE,WPSEL GOTO CLEAR,GMIR NONE NONE,GFOC NONE NONE,CALW NONE NONE,ASEL NONE NONE

8/25/2022 11:45 AM ResponseInstrument  RX=WPROT SIMULATED READY 112 WP6 6, WPSEL SIMULATED BUSY 50 CLEAR 1, ASEL SIMULATED READY 100 NONE -1, CALW SIMULATED READY 72 POLARIZER 2, GFOC SIMULATED READY 0 HOME 0, GMIR SIMULATED READY 0 HOME 0

8/25/2022 11:45 AM CommandInstrument  TX=S4ICS WPROT NONE NONE,WPSEL GOTO CLEAR,GMIR NONE NONE,GFOC NONE NONE,CALW NONE NONE,ASEL NONE NONE

8/25/2022 11:45 AM ResponseInstrument  RX=WPROT SIMULATED READY 112 WP6 6, WPSEL SIMULATED BUSY 50 CLEAR 1, ASEL SIMULATED READY 100 NONE -1, CALW SIMULATED READY 72 POLARIZER 2, GFOC SIMULATED READY 0 HOME 0, GMIR SIMULATED READY 0 HOME 0

8/25/2022 11:45 AM CommandInstrument  TX=S4ICS WPROT NONE NONE,WPSEL GOTO CLEAR,GMIR NONE NONE,GFOC NONE NONE,CALW NONE NONE,ASEL NONE NONE

8/25/2022 11:45 AM ResponseInstrument  RX=WPROT SIMULATED READY 112 WP6 6, WPSEL SIMULATED BUSY 50 CLEAR 1, ASEL SIMULATED READY 100 NONE -1, CALW SIMULATED READY 72 POLARIZER 2, GFOC SIMULATED READY 0 HOME 0, GMIR SIMULATED READY 0 HOME 0

8/25/2022 11:45 AM CommandInstrument  TX=S4ICS WPROT NONE NONE,WPSEL GOTO CLEAR,GMIR NONE NONE,GFOC NONE NONE,CALW NONE NONE,ASEL NONE NONE

8/25/2022 11:45 AM ResponseInstrument  RX=WPROT SIMULATED READY 112 WP6 6, WPSEL SIMULATED BUSY 50 CLEAR 1, ASEL SIMULATED READY 100 NONE -1, CALW SIMULATED READY 72 POLARIZER 2, GFOC SIMULATED READY 0 HOME 0, GMIR SIMULATED READY 0 HOME 0

8/25/2022 11:45 AM CommandInstrument  TX=S4ICS WPROT NONE NONE,WPSEL GOTO CLEAR,GMIR NONE NONE,GFOC NONE NONE,CALW NONE NONE,ASEL NONE NONE

8/25/2022 11:45 AM ResponseInstrument  RX=WPROT SIMULATED READY 112 WP6 6, WPSEL SIMULATED BUSY 50 CLEAR 1, ASEL SIMULATED READY 100 NONE -1, CALW SIMULATED READY 72 POLARIZER 2, GFOC SIMULATED READY 0 HOME 0, GMIR SIMULATED READY 0 HOME 0

8/25/2022 11:45 AM CommandInstrument  TX=S4ICS WPROT NONE NONE,WPSEL GOTO CLEAR,GMIR NONE NONE,GFOC NONE NONE,CALW NONE NONE,ASEL NONE NONE

8/25/2022 11:45 AM ResponseInstrument  RX=WPROT SIMULATED READY 112 WP6 6, WPSEL SIMULATED BUSY 50 CLEAR 1, ASEL SIMULATED READY 100 NONE -1, CALW SIMULATED READY 72 POLARIZER 2, GFOC SIMULATED READY 0 HOME 0, GMIR SIMULATED READY 0 HOME 0

8/25/2022 11:46 AM CommandInstrument  TX=S4ICS WPROT NONE NONE,WPSEL GOTO CLEAR,GMIR NONE NONE,GFOC NONE NONE,CALW NONE NONE,ASEL NONE NONE

8/25/2022 11:46 AM ResponseInstrument  RX=WPROT SIMULATED READY 112 WP6 6, WPSEL SIMULATED BUSY 50 CLEAR 1, ASEL SIMULATED READY 100 NONE -1, CALW SIMULATED READY 72 POLARIZER 2, GFOC SIMULATED READY 0 HOME 0, GMIR SIMULATED READY 0 HOME 0

8/25/2022 11:46 AM CommandInstrument  TX=S4ICS WPROT NONE NONE,WPSEL GOTO CLEAR,GMIR NONE NONE,GFOC NONE NONE,CALW NONE NONE,ASEL NONE NONE

8/25/2022 11:46 AM ResponseInstrument  RX=WPROT SIMULATED READY 112 WP6 6, WPSEL SIMULATED BUSY 50 CLEAR 1, ASEL SIMULATED READY 100 NONE -1, CALW SIMULATED READY 72 POLARIZER 2, GFOC SIMULATED READY 0 HOME 0, GMIR SIMULATED READY 0 HOME 0

8/25/2022 11:46 AM CommandInstrument  TX=S4ICS WPROT NONE NONE,WPSEL GOTO CLEAR,GMIR NONE NONE,GFOC NONE NONE,CALW NONE NONE,ASEL NONE NONE

8/25/2022 11:46 AM ResponseInstrument  RX=WPROT SIMULATED READY 112 WP6 6, WPSEL SIMULATED BUSY 50 CLEAR 1, ASEL SIMULATED READY 100 NONE -1, CALW SIMULATED READY 72 POLARIZER 2, GFOC SIMULATED READY 0 HOME 0, GMIR SIMULATED READY 0 HOME 0

8/25/2022 11:46 AM CommandInstrument  TX=S4ICS WPROT NONE NONE,WPSEL GOTO CLEAR,GMIR NONE NONE,GFOC NONE NONE,CALW NONE NONE,ASEL NONE NONE

8/25/2022 11:46 AM ResponseInstrument  RX=WPROT SIMULATED READY 112 WP6 6, WPSEL SIMULATED BUSY 50 CLEAR 1, ASEL SIMULATED READY 100 NONE -1, CALW SIMULATED READY 72 POLARIZER 2, GFOC SIMULATED READY 0 HOME 0, GMIR SIMULATED READY 0 HOME 0

8/25/2022 11:46 AM CommandInstrument  TX=S4ICS WPROT NONE NONE,WPSEL GOTO CLEAR,GMIR NONE NONE,GFOC NONE NONE,CALW NONE NONE,ASEL NONE NONE

8/25/2022 11:46 AM ResponseInstrument  RX=WPROT SIMULATED READY 112 WP6 6, WPSEL SIMULATED BUSY 50 CLEAR 1, ASEL SIMULATED READY 100 NONE -1, CALW SIMULATED READY 72 POLARIZER 2, GFOC SIMULATED READY 0 HOME 0, GMIR SIMULATED READY 0 HOME 0

8/25/2022 11:46 AM CommandInstrument  TX=S4ICS WPROT NONE NONE,WPSEL GOTO CLEAR,GMIR NONE NONE,GFOC NONE NONE,CALW NONE NONE,ASEL NONE NONE

8/25/2022 11:46 AM ResponseInstrument  RX=WPROT SIMULATED READY 112 WP6 6, WPSEL SIMULATED BUSY 50 CLEAR 1, ASEL SIMULATED READY 100 NONE -1, CALW SIMULATED READY 72 POLARIZER 2, GFOC SIMULATED READY 0 HOME 0, GMIR SIMULATED READY 0 HOME 0

8/25/2022 11:46 AM CommandInstrument  TX=S4ICS WPROT NONE NONE,WPSEL GOTO CLEAR,GMIR NONE NONE,GFOC NONE NONE,CALW NONE NONE,ASEL NONE NONE

8/25/2022 11:46 AM ResponseInstrument  RX=WPROT SIMULATED READY 112 WP6 6, WPSEL SIMULATED BUSY 50 CLEAR 1, ASEL SIMULATED READY 100 NONE -1, CALW SIMULATED READY 72 POLARIZER 2, GFOC SIMULATED READY 0 HOME 0, GMIR SIMULATED READY 0 HOME 0

8/25/2022 11:46 AM CommandInstrument  TX=S4ICS WPROT NONE NONE,WPSEL GOTO CLEAR,GMIR NONE NONE,GFOC NONE NONE,CALW NONE NONE,ASEL NONE NONE

8/25/2022 11:46 AM ResponseInstrument  RX=WPROT SIMULATED READY 112 WP6 6, WPSEL SIMULATED BUSY 50 CLEAR 1, ASEL SIMULATED READY 100 NONE -1, CALW SIMULATED READY 72 POLARIZER 2, GFOC SIMULATED READY 0 HOME 0, GMIR SIMULATED READY 0 HOME 0

8/25/2022 11:46 AM CommandInstrument  TX=S4ICS WPROT NONE NONE,WPSEL GOTO CLEAR,GMIR NONE NONE,GFOC NONE NONE,CALW NONE NONE,ASEL NONE NONE

8/25/2022 11:46 AM ResponseInstrument  RX=WPROT SIMULATED READY 112 WP6 6, WPSEL SIMULATED BUSY 50 CLEAR 1, ASEL SIMULATED READY 100 NONE -1, CALW SIMULATED READY 72 POLARIZER 2, GFOC SIMULATED READY 0 HOME 0, GMIR SIMULATED READY 0 HOME 0

8/25/2022 11:46 AM CommandInstrument  TX=S4ICS WPROT NONE NONE,WPSEL GOTO CLEAR,GMIR NONE NONE,GFOC NONE NONE,CALW NONE NONE,ASEL NONE NONE

8/25/2022 11:46 AM ResponseInstrument  RX=WPROT SIMULATED READY 112 WP6 6, WPSEL SIMULATED BUSY 50 CLEAR 1, ASEL SIMULATED READY 100 NONE -1, CALW SIMULATED READY 72 POLARIZER 2, GFOC SIMULATED READY 0 HOME 0, GMIR SIMULATED READY 0 HOME 0

8/25/2022 11:46 AM CommandInstrument  TX=S4ICS WPROT NONE NONE,WPSEL GOTO CLEAR,GMIR NONE NONE,GFOC NONE NONE,CALW NONE NONE,ASEL NONE NONE

8/25/2022 11:46 AM ResponseInstrument  RX=WPROT SIMULATED READY 112 WP6 6, WPSEL SIMULATED BUSY 50 CLEAR 1, ASEL SIMULATED READY 100 NONE -1, CALW SIMULATED READY 72 POLARIZER 2, GFOC SIMULATED READY 0 HOME 0, GMIR SIMULATED READY 0 HOME 0

8/25/2022 11:46 AM CommandInstrument  TX=S4ICS WPROT NONE NONE,WPSEL GOTO CLEAR,GMIR NONE NONE,GFOC NONE NONE,CALW NONE NONE,ASEL NONE NONE

8/25/2022 11:46 AM ResponseInstrument  RX=WPROT SIMULATED READY 112 WP6 6, WPSEL SIMULATED BUSY 50 CLEAR 1, ASEL SIMULATED READY 100 NONE -1, CALW SIMULATED READY 72 POLARIZER 2, GFOC SIMULATED READY 0 HOME 0, GMIR SIMULATED READY 0 HOME 0

8/25/2022 11:46 AM CommandInstrument  TX=S4ICS WPROT NONE NONE,WPSEL GOTO CLEAR,GMIR NONE NONE,GFOC NONE NONE,CALW NONE NONE,ASEL NONE NONE

8/25/2022 11:46 AM ResponseInstrument  RX=WPROT SIMULATED READY 112 WP6 6, WPSEL SIMULATED BUSY 50 CLEAR 1, ASEL SIMULATED READY 100 NONE -1, CALW SIMULATED READY 72 POLARIZER 2, GFOC SIMULATED READY 0 HOME 0, GMIR SIMULATED READY 0 HOME 0

8/25/2022 11:46 AM CommandInstrument  TX=S4ICS WPROT NONE NONE,WPSEL GOTO CLEAR,GMIR NONE NONE,GFOC NONE NONE,CALW NONE NONE,ASEL NONE NONE

8/25/2022 11:46 AM ResponseInstrument  RX=WPROT SIMULATED READY 112 WP6 6, WPSEL SIMULATED BUSY 50 CLEAR 1, ASEL SIMULATED READY 100 NONE -1, CALW SIMULATED READY 72 POLARIZER 2, GFOC SIMULATED READY 0 HOME 0, GMIR SIMULATED READY 0 HOME 0

8/25/2022 11:46 AM CommandInstrument  TX=S4ICS WPROT NONE NONE,WPSEL GOTO CLEAR,GMIR NONE NONE,GFOC NONE NONE,CALW NONE NONE,ASEL NONE NONE

8/25/2022 11:47 AM ResponseInstrument  RX=WPROT SIMULATED READY 112 WP6 6, WPSEL SIMULATED BUSY 50 CLEAR 1, ASEL SIMULATED READY 100 NONE -1, CALW SIMULATED READY 72 POLARIZER 2, GFOC SIMULATED READY 0 HOME 0, GMIR SIMULATED READY 0 HOME 0

8/25/2022 11:47 AM CommandInstrument  TX=S4ICS WPROT NONE NONE,WPSEL GOTO CLEAR,GMIR NONE NONE,GFOC NONE NONE,CALW NONE NONE,ASEL NONE NONE

8/25/2022 11:47 AM ResponseInstrument  RX=WPROT SIMULATED READY 112 WP6 6, WPSEL SIMULATED BUSY 50 CLEAR 1, ASEL SIMULATED READY 100 NONE -1, CALW SIMULATED READY 72 POLARIZER 2, GFOC SIMULATED READY 0 HOME 0, GMIR SIMULATED READY 0 HOME 0

8/25/2022 11:47 AM CommandInstrument  TX=S4ICS WPROT NONE NONE,WPSEL GOTO CLEAR,GMIR NONE NONE,GFOC NONE NONE,CALW NONE NONE,ASEL NONE NONE

8/25/2022 11:47 AM ResponseInstrument  RX=WPROT SIMULATED READY 112 WP6 6, WPSEL SIMULATED BUSY 50 CLEAR 1, ASEL SIMULATED READY 100 NONE -1, CALW SIMULATED READY 72 POLARIZER 2, GFOC SIMULATED READY 0 HOME 0, GMIR SIMULATED READY 0 HOME 0

8/25/2022 11:47 AM CommandInstrument  TX=S4ICS WPROT NONE NONE,WPSEL GOTO CLEAR,GMIR NONE NONE,GFOC NONE NONE,CALW NONE NONE,ASEL NONE NONE

8/25/2022 11:47 AM ResponseInstrument  RX=WPROT SIMULATED READY 112 WP6 6, WPSEL SIMULATED BUSY 50 CLEAR 1, ASEL SIMULATED READY 100 NONE -1, CALW SIMULATED READY 72 POLARIZER 2, GFOC SIMULATED READY 0 HOME 0, GMIR SIMULATED READY 0 HOME 0

8/25/2022 11:47 AM CommandInstrument  TX=S4ICS WPROT NONE NONE,WPSEL GOTO CLEAR,GMIR NONE NONE,GFOC NONE NONE,CALW NONE NONE,ASEL NONE NONE

8/25/2022 11:47 AM ResponseInstrument  RX=WPROT SIMULATED READY 112 WP6 6, WPSEL SIMULATED BUSY 50 CLEAR 1, ASEL SIMULATED READY 100 NONE -1, CALW SIMULATED READY 72 POLARIZER 2, GFOC SIMULATED READY 0 HOME 0, GMIR SIMULATED READY 0 HOME 0

8/25/2022 11:47 AM CommandInstrument  TX=S4ICS WPROT NONE NONE,WPSEL GOTO CLEAR,GMIR NONE NONE,GFOC NONE NONE,CALW NONE NONE,ASEL NONE NONE

8/25/2022 11:47 AM ResponseInstrument  RX=WPROT SIMULATED READY 112 WP6 6, WPSEL SIMULATED BUSY 50 CLEAR 1, ASEL SIMULATED READY 100 NONE -1, CALW SIMULATED READY 72 POLARIZER 2, GFOC SIMULATED READY 0 HOME 0, GMIR SIMULATED READY 0 HOME 0

8/25/2022 11:47 AM CommandInstrument  TX=S4ICS WPROT NONE NONE,WPSEL GOTO CLEAR,GMIR NONE NONE,GFOC NONE NONE,CALW NONE NONE,ASEL NONE NONE

8/25/2022 11:47 AM ResponseInstrument  RX=WPROT SIMULATED READY 112 WP6 6, WPSEL SIMULATED BUSY 50 CLEAR 1, ASEL SIMULATED READY 100 NONE -1, CALW SIMULATED READY 72 POLARIZER 2, GFOC SIMULATED READY 0 HOME 0, GMIR SIMULATED READY 0 HOME 0

8/25/2022 11:47 AM CommandInstrument  TX=S4ICS WPROT NONE NONE,WPSEL GOTO CLEAR,GMIR NONE NONE,GFOC NONE NONE,CALW NONE NONE,ASEL NONE NONE

8/25/2022 11:47 AM ResponseInstrument  RX=WPROT SIMULATED READY 112 WP6 6, WPSEL SIMULATED BUSY 50 CLEAR 1, ASEL SIMULATED READY 100 NONE -1, CALW SIMULATED READY 72 POLARIZER 2, GFOC SIMULATED READY 0 HOME 0, GMIR SIMULATED READY 0 HOME 0

8/25/2022 11:47 AM CommandInstrument  TX=S4ICS WPROT NONE NONE,WPSEL GOTO CLEAR,GMIR NONE NONE,GFOC NONE NONE,CALW NONE NONE,ASEL NONE NONE

8/25/2022 11:47 AM ResponseInstrument  RX=WPROT SIMULATED READY 112 WP6 6, WPSEL SIMULATED BUSY 50 CLEAR 1, ASEL SIMULATED READY 100 NONE -1, CALW SIMULATED READY 72 POLARIZER 2, GFOC SIMULATED READY 0 HOME 0, GMIR SIMULATED READY 0 HOME 0

8/25/2022 11:47 AM CommandInstrument  TX=S4ICS WPROT NONE NONE,WPSEL GOTO CLEAR,GMIR NONE NONE,GFOC NONE NONE,CALW NONE NONE,ASEL NONE NONE

8/25/2022 11:47 AM ResponseInstrument  RX=WPROT SIMULATED READY 112 WP6 6, WPSEL SIMULATED BUSY 50 CLEAR 1, ASEL SIMULATED READY 100 NONE -1, CALW SIMULATED READY 72 POLARIZER 2, GFOC SIMULATED READY 0 HOME 0, GMIR SIMULATED READY 0 HOME 0

8/25/2022 11:47 AM CommandInstrument  TX=S4ICS WPROT NONE NONE,WPSEL GOTO CLEAR,GMIR NONE NONE,GFOC NONE NONE,CALW NONE NONE,ASEL NONE NONE

8/25/2022 11:47 AM ResponseInstrument  RX=WPROT SIMULATED READY 112 WP6 6, WPSEL SIMULATED BUSY 50 CLEAR 1, ASEL SIMULATED READY 100 NONE -1, CALW SIMULATED READY 72 POLARIZER 2, GFOC SIMULATED READY 0 HOME 0, GMIR SIMULATED READY 0 HOME 0

8/25/2022 11:47 AM CommandInstrument  TX=S4ICS WPROT NONE NONE,WPSEL GOTO CLEAR,GMIR NONE NONE,GFOC NONE NONE,CALW NONE NONE,ASEL NONE NONE

8/25/2022 11:47 AM ResponseInstrument  RX=WPROT SIMULATED READY 112 WP6 6, WPSEL SIMULATED BUSY 50 CLEAR 1, ASEL SIMULATED READY 100 NONE -1, CALW SIMULATED READY 72 POLARIZER 2, GFOC SIMULATED READY 0 HOME 0, GMIR SIMULATED READY 0 HOME 0

8/25/2022 11:47 AM CommandInstrument  TX=S4ICS WPROT NONE NONE,WPSEL GOTO CLEAR,GMIR NONE NONE,GFOC NONE NONE,CALW NONE NONE,ASEL NONE NONE

8/25/2022 11:47 AM ResponseInstrument  RX=WPROT SIMULATED READY 112 WP6 6, WPSEL SIMULATED BUSY 50 CLEAR 1, ASEL SIMULATED READY 100 NONE -1, CALW SIMULATED READY 72 POLARIZER 2, GFOC SIMULATED READY 0 HOME 0, GMIR SIMULATED READY 0 HOME 0

8/25/2022 11:47 AM CommandInstrument  TX=S4ICS WPROT NONE NONE,WPSEL GOTO CLEAR,GMIR NONE NONE,GFOC NONE NONE,CALW NONE NONE,ASEL NONE NONE

8/25/2022 11:47 AM ResponseInstrument  RX=WPROT SIMULATED READY 112 WP6 6, WPSEL SIMULATED BUSY 50 CLEAR 1, ASEL SIMULATED READY 100 NONE -1, CALW SIMULATED READY 72 POLARIZER 2, GFOC SIMULATED READY 0 HOME 0, GMIR SIMULATED READY 0 HOME 0

8/25/2022 11:47 AM CommandInstrument  TX=S4ICS WPROT NONE NONE,WPSEL GOTO CLEAR,GMIR NONE NONE,GFOC NONE NONE,CALW NONE NONE,ASEL NONE NONE

8/25/2022 11:47 AM ResponseInstrument  RX=WPROT SIMULATED READY 112 WP6 6, WPSEL SIMULATED BUSY 50 CLEAR 1, ASEL SIMULATED READY 100 NONE -1, CALW SIMULATED READY 72 POLARIZER 2, GFOC SIMULATED READY 0 HOME 0, GMIR SIMULATED READY 0 HOME 0

8/25/2022 11:48 AM CommandInstrument  TX=S4ICS WPROT NONE NONE,WPSEL GOTO CLEAR,GMIR NONE NONE,GFOC NONE NONE,CALW NONE NONE,ASEL NONE NONE

8/25/2022 11:48 AM ResponseInstrument  RX=WPROT SIMULATED READY 112 WP6 6, WPSEL SIMULATED BUSY 50 CLEAR 1, ASEL SIMULATED READY 100 NONE -1, CALW SIMULATED READY 72 POLARIZER 2, GFOC SIMULATED READY 0 HOME 0, GMIR SIMULATED READY 0 HOME 0

8/25/2022 11:48 AM CommandInstrument  TX=S4ICS WPROT NONE NONE,WPSEL GOTO CLEAR,GMIR NONE NONE,GFOC NONE NONE,CALW NONE NONE,ASEL NONE NONE

8/25/2022 11:48 AM ResponseInstrument  RX=WPROT SIMULATED READY 112 WP6 6, WPSEL SIMULATED BUSY 50 CLEAR 1, ASEL SIMULATED READY 100 NONE -1, CALW SIMULATED READY 72 POLARIZER 2, GFOC SIMULATED READY 0 HOME 0, GMIR SIMULATED READY 0 HOME 0

8/25/2022 11:48 AM CommandInstrument  TX=S4ICS WPROT NONE NONE,WPSEL GOTO CLEAR,GMIR NONE NONE,GFOC NONE NONE,CALW NONE NONE,ASEL NONE NONE

8/25/2022 11:48 AM ResponseInstrument  RX=WPROT SIMULATED READY 112 WP6 6, WPSEL SIMULATED BUSY 50 CLEAR 1, ASEL SIMULATED READY 100 NONE -1, CALW SIMULATED READY 72 POLARIZER 2, GFOC SIMULATED READY 0 HOME 0, GMIR SIMULATED READY 0 HOME 0

8/25/2022 11:48 AM CommandInstrument  TX=S4ICS WPROT NONE NONE,WPSEL GOTO CLEAR,GMIR NONE NONE,GFOC NONE NONE,CALW NONE NONE,ASEL NONE NONE

8/25/2022 11:48 AM ResponseInstrument  RX=WPROT SIMULATED READY 112 WP6 6, WPSEL SIMULATED BUSY 50 CLEAR 1, ASEL SIMULATED READY 100 NONE -1, CALW SIMULATED READY 72 POLARIZER 2, GFOC SIMULATED READY 0 HOME 0, GMIR SIMULATED READY 0 HOME 0

