8/17/2022 5:17 PM CommandAcquisChA  TX=WRITE_SETUP {"ACQUISITION_MODE":3,"TRIGGER_MODE":1,"READ_MODE":0,"PREAMP":0,"READOUT_RATE":0,"VERTICAL_SHIFT_SPEED":0,"EM_MODE":1,"EM_GAIN":2,"SHUTTER_MODE":2,"SHUTTER_TTL":0,"SHUTTER_OPENING_TIME":1,"SHUTTER_CLOSING_TIME":1,"VBIN":0,"HBIN":0,"INITIAL_LINE":0,"INITIAL_COLUMN":0,"FINAL_LINE":0,"FINAL_COLUMN":0,"FRAME_TRANSFER":false,"VERTICAL_CLOCK_VOLTAGE":0,"AD_CHANNEL":0}
8/17/2022 5:17 PM CommandAcquisChB  TX=WRITE_SETUP {"ACQUISITION_MODE":3,"TRIGGER_MODE":1,"READ_MODE":4,"PREAMP":0,"READOUT_RATE":0,"VERTICAL_SHIFT_SPEED":3,"EM_MODE":1,"EM_GAIN":2,"SHUTTER_MODE":1,"SHUTTER_TTL":0,"SHUTTER_OPENING_TIME":50,"SHUTTER_CLOSING_TIME":50,"VBIN":1,"HBIN":1,"INITIAL_LINE":1,"INITIAL_COLUMN":1,"FINAL_LINE":1024,"FINAL_COLUMN":1024,"FRAME_TRANSFER":true,"VERTICAL_CLOCK_VOLTAGE":0,"AD_CHANNEL":0}
8/17/2022 5:17 PM CommandAcquisChC  TX=WRITE_SETUP {"ACQUISITION_MODE":3,"TRIGGER_MODE":1,"READ_MODE":0,"PREAMP":0,"READOUT_RATE":0,"VERTICAL_SHIFT_SPEED":0,"EM_MODE":1,"EM_GAIN":2,"SHUTTER_MODE":2,"SHUTTER_TTL":0,"SHUTTER_OPENING_TIME":1,"SHUTTER_CLOSING_TIME":1,"VBIN":0,"HBIN":0,"INITIAL_LINE":0,"INITIAL_COLUMN":0,"FINAL_LINE":0,"FINAL_COLUMN":0,"FRAME_TRANSFER":true,"VERTICAL_CLOCK_VOLTAGE":0,"AD_CHANNEL":0}
8/17/2022 5:17 PM CommandAcquisChD  TX=WRITE_SETUP {"ACQUISITION_MODE":3,"TRIGGER_MODE":1,"READ_MODE":0,"PREAMP":0,"READOUT_RATE":0,"VERTICAL_SHIFT_SPEED":0,"EM_MODE":1,"EM_GAIN":2,"SHUTTER_MODE":2,"SHUTTER_TTL":0,"SHUTTER_OPENING_TIME":1,"SHUTTER_CLOSING_TIME":1,"VBIN":0,"HBIN":0,"INITIAL_LINE":0,"INITIAL_COLUMN":0,"FINAL_LINE":0,"FINAL_COLUMN":0,"FRAME_TRANSFER":true,"VERTICAL_CLOCK_VOLTAGE":0,"AD_CHANNEL":0}
8/17/2022 5:17 PM CommandSyncBox  TX=aset off

8/17/2022 5:17 PM ResponseSyncBox  RX=OK

8/17/2022 5:17 PM CommandSyncBox  TX=bset off

8/17/2022 5:17 PM ResponseSyncBox  RX=OK

8/17/2022 5:17 PM CommandSyncBox  TX=cset off

8/17/2022 5:17 PM ResponseSyncBox  RX=OK

8/17/2022 5:17 PM CommandSyncBox  TX=dset on

8/17/2022 5:17 PM ResponseSyncBox  RX=OK

8/17/2022 5:17 PM CommandSyncBox  TX=IN

8/17/2022 5:17 PM ResponseSyncBox  RX=OK

8/17/2022 5:17 PM CommandAcquisChA  TX=READ_SETUP 
8/17/2022 5:17 PM CommandAcquisChB  TX=READ_SETUP 
8/17/2022 5:17 PM CommandAcquisChC  TX=READ_SETUP 
8/17/2022 5:17 PM CommandAcquisChD  TX=READ_SETUP 
8/17/2022 5:17 PM ResponseAcquisChC  RX=CCD_SETUP {"PREAMP":0,"READOUT_RATE":0,"EM_GAIN":2,"VBIN":1,"INITIAL_LINE":1,"INITIAL_COLUMN":1,"FINAL_LINE":1,"FINAL_COLUMN":1,"TRIGGER_MODE":1,"HBIN":1,"SHUTTER_TTL":0,"SHUTTER_MODE":2,"SHUTTER_OPENING_TIME":1,"SHUTTER_CLOSING_TIME":1,"VERTICAL_SHIFT_SPEED":0,"READ_MODE":0,"FRAME_TRANSFER":true,"VERTICAL_CLOCK_VOLTAGE":0,"ACQUISITION_MODE":3,"AD_CHANNEL":0,"EM_MODE":1}
8/17/2022 5:17 PM ResponseAcquisChD  RX=CCD_SETUP {"PREAMP":0,"READOUT_RATE":0,"EM_GAIN":2,"VBIN":1,"INITIAL_LINE":1,"INITIAL_COLUMN":1,"FINAL_LINE":1,"FINAL_COLUMN":1,"TRIGGER_MODE":1,"HBIN":1,"SHUTTER_TTL":0,"SHUTTER_MODE":2,"SHUTTER_OPENING_TIME":1,"SHUTTER_CLOSING_TIME":1,"VERTICAL_SHIFT_SPEED":0,"READ_MODE":0,"FRAME_TRANSFER":true,"VERTICAL_CLOCK_VOLTAGE":0,"ACQUISITION_MODE":3,"AD_CHANNEL":0,"EM_MODE":1}
8/17/2022 5:17 PM CommandAcquisChC  TX=SET COOLER_POWER_STATUS 0
8/17/2022 5:17 PM CommandAcquisChD  TX=SET COOLER_POWER_STATUS 0
8/17/2022 5:17 PM ResponseAcquisChC  RX=DONE
8/17/2022 5:17 PM ResponseAcquisChD  RX=DONE
8/17/2022 5:17 PM CommandAcquisChA  TX=SET COOLER_POWER_STATUS 0
8/17/2022 5:17 PM CommandAcquisChB  TX=SET COOLER_POWER_STATUS 0
8/17/2022 5:21 PM CommandAcquisChA  TX=WRITE_SETUP {"ACQUISITION_MODE":3,"TRIGGER_MODE":0,"READ_MODE":4,"PREAMP":0,"READOUT_RATE":0,"VERTICAL_SHIFT_SPEED":3,"EM_MODE":1,"EM_GAIN":2,"SHUTTER_MODE":2,"SHUTTER_TTL":0,"SHUTTER_OPENING_TIME":50,"SHUTTER_CLOSING_TIME":50,"VBIN":1,"HBIN":1,"INITIAL_LINE":1,"INITIAL_COLUMN":1,"FINAL_LINE":1024,"FINAL_COLUMN":1024,"FRAME_TRANSFER":true,"VERTICAL_CLOCK_VOLTAGE":0,"AD_CHANNEL":0}
8/17/2022 5:21 PM CommandAcquisChA  TX=WRITE_SETUP {"ACQUISITION_MODE":3,"TRIGGER_MODE":0,"READ_MODE":4,"PREAMP":0,"READOUT_RATE":0,"VERTICAL_SHIFT_SPEED":3,"EM_MODE":1,"EM_GAIN":2,"SHUTTER_MODE":2,"SHUTTER_TTL":0,"SHUTTER_OPENING_TIME":50,"SHUTTER_CLOSING_TIME":50,"VBIN":1,"HBIN":1,"INITIAL_LINE":1,"INITIAL_COLUMN":1,"FINAL_LINE":1024,"FINAL_COLUMN":1024,"FRAME_TRANSFER":true,"VERTICAL_CLOCK_VOLTAGE":0,"AD_CHANNEL":0}
8/17/2022 5:21 PM CommandAcquisChA  TX=READ_SETUP 
8/17/2022 5:21 PM ResponseAcquisChA  RX=CCD_SETUP {"PREAMP":0,"READOUT_RATE":0,"EM_GAIN":2,"VBIN":1,"INITIAL_LINE":1,"INITIAL_COLUMN":1,"FINAL_LINE":1024,"FINAL_COLUMN":1024,"TRIGGER_MODE":0,"HBIN":1,"SHUTTER_TTL":0,"SHUTTER_MODE":2,"SHUTTER_OPENING_TIME":50,"SHUTTER_CLOSING_TIME":50,"VERTICAL_SHIFT_SPEED":3,"READ_MODE":4,"FRAME_TRANSFER":true,"VERTICAL_CLOCK_VOLTAGE":0,"ACQUISITION_MODE":3,"AD_CHANNEL":0,"EM_MODE":1}
8/17/2022 5:21 PM CommandAcquisChA  TX=SET COOLER_POWER_STATUS 0
8/17/2022 5:21 PM ResponseAcquisChA  RX=DONE
8/17/2022 5:21 PM CommandAcquisChA  TX=WRITE_SETUP {"ACQUISITION_MODE":3,"TRIGGER_MODE":1,"READ_MODE":0,"PREAMP":0,"READOUT_RATE":0,"VERTICAL_SHIFT_SPEED":0,"EM_MODE":1,"EM_GAIN":2,"SHUTTER_MODE":2,"SHUTTER_TTL":0,"SHUTTER_OPENING_TIME":1,"SHUTTER_CLOSING_TIME":1,"VBIN":0,"HBIN":0,"INITIAL_LINE":0,"INITIAL_COLUMN":0,"FINAL_LINE":0,"FINAL_COLUMN":0,"FRAME_TRANSFER":false,"VERTICAL_CLOCK_VOLTAGE":0,"AD_CHANNEL":0}
8/17/2022 5:21 PM CommandAcquisChA  TX=WRITE_SETUP {"ACQUISITION_MODE":3,"TRIGGER_MODE":1,"READ_MODE":0,"PREAMP":0,"READOUT_RATE":0,"VERTICAL_SHIFT_SPEED":0,"EM_MODE":1,"EM_GAIN":2,"SHUTTER_MODE":2,"SHUTTER_TTL":0,"SHUTTER_OPENING_TIME":1,"SHUTTER_CLOSING_TIME":1,"VBIN":0,"HBIN":0,"INITIAL_LINE":0,"INITIAL_COLUMN":0,"FINAL_LINE":0,"FINAL_COLUMN":0,"FRAME_TRANSFER":false,"VERTICAL_CLOCK_VOLTAGE":0,"AD_CHANNEL":0}
8/17/2022 5:21 PM CommandAcquisChA  TX=READ_SETUP 
8/17/2022 5:21 PM ResponseAcquisChA  RX=CCD_SETUP {"PREAMP":0,"READOUT_RATE":0,"EM_GAIN":2,"VBIN":1,"INITIAL_LINE":1,"INITIAL_COLUMN":1,"FINAL_LINE":1,"FINAL_COLUMN":1,"TRIGGER_MODE":1,"HBIN":1,"SHUTTER_TTL":0,"SHUTTER_MODE":2,"SHUTTER_OPENING_TIME":1,"SHUTTER_CLOSING_TIME":1,"VERTICAL_SHIFT_SPEED":0,"READ_MODE":0,"FRAME_TRANSFER":false,"VERTICAL_CLOCK_VOLTAGE":0,"ACQUISITION_MODE":3,"AD_CHANNEL":0,"EM_MODE":1}
8/17/2022 5:21 PM CommandAcquisChA  TX=SET COOLER_POWER_STATUS 0
8/17/2022 5:21 PM ResponseAcquisChA  RX=DONE
8/17/2022 5:22 PM CommandAcquisChA  TX=WRITE_SETUP {"ACQUISITION_MODE":3,"TRIGGER_MODE":1,"READ_MODE":0,"PREAMP":0,"READOUT_RATE":0,"VERTICAL_SHIFT_SPEED":0,"EM_MODE":1,"EM_GAIN":2,"SHUTTER_MODE":2,"SHUTTER_TTL":0,"SHUTTER_OPENING_TIME":1,"SHUTTER_CLOSING_TIME":1,"VBIN":1,"HBIN":1,"INITIAL_LINE":1,"INITIAL_COLUMN":1,"FINAL_LINE":1024,"FINAL_COLUMN":1024,"FRAME_TRANSFER":false,"VERTICAL_CLOCK_VOLTAGE":0,"AD_CHANNEL":0}
8/17/2022 5:22 PM CommandAcquisChA  TX=WRITE_SETUP {"ACQUISITION_MODE":3,"TRIGGER_MODE":1,"READ_MODE":0,"PREAMP":0,"READOUT_RATE":0,"VERTICAL_SHIFT_SPEED":0,"EM_MODE":1,"EM_GAIN":2,"SHUTTER_MODE":2,"SHUTTER_TTL":0,"SHUTTER_OPENING_TIME":1,"SHUTTER_CLOSING_TIME":1,"VBIN":1,"HBIN":1,"INITIAL_LINE":1,"INITIAL_COLUMN":1,"FINAL_LINE":1024,"FINAL_COLUMN":1024,"FRAME_TRANSFER":false,"VERTICAL_CLOCK_VOLTAGE":0,"AD_CHANNEL":0}
8/17/2022 5:22 PM CommandAcquisChA  TX=READ_SETUP 
8/17/2022 5:22 PM ResponseAcquisChA  RX=CCD_SETUP {"PREAMP":0,"READOUT_RATE":0,"EM_GAIN":2,"VBIN":1,"INITIAL_LINE":1,"INITIAL_COLUMN":1,"FINAL_LINE":1024,"FINAL_COLUMN":1024,"TRIGGER_MODE":1,"HBIN":1,"SHUTTER_TTL":0,"SHUTTER_MODE":2,"SHUTTER_OPENING_TIME":1,"SHUTTER_CLOSING_TIME":1,"VERTICAL_SHIFT_SPEED":0,"READ_MODE":0,"FRAME_TRANSFER":false,"VERTICAL_CLOCK_VOLTAGE":0,"ACQUISITION_MODE":3,"AD_CHANNEL":0,"EM_MODE":1}
8/17/2022 5:22 PM CommandAcquisChA  TX=SET COOLER_POWER_STATUS 0
8/17/2022 5:22 PM ResponseAcquisChA  RX=DONE
8/17/2022 5:22 PM CommandAcquisChB  TX=WRITE_SETUP {"ACQUISITION_MODE":3,"TRIGGER_MODE":1,"READ_MODE":0,"PREAMP":0,"READOUT_RATE":0,"VERTICAL_SHIFT_SPEED":0,"EM_MODE":1,"EM_GAIN":2,"SHUTTER_MODE":2,"SHUTTER_TTL":0,"SHUTTER_OPENING_TIME":1,"SHUTTER_CLOSING_TIME":1,"VBIN":1,"HBIN":1,"INITIAL_LINE":1,"INITIAL_COLUMN":1,"FINAL_LINE":1024,"FINAL_COLUMN":1024,"FRAME_TRANSFER":false,"VERTICAL_CLOCK_VOLTAGE":0,"AD_CHANNEL":0}
8/17/2022 5:22 PM CommandAcquisChB  TX=WRITE_SETUP {"ACQUISITION_MODE":3,"TRIGGER_MODE":1,"READ_MODE":0,"PREAMP":0,"READOUT_RATE":0,"VERTICAL_SHIFT_SPEED":0,"EM_MODE":1,"EM_GAIN":2,"SHUTTER_MODE":2,"SHUTTER_TTL":0,"SHUTTER_OPENING_TIME":1,"SHUTTER_CLOSING_TIME":1,"VBIN":1,"HBIN":1,"INITIAL_LINE":1,"INITIAL_COLUMN":1,"FINAL_LINE":1024,"FINAL_COLUMN":1024,"FRAME_TRANSFER":false,"VERTICAL_CLOCK_VOLTAGE":0,"AD_CHANNEL":0}
8/17/2022 5:22 PM CommandAcquisChB  TX=READ_SETUP 
8/17/2022 5:22 PM CommandAcquisChB  TX=SET COOLER_POWER_STATUS 0
8/17/2022 5:22 PM ResponseAcquisChB  RX=CCD_SETUP {"PREAMP":0,"READOUT_RATE":0,"EM_GAIN":2,"VBIN":1,"INITIAL_LINE":1,"INITIAL_COLUMN":1,"FINAL_LINE":1024,"FINAL_COLUMN":1024,"TRIGGER_MODE":1,"HBIN":1,"SHUTTER_TTL":0,"SHUTTER_MODE":2,"SHUTTER_OPENING_TIME":1,"SHUTTER_CLOSING_TIME":1,"VERTICAL_SHIFT_SPEED":0,"READ_MODE":0,"FRAME_TRANSFER":false,"VERTICAL_CLOCK_VOLTAGE":0,"ACQUISITION_MODE":3,"AD_CHANNEL":0,"EM_MODE":1}
8/17/2022 5:22 PM ResponseAcquisChB  RX=DONE
8/17/2022 5:22 PM CommandAcquisChA  TX=WRITE_SETUP {"ACQUISITION_MODE":3,"TRIGGER_MODE":1,"READ_MODE":0,"PREAMP":0,"READOUT_RATE":0,"VERTICAL_SHIFT_SPEED":0,"EM_MODE":1,"EM_GAIN":2,"SHUTTER_MODE":2,"SHUTTER_TTL":0,"SHUTTER_OPENING_TIME":1,"SHUTTER_CLOSING_TIME":1,"VBIN":1,"HBIN":1,"INITIAL_LINE":1,"INITIAL_COLUMN":1,"FINAL_LINE":1024,"FINAL_COLUMN":1024,"FRAME_TRANSFER":true,"VERTICAL_CLOCK_VOLTAGE":0,"AD_CHANNEL":0}
8/17/2022 5:22 PM CommandAcquisChA  TX=WRITE_SETUP {"ACQUISITION_MODE":3,"TRIGGER_MODE":1,"READ_MODE":0,"PREAMP":0,"READOUT_RATE":0,"VERTICAL_SHIFT_SPEED":0,"EM_MODE":1,"EM_GAIN":2,"SHUTTER_MODE":2,"SHUTTER_TTL":0,"SHUTTER_OPENING_TIME":1,"SHUTTER_CLOSING_TIME":1,"VBIN":1,"HBIN":1,"INITIAL_LINE":1,"INITIAL_COLUMN":1,"FINAL_LINE":1024,"FINAL_COLUMN":1024,"FRAME_TRANSFER":true,"VERTICAL_CLOCK_VOLTAGE":0,"AD_CHANNEL":0}
8/17/2022 5:22 PM CommandAcquisChB  TX=WRITE_SETUP {"ACQUISITION_MODE":3,"TRIGGER_MODE":1,"READ_MODE":0,"PREAMP":0,"READOUT_RATE":0,"VERTICAL_SHIFT_SPEED":0,"EM_MODE":1,"EM_GAIN":2,"SHUTTER_MODE":2,"SHUTTER_TTL":0,"SHUTTER_OPENING_TIME":1,"SHUTTER_CLOSING_TIME":1,"VBIN":1,"HBIN":1,"INITIAL_LINE":1,"INITIAL_COLUMN":1,"FINAL_LINE":1024,"FINAL_COLUMN":1024,"FRAME_TRANSFER":true,"VERTICAL_CLOCK_VOLTAGE":0,"AD_CHANNEL":0}
8/17/2022 5:22 PM CommandAcquisChA  TX=READ_SETUP 
8/17/2022 5:22 PM CommandAcquisChA  TX=SET COOLER_POWER_STATUS 0
8/17/2022 5:22 PM ResponseAcquisChA  RX=CCD_SETUP {"PREAMP":0,"READOUT_RATE":0,"EM_GAIN":2,"VBIN":1,"INITIAL_LINE":1,"INITIAL_COLUMN":1,"FINAL_LINE":1024,"FINAL_COLUMN":1024,"TRIGGER_MODE":1,"HBIN":1,"SHUTTER_TTL":0,"SHUTTER_MODE":2,"SHUTTER_OPENING_TIME":1,"SHUTTER_CLOSING_TIME":1,"VERTICAL_SHIFT_SPEED":0,"READ_MODE":0,"FRAME_TRANSFER":true,"VERTICAL_CLOCK_VOLTAGE":0,"ACQUISITION_MODE":3,"AD_CHANNEL":0,"EM_MODE":1}
8/17/2022 5:22 PM ResponseAcquisChA  RX=DONE
8/17/2022 5:22 PM CommandAcquisChB  TX=READ_SETUP 
8/17/2022 5:22 PM ResponseAcquisChB  RX=CCD_SETUP {"PREAMP":0,"READOUT_RATE":0,"EM_GAIN":2,"VBIN":1,"INITIAL_LINE":1,"INITIAL_COLUMN":1,"FINAL_LINE":1024,"FINAL_COLUMN":1024,"TRIGGER_MODE":1,"HBIN":1,"SHUTTER_TTL":0,"SHUTTER_MODE":2,"SHUTTER_OPENING_TIME":1,"SHUTTER_CLOSING_TIME":1,"VERTICAL_SHIFT_SPEED":0,"READ_MODE":0,"FRAME_TRANSFER":true,"VERTICAL_CLOCK_VOLTAGE":0,"ACQUISITION_MODE":3,"AD_CHANNEL":0,"EM_MODE":1}
8/17/2022 5:22 PM CommandAcquisChB  TX=SET COOLER_POWER_STATUS 0
8/17/2022 5:22 PM ResponseAcquisChB  RX=DONE
8/17/2022 5:22 PM CommandAcquisChC  TX=WRITE_SETUP {"ACQUISITION_MODE":3,"TRIGGER_MODE":1,"READ_MODE":0,"PREAMP":0,"READOUT_RATE":0,"VERTICAL_SHIFT_SPEED":0,"EM_MODE":1,"EM_GAIN":2,"SHUTTER_MODE":2,"SHUTTER_TTL":0,"SHUTTER_OPENING_TIME":1,"SHUTTER_CLOSING_TIME":1,"VBIN":1,"HBIN":1,"INITIAL_LINE":1,"INITIAL_COLUMN":1,"FINAL_LINE":1024,"FINAL_COLUMN":1024,"FRAME_TRANSFER":true,"VERTICAL_CLOCK_VOLTAGE":0,"AD_CHANNEL":0}
8/17/2022 5:22 PM CommandAcquisChC  TX=WRITE_SETUP {"ACQUISITION_MODE":3,"TRIGGER_MODE":1,"READ_MODE":0,"PREAMP":0,"READOUT_RATE":0,"VERTICAL_SHIFT_SPEED":0,"EM_MODE":1,"EM_GAIN":2,"SHUTTER_MODE":2,"SHUTTER_TTL":0,"SHUTTER_OPENING_TIME":1,"SHUTTER_CLOSING_TIME":1,"VBIN":1,"HBIN":1,"INITIAL_LINE":1,"INITIAL_COLUMN":1,"FINAL_LINE":1024,"FINAL_COLUMN":1024,"FRAME_TRANSFER":true,"VERTICAL_CLOCK_VOLTAGE":0,"AD_CHANNEL":0}
8/17/2022 5:22 PM CommandAcquisChD  TX=WRITE_SETUP {"ACQUISITION_MODE":3,"TRIGGER_MODE":1,"READ_MODE":0,"PREAMP":0,"READOUT_RATE":0,"VERTICAL_SHIFT_SPEED":0,"EM_MODE":1,"EM_GAIN":2,"SHUTTER_MODE":2,"SHUTTER_TTL":0,"SHUTTER_OPENING_TIME":1,"SHUTTER_CLOSING_TIME":1,"VBIN":1,"HBIN":1,"INITIAL_LINE":1,"INITIAL_COLUMN":1,"FINAL_LINE":1024,"FINAL_COLUMN":1024,"FRAME_TRANSFER":true,"VERTICAL_CLOCK_VOLTAGE":0,"AD_CHANNEL":0}
8/17/2022 5:22 PM ResponseAcquisChD  RX=RETURNING_STATUS {"CUBE_EXPOSURE_TIME":20,"CUBES_DONE":0,"LAST_IMAGE_NAME":"","DISK_SPACE":0,"FRAMES_DONE":0,"CCD_STATUS":"IDLE","CURRENT_TEMPERATURE":19,"TEMPERATURE_STATUS":"TEMPERATURE_OFF","FRAME_EXPOSURE_TIME":2,"CCD_POWER_STATUS":true,"SERIAL_NUMBER":9915,"ACQUIRING":false}
8/17/2022 5:22 PM CommandAcquisChD  TX=WRITE_SETUP {"ACQUISITION_MODE":3,"TRIGGER_MODE":1,"READ_MODE":0,"PREAMP":0,"READOUT_RATE":0,"VERTICAL_SHIFT_SPEED":0,"EM_MODE":1,"EM_GAIN":2,"SHUTTER_MODE":2,"SHUTTER_TTL":0,"SHUTTER_OPENING_TIME":1,"SHUTTER_CLOSING_TIME":1,"VBIN":1,"HBIN":1,"INITIAL_LINE":1,"INITIAL_COLUMN":1,"FINAL_LINE":1024,"FINAL_COLUMN":1024,"FRAME_TRANSFER":true,"VERTICAL_CLOCK_VOLTAGE":0,"AD_CHANNEL":0}
8/17/2022 5:22 PM CommandAcquisChC  TX=READ_SETUP 
8/17/2022 5:22 PM ResponseAcquisChC  RX=CCD_SETUP {"PREAMP":0,"READOUT_RATE":0,"EM_GAIN":2,"VBIN":1,"INITIAL_LINE":1,"INITIAL_COLUMN":1,"FINAL_LINE":1024,"FINAL_COLUMN":1024,"TRIGGER_MODE":1,"HBIN":1,"SHUTTER_TTL":0,"SHUTTER_MODE":2,"SHUTTER_OPENING_TIME":1,"SHUTTER_CLOSING_TIME":1,"VERTICAL_SHIFT_SPEED":0,"READ_MODE":0,"FRAME_TRANSFER":true,"VERTICAL_CLOCK_VOLTAGE":0,"ACQUISITION_MODE":3,"AD_CHANNEL":0,"EM_MODE":1}
8/17/2022 5:22 PM CommandAcquisChC  TX=SET COOLER_POWER_STATUS 0
8/17/2022 5:22 PM ResponseAcquisChC  RX=DONE
8/17/2022 5:22 PM CommandAcquisChD  TX=READ_SETUP 
8/17/2022 5:22 PM ResponseAcquisChD  RX=CCD_SETUP {"PREAMP":0,"READOUT_RATE":0,"EM_GAIN":2,"VBIN":1,"INITIAL_LINE":1,"INITIAL_COLUMN":1,"FINAL_LINE":1024,"FINAL_COLUMN":1024,"TRIGGER_MODE":1,"HBIN":1,"SHUTTER_TTL":0,"SHUTTER_MODE":2,"SHUTTER_OPENING_TIME":1,"SHUTTER_CLOSING_TIME":1,"VERTICAL_SHIFT_SPEED":0,"READ_MODE":0,"FRAME_TRANSFER":true,"VERTICAL_CLOCK_VOLTAGE":0,"ACQUISITION_MODE":3,"AD_CHANNEL":0,"EM_MODE":1}
8/17/2022 5:22 PM CommandAcquisChD  TX=SET COOLER_POWER_STATUS 0
8/17/2022 5:22 PM ResponseAcquisChD  RX=DONE
8/17/2022 5:23 PM CommandAcquisChA  TX=SET EXPTIME 2.000000
8/17/2022 5:23 PM ResponseAcquisChA  RX=DONE
8/17/2022 5:23 PM CommandAcquisChA  TX=SET #FRAMES 10.000000
8/17/2022 5:23 PM CommandAcquisChA  TX=SET #CUBES 1.0000 
8/17/2022 5:23 PM ResponseAcquisChA  RX=DONE
8/17/2022 5:23 PM CommandAcquisChA  TX=SET SUFFIX DARK
8/17/2022 5:23 PM ResponseAcquisChA  RX=DONE
8/17/2022 5:23 PM CommandAcquisChA  TX=SET OBSTYPE DARK
8/17/2022 5:23 PM ResponseAcquisChA  RX=DONE
8/17/2022 5:23 PM ResponseAcquisChA  RX=DONE
8/17/2022 5:23 PM CommandSyncBox  TX=DDELAY 1650m

8/17/2022 5:23 PM ResponseSyncBox  RX=OK

8/17/2022 5:23 PM CommandSyncBox  TX=DWIDTH 80m

8/17/2022 5:23 PM ResponseSyncBox  RX=OK

8/17/2022 5:23 PM CommandSyncBox  TX=IN

8/17/2022 5:23 PM ResponseSyncBox  RX=OK

8/17/2022 5:23 PM CommandAcquisChA  TX=EXPOSE
8/17/2022 5:23 PM CommandSyncBox  TX=TRigger REmote

8/17/2022 5:23 PM ResponseSyncBox  RX=OK

8/17/2022 5:23 PM CommandSyncBox  TX=TRigger

8/17/2022 5:23 PM ResponseSyncBox  RX=Trig   REM  50R  Level 1.250   Div   0,000,000,000  SYN 00,010,000.00

8/17/2022 5:23 PM CommandSyncBox  TX=IN

8/17/2022 5:23 PM ResponseSyncBox  RX=OK

8/17/2022 5:23 PM CommandSyncBox  TX=FIre

8/17/2022 5:23 PM ResponseSyncBox  RX=OK

8/17/2022 5:23 PM CommandSyncBox  TX=IN

8/17/2022 5:23 PM ResponseSyncBox  RX=OK

8/17/2022 5:23 PM CommandAcquisChA  TX=SET EXPTIME 2.000000
8/17/2022 5:23 PM CommandAcquisChA  TX=SET #FRAMES 10.000000
8/17/2022 5:23 PM CommandAcquisChA  TX=SET #CUBES 1.0000 
8/17/2022 5:23 PM CommandAcquisChA  TX=SET SUFFIX DARK
8/17/2022 5:23 PM CommandAcquisChA  TX=ABORT_ACQUISITION
8/17/2022 5:23 PM CommandInstrument  TX=S4ICS WPROT STOP NONE,WPSEL NONE NONE,GMIR NONE NONE,GFOC NONE NONE,CALW NONE NONE,ASEL NONE NONE

8/17/2022 5:23 PM ResponseInstrument  RX=WPSEL SIMULATED BUSY 80 OFF 1, WPROT SIMULATED ACK 30 HOME 0, CALW SIMULATED READY 0.0 OFF 1, ASEL SIMULATED READY 0.0 OFF 1, GMIR SIMULATED READY 0.0 HOME 0, GFOC SIMULATED READY 0.0 HOME 0

