8/17/2022 4:31 PM CommandAcquisChC  TX=WRITE_SETUP {"ACQUISITION_MODE":2,"TRIGGER_MODE":0,"READ_MODE":4,"PREAMP":0,"READOUT_RATE":0,"VERTICAL_SHIFT_SPEED":3,"EM_MODE":0,"EM_GAIN":2,"SHUTTER_MODE":1,"SHUTTER_TTL":0,"SHUTTER_OPENING_TIME":50,"SHUTTER_CLOSING_TIME":50,"VBIN":1,"HBIN":1,"INITIAL_LINE":1,"INITIAL_COLUMN":1,"FINAL_LINE":1024,"FINAL_COLUMN":1024,"FRAME_TRANSFER":false,"VERTICAL_CLOCK_VOLTAGE":0,"AD_CHANNEL":0}
8/17/2022 4:31 PM CommandAcquisChD  TX=WRITE_SETUP {"ACQUISITION_MODE":3,"TRIGGER_MODE":1,"READ_MODE":4,"PREAMP":0,"READOUT_RATE":0,"VERTICAL_SHIFT_SPEED":3,"EM_MODE":1,"EM_GAIN":2,"SHUTTER_MODE":1,"SHUTTER_TTL":0,"SHUTTER_OPENING_TIME":50,"SHUTTER_CLOSING_TIME":50,"VBIN":1,"HBIN":1,"INITIAL_LINE":1,"INITIAL_COLUMN":1,"FINAL_LINE":1024,"FINAL_COLUMN":1024,"FRAME_TRANSFER":true,"VERTICAL_CLOCK_VOLTAGE":0,"AD_CHANNEL":0}
8/17/2022 4:31 PM CommandSyncBox  TX=aset off

8/17/2022 4:31 PM ResponseSyncBox  RX=,000  Wid  00.000,002,000,000
Ch B  POS  OFF    Dly  00.000,002,000,000  Wid  00.000,002,000,000
Ch C  POS  OFF    Dly  00.000,004,000,000  Wid  00.000,002,000,000
Ch D  POS  ON     Dly  00.000,006,000,000  Wid  00.000,002,000,000


OK

8/17/2022 4:31 PM CommandSyncBox  TX=bset off

8/17/2022 4:31 PM ResponseSyncBox  RX=OK

8/17/2022 4:31 PM CommandSyncBox  TX=cset off

8/17/2022 4:31 PM ResponseSyncBox  RX=OK

8/17/2022 4:31 PM CommandSyncBox  TX=dset on

8/17/2022 4:31 PM ResponseSyncBox  RX=OK

8/17/2022 4:31 PM CommandSyncBox  TX=IN

8/17/2022 4:31 PM ResponseSyncBox  RX=OK

8/17/2022 4:31 PM CommandAcquisChC  TX=READ_SETUP 
8/17/2022 4:31 PM CommandAcquisChD  TX=READ_SETUP 
8/17/2022 4:31 PM ResponseAcquisChC  RX=CCD_SETUP {"PREAMP":0,"READOUT_RATE":0,"EM_GAIN":2,"VBIN":1,"INITIAL_LINE":1,"INITIAL_COLUMN":1,"FINAL_LINE":1024,"FINAL_COLUMN":1024,"TRIGGER_MODE":0,"HBIN":1,"SHUTTER_TTL":0,"SHUTTER_MODE":1,"SHUTTER_OPENING_TIME":50,"SHUTTER_CLOSING_TIME":50,"VERTICAL_SHIFT_SPEED":3,"READ_MODE":4,"FRAME_TRANSFER":false,"VERTICAL_CLOCK_VOLTAGE":0,"ACQUISITION_MODE":1,"AD_CHANNEL":0,"EM_MODE":0}
8/17/2022 4:31 PM CommandAcquisChC  TX=SET COOLER_POWER_STATUS 0
8/17/2022 4:31 PM ResponseAcquisChC  RX=DONE
8/17/2022 4:31 PM CommandAcquisChD  TX=SET COOLER_POWER_STATUS 0
8/17/2022 4:36 PM CommandInstrument  TX=S4ICS WPROT NONE NONE,WPSEL INIT NONE,GMIR NONE NONE,GFOC NONE NONE,CALW NONE NONE,ASEL NONE NONE

8/17/2022 4:36 PM ResponseInstrument  RX=WPSEL WAITING ACK 0 NONE -1, WPROT WAITING BUSY 0 NONE -1, CALW WAITING NONE 0 NONE -1, ASEL WAITING NONE 0 NONE -1, GMIR WAITING NONE 0 NONE -1, GFOC WAITING NONE 0 NONE -1

8/17/2022 4:36 PM CommandInstrument  TX=S4ICS WPROT NONE NONE,WPSEL NONE NONE,GMIR NONE NONE,GFOC NONE NONE,CALW INIT NONE,ASEL NONE NONE

8/17/2022 4:36 PM ResponseInstrument  RX=WPSEL WAITING BUSY -6 NONE -1, WPROT WAITING BUSY 0 NONE -1, CALW WAITING ACK 0 NONE -1, ASEL WAITING BUSY 0 NONE -1, GMIR WAITING NONE 0 NONE -1, GFOC WAITING NONE 0 NONE -1

8/17/2022 4:36 PM CommandInstrument  TX=S4ICS WPROT NONE NONE,WPSEL NONE NONE,GMIR INIT NONE,GFOC NONE NONE,CALW NONE NONE,ASEL NONE NONE

8/17/2022 4:36 PM ResponseInstrument  RX=WPSEL WAITING BUSY -26 NONE -1, WPROT WAITING BUSY 0 NONE -1, CALW WAITING BUSY -29 NONE -1, ASEL WAITING BUSY 0 NONE -1, GMIR WAITING ACK 0 NONE -1, GFOC WAITING BUSY 0 NONE -1

8/17/2022 4:36 PM CommandInstrument  TX=S4ICS WPROT INIT NONE,WPSEL NONE NONE,GMIR NONE NONE,GFOC NONE NONE,CALW NONE NONE,ASEL NONE NONE

8/17/2022 4:36 PM ResponseInstrument  RX=WPSEL SIMULATED BUSY 0 HOME 0, WPROT WAITING ACK 0 NONE -1, CALW SIMULATED READY 0.0 HOME 0, ASEL WAITING NONE 0 NONE -1, GMIR SIMULATED READY 0.0 HOME 0, GFOC WAITING NONE 0 NONE -1

8/17/2022 4:36 PM CommandInstrument  TX=S4ICS WPROT NONE NONE,WPSEL NONE NONE,GMIR NONE NONE,GFOC INIT NONE,CALW NONE NONE,ASEL INIT NONE

8/17/2022 4:36 PM ResponseInstrument  RX=WPSEL SIMULATED BUSY 0 HOME 0, WPROT WAITING BUSY -29 NONE -1, CALW SIMULATED BUSY 0.0 HOME 0, ASEL WAITING ACK 0 NONE -1, GMIR SIMULATED BUSY 0.0 HOME 0, GFOC WAITING ACK 0 NONE -1

8/17/2022 4:39 PM CommandAcquisChD  TX=WRITE_SETUP {"ACQUISITION_MODE":2,"TRIGGER_MODE":0,"READ_MODE":4,"PREAMP":0,"READOUT_RATE":0,"VERTICAL_SHIFT_SPEED":3,"EM_MODE":0,"EM_GAIN":2,"SHUTTER_MODE":1,"SHUTTER_TTL":0,"SHUTTER_OPENING_TIME":50,"SHUTTER_CLOSING_TIME":50,"VBIN":1,"HBIN":1,"INITIAL_LINE":1,"INITIAL_COLUMN":1,"FINAL_LINE":1024,"FINAL_COLUMN":1024,"FRAME_TRANSFER":false,"VERTICAL_CLOCK_VOLTAGE":0,"AD_CHANNEL":0}
8/17/2022 4:39 PM CommandAcquisChD  TX=READ_SETUP 
8/17/2022 4:39 PM ResponseAcquisChD  RX=CCD_SETUP {"PREAMP":0,"READOUT_RATE":0,"EM_GAIN":2,"VBIN":1,"INITIAL_LINE":1,"INITIAL_COLUMN":1,"FINAL_LINE":1024,"FINAL_COLUMN":1024,"TRIGGER_MODE":0,"HBIN":1,"SHUTTER_TTL":0,"SHUTTER_MODE":1,"SHUTTER_OPENING_TIME":50,"SHUTTER_CLOSING_TIME":50,"VERTICAL_SHIFT_SPEED":3,"READ_MODE":4,"FRAME_TRANSFER":false,"VERTICAL_CLOCK_VOLTAGE":0,"ACQUISITION_MODE":1,"AD_CHANNEL":0,"EM_MODE":0}
8/17/2022 4:39 PM CommandAcquisChD  TX=SET COOLER_POWER_STATUS 0
8/17/2022 4:39 PM ResponseAcquisChD  RX=DONE
8/17/2022 4:39 PM CommandAcquisChC  TX=WRITE_SETUP {"ACQUISITION_MODE":0,"TRIGGER_MODE":0,"READ_MODE":0,"PREAMP":0,"READOUT_RATE":0,"VERTICAL_SHIFT_SPEED":0,"EM_MODE":1,"EM_GAIN":2,"SHUTTER_MODE":0,"SHUTTER_TTL":0,"SHUTTER_OPENING_TIME":1,"SHUTTER_CLOSING_TIME":1,"VBIN":0,"HBIN":0,"INITIAL_LINE":0,"INITIAL_COLUMN":0,"FINAL_LINE":0,"FINAL_COLUMN":0,"FRAME_TRANSFER":false,"VERTICAL_CLOCK_VOLTAGE":0,"AD_CHANNEL":0}
8/17/2022 4:39 PM CommandAcquisChC  TX=WRITE_SETUP {"ACQUISITION_MODE":0,"TRIGGER_MODE":0,"READ_MODE":0,"PREAMP":0,"READOUT_RATE":0,"VERTICAL_SHIFT_SPEED":0,"EM_MODE":1,"EM_GAIN":2,"SHUTTER_MODE":0,"SHUTTER_TTL":0,"SHUTTER_OPENING_TIME":1,"SHUTTER_CLOSING_TIME":1,"VBIN":0,"HBIN":0,"INITIAL_LINE":0,"INITIAL_COLUMN":0,"FINAL_LINE":0,"FINAL_COLUMN":0,"FRAME_TRANSFER":false,"VERTICAL_CLOCK_VOLTAGE":0,"AD_CHANNEL":0}
8/17/2022 4:39 PM CommandAcquisChC  TX=READ_SETUP 
8/17/2022 4:39 PM CommandAcquisChC  TX=SET COOLER_POWER_STATUS 0
8/17/2022 4:39 PM ResponseAcquisChC  RX=CCD_SETUP {"PREAMP":0,"READOUT_RATE":0,"EM_GAIN":2,"VBIN":1,"INITIAL_LINE":1,"INITIAL_COLUMN":1,"FINAL_LINE":1,"FINAL_COLUMN":1,"TRIGGER_MODE":0,"HBIN":1,"SHUTTER_TTL":0,"SHUTTER_MODE":0,"SHUTTER_OPENING_TIME":1,"SHUTTER_CLOSING_TIME":1,"VERTICAL_SHIFT_SPEED":0,"READ_MODE":0,"FRAME_TRANSFER":false,"VERTICAL_CLOCK_VOLTAGE":0,"ACQUISITION_MODE":1,"AD_CHANNEL":0,"EM_MODE":1}
8/17/2022 4:39 PM ResponseAcquisChC  RX=DONE
8/17/2022 4:40 PM CommandAcquisChD  TX=WRITE_SETUP {"ACQUISITION_MODE":0,"TRIGGER_MODE":0,"READ_MODE":0,"PREAMP":0,"READOUT_RATE":0,"VERTICAL_SHIFT_SPEED":0,"EM_MODE":1,"EM_GAIN":2,"SHUTTER_MODE":0,"SHUTTER_TTL":0,"SHUTTER_OPENING_TIME":1,"SHUTTER_CLOSING_TIME":1,"VBIN":0,"HBIN":0,"INITIAL_LINE":0,"INITIAL_COLUMN":0,"FINAL_LINE":0,"FINAL_COLUMN":0,"FRAME_TRANSFER":false,"VERTICAL_CLOCK_VOLTAGE":0,"AD_CHANNEL":0}
8/17/2022 4:40 PM ResponseAcquisChD  RX=RETURNING_STATUS {"CUBE_EXPOSURE_TIME":0,"CUBES_DONE":0,"LAST_IMAGE_NAME":"","DISK_SPACE":0,"FRAMES_DONE":0,"CCD_STATUS":"IDLE","CURRENT_TEMPERATURE":19,"TEMPERATURE_STATUS":"TEMPERATURE_OFF","FRAME_EXPOSURE_TIME":0,"CCD_POWER_STATUS":true,"SERIAL_NUMBER":9915,"ACQUIRING":false}
8/17/2022 4:40 PM CommandAcquisChD  TX=WRITE_SETUP {"ACQUISITION_MODE":0,"TRIGGER_MODE":0,"READ_MODE":0,"PREAMP":0,"READOUT_RATE":0,"VERTICAL_SHIFT_SPEED":0,"EM_MODE":1,"EM_GAIN":2,"SHUTTER_MODE":0,"SHUTTER_TTL":0,"SHUTTER_OPENING_TIME":1,"SHUTTER_CLOSING_TIME":1,"VBIN":0,"HBIN":0,"INITIAL_LINE":0,"INITIAL_COLUMN":0,"FINAL_LINE":0,"FINAL_COLUMN":0,"FRAME_TRANSFER":false,"VERTICAL_CLOCK_VOLTAGE":0,"AD_CHANNEL":0}
8/17/2022 4:40 PM CommandAcquisChD  TX=READ_SETUP 
8/17/2022 4:40 PM CommandAcquisChD  TX=SET COOLER_POWER_STATUS 0
8/17/2022 4:40 PM ResponseAcquisChD  RX=CCD_SETUP {"PREAMP":0,"READOUT_RATE":0,"EM_GAIN":2,"VBIN":1,"INITIAL_LINE":1,"INITIAL_COLUMN":1,"FINAL_LINE":1,"FINAL_COLUMN":1,"TRIGGER_MODE":0,"HBIN":1,"SHUTTER_TTL":0,"SHUTTER_MODE":0,"SHUTTER_OPENING_TIME":1,"SHUTTER_CLOSING_TIME":1,"VERTICAL_SHIFT_SPEED":0,"READ_MODE":0,"FRAME_TRANSFER":false,"VERTICAL_CLOCK_VOLTAGE":0,"ACQUISITION_MODE":1,"AD_CHANNEL":0,"EM_MODE":1}
8/17/2022 4:40 PM ResponseAcquisChD  RX=DONE
8/17/2022 4:40 PM CommandAcquisChC  TX=WRITE_SETUP {"ACQUISITION_MODE":0,"TRIGGER_MODE":0,"READ_MODE":0,"PREAMP":0,"READOUT_RATE":0,"VERTICAL_SHIFT_SPEED":0,"EM_MODE":1,"EM_GAIN":2,"SHUTTER_MODE":2,"SHUTTER_TTL":0,"SHUTTER_OPENING_TIME":1,"SHUTTER_CLOSING_TIME":1,"VBIN":0,"HBIN":0,"INITIAL_LINE":0,"INITIAL_COLUMN":0,"FINAL_LINE":0,"FINAL_COLUMN":0,"FRAME_TRANSFER":false,"VERTICAL_CLOCK_VOLTAGE":0,"AD_CHANNEL":0}
8/17/2022 4:40 PM CommandAcquisChD  TX=WRITE_SETUP {"ACQUISITION_MODE":0,"TRIGGER_MODE":0,"READ_MODE":0,"PREAMP":0,"READOUT_RATE":0,"VERTICAL_SHIFT_SPEED":0,"EM_MODE":1,"EM_GAIN":2,"SHUTTER_MODE":2,"SHUTTER_TTL":0,"SHUTTER_OPENING_TIME":1,"SHUTTER_CLOSING_TIME":1,"VBIN":0,"HBIN":0,"INITIAL_LINE":0,"INITIAL_COLUMN":0,"FINAL_LINE":0,"FINAL_COLUMN":0,"FRAME_TRANSFER":false,"VERTICAL_CLOCK_VOLTAGE":0,"AD_CHANNEL":0}
8/17/2022 4:40 PM CommandAcquisChC  TX=READ_SETUP 
8/17/2022 4:40 PM CommandAcquisChD  TX=READ_SETUP 
8/17/2022 4:40 PM ResponseAcquisChC  RX=CCD_SETUP {"PREAMP":0,"READOUT_RATE":0,"EM_GAIN":2,"VBIN":1,"INITIAL_LINE":1,"INITIAL_COLUMN":1,"FINAL_LINE":1,"FINAL_COLUMN":1,"TRIGGER_MODE":0,"HBIN":1,"SHUTTER_TTL":0,"SHUTTER_MODE":2,"SHUTTER_OPENING_TIME":1,"SHUTTER_CLOSING_TIME":1,"VERTICAL_SHIFT_SPEED":0,"READ_MODE":0,"FRAME_TRANSFER":false,"VERTICAL_CLOCK_VOLTAGE":0,"ACQUISITION_MODE":1,"AD_CHANNEL":0,"EM_MODE":1}
8/17/2022 4:40 PM CommandAcquisChC  TX=SET COOLER_POWER_STATUS 0
8/17/2022 4:40 PM CommandAcquisChD  TX=SET COOLER_POWER_STATUS 0
8/17/2022 4:40 PM ResponseAcquisChC  RX=DONE
8/17/2022 4:40 PM ResponseAcquisChD  RX=CCD_SETUP {"PREAMP":0,"READOUT_RATE":0,"EM_GAIN":2,"VBIN":1,"INITIAL_LINE":1,"INITIAL_COLUMN":1,"FINAL_LINE":1,"FINAL_COLUMN":1,"TRIGGER_MODE":0,"HBIN":1,"SHUTTER_TTL":0,"SHUTTER_MODE":2,"SHUTTER_OPENING_TIME":1,"SHUTTER_CLOSING_TIME":1,"VERTICAL_SHIFT_SPEED":0,"READ_MODE":0,"FRAME_TRANSFER":false,"VERTICAL_CLOCK_VOLTAGE":0,"ACQUISITION_MODE":1,"AD_CHANNEL":0,"EM_MODE":1}
8/17/2022 4:40 PM CommandAcquisChC  TX=WRITE_SETUP {"ACQUISITION_MODE":0,"TRIGGER_MODE":1,"READ_MODE":0,"PREAMP":0,"READOUT_RATE":0,"VERTICAL_SHIFT_SPEED":0,"EM_MODE":1,"EM_GAIN":2,"SHUTTER_MODE":0,"SHUTTER_TTL":0,"SHUTTER_OPENING_TIME":1,"SHUTTER_CLOSING_TIME":1,"VBIN":0,"HBIN":0,"INITIAL_LINE":0,"INITIAL_COLUMN":0,"FINAL_LINE":0,"FINAL_COLUMN":0,"FRAME_TRANSFER":false,"VERTICAL_CLOCK_VOLTAGE":0,"AD_CHANNEL":0}
8/17/2022 4:40 PM CommandAcquisChD  TX=WRITE_SETUP {"ACQUISITION_MODE":0,"TRIGGER_MODE":1,"READ_MODE":0,"PREAMP":0,"READOUT_RATE":0,"VERTICAL_SHIFT_SPEED":0,"EM_MODE":1,"EM_GAIN":2,"SHUTTER_MODE":0,"SHUTTER_TTL":0,"SHUTTER_OPENING_TIME":1,"SHUTTER_CLOSING_TIME":1,"VBIN":0,"HBIN":0,"INITIAL_LINE":0,"INITIAL_COLUMN":0,"FINAL_LINE":0,"FINAL_COLUMN":0,"FRAME_TRANSFER":false,"VERTICAL_CLOCK_VOLTAGE":0,"AD_CHANNEL":0}
8/17/2022 4:40 PM CommandAcquisChD  TX=WRITE_SETUP {"ACQUISITION_MODE":0,"TRIGGER_MODE":1,"READ_MODE":0,"PREAMP":0,"READOUT_RATE":0,"VERTICAL_SHIFT_SPEED":0,"EM_MODE":1,"EM_GAIN":2,"SHUTTER_MODE":0,"SHUTTER_TTL":0,"SHUTTER_OPENING_TIME":1,"SHUTTER_CLOSING_TIME":1,"VBIN":0,"HBIN":0,"INITIAL_LINE":0,"INITIAL_COLUMN":0,"FINAL_LINE":0,"FINAL_COLUMN":0,"FRAME_TRANSFER":false,"VERTICAL_CLOCK_VOLTAGE":0,"AD_CHANNEL":0}
8/17/2022 4:40 PM CommandAcquisChC  TX=READ_SETUP 
8/17/2022 4:40 PM CommandAcquisChC  TX=SET COOLER_POWER_STATUS 0
8/17/2022 4:40 PM ResponseAcquisChC  RX=CCD_SETUP {"PREAMP":0,"READOUT_RATE":0,"EM_GAIN":2,"VBIN":1,"INITIAL_LINE":1,"INITIAL_COLUMN":1,"FINAL_LINE":1,"FINAL_COLUMN":1,"TRIGGER_MODE":1,"HBIN":1,"SHUTTER_TTL":0,"SHUTTER_MODE":0,"SHUTTER_OPENING_TIME":1,"SHUTTER_CLOSING_TIME":1,"VERTICAL_SHIFT_SPEED":0,"READ_MODE":0,"FRAME_TRANSFER":false,"VERTICAL_CLOCK_VOLTAGE":0,"ACQUISITION_MODE":1,"AD_CHANNEL":0,"EM_MODE":1}
8/17/2022 4:40 PM ResponseAcquisChC  RX=DONE
8/17/2022 4:40 PM CommandAcquisChD  TX=READ_SETUP 
8/17/2022 4:40 PM ResponseAcquisChD  RX=CCD_SETUP {"PREAMP":0,"READOUT_RATE":0,"EM_GAIN":2,"VBIN":1,"INITIAL_LINE":1,"INITIAL_COLUMN":1,"FINAL_LINE":1,"FINAL_COLUMN":1,"TRIGGER_MODE":1,"HBIN":1,"SHUTTER_TTL":0,"SHUTTER_MODE":0,"SHUTTER_OPENING_TIME":1,"SHUTTER_CLOSING_TIME":1,"VERTICAL_SHIFT_SPEED":0,"READ_MODE":0,"FRAME_TRANSFER":false,"VERTICAL_CLOCK_VOLTAGE":0,"ACQUISITION_MODE":1,"AD_CHANNEL":0,"EM_MODE":1}
8/17/2022 4:40 PM CommandAcquisChD  TX=SET COOLER_POWER_STATUS 0
8/17/2022 4:40 PM ResponseAcquisChD  RX=DONE
8/17/2022 4:40 PM CommandAcquisChC  TX=WRITE_SETUP {"ACQUISITION_MODE":0,"TRIGGER_MODE":1,"READ_MODE":0,"PREAMP":0,"READOUT_RATE":0,"VERTICAL_SHIFT_SPEED":0,"EM_MODE":1,"EM_GAIN":2,"SHUTTER_MODE":2,"SHUTTER_TTL":0,"SHUTTER_OPENING_TIME":1,"SHUTTER_CLOSING_TIME":1,"VBIN":0,"HBIN":0,"INITIAL_LINE":0,"INITIAL_COLUMN":0,"FINAL_LINE":0,"FINAL_COLUMN":0,"FRAME_TRANSFER":false,"VERTICAL_CLOCK_VOLTAGE":0,"AD_CHANNEL":0}
8/17/2022 4:40 PM ResponseAcquisChC  RX=RETURNING_STATUS {"CUBE_EXPOSURE_TIME":0,"CUBES_DONE":0,"LAST_IMAGE_NAME":"","DISK_SPACE":0,"FRAMES_DONE":0,"CCD_STATUS":"IDLE","CURRENT_TEMPERATURE":20,"TEMPERATURE_STATUS":"TEMPERATURE_OFF","FRAME_EXPOSURE_TIME":0,"CCD_POWER_STATUS":true,"SERIAL_NUMBER":9917,"ACQUIRING":false}
8/17/2022 4:40 PM CommandAcquisChC  TX=WRITE_SETUP {"ACQUISITION_MODE":0,"TRIGGER_MODE":1,"READ_MODE":0,"PREAMP":0,"READOUT_RATE":0,"VERTICAL_SHIFT_SPEED":0,"EM_MODE":1,"EM_GAIN":2,"SHUTTER_MODE":2,"SHUTTER_TTL":0,"SHUTTER_OPENING_TIME":1,"SHUTTER_CLOSING_TIME":1,"VBIN":0,"HBIN":0,"INITIAL_LINE":0,"INITIAL_COLUMN":0,"FINAL_LINE":0,"FINAL_COLUMN":0,"FRAME_TRANSFER":false,"VERTICAL_CLOCK_VOLTAGE":0,"AD_CHANNEL":0}
8/17/2022 4:40 PM CommandAcquisChD  TX=WRITE_SETUP {"ACQUISITION_MODE":0,"TRIGGER_MODE":1,"READ_MODE":0,"PREAMP":0,"READOUT_RATE":0,"VERTICAL_SHIFT_SPEED":0,"EM_MODE":1,"EM_GAIN":2,"SHUTTER_MODE":2,"SHUTTER_TTL":0,"SHUTTER_OPENING_TIME":1,"SHUTTER_CLOSING_TIME":1,"VBIN":0,"HBIN":0,"INITIAL_LINE":0,"INITIAL_COLUMN":0,"FINAL_LINE":0,"FINAL_COLUMN":0,"FRAME_TRANSFER":false,"VERTICAL_CLOCK_VOLTAGE":0,"AD_CHANNEL":0}
8/17/2022 4:40 PM CommandAcquisChD  TX=WRITE_SETUP {"ACQUISITION_MODE":0,"TRIGGER_MODE":1,"READ_MODE":0,"PREAMP":0,"READOUT_RATE":0,"VERTICAL_SHIFT_SPEED":0,"EM_MODE":1,"EM_GAIN":2,"SHUTTER_MODE":2,"SHUTTER_TTL":0,"SHUTTER_OPENING_TIME":1,"SHUTTER_CLOSING_TIME":1,"VBIN":0,"HBIN":0,"INITIAL_LINE":0,"INITIAL_COLUMN":0,"FINAL_LINE":0,"FINAL_COLUMN":0,"FRAME_TRANSFER":false,"VERTICAL_CLOCK_VOLTAGE":0,"AD_CHANNEL":0}
8/17/2022 4:40 PM CommandAcquisChC  TX=READ_SETUP 
8/17/2022 4:40 PM CommandAcquisChC  TX=SET COOLER_POWER_STATUS 0
8/17/2022 4:40 PM ResponseAcquisChC  RX=CCD_SETUP {"PREAMP":0,"READOUT_RATE":0,"EM_GAIN":2,"VBIN":1,"INITIAL_LINE":1,"INITIAL_COLUMN":1,"FINAL_LINE":1,"FINAL_COLUMN":1,"TRIGGER_MODE":1,"HBIN":1,"SHUTTER_TTL":0,"SHUTTER_MODE":2,"SHUTTER_OPENING_TIME":1,"SHUTTER_CLOSING_TIME":1,"VERTICAL_SHIFT_SPEED":0,"READ_MODE":0,"FRAME_TRANSFER":false,"VERTICAL_CLOCK_VOLTAGE":0,"ACQUISITION_MODE":1,"AD_CHANNEL":0,"EM_MODE":1}
8/17/2022 4:40 PM ResponseAcquisChC  RX=DONE
8/17/2022 4:40 PM CommandAcquisChD  TX=READ_SETUP 
8/17/2022 4:40 PM CommandAcquisChD  TX=SET COOLER_POWER_STATUS 0
8/17/2022 4:40 PM ResponseAcquisChD  RX=CCD_SETUP {"PREAMP":0,"READOUT_RATE":0,"EM_GAIN":2,"VBIN":1,"INITIAL_LINE":1,"INITIAL_COLUMN":1,"FINAL_LINE":1,"FINAL_COLUMN":1,"TRIGGER_MODE":1,"HBIN":1,"SHUTTER_TTL":0,"SHUTTER_MODE":2,"SHUTTER_OPENING_TIME":1,"SHUTTER_CLOSING_TIME":1,"VERTICAL_SHIFT_SPEED":0,"READ_MODE":0,"FRAME_TRANSFER":false,"VERTICAL_CLOCK_VOLTAGE":0,"ACQUISITION_MODE":1,"AD_CHANNEL":0,"EM_MODE":1}
8/17/2022 4:40 PM ResponseAcquisChD  RX=DONE
8/17/2022 4:41 PM CommandAcquisChC  TX=WRITE_SETUP {"ACQUISITION_MODE":0,"TRIGGER_MODE":1,"READ_MODE":0,"PREAMP":0,"READOUT_RATE":0,"VERTICAL_SHIFT_SPEED":0,"EM_MODE":1,"EM_GAIN":2,"SHUTTER_MODE":2,"SHUTTER_TTL":0,"SHUTTER_OPENING_TIME":1,"SHUTTER_CLOSING_TIME":1,"VBIN":0,"HBIN":0,"INITIAL_LINE":0,"INITIAL_COLUMN":0,"FINAL_LINE":0,"FINAL_COLUMN":0,"FRAME_TRANSFER":true,"VERTICAL_CLOCK_VOLTAGE":0,"AD_CHANNEL":0}
8/17/2022 4:41 PM ResponseAcquisChC  RX=RETURNING_STATUS {"CUBE_EXPOSURE_TIME":0,"CUBES_DONE":0,"LAST_IMAGE_NAME":"","DISK_SPACE":0,"FRAMES_DONE":0,"CCD_STATUS":"IDLE","CURRENT_TEMPERATURE":20,"TEMPERATURE_STATUS":"TEMPERATURE_OFF","FRAME_EXPOSURE_TIME":0,"CCD_POWER_STATUS":true,"SERIAL_NUMBER":9917,"ACQUIRING":false}
8/17/2022 4:41 PM CommandAcquisChC  TX=WRITE_SETUP {"ACQUISITION_MODE":0,"TRIGGER_MODE":1,"READ_MODE":0,"PREAMP":0,"READOUT_RATE":0,"VERTICAL_SHIFT_SPEED":0,"EM_MODE":1,"EM_GAIN":2,"SHUTTER_MODE":2,"SHUTTER_TTL":0,"SHUTTER_OPENING_TIME":1,"SHUTTER_CLOSING_TIME":1,"VBIN":0,"HBIN":0,"INITIAL_LINE":0,"INITIAL_COLUMN":0,"FINAL_LINE":0,"FINAL_COLUMN":0,"FRAME_TRANSFER":true,"VERTICAL_CLOCK_VOLTAGE":0,"AD_CHANNEL":0}
8/17/2022 4:41 PM CommandAcquisChD  TX=WRITE_SETUP {"ACQUISITION_MODE":0,"TRIGGER_MODE":1,"READ_MODE":0,"PREAMP":0,"READOUT_RATE":0,"VERTICAL_SHIFT_SPEED":0,"EM_MODE":1,"EM_GAIN":2,"SHUTTER_MODE":2,"SHUTTER_TTL":0,"SHUTTER_OPENING_TIME":1,"SHUTTER_CLOSING_TIME":1,"VBIN":0,"HBIN":0,"INITIAL_LINE":0,"INITIAL_COLUMN":0,"FINAL_LINE":0,"FINAL_COLUMN":0,"FRAME_TRANSFER":true,"VERTICAL_CLOCK_VOLTAGE":0,"AD_CHANNEL":0}
8/17/2022 4:41 PM ResponseAcquisChD  RX=RETURNING_STATUS {"CUBE_EXPOSURE_TIME":0,"CUBES_DONE":0,"LAST_IMAGE_NAME":"","DISK_SPACE":0,"FRAMES_DONE":0,"CCD_STATUS":"IDLE","CURRENT_TEMPERATURE":19,"TEMPERATURE_STATUS":"TEMPERATURE_OFF","FRAME_EXPOSURE_TIME":0,"CCD_POWER_STATUS":true,"SERIAL_NUMBER":9915,"ACQUIRING":false}
8/17/2022 4:41 PM CommandAcquisChD  TX=WRITE_SETUP {"ACQUISITION_MODE":0,"TRIGGER_MODE":1,"READ_MODE":0,"PREAMP":0,"READOUT_RATE":0,"VERTICAL_SHIFT_SPEED":0,"EM_MODE":1,"EM_GAIN":2,"SHUTTER_MODE":2,"SHUTTER_TTL":0,"SHUTTER_OPENING_TIME":1,"SHUTTER_CLOSING_TIME":1,"VBIN":0,"HBIN":0,"INITIAL_LINE":0,"INITIAL_COLUMN":0,"FINAL_LINE":0,"FINAL_COLUMN":0,"FRAME_TRANSFER":true,"VERTICAL_CLOCK_VOLTAGE":0,"AD_CHANNEL":0}
8/17/2022 4:41 PM CommandAcquisChC  TX=READ_SETUP 
8/17/2022 4:41 PM CommandAcquisChC  TX=SET COOLER_POWER_STATUS 0
8/17/2022 4:41 PM ResponseAcquisChC  RX=CCD_SETUP {"PREAMP":0,"READOUT_RATE":0,"EM_GAIN":2,"VBIN":1,"INITIAL_LINE":1,"INITIAL_COLUMN":1,"FINAL_LINE":1,"FINAL_COLUMN":1,"TRIGGER_MODE":1,"HBIN":1,"SHUTTER_TTL":0,"SHUTTER_MODE":2,"SHUTTER_OPENING_TIME":1,"SHUTTER_CLOSING_TIME":1,"VERTICAL_SHIFT_SPEED":0,"READ_MODE":0,"FRAME_TRANSFER":true,"VERTICAL_CLOCK_VOLTAGE":0,"ACQUISITION_MODE":1,"AD_CHANNEL":0,"EM_MODE":1}
8/17/2022 4:41 PM ResponseAcquisChC  RX=DONE
8/17/2022 4:41 PM CommandAcquisChD  TX=READ_SETUP 
8/17/2022 4:41 PM CommandAcquisChD  TX=SET COOLER_POWER_STATUS 0
8/17/2022 4:41 PM ResponseAcquisChD  RX=CCD_SETUP {"PREAMP":0,"READOUT_RATE":0,"EM_GAIN":2,"VBIN":1,"INITIAL_LINE":1,"INITIAL_COLUMN":1,"FINAL_LINE":1,"FINAL_COLUMN":1,"TRIGGER_MODE":1,"HBIN":1,"SHUTTER_TTL":0,"SHUTTER_MODE":2,"SHUTTER_OPENING_TIME":1,"SHUTTER_CLOSING_TIME":1,"VERTICAL_SHIFT_SPEED":0,"READ_MODE":0,"FRAME_TRANSFER":true,"VERTICAL_CLOCK_VOLTAGE":0,"ACQUISITION_MODE":1,"AD_CHANNEL":0,"EM_MODE":1}
8/17/2022 4:41 PM ResponseAcquisChD  RX=DONE
8/17/2022 4:41 PM CommandAcquisChC  TX=WRITE_SETUP {"ACQUISITION_MODE":3,"TRIGGER_MODE":1,"READ_MODE":0,"PREAMP":0,"READOUT_RATE":0,"VERTICAL_SHIFT_SPEED":0,"EM_MODE":1,"EM_GAIN":2,"SHUTTER_MODE":2,"SHUTTER_TTL":0,"SHUTTER_OPENING_TIME":1,"SHUTTER_CLOSING_TIME":1,"VBIN":0,"HBIN":0,"INITIAL_LINE":0,"INITIAL_COLUMN":0,"FINAL_LINE":0,"FINAL_COLUMN":0,"FRAME_TRANSFER":true,"VERTICAL_CLOCK_VOLTAGE":0,"AD_CHANNEL":0}
8/17/2022 4:41 PM CommandAcquisChD  TX=WRITE_SETUP {"ACQUISITION_MODE":3,"TRIGGER_MODE":1,"READ_MODE":0,"PREAMP":0,"READOUT_RATE":0,"VERTICAL_SHIFT_SPEED":0,"EM_MODE":1,"EM_GAIN":2,"SHUTTER_MODE":2,"SHUTTER_TTL":0,"SHUTTER_OPENING_TIME":1,"SHUTTER_CLOSING_TIME":1,"VBIN":0,"HBIN":0,"INITIAL_LINE":0,"INITIAL_COLUMN":0,"FINAL_LINE":0,"FINAL_COLUMN":0,"FRAME_TRANSFER":true,"VERTICAL_CLOCK_VOLTAGE":0,"AD_CHANNEL":0}
8/17/2022 4:41 PM CommandAcquisChD  TX=WRITE_SETUP {"ACQUISITION_MODE":3,"TRIGGER_MODE":1,"READ_MODE":0,"PREAMP":0,"READOUT_RATE":0,"VERTICAL_SHIFT_SPEED":0,"EM_MODE":1,"EM_GAIN":2,"SHUTTER_MODE":2,"SHUTTER_TTL":0,"SHUTTER_OPENING_TIME":1,"SHUTTER_CLOSING_TIME":1,"VBIN":0,"HBIN":0,"INITIAL_LINE":0,"INITIAL_COLUMN":0,"FINAL_LINE":0,"FINAL_COLUMN":0,"FRAME_TRANSFER":true,"VERTICAL_CLOCK_VOLTAGE":0,"AD_CHANNEL":0}
8/17/2022 4:41 PM CommandAcquisChC  TX=READ_SETUP 
8/17/2022 4:41 PM ResponseAcquisChC  RX=CCD_SETUP {"PREAMP":0,"READOUT_RATE":0,"EM_GAIN":2,"VBIN":1,"INITIAL_LINE":1,"INITIAL_COLUMN":1,"FINAL_LINE":1,"FINAL_COLUMN":1,"TRIGGER_MODE":1,"HBIN":1,"SHUTTER_TTL":0,"SHUTTER_MODE":2,"SHUTTER_OPENING_TIME":1,"SHUTTER_CLOSING_TIME":1,"VERTICAL_SHIFT_SPEED":0,"READ_MODE":0,"FRAME_TRANSFER":true,"VERTICAL_CLOCK_VOLTAGE":0,"ACQUISITION_MODE":3,"AD_CHANNEL":0,"EM_MODE":1}
8/17/2022 4:41 PM CommandAcquisChC  TX=SET COOLER_POWER_STATUS 0
8/17/2022 4:41 PM ResponseAcquisChC  RX=DONE
8/17/2022 4:41 PM CommandAcquisChD  TX=READ_SETUP 
8/17/2022 4:41 PM CommandAcquisChD  TX=SET COOLER_POWER_STATUS 0
8/17/2022 4:41 PM ResponseAcquisChD  RX=CCD_SETUP {"PREAMP":0,"READOUT_RATE":0,"EM_GAIN":2,"VBIN":1,"INITIAL_LINE":1,"INITIAL_COLUMN":1,"FINAL_LINE":1,"FINAL_COLUMN":1,"TRIGGER_MODE":1,"HBIN":1,"SHUTTER_TTL":0,"SHUTTER_MODE":2,"SHUTTER_OPENING_TIME":1,"SHUTTER_CLOSING_TIME":1,"VERTICAL_SHIFT_SPEED":0,"READ_MODE":0,"FRAME_TRANSFER":true,"VERTICAL_CLOCK_VOLTAGE":0,"ACQUISITION_MODE":3,"AD_CHANNEL":0,"EM_MODE":1}
8/17/2022 4:41 PM ResponseAcquisChD  RX=DONE
8/17/2022 4:42 PM CommandInstrument  TX=S4ICS WPROT NONE NONE,WPSEL GOTO OFF,GMIR NONE NONE,GFOC NONE NONE,CALW GOTO OFF,ASEL GOTO OFF

8/17/2022 4:42 PM ResponseInstrument  RX=WPSEL SIMULATED ACK 0 HOME 0, WPROT SIMULATED BUSY 30.0 HOME 0, CALW SIMULATED ACK 0.0 HOME 0, ASEL SIMULATED ACK 0.0 HOME 0, GMIR SIMULATED READY 0.0 HOME 0, GFOC SIMULATED READY 0.0 HOME 0

8/17/2022 4:42 PM CommandAcquisChC  TX=SET EXPTIME 3.000000
8/17/2022 4:42 PM ResponseAcquisChC  RX=DONE
8/17/2022 4:42 PM CommandAcquisChC  TX=SET #FRAMES 9.000000
8/17/2022 4:42 PM CommandAcquisChC  TX=SET #CUBES 1.0000 
8/17/2022 4:42 PM ResponseAcquisChC  RX=DONE
8/17/2022 4:42 PM CommandAcquisChC  TX=SET SUFFIX DARK
8/17/2022 4:42 PM ResponseAcquisChC  RX=DONE
8/17/2022 4:42 PM CommandAcquisChC  TX=SET OBSTYPE DARK
8/17/2022 4:42 PM ResponseAcquisChC  RX=DONE
8/17/2022 4:42 PM CommandAcquisChD  TX=SET EXPTIME 2.000000
8/17/2022 4:42 PM ResponseAcquisChC  RX=DONE
8/17/2022 4:42 PM ResponseAcquisChD  RX=DONE
8/17/2022 4:42 PM CommandAcquisChD  TX=SET #FRAMES 10.000000
8/17/2022 4:42 PM ResponseAcquisChD  RX=DONE
8/17/2022 4:42 PM CommandAcquisChD  TX=SET #CUBES 1.0000 
8/17/2022 4:42 PM CommandAcquisChD  TX=SET SUFFIX DARK
8/17/2022 4:42 PM ResponseAcquisChD  RX=DONE
8/17/2022 4:42 PM CommandAcquisChD  TX=SET OBSTYPE DARK
8/17/2022 4:42 PM CommandSyncBox  TX=ADELAY 1500m

8/17/2022 4:42 PM ResponseSyncBox  RX=OK

8/17/2022 4:42 PM CommandSyncBox  TX=BDELAY 1550m

8/17/2022 4:42 PM ResponseSyncBox  RX=OK

8/17/2022 4:42 PM CommandSyncBox  TX=CDELAY 1600m

8/17/2022 4:42 PM ResponseSyncBox  RX=OK

8/17/2022 4:42 PM CommandSyncBox  TX=DDELAY 1650m

8/17/2022 4:42 PM ResponseSyncBox  RX=OK

8/17/2022 4:42 PM CommandSyncBox  TX=AWIDTH 80m

8/17/2022 4:42 PM ResponseSyncBox  RX=OK

8/17/2022 4:42 PM CommandSyncBox  TX=BWIDTH 80m

8/17/2022 4:42 PM ResponseSyncBox  RX=OK

8/17/2022 4:42 PM CommandSyncBox  TX=CWIDTH 80m

8/17/2022 4:42 PM ResponseSyncBox  RX=OK

8/17/2022 4:42 PM CommandSyncBox  TX=DWIDTH 80m

8/17/2022 4:42 PM ResponseSyncBox  RX=OK

8/17/2022 4:42 PM CommandSyncBox  TX=IN

8/17/2022 4:42 PM ResponseSyncBox  RX=OK

8/17/2022 4:42 PM CommandAcquisChC  TX=EXPOSE
8/17/2022 4:42 PM CommandAcquisChD  TX=EXPOSE
8/17/2022 4:42 PM ResponseAcquisChC  RX=RETURNING_STATUS {"CUBE_EXPOSURE_TIME":0,"CUBES_DONE":0,"LAST_IMAGE_NAME":"","DISK_SPACE":0,"FRAMES_DONE":0,"CCD_STATUS":"IDLE","CURRENT_TEMPERATURE":20,"TEMPERATURE_STATUS":"TEMPERATURE_OFF","FRAME_EXPOSURE_TIME":0,"CCD_POWER_STATUS":true,"SERIAL_NUMBER":9917,"ACQUIRING":false}
8/17/2022 4:42 PM ResponseAcquisChD  RX=RETURNING_STATUS {"CUBE_EXPOSURE_TIME":0,"CUBES_DONE":0,"LAST_IMAGE_NAME":"","DISK_SPACE":0,"FRAMES_DONE":0,"CCD_STATUS":"IDLE","CURRENT_TEMPERATURE":19,"TEMPERATURE_STATUS":"TEMPERATURE_OFF","FRAME_EXPOSURE_TIME":0,"CCD_POWER_STATUS":true,"SERIAL_NUMBER":9915,"ACQUIRING":false}
8/17/2022 4:42 PM CommandSyncBox  TX=TRigger REmote

8/17/2022 4:42 PM ResponseSyncBox  RX=OK

8/17/2022 4:42 PM ResponseAcquisChD  RX=RETURNING_STATUS {"CUBE_EXPOSURE_TIME":0,"CUBES_DONE":0,"LAST_IMAGE_NAME":"","DISK_SPACE":0,"FRAMES_DONE":0,"CCD_STATUS":"IDLE","CURRENT_TEMPERATURE":19,"TEMPERATURE_STATUS":"TEMPERATURE_OFF","FRAME_EXPOSURE_TIME":0,"CCD_POWER_STATUS":true,"SERIAL_NUMBER":9915,"ACQUIRING":false}
8/17/2022 4:42 PM CommandSyncBox  TX=TRigger

8/17/2022 4:42 PM ResponseSyncBox  RX=Trig   REM  50R  Level 1.250   Div   0,000,000,000  SYN 00,010,000.00

8/17/2022 4:42 PM CommandSyncBox  TX=IN

8/17/2022 4:42 PM ResponseSyncBox  RX=OK

8/17/2022 4:42 PM CommandSyncBox  TX=FIre

8/17/2022 4:42 PM ResponseSyncBox  RX=OK

8/17/2022 4:42 PM CommandSyncBox  TX=IN

8/17/2022 4:42 PM ResponseSyncBox  RX=OK

8/17/2022 4:43 PM CommandInstrument  TX=S4ICS WPROT STOP NONE,WPSEL NONE NONE,GMIR NONE NONE,GFOC NONE NONE,CALW NONE NONE,ASEL NONE NONE

8/17/2022 4:43 PM ResponseInstrument  RX=WPSEL SIMULATED BUSY 80 OFF 1, WPROT SIMULATED ACK 30.0 HOME 0, CALW SIMULATED READY 0.0 OFF 1, ASEL SIMULATED READY 0.0 OFF 1, GMIR SIMULATED READY 0.0 HOME 0, GFOC SIMULATED READY 0.0 HOME 0

8/17/2022 4:43 PM CommandAcquisChC  TX=SET EXPTIME 3.000000
8/17/2022 4:43 PM CommandAcquisChC  TX=SET #FRAMES 9.000000
8/17/2022 4:43 PM CommandAcquisChC  TX=SET #CUBES 1.0000 
8/17/2022 4:43 PM CommandAcquisChC  TX=SET SUFFIX DARK
8/17/2022 4:43 PM CommandAcquisChC  TX=ABORT_ACQUISITION
8/17/2022 4:43 PM CommandAcquisChD  TX=ABORT_ACQUISITION
8/17/2022 4:43 PM CommandInstrument  TX=S4ICS WPROT STOP NONE,WPSEL NONE NONE,GMIR NONE NONE,GFOC NONE NONE,CALW NONE NONE,ASEL NONE NONE

8/17/2022 4:43 PM ResponseInstrument  RX=WPSEL SIMULATED BUSY 80 OFF 1, WPROT SIMULATED ACK 30 HOME 0, CALW SIMULATED READY 0.0 OFF 1, ASEL SIMULATED READY 0.0 OFF 1, GMIR SIMULATED READY 0.0 HOME 0, GFOC SIMULATED READY 0.0 HOME 0

8/17/2022 4:43 PM CommandAcquisChC  TX=SET EXPTIME 3.000000
8/17/2022 4:43 PM ResponseAcquisChC  RX=DONE
8/17/2022 4:43 PM CommandAcquisChC  TX=SET #FRAMES 7.000000
8/17/2022 4:43 PM CommandAcquisChC  TX=SET #CUBES 1.0000 
8/17/2022 4:43 PM ResponseAcquisChC  RX=DONE
8/17/2022 4:43 PM CommandAcquisChC  TX=SET SUFFIX DARK
8/17/2022 4:43 PM ResponseAcquisChC  RX=DONE
8/17/2022 4:43 PM CommandAcquisChC  TX=SET OBSTYPE DARK
8/17/2022 4:43 PM ResponseAcquisChC  RX=DONE
8/17/2022 4:43 PM CommandAcquisChD  TX=SET EXPTIME 2.000000
8/17/2022 4:43 PM ResponseAcquisChC  RX=DONE
8/17/2022 4:43 PM ResponseAcquisChD  RX=RETURNING_STATUS {"CUBE_EXPOSURE_TIME":20,"CUBES_DONE":0,"LAST_IMAGE_NAME":"","DISK_SPACE":0,"FRAMES_DONE":0,"CCD_STATUS":"IDLE","CURRENT_TEMPERATURE":18,"TEMPERATURE_STATUS":"TEMPERATURE_OFF","FRAME_EXPOSURE_TIME":2,"CCD_POWER_STATUS":true,"SERIAL_NUMBER":9915,"ACQUIRING":false}
8/17/2022 4:43 PM ResponseAcquisChD  RX=RETURNING_STATUS {"CUBE_EXPOSURE_TIME":20,"CUBES_DONE":0,"LAST_IMAGE_NAME":"","DISK_SPACE":0,"FRAMES_DONE":0,"CCD_STATUS":"IDLE","CURRENT_TEMPERATURE":18,"TEMPERATURE_STATUS":"TEMPERATURE_OFF","FRAME_EXPOSURE_TIME":2,"CCD_POWER_STATUS":true,"SERIAL_NUMBER":9915,"ACQUIRING":false}
8/17/2022 4:43 PM ResponseAcquisChD  RX=DONE
8/17/2022 4:43 PM CommandAcquisChD  TX=SET #FRAMES 10.000000
8/17/2022 4:43 PM CommandAcquisChD  TX=SET #CUBES 1.0000 
8/17/2022 4:43 PM ResponseAcquisChD  RX=DONE
8/17/2022 4:43 PM CommandAcquisChD  TX=SET SUFFIX DARK
8/17/2022 4:43 PM ResponseAcquisChD  RX=DONE
8/17/2022 4:43 PM CommandAcquisChD  TX=SET OBSTYPE DARK
8/17/2022 4:43 PM ResponseAcquisChD  RX=DONE
8/17/2022 4:43 PM ResponseAcquisChD  RX=DONE
8/17/2022 4:43 PM CommandSyncBox  TX=ADELAY 1500m

8/17/2022 4:43 PM ResponseSyncBox  RX=OK

8/17/2022 4:43 PM CommandSyncBox  TX=BDELAY 1550m

8/17/2022 4:43 PM ResponseSyncBox  RX=OK

8/17/2022 4:43 PM CommandSyncBox  TX=CDELAY 1600m

8/17/2022 4:43 PM ResponseSyncBox  RX=OK

8/17/2022 4:43 PM CommandSyncBox  TX=DDELAY 1650m

8/17/2022 4:43 PM ResponseSyncBox  RX=OK

8/17/2022 4:43 PM CommandSyncBox  TX=AWIDTH 80m

8/17/2022 4:43 PM ResponseSyncBox  RX=OK

8/17/2022 4:43 PM CommandSyncBox  TX=BWIDTH 80m

8/17/2022 4:43 PM ResponseSyncBox  RX=OK

8/17/2022 4:43 PM CommandSyncBox  TX=CWIDTH 80m

8/17/2022 4:43 PM ResponseSyncBox  RX=OK

8/17/2022 4:43 PM CommandSyncBox  TX=DWIDTH 80m

8/17/2022 4:43 PM ResponseSyncBox  RX=OK

8/17/2022 4:43 PM CommandSyncBox  TX=IN

8/17/2022 4:43 PM ResponseSyncBox  RX=OK

8/17/2022 4:43 PM CommandAcquisChC  TX=EXPOSE
8/17/2022 4:43 PM CommandAcquisChD  TX=EXPOSE
8/17/2022 4:43 PM CommandSyncBox  TX=TRigger REmote

8/17/2022 4:43 PM ResponseSyncBox  RX=OK

8/17/2022 4:43 PM CommandSyncBox  TX=TRigger

8/17/2022 4:43 PM ResponseSyncBox  RX=Trig   REM  50R  Level 1.250   Div   0,000,000,000  SYN 00,010,000.00

8/17/2022 4:43 PM CommandSyncBox  TX=IN

8/17/2022 4:43 PM ResponseSyncBox  RX=OK

8/17/2022 4:43 PM CommandSyncBox  TX=FIre

8/17/2022 4:43 PM ResponseSyncBox  RX=OK

8/17/2022 4:43 PM CommandSyncBox  TX=IN

8/17/2022 4:43 PM ResponseSyncBox  RX=OK

8/17/2022 4:44 PM CommandAcquisChC  TX=ABORT_ACQUISITION
8/17/2022 4:44 PM CommandAcquisChD  TX=ABORT_ACQUISITION
8/17/2022 4:44 PM CommandInstrument  TX=S4ICS WPROT STOP NONE,WPSEL NONE NONE,GMIR NONE NONE,GFOC NONE NONE,CALW NONE NONE,ASEL NONE NONE

8/17/2022 4:44 PM ResponseInstrument  RX=WPSEL SIMULATED BUSY 80 OFF 1, WPROT SIMULATED ACK 30 HOME 0, CALW SIMULATED READY 0.0 OFF 1, ASEL SIMULATED READY 0.0 OFF 1, GMIR SIMULATED READY 0.0 HOME 0, GFOC SIMULATED READY 0.0 HOME 0

