9/21/2022 11:28 AM CommandAcquisChA  TX=WRITE_SETUP {"ACQUISITION_MODE":3,"TRIGGER_MODE":0,"READ_MODE":4,"PREAMP":0,"READOUT_RATE":0,"VERTICAL_SHIFT_SPEED":3,"EM_MODE":1,"EM_GAIN":2,"SHUTTER_MODE":1,"SHUTTER_TTL":0,"SHUTTER_OPENING_TIME":1,"SHUTTER_CLOSING_TIME":1,"VBIN":1,"HBIN":1,"INITIAL_LINE":1,"INITIAL_COLUMN":1,"FINAL_LINE":1024,"FINAL_COLUMN":1024,"FRAME_TRANSFER":true,"VERTICAL_CLOCK_VOLTAGE":0,"AD_CHANNEL":0}
9/21/2022 11:28 AM CommandAcquisChB  TX=WRITE_SETUP {"ACQUISITION_MODE":3,"TRIGGER_MODE":0,"READ_MODE":4,"PREAMP":0,"READOUT_RATE":0,"VERTICAL_SHIFT_SPEED":3,"EM_MODE":1,"EM_GAIN":2,"SHUTTER_MODE":2,"SHUTTER_TTL":0,"SHUTTER_OPENING_TIME":1,"SHUTTER_CLOSING_TIME":1,"VBIN":1,"HBIN":1,"INITIAL_LINE":1,"INITIAL_COLUMN":1,"FINAL_LINE":1024,"FINAL_COLUMN":1024,"FRAME_TRANSFER":true,"VERTICAL_CLOCK_VOLTAGE":0,"AD_CHANNEL":0}
9/21/2022 11:28 AM CommandAcquisChC  TX=WRITE_SETUP {"ACQUISITION_MODE":3,"TRIGGER_MODE":0,"READ_MODE":4,"PREAMP":0,"READOUT_RATE":0,"VERTICAL_SHIFT_SPEED":3,"EM_MODE":1,"EM_GAIN":2,"SHUTTER_MODE":1,"SHUTTER_TTL":0,"SHUTTER_OPENING_TIME":1,"SHUTTER_CLOSING_TIME":1,"VBIN":1,"HBIN":1,"INITIAL_LINE":1,"INITIAL_COLUMN":1,"FINAL_LINE":1024,"FINAL_COLUMN":1024,"FRAME_TRANSFER":true,"VERTICAL_CLOCK_VOLTAGE":0,"AD_CHANNEL":0}
9/21/2022 11:28 AM CommandAcquisChD  TX=WRITE_SETUP {"ACQUISITION_MODE":3,"TRIGGER_MODE":0,"READ_MODE":4,"PREAMP":0,"READOUT_RATE":0,"VERTICAL_SHIFT_SPEED":3,"EM_MODE":1,"EM_GAIN":2,"SHUTTER_MODE":1,"SHUTTER_TTL":0,"SHUTTER_OPENING_TIME":1,"SHUTTER_CLOSING_TIME":1,"VBIN":1,"HBIN":1,"INITIAL_LINE":1,"INITIAL_COLUMN":1,"FINAL_LINE":1024,"FINAL_COLUMN":1024,"FRAME_TRANSFER":true,"VERTICAL_CLOCK_VOLTAGE":0,"AD_CHANNEL":0}
9/21/2022 11:28 AM CommandSyncBox  TX=ADELAY 0m

9/21/2022 11:28 AM ResponseSyncBox  RX=OK

9/21/2022 11:28 AM CommandSyncBox  TX=BDELAY 0m

9/21/2022 11:28 AM ResponseSyncBox  RX=OK

9/21/2022 11:28 AM CommandSyncBox  TX=CDELAY 0m

9/21/2022 11:28 AM ResponseSyncBox  RX=OK

9/21/2022 11:28 AM CommandSyncBox  TX=DDELAY 0m

9/21/2022 11:28 AM ResponseSyncBox  RX=OK

9/21/2022 11:28 AM CommandSyncBox  TX=AWIDTH 200m

9/21/2022 11:28 AM ResponseSyncBox  RX=OK

9/21/2022 11:28 AM CommandSyncBox  TX=BWIDTH 200m

9/21/2022 11:28 AM ResponseSyncBox  RX=OK

9/21/2022 11:28 AM CommandSyncBox  TX=CWIDTH 200m

9/21/2022 11:28 AM ResponseSyncBox  RX=OK

9/21/2022 11:28 AM CommandSyncBox  TX=DWIDTH 200m

9/21/2022 11:28 AM ResponseSyncBox  RX=OK

9/21/2022 11:28 AM CommandSyncBox  TX=aset on

9/21/2022 11:28 AM ResponseSyncBox  RX=OK

9/21/2022 11:28 AM CommandSyncBox  TX=bset on

9/21/2022 11:28 AM ResponseSyncBox  RX=OK

9/21/2022 11:28 AM CommandSyncBox  TX=cset on

9/21/2022 11:28 AM ResponseSyncBox  RX=OK

9/21/2022 11:28 AM CommandSyncBox  TX=dset on

9/21/2022 11:28 AM ResponseSyncBox  RX=OK

9/21/2022 11:28 AM CommandSyncBox  TX=IN

9/21/2022 11:28 AM ResponseSyncBox  RX=OK

9/21/2022 11:28 AM CommandAcquisChA  TX=READ_SETUP 
9/21/2022 11:28 AM CommandAcquisChB  TX=READ_SETUP 
9/21/2022 11:28 AM CommandAcquisChC  TX=READ_SETUP 
9/21/2022 11:28 AM CommandAcquisChD  TX=READ_SETUP 
9/21/2022 11:28 AM ResponseAcquisChC  RX=CCD_SETUP {"PREAMP":0,"READOUT_RATE":0,"EM_GAIN":2,"VBIN":1,"INITIAL_LINE":1,"INITIAL_COLUMN":1,"FINAL_LINE":1024,"FINAL_COLUMN":1024,"TRIGGER_MODE":0,"HBIN":1,"SHUTTER_TTL":0,"SHUTTER_MODE":1,"SHUTTER_OPENING_TIME":1,"SHUTTER_CLOSING_TIME":1,"VERTICAL_SHIFT_SPEED":3,"READ_MODE":4,"FRAME_TRANSFER":true,"VERTICAL_CLOCK_VOLTAGE":0,"ACQUISITION_MODE":3,"AD_CHANNEL":0,"EM_MODE":1}
9/21/2022 11:28 AM ResponseAcquisChA  RX=CCD_SETUP {"PREAMP":0,"READOUT_RATE":0,"EM_GAIN":2,"VBIN":1,"INITIAL_LINE":1,"INITIAL_COLUMN":1,"FINAL_LINE":1024,"FINAL_COLUMN":1024,"TRIGGER_MODE":0,"HBIN":1,"SHUTTER_TTL":0,"SHUTTER_MODE":1,"SHUTTER_OPENING_TIME":1,"SHUTTER_CLOSING_TIME":1,"VERTICAL_SHIFT_SPEED":3,"READ_MODE":4,"FRAME_TRANSFER":true,"VERTICAL_CLOCK_VOLTAGE":0,"ACQUISITION_MODE":3,"AD_CHANNEL":0,"EM_MODE":1}
9/21/2022 11:28 AM ResponseAcquisChB  RX=CCD_SETUP {"PREAMP":0,"READOUT_RATE":0,"EM_GAIN":2,"VBIN":1,"INITIAL_LINE":1,"INITIAL_COLUMN":1,"FINAL_LINE":1024,"FINAL_COLUMN":1024,"TRIGGER_MODE":0,"HBIN":1,"SHUTTER_TTL":0,"SHUTTER_MODE":2,"SHUTTER_OPENING_TIME":1,"SHUTTER_CLOSING_TIME":1,"VERTICAL_SHIFT_SPEED":3,"READ_MODE":4,"FRAME_TRANSFER":true,"VERTICAL_CLOCK_VOLTAGE":0,"ACQUISITION_MODE":3,"AD_CHANNEL":0,"EM_MODE":1}
9/21/2022 11:28 AM CommandAcquisChC  TX=SET COOLER_POWER_STATUS 0
9/21/2022 11:28 AM CommandAcquisChA  TX=SET COOLER_POWER_STATUS 0
9/21/2022 11:28 AM CommandAcquisChB  TX=SET COOLER_POWER_STATUS 0
9/21/2022 11:28 AM ResponseAcquisChC  RX=DONE
9/21/2022 11:28 AM ResponseAcquisChA  RX=DONE
9/21/2022 11:28 AM ResponseAcquisChB  RX=DONE
9/21/2022 11:29 AM CommandAcquisChD  TX=SET COOLER_POWER_STATUS 0
9/21/2022 11:29 AM CommandAcquisChC  TX=WRITE_SETUP {"ACQUISITION_MODE":3,"TRIGGER_MODE":0,"READ_MODE":4,"PREAMP":0,"READOUT_RATE":0,"VERTICAL_SHIFT_SPEED":3,"EM_MODE":1,"EM_GAIN":2,"SHUTTER_MODE":2,"SHUTTER_TTL":0,"SHUTTER_OPENING_TIME":1,"SHUTTER_CLOSING_TIME":1,"VBIN":1,"HBIN":1,"INITIAL_LINE":1,"INITIAL_COLUMN":1,"FINAL_LINE":1024,"FINAL_COLUMN":1024,"FRAME_TRANSFER":true,"VERTICAL_CLOCK_VOLTAGE":0,"AD_CHANNEL":0}
9/21/2022 11:29 AM CommandAcquisChC  TX=WRITE_SETUP {"ACQUISITION_MODE":3,"TRIGGER_MODE":0,"READ_MODE":4,"PREAMP":0,"READOUT_RATE":0,"VERTICAL_SHIFT_SPEED":3,"EM_MODE":1,"EM_GAIN":2,"SHUTTER_MODE":2,"SHUTTER_TTL":0,"SHUTTER_OPENING_TIME":1,"SHUTTER_CLOSING_TIME":1,"VBIN":1,"HBIN":1,"INITIAL_LINE":1,"INITIAL_COLUMN":1,"FINAL_LINE":1024,"FINAL_COLUMN":1024,"FRAME_TRANSFER":true,"VERTICAL_CLOCK_VOLTAGE":0,"AD_CHANNEL":0}
9/21/2022 11:29 AM CommandAcquisChC  TX=READ_SETUP 
9/21/2022 11:29 AM ResponseAcquisChC  RX=CCD_SETUP {"PREAMP":0,"READOUT_RATE":0,"EM_GAIN":2,"VBIN":1,"INITIAL_LINE":1,"INITIAL_COLUMN":1,"FINAL_LINE":1024,"FINAL_COLUMN":1024,"TRIGGER_MODE":0,"HBIN":1,"SHUTTER_TTL":0,"SHUTTER_MODE":2,"SHUTTER_OPENING_TIME":1,"SHUTTER_CLOSING_TIME":1,"VERTICAL_SHIFT_SPEED":3,"READ_MODE":4,"FRAME_TRANSFER":true,"VERTICAL_CLOCK_VOLTAGE":0,"ACQUISITION_MODE":3,"AD_CHANNEL":0,"EM_MODE":1}
9/21/2022 11:29 AM CommandAcquisChC  TX=SET COOLER_POWER_STATUS 0
9/21/2022 11:29 AM ResponseAcquisChC  RX=DONE
9/21/2022 11:29 AM CommandAcquisChA  TX=WRITE_SETUP {"ACQUISITION_MODE":3,"TRIGGER_MODE":0,"READ_MODE":4,"PREAMP":0,"READOUT_RATE":0,"VERTICAL_SHIFT_SPEED":3,"EM_MODE":1,"EM_GAIN":2,"SHUTTER_MODE":1,"SHUTTER_TTL":0,"SHUTTER_OPENING_TIME":1,"SHUTTER_CLOSING_TIME":1,"VBIN":1,"HBIN":1,"INITIAL_LINE":1,"INITIAL_COLUMN":1,"FINAL_LINE":1024,"FINAL_COLUMN":1024,"FRAME_TRANSFER":true,"VERTICAL_CLOCK_VOLTAGE":0,"AD_CHANNEL":0}
9/21/2022 11:29 AM CommandAcquisChB  TX=WRITE_SETUP {"ACQUISITION_MODE":3,"TRIGGER_MODE":0,"READ_MODE":4,"PREAMP":0,"READOUT_RATE":0,"VERTICAL_SHIFT_SPEED":3,"EM_MODE":1,"EM_GAIN":2,"SHUTTER_MODE":1,"SHUTTER_TTL":0,"SHUTTER_OPENING_TIME":1,"SHUTTER_CLOSING_TIME":1,"VBIN":1,"HBIN":1,"INITIAL_LINE":1,"INITIAL_COLUMN":1,"FINAL_LINE":1024,"FINAL_COLUMN":1024,"FRAME_TRANSFER":true,"VERTICAL_CLOCK_VOLTAGE":0,"AD_CHANNEL":0}
9/21/2022 11:29 AM CommandAcquisChC  TX=WRITE_SETUP {"ACQUISITION_MODE":3,"TRIGGER_MODE":0,"READ_MODE":4,"PREAMP":0,"READOUT_RATE":0,"VERTICAL_SHIFT_SPEED":3,"EM_MODE":1,"EM_GAIN":2,"SHUTTER_MODE":1,"SHUTTER_TTL":0,"SHUTTER_OPENING_TIME":1,"SHUTTER_CLOSING_TIME":1,"VBIN":1,"HBIN":1,"INITIAL_LINE":1,"INITIAL_COLUMN":1,"FINAL_LINE":1024,"FINAL_COLUMN":1024,"FRAME_TRANSFER":true,"VERTICAL_CLOCK_VOLTAGE":0,"AD_CHANNEL":0}
9/21/2022 11:29 AM CommandAcquisChA  TX=WRITE_SETUP {"ACQUISITION_MODE":3,"TRIGGER_MODE":0,"READ_MODE":4,"PREAMP":0,"READOUT_RATE":0,"VERTICAL_SHIFT_SPEED":3,"EM_MODE":1,"EM_GAIN":2,"SHUTTER_MODE":1,"SHUTTER_TTL":0,"SHUTTER_OPENING_TIME":1,"SHUTTER_CLOSING_TIME":1,"VBIN":1,"HBIN":1,"INITIAL_LINE":1,"INITIAL_COLUMN":1,"FINAL_LINE":1024,"FINAL_COLUMN":1024,"FRAME_TRANSFER":true,"VERTICAL_CLOCK_VOLTAGE":0,"AD_CHANNEL":0}
9/21/2022 11:29 AM CommandAcquisChB  TX=WRITE_SETUP {"ACQUISITION_MODE":3,"TRIGGER_MODE":0,"READ_MODE":4,"PREAMP":0,"READOUT_RATE":0,"VERTICAL_SHIFT_SPEED":3,"EM_MODE":1,"EM_GAIN":2,"SHUTTER_MODE":1,"SHUTTER_TTL":0,"SHUTTER_OPENING_TIME":1,"SHUTTER_CLOSING_TIME":1,"VBIN":1,"HBIN":1,"INITIAL_LINE":1,"INITIAL_COLUMN":1,"FINAL_LINE":1024,"FINAL_COLUMN":1024,"FRAME_TRANSFER":true,"VERTICAL_CLOCK_VOLTAGE":0,"AD_CHANNEL":0}
9/21/2022 11:29 AM CommandAcquisChC  TX=WRITE_SETUP {"ACQUISITION_MODE":3,"TRIGGER_MODE":0,"READ_MODE":4,"PREAMP":0,"READOUT_RATE":0,"VERTICAL_SHIFT_SPEED":3,"EM_MODE":1,"EM_GAIN":2,"SHUTTER_MODE":1,"SHUTTER_TTL":0,"SHUTTER_OPENING_TIME":1,"SHUTTER_CLOSING_TIME":1,"VBIN":1,"HBIN":1,"INITIAL_LINE":1,"INITIAL_COLUMN":1,"FINAL_LINE":1024,"FINAL_COLUMN":1024,"FRAME_TRANSFER":true,"VERTICAL_CLOCK_VOLTAGE":0,"AD_CHANNEL":0}
9/21/2022 11:29 AM CommandAcquisChA  TX=WRITE_SETUP {"ACQUISITION_MODE":3,"TRIGGER_MODE":0,"READ_MODE":4,"PREAMP":0,"READOUT_RATE":0,"VERTICAL_SHIFT_SPEED":3,"EM_MODE":1,"EM_GAIN":2,"SHUTTER_MODE":1,"SHUTTER_TTL":0,"SHUTTER_OPENING_TIME":1,"SHUTTER_CLOSING_TIME":1,"VBIN":1,"HBIN":1,"INITIAL_LINE":1,"INITIAL_COLUMN":1,"FINAL_LINE":1024,"FINAL_COLUMN":1024,"FRAME_TRANSFER":true,"VERTICAL_CLOCK_VOLTAGE":0,"AD_CHANNEL":0}
9/21/2022 11:29 AM CommandAcquisChB  TX=WRITE_SETUP {"ACQUISITION_MODE":3,"TRIGGER_MODE":0,"READ_MODE":4,"PREAMP":0,"READOUT_RATE":0,"VERTICAL_SHIFT_SPEED":3,"EM_MODE":1,"EM_GAIN":2,"SHUTTER_MODE":1,"SHUTTER_TTL":0,"SHUTTER_OPENING_TIME":1,"SHUTTER_CLOSING_TIME":1,"VBIN":1,"HBIN":1,"INITIAL_LINE":1,"INITIAL_COLUMN":1,"FINAL_LINE":1024,"FINAL_COLUMN":1024,"FRAME_TRANSFER":true,"VERTICAL_CLOCK_VOLTAGE":0,"AD_CHANNEL":0}
9/21/2022 11:29 AM CommandAcquisChC  TX=WRITE_SETUP {"ACQUISITION_MODE":3,"TRIGGER_MODE":0,"READ_MODE":4,"PREAMP":0,"READOUT_RATE":0,"VERTICAL_SHIFT_SPEED":3,"EM_MODE":1,"EM_GAIN":2,"SHUTTER_MODE":1,"SHUTTER_TTL":0,"SHUTTER_OPENING_TIME":1,"SHUTTER_CLOSING_TIME":1,"VBIN":1,"HBIN":1,"INITIAL_LINE":1,"INITIAL_COLUMN":1,"FINAL_LINE":1024,"FINAL_COLUMN":1024,"FRAME_TRANSFER":true,"VERTICAL_CLOCK_VOLTAGE":0,"AD_CHANNEL":0}
9/21/2022 11:29 AM CommandAcquisChA  TX=READ_SETUP 
9/21/2022 11:29 AM CommandAcquisChB  TX=READ_SETUP 
9/21/2022 11:29 AM CommandAcquisChC  TX=READ_SETUP 
9/21/2022 11:29 AM ResponseAcquisChA  RX=CCD_SETUP {"PREAMP":0,"READOUT_RATE":0,"EM_GAIN":2,"VBIN":1,"INITIAL_LINE":1,"INITIAL_COLUMN":1,"FINAL_LINE":1024,"FINAL_COLUMN":1024,"TRIGGER_MODE":0,"HBIN":1,"SHUTTER_TTL":0,"SHUTTER_MODE":1,"SHUTTER_OPENING_TIME":1,"SHUTTER_CLOSING_TIME":1,"VERTICAL_SHIFT_SPEED":3,"READ_MODE":4,"FRAME_TRANSFER":true,"VERTICAL_CLOCK_VOLTAGE":0,"ACQUISITION_MODE":3,"AD_CHANNEL":0,"EM_MODE":1}
9/21/2022 11:29 AM CommandAcquisChA  TX=SET COOLER_POWER_STATUS 0
9/21/2022 11:29 AM CommandAcquisChB  TX=SET COOLER_POWER_STATUS 0
9/21/2022 11:29 AM ResponseAcquisChC  RX=CCD_SETUP {"PREAMP":0,"READOUT_RATE":0,"EM_GAIN":2,"VBIN":1,"INITIAL_LINE":1,"INITIAL_COLUMN":1,"FINAL_LINE":1024,"FINAL_COLUMN":1024,"TRIGGER_MODE":0,"HBIN":1,"SHUTTER_TTL":0,"SHUTTER_MODE":1,"SHUTTER_OPENING_TIME":1,"SHUTTER_CLOSING_TIME":1,"VERTICAL_SHIFT_SPEED":3,"READ_MODE":4,"FRAME_TRANSFER":true,"VERTICAL_CLOCK_VOLTAGE":0,"ACQUISITION_MODE":3,"AD_CHANNEL":0,"EM_MODE":1}
9/21/2022 11:29 AM CommandAcquisChC  TX=SET COOLER_POWER_STATUS 0
9/21/2022 11:29 AM ResponseAcquisChB  RX=CCD_SETUP {"PREAMP":0,"READOUT_RATE":0,"EM_GAIN":2,"VBIN":1,"INITIAL_LINE":1,"INITIAL_COLUMN":1,"FINAL_LINE":1024,"FINAL_COLUMN":1024,"TRIGGER_MODE":0,"HBIN":1,"SHUTTER_TTL":0,"SHUTTER_MODE":1,"SHUTTER_OPENING_TIME":1,"SHUTTER_CLOSING_TIME":1,"VERTICAL_SHIFT_SPEED":3,"READ_MODE":4,"FRAME_TRANSFER":true,"VERTICAL_CLOCK_VOLTAGE":0,"ACQUISITION_MODE":3,"AD_CHANNEL":0,"EM_MODE":1}
9/21/2022 11:29 AM ResponseAcquisChA  RX=DONE
9/21/2022 11:29 AM ResponseAcquisChB  RX=DONE
9/21/2022 11:29 AM ResponseAcquisChC  RX=DONE
9/21/2022 11:29 AM CommandAcquisChA  TX=WRITE_SETUP {"ACQUISITION_MODE":3,"TRIGGER_MODE":0,"READ_MODE":4,"PREAMP":0,"READOUT_RATE":0,"VERTICAL_SHIFT_SPEED":3,"EM_MODE":1,"EM_GAIN":2,"SHUTTER_MODE":2,"SHUTTER_TTL":0,"SHUTTER_OPENING_TIME":1,"SHUTTER_CLOSING_TIME":1,"VBIN":1,"HBIN":1,"INITIAL_LINE":1,"INITIAL_COLUMN":1,"FINAL_LINE":1024,"FINAL_COLUMN":1024,"FRAME_TRANSFER":true,"VERTICAL_CLOCK_VOLTAGE":0,"AD_CHANNEL":0}
9/21/2022 11:29 AM CommandAcquisChB  TX=WRITE_SETUP {"ACQUISITION_MODE":3,"TRIGGER_MODE":0,"READ_MODE":4,"PREAMP":0,"READOUT_RATE":0,"VERTICAL_SHIFT_SPEED":3,"EM_MODE":1,"EM_GAIN":2,"SHUTTER_MODE":2,"SHUTTER_TTL":0,"SHUTTER_OPENING_TIME":1,"SHUTTER_CLOSING_TIME":1,"VBIN":1,"HBIN":1,"INITIAL_LINE":1,"INITIAL_COLUMN":1,"FINAL_LINE":1024,"FINAL_COLUMN":1024,"FRAME_TRANSFER":true,"VERTICAL_CLOCK_VOLTAGE":0,"AD_CHANNEL":0}
9/21/2022 11:29 AM CommandAcquisChC  TX=WRITE_SETUP {"ACQUISITION_MODE":3,"TRIGGER_MODE":0,"READ_MODE":4,"PREAMP":0,"READOUT_RATE":0,"VERTICAL_SHIFT_SPEED":3,"EM_MODE":1,"EM_GAIN":2,"SHUTTER_MODE":2,"SHUTTER_TTL":0,"SHUTTER_OPENING_TIME":1,"SHUTTER_CLOSING_TIME":1,"VBIN":1,"HBIN":1,"INITIAL_LINE":1,"INITIAL_COLUMN":1,"FINAL_LINE":1024,"FINAL_COLUMN":1024,"FRAME_TRANSFER":true,"VERTICAL_CLOCK_VOLTAGE":0,"AD_CHANNEL":0}
9/21/2022 11:29 AM CommandAcquisChA  TX=READ_SETUP 
9/21/2022 11:29 AM CommandAcquisChB  TX=READ_SETUP 
9/21/2022 11:29 AM CommandAcquisChC  TX=READ_SETUP 
9/21/2022 11:29 AM CommandAcquisChA  TX=SET COOLER_POWER_STATUS 0
9/21/2022 11:29 AM CommandAcquisChB  TX=SET COOLER_POWER_STATUS 0
9/21/2022 11:29 AM ResponseAcquisChC  RX=CCD_SETUP {"PREAMP":0,"READOUT_RATE":0,"EM_GAIN":2,"VBIN":1,"INITIAL_LINE":1,"INITIAL_COLUMN":1,"FINAL_LINE":1024,"FINAL_COLUMN":1024,"TRIGGER_MODE":0,"HBIN":1,"SHUTTER_TTL":0,"SHUTTER_MODE":2,"SHUTTER_OPENING_TIME":1,"SHUTTER_CLOSING_TIME":1,"VERTICAL_SHIFT_SPEED":3,"READ_MODE":4,"FRAME_TRANSFER":true,"VERTICAL_CLOCK_VOLTAGE":0,"ACQUISITION_MODE":3,"AD_CHANNEL":0,"EM_MODE":1}
9/21/2022 11:29 AM CommandAcquisChC  TX=SET COOLER_POWER_STATUS 0
9/21/2022 11:29 AM ResponseAcquisChA  RX=CCD_SETUP {"PREAMP":0,"READOUT_RATE":0,"EM_GAIN":2,"VBIN":1,"INITIAL_LINE":1,"INITIAL_COLUMN":1,"FINAL_LINE":1024,"FINAL_COLUMN":1024,"TRIGGER_MODE":0,"HBIN":1,"SHUTTER_TTL":0,"SHUTTER_MODE":2,"SHUTTER_OPENING_TIME":1,"SHUTTER_CLOSING_TIME":1,"VERTICAL_SHIFT_SPEED":3,"READ_MODE":4,"FRAME_TRANSFER":true,"VERTICAL_CLOCK_VOLTAGE":0,"ACQUISITION_MODE":3,"AD_CHANNEL":0,"EM_MODE":1}
9/21/2022 11:29 AM ResponseAcquisChB  RX=CCD_SETUP {"PREAMP":0,"READOUT_RATE":0,"EM_GAIN":2,"VBIN":1,"INITIAL_LINE":1,"INITIAL_COLUMN":1,"FINAL_LINE":1024,"FINAL_COLUMN":1024,"TRIGGER_MODE":0,"HBIN":1,"SHUTTER_TTL":0,"SHUTTER_MODE":2,"SHUTTER_OPENING_TIME":1,"SHUTTER_CLOSING_TIME":1,"VERTICAL_SHIFT_SPEED":3,"READ_MODE":4,"FRAME_TRANSFER":true,"VERTICAL_CLOCK_VOLTAGE":0,"ACQUISITION_MODE":3,"AD_CHANNEL":0,"EM_MODE":1}
9/21/2022 11:29 AM ResponseAcquisChB  RX=DONE
9/21/2022 11:29 AM ResponseAcquisChC  RX=DONE
9/21/2022 11:29 AM ResponseAcquisChA  RX=DONE
9/21/2022 11:29 AM CommandAcquisChA  TX=WRITE_SETUP {"ACQUISITION_MODE":3,"TRIGGER_MODE":0,"READ_MODE":4,"PREAMP":0,"READOUT_RATE":0,"VERTICAL_SHIFT_SPEED":3,"EM_MODE":1,"EM_GAIN":2,"SHUTTER_MODE":2,"SHUTTER_TTL":0,"SHUTTER_OPENING_TIME":1,"SHUTTER_CLOSING_TIME":1,"VBIN":1,"HBIN":1,"INITIAL_LINE":1,"INITIAL_COLUMN":1,"FINAL_LINE":1024,"FINAL_COLUMN":1024,"FRAME_TRANSFER":true,"VERTICAL_CLOCK_VOLTAGE":0,"AD_CHANNEL":0}
9/21/2022 11:29 AM CommandAcquisChB  TX=WRITE_SETUP {"ACQUISITION_MODE":3,"TRIGGER_MODE":0,"READ_MODE":4,"PREAMP":0,"READOUT_RATE":0,"VERTICAL_SHIFT_SPEED":3,"EM_MODE":1,"EM_GAIN":2,"SHUTTER_MODE":2,"SHUTTER_TTL":0,"SHUTTER_OPENING_TIME":1,"SHUTTER_CLOSING_TIME":1,"VBIN":1,"HBIN":1,"INITIAL_LINE":1,"INITIAL_COLUMN":1,"FINAL_LINE":1024,"FINAL_COLUMN":1024,"FRAME_TRANSFER":true,"VERTICAL_CLOCK_VOLTAGE":0,"AD_CHANNEL":0}
9/21/2022 11:29 AM CommandAcquisChC  TX=WRITE_SETUP {"ACQUISITION_MODE":3,"TRIGGER_MODE":0,"READ_MODE":4,"PREAMP":0,"READOUT_RATE":0,"VERTICAL_SHIFT_SPEED":3,"EM_MODE":1,"EM_GAIN":2,"SHUTTER_MODE":2,"SHUTTER_TTL":0,"SHUTTER_OPENING_TIME":1,"SHUTTER_CLOSING_TIME":1,"VBIN":1,"HBIN":1,"INITIAL_LINE":1,"INITIAL_COLUMN":1,"FINAL_LINE":1024,"FINAL_COLUMN":1024,"FRAME_TRANSFER":true,"VERTICAL_CLOCK_VOLTAGE":0,"AD_CHANNEL":0}
9/21/2022 11:29 AM CommandAcquisChA  TX=READ_SETUP 
9/21/2022 11:29 AM CommandAcquisChB  TX=READ_SETUP 
9/21/2022 11:29 AM CommandAcquisChC  TX=READ_SETUP 
9/21/2022 11:29 AM CommandAcquisChA  TX=SET COOLER_POWER_STATUS 0
9/21/2022 11:29 AM ResponseAcquisChB  RX=CCD_SETUP {"PREAMP":0,"READOUT_RATE":0,"EM_GAIN":2,"VBIN":1,"INITIAL_LINE":1,"INITIAL_COLUMN":1,"FINAL_LINE":1024,"FINAL_COLUMN":1024,"TRIGGER_MODE":0,"HBIN":1,"SHUTTER_TTL":0,"SHUTTER_MODE":2,"SHUTTER_OPENING_TIME":1,"SHUTTER_CLOSING_TIME":1,"VERTICAL_SHIFT_SPEED":3,"READ_MODE":4,"FRAME_TRANSFER":true,"VERTICAL_CLOCK_VOLTAGE":0,"ACQUISITION_MODE":3,"AD_CHANNEL":0,"EM_MODE":1}
9/21/2022 11:29 AM CommandAcquisChB  TX=SET COOLER_POWER_STATUS 0
9/21/2022 11:29 AM CommandAcquisChC  TX=SET COOLER_POWER_STATUS 0
9/21/2022 11:29 AM ResponseAcquisChA  RX=CCD_SETUP {"PREAMP":0,"READOUT_RATE":0,"EM_GAIN":2,"VBIN":1,"INITIAL_LINE":1,"INITIAL_COLUMN":1,"FINAL_LINE":1024,"FINAL_COLUMN":1024,"TRIGGER_MODE":0,"HBIN":1,"SHUTTER_TTL":0,"SHUTTER_MODE":2,"SHUTTER_OPENING_TIME":1,"SHUTTER_CLOSING_TIME":1,"VERTICAL_SHIFT_SPEED":3,"READ_MODE":4,"FRAME_TRANSFER":true,"VERTICAL_CLOCK_VOLTAGE":0,"ACQUISITION_MODE":3,"AD_CHANNEL":0,"EM_MODE":1}
9/21/2022 11:29 AM ResponseAcquisChC  RX=CCD_SETUP {"PREAMP":0,"READOUT_RATE":0,"EM_GAIN":2,"VBIN":1,"INITIAL_LINE":1,"INITIAL_COLUMN":1,"FINAL_LINE":1024,"FINAL_COLUMN":1024,"TRIGGER_MODE":0,"HBIN":1,"SHUTTER_TTL":0,"SHUTTER_MODE":2,"SHUTTER_OPENING_TIME":1,"SHUTTER_CLOSING_TIME":1,"VERTICAL_SHIFT_SPEED":3,"READ_MODE":4,"FRAME_TRANSFER":true,"VERTICAL_CLOCK_VOLTAGE":0,"ACQUISITION_MODE":3,"AD_CHANNEL":0,"EM_MODE":1}
9/21/2022 11:29 AM ResponseAcquisChA  RX=DONE
9/21/2022 11:29 AM ResponseAcquisChB  RX=DONE
9/21/2022 11:29 AM ResponseAcquisChC  RX=DONE
9/21/2022 11:30 AM CommandInstrument  TX=S4ICS WPROT NONE NONE,WPSEL GOTO CLEAR,GMIR NONE NONE,GFOC NONE NONE,CALW GOTO CLEAR,ASEL GOTO CLEAR

9/21/2022 11:30 AM ResponseInstrument  RX=WPROT SIMULATED READY 135 WP7 7, WPSEL SIMULATED BUSY 0 L/2 2, ASEL SIMULATED BUSY 100 ANALYZER 2, CALW SIMULATED BUSY 72 POLARIZER 2, GFOC SIMULATED READY 0 HOME 0, GMIR SIMULATED READY 0 HOME 0

9/21/2022 11:31 AM CommandAcquisChA  TX=SET EXPTIME 1.000000
9/21/2022 11:31 AM ResponseAcquisChA  RX=DONE
9/21/2022 11:31 AM CommandAcquisChA  TX=SET #FRAMES 3.000000
9/21/2022 11:31 AM ResponseAcquisChA  RX=DONE
9/21/2022 11:31 AM CommandAcquisChA  TX=SET #CUBES 1.0000 
9/21/2022 11:31 AM ResponseAcquisChA  RX=DONE
9/21/2022 11:31 AM CommandAcquisChA  TX=SET SUFFIX DARK
9/21/2022 11:31 AM ResponseAcquisChA  RX=DONE
9/21/2022 11:31 AM CommandAcquisChA  TX=SET OBSTYPE DARK
9/21/2022 11:31 AM ResponseAcquisChA  RX=DONE
9/21/2022 11:31 AM CommandAcquisChA  TX=EXPOSE
9/21/2022 11:32 AM CommandAcquisChB  TX=SET EXPTIME 1.500000
9/21/2022 11:32 AM ResponseAcquisChB  RX=DONE
9/21/2022 11:32 AM CommandAcquisChB  TX=SET #FRAMES 2.000000
9/21/2022 11:32 AM CommandAcquisChB  TX=SET #CUBES 1.0000 
9/21/2022 11:32 AM ResponseAcquisChB  RX=DONE
9/21/2022 11:32 AM ResponseAcquisChB  RX=DONE
9/21/2022 11:32 AM CommandAcquisChB  TX=SET SUFFIX DARK
9/21/2022 11:32 AM ResponseAcquisChB  RX=DONE
9/21/2022 11:32 AM CommandAcquisChB  TX=SET OBSTYPE DARK
9/21/2022 11:32 AM ResponseAcquisChB  RX=DONE
9/21/2022 11:32 AM CommandAcquisChB  TX=EXPOSE
9/21/2022 11:32 AM CommandAcquisChB  TX=SET EXPTIME 1.500000
9/21/2022 11:32 AM CommandAcquisChB  TX=SET #FRAMES 2.000000
9/21/2022 11:32 AM CommandAcquisChB  TX=ABORT_ACQUISITION
9/21/2022 11:32 AM CommandAcquisChB  TX=SET EXPTIME 1.500000
9/21/2022 11:32 AM ResponseAcquisChB  RX=DONE
9/21/2022 11:32 AM CommandAcquisChB  TX=SET #FRAMES 2.000000
9/21/2022 11:32 AM ResponseAcquisChB  RX=DONE
9/21/2022 11:32 AM CommandAcquisChB  TX=SET #CUBES 1.0000 
9/21/2022 11:32 AM ResponseAcquisChB  RX=DONE
9/21/2022 11:32 AM CommandAcquisChB  TX=SET SUFFIX DARK
9/21/2022 11:32 AM ResponseAcquisChB  RX=DONE
9/21/2022 11:32 AM CommandAcquisChB  TX=SET OBSTYPE DARK
9/21/2022 11:32 AM ResponseAcquisChB  RX=DONE
9/21/2022 11:32 AM CommandAcquisChB  TX=EXPOSE
9/21/2022 11:32 AM ResponseAcquisChB  RX=RETURNING_STATUS {"CUBE_EXPOSURE_TIME":2,"CUBES_DONE":0,"LAST_IMAGE_NAME":"","DISK_SPACE":0,"FRAMES_DONE":0,"CCD_STATUS":"IDLE","CURRENT_TEMPERATURE":17,"TEMPERATURE_STATUS":"TEMPERATURE_OFF","FRAME_EXPOSURE_TIME":1,"CCD_POWER_STATUS":true,"SERIAL_NUMBER":9915,"ACQUIRING":false}
9/21/2022 11:33 AM CommandAcquisChB  TX=ABORT_ACQUISITION
9/21/2022 11:33 AM CommandAcquisChB  TX=SET EXPTIME 3.000000
9/21/2022 11:33 AM ResponseAcquisChB  RX=DONE
9/21/2022 11:33 AM CommandAcquisChB  TX=SET #FRAMES 1.000000
9/21/2022 11:33 AM CommandAcquisChB  TX=SET #CUBES 1.0000 
9/21/2022 11:33 AM ResponseAcquisChB  RX=DONE
9/21/2022 11:33 AM CommandAcquisChB  TX=SET SUFFIX DARK
9/21/2022 11:33 AM ResponseAcquisChB  RX=DONE
9/21/2022 11:33 AM CommandAcquisChB  TX=SET OBSTYPE DARK
9/21/2022 11:33 AM ResponseAcquisChB  RX=DONE
9/21/2022 11:33 AM ResponseAcquisChB  RX=DONE
9/21/2022 11:33 AM CommandAcquisChB  TX=EXPOSE
9/21/2022 11:34 AM CommandAcquisChB  TX=ABORT_ACQUISITION
9/21/2022 11:38 AM CommandAcquisChB  TX=SET EXPTIME 1.500000
9/21/2022 11:38 AM ResponseAcquisChB  RX=DONE
9/21/2022 11:38 AM CommandAcquisChB  TX=SET #FRAMES 3.000000
9/21/2022 11:38 AM ResponseAcquisChB  RX=DONE
9/21/2022 11:38 AM CommandAcquisChB  TX=SET #CUBES 1.0000 
9/21/2022 11:38 AM CommandAcquisChB  TX=SET SUFFIX DARK
9/21/2022 11:38 AM ResponseAcquisChB  RX=DONE
9/21/2022 11:38 AM ResponseAcquisChB  RX=DONE
9/21/2022 11:38 AM CommandAcquisChB  TX=SET OBSTYPE DARK
9/21/2022 11:38 AM ResponseAcquisChB  RX=DONE
9/21/2022 11:38 AM CommandAcquisChB  TX=EXPOSE
9/21/2022 11:38 AM CommandAcquisChB  TX=SET EXPTIME 1.500000
9/21/2022 11:38 AM ResponseAcquisChB  RX=DONE
9/21/2022 11:38 AM CommandAcquisChB  TX=SET #FRAMES 3.000000
9/21/2022 11:38 AM ResponseAcquisChB  RX=DONE
9/21/2022 11:38 AM CommandAcquisChB  TX=SET #CUBES 1.0000 
9/21/2022 11:38 AM CommandAcquisChB  TX=SET SUFFIX DARK
9/21/2022 11:38 AM ResponseAcquisChB  RX=DONE
9/21/2022 11:38 AM ResponseAcquisChB  RX=DONE
9/21/2022 11:38 AM CommandAcquisChB  TX=SET OBSTYPE DARK
9/21/2022 11:38 AM ResponseAcquisChB  RX=DONE
9/21/2022 11:38 AM CommandAcquisChB  TX=EXPOSE
9/21/2022 11:39 AM CommandAcquisChB  TX=SET EXPTIME 1.000000
9/21/2022 11:39 AM ResponseAcquisChB  RX=DONE
9/21/2022 11:39 AM CommandAcquisChB  TX=SET #FRAMES 3.000000
9/21/2022 11:39 AM ResponseAcquisChB  RX=DONE
9/21/2022 11:39 AM CommandAcquisChB  TX=SET #CUBES 1.0000 
9/21/2022 11:39 AM ResponseAcquisChB  RX=DONE
9/21/2022 11:39 AM CommandAcquisChB  TX=SET SUFFIX DARK
9/21/2022 11:39 AM ResponseAcquisChB  RX=DONE
9/21/2022 11:39 AM CommandAcquisChB  TX=SET OBSTYPE DARK
9/21/2022 11:39 AM ResponseAcquisChB  RX=DONE
9/21/2022 11:39 AM CommandAcquisChB  TX=EXPOSE
9/21/2022 11:40 AM CommandAcquisChB  TX=SET EXPTIME 1.000000
9/21/2022 11:40 AM ResponseAcquisChB  RX=DONE
9/21/2022 11:40 AM CommandAcquisChB  TX=SET #FRAMES 3.000000
9/21/2022 11:40 AM ResponseAcquisChB  RX=DONE
9/21/2022 11:40 AM CommandAcquisChB  TX=SET #CUBES 1.0000 
9/21/2022 11:40 AM CommandAcquisChB  TX=SET SUFFIX DARK
9/21/2022 11:40 AM ResponseAcquisChB  RX=DONE
9/21/2022 11:40 AM ResponseAcquisChB  RX=DONE
9/21/2022 11:40 AM CommandAcquisChB  TX=SET OBSTYPE DARK
9/21/2022 11:40 AM ResponseAcquisChB  RX=DONE
9/21/2022 11:40 AM CommandAcquisChB  TX=EXPOSE
9/21/2022 11:41 AM CommandAcquisChC  TX=SET EXPTIME 1.000000
9/21/2022 11:41 AM ResponseAcquisChC  RX=DONE
9/21/2022 11:41 AM CommandAcquisChC  TX=SET #FRAMES 3.000000
9/21/2022 11:41 AM ResponseAcquisChC  RX=DONE
9/21/2022 11:41 AM CommandAcquisChC  TX=SET #CUBES 1.0000 
9/21/2022 11:41 AM CommandAcquisChC  TX=SET SUFFIX DARK
9/21/2022 11:41 AM ResponseAcquisChC  RX=DONE
9/21/2022 11:41 AM ResponseAcquisChC  RX=DONE
9/21/2022 11:41 AM CommandAcquisChC  TX=SET OBSTYPE DARK
9/21/2022 11:41 AM ResponseAcquisChC  RX=DONE
9/21/2022 11:41 AM CommandAcquisChC  TX=EXPOSE
9/21/2022 11:51 AM CommandAcquisChB  TX=SET EXPTIME 1.000000
9/21/2022 11:51 AM ResponseAcquisChB  RX=DONE
9/21/2022 11:51 AM CommandAcquisChB  TX=SET #FRAMES 1.000000
9/21/2022 11:51 AM CommandAcquisChB  TX=SET #CUBES 1.0000 
9/21/2022 11:51 AM ResponseAcquisChB  RX=DONE
9/21/2022 11:51 AM CommandAcquisChB  TX=SET SUFFIX DARK
9/21/2022 11:51 AM ResponseAcquisChB  RX=DONE
9/21/2022 11:51 AM ResponseAcquisChB  RX=DONE
9/21/2022 11:51 AM CommandAcquisChB  TX=SET OBSTYPE DARK
9/21/2022 11:51 AM ResponseAcquisChB  RX=DONE
9/21/2022 11:51 AM CommandAcquisChB  TX=EXPOSE
9/21/2022 11:51 AM CommandAcquisChB  TX=SET EXPTIME 1.000000
9/21/2022 11:51 AM ResponseAcquisChB  RX=DONE
9/21/2022 11:51 AM CommandAcquisChB  TX=SET #FRAMES 1.000000
9/21/2022 11:51 AM ResponseAcquisChB  RX=DONE
9/21/2022 11:51 AM CommandAcquisChB  TX=SET #CUBES 1.0000 
9/21/2022 11:51 AM CommandAcquisChB  TX=SET SUFFIX DARK
9/21/2022 11:51 AM ResponseAcquisChB  RX=DONE
9/21/2022 11:51 AM ResponseAcquisChB  RX=DONE
9/21/2022 11:51 AM CommandAcquisChB  TX=SET OBSTYPE DARK
9/21/2022 11:51 AM ResponseAcquisChB  RX=DONE
9/21/2022 11:51 AM CommandAcquisChB  TX=EXPOSE
9/21/2022 11:52 AM CommandAcquisChB  TX=SET EXPTIME 1.000000
9/21/2022 11:52 AM ResponseAcquisChB  RX=DONE
9/21/2022 11:52 AM CommandAcquisChB  TX=SET #FRAMES 1.000000
9/21/2022 11:52 AM ResponseAcquisChB  RX=DONE
9/21/2022 11:52 AM CommandAcquisChB  TX=SET #CUBES 1.0000 
9/21/2022 11:52 AM ResponseAcquisChB  RX=DONE
9/21/2022 11:52 AM CommandAcquisChB  TX=SET SUFFIX DARK
9/21/2022 11:52 AM CommandAcquisChB  TX=SET OBSTYPE DARK
9/21/2022 11:52 AM ResponseAcquisChB  RX=DONE
9/21/2022 11:52 AM ResponseAcquisChB  RX=DONE
9/21/2022 11:52 AM CommandAcquisChB  TX=EXPOSE
9/21/2022 11:53 AM CommandAcquisChB  TX=SET EXPTIME 1.000000
9/21/2022 11:53 AM ResponseAcquisChB  RX=DONE
9/21/2022 11:53 AM CommandAcquisChB  TX=SET #FRAMES 1.000000
9/21/2022 11:53 AM CommandAcquisChB  TX=SET #CUBES 1.0000 
9/21/2022 11:53 AM ResponseAcquisChB  RX=DONE
9/21/2022 11:53 AM ResponseAcquisChB  RX=DONE
9/21/2022 11:53 AM CommandAcquisChB  TX=SET SUFFIX DARK
9/21/2022 11:53 AM CommandAcquisChB  TX=SET OBSTYPE DARK
9/21/2022 11:53 AM ResponseAcquisChB  RX=DONE
9/21/2022 11:53 AM ResponseAcquisChB  RX=DONE
9/21/2022 11:53 AM CommandAcquisChB  TX=EXPOSE
9/21/2022 11:54 AM CommandAcquisChB  TX=SET EXPTIME 1.500000
9/21/2022 11:54 AM ResponseAcquisChB  RX=DONE
9/21/2022 11:54 AM CommandAcquisChB  TX=SET #FRAMES 2.000000
9/21/2022 11:54 AM CommandAcquisChB  TX=SET #CUBES 1.0000 
9/21/2022 11:54 AM ResponseAcquisChB  RX=DONE
9/21/2022 11:54 AM CommandAcquisChB  TX=SET SUFFIX DARK
9/21/2022 11:54 AM ResponseAcquisChB  RX=DONE
9/21/2022 11:54 AM ResponseAcquisChB  RX=DONE
9/21/2022 11:54 AM CommandAcquisChB  TX=SET OBSTYPE DARK
9/21/2022 11:54 AM ResponseAcquisChB  RX=DONE
9/21/2022 11:54 AM CommandAcquisChB  TX=EXPOSE
9/21/2022 11:54 AM ResponseAcquisChB  RX=RETURNING_STATUS {"CUBE_EXPOSURE_TIME":1,"CUBES_DONE":1,"LAST_IMAGE_NAME":"20220921_s4c2_DARK_000000.fits","DISK_SPACE":0,"FRAMES_DONE":1,"CCD_STATUS":"IDLE","CURRENT_TEMPERATURE":12,"TEMPERATURE_STATUS":"TEMPERATURE_OFF","FRAME_EXPOSURE_TIME":1,"CCD_POWER_STATUS":true,"SERIAL_NUMBER":9915,"ACQUIRING":false}
9/21/2022 11:54 AM CommandAcquisChB  TX=SET EXPTIME 1.500000
9/21/2022 11:54 AM ResponseAcquisChB  RX=DONE
9/21/2022 11:54 AM CommandAcquisChB  TX=SET #FRAMES 2.000000
9/21/2022 11:54 AM CommandAcquisChB  TX=SET #CUBES 1.0000 
9/21/2022 11:54 AM ResponseAcquisChB  RX=DONE
9/21/2022 11:54 AM ResponseAcquisChB  RX=DONE
9/21/2022 11:54 AM CommandAcquisChB  TX=SET SUFFIX DARK
9/21/2022 11:54 AM CommandAcquisChB  TX=SET OBSTYPE DARK
9/21/2022 11:54 AM ResponseAcquisChB  RX=DONE
9/21/2022 11:54 AM ResponseAcquisChB  RX=DONE
9/21/2022 11:54 AM CommandAcquisChB  TX=EXPOSE
9/21/2022 11:56 AM CommandAcquisChC  TX=SET EXPTIME 1.000000
9/21/2022 11:56 AM ResponseAcquisChC  RX=DONE
9/21/2022 11:56 AM CommandAcquisChC  TX=SET #FRAMES 3.000000
9/21/2022 11:56 AM CommandAcquisChC  TX=SET #CUBES 1.0000 
9/21/2022 11:56 AM ResponseAcquisChC  RX=DONE
9/21/2022 11:56 AM ResponseAcquisChC  RX=DONE
9/21/2022 11:56 AM CommandAcquisChC  TX=SET SUFFIX DARK
9/21/2022 11:56 AM CommandAcquisChC  TX=SET OBSTYPE DARK
9/21/2022 11:56 AM ResponseAcquisChC  RX=DONE
9/21/2022 11:56 AM ResponseAcquisChC  RX=DONE
9/21/2022 11:56 AM CommandAcquisChC  TX=EXPOSE
9/21/2022 11:57 AM CommandAcquisChC  TX=SET EXPTIME 1.000000
9/21/2022 11:57 AM ResponseAcquisChC  RX=DONE
9/21/2022 11:57 AM CommandAcquisChC  TX=SET #FRAMES 3.000000
9/21/2022 11:57 AM CommandAcquisChC  TX=SET #CUBES 1.0000 
9/21/2022 11:57 AM ResponseAcquisChC  RX=DONE
9/21/2022 11:57 AM ResponseAcquisChC  RX=DONE
9/21/2022 11:57 AM CommandAcquisChC  TX=SET SUFFIX DARK
9/21/2022 11:57 AM CommandAcquisChC  TX=SET OBSTYPE DARK
9/21/2022 11:57 AM ResponseAcquisChC  RX=DONE
9/21/2022 11:57 AM ResponseAcquisChC  RX=DONE
9/21/2022 11:57 AM CommandAcquisChC  TX=EXPOSE
9/21/2022 11:58 AM CommandAcquisChA  TX=SET EXPTIME 1.000000
9/21/2022 11:58 AM ResponseAcquisChA  RX=DONE
9/21/2022 11:58 AM CommandAcquisChA  TX=SET #FRAMES 1.000000
9/21/2022 11:58 AM ResponseAcquisChA  RX=DONE
9/21/2022 11:58 AM CommandAcquisChA  TX=SET #CUBES 1.0000 
9/21/2022 11:58 AM CommandAcquisChA  TX=SET SUFFIX DARK
9/21/2022 11:58 AM ResponseAcquisChA  RX=DONE
9/21/2022 11:58 AM ResponseAcquisChA  RX=DONE
9/21/2022 11:58 AM CommandAcquisChA  TX=SET OBSTYPE DARK
9/21/2022 11:58 AM ResponseAcquisChA  RX=DONE
9/21/2022 11:58 AM CommandAcquisChA  TX=EXPOSE
9/21/2022 11:58 AM CommandAcquisChB  TX=SET EXPTIME 1.000000
9/21/2022 11:58 AM ResponseAcquisChB  RX=DONE
9/21/2022 11:58 AM CommandAcquisChB  TX=SET #FRAMES 1.000000
9/21/2022 11:58 AM ResponseAcquisChB  RX=DONE
9/21/2022 11:58 AM CommandAcquisChB  TX=SET #CUBES 1.0000 
9/21/2022 11:58 AM ResponseAcquisChB  RX=DONE
9/21/2022 11:58 AM CommandAcquisChB  TX=SET SUFFIX DARK
9/21/2022 11:58 AM ResponseAcquisChB  RX=DONE
9/21/2022 11:58 AM CommandAcquisChB  TX=SET OBSTYPE DARK
9/21/2022 11:58 AM ResponseAcquisChB  RX=DONE
9/21/2022 11:58 AM CommandAcquisChB  TX=EXPOSE
9/21/2022 11:58 AM CommandAcquisChC  TX=SET EXPTIME 1.000000
9/21/2022 11:58 AM ResponseAcquisChC  RX=DONE
9/21/2022 11:58 AM CommandAcquisChC  TX=SET #FRAMES 1.000000
9/21/2022 11:58 AM ResponseAcquisChC  RX=DONE
9/21/2022 11:58 AM CommandAcquisChC  TX=SET #CUBES 1.0000 
9/21/2022 11:58 AM ResponseAcquisChC  RX=DONE
9/21/2022 11:58 AM CommandAcquisChC  TX=SET SUFFIX DARK
9/21/2022 11:58 AM CommandAcquisChC  TX=SET OBSTYPE DARK
9/21/2022 11:58 AM ResponseAcquisChC  RX=DONE
9/21/2022 11:58 AM ResponseAcquisChC  RX=DONE
9/21/2022 11:58 AM CommandAcquisChC  TX=EXPOSE
9/21/2022 11:59 AM CommandAcquisChA  TX=SET EXPTIME 1.000000
9/21/2022 11:59 AM ResponseAcquisChA  RX=DONE
9/21/2022 11:59 AM CommandAcquisChA  TX=SET #FRAMES 1.000000
9/21/2022 11:59 AM ResponseAcquisChA  RX=DONE
9/21/2022 11:59 AM CommandAcquisChA  TX=SET #CUBES 1.0000 
9/21/2022 11:59 AM CommandAcquisChA  TX=SET SUFFIX DARK
9/21/2022 11:59 AM ResponseAcquisChA  RX=DONE
9/21/2022 11:59 AM CommandAcquisChA  TX=SET OBSTYPE DARK
9/21/2022 11:59 AM ResponseAcquisChA  RX=DONE
9/21/2022 11:59 AM ResponseAcquisChA  RX=DONE
9/21/2022 11:59 AM CommandAcquisChA  TX=EXPOSE
9/21/2022 11:59 AM CommandAcquisChB  TX=SET EXPTIME 1.000000
9/21/2022 11:59 AM ResponseAcquisChB  RX=DONE
9/21/2022 11:59 AM CommandAcquisChB  TX=SET #FRAMES 1.000000
9/21/2022 11:59 AM ResponseAcquisChB  RX=DONE
9/21/2022 11:59 AM CommandAcquisChB  TX=SET #CUBES 1.0000 
9/21/2022 11:59 AM ResponseAcquisChB  RX=DONE
9/21/2022 11:59 AM CommandAcquisChB  TX=SET SUFFIX DARK
9/21/2022 11:59 AM CommandAcquisChB  TX=SET OBSTYPE DARK
9/21/2022 11:59 AM ResponseAcquisChB  RX=DONE
9/21/2022 11:59 AM ResponseAcquisChB  RX=DONE
9/21/2022 11:59 AM CommandAcquisChB  TX=EXPOSE
9/21/2022 11:59 AM CommandAcquisChC  TX=SET EXPTIME 1.000000
9/21/2022 11:59 AM ResponseAcquisChC  RX=DONE
9/21/2022 11:59 AM CommandAcquisChC  TX=SET #FRAMES 1.000000
9/21/2022 11:59 AM ResponseAcquisChC  RX=DONE
9/21/2022 11:59 AM CommandAcquisChC  TX=SET #CUBES 1.0000 
9/21/2022 11:59 AM CommandAcquisChC  TX=SET SUFFIX DARK
9/21/2022 11:59 AM ResponseAcquisChC  RX=DONE
9/21/2022 11:59 AM ResponseAcquisChC  RX=DONE
9/21/2022 11:59 AM CommandAcquisChC  TX=SET OBSTYPE DARK
9/21/2022 11:59 AM ResponseAcquisChC  RX=DONE
9/21/2022 11:59 AM CommandAcquisChC  TX=EXPOSE
9/21/2022 11:59 AM CommandAcquisChA  TX=SET EXPTIME 1.000000
9/21/2022 11:59 AM ResponseAcquisChA  RX=DONE
9/21/2022 11:59 AM CommandAcquisChA  TX=SET #FRAMES 2.000000
9/21/2022 11:59 AM ResponseAcquisChA  RX=DONE
9/21/2022 11:59 AM CommandAcquisChA  TX=SET #CUBES 1.0000 
9/21/2022 11:59 AM ResponseAcquisChA  RX=DONE
9/21/2022 11:59 AM CommandAcquisChA  TX=SET SUFFIX DARK
9/21/2022 11:59 AM CommandAcquisChA  TX=SET OBSTYPE DARK
9/21/2022 11:59 AM ResponseAcquisChA  RX=DONE
9/21/2022 11:59 AM ResponseAcquisChA  RX=DONE
9/21/2022 11:59 AM CommandAcquisChA  TX=EXPOSE
9/21/2022 11:59 AM CommandAcquisChB  TX=SET EXPTIME 1.000000
9/21/2022 11:59 AM ResponseAcquisChB  RX=DONE
9/21/2022 11:59 AM CommandAcquisChB  TX=SET #FRAMES 2.000000
9/21/2022 11:59 AM CommandAcquisChB  TX=SET #CUBES 1.0000 
9/21/2022 11:59 AM ResponseAcquisChB  RX=DONE
9/21/2022 11:59 AM ResponseAcquisChB  RX=DONE
9/21/2022 11:59 AM CommandAcquisChB  TX=SET SUFFIX DARK
9/21/2022 11:59 AM ResponseAcquisChB  RX=DONE
9/21/2022 11:59 AM CommandAcquisChB  TX=SET OBSTYPE DARK
9/21/2022 11:59 AM ResponseAcquisChB  RX=DONE
9/21/2022 11:59 AM CommandAcquisChB  TX=EXPOSE
9/21/2022 11:59 AM CommandAcquisChC  TX=SET EXPTIME 1.000000
9/21/2022 11:59 AM ResponseAcquisChC  RX=DONE
9/21/2022 11:59 AM CommandAcquisChC  TX=SET #FRAMES 2.000000
9/21/2022 11:59 AM CommandAcquisChC  TX=SET #CUBES 1.0000 
9/21/2022 11:59 AM ResponseAcquisChC  RX=DONE
9/21/2022 11:59 AM CommandAcquisChC  TX=SET SUFFIX DARK
9/21/2022 11:59 AM ResponseAcquisChC  RX=DONE
9/21/2022 11:59 AM ResponseAcquisChC  RX=DONE
9/21/2022 11:59 AM CommandAcquisChC  TX=SET OBSTYPE DARK
9/21/2022 11:59 AM ResponseAcquisChC  RX=DONE
9/21/2022 11:59 AM CommandAcquisChC  TX=EXPOSE
9/21/2022 11:59 AM ResponseAcquisChC  RX=RETURNING_STATUS {"CUBE_EXPOSURE_TIME":1,"CUBES_DONE":1,"LAST_IMAGE_NAME":"20220921_s4c3_DARK_000004.fits","DISK_SPACE":0,"FRAMES_DONE":1,"CCD_STATUS":"IDLE","CURRENT_TEMPERATURE":19,"TEMPERATURE_STATUS":"TEMPERATURE_OFF","FRAME_EXPOSURE_TIME":1,"CCD_POWER_STATUS":true,"SERIAL_NUMBER":9916,"ACQUIRING":false}
9/21/2022 12:01 PM CommandAcquisChA  TX=SET EXPTIME 2.000000
9/21/2022 12:01 PM ResponseAcquisChA  RX=DONE
9/21/2022 12:01 PM CommandAcquisChA  TX=SET #FRAMES 2.000000
9/21/2022 12:01 PM ResponseAcquisChA  RX=DONE
9/21/2022 12:01 PM CommandAcquisChA  TX=SET #CUBES 1.0000 
9/21/2022 12:01 PM ResponseAcquisChA  RX=DONE
9/21/2022 12:01 PM CommandAcquisChA  TX=SET SUFFIX DARK
9/21/2022 12:01 PM ResponseAcquisChA  RX=DONE
9/21/2022 12:01 PM CommandAcquisChA  TX=SET OBSTYPE DARK
9/21/2022 12:01 PM ResponseAcquisChA  RX=DONE
9/21/2022 12:01 PM CommandAcquisChA  TX=EXPOSE
9/21/2022 12:01 PM CommandAcquisChA  TX=SET EXPTIME 2.500000
9/21/2022 12:01 PM ResponseAcquisChA  RX=DONE
9/21/2022 12:01 PM CommandAcquisChA  TX=SET #FRAMES 2.000000
9/21/2022 12:01 PM ResponseAcquisChA  RX=DONE
9/21/2022 12:01 PM CommandAcquisChA  TX=SET #CUBES 1.0000 
9/21/2022 12:01 PM ResponseAcquisChA  RX=DONE
9/21/2022 12:01 PM CommandAcquisChA  TX=SET SUFFIX DARK
9/21/2022 12:01 PM ResponseAcquisChA  RX=DONE
9/21/2022 12:01 PM CommandAcquisChA  TX=SET OBSTYPE DARK
9/21/2022 12:01 PM ResponseAcquisChA  RX=DONE
9/21/2022 12:01 PM CommandAcquisChA  TX=EXPOSE
9/21/2022 12:02 PM CommandAcquisChA  TX=SET EXPTIME 1.500000
9/21/2022 12:02 PM ResponseAcquisChA  RX=DONE
9/21/2022 12:02 PM CommandAcquisChA  TX=SET #FRAMES 2.000000
9/21/2022 12:02 PM ResponseAcquisChA  RX=DONE
9/21/2022 12:02 PM CommandAcquisChA  TX=SET #CUBES 1.0000 
9/21/2022 12:02 PM ResponseAcquisChA  RX=DONE
9/21/2022 12:02 PM CommandAcquisChA  TX=SET SUFFIX DARK
9/21/2022 12:02 PM CommandAcquisChA  TX=SET OBSTYPE DARK
9/21/2022 12:02 PM ResponseAcquisChA  RX=DONE
9/21/2022 12:02 PM ResponseAcquisChA  RX=DONE
9/21/2022 12:02 PM CommandAcquisChA  TX=EXPOSE
9/21/2022 12:02 PM ResponseAcquisChA  RX=RETURNING_STATUS {"CUBE_EXPOSURE_TIME":5,"CUBES_DONE":1,"LAST_IMAGE_NAME":"20220921_s4c1_DARK_000006.fits","DISK_SPACE":0,"FRAMES_DONE":2,"CCD_STATUS":"IDLE","CURRENT_TEMPERATURE":20,"TEMPERATURE_STATUS":"TEMPERATURE_OFF","FRAME_EXPOSURE_TIME":2,"CCD_POWER_STATUS":true,"SERIAL_NUMBER":9914,"ACQUIRING":false}
9/21/2022 12:03 PM CommandAcquisChA  TX=WRITE_SETUP {"ACQUISITION_MODE":3,"TRIGGER_MODE":6,"READ_MODE":4,"PREAMP":0,"READOUT_RATE":0,"VERTICAL_SHIFT_SPEED":3,"EM_MODE":1,"EM_GAIN":2,"SHUTTER_MODE":2,"SHUTTER_TTL":0,"SHUTTER_OPENING_TIME":1,"SHUTTER_CLOSING_TIME":1,"VBIN":1,"HBIN":1,"INITIAL_LINE":1,"INITIAL_COLUMN":1,"FINAL_LINE":1024,"FINAL_COLUMN":1024,"FRAME_TRANSFER":true,"VERTICAL_CLOCK_VOLTAGE":0,"AD_CHANNEL":0}
9/21/2022 12:03 PM CommandAcquisChB  TX=WRITE_SETUP {"ACQUISITION_MODE":3,"TRIGGER_MODE":6,"READ_MODE":4,"PREAMP":0,"READOUT_RATE":0,"VERTICAL_SHIFT_SPEED":3,"EM_MODE":1,"EM_GAIN":2,"SHUTTER_MODE":2,"SHUTTER_TTL":0,"SHUTTER_OPENING_TIME":1,"SHUTTER_CLOSING_TIME":1,"VBIN":1,"HBIN":1,"INITIAL_LINE":1,"INITIAL_COLUMN":1,"FINAL_LINE":1024,"FINAL_COLUMN":1024,"FRAME_TRANSFER":true,"VERTICAL_CLOCK_VOLTAGE":0,"AD_CHANNEL":0}
9/21/2022 12:03 PM CommandAcquisChC  TX=WRITE_SETUP {"ACQUISITION_MODE":3,"TRIGGER_MODE":6,"READ_MODE":4,"PREAMP":0,"READOUT_RATE":0,"VERTICAL_SHIFT_SPEED":3,"EM_MODE":1,"EM_GAIN":2,"SHUTTER_MODE":2,"SHUTTER_TTL":0,"SHUTTER_OPENING_TIME":1,"SHUTTER_CLOSING_TIME":1,"VBIN":1,"HBIN":1,"INITIAL_LINE":1,"INITIAL_COLUMN":1,"FINAL_LINE":1024,"FINAL_COLUMN":1024,"FRAME_TRANSFER":true,"VERTICAL_CLOCK_VOLTAGE":0,"AD_CHANNEL":0}
9/21/2022 12:03 PM CommandAcquisChA  TX=READ_SETUP 
9/21/2022 12:03 PM CommandAcquisChB  TX=READ_SETUP 
9/21/2022 12:03 PM CommandAcquisChC  TX=READ_SETUP 
9/21/2022 12:03 PM ResponseAcquisChA  RX=CCD_SETUP {"PREAMP":0,"READOUT_RATE":0,"EM_GAIN":2,"VBIN":1,"INITIAL_LINE":1,"INITIAL_COLUMN":1,"FINAL_LINE":1024,"FINAL_COLUMN":1024,"TRIGGER_MODE":6,"HBIN":1,"SHUTTER_TTL":0,"SHUTTER_MODE":2,"SHUTTER_OPENING_TIME":1,"SHUTTER_CLOSING_TIME":1,"VERTICAL_SHIFT_SPEED":3,"READ_MODE":4,"FRAME_TRANSFER":true,"VERTICAL_CLOCK_VOLTAGE":0,"ACQUISITION_MODE":3,"AD_CHANNEL":0,"EM_MODE":1}
9/21/2022 12:03 PM CommandAcquisChA  TX=SET COOLER_POWER_STATUS 0
9/21/2022 12:03 PM CommandAcquisChB  TX=SET COOLER_POWER_STATUS 0
9/21/2022 12:03 PM ResponseAcquisChC  RX=CCD_SETUP {"PREAMP":0,"READOUT_RATE":0,"EM_GAIN":2,"VBIN":1,"INITIAL_LINE":1,"INITIAL_COLUMN":1,"FINAL_LINE":1024,"FINAL_COLUMN":1024,"TRIGGER_MODE":6,"HBIN":1,"SHUTTER_TTL":0,"SHUTTER_MODE":2,"SHUTTER_OPENING_TIME":1,"SHUTTER_CLOSING_TIME":1,"VERTICAL_SHIFT_SPEED":3,"READ_MODE":4,"FRAME_TRANSFER":true,"VERTICAL_CLOCK_VOLTAGE":0,"ACQUISITION_MODE":3,"AD_CHANNEL":0,"EM_MODE":1}
9/21/2022 12:03 PM CommandAcquisChC  TX=SET COOLER_POWER_STATUS 0
9/21/2022 12:03 PM ResponseAcquisChB  RX=CCD_SETUP {"PREAMP":0,"READOUT_RATE":0,"EM_GAIN":2,"VBIN":1,"INITIAL_LINE":1,"INITIAL_COLUMN":1,"FINAL_LINE":1024,"FINAL_COLUMN":1024,"TRIGGER_MODE":6,"HBIN":1,"SHUTTER_TTL":0,"SHUTTER_MODE":2,"SHUTTER_OPENING_TIME":1,"SHUTTER_CLOSING_TIME":1,"VERTICAL_SHIFT_SPEED":3,"READ_MODE":4,"FRAME_TRANSFER":true,"VERTICAL_CLOCK_VOLTAGE":0,"ACQUISITION_MODE":3,"AD_CHANNEL":0,"EM_MODE":1}
9/21/2022 12:03 PM ResponseAcquisChC  RX=DONE
9/21/2022 12:03 PM ResponseAcquisChA  RX=DONE
9/21/2022 12:03 PM ResponseAcquisChB  RX=DONE
9/21/2022 12:03 PM CommandAcquisChA  TX=SET EXPTIME 1.500000
9/21/2022 12:03 PM ResponseAcquisChA  RX=DONE
9/21/2022 12:03 PM CommandAcquisChA  TX=SET #FRAMES 2.000000
9/21/2022 12:03 PM ResponseAcquisChA  RX=DONE
9/21/2022 12:03 PM CommandAcquisChA  TX=SET #CUBES 1.0000 
9/21/2022 12:03 PM ResponseAcquisChA  RX=DONE
9/21/2022 12:03 PM CommandAcquisChA  TX=SET SUFFIX DARK
9/21/2022 12:03 PM ResponseAcquisChA  RX=DONE
9/21/2022 12:03 PM CommandAcquisChA  TX=SET OBSTYPE DARK
9/21/2022 12:03 PM ResponseAcquisChA  RX=DONE
9/21/2022 12:03 PM CommandAcquisChB  TX=SET EXPTIME 1.000000
9/21/2022 12:03 PM ResponseAcquisChB  RX=DONE
9/21/2022 12:03 PM CommandAcquisChB  TX=SET #FRAMES 2.000000
9/21/2022 12:03 PM ResponseAcquisChB  RX=DONE
9/21/2022 12:03 PM CommandAcquisChB  TX=SET #CUBES 1.0000 
9/21/2022 12:03 PM CommandAcquisChB  TX=SET SUFFIX DARK
9/21/2022 12:03 PM ResponseAcquisChB  RX=DONE
9/21/2022 12:03 PM ResponseAcquisChB  RX=DONE
9/21/2022 12:03 PM CommandAcquisChB  TX=SET OBSTYPE DARK
9/21/2022 12:03 PM ResponseAcquisChB  RX=DONE
9/21/2022 12:03 PM CommandAcquisChC  TX=SET EXPTIME 1.000000
9/21/2022 12:03 PM ResponseAcquisChC  RX=DONE
9/21/2022 12:03 PM CommandAcquisChC  TX=SET #FRAMES 2.000000
9/21/2022 12:03 PM ResponseAcquisChC  RX=DONE
9/21/2022 12:03 PM CommandAcquisChC  TX=SET #CUBES 1.0000 
9/21/2022 12:03 PM ResponseAcquisChC  RX=DONE
9/21/2022 12:03 PM CommandAcquisChC  TX=SET SUFFIX DARK
9/21/2022 12:03 PM CommandAcquisChC  TX=SET OBSTYPE DARK
9/21/2022 12:03 PM ResponseAcquisChC  RX=DONE
9/21/2022 12:03 PM ResponseAcquisChC  RX=DONE
9/21/2022 12:03 PM CommandSyncBox  TX=ADELAY 0m

9/21/2022 12:03 PM ResponseSyncBox  RX=OK

9/21/2022 12:03 PM CommandSyncBox  TX=BDELAY 0m

9/21/2022 12:03 PM ResponseSyncBox  RX=OK

9/21/2022 12:03 PM CommandSyncBox  TX=CDELAY 0m

9/21/2022 12:03 PM ResponseSyncBox  RX=OK

9/21/2022 12:03 PM CommandSyncBox  TX=DDELAY 0m

9/21/2022 12:03 PM ResponseSyncBox  RX=OK

9/21/2022 12:03 PM CommandSyncBox  TX=AWIDTH 200m

9/21/2022 12:03 PM ResponseSyncBox  RX=OK

9/21/2022 12:03 PM CommandSyncBox  TX=BWIDTH 200m

9/21/2022 12:03 PM ResponseSyncBox  RX=OK

9/21/2022 12:03 PM CommandSyncBox  TX=CWIDTH 200m

9/21/2022 12:03 PM ResponseSyncBox  RX=OK

9/21/2022 12:03 PM CommandSyncBox  TX=DWIDTH 200m

9/21/2022 12:03 PM ResponseSyncBox  RX=OK

9/21/2022 12:03 PM CommandSyncBox  TX=aset on

9/21/2022 12:03 PM ResponseSyncBox  RX=OK

9/21/2022 12:03 PM CommandSyncBox  TX=bset on

9/21/2022 12:03 PM ResponseSyncBox  RX=OK

9/21/2022 12:03 PM CommandSyncBox  TX=cset on

9/21/2022 12:03 PM ResponseSyncBox  RX=OK

9/21/2022 12:03 PM CommandSyncBox  TX=dset on

9/21/2022 12:03 PM ResponseSyncBox  RX=OK

9/21/2022 12:03 PM CommandSyncBox  TX=IN

9/21/2022 12:03 PM ResponseSyncBox  RX=OK

9/21/2022 12:03 PM CommandAcquisChA  TX=EXPOSE
9/21/2022 12:03 PM CommandAcquisChB  TX=EXPOSE
9/21/2022 12:03 PM CommandAcquisChC  TX=EXPOSE
9/21/2022 12:03 PM CommandSyncBox  TX=TRigger REmote

9/21/2022 12:03 PM ResponseSyncBox  RX=OK

9/21/2022 12:03 PM CommandSyncBox  TX=IN

9/21/2022 12:03 PM ResponseSyncBox  RX=OK

9/21/2022 12:03 PM CommandSyncBox  TX=TRigger

9/21/2022 12:03 PM ResponseSyncBox  RX=Trig   REM  50R  Level 1.250   Div   0,000,000,000  SYN 00,010,000.00

9/21/2022 12:03 PM CommandSyncBox  TX=FIre

9/21/2022 12:03 PM ResponseSyncBox  RX=OK

9/21/2022 12:04 PM CommandAcquisChA  TX=SET EXPTIME 1.500000
9/21/2022 12:04 PM ResponseAcquisChA  RX=DONE
9/21/2022 12:04 PM CommandAcquisChA  TX=SET #FRAMES 5.000000
9/21/2022 12:04 PM ResponseAcquisChA  RX=DONE
9/21/2022 12:04 PM CommandAcquisChA  TX=SET #CUBES 1.0000 
9/21/2022 12:04 PM ResponseAcquisChA  RX=DONE
9/21/2022 12:04 PM CommandAcquisChA  TX=SET SUFFIX DARK
9/21/2022 12:04 PM CommandAcquisChA  TX=SET OBSTYPE DARK
9/21/2022 12:04 PM ResponseAcquisChA  RX=DONE
9/21/2022 12:04 PM ResponseAcquisChA  RX=DONE
9/21/2022 12:04 PM CommandAcquisChB  TX=SET EXPTIME 1.000000
9/21/2022 12:04 PM ResponseAcquisChB  RX=DONE
9/21/2022 12:04 PM CommandAcquisChB  TX=SET #FRAMES 10.000000
9/21/2022 12:04 PM CommandAcquisChB  TX=SET #CUBES 1.0000 
9/21/2022 12:04 PM ResponseAcquisChB  RX=DONE
9/21/2022 12:04 PM ResponseAcquisChB  RX=DONE
9/21/2022 12:04 PM CommandAcquisChB  TX=SET SUFFIX DARK
9/21/2022 12:04 PM CommandAcquisChB  TX=SET OBSTYPE DARK
9/21/2022 12:04 PM ResponseAcquisChB  RX=DONE
9/21/2022 12:04 PM ResponseAcquisChB  RX=DONE
9/21/2022 12:04 PM CommandAcquisChC  TX=SET EXPTIME 2.000000
9/21/2022 12:04 PM ResponseAcquisChC  RX=DONE
9/21/2022 12:04 PM CommandAcquisChC  TX=SET #FRAMES 4.000000
9/21/2022 12:04 PM CommandAcquisChC  TX=SET #CUBES 1.0000 
9/21/2022 12:04 PM ResponseAcquisChC  RX=DONE
9/21/2022 12:04 PM ResponseAcquisChC  RX=DONE
9/21/2022 12:04 PM CommandAcquisChC  TX=SET SUFFIX DARK
9/21/2022 12:04 PM ResponseAcquisChC  RX=DONE
9/21/2022 12:04 PM CommandAcquisChC  TX=SET OBSTYPE DARK
9/21/2022 12:04 PM ResponseAcquisChC  RX=DONE
9/21/2022 12:04 PM CommandSyncBox  TX=ADELAY 0m

9/21/2022 12:04 PM ResponseSyncBox  RX=OK

9/21/2022 12:04 PM CommandSyncBox  TX=BDELAY 0m

9/21/2022 12:04 PM ResponseSyncBox  RX=OK

9/21/2022 12:04 PM CommandSyncBox  TX=CDELAY 0m

9/21/2022 12:04 PM ResponseSyncBox  RX=OK

9/21/2022 12:04 PM CommandSyncBox  TX=DDELAY 0m

9/21/2022 12:04 PM ResponseSyncBox  RX=OK

9/21/2022 12:04 PM CommandSyncBox  TX=AWIDTH 200m

9/21/2022 12:04 PM ResponseSyncBox  RX=OK

9/21/2022 12:04 PM CommandSyncBox  TX=BWIDTH 200m

9/21/2022 12:04 PM ResponseSyncBox  RX=OK

9/21/2022 12:04 PM CommandSyncBox  TX=CWIDTH 200m

9/21/2022 12:04 PM ResponseSyncBox  RX=OK

9/21/2022 12:04 PM CommandSyncBox  TX=DWIDTH 200m

9/21/2022 12:04 PM ResponseSyncBox  RX=OK

9/21/2022 12:04 PM CommandSyncBox  TX=aset on

9/21/2022 12:04 PM ResponseSyncBox  RX=OK

9/21/2022 12:04 PM CommandSyncBox  TX=bset on

9/21/2022 12:04 PM ResponseSyncBox  RX=OK

9/21/2022 12:04 PM CommandSyncBox  TX=cset on

9/21/2022 12:04 PM ResponseSyncBox  RX=OK

9/21/2022 12:04 PM CommandSyncBox  TX=dset on

9/21/2022 12:04 PM ResponseSyncBox  RX=OK

9/21/2022 12:04 PM CommandSyncBox  TX=IN

9/21/2022 12:04 PM ResponseSyncBox  RX=OK

9/21/2022 12:04 PM CommandAcquisChA  TX=EXPOSE
9/21/2022 12:04 PM CommandAcquisChB  TX=EXPOSE
9/21/2022 12:04 PM CommandAcquisChC  TX=EXPOSE
9/21/2022 12:04 PM CommandAcquisChA  TX=ABORT_ACQUISITION
9/21/2022 12:04 PM CommandAcquisChB  TX=ABORT_ACQUISITION
9/21/2022 12:04 PM CommandAcquisChC  TX=ABORT_ACQUISITION
9/21/2022 12:04 PM CommandAcquisChD  TX=ABORT_ACQUISITION
9/21/2022 12:04 PM CommandAcquisChA  TX=SET EXPTIME 1.500000
9/21/2022 12:04 PM ResponseAcquisChA  RX=DONE
9/21/2022 12:04 PM CommandAcquisChA  TX=SET #FRAMES 5.000000
9/21/2022 12:04 PM CommandAcquisChA  TX=SET #CUBES 1.0000 
9/21/2022 12:04 PM ResponseAcquisChA  RX=DONE
9/21/2022 12:04 PM ResponseAcquisChA  RX=DONE
9/21/2022 12:04 PM CommandAcquisChA  TX=SET SUFFIX DARK
9/21/2022 12:04 PM CommandAcquisChA  TX=SET OBSTYPE DARK
9/21/2022 12:04 PM ResponseAcquisChA  RX=DONE
9/21/2022 12:04 PM ResponseAcquisChA  RX=DONE
9/21/2022 12:04 PM CommandAcquisChB  TX=SET EXPTIME 1.000000
9/21/2022 12:04 PM ResponseAcquisChB  RX=DONE
9/21/2022 12:04 PM CommandAcquisChB  TX=SET #FRAMES 10.000000
9/21/2022 12:04 PM ResponseAcquisChB  RX=DONE
9/21/2022 12:04 PM CommandAcquisChB  TX=SET #CUBES 1.0000 
9/21/2022 12:04 PM CommandAcquisChB  TX=SET SUFFIX DARK
9/21/2022 12:04 PM ResponseAcquisChB  RX=DONE
9/21/2022 12:04 PM ResponseAcquisChB  RX=DONE
9/21/2022 12:04 PM CommandAcquisChB  TX=SET OBSTYPE DARK
9/21/2022 12:04 PM ResponseAcquisChB  RX=DONE
9/21/2022 12:04 PM CommandAcquisChC  TX=SET EXPTIME 2.000000
9/21/2022 12:04 PM ResponseAcquisChC  RX=DONE
9/21/2022 12:04 PM CommandAcquisChC  TX=SET #FRAMES 4.000000
9/21/2022 12:04 PM ResponseAcquisChC  RX=DONE
9/21/2022 12:04 PM CommandAcquisChC  TX=SET #CUBES 1.0000 
9/21/2022 12:04 PM ResponseAcquisChC  RX=DONE
9/21/2022 12:04 PM CommandAcquisChC  TX=SET SUFFIX DARK
9/21/2022 12:04 PM ResponseAcquisChC  RX=DONE
9/21/2022 12:04 PM CommandAcquisChC  TX=SET OBSTYPE DARK
9/21/2022 12:04 PM ResponseAcquisChC  RX=DONE
9/21/2022 12:04 PM CommandSyncBox  TX=ADELAY 0m

9/21/2022 12:04 PM ResponseSyncBox  RX=OK

9/21/2022 12:04 PM CommandSyncBox  TX=BDELAY 0m

9/21/2022 12:04 PM ResponseSyncBox  RX=OK

9/21/2022 12:04 PM CommandSyncBox  TX=CDELAY 0m

9/21/2022 12:04 PM ResponseSyncBox  RX=OK

9/21/2022 12:04 PM CommandSyncBox  TX=DDELAY 0m

9/21/2022 12:04 PM ResponseSyncBox  RX=OK

9/21/2022 12:04 PM CommandSyncBox  TX=AWIDTH 200m

9/21/2022 12:04 PM ResponseSyncBox  RX=OK

9/21/2022 12:04 PM CommandSyncBox  TX=BWIDTH 200m

9/21/2022 12:04 PM ResponseSyncBox  RX=OK

9/21/2022 12:04 PM CommandSyncBox  TX=CWIDTH 200m

9/21/2022 12:04 PM ResponseSyncBox  RX=OK

9/21/2022 12:04 PM CommandSyncBox  TX=DWIDTH 200m

9/21/2022 12:04 PM ResponseSyncBox  RX=OK

9/21/2022 12:04 PM CommandSyncBox  TX=aset on

9/21/2022 12:04 PM ResponseSyncBox  RX=OK

9/21/2022 12:04 PM CommandSyncBox  TX=bset on

9/21/2022 12:04 PM ResponseSyncBox  RX=OK

9/21/2022 12:04 PM CommandSyncBox  TX=cset on

9/21/2022 12:04 PM ResponseSyncBox  RX=OK

9/21/2022 12:04 PM CommandSyncBox  TX=dset on

9/21/2022 12:04 PM ResponseSyncBox  RX=OK

9/21/2022 12:04 PM CommandSyncBox  TX=IN

9/21/2022 12:04 PM ResponseSyncBox  RX=OK

9/21/2022 12:04 PM CommandAcquisChA  TX=EXPOSE
9/21/2022 12:04 PM CommandAcquisChB  TX=EXPOSE
9/21/2022 12:04 PM CommandAcquisChC  TX=EXPOSE
9/21/2022 12:05 PM CommandAcquisChA  TX=ABORT_ACQUISITION
9/21/2022 12:05 PM CommandAcquisChB  TX=ABORT_ACQUISITION
9/21/2022 12:05 PM CommandAcquisChC  TX=ABORT_ACQUISITION
9/21/2022 12:05 PM CommandAcquisChD  TX=ABORT_ACQUISITION
9/21/2022 12:05 PM CommandAcquisChA  TX=WRITE_SETUP {"ACQUISITION_MODE":3,"TRIGGER_MODE":0,"READ_MODE":4,"PREAMP":0,"READOUT_RATE":0,"VERTICAL_SHIFT_SPEED":3,"EM_MODE":1,"EM_GAIN":2,"SHUTTER_MODE":2,"SHUTTER_TTL":0,"SHUTTER_OPENING_TIME":1,"SHUTTER_CLOSING_TIME":1,"VBIN":1,"HBIN":1,"INITIAL_LINE":1,"INITIAL_COLUMN":1,"FINAL_LINE":1024,"FINAL_COLUMN":1024,"FRAME_TRANSFER":true,"VERTICAL_CLOCK_VOLTAGE":0,"AD_CHANNEL":0}
9/21/2022 12:05 PM CommandAcquisChB  TX=WRITE_SETUP {"ACQUISITION_MODE":3,"TRIGGER_MODE":0,"READ_MODE":4,"PREAMP":0,"READOUT_RATE":0,"VERTICAL_SHIFT_SPEED":3,"EM_MODE":1,"EM_GAIN":2,"SHUTTER_MODE":2,"SHUTTER_TTL":0,"SHUTTER_OPENING_TIME":1,"SHUTTER_CLOSING_TIME":1,"VBIN":1,"HBIN":1,"INITIAL_LINE":1,"INITIAL_COLUMN":1,"FINAL_LINE":1024,"FINAL_COLUMN":1024,"FRAME_TRANSFER":true,"VERTICAL_CLOCK_VOLTAGE":0,"AD_CHANNEL":0}
9/21/2022 12:05 PM CommandAcquisChC  TX=WRITE_SETUP {"ACQUISITION_MODE":3,"TRIGGER_MODE":0,"READ_MODE":4,"PREAMP":0,"READOUT_RATE":0,"VERTICAL_SHIFT_SPEED":3,"EM_MODE":1,"EM_GAIN":2,"SHUTTER_MODE":2,"SHUTTER_TTL":0,"SHUTTER_OPENING_TIME":1,"SHUTTER_CLOSING_TIME":1,"VBIN":1,"HBIN":1,"INITIAL_LINE":1,"INITIAL_COLUMN":1,"FINAL_LINE":1024,"FINAL_COLUMN":1024,"FRAME_TRANSFER":true,"VERTICAL_CLOCK_VOLTAGE":0,"AD_CHANNEL":0}
9/21/2022 12:05 PM CommandAcquisChB  TX=SET EXPTIME 1.000000
9/21/2022 12:05 PM ResponseAcquisChB  RX=DONE
9/21/2022 12:05 PM CommandAcquisChB  TX=SET #FRAMES 10.000000
9/21/2022 12:05 PM ResponseAcquisChB  RX=DONE
9/21/2022 12:05 PM CommandAcquisChB  TX=SET #CUBES 1.0000 
9/21/2022 12:05 PM CommandAcquisChB  TX=SET SUFFIX DARK
9/21/2022 12:05 PM ResponseAcquisChB  RX=DONE
9/21/2022 12:05 PM ResponseAcquisChB  RX=DONE
9/21/2022 12:05 PM CommandAcquisChB  TX=SET OBSTYPE DARK
9/21/2022 12:05 PM ResponseAcquisChB  RX=DONE
9/21/2022 12:05 PM CommandAcquisChB  TX=EXPOSE
9/21/2022 12:05 PM CommandAcquisChA  TX=READ_SETUP 
9/21/2022 12:05 PM CommandAcquisChC  TX=READ_SETUP 
9/21/2022 12:05 PM ResponseAcquisChA  RX=CCD_SETUP {"PREAMP":0,"READOUT_RATE":0,"EM_GAIN":2,"VBIN":1,"INITIAL_LINE":1,"INITIAL_COLUMN":1,"FINAL_LINE":1024,"FINAL_COLUMN":1024,"TRIGGER_MODE":0,"HBIN":1,"SHUTTER_TTL":0,"SHUTTER_MODE":2,"SHUTTER_OPENING_TIME":1,"SHUTTER_CLOSING_TIME":1,"VERTICAL_SHIFT_SPEED":3,"READ_MODE":4,"FRAME_TRANSFER":true,"VERTICAL_CLOCK_VOLTAGE":0,"ACQUISITION_MODE":3,"AD_CHANNEL":0,"EM_MODE":1}
9/21/2022 12:05 PM CommandAcquisChA  TX=SET COOLER_POWER_STATUS 0
9/21/2022 12:05 PM CommandAcquisChC  TX=SET COOLER_POWER_STATUS 0
9/21/2022 12:05 PM ResponseAcquisChC  RX=CCD_SETUP {"PREAMP":0,"READOUT_RATE":0,"EM_GAIN":2,"VBIN":1,"INITIAL_LINE":1,"INITIAL_COLUMN":1,"FINAL_LINE":1024,"FINAL_COLUMN":1024,"TRIGGER_MODE":0,"HBIN":1,"SHUTTER_TTL":0,"SHUTTER_MODE":2,"SHUTTER_OPENING_TIME":1,"SHUTTER_CLOSING_TIME":1,"VERTICAL_SHIFT_SPEED":3,"READ_MODE":4,"FRAME_TRANSFER":true,"VERTICAL_CLOCK_VOLTAGE":0,"ACQUISITION_MODE":3,"AD_CHANNEL":0,"EM_MODE":1}
9/21/2022 12:05 PM ResponseAcquisChA  RX=DONE
9/21/2022 12:05 PM ResponseAcquisChC  RX=DONE
9/21/2022 12:05 PM CommandAcquisChC  TX=SET EXPTIME 2.000000
9/21/2022 12:05 PM ResponseAcquisChC  RX=DONE
9/21/2022 12:05 PM CommandAcquisChC  TX=SET #FRAMES 4.000000
9/21/2022 12:05 PM ResponseAcquisChC  RX=DONE
9/21/2022 12:05 PM CommandAcquisChC  TX=SET #CUBES 1.0000 
9/21/2022 12:05 PM CommandAcquisChC  TX=SET SUFFIX DARK
9/21/2022 12:05 PM ResponseAcquisChC  RX=DONE
9/21/2022 12:05 PM CommandAcquisChC  TX=SET OBSTYPE DARK
9/21/2022 12:05 PM ResponseAcquisChC  RX=DONE
9/21/2022 12:05 PM ResponseAcquisChC  RX=DONE
9/21/2022 12:05 PM CommandAcquisChC  TX=EXPOSE
9/21/2022 12:05 PM CommandAcquisChA  TX=WRITE_SETUP {"ACQUISITION_MODE":3,"TRIGGER_MODE":6,"READ_MODE":4,"PREAMP":0,"READOUT_RATE":0,"VERTICAL_SHIFT_SPEED":3,"EM_MODE":1,"EM_GAIN":2,"SHUTTER_MODE":2,"SHUTTER_TTL":0,"SHUTTER_OPENING_TIME":1,"SHUTTER_CLOSING_TIME":1,"VBIN":1,"HBIN":1,"INITIAL_LINE":1,"INITIAL_COLUMN":1,"FINAL_LINE":1024,"FINAL_COLUMN":1024,"FRAME_TRANSFER":true,"VERTICAL_CLOCK_VOLTAGE":0,"AD_CHANNEL":0}
9/21/2022 12:05 PM CommandAcquisChB  TX=WRITE_SETUP {"ACQUISITION_MODE":3,"TRIGGER_MODE":6,"READ_MODE":4,"PREAMP":0,"READOUT_RATE":0,"VERTICAL_SHIFT_SPEED":3,"EM_MODE":1,"EM_GAIN":2,"SHUTTER_MODE":2,"SHUTTER_TTL":0,"SHUTTER_OPENING_TIME":1,"SHUTTER_CLOSING_TIME":1,"VBIN":1,"HBIN":1,"INITIAL_LINE":1,"INITIAL_COLUMN":1,"FINAL_LINE":1024,"FINAL_COLUMN":1024,"FRAME_TRANSFER":true,"VERTICAL_CLOCK_VOLTAGE":0,"AD_CHANNEL":0}
9/21/2022 12:05 PM CommandAcquisChC  TX=WRITE_SETUP {"ACQUISITION_MODE":3,"TRIGGER_MODE":6,"READ_MODE":4,"PREAMP":0,"READOUT_RATE":0,"VERTICAL_SHIFT_SPEED":3,"EM_MODE":1,"EM_GAIN":2,"SHUTTER_MODE":2,"SHUTTER_TTL":0,"SHUTTER_OPENING_TIME":1,"SHUTTER_CLOSING_TIME":1,"VBIN":1,"HBIN":1,"INITIAL_LINE":1,"INITIAL_COLUMN":1,"FINAL_LINE":1024,"FINAL_COLUMN":1024,"FRAME_TRANSFER":true,"VERTICAL_CLOCK_VOLTAGE":0,"AD_CHANNEL":0}
9/21/2022 12:05 PM CommandAcquisChA  TX=READ_SETUP 
9/21/2022 12:05 PM CommandAcquisChB  TX=READ_SETUP 
9/21/2022 12:05 PM CommandAcquisChC  TX=READ_SETUP 
9/21/2022 12:05 PM ResponseAcquisChC  RX=CCD_SETUP {"PREAMP":0,"READOUT_RATE":0,"EM_GAIN":2,"VBIN":1,"INITIAL_LINE":1,"INITIAL_COLUMN":1,"FINAL_LINE":1024,"FINAL_COLUMN":1024,"TRIGGER_MODE":6,"HBIN":1,"SHUTTER_TTL":0,"SHUTTER_MODE":2,"SHUTTER_OPENING_TIME":1,"SHUTTER_CLOSING_TIME":1,"VERTICAL_SHIFT_SPEED":3,"READ_MODE":4,"FRAME_TRANSFER":true,"VERTICAL_CLOCK_VOLTAGE":0,"ACQUISITION_MODE":3,"AD_CHANNEL":0,"EM_MODE":1}
9/21/2022 12:05 PM ResponseAcquisChA  RX=CCD_SETUP {"PREAMP":0,"READOUT_RATE":0,"EM_GAIN":2,"VBIN":1,"INITIAL_LINE":1,"INITIAL_COLUMN":1,"FINAL_LINE":1024,"FINAL_COLUMN":1024,"TRIGGER_MODE":6,"HBIN":1,"SHUTTER_TTL":0,"SHUTTER_MODE":2,"SHUTTER_OPENING_TIME":1,"SHUTTER_CLOSING_TIME":1,"VERTICAL_SHIFT_SPEED":3,"READ_MODE":4,"FRAME_TRANSFER":true,"VERTICAL_CLOCK_VOLTAGE":0,"ACQUISITION_MODE":3,"AD_CHANNEL":0,"EM_MODE":1}
9/21/2022 12:05 PM CommandAcquisChA  TX=SET COOLER_POWER_STATUS 0
9/21/2022 12:05 PM ResponseAcquisChB  RX=CCD_SETUP {"PREAMP":0,"READOUT_RATE":0,"EM_GAIN":2,"VBIN":1,"INITIAL_LINE":1,"INITIAL_COLUMN":1,"FINAL_LINE":1024,"FINAL_COLUMN":1024,"TRIGGER_MODE":6,"HBIN":1,"SHUTTER_TTL":0,"SHUTTER_MODE":2,"SHUTTER_OPENING_TIME":1,"SHUTTER_CLOSING_TIME":1,"VERTICAL_SHIFT_SPEED":3,"READ_MODE":4,"FRAME_TRANSFER":true,"VERTICAL_CLOCK_VOLTAGE":0,"ACQUISITION_MODE":3,"AD_CHANNEL":0,"EM_MODE":1}
9/21/2022 12:05 PM CommandAcquisChB  TX=SET COOLER_POWER_STATUS 0
9/21/2022 12:05 PM CommandAcquisChC  TX=SET COOLER_POWER_STATUS 0
9/21/2022 12:05 PM ResponseAcquisChB  RX=DONE
9/21/2022 12:05 PM ResponseAcquisChA  RX=DONE
9/21/2022 12:05 PM ResponseAcquisChC  RX=DONE
9/21/2022 12:06 PM CommandAcquisChA  TX=SET EXPTIME 1.500000
9/21/2022 12:06 PM ResponseAcquisChA  RX=DONE
9/21/2022 12:06 PM CommandAcquisChA  TX=SET #FRAMES 5.000000
9/21/2022 12:06 PM ResponseAcquisChA  RX=DONE
9/21/2022 12:06 PM CommandAcquisChA  TX=SET #CUBES 1.0000 
9/21/2022 12:06 PM CommandAcquisChA  TX=SET SUFFIX DARK
9/21/2022 12:06 PM ResponseAcquisChA  RX=DONE
9/21/2022 12:06 PM CommandAcquisChA  TX=SET OBSTYPE DARK
9/21/2022 12:06 PM ResponseAcquisChA  RX=DONE
9/21/2022 12:06 PM CommandAcquisChB  TX=SET EXPTIME 1.000000
9/21/2022 12:06 PM ResponseAcquisChB  RX=DONE
9/21/2022 12:06 PM CommandAcquisChB  TX=SET #FRAMES 10.000000
9/21/2022 12:06 PM ResponseAcquisChB  RX=DONE
9/21/2022 12:06 PM CommandAcquisChB  TX=SET #CUBES 1.0000 
9/21/2022 12:06 PM CommandAcquisChB  TX=SET SUFFIX DARK
9/21/2022 12:06 PM ResponseAcquisChB  RX=DONE
9/21/2022 12:06 PM ResponseAcquisChB  RX=DONE
9/21/2022 12:06 PM CommandAcquisChB  TX=SET OBSTYPE DARK
9/21/2022 12:06 PM ResponseAcquisChB  RX=DONE
9/21/2022 12:06 PM CommandAcquisChC  TX=SET EXPTIME 2.000000
9/21/2022 12:06 PM ResponseAcquisChC  RX=DONE
9/21/2022 12:06 PM CommandAcquisChC  TX=SET #FRAMES 4.000000
9/21/2022 12:06 PM ResponseAcquisChC  RX=DONE
9/21/2022 12:06 PM CommandAcquisChC  TX=SET #CUBES 1.0000 
9/21/2022 12:06 PM CommandAcquisChC  TX=SET SUFFIX DARK
9/21/2022 12:06 PM ResponseAcquisChC  RX=DONE
9/21/2022 12:06 PM ResponseAcquisChC  RX=DONE
9/21/2022 12:06 PM CommandAcquisChC  TX=SET OBSTYPE DARK
9/21/2022 12:06 PM ResponseAcquisChC  RX=DONE
9/21/2022 12:06 PM CommandSyncBox  TX=ADELAY 0m

9/21/2022 12:06 PM ResponseSyncBox  RX=OK

9/21/2022 12:06 PM CommandSyncBox  TX=BDELAY 0m

9/21/2022 12:06 PM ResponseSyncBox  RX=OK

9/21/2022 12:06 PM CommandSyncBox  TX=CDELAY 0m

9/21/2022 12:06 PM ResponseSyncBox  RX=OK

9/21/2022 12:06 PM CommandSyncBox  TX=DDELAY 0m

9/21/2022 12:06 PM ResponseSyncBox  RX=OK

9/21/2022 12:06 PM CommandSyncBox  TX=AWIDTH 200m

9/21/2022 12:06 PM ResponseSyncBox  RX=OK

9/21/2022 12:06 PM CommandSyncBox  TX=BWIDTH 200m

9/21/2022 12:06 PM ResponseSyncBox  RX=OK

9/21/2022 12:06 PM CommandSyncBox  TX=CWIDTH 200m

9/21/2022 12:06 PM ResponseSyncBox  RX=OK

9/21/2022 12:06 PM CommandSyncBox  TX=DWIDTH 200m

9/21/2022 12:06 PM ResponseSyncBox  RX=OK

9/21/2022 12:06 PM CommandSyncBox  TX=aset on

9/21/2022 12:06 PM ResponseSyncBox  RX=OK

9/21/2022 12:06 PM CommandSyncBox  TX=bset on

9/21/2022 12:06 PM ResponseSyncBox  RX=OK

9/21/2022 12:06 PM CommandSyncBox  TX=cset on

9/21/2022 12:06 PM ResponseSyncBox  RX=OK

9/21/2022 12:06 PM CommandSyncBox  TX=dset on

9/21/2022 12:06 PM ResponseSyncBox  RX=OK

9/21/2022 12:06 PM CommandSyncBox  TX=IN

9/21/2022 12:06 PM ResponseSyncBox  RX=OK

9/21/2022 12:06 PM CommandAcquisChA  TX=EXPOSE
9/21/2022 12:06 PM CommandAcquisChB  TX=EXPOSE
9/21/2022 12:06 PM CommandAcquisChC  TX=EXPOSE
9/21/2022 12:08 PM CommandAcquisChB  TX=WRITE_SETUP {"ACQUISITION_MODE":3,"TRIGGER_MODE":0,"READ_MODE":4,"PREAMP":0,"READOUT_RATE":0,"VERTICAL_SHIFT_SPEED":3,"EM_MODE":1,"EM_GAIN":2,"SHUTTER_MODE":2,"SHUTTER_TTL":0,"SHUTTER_OPENING_TIME":1,"SHUTTER_CLOSING_TIME":1,"VBIN":1,"HBIN":1,"INITIAL_LINE":1,"INITIAL_COLUMN":1,"FINAL_LINE":1024,"FINAL_COLUMN":1024,"FRAME_TRANSFER":true,"VERTICAL_CLOCK_VOLTAGE":0,"AD_CHANNEL":0}
9/21/2022 12:08 PM CommandAcquisChB  TX=READ_SETUP 
9/21/2022 12:08 PM CommandAcquisChB  TX=SET COOLER_POWER_STATUS 0
9/21/2022 12:08 PM ResponseAcquisChB  RX=CCD_SETUP {"PREAMP":0,"READOUT_RATE":0,"EM_GAIN":2,"VBIN":1,"INITIAL_LINE":1,"INITIAL_COLUMN":1,"FINAL_LINE":1024,"FINAL_COLUMN":1024,"TRIGGER_MODE":6,"HBIN":1,"SHUTTER_TTL":0,"SHUTTER_MODE":2,"SHUTTER_OPENING_TIME":1,"SHUTTER_CLOSING_TIME":1,"VERTICAL_SHIFT_SPEED":3,"READ_MODE":4,"FRAME_TRANSFER":true,"VERTICAL_CLOCK_VOLTAGE":0,"ACQUISITION_MODE":3,"AD_CHANNEL":0,"EM_MODE":1}
9/21/2022 12:08 PM CommandAcquisChC  TX=WRITE_SETUP {"ACQUISITION_MODE":3,"TRIGGER_MODE":0,"READ_MODE":4,"PREAMP":0,"READOUT_RATE":0,"VERTICAL_SHIFT_SPEED":3,"EM_MODE":1,"EM_GAIN":2,"SHUTTER_MODE":2,"SHUTTER_TTL":0,"SHUTTER_OPENING_TIME":1,"SHUTTER_CLOSING_TIME":1,"VBIN":1,"HBIN":1,"INITIAL_LINE":1,"INITIAL_COLUMN":1,"FINAL_LINE":1024,"FINAL_COLUMN":1024,"FRAME_TRANSFER":true,"VERTICAL_CLOCK_VOLTAGE":0,"AD_CHANNEL":0}
9/21/2022 12:08 PM CommandAcquisChC  TX=READ_SETUP 
9/21/2022 12:08 PM CommandAcquisChC  TX=SET COOLER_POWER_STATUS 0
9/21/2022 12:08 PM ResponseAcquisChC  RX=CCD_SETUP {"PREAMP":0,"READOUT_RATE":0,"EM_GAIN":2,"VBIN":1,"INITIAL_LINE":1,"INITIAL_COLUMN":1,"FINAL_LINE":1024,"FINAL_COLUMN":1024,"TRIGGER_MODE":6,"HBIN":1,"SHUTTER_TTL":0,"SHUTTER_MODE":2,"SHUTTER_OPENING_TIME":1,"SHUTTER_CLOSING_TIME":1,"VERTICAL_SHIFT_SPEED":3,"READ_MODE":4,"FRAME_TRANSFER":true,"VERTICAL_CLOCK_VOLTAGE":0,"ACQUISITION_MODE":3,"AD_CHANNEL":0,"EM_MODE":1}
9/21/2022 12:08 PM CommandAcquisChA  TX=ABORT_ACQUISITION
9/21/2022 12:08 PM CommandAcquisChB  TX=ABORT_ACQUISITION
9/21/2022 12:08 PM CommandAcquisChC  TX=ABORT_ACQUISITION
9/21/2022 12:08 PM CommandAcquisChD  TX=ABORT_ACQUISITION
9/21/2022 12:08 PM CommandAcquisChA  TX=SET EXPTIME 1.500000
9/21/2022 12:08 PM ResponseAcquisChA  RX=DONE
9/21/2022 12:08 PM CommandAcquisChA  TX=SET #FRAMES 5.000000
9/21/2022 12:08 PM ResponseAcquisChA  RX=DONE
9/21/2022 12:08 PM CommandAcquisChA  TX=SET #CUBES 1.0000 
9/21/2022 12:08 PM ResponseAcquisChA  RX=DONE
9/21/2022 12:08 PM CommandAcquisChA  TX=SET SUFFIX DARK
9/21/2022 12:08 PM ResponseAcquisChA  RX=DONE
9/21/2022 12:08 PM CommandAcquisChA  TX=SET OBSTYPE DARK
9/21/2022 12:08 PM ResponseAcquisChA  RX=DONE
9/21/2022 12:08 PM CommandAcquisChB  TX=SET EXPTIME 1.000000
9/21/2022 12:08 PM ResponseAcquisChB  RX=DONE
9/21/2022 12:08 PM CommandAcquisChB  TX=SET #FRAMES 10.000000
9/21/2022 12:08 PM CommandAcquisChB  TX=SET #CUBES 1.0000 
9/21/2022 12:08 PM ResponseAcquisChB  RX=DONE
9/21/2022 12:08 PM CommandAcquisChB  TX=SET SUFFIX DARK
9/21/2022 12:08 PM ResponseAcquisChB  RX=DONE
9/21/2022 12:08 PM ResponseAcquisChB  RX=DONE
9/21/2022 12:08 PM CommandAcquisChB  TX=SET OBSTYPE DARK
9/21/2022 12:08 PM ResponseAcquisChB  RX=DONE
9/21/2022 12:08 PM CommandAcquisChC  TX=SET EXPTIME 2.000000
9/21/2022 12:08 PM ResponseAcquisChC  RX=DONE
9/21/2022 12:08 PM CommandAcquisChC  TX=SET #FRAMES 4.000000
9/21/2022 12:08 PM CommandAcquisChC  TX=SET #CUBES 1.0000 
9/21/2022 12:08 PM ResponseAcquisChC  RX=DONE
9/21/2022 12:08 PM ResponseAcquisChC  RX=DONE
9/21/2022 12:08 PM CommandAcquisChC  TX=SET SUFFIX DARK
9/21/2022 12:08 PM ResponseAcquisChC  RX=DONE
9/21/2022 12:08 PM CommandAcquisChC  TX=SET OBSTYPE DARK
9/21/2022 12:08 PM ResponseAcquisChC  RX=DONE
9/21/2022 12:08 PM CommandSyncBox  TX=ADELAY 0m

9/21/2022 12:08 PM ResponseSyncBox  RX=OK

9/21/2022 12:08 PM CommandSyncBox  TX=BDELAY 0m

9/21/2022 12:08 PM ResponseSyncBox  RX=OK

9/21/2022 12:08 PM CommandSyncBox  TX=CDELAY 0m

9/21/2022 12:08 PM ResponseSyncBox  RX=OK

9/21/2022 12:08 PM CommandSyncBox  TX=DDELAY 0m

9/21/2022 12:08 PM ResponseSyncBox  RX=OK

9/21/2022 12:08 PM CommandSyncBox  TX=AWIDTH 200m

9/21/2022 12:08 PM ResponseSyncBox  RX=OK

9/21/2022 12:08 PM CommandSyncBox  TX=BWIDTH 200m

9/21/2022 12:08 PM ResponseSyncBox  RX=OK

9/21/2022 12:08 PM CommandSyncBox  TX=CWIDTH 200m

9/21/2022 12:08 PM ResponseSyncBox  RX=OK

9/21/2022 12:08 PM CommandSyncBox  TX=DWIDTH 200m

9/21/2022 12:08 PM ResponseSyncBox  RX=OK

9/21/2022 12:08 PM CommandSyncBox  TX=aset on

9/21/2022 12:08 PM ResponseSyncBox  RX=OK

9/21/2022 12:08 PM CommandSyncBox  TX=bset on

9/21/2022 12:08 PM ResponseSyncBox  RX=OK

9/21/2022 12:08 PM CommandSyncBox  TX=cset on

9/21/2022 12:08 PM ResponseSyncBox  RX=OK

9/21/2022 12:08 PM CommandSyncBox  TX=dset on

9/21/2022 12:08 PM ResponseSyncBox  RX=OK

9/21/2022 12:08 PM CommandSyncBox  TX=IN

9/21/2022 12:08 PM ResponseSyncBox  RX=OK

9/21/2022 12:08 PM CommandAcquisChA  TX=EXPOSE
9/21/2022 12:08 PM CommandAcquisChB  TX=EXPOSE
9/21/2022 12:08 PM CommandAcquisChC  TX=EXPOSE
9/21/2022 12:08 PM CommandAcquisChA  TX=ABORT_ACQUISITION
9/21/2022 12:08 PM CommandAcquisChB  TX=ABORT_ACQUISITION
9/21/2022 12:08 PM CommandAcquisChC  TX=ABORT_ACQUISITION
9/21/2022 12:08 PM CommandAcquisChD  TX=ABORT_ACQUISITION
9/21/2022 12:09 PM CommandAcquisChB  TX=WRITE_SETUP {"ACQUISITION_MODE":3,"TRIGGER_MODE":0,"READ_MODE":4,"PREAMP":0,"READOUT_RATE":0,"VERTICAL_SHIFT_SPEED":3,"EM_MODE":1,"EM_GAIN":2,"SHUTTER_MODE":2,"SHUTTER_TTL":0,"SHUTTER_OPENING_TIME":1,"SHUTTER_CLOSING_TIME":1,"VBIN":1,"HBIN":1,"INITIAL_LINE":1,"INITIAL_COLUMN":1,"FINAL_LINE":1024,"FINAL_COLUMN":1024,"FRAME_TRANSFER":true,"VERTICAL_CLOCK_VOLTAGE":0,"AD_CHANNEL":0}
9/21/2022 12:09 PM CommandAcquisChB  TX=READ_SETUP 
9/21/2022 12:09 PM CommandAcquisChC  TX=WRITE_SETUP {"ACQUISITION_MODE":3,"TRIGGER_MODE":0,"READ_MODE":4,"PREAMP":0,"READOUT_RATE":0,"VERTICAL_SHIFT_SPEED":3,"EM_MODE":1,"EM_GAIN":2,"SHUTTER_MODE":2,"SHUTTER_TTL":0,"SHUTTER_OPENING_TIME":1,"SHUTTER_CLOSING_TIME":1,"VBIN":1,"HBIN":1,"INITIAL_LINE":1,"INITIAL_COLUMN":1,"FINAL_LINE":1024,"FINAL_COLUMN":1024,"FRAME_TRANSFER":true,"VERTICAL_CLOCK_VOLTAGE":0,"AD_CHANNEL":0}
9/21/2022 12:09 PM CommandAcquisChB  TX=SET COOLER_POWER_STATUS 0
9/21/2022 12:09 PM ResponseAcquisChB  RX=CCD_SETUP {"PREAMP":0,"READOUT_RATE":0,"EM_GAIN":2,"VBIN":1,"INITIAL_LINE":1,"INITIAL_COLUMN":1,"FINAL_LINE":1024,"FINAL_COLUMN":1024,"TRIGGER_MODE":0,"HBIN":1,"SHUTTER_TTL":0,"SHUTTER_MODE":2,"SHUTTER_OPENING_TIME":1,"SHUTTER_CLOSING_TIME":1,"VERTICAL_SHIFT_SPEED":3,"READ_MODE":4,"FRAME_TRANSFER":true,"VERTICAL_CLOCK_VOLTAGE":0,"ACQUISITION_MODE":3,"AD_CHANNEL":0,"EM_MODE":1}
9/21/2022 12:09 PM ResponseAcquisChB  RX=DONE
9/21/2022 12:09 PM CommandAcquisChC  TX=READ_SETUP 
9/21/2022 12:09 PM CommandAcquisChC  TX=SET COOLER_POWER_STATUS 0
9/21/2022 12:09 PM ResponseAcquisChC  RX=CCD_SETUP {"PREAMP":0,"READOUT_RATE":0,"EM_GAIN":2,"VBIN":1,"INITIAL_LINE":1,"INITIAL_COLUMN":1,"FINAL_LINE":1024,"FINAL_COLUMN":1024,"TRIGGER_MODE":0,"HBIN":1,"SHUTTER_TTL":0,"SHUTTER_MODE":2,"SHUTTER_OPENING_TIME":1,"SHUTTER_CLOSING_TIME":1,"VERTICAL_SHIFT_SPEED":3,"READ_MODE":4,"FRAME_TRANSFER":true,"VERTICAL_CLOCK_VOLTAGE":0,"ACQUISITION_MODE":3,"AD_CHANNEL":0,"EM_MODE":1}
9/21/2022 12:09 PM ResponseAcquisChC  RX=DONE
9/21/2022 12:09 PM CommandAcquisChA  TX=SET EXPTIME 1.500000
9/21/2022 12:09 PM ResponseAcquisChA  RX=DONE
9/21/2022 12:09 PM CommandAcquisChA  TX=SET #FRAMES 5.000000
9/21/2022 12:09 PM ResponseAcquisChA  RX=DONE
9/21/2022 12:09 PM CommandAcquisChA  TX=SET #CUBES 1.0000 
9/21/2022 12:09 PM CommandAcquisChA  TX=SET SUFFIX DARK
9/21/2022 12:09 PM ResponseAcquisChA  RX=DONE
9/21/2022 12:09 PM ResponseAcquisChA  RX=DONE
9/21/2022 12:09 PM CommandAcquisChA  TX=SET OBSTYPE DARK
9/21/2022 12:09 PM ResponseAcquisChA  RX=DONE
9/21/2022 12:09 PM CommandAcquisChB  TX=SET EXPTIME 1.000000
9/21/2022 12:09 PM ResponseAcquisChB  RX=DONE
9/21/2022 12:09 PM CommandAcquisChB  TX=SET #FRAMES 10.000000
9/21/2022 12:09 PM ResponseAcquisChB  RX=DONE
9/21/2022 12:09 PM CommandAcquisChB  TX=SET #CUBES 1.0000 
9/21/2022 12:09 PM ResponseAcquisChB  RX=DONE
9/21/2022 12:09 PM CommandAcquisChB  TX=SET SUFFIX DARK
9/21/2022 12:09 PM ResponseAcquisChB  RX=DONE
9/21/2022 12:09 PM CommandAcquisChB  TX=SET OBSTYPE DARK
9/21/2022 12:09 PM ResponseAcquisChB  RX=DONE
9/21/2022 12:09 PM CommandAcquisChC  TX=SET EXPTIME 2.000000
9/21/2022 12:09 PM ResponseAcquisChC  RX=DONE
9/21/2022 12:09 PM CommandAcquisChC  TX=SET #FRAMES 4.000000
9/21/2022 12:09 PM ResponseAcquisChC  RX=DONE
9/21/2022 12:09 PM CommandAcquisChC  TX=SET #CUBES 1.0000 
9/21/2022 12:09 PM ResponseAcquisChC  RX=DONE
9/21/2022 12:09 PM CommandAcquisChC  TX=SET SUFFIX DARK
9/21/2022 12:09 PM ResponseAcquisChC  RX=DONE
9/21/2022 12:09 PM CommandAcquisChC  TX=SET OBSTYPE DARK
9/21/2022 12:09 PM ResponseAcquisChC  RX=DONE
9/21/2022 12:09 PM CommandSyncBox  TX=ADELAY 0m

9/21/2022 12:09 PM ResponseSyncBox  RX=OK

9/21/2022 12:09 PM CommandSyncBox  TX=BDELAY 0m

9/21/2022 12:09 PM ResponseSyncBox  RX=OK

9/21/2022 12:09 PM CommandSyncBox  TX=CDELAY 0m

9/21/2022 12:09 PM ResponseSyncBox  RX=OK

9/21/2022 12:09 PM CommandSyncBox  TX=DDELAY 0m

9/21/2022 12:09 PM ResponseSyncBox  RX=OK

9/21/2022 12:09 PM CommandSyncBox  TX=AWIDTH 200m

9/21/2022 12:09 PM ResponseSyncBox  RX=OK

9/21/2022 12:09 PM CommandSyncBox  TX=BWIDTH 200m

9/21/2022 12:09 PM ResponseSyncBox  RX=OK

9/21/2022 12:09 PM CommandSyncBox  TX=CWIDTH 200m

9/21/2022 12:09 PM ResponseSyncBox  RX=OK

9/21/2022 12:09 PM CommandSyncBox  TX=DWIDTH 200m

9/21/2022 12:09 PM ResponseSyncBox  RX=OK

9/21/2022 12:09 PM CommandSyncBox  TX=aset on

9/21/2022 12:09 PM ResponseSyncBox  RX=OK

9/21/2022 12:09 PM CommandSyncBox  TX=bset on

9/21/2022 12:09 PM ResponseSyncBox  RX=OK

9/21/2022 12:09 PM CommandSyncBox  TX=cset on

9/21/2022 12:09 PM ResponseSyncBox  RX=OK

9/21/2022 12:09 PM CommandSyncBox  TX=dset on

9/21/2022 12:09 PM ResponseSyncBox  RX=OK

9/21/2022 12:09 PM CommandSyncBox  TX=IN

9/21/2022 12:09 PM ResponseSyncBox  RX=OK

9/21/2022 12:09 PM CommandAcquisChA  TX=EXPOSE
9/21/2022 12:09 PM CommandAcquisChB  TX=EXPOSE
9/21/2022 12:09 PM CommandAcquisChC  TX=EXPOSE
9/21/2022 12:09 PM CommandAcquisChB  TX=WRITE_SETUP {"ACQUISITION_MODE":3,"TRIGGER_MODE":6,"READ_MODE":4,"PREAMP":0,"READOUT_RATE":0,"VERTICAL_SHIFT_SPEED":3,"EM_MODE":1,"EM_GAIN":2,"SHUTTER_MODE":2,"SHUTTER_TTL":0,"SHUTTER_OPENING_TIME":1,"SHUTTER_CLOSING_TIME":1,"VBIN":1,"HBIN":1,"INITIAL_LINE":1,"INITIAL_COLUMN":1,"FINAL_LINE":1024,"FINAL_COLUMN":1024,"FRAME_TRANSFER":true,"VERTICAL_CLOCK_VOLTAGE":0,"AD_CHANNEL":0}
9/21/2022 12:09 PM CommandAcquisChB  TX=READ_SETUP 
9/21/2022 12:09 PM ResponseAcquisChB  RX=CCD_SETUP {"PREAMP":0,"READOUT_RATE":0,"EM_GAIN":2,"VBIN":1,"INITIAL_LINE":1,"INITIAL_COLUMN":1,"FINAL_LINE":1024,"FINAL_COLUMN":1024,"TRIGGER_MODE":6,"HBIN":1,"SHUTTER_TTL":0,"SHUTTER_MODE":2,"SHUTTER_OPENING_TIME":1,"SHUTTER_CLOSING_TIME":1,"VERTICAL_SHIFT_SPEED":3,"READ_MODE":4,"FRAME_TRANSFER":true,"VERTICAL_CLOCK_VOLTAGE":0,"ACQUISITION_MODE":3,"AD_CHANNEL":0,"EM_MODE":1}
9/21/2022 12:09 PM CommandAcquisChB  TX=SET COOLER_POWER_STATUS 0
9/21/2022 12:09 PM ResponseAcquisChB  RX=DONE
9/21/2022 12:09 PM CommandAcquisChC  TX=WRITE_SETUP {"ACQUISITION_MODE":3,"TRIGGER_MODE":6,"READ_MODE":4,"PREAMP":0,"READOUT_RATE":0,"VERTICAL_SHIFT_SPEED":3,"EM_MODE":1,"EM_GAIN":2,"SHUTTER_MODE":2,"SHUTTER_TTL":0,"SHUTTER_OPENING_TIME":1,"SHUTTER_CLOSING_TIME":1,"VBIN":1,"HBIN":1,"INITIAL_LINE":1,"INITIAL_COLUMN":1,"FINAL_LINE":1024,"FINAL_COLUMN":1024,"FRAME_TRANSFER":true,"VERTICAL_CLOCK_VOLTAGE":0,"AD_CHANNEL":0}
9/21/2022 12:09 PM CommandAcquisChC  TX=READ_SETUP 
9/21/2022 12:09 PM CommandAcquisChC  TX=SET COOLER_POWER_STATUS 0
9/21/2022 12:09 PM ResponseAcquisChC  RX=CCD_SETUP {"PREAMP":0,"READOUT_RATE":0,"EM_GAIN":2,"VBIN":1,"INITIAL_LINE":1,"INITIAL_COLUMN":1,"FINAL_LINE":1024,"FINAL_COLUMN":1024,"TRIGGER_MODE":6,"HBIN":1,"SHUTTER_TTL":0,"SHUTTER_MODE":2,"SHUTTER_OPENING_TIME":1,"SHUTTER_CLOSING_TIME":1,"VERTICAL_SHIFT_SPEED":3,"READ_MODE":4,"FRAME_TRANSFER":true,"VERTICAL_CLOCK_VOLTAGE":0,"ACQUISITION_MODE":3,"AD_CHANNEL":0,"EM_MODE":1}
9/21/2022 12:09 PM ResponseAcquisChC  RX=DONE
9/21/2022 12:10 PM CommandAcquisChA  TX=SET EXPTIME 1.500000
9/21/2022 12:10 PM ResponseAcquisChA  RX=DONE
9/21/2022 12:10 PM CommandAcquisChA  TX=SET #FRAMES 5.000000
9/21/2022 12:10 PM CommandAcquisChA  TX=SET #CUBES 1.0000 
9/21/2022 12:10 PM ResponseAcquisChA  RX=DONE
9/21/2022 12:10 PM ResponseAcquisChA  RX=DONE
9/21/2022 12:10 PM CommandAcquisChA  TX=SET SUFFIX DARK
9/21/2022 12:10 PM CommandAcquisChA  TX=SET OBSTYPE DARK
9/21/2022 12:10 PM ResponseAcquisChA  RX=DONE
9/21/2022 12:10 PM ResponseAcquisChA  RX=DONE
9/21/2022 12:10 PM CommandAcquisChB  TX=SET EXPTIME 1.000000
9/21/2022 12:10 PM ResponseAcquisChB  RX=DONE
9/21/2022 12:10 PM CommandAcquisChB  TX=SET #FRAMES 10.000000
9/21/2022 12:10 PM ResponseAcquisChB  RX=DONE
9/21/2022 12:10 PM CommandAcquisChB  TX=SET #CUBES 1.0000 
9/21/2022 12:10 PM CommandAcquisChB  TX=SET SUFFIX DARK
9/21/2022 12:10 PM ResponseAcquisChB  RX=DONE
9/21/2022 12:10 PM ResponseAcquisChB  RX=DONE
9/21/2022 12:10 PM CommandAcquisChB  TX=SET OBSTYPE DARK
9/21/2022 12:10 PM ResponseAcquisChB  RX=DONE
9/21/2022 12:10 PM CommandAcquisChC  TX=SET EXPTIME 2.000000
9/21/2022 12:10 PM ResponseAcquisChC  RX=DONE
9/21/2022 12:10 PM CommandAcquisChC  TX=SET #FRAMES 4.000000
9/21/2022 12:10 PM CommandAcquisChC  TX=SET #CUBES 1.0000 
9/21/2022 12:10 PM ResponseAcquisChC  RX=DONE
9/21/2022 12:10 PM CommandAcquisChC  TX=SET SUFFIX DARK
9/21/2022 12:10 PM ResponseAcquisChC  RX=DONE
9/21/2022 12:10 PM CommandAcquisChC  TX=SET OBSTYPE DARK
9/21/2022 12:10 PM ResponseAcquisChC  RX=DONE
9/21/2022 12:10 PM ResponseAcquisChC  RX=DONE
9/21/2022 12:10 PM CommandSyncBox  TX=ADELAY 0m

9/21/2022 12:10 PM ResponseSyncBox  RX=OK

9/21/2022 12:10 PM CommandSyncBox  TX=BDELAY 0m

9/21/2022 12:10 PM ResponseSyncBox  RX=OK

9/21/2022 12:10 PM CommandSyncBox  TX=CDELAY 0m

9/21/2022 12:10 PM ResponseSyncBox  RX=OK

9/21/2022 12:10 PM CommandSyncBox  TX=DDELAY 0m

9/21/2022 12:10 PM ResponseSyncBox  RX=OK

9/21/2022 12:10 PM CommandSyncBox  TX=AWIDTH 200m

9/21/2022 12:10 PM ResponseSyncBox  RX=OK

9/21/2022 12:10 PM CommandSyncBox  TX=BWIDTH 200m

9/21/2022 12:10 PM ResponseSyncBox  RX=OK

9/21/2022 12:10 PM CommandSyncBox  TX=CWIDTH 200m

9/21/2022 12:10 PM ResponseSyncBox  RX=OK

9/21/2022 12:10 PM CommandSyncBox  TX=DWIDTH 200m

9/21/2022 12:10 PM ResponseSyncBox  RX=OK

9/21/2022 12:10 PM CommandSyncBox  TX=aset on

9/21/2022 12:10 PM ResponseSyncBox  RX=OK

9/21/2022 12:10 PM CommandSyncBox  TX=bset on

9/21/2022 12:10 PM ResponseSyncBox  RX=OK

9/21/2022 12:10 PM CommandSyncBox  TX=cset on

9/21/2022 12:10 PM ResponseSyncBox  RX=OK

9/21/2022 12:10 PM CommandSyncBox  TX=dset on

9/21/2022 12:10 PM ResponseSyncBox  RX=OK

9/21/2022 12:10 PM CommandSyncBox  TX=IN

9/21/2022 12:10 PM ResponseSyncBox  RX=OK

9/21/2022 12:10 PM CommandAcquisChA  TX=EXPOSE
9/21/2022 12:10 PM CommandAcquisChB  TX=EXPOSE
9/21/2022 12:10 PM CommandAcquisChC  TX=EXPOSE
9/21/2022 12:10 PM CommandAcquisChA  TX=ABORT_ACQUISITION
9/21/2022 12:10 PM CommandAcquisChB  TX=ABORT_ACQUISITION
9/21/2022 12:10 PM CommandAcquisChC  TX=ABORT_ACQUISITION
9/21/2022 12:10 PM CommandAcquisChD  TX=ABORT_ACQUISITION
9/21/2022 12:21 PM CommandAcquisChA  TX=WRITE_SETUP {"ACQUISITION_MODE":3,"TRIGGER_MODE":0,"READ_MODE":4,"PREAMP":0,"READOUT_RATE":0,"VERTICAL_SHIFT_SPEED":3,"EM_MODE":1,"EM_GAIN":2,"SHUTTER_MODE":2,"SHUTTER_TTL":0,"SHUTTER_OPENING_TIME":1,"SHUTTER_CLOSING_TIME":1,"VBIN":1,"HBIN":1,"INITIAL_LINE":1,"INITIAL_COLUMN":1,"FINAL_LINE":1024,"FINAL_COLUMN":1024,"FRAME_TRANSFER":true,"VERTICAL_CLOCK_VOLTAGE":0,"AD_CHANNEL":0}
9/21/2022 12:21 PM CommandAcquisChB  TX=WRITE_SETUP {"ACQUISITION_MODE":3,"TRIGGER_MODE":0,"READ_MODE":4,"PREAMP":0,"READOUT_RATE":0,"VERTICAL_SHIFT_SPEED":3,"EM_MODE":1,"EM_GAIN":2,"SHUTTER_MODE":2,"SHUTTER_TTL":0,"SHUTTER_OPENING_TIME":1,"SHUTTER_CLOSING_TIME":1,"VBIN":1,"HBIN":1,"INITIAL_LINE":1,"INITIAL_COLUMN":1,"FINAL_LINE":1024,"FINAL_COLUMN":1024,"FRAME_TRANSFER":true,"VERTICAL_CLOCK_VOLTAGE":0,"AD_CHANNEL":0}
9/21/2022 12:21 PM CommandAcquisChC  TX=WRITE_SETUP {"ACQUISITION_MODE":3,"TRIGGER_MODE":0,"READ_MODE":4,"PREAMP":0,"READOUT_RATE":0,"VERTICAL_SHIFT_SPEED":3,"EM_MODE":1,"EM_GAIN":2,"SHUTTER_MODE":2,"SHUTTER_TTL":0,"SHUTTER_OPENING_TIME":1,"SHUTTER_CLOSING_TIME":1,"VBIN":1,"HBIN":1,"INITIAL_LINE":1,"INITIAL_COLUMN":1,"FINAL_LINE":1024,"FINAL_COLUMN":1024,"FRAME_TRANSFER":true,"VERTICAL_CLOCK_VOLTAGE":0,"AD_CHANNEL":0}
9/21/2022 12:21 PM CommandAcquisChA  TX=SET EXPTIME 1.500000
9/21/2022 12:21 PM ResponseAcquisChA  RX=DONE
9/21/2022 12:21 PM CommandAcquisChA  TX=SET #FRAMES 5.000000
9/21/2022 12:21 PM ResponseAcquisChA  RX=DONE
9/21/2022 12:21 PM CommandAcquisChA  TX=SET #CUBES 1.0000 
9/21/2022 12:21 PM ResponseAcquisChA  RX=DONE
9/21/2022 12:21 PM CommandAcquisChA  TX=SET SUFFIX DARK
9/21/2022 12:21 PM ResponseAcquisChA  RX=DONE
9/21/2022 12:21 PM CommandAcquisChA  TX=SET OBSTYPE DARK
9/21/2022 12:21 PM ResponseAcquisChA  RX=DONE
9/21/2022 12:21 PM CommandAcquisChA  TX=EXPOSE
9/21/2022 12:21 PM CommandAcquisChB  TX=READ_SETUP 
9/21/2022 12:21 PM CommandAcquisChC  TX=READ_SETUP 
9/21/2022 12:21 PM CommandAcquisChB  TX=SET COOLER_POWER_STATUS 0
9/21/2022 12:21 PM ResponseAcquisChC  RX=CCD_SETUP {"PREAMP":0,"READOUT_RATE":0,"EM_GAIN":2,"VBIN":1,"INITIAL_LINE":1,"INITIAL_COLUMN":1,"FINAL_LINE":1024,"FINAL_COLUMN":1024,"TRIGGER_MODE":0,"HBIN":1,"SHUTTER_TTL":0,"SHUTTER_MODE":2,"SHUTTER_OPENING_TIME":1,"SHUTTER_CLOSING_TIME":1,"VERTICAL_SHIFT_SPEED":3,"READ_MODE":4,"FRAME_TRANSFER":true,"VERTICAL_CLOCK_VOLTAGE":0,"ACQUISITION_MODE":3,"AD_CHANNEL":0,"EM_MODE":1}
9/21/2022 12:21 PM CommandAcquisChC  TX=SET COOLER_POWER_STATUS 0
9/21/2022 12:21 PM ResponseAcquisChB  RX=CCD_SETUP {"PREAMP":0,"READOUT_RATE":0,"EM_GAIN":2,"VBIN":1,"INITIAL_LINE":1,"INITIAL_COLUMN":1,"FINAL_LINE":1024,"FINAL_COLUMN":1024,"TRIGGER_MODE":0,"HBIN":1,"SHUTTER_TTL":0,"SHUTTER_MODE":2,"SHUTTER_OPENING_TIME":1,"SHUTTER_CLOSING_TIME":1,"VERTICAL_SHIFT_SPEED":3,"READ_MODE":4,"FRAME_TRANSFER":true,"VERTICAL_CLOCK_VOLTAGE":0,"ACQUISITION_MODE":3,"AD_CHANNEL":0,"EM_MODE":1}
9/21/2022 12:21 PM ResponseAcquisChB  RX=DONE
9/21/2022 12:21 PM ResponseAcquisChC  RX=DONE
9/21/2022 12:21 PM CommandAcquisChB  TX=SET EXPTIME 1.000000
9/21/2022 12:21 PM ResponseAcquisChB  RX=DONE
9/21/2022 12:21 PM CommandAcquisChB  TX=SET #FRAMES 10.000000
9/21/2022 12:21 PM CommandAcquisChB  TX=SET #CUBES 1.0000 
9/21/2022 12:21 PM ResponseAcquisChB  RX=DONE
9/21/2022 12:21 PM CommandAcquisChB  TX=SET SUFFIX DARK
9/21/2022 12:21 PM ResponseAcquisChB  RX=DONE
9/21/2022 12:21 PM ResponseAcquisChB  RX=DONE
9/21/2022 12:21 PM CommandAcquisChB  TX=SET OBSTYPE DARK
9/21/2022 12:21 PM ResponseAcquisChB  RX=DONE
9/21/2022 12:21 PM CommandAcquisChB  TX=EXPOSE
9/21/2022 12:23 PM CommandAcquisChA  TX=WRITE_SETUP {"ACQUISITION_MODE":3,"TRIGGER_MODE":6,"READ_MODE":4,"PREAMP":0,"READOUT_RATE":0,"VERTICAL_SHIFT_SPEED":3,"EM_MODE":1,"EM_GAIN":2,"SHUTTER_MODE":2,"SHUTTER_TTL":0,"SHUTTER_OPENING_TIME":1,"SHUTTER_CLOSING_TIME":1,"VBIN":1,"HBIN":1,"INITIAL_LINE":1,"INITIAL_COLUMN":1,"FINAL_LINE":1024,"FINAL_COLUMN":1024,"FRAME_TRANSFER":true,"VERTICAL_CLOCK_VOLTAGE":0,"AD_CHANNEL":0}
9/21/2022 12:23 PM CommandAcquisChB  TX=WRITE_SETUP {"ACQUISITION_MODE":3,"TRIGGER_MODE":6,"READ_MODE":4,"PREAMP":0,"READOUT_RATE":0,"VERTICAL_SHIFT_SPEED":3,"EM_MODE":1,"EM_GAIN":2,"SHUTTER_MODE":2,"SHUTTER_TTL":0,"SHUTTER_OPENING_TIME":1,"SHUTTER_CLOSING_TIME":1,"VBIN":1,"HBIN":1,"INITIAL_LINE":1,"INITIAL_COLUMN":1,"FINAL_LINE":1024,"FINAL_COLUMN":1024,"FRAME_TRANSFER":true,"VERTICAL_CLOCK_VOLTAGE":0,"AD_CHANNEL":0}
9/21/2022 12:23 PM CommandAcquisChC  TX=WRITE_SETUP {"ACQUISITION_MODE":3,"TRIGGER_MODE":6,"READ_MODE":4,"PREAMP":0,"READOUT_RATE":0,"VERTICAL_SHIFT_SPEED":3,"EM_MODE":1,"EM_GAIN":2,"SHUTTER_MODE":2,"SHUTTER_TTL":0,"SHUTTER_OPENING_TIME":1,"SHUTTER_CLOSING_TIME":1,"VBIN":1,"HBIN":1,"INITIAL_LINE":1,"INITIAL_COLUMN":1,"FINAL_LINE":1024,"FINAL_COLUMN":1024,"FRAME_TRANSFER":true,"VERTICAL_CLOCK_VOLTAGE":0,"AD_CHANNEL":0}
9/21/2022 12:23 PM CommandAcquisChA  TX=READ_SETUP 
9/21/2022 12:23 PM CommandAcquisChB  TX=READ_SETUP 
9/21/2022 12:23 PM CommandAcquisChC  TX=READ_SETUP 
9/21/2022 12:23 PM ResponseAcquisChB  RX=CCD_SETUP {"PREAMP":0,"READOUT_RATE":0,"EM_GAIN":2,"VBIN":1,"INITIAL_LINE":1,"INITIAL_COLUMN":1,"FINAL_LINE":1024,"FINAL_COLUMN":1024,"TRIGGER_MODE":6,"HBIN":1,"SHUTTER_TTL":0,"SHUTTER_MODE":2,"SHUTTER_OPENING_TIME":1,"SHUTTER_CLOSING_TIME":1,"VERTICAL_SHIFT_SPEED":3,"READ_MODE":4,"FRAME_TRANSFER":true,"VERTICAL_CLOCK_VOLTAGE":0,"ACQUISITION_MODE":3,"AD_CHANNEL":0,"EM_MODE":1}
9/21/2022 12:23 PM ResponseAcquisChA  RX=CCD_SETUP {"PREAMP":0,"READOUT_RATE":0,"EM_GAIN":2,"VBIN":1,"INITIAL_LINE":1,"INITIAL_COLUMN":1,"FINAL_LINE":1024,"FINAL_COLUMN":1024,"TRIGGER_MODE":6,"HBIN":1,"SHUTTER_TTL":0,"SHUTTER_MODE":2,"SHUTTER_OPENING_TIME":1,"SHUTTER_CLOSING_TIME":1,"VERTICAL_SHIFT_SPEED":3,"READ_MODE":4,"FRAME_TRANSFER":true,"VERTICAL_CLOCK_VOLTAGE":0,"ACQUISITION_MODE":3,"AD_CHANNEL":0,"EM_MODE":1}
9/21/2022 12:23 PM CommandAcquisChA  TX=SET COOLER_POWER_STATUS 0
9/21/2022 12:23 PM CommandAcquisChB  TX=SET COOLER_POWER_STATUS 0
9/21/2022 12:23 PM ResponseAcquisChC  RX=CCD_SETUP {"PREAMP":0,"READOUT_RATE":0,"EM_GAIN":2,"VBIN":1,"INITIAL_LINE":1,"INITIAL_COLUMN":1,"FINAL_LINE":1024,"FINAL_COLUMN":1024,"TRIGGER_MODE":6,"HBIN":1,"SHUTTER_TTL":0,"SHUTTER_MODE":2,"SHUTTER_OPENING_TIME":1,"SHUTTER_CLOSING_TIME":1,"VERTICAL_SHIFT_SPEED":3,"READ_MODE":4,"FRAME_TRANSFER":true,"VERTICAL_CLOCK_VOLTAGE":0,"ACQUISITION_MODE":3,"AD_CHANNEL":0,"EM_MODE":1}
9/21/2022 12:23 PM CommandAcquisChC  TX=SET COOLER_POWER_STATUS 0
9/21/2022 12:23 PM ResponseAcquisChA  RX=DONE
9/21/2022 12:23 PM ResponseAcquisChB  RX=DONE
9/21/2022 12:23 PM ResponseAcquisChC  RX=DONE
9/21/2022 12:23 PM CommandAcquisChA  TX=SET EXPTIME 1.500000
9/21/2022 12:23 PM ResponseAcquisChA  RX=DONE
9/21/2022 12:23 PM CommandAcquisChA  TX=SET #FRAMES 5.000000
9/21/2022 12:23 PM ResponseAcquisChA  RX=DONE
9/21/2022 12:23 PM CommandAcquisChA  TX=SET #CUBES 1.0000 
9/21/2022 12:23 PM ResponseAcquisChA  RX=DONE
9/21/2022 12:23 PM CommandAcquisChA  TX=SET SUFFIX DARK
9/21/2022 12:23 PM ResponseAcquisChA  RX=DONE
9/21/2022 12:23 PM CommandAcquisChA  TX=SET OBSTYPE DARK
9/21/2022 12:23 PM ResponseAcquisChA  RX=DONE
9/21/2022 12:23 PM CommandAcquisChB  TX=SET EXPTIME 1.000000
9/21/2022 12:23 PM ResponseAcquisChB  RX=DONE
9/21/2022 12:23 PM CommandAcquisChB  TX=SET #FRAMES 10.000000
9/21/2022 12:23 PM ResponseAcquisChB  RX=DONE
9/21/2022 12:23 PM CommandAcquisChB  TX=SET #CUBES 1.0000 
9/21/2022 12:23 PM ResponseAcquisChB  RX=DONE
9/21/2022 12:23 PM CommandAcquisChB  TX=SET SUFFIX DARK
9/21/2022 12:23 PM CommandAcquisChB  TX=SET OBSTYPE DARK
9/21/2022 12:23 PM ResponseAcquisChB  RX=DONE
9/21/2022 12:23 PM ResponseAcquisChB  RX=DONE
9/21/2022 12:23 PM CommandAcquisChC  TX=SET EXPTIME 2.000000
9/21/2022 12:23 PM ResponseAcquisChC  RX=DONE
9/21/2022 12:23 PM CommandAcquisChC  TX=SET #FRAMES 4.000000
9/21/2022 12:23 PM ResponseAcquisChC  RX=DONE
9/21/2022 12:23 PM CommandAcquisChC  TX=SET #CUBES 1.0000 
9/21/2022 12:23 PM ResponseAcquisChC  RX=DONE
9/21/2022 12:23 PM CommandAcquisChC  TX=SET SUFFIX DARK
9/21/2022 12:23 PM ResponseAcquisChC  RX=DONE
9/21/2022 12:23 PM CommandAcquisChC  TX=SET OBSTYPE DARK
9/21/2022 12:23 PM ResponseAcquisChC  RX=DONE
9/21/2022 12:23 PM CommandSyncBox  TX=ADELAY 0m

9/21/2022 12:23 PM ResponseSyncBox  RX=OK

9/21/2022 12:23 PM CommandSyncBox  TX=BDELAY 0m

9/21/2022 12:23 PM ResponseSyncBox  RX=OK

9/21/2022 12:23 PM CommandSyncBox  TX=CDELAY 0m

9/21/2022 12:23 PM ResponseSyncBox  RX=OK

9/21/2022 12:23 PM CommandSyncBox  TX=DDELAY 0m

9/21/2022 12:23 PM ResponseSyncBox  RX=OK

9/21/2022 12:23 PM CommandSyncBox  TX=AWIDTH 200m

9/21/2022 12:23 PM ResponseSyncBox  RX=OK

9/21/2022 12:23 PM CommandSyncBox  TX=BWIDTH 200m

9/21/2022 12:23 PM ResponseSyncBox  RX=OK

9/21/2022 12:23 PM CommandSyncBox  TX=CWIDTH 200m

9/21/2022 12:23 PM ResponseSyncBox  RX=OK

9/21/2022 12:23 PM CommandSyncBox  TX=DWIDTH 200m

9/21/2022 12:23 PM ResponseSyncBox  RX=OK

9/21/2022 12:23 PM CommandSyncBox  TX=aset on

9/21/2022 12:23 PM ResponseSyncBox  RX=OK

9/21/2022 12:23 PM CommandSyncBox  TX=bset on

9/21/2022 12:23 PM ResponseSyncBox  RX=OK

9/21/2022 12:23 PM CommandSyncBox  TX=cset on

9/21/2022 12:23 PM ResponseSyncBox  RX=OK

9/21/2022 12:23 PM CommandSyncBox  TX=dset on

9/21/2022 12:23 PM ResponseSyncBox  RX=OK

9/21/2022 12:23 PM CommandSyncBox  TX=IN

9/21/2022 12:23 PM ResponseSyncBox  RX=OK

9/21/2022 12:23 PM CommandAcquisChA  TX=EXPOSE
9/21/2022 12:23 PM CommandAcquisChB  TX=EXPOSE
9/21/2022 12:23 PM CommandAcquisChC  TX=EXPOSE
9/21/2022 12:23 PM CommandAcquisChA  TX=ABORT_ACQUISITION
9/21/2022 12:23 PM CommandAcquisChB  TX=ABORT_ACQUISITION
9/21/2022 12:23 PM CommandAcquisChC  TX=ABORT_ACQUISITION
9/21/2022 12:23 PM CommandAcquisChD  TX=ABORT_ACQUISITION
9/21/2022 12:24 PM CommandAcquisChB  TX=WRITE_SETUP {"ACQUISITION_MODE":3,"TRIGGER_MODE":0,"READ_MODE":4,"PREAMP":0,"READOUT_RATE":0,"VERTICAL_SHIFT_SPEED":3,"EM_MODE":1,"EM_GAIN":2,"SHUTTER_MODE":2,"SHUTTER_TTL":0,"SHUTTER_OPENING_TIME":1,"SHUTTER_CLOSING_TIME":1,"VBIN":1,"HBIN":1,"INITIAL_LINE":1,"INITIAL_COLUMN":1,"FINAL_LINE":1024,"FINAL_COLUMN":1024,"FRAME_TRANSFER":true,"VERTICAL_CLOCK_VOLTAGE":0,"AD_CHANNEL":0}
9/21/2022 12:24 PM CommandAcquisChB  TX=READ_SETUP 
9/21/2022 12:24 PM CommandAcquisChB  TX=SET COOLER_POWER_STATUS 0
9/21/2022 12:24 PM ResponseAcquisChB  RX=CCD_SETUP {"PREAMP":0,"READOUT_RATE":0,"EM_GAIN":2,"VBIN":1,"INITIAL_LINE":1,"INITIAL_COLUMN":1,"FINAL_LINE":1024,"FINAL_COLUMN":1024,"TRIGGER_MODE":0,"HBIN":1,"SHUTTER_TTL":0,"SHUTTER_MODE":2,"SHUTTER_OPENING_TIME":1,"SHUTTER_CLOSING_TIME":1,"VERTICAL_SHIFT_SPEED":3,"READ_MODE":4,"FRAME_TRANSFER":true,"VERTICAL_CLOCK_VOLTAGE":0,"ACQUISITION_MODE":3,"AD_CHANNEL":0,"EM_MODE":1}
9/21/2022 12:24 PM CommandAcquisChA  TX=SET EXPTIME 1.500000
9/21/2022 12:24 PM ResponseAcquisChA  RX=DONE
9/21/2022 12:24 PM CommandAcquisChA  TX=SET #FRAMES 5.000000
9/21/2022 12:24 PM CommandAcquisChA  TX=SET #CUBES 1.0000 
9/21/2022 12:24 PM ResponseAcquisChA  RX=DONE
9/21/2022 12:24 PM ResponseAcquisChA  RX=DONE
9/21/2022 12:24 PM CommandAcquisChA  TX=SET SUFFIX DARK
9/21/2022 12:24 PM ResponseAcquisChA  RX=DONE
9/21/2022 12:24 PM CommandAcquisChA  TX=SET OBSTYPE DARK
9/21/2022 12:24 PM ResponseAcquisChA  RX=DONE
9/21/2022 12:24 PM CommandAcquisChB  TX=SET EXPTIME 1.000000
9/21/2022 12:24 PM ResponseAcquisChB  RX=DONE
9/21/2022 12:24 PM CommandAcquisChB  TX=SET #FRAMES 10.000000
9/21/2022 12:24 PM CommandAcquisChB  TX=SET #CUBES 1.0000 
9/21/2022 12:24 PM ResponseAcquisChB  RX=DONE
9/21/2022 12:24 PM CommandAcquisChB  TX=SET SUFFIX DARK
9/21/2022 12:24 PM ResponseAcquisChB  RX=DONE
9/21/2022 12:24 PM ResponseAcquisChB  RX=DONE
9/21/2022 12:24 PM CommandAcquisChB  TX=SET OBSTYPE DARK
9/21/2022 12:24 PM ResponseAcquisChB  RX=DONE
9/21/2022 12:24 PM CommandAcquisChC  TX=SET EXPTIME 2.000000
9/21/2022 12:24 PM ResponseAcquisChC  RX=DONE
9/21/2022 12:24 PM CommandAcquisChC  TX=SET #FRAMES 4.000000
9/21/2022 12:24 PM CommandAcquisChC  TX=SET #CUBES 1.0000 
9/21/2022 12:24 PM ResponseAcquisChC  RX=DONE
9/21/2022 12:24 PM CommandAcquisChC  TX=SET SUFFIX DARK
9/21/2022 12:24 PM ResponseAcquisChC  RX=DONE
9/21/2022 12:24 PM ResponseAcquisChC  RX=DONE
9/21/2022 12:24 PM CommandAcquisChC  TX=SET OBSTYPE DARK
9/21/2022 12:24 PM ResponseAcquisChC  RX=DONE
9/21/2022 12:24 PM CommandSyncBox  TX=ADELAY 0m

9/21/2022 12:24 PM ResponseSyncBox  RX=OK

9/21/2022 12:24 PM CommandSyncBox  TX=BDELAY 0m

9/21/2022 12:24 PM ResponseSyncBox  RX=OK

9/21/2022 12:24 PM CommandSyncBox  TX=CDELAY 0m

9/21/2022 12:24 PM ResponseSyncBox  RX=OK

9/21/2022 12:24 PM CommandSyncBox  TX=DDELAY 0m

9/21/2022 12:24 PM ResponseSyncBox  RX=OK

9/21/2022 12:24 PM CommandSyncBox  TX=AWIDTH 200m

9/21/2022 12:24 PM ResponseSyncBox  RX=OK

9/21/2022 12:24 PM CommandSyncBox  TX=BWIDTH 200m

9/21/2022 12:24 PM ResponseSyncBox  RX=OK

9/21/2022 12:24 PM CommandSyncBox  TX=CWIDTH 200m

9/21/2022 12:24 PM ResponseSyncBox  RX=OK

9/21/2022 12:24 PM CommandSyncBox  TX=DWIDTH 200m

9/21/2022 12:24 PM ResponseSyncBox  RX=OK

9/21/2022 12:24 PM CommandSyncBox  TX=aset on

9/21/2022 12:24 PM ResponseSyncBox  RX=OK

9/21/2022 12:24 PM CommandSyncBox  TX=bset on

9/21/2022 12:24 PM ResponseSyncBox  RX=OK

9/21/2022 12:24 PM CommandSyncBox  TX=cset on

9/21/2022 12:24 PM ResponseSyncBox  RX=OK

9/21/2022 12:24 PM CommandSyncBox  TX=dset on

9/21/2022 12:24 PM ResponseSyncBox  RX=OK

9/21/2022 12:24 PM CommandSyncBox  TX=IN

9/21/2022 12:24 PM ResponseSyncBox  RX=OK

9/21/2022 12:24 PM CommandAcquisChA  TX=EXPOSE
9/21/2022 12:24 PM CommandAcquisChB  TX=EXPOSE
9/21/2022 12:24 PM CommandAcquisChC  TX=EXPOSE
9/21/2022 12:25 PM CommandAcquisChA  TX=ABORT_ACQUISITION
9/21/2022 12:25 PM CommandAcquisChB  TX=ABORT_ACQUISITION
9/21/2022 12:25 PM CommandAcquisChC  TX=ABORT_ACQUISITION
9/21/2022 12:25 PM CommandAcquisChD  TX=ABORT_ACQUISITION
9/21/2022 12:25 PM CommandAcquisChA  TX=WRITE_SETUP {"ACQUISITION_MODE":3,"TRIGGER_MODE":0,"READ_MODE":4,"PREAMP":0,"READOUT_RATE":0,"VERTICAL_SHIFT_SPEED":3,"EM_MODE":1,"EM_GAIN":2,"SHUTTER_MODE":2,"SHUTTER_TTL":0,"SHUTTER_OPENING_TIME":1,"SHUTTER_CLOSING_TIME":1,"VBIN":1,"HBIN":1,"INITIAL_LINE":1,"INITIAL_COLUMN":1,"FINAL_LINE":1024,"FINAL_COLUMN":1024,"FRAME_TRANSFER":true,"VERTICAL_CLOCK_VOLTAGE":0,"AD_CHANNEL":0}
9/21/2022 12:25 PM CommandAcquisChA  TX=WRITE_SETUP {"ACQUISITION_MODE":3,"TRIGGER_MODE":0,"READ_MODE":4,"PREAMP":0,"READOUT_RATE":0,"VERTICAL_SHIFT_SPEED":3,"EM_MODE":1,"EM_GAIN":2,"SHUTTER_MODE":2,"SHUTTER_TTL":0,"SHUTTER_OPENING_TIME":1,"SHUTTER_CLOSING_TIME":1,"VBIN":1,"HBIN":1,"INITIAL_LINE":1,"INITIAL_COLUMN":1,"FINAL_LINE":1024,"FINAL_COLUMN":1024,"FRAME_TRANSFER":true,"VERTICAL_CLOCK_VOLTAGE":0,"AD_CHANNEL":0}
9/21/2022 12:25 PM CommandAcquisChA  TX=READ_SETUP 
9/21/2022 12:25 PM ResponseAcquisChA  RX=CCD_SETUP {"PREAMP":0,"READOUT_RATE":0,"EM_GAIN":2,"VBIN":1,"INITIAL_LINE":1,"INITIAL_COLUMN":1,"FINAL_LINE":1024,"FINAL_COLUMN":1024,"TRIGGER_MODE":0,"HBIN":1,"SHUTTER_TTL":0,"SHUTTER_MODE":2,"SHUTTER_OPENING_TIME":1,"SHUTTER_CLOSING_TIME":1,"VERTICAL_SHIFT_SPEED":3,"READ_MODE":4,"FRAME_TRANSFER":true,"VERTICAL_CLOCK_VOLTAGE":0,"ACQUISITION_MODE":3,"AD_CHANNEL":0,"EM_MODE":1}
9/21/2022 12:25 PM CommandAcquisChA  TX=SET COOLER_POWER_STATUS 0
9/21/2022 12:25 PM ResponseAcquisChA  RX=DONE
9/21/2022 12:26 PM CommandAcquisChB  TX=WRITE_SETUP {"ACQUISITION_MODE":3,"TRIGGER_MODE":1,"READ_MODE":4,"PREAMP":0,"READOUT_RATE":0,"VERTICAL_SHIFT_SPEED":3,"EM_MODE":1,"EM_GAIN":2,"SHUTTER_MODE":2,"SHUTTER_TTL":0,"SHUTTER_OPENING_TIME":1,"SHUTTER_CLOSING_TIME":1,"VBIN":1,"HBIN":1,"INITIAL_LINE":1,"INITIAL_COLUMN":1,"FINAL_LINE":1024,"FINAL_COLUMN":1024,"FRAME_TRANSFER":true,"VERTICAL_CLOCK_VOLTAGE":0,"AD_CHANNEL":0}
9/21/2022 12:26 PM CommandAcquisChB  TX=READ_SETUP 
9/21/2022 12:26 PM ResponseAcquisChB  RX=CCD_SETUP {"PREAMP":0,"READOUT_RATE":0,"EM_GAIN":2,"VBIN":1,"INITIAL_LINE":1,"INITIAL_COLUMN":1,"FINAL_LINE":1024,"FINAL_COLUMN":1024,"TRIGGER_MODE":1,"HBIN":1,"SHUTTER_TTL":0,"SHUTTER_MODE":2,"SHUTTER_OPENING_TIME":1,"SHUTTER_CLOSING_TIME":1,"VERTICAL_SHIFT_SPEED":3,"READ_MODE":4,"FRAME_TRANSFER":true,"VERTICAL_CLOCK_VOLTAGE":0,"ACQUISITION_MODE":3,"AD_CHANNEL":0,"EM_MODE":1}
9/21/2022 12:26 PM CommandAcquisChB  TX=SET COOLER_POWER_STATUS 0
9/21/2022 12:26 PM ResponseAcquisChB  RX=DONE
9/21/2022 12:26 PM CommandAcquisChB  TX=WRITE_SETUP {"ACQUISITION_MODE":3,"TRIGGER_MODE":6,"READ_MODE":4,"PREAMP":0,"READOUT_RATE":0,"VERTICAL_SHIFT_SPEED":3,"EM_MODE":1,"EM_GAIN":2,"SHUTTER_MODE":2,"SHUTTER_TTL":0,"SHUTTER_OPENING_TIME":1,"SHUTTER_CLOSING_TIME":1,"VBIN":1,"HBIN":1,"INITIAL_LINE":1,"INITIAL_COLUMN":1,"FINAL_LINE":1024,"FINAL_COLUMN":1024,"FRAME_TRANSFER":true,"VERTICAL_CLOCK_VOLTAGE":0,"AD_CHANNEL":0}
9/21/2022 12:26 PM CommandAcquisChB  TX=READ_SETUP 
9/21/2022 12:26 PM ResponseAcquisChB  RX=CCD_SETUP {"PREAMP":0,"READOUT_RATE":0,"EM_GAIN":2,"VBIN":1,"INITIAL_LINE":1,"INITIAL_COLUMN":1,"FINAL_LINE":1024,"FINAL_COLUMN":1024,"TRIGGER_MODE":6,"HBIN":1,"SHUTTER_TTL":0,"SHUTTER_MODE":2,"SHUTTER_OPENING_TIME":1,"SHUTTER_CLOSING_TIME":1,"VERTICAL_SHIFT_SPEED":3,"READ_MODE":4,"FRAME_TRANSFER":true,"VERTICAL_CLOCK_VOLTAGE":0,"ACQUISITION_MODE":3,"AD_CHANNEL":0,"EM_MODE":1}
9/21/2022 12:26 PM CommandAcquisChB  TX=SET COOLER_POWER_STATUS 0
9/21/2022 12:26 PM ResponseAcquisChB  RX=DONE
9/21/2022 12:26 PM CommandAcquisChA  TX=SET EXPTIME 1.500000
9/21/2022 12:26 PM ResponseAcquisChA  RX=DONE
9/21/2022 12:26 PM CommandAcquisChA  TX=SET #FRAMES 5.000000
9/21/2022 12:26 PM ResponseAcquisChA  RX=DONE
9/21/2022 12:26 PM CommandAcquisChA  TX=SET #CUBES 1.0000 
9/21/2022 12:26 PM ResponseAcquisChA  RX=DONE
9/21/2022 12:26 PM CommandAcquisChA  TX=SET SUFFIX DARK
9/21/2022 12:26 PM ResponseAcquisChA  RX=DONE
9/21/2022 12:26 PM CommandAcquisChA  TX=SET OBSTYPE DARK
9/21/2022 12:26 PM ResponseAcquisChA  RX=DONE
9/21/2022 12:26 PM CommandAcquisChB  TX=SET EXPTIME 1.000000
9/21/2022 12:26 PM ResponseAcquisChB  RX=DONE
9/21/2022 12:26 PM CommandAcquisChB  TX=SET #FRAMES 10.000000
9/21/2022 12:26 PM ResponseAcquisChB  RX=DONE
9/21/2022 12:26 PM CommandAcquisChB  TX=SET #CUBES 1.0000 
9/21/2022 12:26 PM ResponseAcquisChB  RX=DONE
9/21/2022 12:26 PM CommandAcquisChB  TX=SET SUFFIX DARK
9/21/2022 12:26 PM ResponseAcquisChB  RX=DONE
9/21/2022 12:26 PM CommandAcquisChB  TX=SET OBSTYPE DARK
9/21/2022 12:26 PM ResponseAcquisChB  RX=DONE
9/21/2022 12:26 PM CommandAcquisChC  TX=SET EXPTIME 2.000000
9/21/2022 12:26 PM ResponseAcquisChC  RX=DONE
9/21/2022 12:26 PM CommandAcquisChC  TX=SET #FRAMES 4.000000
9/21/2022 12:26 PM ResponseAcquisChC  RX=DONE
9/21/2022 12:26 PM CommandAcquisChC  TX=SET #CUBES 1.0000 
9/21/2022 12:26 PM ResponseAcquisChC  RX=DONE
9/21/2022 12:26 PM CommandAcquisChC  TX=SET SUFFIX DARK
9/21/2022 12:26 PM ResponseAcquisChC  RX=DONE
9/21/2022 12:26 PM CommandAcquisChC  TX=SET OBSTYPE DARK
9/21/2022 12:26 PM ResponseAcquisChC  RX=DONE
9/21/2022 12:26 PM CommandSyncBox  TX=ADELAY 0m

9/21/2022 12:26 PM ResponseSyncBox  RX=OK

9/21/2022 12:26 PM CommandSyncBox  TX=BDELAY 0m

9/21/2022 12:26 PM ResponseSyncBox  RX=OK

9/21/2022 12:26 PM CommandSyncBox  TX=CDELAY 0m

9/21/2022 12:26 PM ResponseSyncBox  RX=OK

9/21/2022 12:26 PM CommandSyncBox  TX=DDELAY 0m

9/21/2022 12:26 PM ResponseSyncBox  RX=OK

9/21/2022 12:26 PM CommandSyncBox  TX=AWIDTH 200m

9/21/2022 12:26 PM ResponseSyncBox  RX=OK

9/21/2022 12:26 PM CommandSyncBox  TX=BWIDTH 200m

9/21/2022 12:26 PM ResponseSyncBox  RX=OK

9/21/2022 12:26 PM CommandSyncBox  TX=CWIDTH 200m

9/21/2022 12:26 PM ResponseSyncBox  RX=OK

9/21/2022 12:26 PM CommandSyncBox  TX=DWIDTH 200m

9/21/2022 12:26 PM ResponseSyncBox  RX=OK

9/21/2022 12:26 PM CommandSyncBox  TX=aset on

9/21/2022 12:26 PM ResponseSyncBox  RX=OK

9/21/2022 12:26 PM CommandSyncBox  TX=bset on

9/21/2022 12:26 PM ResponseSyncBox  RX=OK

9/21/2022 12:26 PM CommandSyncBox  TX=cset on

9/21/2022 12:26 PM ResponseSyncBox  RX=OK

9/21/2022 12:26 PM CommandSyncBox  TX=dset on

9/21/2022 12:26 PM ResponseSyncBox  RX=OK

9/21/2022 12:26 PM CommandSyncBox  TX=IN

9/21/2022 12:26 PM ResponseSyncBox  RX=OK

9/21/2022 12:26 PM CommandAcquisChA  TX=EXPOSE
9/21/2022 12:26 PM CommandAcquisChB  TX=EXPOSE
9/21/2022 12:26 PM CommandAcquisChC  TX=EXPOSE
9/21/2022 12:26 PM CommandSyncBox  TX=TRigger REmote

9/21/2022 12:26 PM ResponseSyncBox  RX=OK

9/21/2022 12:26 PM CommandSyncBox  TX=IN

9/21/2022 12:26 PM ResponseSyncBox  RX=OK

9/21/2022 12:26 PM CommandSyncBox  TX=TRigger

9/21/2022 12:26 PM ResponseSyncBox  RX=Trig   REM  50R  Level 1.250   Div   0,000,000,000  SYN 00,010,000.00

9/21/2022 12:26 PM CommandSyncBox  TX=FIre

9/21/2022 12:26 PM ResponseSyncBox  RX=OK

9/21/2022 12:27 PM CommandAcquisChA  TX=WRITE_SETUP {"ACQUISITION_MODE":3,"TRIGGER_MODE":6,"READ_MODE":4,"PREAMP":0,"READOUT_RATE":0,"VERTICAL_SHIFT_SPEED":3,"EM_MODE":1,"EM_GAIN":2,"SHUTTER_MODE":2,"SHUTTER_TTL":0,"SHUTTER_OPENING_TIME":1,"SHUTTER_CLOSING_TIME":1,"VBIN":1,"HBIN":1,"INITIAL_LINE":1,"INITIAL_COLUMN":1,"FINAL_LINE":1024,"FINAL_COLUMN":1024,"FRAME_TRANSFER":true,"VERTICAL_CLOCK_VOLTAGE":0,"AD_CHANNEL":0}
9/21/2022 12:27 PM CommandAcquisChA  TX=READ_SETUP 
9/21/2022 12:27 PM CommandAcquisChA  TX=SET COOLER_POWER_STATUS 0
9/21/2022 12:27 PM ResponseAcquisChA  RX=CCD_SETUP {"PREAMP":0,"READOUT_RATE":0,"EM_GAIN":2,"VBIN":1,"INITIAL_LINE":1,"INITIAL_COLUMN":1,"FINAL_LINE":1024,"FINAL_COLUMN":1024,"TRIGGER_MODE":6,"HBIN":1,"SHUTTER_TTL":0,"SHUTTER_MODE":2,"SHUTTER_OPENING_TIME":1,"SHUTTER_CLOSING_TIME":1,"VERTICAL_SHIFT_SPEED":3,"READ_MODE":4,"FRAME_TRANSFER":true,"VERTICAL_CLOCK_VOLTAGE":0,"ACQUISITION_MODE":3,"AD_CHANNEL":0,"EM_MODE":1}
9/21/2022 12:27 PM ResponseAcquisChA  RX=DONE
9/21/2022 12:27 PM CommandAcquisChA  TX=SET EXPTIME 1.500000
9/21/2022 12:27 PM ResponseAcquisChA  RX=DONE
9/21/2022 12:27 PM CommandAcquisChA  TX=SET #FRAMES 5.000000
9/21/2022 12:27 PM ResponseAcquisChA  RX=DONE
9/21/2022 12:27 PM CommandAcquisChA  TX=SET #CUBES 1.0000 
9/21/2022 12:27 PM ResponseAcquisChA  RX=DONE
9/21/2022 12:27 PM CommandAcquisChA  TX=SET SUFFIX DARK
9/21/2022 12:27 PM CommandAcquisChA  TX=SET OBSTYPE DARK
9/21/2022 12:27 PM ResponseAcquisChA  RX=DONE
9/21/2022 12:27 PM ResponseAcquisChA  RX=DONE
9/21/2022 12:27 PM CommandAcquisChB  TX=SET EXPTIME 1.000000
9/21/2022 12:27 PM ResponseAcquisChB  RX=DONE
9/21/2022 12:27 PM CommandAcquisChB  TX=SET #FRAMES 10.000000
9/21/2022 12:27 PM ResponseAcquisChB  RX=DONE
9/21/2022 12:27 PM CommandAcquisChB  TX=SET #CUBES 1.0000 
9/21/2022 12:27 PM ResponseAcquisChB  RX=DONE
9/21/2022 12:27 PM CommandAcquisChB  TX=SET SUFFIX DARK
9/21/2022 12:27 PM ResponseAcquisChB  RX=DONE
9/21/2022 12:27 PM CommandAcquisChB  TX=SET OBSTYPE DARK
9/21/2022 12:27 PM ResponseAcquisChB  RX=DONE
9/21/2022 12:27 PM CommandAcquisChC  TX=SET EXPTIME 2.000000
9/21/2022 12:27 PM ResponseAcquisChC  RX=DONE
9/21/2022 12:27 PM CommandAcquisChC  TX=SET #FRAMES 4.000000
9/21/2022 12:27 PM ResponseAcquisChC  RX=DONE
9/21/2022 12:27 PM CommandAcquisChC  TX=SET #CUBES 1.0000 
9/21/2022 12:27 PM CommandAcquisChC  TX=SET SUFFIX DARK
9/21/2022 12:27 PM ResponseAcquisChC  RX=DONE
9/21/2022 12:27 PM ResponseAcquisChC  RX=DONE
9/21/2022 12:27 PM CommandAcquisChC  TX=SET OBSTYPE DARK
9/21/2022 12:27 PM ResponseAcquisChC  RX=DONE
9/21/2022 12:27 PM CommandSyncBox  TX=ADELAY 0m

9/21/2022 12:27 PM ResponseSyncBox  RX=OK

9/21/2022 12:27 PM CommandSyncBox  TX=BDELAY 0m

9/21/2022 12:27 PM ResponseSyncBox  RX=OK

9/21/2022 12:27 PM CommandSyncBox  TX=CDELAY 0m

9/21/2022 12:27 PM ResponseSyncBox  RX=OK

9/21/2022 12:27 PM CommandSyncBox  TX=DDELAY 0m

9/21/2022 12:27 PM ResponseSyncBox  RX=OK

9/21/2022 12:27 PM CommandSyncBox  TX=AWIDTH 200m

9/21/2022 12:27 PM ResponseSyncBox  RX=OK

9/21/2022 12:27 PM CommandSyncBox  TX=BWIDTH 200m

9/21/2022 12:27 PM ResponseSyncBox  RX=OK

9/21/2022 12:27 PM CommandSyncBox  TX=CWIDTH 200m

9/21/2022 12:27 PM ResponseSyncBox  RX=OK

9/21/2022 12:27 PM CommandSyncBox  TX=DWIDTH 200m

9/21/2022 12:27 PM ResponseSyncBox  RX=OK

9/21/2022 12:27 PM CommandSyncBox  TX=aset on

9/21/2022 12:27 PM ResponseSyncBox  RX=OK

9/21/2022 12:27 PM CommandSyncBox  TX=bset on

9/21/2022 12:27 PM ResponseSyncBox  RX=OK

9/21/2022 12:27 PM CommandSyncBox  TX=cset on

9/21/2022 12:27 PM ResponseSyncBox  RX=OK

9/21/2022 12:27 PM CommandSyncBox  TX=dset on

9/21/2022 12:27 PM ResponseSyncBox  RX=OK

9/21/2022 12:27 PM CommandSyncBox  TX=IN

9/21/2022 12:27 PM ResponseSyncBox  RX=OK

9/21/2022 12:27 PM CommandAcquisChA  TX=EXPOSE
9/21/2022 12:27 PM CommandAcquisChB  TX=EXPOSE
9/21/2022 12:27 PM CommandAcquisChC  TX=EXPOSE
9/21/2022 12:27 PM CommandAcquisChA  TX=ABORT_ACQUISITION
9/21/2022 12:27 PM CommandAcquisChB  TX=ABORT_ACQUISITION
9/21/2022 12:27 PM CommandAcquisChC  TX=ABORT_ACQUISITION
9/21/2022 12:27 PM CommandAcquisChD  TX=ABORT_ACQUISITION
