8/18/2022 4:38 PM CommandAcquisChA  TX=WRITE_SETUP {"ACQUISITION_MODE":3,"TRIGGER_MODE":2,"READ_MODE":4,"PREAMP":0,"READOUT_RATE":0,"VERTICAL_SHIFT_SPEED":3,"EM_MODE":1,"EM_GAIN":2,"SHUTTER_MODE":2,"SHUTTER_TTL":0,"SHUTTER_OPENING_TIME":1,"SHUTTER_CLOSING_TIME":1,"VBIN":1,"HBIN":1,"INITIAL_LINE":1,"INITIAL_COLUMN":1,"FINAL_LINE":1024,"FINAL_COLUMN":1024,"FRAME_TRANSFER":true,"VERTICAL_CLOCK_VOLTAGE":0,"AD_CHANNEL":0}
8/18/2022 4:38 PM CommandAcquisChB  TX=WRITE_SETUP {"ACQUISITION_MODE":3,"TRIGGER_MODE":1,"READ_MODE":0,"PREAMP":0,"READOUT_RATE":0,"VERTICAL_SHIFT_SPEED":0,"EM_MODE":1,"EM_GAIN":2,"SHUTTER_MODE":2,"SHUTTER_TTL":0,"SHUTTER_OPENING_TIME":1,"SHUTTER_CLOSING_TIME":1,"VBIN":1,"HBIN":1,"INITIAL_LINE":1,"INITIAL_COLUMN":1,"FINAL_LINE":1024,"FINAL_COLUMN":1024,"FRAME_TRANSFER":true,"VERTICAL_CLOCK_VOLTAGE":0,"AD_CHANNEL":0}
8/18/2022 4:38 PM CommandAcquisChC  TX=WRITE_SETUP {"ACQUISITION_MODE":3,"TRIGGER_MODE":1,"READ_MODE":0,"PREAMP":0,"READOUT_RATE":0,"VERTICAL_SHIFT_SPEED":0,"EM_MODE":1,"EM_GAIN":2,"SHUTTER_MODE":2,"SHUTTER_TTL":0,"SHUTTER_OPENING_TIME":1,"SHUTTER_CLOSING_TIME":1,"VBIN":1,"HBIN":1,"INITIAL_LINE":1,"INITIAL_COLUMN":1,"FINAL_LINE":1024,"FINAL_COLUMN":1024,"FRAME_TRANSFER":true,"VERTICAL_CLOCK_VOLTAGE":0,"AD_CHANNEL":0}
8/18/2022 4:38 PM CommandAcquisChD  TX=WRITE_SETUP {"ACQUISITION_MODE":3,"TRIGGER_MODE":1,"READ_MODE":0,"PREAMP":0,"READOUT_RATE":0,"VERTICAL_SHIFT_SPEED":0,"EM_MODE":1,"EM_GAIN":2,"SHUTTER_MODE":2,"SHUTTER_TTL":0,"SHUTTER_OPENING_TIME":1,"SHUTTER_CLOSING_TIME":1,"VBIN":1,"HBIN":1,"INITIAL_LINE":1,"INITIAL_COLUMN":1,"FINAL_LINE":1024,"FINAL_COLUMN":1024,"FRAME_TRANSFER":true,"VERTICAL_CLOCK_VOLTAGE":0,"AD_CHANNEL":0}
8/18/2022 4:38 PM CommandSyncBox  TX=aset on

8/18/2022 4:38 PM ResponseSyncBox  RX=OK

8/18/2022 4:38 PM CommandSyncBox  TX=bset on

8/18/2022 4:38 PM ResponseSyncBox  RX=OK

8/18/2022 4:38 PM CommandSyncBox  TX=cset on

8/18/2022 4:38 PM ResponseSyncBox  RX=OK

8/18/2022 4:38 PM CommandSyncBox  TX=dset on

8/18/2022 4:38 PM ResponseSyncBox  RX=OK

8/18/2022 4:38 PM CommandSyncBox  TX=IN

8/18/2022 4:38 PM ResponseSyncBox  RX=OK

8/18/2022 4:38 PM CommandAcquisChA  TX=READ_SETUP 
8/18/2022 4:38 PM CommandAcquisChB  TX=READ_SETUP 
8/18/2022 4:38 PM CommandAcquisChC  TX=READ_SETUP 
8/18/2022 4:38 PM CommandAcquisChD  TX=READ_SETUP 
8/18/2022 4:38 PM ResponseAcquisChA  RX=CCD_SETUP {"PREAMP":0,"READOUT_RATE":0,"EM_GAIN":2,"VBIN":1,"INITIAL_LINE":1,"INITIAL_COLUMN":1,"FINAL_LINE":1024,"FINAL_COLUMN":1024,"TRIGGER_MODE":1,"HBIN":1,"SHUTTER_TTL":0,"SHUTTER_MODE":2,"SHUTTER_OPENING_TIME":1,"SHUTTER_CLOSING_TIME":1,"VERTICAL_SHIFT_SPEED":3,"READ_MODE":4,"FRAME_TRANSFER":true,"VERTICAL_CLOCK_VOLTAGE":0,"ACQUISITION_MODE":3,"AD_CHANNEL":0,"EM_MODE":1}
8/18/2022 4:38 PM CommandAcquisChA  TX=SET COOLER_POWER_STATUS 0
8/18/2022 4:38 PM CommandAcquisChB  TX=SET COOLER_POWER_STATUS 0
8/18/2022 4:38 PM CommandAcquisChC  TX=SET COOLER_POWER_STATUS 0
8/18/2022 4:38 PM CommandAcquisChD  TX=SET COOLER_POWER_STATUS 0
8/18/2022 4:52 PM CommandSyncBox  TX=DDELAY 1600m

8/18/2022 4:52 PM ResponseSyncBox  RX=OK

8/18/2022 4:52 PM CommandSyncBox  TX=DWIDTH 80m

8/18/2022 4:52 PM ResponseSyncBox  RX=OK

8/18/2022 4:52 PM CommandSyncBox  TX=IN

8/18/2022 4:52 PM ResponseSyncBox  RX=OK

8/18/2022 4:52 PM CommandSyncBox  TX=FIre

8/18/2022 4:52 PM ResponseSyncBox  RX=OK

8/18/2022 4:52 PM CommandSyncBox  TX=IN

8/18/2022 4:52 PM ResponseSyncBox  RX=OK

8/18/2022 4:52 PM CommandSyncBox  TX=FIre

8/18/2022 4:52 PM ResponseSyncBox  RX=OK

8/18/2022 4:52 PM CommandSyncBox  TX=IN

8/18/2022 4:52 PM ResponseSyncBox  RX=OK

8/18/2022 4:52 PM CommandSyncBox  TX=FIre

8/18/2022 4:52 PM ResponseSyncBox  RX=

     Highland Technology  Model T560  Digital Delay Generator

Firmware 28E560-D  02407                Cal date July 19, 2018      

Trig   REM  50R  Level 1.250   Div   0,000,000,000  SYN 00,010,000.00
Gate   OFF  POS  HIZ           Shots 0,000,000,085
Burst  OFF  N  0,000,000,016   of M  0,000,000,064

Verbos ON   Autoinstall OFF    Usec 0,241,011,255  DPLL 00006
Clock  HIZ  Trim 02166         Temp +47.8

Errs   None

Ch A  POS  ON     Dly  00.000,000,000,000  Wid  00.500,000,000,000
Ch B  POS  OFF    Dly  00.000,000,000,000  Wid  00.000,000,000,000
Ch C  POS  OFF    Dly  00.000,000,000,000  Wid  00.000,000,000,000
Ch D  POS  OFF    Dly  01.600,000,000,000  Wid  00.080,000,000,000



8/18/2022 4:52 PM ResponseSyncBox  RX=OK

8/18/2022 4:52 PM CommandSyncBox  TX=IN

8/18/2022 4:52 PM ResponseSyncBox  RX=OK

8/18/2022 4:52 PM CommandSyncBox  TX=FIre

8/18/2022 4:52 PM ResponseSyncBox  RX=OK

8/18/2022 4:52 PM CommandSyncBox  TX=IN

8/18/2022 4:52 PM ResponseSyncBox  RX=OK

8/18/2022 4:53 PM CommandSyncBox  TX=FIre

8/18/2022 4:53 PM ResponseSyncBox  RX=

     Highland Technology  Model T560  Digital Delay Generator

Firmware 28E560-D  02407                Cal date July 19, 2018      

Trig   REM  50R  Level 1.250   Div   0,000,000,000  SYN 00,010,000.00
Gate   OFF  POS  HIZ           Shots 0,000,000,087
Burst  OFF  N  0,000,000,016   of M  0,000,000,064

Verbos ON   Autoinstall OFF    Usec 0,256,125,086  DPLL 00006
Clock  HIZ  Trim 02166         Temp +47.8

Errs   None

Ch A  POS  ON     Dly  00.000,000,000,000  Wid  00.500,000,000,000
Ch B  POS  OFF    Dly  00.000,000,000,000  Wid  00.000,000,000,000
Ch C  POS  OFF    Dly  00.000,000,000,000  Wid  00.000,000,000,000
Ch D  POS  OFF    Dly  01.600,000,000,000  Wid  00.080,000,000,000



8/18/2022 4:53 PM ResponseSyncBox  RX=OK

8/18/2022 4:53 PM CommandSyncBox  TX=IN

8/18/2022 4:53 PM ResponseSyncBox  RX=OK

8/18/2022 4:53 PM CommandSyncBox  TX=FIre

8/18/2022 4:53 PM ResponseSyncBox  RX=OK

8/18/2022 4:53 PM CommandSyncBox  TX=IN

8/18/2022 4:53 PM ResponseSyncBox  RX=OK

8/18/2022 4:53 PM CommandSyncBox  TX=DDELAY 1600m

8/18/2022 4:53 PM ResponseSyncBox  RX=OK

8/18/2022 4:53 PM CommandSyncBox  TX=DWIDTH 80m

8/18/2022 4:53 PM ResponseSyncBox  RX=OK

8/18/2022 4:53 PM CommandSyncBox  TX=IN

8/18/2022 4:53 PM ResponseSyncBox  RX=OK

8/18/2022 4:53 PM CommandSyncBox  TX=FIre

8/18/2022 4:53 PM ResponseSyncBox  RX=

     Highland Technology  Model T560  Digital Delay Generator

Firmware 28E560-D  02407                Cal date July 19, 2018      

Trig   REM  50R  Level 1.250   Div   0,000,000,000  SYN 00,010,000.00
Gate   OFF  POS  HIZ           Shots 0,000,000,089
Burst  OFF  N  0,000,000,016   of M  0,000,000,064

Verbos ON   Autoinstall OFF    Usec 0,291,045,918  DPLL 00005
Clock  HIZ  Trim 02166         Temp +47.9

Errs   None

Ch A  POS  ON     Dly  00.000,000,000,000  Wid  00.500,000,000,000
Ch B  POS  OFF    Dly  00.000,000,000,000  Wid  00.000,000,000,000
Ch C  POS  OFF    Dly  00.000,000,000,000  Wid  00.000,000,000,000
Ch D  POS  OFF    Dly  01.600,000,000,000  Wid  00.080,000,000,000



8/18/2022 4:53 PM ResponseSyncBox  RX=OK

8/18/2022 4:53 PM CommandSyncBox  TX=IN

8/18/2022 4:53 PM ResponseSyncBox  RX=OK

8/18/2022 4:53 PM CommandSyncBox  TX=FIre

8/18/2022 4:53 PM ResponseSyncBox  RX=OK

8/18/2022 4:53 PM CommandSyncBox  TX=IN

8/18/2022 4:53 PM ResponseSyncBox  RX=OK

8/18/2022 4:53 PM CommandSyncBox  TX=FIre

8/18/2022 4:53 PM ResponseSyncBox  RX=

     Highland Technology  Model T560  Digital Delay Generator

Firmware 28E560-D  02407                Cal date July 19, 2018      

Trig   REM  50R  Level 1.250   Div   0,000,000,000  SYN 00,010,000.00
Gate   OFF  POS  HIZ           Shots 0,000,000,091
Burst  OFF  N  0,000,000,016   of M  0,000,000,064

Verbos ON   Autoinstall OFF    Usec 0,300,364,471  DPLL 00005
Clock  HIZ  Trim 02166         Temp +47.8

Errs   None

Ch A  POS  ON     Dly  00.000,000,000,000  Wid  00.500,000,000,000
Ch B  POS  OFF    Dly  00.000,000,000,000  Wid  00.000,000,000,000
Ch C  POS  OFF    Dly  00.000,000,000,000  Wid  00.000,000,000,000
Ch D  POS  OFF    Dly  01.600,000,000,000  Wid  00.080,000,000,000



8/18/2022 4:53 PM ResponseSyncBox  RX=OK

8/18/2022 4:53 PM CommandSyncBox  TX=IN

8/18/2022 4:53 PM ResponseSyncBox  RX=OK

8/18/2022 4:53 PM CommandSyncBox  TX=FIre

8/18/2022 4:53 PM ResponseSyncBox  RX=OK

8/18/2022 4:53 PM CommandSyncBox  TX=IN

8/18/2022 4:53 PM ResponseSyncBox  RX=OK

8/18/2022 4:54 PM CommandSyncBox  TX=FIre

8/18/2022 4:54 PM ResponseSyncBox  RX=OK

8/18/2022 4:54 PM CommandSyncBox  TX=IN

8/18/2022 4:54 PM ResponseSyncBox  RX=OK

8/18/2022 4:54 PM CommandSyncBox  TX=DDELAY 1600m

8/18/2022 4:54 PM ResponseSyncBox  RX=OK

8/18/2022 4:54 PM CommandSyncBox  TX=DWIDTH 80m

8/18/2022 4:54 PM ResponseSyncBox  RX=OK

8/18/2022 4:54 PM CommandSyncBox  TX=IN

8/18/2022 4:54 PM ResponseSyncBox  RX=OK

8/18/2022 4:54 PM CommandSyncBox  TX=DDELAY 1600m

8/18/2022 4:54 PM ResponseSyncBox  RX=OK

8/18/2022 4:54 PM CommandSyncBox  TX=DWIDTH 80m

8/18/2022 4:54 PM ResponseSyncBox  RX=OK

8/18/2022 4:54 PM CommandSyncBox  TX=IN

8/18/2022 4:54 PM ResponseSyncBox  RX=OK

8/18/2022 4:54 PM CommandSyncBox  TX=FIre

8/18/2022 4:54 PM ResponseSyncBox  RX=OK

8/18/2022 4:54 PM CommandSyncBox  TX=IN

8/18/2022 4:54 PM ResponseSyncBox  RX=OK

8/18/2022 4:54 PM CommandSyncBox  TX=DDELAY 1600m

8/18/2022 4:54 PM ResponseSyncBox  RX=OK

8/18/2022 4:54 PM CommandSyncBox  TX=DWIDTH 80m

8/18/2022 4:54 PM ResponseSyncBox  RX=OK

8/18/2022 4:54 PM CommandSyncBox  TX=IN

8/18/2022 4:54 PM ResponseSyncBox  RX=OK

8/18/2022 4:55 PM CommandSyncBox  TX=FIre

8/18/2022 4:55 PM ResponseSyncBox  RX=OK

8/18/2022 4:55 PM CommandSyncBox  TX=IN

8/18/2022 4:55 PM ResponseSyncBox  RX=OK

8/18/2022 4:55 PM CommandSyncBox  TX=FIre

8/18/2022 4:55 PM ResponseSyncBox  RX=OK

8/18/2022 4:55 PM CommandSyncBox  TX=IN

8/18/2022 4:55 PM ResponseSyncBox  RX=OK

8/18/2022 4:55 PM CommandSyncBox  TX=DDELAY 1600m

8/18/2022 4:55 PM ResponseSyncBox  RX=OK

8/18/2022 4:55 PM CommandSyncBox  TX=DWIDTH 80m

8/18/2022 4:55 PM ResponseSyncBox  RX=OK

8/18/2022 4:56 PM CommandSyncBox  TX=DDELAY 1600m

8/18/2022 4:56 PM ResponseSyncBox  RX=OK

8/18/2022 4:56 PM CommandSyncBox  TX=DWIDTH 80m

8/18/2022 4:56 PM ResponseSyncBox  RX=OK

8/18/2022 4:56 PM CommandSyncBox  TX=IN

8/18/2022 4:56 PM ResponseSyncBox  RX=OK

8/18/2022 4:56 PM CommandSyncBox  TX=DDELAY 1600m

8/18/2022 4:56 PM ResponseSyncBox  RX=OK

8/18/2022 4:56 PM CommandSyncBox  TX=DWIDTH 80m

8/18/2022 4:56 PM ResponseSyncBox  RX=OK

8/18/2022 4:56 PM CommandSyncBox  TX=IN

8/18/2022 4:56 PM ResponseSyncBox  RX=OK

8/18/2022 4:56 PM CommandSyncBox  TX=FIre

8/18/2022 4:56 PM ResponseSyncBox  RX=

     Highland Technology  Model T560  Digital Delay Generator

Firmware 28E560-D  02407                Cal date July 19, 2018      

Trig   REM  50R  Level 1.250   Div   0,000,000,000  SYN 00,010,000.00
Gate   OFF  POS  HIZ           Shots 0,000,000,066
Burst  OFF  N  0,000,000,016   of M  0,000,000,064

Verbos ON   Autoinstall FEOD   Usec 0,055,886,878  DPLL 00005
Clock  OUT  Trim 02166         Temp +47.5

Errs   None

Ch A  POS  ON     Dly  00.000,000,000,000  Wid  00.000,002,000,000
Ch B  POS  ON     Dly  00.000,002,000,000  Wid  00.000,002,000,000
Ch C  POS  ON     Dly  00.000,004,000,000  Wid  00.000,002,000,000
Ch D  POS  ON     Dly  01.600,000,000,000  Wid  00.080,000,000,000



8/18/2022 4:56 PM ResponseSyncBox  RX=OK

8/18/2022 4:56 PM CommandSyncBox  TX=IN

8/18/2022 4:56 PM ResponseSyncBox  RX=OK

