8/18/2022 3:48 PM CommandAcquisChA  TX=WRITE_SETUP {"ACQUISITION_MODE":3,"TRIGGER_MODE":2,"READ_MODE":4,"PREAMP":0,"READOUT_RATE":0,"VERTICAL_SHIFT_SPEED":3,"EM_MODE":1,"EM_GAIN":2,"SHUTTER_MODE":2,"SHUTTER_TTL":0,"SHUTTER_OPENING_TIME":1,"SHUTTER_CLOSING_TIME":1,"VBIN":1,"HBIN":1,"INITIAL_LINE":1,"INITIAL_COLUMN":1,"FINAL_LINE":1024,"FINAL_COLUMN":1024,"FRAME_TRANSFER":true,"VERTICAL_CLOCK_VOLTAGE":0,"AD_CHANNEL":0}
8/18/2022 3:48 PM CommandAcquisChB  TX=WRITE_SETUP {"ACQUISITION_MODE":3,"TRIGGER_MODE":1,"READ_MODE":0,"PREAMP":0,"READOUT_RATE":0,"VERTICAL_SHIFT_SPEED":0,"EM_MODE":1,"EM_GAIN":2,"SHUTTER_MODE":2,"SHUTTER_TTL":0,"SHUTTER_OPENING_TIME":1,"SHUTTER_CLOSING_TIME":1,"VBIN":1,"HBIN":1,"INITIAL_LINE":1,"INITIAL_COLUMN":1,"FINAL_LINE":1024,"FINAL_COLUMN":1024,"FRAME_TRANSFER":true,"VERTICAL_CLOCK_VOLTAGE":0,"AD_CHANNEL":0}
8/18/2022 3:48 PM CommandAcquisChC  TX=WRITE_SETUP {"ACQUISITION_MODE":3,"TRIGGER_MODE":1,"READ_MODE":0,"PREAMP":0,"READOUT_RATE":0,"VERTICAL_SHIFT_SPEED":0,"EM_MODE":1,"EM_GAIN":2,"SHUTTER_MODE":2,"SHUTTER_TTL":0,"SHUTTER_OPENING_TIME":1,"SHUTTER_CLOSING_TIME":1,"VBIN":1,"HBIN":1,"INITIAL_LINE":1,"INITIAL_COLUMN":1,"FINAL_LINE":1024,"FINAL_COLUMN":1024,"FRAME_TRANSFER":true,"VERTICAL_CLOCK_VOLTAGE":0,"AD_CHANNEL":0}
8/18/2022 3:48 PM CommandAcquisChD  TX=WRITE_SETUP {"ACQUISITION_MODE":3,"TRIGGER_MODE":1,"READ_MODE":0,"PREAMP":0,"READOUT_RATE":0,"VERTICAL_SHIFT_SPEED":0,"EM_MODE":1,"EM_GAIN":2,"SHUTTER_MODE":2,"SHUTTER_TTL":0,"SHUTTER_OPENING_TIME":1,"SHUTTER_CLOSING_TIME":1,"VBIN":1,"HBIN":1,"INITIAL_LINE":1,"INITIAL_COLUMN":1,"FINAL_LINE":1024,"FINAL_COLUMN":1024,"FRAME_TRANSFER":true,"VERTICAL_CLOCK_VOLTAGE":0,"AD_CHANNEL":0}
8/18/2022 3:48 PM CommandSyncBox  TX=aset on

8/18/2022 3:48 PM ResponseSyncBox  RX=OK

8/18/2022 3:48 PM CommandSyncBox  TX=bset on

8/18/2022 3:48 PM ResponseSyncBox  RX=OK

8/18/2022 3:48 PM CommandSyncBox  TX=cset on

8/18/2022 3:48 PM ResponseSyncBox  RX=OK

8/18/2022 3:48 PM CommandSyncBox  TX=dset on

8/18/2022 3:48 PM ResponseSyncBox  RX=OK

8/18/2022 3:48 PM CommandSyncBox  TX=IN

8/18/2022 3:48 PM ResponseSyncBox  RX=OK

8/18/2022 3:48 PM CommandAcquisChA  TX=READ_SETUP 
8/18/2022 3:48 PM CommandAcquisChB  TX=READ_SETUP 
8/18/2022 3:48 PM CommandAcquisChC  TX=READ_SETUP 
8/18/2022 3:48 PM CommandAcquisChD  TX=READ_SETUP 
8/18/2022 3:48 PM ResponseAcquisChA  RX=CCD_SETUP {"PREAMP":0,"READOUT_RATE":0,"EM_GAIN":2,"VBIN":1,"INITIAL_LINE":1,"INITIAL_COLUMN":1,"FINAL_LINE":1024,"FINAL_COLUMN":1024,"TRIGGER_MODE":1,"HBIN":1,"SHUTTER_TTL":0,"SHUTTER_MODE":2,"SHUTTER_OPENING_TIME":1,"SHUTTER_CLOSING_TIME":1,"VERTICAL_SHIFT_SPEED":3,"READ_MODE":4,"FRAME_TRANSFER":true,"VERTICAL_CLOCK_VOLTAGE":0,"ACQUISITION_MODE":3,"AD_CHANNEL":0,"EM_MODE":1}
8/18/2022 3:48 PM CommandAcquisChA  TX=SET COOLER_POWER_STATUS 0
8/18/2022 3:48 PM ResponseAcquisChA  RX=DONE
8/18/2022 3:48 PM CommandAcquisChB  TX=SET COOLER_POWER_STATUS 0
8/18/2022 3:48 PM CommandAcquisChC  TX=SET COOLER_POWER_STATUS 0
8/18/2022 3:48 PM CommandAcquisChD  TX=SET COOLER_POWER_STATUS 0
8/18/2022 3:49 PM CommandAcquisChA  TX=WRITE_SETUP {"ACQUISITION_MODE":3,"TRIGGER_MODE":2,"READ_MODE":4,"PREAMP":0,"READOUT_RATE":0,"VERTICAL_SHIFT_SPEED":3,"EM_MODE":1,"EM_GAIN":2,"SHUTTER_MODE":2,"SHUTTER_TTL":0,"SHUTTER_OPENING_TIME":1,"SHUTTER_CLOSING_TIME":1,"VBIN":1,"HBIN":1,"INITIAL_LINE":1,"INITIAL_COLUMN":1,"FINAL_LINE":1024,"FINAL_COLUMN":1024,"FRAME_TRANSFER":true,"VERTICAL_CLOCK_VOLTAGE":0,"AD_CHANNEL":0}
8/18/2022 3:49 PM CommandAcquisChA  TX=WRITE_SETUP {"ACQUISITION_MODE":3,"TRIGGER_MODE":2,"READ_MODE":4,"PREAMP":0,"READOUT_RATE":0,"VERTICAL_SHIFT_SPEED":3,"EM_MODE":1,"EM_GAIN":2,"SHUTTER_MODE":2,"SHUTTER_TTL":0,"SHUTTER_OPENING_TIME":1,"SHUTTER_CLOSING_TIME":1,"VBIN":1,"HBIN":1,"INITIAL_LINE":1,"INITIAL_COLUMN":1,"FINAL_LINE":1024,"FINAL_COLUMN":1024,"FRAME_TRANSFER":true,"VERTICAL_CLOCK_VOLTAGE":0,"AD_CHANNEL":0}
8/18/2022 3:49 PM CommandAcquisChA  TX=SET EXPTIME 0.000010
8/18/2022 3:49 PM ResponseAcquisChA  RX=DONE
8/18/2022 3:49 PM CommandAcquisChA  TX=SET #FRAMES 10.000000
8/18/2022 3:49 PM ResponseAcquisChA  RX=DONE
8/18/2022 3:49 PM CommandAcquisChA  TX=SET #CUBES 1.0000 
8/18/2022 3:49 PM ResponseAcquisChA  RX=DONE
8/18/2022 3:49 PM CommandAcquisChA  TX=SET SUFFIX ZERO_extStart
8/18/2022 3:49 PM ResponseAcquisChA  RX=DONE
8/18/2022 3:49 PM CommandAcquisChA  TX=SET OBSTYPE ZERO
8/18/2022 3:49 PM ResponseAcquisChA  RX=DONE
8/18/2022 3:49 PM CommandSyncBox  TX=DDELAY 1600m

8/18/2022 3:49 PM ResponseSyncBox  RX=OK

8/18/2022 3:49 PM CommandSyncBox  TX=DWIDTH 80m

8/18/2022 3:49 PM ResponseSyncBox  RX=OK

8/18/2022 3:49 PM CommandSyncBox  TX=IN

8/18/2022 3:49 PM ResponseSyncBox  RX=OK

8/18/2022 3:49 PM CommandAcquisChA  TX=EXPOSE
8/18/2022 3:49 PM CommandSyncBox  TX=TRigger REmote

8/18/2022 3:49 PM ResponseSyncBox  RX=OK

8/18/2022 3:49 PM CommandSyncBox  TX=TRigger

8/18/2022 3:49 PM ResponseSyncBox  RX=Trig   REM  50R  Level 1.250   Div   0,000,000,000  SYN 00,010,000.00

8/18/2022 3:49 PM CommandSyncBox  TX=IN

8/18/2022 3:49 PM ResponseSyncBox  RX=OK

8/18/2022 3:49 PM CommandSyncBox  TX=FIre

8/18/2022 3:49 PM ResponseSyncBox  RX=OK

8/18/2022 3:49 PM CommandSyncBox  TX=IN

8/18/2022 3:49 PM ResponseSyncBox  RX=OK

