10/21/2022 9:57 AM CommandAcquisChA  TX=WRITE_SETUP {"ACQUISITION_MODE":3,"TRIGGER_MODE":0,"READ_MODE":4,"PREAMP":0,"READOUT_RATE":0,"VERTICAL_SHIFT_SPEED":3,"EM_MODE":1,"EM_GAIN":2,"SHUTTER_MODE":2,"SHUTTER_TTL":0,"SHUTTER_OPENING_TIME":1,"SHUTTER_CLOSING_TIME":1,"VBIN":1,"HBIN":1,"INITIAL_LINE":1,"INITIAL_COLUMN":1,"FINAL_LINE":1024,"FINAL_COLUMN":1024,"FRAME_TRANSFER":true,"VERTICAL_CLOCK_VOLTAGE":0,"AD_CHANNEL":0}
10/21/2022 9:57 AM CommandAcquisChB  TX=WRITE_SETUP {"ACQUISITION_MODE":3,"TRIGGER_MODE":6,"READ_MODE":4,"PREAMP":0,"READOUT_RATE":0,"VERTICAL_SHIFT_SPEED":3,"EM_MODE":1,"EM_GAIN":2,"SHUTTER_MODE":2,"SHUTTER_TTL":0,"SHUTTER_OPENING_TIME":1,"SHUTTER_CLOSING_TIME":1,"VBIN":1,"HBIN":1,"INITIAL_LINE":1,"INITIAL_COLUMN":1,"FINAL_LINE":1024,"FINAL_COLUMN":1024,"FRAME_TRANSFER":true,"VERTICAL_CLOCK_VOLTAGE":0,"AD_CHANNEL":0}
10/21/2022 9:57 AM CommandAcquisChC  TX=WRITE_SETUP {"ACQUISITION_MODE":3,"TRIGGER_MODE":6,"READ_MODE":4,"PREAMP":0,"READOUT_RATE":0,"VERTICAL_SHIFT_SPEED":3,"EM_MODE":1,"EM_GAIN":2,"SHUTTER_MODE":2,"SHUTTER_TTL":0,"SHUTTER_OPENING_TIME":1,"SHUTTER_CLOSING_TIME":1,"VBIN":1,"HBIN":1,"INITIAL_LINE":1,"INITIAL_COLUMN":1,"FINAL_LINE":1024,"FINAL_COLUMN":1024,"FRAME_TRANSFER":true,"VERTICAL_CLOCK_VOLTAGE":0,"AD_CHANNEL":0}
10/21/2022 9:57 AM CommandAcquisChD  TX=WRITE_SETUP {"ACQUISITION_MODE":3,"TRIGGER_MODE":0,"READ_MODE":4,"PREAMP":0,"READOUT_RATE":0,"VERTICAL_SHIFT_SPEED":3,"EM_MODE":1,"EM_GAIN":2,"SHUTTER_MODE":1,"SHUTTER_TTL":0,"SHUTTER_OPENING_TIME":1,"SHUTTER_CLOSING_TIME":1,"VBIN":1,"HBIN":1,"INITIAL_LINE":1,"INITIAL_COLUMN":1,"FINAL_LINE":1024,"FINAL_COLUMN":1024,"FRAME_TRANSFER":true,"VERTICAL_CLOCK_VOLTAGE":0,"AD_CHANNEL":0}
10/21/2022 9:57 AM CommandSyncBox  TX=ADELAY 0m

10/21/2022 9:57 AM CommandAcquisChA  TX=READ_SETUP 
10/21/2022 9:57 AM CommandAcquisChB  TX=READ_SETUP 
10/21/2022 9:57 AM CommandAcquisChC  TX=READ_SETUP 
10/21/2022 9:57 AM CommandAcquisChD  TX=READ_SETUP 
10/21/2022 9:57 AM ResponseAcquisChA  RX={"PREAMP":0,"READOUT_RATE":0,"EM_GAIN":2,"VERTICAL_SHIFT_SPEED":3,"READ_MODE":4,"FRAME_TRANSFER":true,"VERTICAL_CLOCK_VOLTAGE":0,"ACQUISITION_MODE":3,"AD_CHANNEL":0,"EM_MODE":1,"SHUTTER_TTL":0,"SHUTTER_OPENING_TIME":1,"SHUTTER_CLOSING_TIME":1,"SHUTTER_MODE":2,"TRIGGER_MODE":0,"VBIN":1,"INITIAL_LINE":1,"INITIAL_COLUMN":1,"FINAL_LINE":1024,"FINAL_COLUMN":1024,"HBIN":1}
10/21/2022 9:57 AM CommandAcquisChA  TX=SET COOLER_POWER_STATUS 0
10/21/2022 9:57 AM CommandAcquisChB  TX=SET COOLER_POWER_STATUS 0
10/21/2022 9:57 AM CommandAcquisChC  TX=SET COOLER_POWER_STATUS 0
10/21/2022 9:57 AM CommandAcquisChD  TX=SET COOLER_POWER_STATUS 0
10/21/2022 10:04 AM CommandInstrument  TX=S4ICS WPROT NONE NONE,WPSEL INIT NONE,GMIR NONE NONE,GFOC NONE NONE,CALW NONE NONE,ASEL NONE NONE

10/21/2022 10:04 AM ResponseInstrument  RX=WPSEL WAITING ACK 0 NONE -1, WPROT WAITING BUSY 0 NONE -1, CALW WAITING NONE 0 NONE -1, ASEL WAITING NONE 0 NONE -1, GMIR WAITING NONE 0 NONE -1, GFOC WAITING NONE 0 NONE -1

10/21/2022 10:04 AM CommandInstrument  TX=S4ICS WPROT NONE NONE,WPSEL NONE NONE,GMIR NONE NONE,GFOC NONE NONE,CALW INIT NONE,ASEL NONE NONE

10/21/2022 10:04 AM ResponseInstrument  RX=WPSEL WAITING BUSY -6 NONE -1, WPROT WAITING BUSY 0 NONE -1, CALW WAITING ACK 0 NONE -1, ASEL WAITING BUSY 0 NONE -1, GMIR WAITING NONE 0 NONE -1, GFOC WAITING NONE 0 NONE -1

10/21/2022 10:04 AM CommandInstrument  TX=S4ICS WPROT NONE NONE,WPSEL NONE NONE,GMIR INIT NONE,GFOC NONE NONE,CALW NONE NONE,ASEL NONE NONE

10/21/2022 10:04 AM ResponseInstrument  RX=WPSEL WAITING BUSY -26 NONE -1, WPROT WAITING BUSY 0 NONE -1, CALW WAITING BUSY -29 NONE -1, ASEL WAITING BUSY 0 NONE -1, GMIR WAITING ACK 0 NONE -1, GFOC WAITING BUSY 0 NONE -1

10/21/2022 10:04 AM CommandInstrument  TX=S4ICS WPROT INIT NONE,WPSEL NONE NONE,GMIR NONE NONE,GFOC NONE NONE,CALW NONE NONE,ASEL NONE NONE

10/21/2022 10:04 AM ResponseInstrument  RX=WPSEL SIMULATED BUSY 0 HOME 0, WPROT WAITING ACK 0 NONE -1, CALW SIMULATED READY 0.0 HOME 0, ASEL WAITING NONE 0 NONE -1, GMIR SIMULATED READY 0.0 HOME 0, GFOC WAITING NONE 0 NONE -1

10/21/2022 10:04 AM CommandInstrument  TX=S4ICS WPROT NONE NONE,WPSEL NONE NONE,GMIR NONE NONE,GFOC NONE NONE,CALW NONE NONE,ASEL INIT NONE

10/21/2022 10:05 AM ResponseInstrument  RX=WPSEL SIMULATED BUSY 0 HOME 0, WPROT WAITING BUSY -29 NONE -1, CALW SIMULATED BUSY 0.0 HOME 0, ASEL WAITING ACK 0 NONE -1, GMIR SIMULATED READY 0.0 HOME 0, GFOC WAITING NONE 0 NONE -1

10/21/2022 10:05 AM CommandInstrument  TX=S4ICS WPROT NONE NONE,WPSEL NONE NONE,GMIR NONE NONE,GFOC INIT NONE,CALW NONE NONE,ASEL NONE NONE

10/21/2022 10:05 AM ResponseInstrument  RX=WPSEL SIMULATED BUSY 0 HOME 0, WPROT WAITING BUSY -61 NONE -1, CALW SIMULATED BUSY 0.0 HOME 0, ASEL WAITING BUSY -2 NONE -1, GMIR SIMULATED BUSY 0.0 HOME 0, GFOC WAITING ACK 0 NONE -1

10/21/2022 10:05 AM CommandInstrument  TX=S4ICS WPROT NONE NONE,WPSEL GOTO CLEAR,GMIR NONE NONE,GFOC NONE NONE,CALW GOTO CLEAR,ASEL GOTO CLEAR

10/21/2022 10:05 AM ResponseInstrument  RX=WPSEL SIMULATED READY 0 HOME 0, WPROT SIMULATED READY 30.0 HOME 0, CALW SIMULATED READY 0.0 HOME 0, ASEL SIMULATED READY 0.0 HOME 0, GMIR SIMULATED READY 0.0 HOME 0, GFOC SIMULATED READY 0.0 HOME 0

10/21/2022 10:06 AM CommandInstrument  TX=S4ICS WPROT NONE NONE,WPSEL GOTO CLEAR,GMIR NONE NONE,GFOC NONE NONE,CALW GOTO CLEAR,ASEL GOTO CLEAR

10/21/2022 10:06 AM ResponseInstrument  RX=WPSEL SIMULATED READY 0 HOME 0, WPROT SIMULATED READY 30.0 HOME 0, CALW SIMULATED READY 0.0 HOME 0, ASEL SIMULATED READY 0.0 HOME 0, GMIR SIMULATED READY 0.0 HOME 0, GFOC SIMULATED READY 0.0 HOME 0

10/21/2022 10:06 AM CommandInstrument  TX=S4ICS WPROT NONE NONE,WPSEL GOTO L/2,GMIR NONE NONE,GFOC NONE NONE,CALW GOTO CLEAR,ASEL GOTO ANALYZER

10/21/2022 10:06 AM ResponseInstrument  RX=WPSEL SIMULATED ACK 0 HOME 0, WPROT SIMULATED BUSY 30.0 HOME 0, CALW SIMULATED READY 0.0 HOME 0, ASEL SIMULATED READY 0.0 HOME 0, GMIR SIMULATED READY 0.0 HOME 0, GFOC SIMULATED READY 0.0 HOME 0

10/21/2022 10:06 AM CommandInstrument  TX=S4ICS WPROT NONE NONE,WPSEL GOTO CLEAR,GMIR NONE NONE,GFOC NONE NONE,CALW GOTO CLEAR,ASEL GOTO CLEAR

10/21/2022 10:06 AM ResponseInstrument  RX=WPSEL SIMULATED READY 0 L/2 2, WPROT SIMULATED READY 30.0 HOME 0, CALW SIMULATED READY 0.0 HOME 0, ASEL SIMULATED READY 0.0 HOME 0, GMIR SIMULATED READY 0.0 HOME 0, GFOC SIMULATED READY 0.0 HOME 0

10/21/2022 10:06 AM CommandInstrument  TX=S4ICS WPROT NONE NONE,WPSEL GOTO CLEAR,GMIR NONE NONE,GFOC NONE NONE,CALW GOTO CLEAR,ASEL GOTO CLEAR

10/21/2022 10:07 AM ResponseInstrument  RX=WPSEL SIMULATED READY 0 L/2 2, WPROT SIMULATED READY 30.0 HOME 0, CALW SIMULATED READY 0.0 HOME 0, ASEL SIMULATED READY 0.0 HOME 0, GMIR SIMULATED READY 0.0 HOME 0, GFOC SIMULATED READY 0.0 HOME 0

10/21/2022 10:07 AM CommandInstrument  TX=S4ICS WPROT NONE NONE,WPSEL GOTO CLEAR,GMIR NONE NONE,GFOC NONE NONE,CALW GOTO CLEAR,ASEL GOTO CLEAR

10/21/2022 10:07 AM ResponseInstrument  RX=WPSEL SIMULATED READY 0 L/2 2, WPROT SIMULATED READY 30.0 HOME 0, CALW SIMULATED READY 0.0 HOME 0, ASEL SIMULATED READY 0.0 HOME 0, GMIR SIMULATED READY 0.0 HOME 0, GFOC SIMULATED READY 0.0 HOME 0

10/21/2022 10:08 AM CommandInstrument  TX=S4ICS WPROT NONE NONE,WPSEL GOTO CLEAR,GMIR NONE NONE,GFOC NONE NONE,CALW NONE NONE,ASEL NONE NONE

10/21/2022 10:08 AM ResponseInstrument  RX=WPSEL SIMULATED READY 0 L/2 2, WPROT SIMULATED READY 30.0 HOME 0, CALW SIMULATED READY 0.0 HOME 0, ASEL SIMULATED READY 0.0 HOME 0, GMIR SIMULATED READY 0.0 HOME 0, GFOC SIMULATED READY 0.0 HOME 0

10/21/2022 10:08 AM CommandInstrument  TX=S4ICS WPROT GOTO WP1,WPSEL NONE NONE,GMIR NONE NONE,GFOC NONE NONE,CALW NONE NONE,ASEL NONE NONE

10/21/2022 10:08 AM ResponseInstrument  RX=WPSEL SIMULATED BUSY 0 L/2 2, WPROT SIMULATED ACK 30.0 HOME 0, CALW SIMULATED READY 0.0 HOME 0, ASEL SIMULATED READY 0.0 HOME 0, GMIR SIMULATED READY 0.0 HOME 0, GFOC SIMULATED READY 0.0 HOME 0

10/21/2022 10:08 AM CommandInstrument  TX=S4ICS WPROT INIT NONE,WPSEL NONE NONE,GMIR NONE NONE,GFOC NONE NONE,CALW NONE NONE,ASEL NONE NONE

10/21/2022 10:08 AM ResponseInstrument  RX=WPSEL SIMULATED BUSY 0 L/2 2, WPROT SIMULATED ACK 0.0 WP1 1, CALW SIMULATED READY 0.0 HOME 0, ASEL SIMULATED READY 0.0 HOME 0, GMIR SIMULATED READY 0.0 HOME 0, GFOC SIMULATED READY 0.0 HOME 0

10/21/2022 10:09 AM CommandInstrument  TX=S4ICS WPROT NONE NONE,WPSEL NONE NONE,GMIR NONE NONE,GFOC NONE NONE,CALW GOTO CLEAR,ASEL NONE NONE

10/21/2022 10:09 AM ResponseInstrument  RX=WPSEL SIMULATED READY 0 L/2 2, WPROT SIMULATED READY 30.0 HOME 0, CALW SIMULATED READY 0.0 HOME 0, ASEL SIMULATED READY 0.0 HOME 0, GMIR SIMULATED READY 0.0 HOME 0, GFOC SIMULATED READY 0.0 HOME 0

10/21/2022 10:09 AM CommandInstrument  TX=S4ICS WPROT NONE NONE,WPSEL NONE NONE,GMIR NONE NONE,GFOC NONE NONE,CALW NONE NONE,ASEL GOTO CLEAR

10/21/2022 10:09 AM ResponseInstrument  RX=WPSEL SIMULATED READY 0 L/2 2, WPROT SIMULATED READY 30.0 HOME 0, CALW SIMULATED READY 0.0 HOME 0, ASEL SIMULATED READY 0.0 HOME 0, GMIR SIMULATED READY 0.0 HOME 0, GFOC SIMULATED READY 0.0 HOME 0

10/21/2022 10:09 AM CommandInstrument  TX=S4ICS WPROT NONE NONE,WPSEL GOTO CLEAR,GMIR NONE NONE,GFOC NONE NONE,CALW GOTO CLEAR,ASEL GOTO CLEAR

10/21/2022 10:09 AM ResponseInstrument  RX=WPSEL SIMULATED READY 0 L/2 2, WPROT SIMULATED READY 30.0 HOME 0, CALW SIMULATED READY 0.0 HOME 0, ASEL SIMULATED READY 0.0 HOME 0, GMIR SIMULATED READY 0.0 HOME 0, GFOC SIMULATED READY 0.0 HOME 0

10/21/2022 10:21 AM CommandInstrument  TX=S4ICS WPROT NONE NONE,WPSEL INIT NONE,GMIR NONE NONE,GFOC NONE NONE,CALW NONE NONE,ASEL NONE NONE

10/21/2022 10:21 AM ResponseInstrument  RX=WPROT SIMULATED NONE 0 NONE -1, WPSEL SIMULATED BUSY 0 NONE -1, ASEL SIMULATED NONE 0 NONE -1, CALW SIMULATED NONE 0 NONE -1, GFOC SIMULATED NONE 0 NONE -1, GMIR SIMULATED NONE 0 NONE -1

10/21/2022 10:21 AM CommandInstrument  TX=S4ICS WPROT NONE NONE,WPSEL NONE NONE,GMIR NONE NONE,GFOC NONE NONE,CALW INIT NONE,ASEL NONE NONE

10/21/2022 10:21 AM ResponseInstrument  RX=WPROT SIMULATED NONE 0 NONE -1, WPSEL SIMULATED BUSY 0 NONE -1, ASEL SIMULATED NONE 0 NONE -1, CALW SIMULATED BUSY 0 NONE -1, GFOC SIMULATED NONE 0 NONE -1, GMIR SIMULATED NONE 0 NONE -1

10/21/2022 10:21 AM CommandInstrument  TX=S4ICS WPROT NONE NONE,WPSEL NONE NONE,GMIR INIT NONE,GFOC NONE NONE,CALW NONE NONE,ASEL NONE NONE

10/21/2022 10:21 AM ResponseInstrument  RX=WPROT SIMULATED NONE 0 NONE -1, WPSEL SIMULATED BUSY 0 NONE -1, ASEL SIMULATED NONE 0 NONE -1, CALW SIMULATED BUSY 0 NONE -1, GFOC SIMULATED NONE 0 NONE -1, GMIR SIMULATED BUSY 0 NONE -1

10/21/2022 10:22 AM CommandInstrument  TX=S4ICS WPROT INIT NONE,WPSEL NONE NONE,GMIR NONE NONE,GFOC NONE NONE,CALW NONE NONE,ASEL NONE NONE

10/21/2022 10:22 AM ResponseInstrument  RX=WPROT SIMULATED NONE 0 NONE -1, WPSEL SIMULATED READY 50 HOME 0, ASEL SIMULATED NONE 0 NONE -1, CALW SIMULATED READY 0 HOME 0, GFOC SIMULATED NONE 0 NONE -1, GMIR SIMULATED READY 0 HOME 0

10/21/2022 10:22 AM CommandInstrument  TX=S4ICS WPROT NONE NONE,WPSEL NONE NONE,GMIR NONE NONE,GFOC NONE NONE,CALW NONE NONE,ASEL INIT NONE

10/21/2022 10:22 AM ResponseInstrument  RX=WPROT SIMULATED NONE 0 NONE -1, WPSEL SIMULATED READY 50 HOME 0, ASEL SIMULATED BUSY 0 NONE -1, CALW SIMULATED READY 0 HOME 0, GFOC SIMULATED NONE 0 NONE -1, GMIR SIMULATED READY 0 HOME 0

10/21/2022 10:22 AM CommandInstrument  TX=S4ICS WPROT NONE NONE,WPSEL NONE NONE,GMIR NONE NONE,GFOC INIT NONE,CALW NONE NONE,ASEL NONE NONE

10/21/2022 10:22 AM ResponseInstrument  RX=WPROT SIMULATED NONE 0 NONE -1, WPSEL SIMULATED READY 50 HOME 0, ASEL SIMULATED BUSY 0 NONE -1, CALW SIMULATED READY 0 HOME 0, GFOC SIMULATED BUSY 0 NONE -1, GMIR SIMULATED READY 0 HOME 0

10/21/2022 10:22 AM CommandInstrument  TX=S4ICS WPROT INIT NONE,WPSEL NONE NONE,GMIR NONE NONE,GFOC NONE NONE,CALW NONE NONE,ASEL NONE NONE

10/21/2022 10:22 AM ResponseInstrument  RX=WPROT SIMULATED NONE 0 NONE -1, WPSEL SIMULATED READY 50 HOME 0, ASEL SIMULATED READY 0 HOME 0, CALW SIMULATED READY 0 HOME 0, GFOC SIMULATED READY 0 HOME 0, GMIR SIMULATED READY 0 HOME 0

10/21/2022 10:22 AM CommandInstrument  TX=S4ICS WPROT INIT NONE,WPSEL NONE NONE,GMIR NONE NONE,GFOC NONE NONE,CALW NONE NONE,ASEL NONE NONE

10/21/2022 10:22 AM ResponseInstrument  RX=WPROT SIMULATED NONE 0 NONE -1, WPSEL SIMULATED READY 50 HOME 0, ASEL SIMULATED READY 0 HOME 0, CALW SIMULATED READY 0 HOME 0, GFOC SIMULATED READY 0 HOME 0, GMIR SIMULATED READY 0 HOME 0

10/21/2022 10:23 AM CommandInstrument  TX=S4ICS WPROT NONE NONE,WPSEL GOTO CLEAR,GMIR NONE NONE,GFOC NONE NONE,CALW GOTO CLEAR,ASEL GOTO CLEAR

10/21/2022 10:23 AM ResponseInstrument  RX=WPROT SIMULATED NONE 0 NONE -1, WPSEL SIMULATED BUSY 50 HOME 0, ASEL SIMULATED BUSY 0 HOME 0, CALW SIMULATED BUSY 0 HOME 0, GFOC SIMULATED READY 0 HOME 0, GMIR SIMULATED READY 0 HOME 0

10/21/2022 10:23 AM CommandInstrument  TX=S4ICS WPROT INIT NONE,WPSEL NONE NONE,GMIR NONE NONE,GFOC NONE NONE,CALW NONE NONE,ASEL NONE NONE

10/21/2022 10:23 AM ResponseInstrument  RX=WPROT SIMULATED NONE 0 NONE -1, WPSEL SIMULATED READY 50 CLEAR 1, ASEL SIMULATED READY 0 CLEAR 1, CALW SIMULATED READY 0 CLEAR 1, GFOC SIMULATED READY 0 HOME 0, GMIR SIMULATED READY 0 HOME 0

10/21/2022 10:24 AM CommandAcquisChA  TX=WRITE_SETUP {"ACQUISITION_MODE":3,"TRIGGER_MODE":0,"READ_MODE":4,"PREAMP":0,"READOUT_RATE":0,"VERTICAL_SHIFT_SPEED":3,"EM_MODE":1,"EM_GAIN":2,"SHUTTER_MODE":2,"SHUTTER_TTL":0,"SHUTTER_OPENING_TIME":1,"SHUTTER_CLOSING_TIME":1,"VBIN":1,"HBIN":1,"INITIAL_LINE":1,"INITIAL_COLUMN":1,"FINAL_LINE":1024,"FINAL_COLUMN":1024,"FRAME_TRANSFER":true,"VERTICAL_CLOCK_VOLTAGE":0,"AD_CHANNEL":0}
10/21/2022 10:24 AM CommandAcquisChA  TX=SET EXPTIME 1.000000
10/21/2022 10:24 AM CommandAcquisChA  TX=SET #FRAMES 1.000000
10/21/2022 10:24 AM CommandAcquisChA  TX=SET #CUBES 1.0000 
10/21/2022 10:24 AM CommandAcquisChA  TX=SET SUFFIX 
