9/22/2022 11:03 AM CommandAcquisChA  TX=WRITE_SETUP {"ACQUISITION_MODE":3,"TRIGGER_MODE":0,"READ_MODE":4,"PREAMP":0,"READOUT_RATE":0,"VERTICAL_SHIFT_SPEED":3,"EM_MODE":1,"EM_GAIN":2,"SHUTTER_MODE":2,"SHUTTER_TTL":0,"SHUTTER_OPENING_TIME":1,"SHUTTER_CLOSING_TIME":1,"VBIN":1,"HBIN":1,"INITIAL_LINE":1,"INITIAL_COLUMN":1,"FINAL_LINE":1024,"FINAL_COLUMN":1024,"FRAME_TRANSFER":true,"VERTICAL_CLOCK_VOLTAGE":0,"AD_CHANNEL":0}
9/22/2022 11:03 AM CommandAcquisChB  TX=WRITE_SETUP {"ACQUISITION_MODE":3,"TRIGGER_MODE":0,"READ_MODE":4,"PREAMP":0,"READOUT_RATE":0,"VERTICAL_SHIFT_SPEED":3,"EM_MODE":1,"EM_GAIN":2,"SHUTTER_MODE":2,"SHUTTER_TTL":0,"SHUTTER_OPENING_TIME":1,"SHUTTER_CLOSING_TIME":1,"VBIN":1,"HBIN":1,"INITIAL_LINE":1,"INITIAL_COLUMN":1,"FINAL_LINE":1024,"FINAL_COLUMN":1024,"FRAME_TRANSFER":true,"VERTICAL_CLOCK_VOLTAGE":0,"AD_CHANNEL":0}
9/22/2022 11:03 AM CommandAcquisChC  TX=WRITE_SETUP {"ACQUISITION_MODE":3,"TRIGGER_MODE":0,"READ_MODE":4,"PREAMP":0,"READOUT_RATE":0,"VERTICAL_SHIFT_SPEED":3,"EM_MODE":1,"EM_GAIN":2,"SHUTTER_MODE":2,"SHUTTER_TTL":0,"SHUTTER_OPENING_TIME":1,"SHUTTER_CLOSING_TIME":1,"VBIN":1,"HBIN":1,"INITIAL_LINE":1,"INITIAL_COLUMN":1,"FINAL_LINE":1024,"FINAL_COLUMN":1024,"FRAME_TRANSFER":true,"VERTICAL_CLOCK_VOLTAGE":0,"AD_CHANNEL":0}
9/22/2022 11:03 AM CommandAcquisChD  TX=WRITE_SETUP {"ACQUISITION_MODE":3,"TRIGGER_MODE":0,"READ_MODE":4,"PREAMP":0,"READOUT_RATE":0,"VERTICAL_SHIFT_SPEED":3,"EM_MODE":1,"EM_GAIN":2,"SHUTTER_MODE":1,"SHUTTER_TTL":0,"SHUTTER_OPENING_TIME":1,"SHUTTER_CLOSING_TIME":1,"VBIN":1,"HBIN":1,"INITIAL_LINE":1,"INITIAL_COLUMN":1,"FINAL_LINE":1024,"FINAL_COLUMN":1024,"FRAME_TRANSFER":true,"VERTICAL_CLOCK_VOLTAGE":0,"AD_CHANNEL":0}
9/22/2022 11:03 AM CommandSyncBox  TX=ADELAY 0m

9/22/2022 11:03 AM ResponseSyncBox  RX=OK

9/22/2022 11:03 AM CommandSyncBox  TX=BDELAY 0m

9/22/2022 11:03 AM ResponseSyncBox  RX=OK

9/22/2022 11:03 AM CommandSyncBox  TX=CDELAY 0m

9/22/2022 11:03 AM ResponseSyncBox  RX=OK

9/22/2022 11:03 AM CommandSyncBox  TX=DDELAY 0m

9/22/2022 11:03 AM ResponseSyncBox  RX=OK

9/22/2022 11:03 AM CommandSyncBox  TX=AWIDTH 200m

9/22/2022 11:03 AM ResponseSyncBox  RX=OK

9/22/2022 11:03 AM CommandSyncBox  TX=BWIDTH 200m

9/22/2022 11:03 AM ResponseSyncBox  RX=OK

9/22/2022 11:03 AM CommandSyncBox  TX=CWIDTH 200m

9/22/2022 11:03 AM ResponseSyncBox  RX=OK

9/22/2022 11:03 AM CommandSyncBox  TX=DWIDTH 200m

9/22/2022 11:03 AM ResponseSyncBox  RX=OK

9/22/2022 11:03 AM CommandSyncBox  TX=aset on

9/22/2022 11:03 AM ResponseSyncBox  RX=OK

9/22/2022 11:03 AM CommandSyncBox  TX=bset on

9/22/2022 11:03 AM ResponseSyncBox  RX=OK

9/22/2022 11:03 AM CommandSyncBox  TX=cset on

9/22/2022 11:04 AM ResponseSyncBox  RX=OK

9/22/2022 11:04 AM CommandSyncBox  TX=dset on

9/22/2022 11:04 AM ResponseSyncBox  RX=OK

9/22/2022 11:04 AM CommandSyncBox  TX=IN

9/22/2022 11:04 AM ResponseSyncBox  RX=OK

9/22/2022 11:04 AM CommandAcquisChA  TX=READ_SETUP 
9/22/2022 11:04 AM CommandAcquisChB  TX=READ_SETUP 
9/22/2022 11:04 AM CommandAcquisChC  TX=READ_SETUP 
9/22/2022 11:04 AM CommandAcquisChD  TX=READ_SETUP 
9/22/2022 11:04 AM ResponseAcquisChC  RX=CCD_SETUP {"PREAMP":0,"READOUT_RATE":0,"EM_GAIN":2,"VBIN":1,"INITIAL_LINE":1,"INITIAL_COLUMN":1,"FINAL_LINE":1024,"FINAL_COLUMN":1024,"TRIGGER_MODE":0,"HBIN":1,"SHUTTER_TTL":0,"SHUTTER_MODE":2,"SHUTTER_OPENING_TIME":1,"SHUTTER_CLOSING_TIME":1,"VERTICAL_SHIFT_SPEED":3,"READ_MODE":4,"FRAME_TRANSFER":true,"VERTICAL_CLOCK_VOLTAGE":0,"ACQUISITION_MODE":3,"AD_CHANNEL":0,"EM_MODE":1}
9/22/2022 11:04 AM CommandAcquisChC  TX=SET COOLER_POWER_STATUS 0
9/22/2022 11:04 AM ResponseAcquisChA  RX=CCD_SETUP {"PREAMP":0,"READOUT_RATE":0,"EM_GAIN":2,"VBIN":1,"INITIAL_LINE":1,"INITIAL_COLUMN":1,"FINAL_LINE":1024,"FINAL_COLUMN":1024,"TRIGGER_MODE":0,"HBIN":1,"SHUTTER_TTL":0,"SHUTTER_MODE":2,"SHUTTER_OPENING_TIME":1,"SHUTTER_CLOSING_TIME":1,"VERTICAL_SHIFT_SPEED":3,"READ_MODE":4,"FRAME_TRANSFER":true,"VERTICAL_CLOCK_VOLTAGE":0,"ACQUISITION_MODE":3,"AD_CHANNEL":0,"EM_MODE":1}
9/22/2022 11:04 AM CommandAcquisChA  TX=SET COOLER_POWER_STATUS 0
9/22/2022 11:04 AM ResponseAcquisChC  RX=DONE
9/22/2022 11:04 AM ResponseAcquisChA  RX=DONE
9/22/2022 11:04 AM CommandAcquisChB  TX=SET COOLER_POWER_STATUS 0
9/22/2022 11:04 AM CommandAcquisChD  TX=SET COOLER_POWER_STATUS 0
9/22/2022 11:04 AM CommandAcquisChA  TX=WRITE_SETUP {"ACQUISITION_MODE":3,"TRIGGER_MODE":0,"READ_MODE":4,"PREAMP":0,"READOUT_RATE":0,"VERTICAL_SHIFT_SPEED":3,"EM_MODE":1,"EM_GAIN":2,"SHUTTER_MODE":2,"SHUTTER_TTL":0,"SHUTTER_OPENING_TIME":1,"SHUTTER_CLOSING_TIME":1,"VBIN":1,"HBIN":1,"INITIAL_LINE":1,"INITIAL_COLUMN":1,"FINAL_LINE":1024,"FINAL_COLUMN":1024,"FRAME_TRANSFER":true,"VERTICAL_CLOCK_VOLTAGE":0,"AD_CHANNEL":0}
9/22/2022 11:04 AM CommandAcquisChC  TX=WRITE_SETUP {"ACQUISITION_MODE":3,"TRIGGER_MODE":0,"READ_MODE":4,"PREAMP":0,"READOUT_RATE":0,"VERTICAL_SHIFT_SPEED":3,"EM_MODE":1,"EM_GAIN":2,"SHUTTER_MODE":2,"SHUTTER_TTL":0,"SHUTTER_OPENING_TIME":1,"SHUTTER_CLOSING_TIME":1,"VBIN":1,"HBIN":1,"INITIAL_LINE":1,"INITIAL_COLUMN":1,"FINAL_LINE":1024,"FINAL_COLUMN":1024,"FRAME_TRANSFER":true,"VERTICAL_CLOCK_VOLTAGE":0,"AD_CHANNEL":0}
9/22/2022 11:04 AM CommandAcquisChA  TX=WRITE_SETUP {"ACQUISITION_MODE":3,"TRIGGER_MODE":6,"READ_MODE":4,"PREAMP":0,"READOUT_RATE":0,"VERTICAL_SHIFT_SPEED":3,"EM_MODE":1,"EM_GAIN":2,"SHUTTER_MODE":2,"SHUTTER_TTL":0,"SHUTTER_OPENING_TIME":1,"SHUTTER_CLOSING_TIME":1,"VBIN":1,"HBIN":1,"INITIAL_LINE":1,"INITIAL_COLUMN":1,"FINAL_LINE":1024,"FINAL_COLUMN":1024,"FRAME_TRANSFER":true,"VERTICAL_CLOCK_VOLTAGE":0,"AD_CHANNEL":0}
9/22/2022 11:04 AM CommandAcquisChC  TX=WRITE_SETUP {"ACQUISITION_MODE":3,"TRIGGER_MODE":6,"READ_MODE":4,"PREAMP":0,"READOUT_RATE":0,"VERTICAL_SHIFT_SPEED":3,"EM_MODE":1,"EM_GAIN":2,"SHUTTER_MODE":2,"SHUTTER_TTL":0,"SHUTTER_OPENING_TIME":1,"SHUTTER_CLOSING_TIME":1,"VBIN":1,"HBIN":1,"INITIAL_LINE":1,"INITIAL_COLUMN":1,"FINAL_LINE":1024,"FINAL_COLUMN":1024,"FRAME_TRANSFER":true,"VERTICAL_CLOCK_VOLTAGE":0,"AD_CHANNEL":0}
9/22/2022 11:04 AM CommandAcquisChA  TX=READ_SETUP 
9/22/2022 11:04 AM CommandAcquisChC  TX=READ_SETUP 
9/22/2022 11:04 AM ResponseAcquisChA  RX=CCD_SETUP {"PREAMP":0,"READOUT_RATE":0,"EM_GAIN":2,"VBIN":1,"INITIAL_LINE":1,"INITIAL_COLUMN":1,"FINAL_LINE":1024,"FINAL_COLUMN":1024,"TRIGGER_MODE":6,"HBIN":1,"SHUTTER_TTL":0,"SHUTTER_MODE":2,"SHUTTER_OPENING_TIME":1,"SHUTTER_CLOSING_TIME":1,"VERTICAL_SHIFT_SPEED":3,"READ_MODE":4,"FRAME_TRANSFER":true,"VERTICAL_CLOCK_VOLTAGE":0,"ACQUISITION_MODE":3,"AD_CHANNEL":0,"EM_MODE":1}
9/22/2022 11:04 AM CommandAcquisChA  TX=SET COOLER_POWER_STATUS 0
9/22/2022 11:04 AM ResponseAcquisChC  RX=CCD_SETUP {"PREAMP":0,"READOUT_RATE":0,"EM_GAIN":2,"VBIN":1,"INITIAL_LINE":1,"INITIAL_COLUMN":1,"FINAL_LINE":1024,"FINAL_COLUMN":1024,"TRIGGER_MODE":6,"HBIN":1,"SHUTTER_TTL":0,"SHUTTER_MODE":2,"SHUTTER_OPENING_TIME":1,"SHUTTER_CLOSING_TIME":1,"VERTICAL_SHIFT_SPEED":3,"READ_MODE":4,"FRAME_TRANSFER":true,"VERTICAL_CLOCK_VOLTAGE":0,"ACQUISITION_MODE":3,"AD_CHANNEL":0,"EM_MODE":1}
9/22/2022 11:04 AM CommandAcquisChC  TX=SET COOLER_POWER_STATUS 0
9/22/2022 11:04 AM ResponseAcquisChC  RX=DONE
9/22/2022 11:04 AM ResponseAcquisChA  RX=DONE
9/22/2022 11:05 AM CommandAcquisChA  TX=SET EXPTIME 1.000000
9/22/2022 11:05 AM ResponseAcquisChA  RX=DONE
9/22/2022 11:05 AM CommandAcquisChA  TX=SET #FRAMES 10.000000
9/22/2022 11:05 AM CommandAcquisChA  TX=SET #CUBES 1.0000 
9/22/2022 11:05 AM ResponseAcquisChA  RX=DONE
9/22/2022 11:05 AM CommandAcquisChA  TX=SET SUFFIX 
9/22/2022 11:05 AM ResponseAcquisChA  RX=DONE
9/22/2022 11:05 AM ResponseAcquisChA  RX=DONE
9/22/2022 11:05 AM CommandAcquisChA  TX=SET OBSTYPE OBJECT
9/22/2022 11:05 AM ResponseAcquisChA  RX=DONE
9/22/2022 11:05 AM CommandAcquisChC  TX=SET EXPTIME 1.000000
9/22/2022 11:05 AM ResponseAcquisChC  RX=DONE
9/22/2022 11:05 AM CommandAcquisChC  TX=SET #FRAMES 10.000000
9/22/2022 11:05 AM ResponseAcquisChC  RX=DONE
9/22/2022 11:05 AM CommandAcquisChC  TX=SET #CUBES 1.0000 
9/22/2022 11:05 AM ResponseAcquisChC  RX=DONE
9/22/2022 11:05 AM CommandAcquisChC  TX=SET SUFFIX 
9/22/2022 11:05 AM ResponseAcquisChC  RX=DONE
9/22/2022 11:05 AM CommandAcquisChC  TX=SET OBSTYPE OBJECT
9/22/2022 11:05 AM ResponseAcquisChC  RX=DONE
9/22/2022 11:05 AM CommandSyncBox  TX=ADELAY 0m

9/22/2022 11:05 AM ResponseSyncBox  RX=OK

9/22/2022 11:05 AM CommandSyncBox  TX=BDELAY 0m

9/22/2022 11:05 AM ResponseSyncBox  RX=OK

9/22/2022 11:05 AM CommandSyncBox  TX=CDELAY 0m

9/22/2022 11:05 AM ResponseSyncBox  RX=OK

9/22/2022 11:05 AM CommandSyncBox  TX=DDELAY 0m

9/22/2022 11:05 AM ResponseSyncBox  RX=OK

9/22/2022 11:05 AM CommandSyncBox  TX=AWIDTH 200m

9/22/2022 11:05 AM ResponseSyncBox  RX=OK

9/22/2022 11:05 AM CommandSyncBox  TX=BWIDTH 200m

9/22/2022 11:05 AM ResponseSyncBox  RX=OK

9/22/2022 11:05 AM CommandSyncBox  TX=CWIDTH 200m

9/22/2022 11:05 AM ResponseSyncBox  RX=OK

9/22/2022 11:05 AM CommandSyncBox  TX=DWIDTH 200m

9/22/2022 11:05 AM ResponseSyncBox  RX=OK

9/22/2022 11:05 AM CommandSyncBox  TX=aset on

9/22/2022 11:05 AM ResponseSyncBox  RX=OK

9/22/2022 11:05 AM CommandSyncBox  TX=bset on

9/22/2022 11:05 AM ResponseSyncBox  RX=OK

9/22/2022 11:05 AM CommandSyncBox  TX=cset on

9/22/2022 11:05 AM ResponseSyncBox  RX=OK

9/22/2022 11:05 AM CommandSyncBox  TX=dset on

9/22/2022 11:05 AM ResponseSyncBox  RX=OK

9/22/2022 11:05 AM CommandSyncBox  TX=IN

9/22/2022 11:05 AM ResponseSyncBox  RX=OK

9/22/2022 11:05 AM CommandAcquisChA  TX=EXPOSE
9/22/2022 11:05 AM CommandAcquisChC  TX=EXPOSE
9/22/2022 11:05 AM CommandSyncBox  TX=TRigger REmote

9/22/2022 11:05 AM ResponseSyncBox  RX=OK

9/22/2022 11:05 AM CommandSyncBox  TX=IN

9/22/2022 11:05 AM ResponseSyncBox  RX=OK

9/22/2022 11:05 AM CommandSyncBox  TX=TRigger

9/22/2022 11:05 AM ResponseSyncBox  RX=Trig   REM  50R  Level 1.250   Div   0,000,000,000  SYN 00,010,000.00

9/22/2022 11:05 AM CommandSyncBox  TX=FIre

9/22/2022 11:05 AM ResponseSyncBox  RX=OK

9/22/2022 11:06 AM CommandInstrument  TX=S4ICS WPROT NONE NONE,WPSEL GOTO L/2,GMIR NONE NONE,GFOC NONE NONE,CALW GOTO POLARIZER,ASEL GOTO ANALYZER

9/22/2022 11:06 AM ResponseInstrument  RX=WPROT SIMULATED READY 135 WP7 7, WPSEL SIMULATED BUSY 50 CLEAR 1, ASEL SIMULATED BUSY 0 CLEAR 1, CALW SIMULATED BUSY 0 CLEAR 1, GFOC SIMULATED READY 0 HOME 0, GMIR SIMULATED READY 0 HOME 0

9/22/2022 11:07 AM CommandAcquisChA  TX=SET EXPTIME 1.500000
9/22/2022 11:07 AM ResponseAcquisChA  RX=DONE
9/22/2022 11:07 AM CommandAcquisChA  TX=SET #FRAMES 10.000000
9/22/2022 11:07 AM ResponseAcquisChA  RX=DONE
9/22/2022 11:07 AM CommandAcquisChA  TX=SET #CUBES 1.0000 
9/22/2022 11:07 AM ResponseAcquisChA  RX=DONE
9/22/2022 11:07 AM CommandAcquisChA  TX=SET SUFFIX 
9/22/2022 11:07 AM ResponseAcquisChA  RX=DONE
9/22/2022 11:07 AM CommandAcquisChA  TX=SET OBSTYPE OBJECT
9/22/2022 11:07 AM ResponseAcquisChA  RX=DONE
9/22/2022 11:07 AM CommandAcquisChC  TX=SET EXPTIME 2.000000
9/22/2022 11:07 AM ResponseAcquisChC  RX=DONE
9/22/2022 11:07 AM CommandAcquisChC  TX=SET #FRAMES 5.000000
9/22/2022 11:07 AM ResponseAcquisChC  RX=DONE
9/22/2022 11:07 AM CommandAcquisChC  TX=SET #CUBES 1.0000 
9/22/2022 11:07 AM ResponseAcquisChC  RX=DONE
9/22/2022 11:07 AM CommandAcquisChC  TX=SET SUFFIX 
9/22/2022 11:07 AM ResponseAcquisChC  RX=DONE
9/22/2022 11:07 AM CommandAcquisChC  TX=SET OBSTYPE OBJECT
9/22/2022 11:07 AM ResponseAcquisChC  RX=DONE
9/22/2022 11:07 AM CommandInstrument  TX=S4ICS WPROT GOTO WP3,WPSEL NONE NONE,GMIR NONE NONE,GFOC NONE NONE,CALW NONE NONE,ASEL NONE NONE

9/22/2022 11:07 AM ResponseInstrument  RX=WPROT SIMULATED BUSY 135 WP7 7, WPSEL SIMULATED READY 0 L/2 2, ASEL SIMULATED READY 100 ANALYZER 2, CALW SIMULATED READY 72 POLARIZER 2, GFOC SIMULATED READY 0 HOME 0, GMIR SIMULATED READY 0 HOME 0

9/22/2022 11:07 AM CommandSyncBox  TX=ADELAY 0m

9/22/2022 11:07 AM ResponseSyncBox  RX=OK

9/22/2022 11:07 AM CommandSyncBox  TX=BDELAY 0m

9/22/2022 11:07 AM ResponseSyncBox  RX=OK

9/22/2022 11:07 AM CommandSyncBox  TX=CDELAY 0m

9/22/2022 11:07 AM ResponseSyncBox  RX=OK

9/22/2022 11:07 AM CommandSyncBox  TX=DDELAY 0m

9/22/2022 11:07 AM ResponseSyncBox  RX=OK

9/22/2022 11:07 AM CommandSyncBox  TX=AWIDTH 200m

9/22/2022 11:07 AM ResponseSyncBox  RX=OK

9/22/2022 11:07 AM CommandSyncBox  TX=BWIDTH 200m

9/22/2022 11:07 AM ResponseSyncBox  RX=OK

9/22/2022 11:07 AM CommandSyncBox  TX=CWIDTH 200m

9/22/2022 11:07 AM ResponseSyncBox  RX=OK

9/22/2022 11:07 AM CommandSyncBox  TX=DWIDTH 200m

9/22/2022 11:07 AM ResponseSyncBox  RX=OK

9/22/2022 11:07 AM CommandSyncBox  TX=aset on

9/22/2022 11:07 AM ResponseSyncBox  RX=OK

9/22/2022 11:07 AM CommandSyncBox  TX=bset on

9/22/2022 11:07 AM ResponseSyncBox  RX=OK

9/22/2022 11:07 AM CommandSyncBox  TX=cset on

9/22/2022 11:07 AM ResponseSyncBox  RX=OK

9/22/2022 11:07 AM CommandSyncBox  TX=dset on

9/22/2022 11:07 AM ResponseSyncBox  RX=OK

9/22/2022 11:07 AM CommandSyncBox  TX=IN

9/22/2022 11:07 AM ResponseSyncBox  RX=OK

9/22/2022 11:07 AM CommandAcquisChA  TX=EXPOSE
9/22/2022 11:07 AM CommandAcquisChC  TX=EXPOSE
9/22/2022 11:07 AM CommandSyncBox  TX=TRigger REmote

9/22/2022 11:07 AM ResponseSyncBox  RX=OK

9/22/2022 11:07 AM CommandSyncBox  TX=IN

9/22/2022 11:07 AM ResponseSyncBox  RX=OK

9/22/2022 11:07 AM CommandSyncBox  TX=TRigger

9/22/2022 11:07 AM ResponseSyncBox  RX=Trig   REM  50R  Level 1.250   Div   0,000,000,000  SYN 00,010,000.00

9/22/2022 11:07 AM CommandSyncBox  TX=FIre

9/22/2022 11:07 AM ResponseSyncBox  RX=OK

9/22/2022 11:08 AM CommandInstrument  TX=S4ICS WPROT GOTO WP7,WPSEL NONE NONE,GMIR NONE NONE,GFOC NONE NONE,CALW NONE NONE,ASEL NONE NONE

9/22/2022 11:08 AM ResponseInstrument  RX=WPROT SIMULATED BUSY 45 WP3 3, WPSEL SIMULATED READY 0 L/2 2, ASEL SIMULATED READY 100 ANALYZER 2, CALW SIMULATED READY 72 POLARIZER 2, GFOC SIMULATED READY 0 HOME 0, GMIR SIMULATED READY 0 HOME 0

9/22/2022 11:08 AM CommandSyncBox  TX=ADELAY 0m

9/22/2022 11:08 AM ResponseSyncBox  RX=OK

9/22/2022 11:08 AM CommandSyncBox  TX=BDELAY 0m

9/22/2022 11:08 AM ResponseSyncBox  RX=OK

9/22/2022 11:08 AM CommandSyncBox  TX=CDELAY 0m

9/22/2022 11:08 AM ResponseSyncBox  RX=OK

9/22/2022 11:08 AM CommandSyncBox  TX=DDELAY 0m

9/22/2022 11:08 AM ResponseSyncBox  RX=OK

9/22/2022 11:08 AM CommandSyncBox  TX=AWIDTH 200m

9/22/2022 11:08 AM ResponseSyncBox  RX=OK

9/22/2022 11:08 AM CommandSyncBox  TX=BWIDTH 200m

9/22/2022 11:08 AM ResponseSyncBox  RX=OK

9/22/2022 11:08 AM CommandSyncBox  TX=CWIDTH 200m

9/22/2022 11:08 AM ResponseSyncBox  RX=OK

9/22/2022 11:08 AM CommandSyncBox  TX=DWIDTH 200m

9/22/2022 11:08 AM ResponseSyncBox  RX=OK

9/22/2022 11:08 AM CommandSyncBox  TX=aset on

9/22/2022 11:08 AM ResponseSyncBox  RX=OK

9/22/2022 11:08 AM CommandSyncBox  TX=bset on

9/22/2022 11:08 AM ResponseSyncBox  RX=OK

9/22/2022 11:08 AM CommandSyncBox  TX=cset on

9/22/2022 11:08 AM ResponseSyncBox  RX=OK

9/22/2022 11:08 AM CommandSyncBox  TX=dset on

9/22/2022 11:08 AM ResponseSyncBox  RX=OK

9/22/2022 11:08 AM CommandSyncBox  TX=IN

9/22/2022 11:08 AM ResponseSyncBox  RX=OK

9/22/2022 11:08 AM CommandAcquisChA  TX=EXPOSE
9/22/2022 11:08 AM CommandAcquisChC  TX=EXPOSE
9/22/2022 11:08 AM CommandSyncBox  TX=TRigger REmote

9/22/2022 11:08 AM ResponseSyncBox  RX=OK

9/22/2022 11:08 AM CommandSyncBox  TX=IN

9/22/2022 11:08 AM ResponseSyncBox  RX=OK

9/22/2022 11:08 AM CommandSyncBox  TX=TRigger

9/22/2022 11:08 AM ResponseSyncBox  RX=Trig   REM  50R  Level 1.250   Div   0,000,000,000  SYN 00,010,000.00

9/22/2022 11:08 AM CommandSyncBox  TX=FIre

9/22/2022 11:08 AM ResponseSyncBox  RX=OK

9/22/2022 11:08 AM CommandInstrument  TX=S4ICS WPROT GOTO WP11,WPSEL NONE NONE,GMIR NONE NONE,GFOC NONE NONE,CALW NONE NONE,ASEL NONE NONE

9/22/2022 11:08 AM ResponseInstrument  RX=WPROT SIMULATED BUSY 135 WP7 7, WPSEL SIMULATED READY 0 L/2 2, ASEL SIMULATED READY 100 ANALYZER 2, CALW SIMULATED READY 72 POLARIZER 2, GFOC SIMULATED READY 0 HOME 0, GMIR SIMULATED READY 0 HOME 0

9/22/2022 11:08 AM CommandSyncBox  TX=ADELAY 0m

9/22/2022 11:08 AM ResponseSyncBox  RX=OK

9/22/2022 11:08 AM CommandSyncBox  TX=BDELAY 0m

9/22/2022 11:08 AM ResponseSyncBox  RX=OK

9/22/2022 11:08 AM CommandSyncBox  TX=CDELAY 0m

9/22/2022 11:08 AM ResponseSyncBox  RX=OK

9/22/2022 11:08 AM CommandSyncBox  TX=DDELAY 0m

9/22/2022 11:08 AM ResponseSyncBox  RX=OK

9/22/2022 11:08 AM CommandSyncBox  TX=AWIDTH 200m

9/22/2022 11:08 AM ResponseSyncBox  RX=OK

9/22/2022 11:08 AM CommandSyncBox  TX=BWIDTH 200m

9/22/2022 11:08 AM ResponseSyncBox  RX=OK

9/22/2022 11:08 AM CommandSyncBox  TX=CWIDTH 200m

9/22/2022 11:08 AM ResponseSyncBox  RX=OK

9/22/2022 11:08 AM CommandSyncBox  TX=DWIDTH 200m

9/22/2022 11:08 AM ResponseSyncBox  RX=OK

9/22/2022 11:08 AM CommandSyncBox  TX=aset on

9/22/2022 11:08 AM ResponseSyncBox  RX=OK

9/22/2022 11:08 AM CommandSyncBox  TX=bset on

9/22/2022 11:08 AM ResponseSyncBox  RX=OK

9/22/2022 11:08 AM CommandSyncBox  TX=cset on

9/22/2022 11:08 AM ResponseSyncBox  RX=OK

9/22/2022 11:08 AM CommandSyncBox  TX=dset on

9/22/2022 11:08 AM ResponseSyncBox  RX=OK

9/22/2022 11:08 AM CommandSyncBox  TX=IN

9/22/2022 11:08 AM ResponseSyncBox  RX=OK

9/22/2022 11:08 AM CommandAcquisChA  TX=EXPOSE
9/22/2022 11:08 AM CommandAcquisChC  TX=EXPOSE
9/22/2022 11:08 AM CommandSyncBox  TX=TRigger REmote

9/22/2022 11:08 AM ResponseSyncBox  RX=OK

9/22/2022 11:08 AM CommandSyncBox  TX=IN

9/22/2022 11:08 AM ResponseSyncBox  RX=OK

9/22/2022 11:08 AM CommandSyncBox  TX=TRigger

9/22/2022 11:08 AM ResponseSyncBox  RX=Trig   REM  50R  Level 1.250   Div   0,000,000,000  SYN 00,010,000.00

9/22/2022 11:08 AM CommandSyncBox  TX=FIre

9/22/2022 11:08 AM ResponseSyncBox  RX=OK

9/22/2022 11:09 AM CommandInstrument  TX=S4ICS WPROT GOTO WP15,WPSEL NONE NONE,GMIR NONE NONE,GFOC NONE NONE,CALW NONE NONE,ASEL NONE NONE

9/22/2022 11:09 AM ResponseInstrument  RX=WPROT SIMULATED BUSY 225 WP11 11, WPSEL SIMULATED READY 0 L/2 2, ASEL SIMULATED READY 100 ANALYZER 2, CALW SIMULATED READY 72 POLARIZER 2, GFOC SIMULATED READY 0 HOME 0, GMIR SIMULATED READY 0 HOME 0

9/22/2022 11:09 AM CommandSyncBox  TX=ADELAY 0m

9/22/2022 11:09 AM ResponseSyncBox  RX=OK

9/22/2022 11:09 AM CommandSyncBox  TX=BDELAY 0m

9/22/2022 11:09 AM ResponseSyncBox  RX=OK

9/22/2022 11:09 AM CommandSyncBox  TX=CDELAY 0m

9/22/2022 11:09 AM ResponseSyncBox  RX=OK

9/22/2022 11:09 AM CommandSyncBox  TX=DDELAY 0m

9/22/2022 11:09 AM ResponseSyncBox  RX=OK

9/22/2022 11:09 AM CommandSyncBox  TX=AWIDTH 200m

9/22/2022 11:09 AM ResponseSyncBox  RX=OK

9/22/2022 11:09 AM CommandSyncBox  TX=BWIDTH 200m

9/22/2022 11:09 AM ResponseSyncBox  RX=OK

9/22/2022 11:09 AM CommandSyncBox  TX=CWIDTH 200m

9/22/2022 11:09 AM ResponseSyncBox  RX=OK

9/22/2022 11:09 AM CommandSyncBox  TX=DWIDTH 200m

9/22/2022 11:09 AM ResponseSyncBox  RX=OK

9/22/2022 11:09 AM CommandSyncBox  TX=aset on

9/22/2022 11:09 AM ResponseSyncBox  RX=OK

9/22/2022 11:09 AM CommandSyncBox  TX=bset on

9/22/2022 11:09 AM ResponseSyncBox  RX=OK

9/22/2022 11:09 AM CommandSyncBox  TX=cset on

9/22/2022 11:09 AM ResponseSyncBox  RX=OK

9/22/2022 11:09 AM CommandSyncBox  TX=dset on

9/22/2022 11:09 AM ResponseSyncBox  RX=OK

9/22/2022 11:09 AM CommandSyncBox  TX=IN

9/22/2022 11:09 AM ResponseSyncBox  RX=OK

9/22/2022 11:09 AM CommandAcquisChA  TX=EXPOSE
9/22/2022 11:09 AM CommandAcquisChC  TX=EXPOSE
9/22/2022 11:09 AM CommandSyncBox  TX=TRigger REmote

9/22/2022 11:09 AM ResponseSyncBox  RX=OK

9/22/2022 11:09 AM CommandSyncBox  TX=IN

9/22/2022 11:09 AM ResponseSyncBox  RX=OK

9/22/2022 11:09 AM CommandSyncBox  TX=TRigger

9/22/2022 11:09 AM ResponseSyncBox  RX=Trig   REM  50R  Level 1.250   Div   0,000,000,000  SYN 00,010,000.00

9/22/2022 11:09 AM CommandSyncBox  TX=FIre

9/22/2022 11:09 AM ResponseSyncBox  RX=OK

9/22/2022 11:18 AM CommandAcquisChA  TX=WRITE_SETUP {"ACQUISITION_MODE":3,"TRIGGER_MODE":0,"READ_MODE":4,"PREAMP":0,"READOUT_RATE":0,"VERTICAL_SHIFT_SPEED":3,"EM_MODE":1,"EM_GAIN":2,"SHUTTER_MODE":2,"SHUTTER_TTL":0,"SHUTTER_OPENING_TIME":1,"SHUTTER_CLOSING_TIME":1,"VBIN":1,"HBIN":1,"INITIAL_LINE":1,"INITIAL_COLUMN":1,"FINAL_LINE":1024,"FINAL_COLUMN":1024,"FRAME_TRANSFER":true,"VERTICAL_CLOCK_VOLTAGE":0,"AD_CHANNEL":0}
9/22/2022 11:18 AM CommandAcquisChB  TX=WRITE_SETUP {"ACQUISITION_MODE":3,"TRIGGER_MODE":0,"READ_MODE":4,"PREAMP":0,"READOUT_RATE":0,"VERTICAL_SHIFT_SPEED":3,"EM_MODE":1,"EM_GAIN":2,"SHUTTER_MODE":2,"SHUTTER_TTL":0,"SHUTTER_OPENING_TIME":1,"SHUTTER_CLOSING_TIME":1,"VBIN":1,"HBIN":1,"INITIAL_LINE":1,"INITIAL_COLUMN":1,"FINAL_LINE":1024,"FINAL_COLUMN":1024,"FRAME_TRANSFER":true,"VERTICAL_CLOCK_VOLTAGE":0,"AD_CHANNEL":0}
9/22/2022 11:18 AM CommandAcquisChC  TX=WRITE_SETUP {"ACQUISITION_MODE":3,"TRIGGER_MODE":0,"READ_MODE":4,"PREAMP":0,"READOUT_RATE":0,"VERTICAL_SHIFT_SPEED":3,"EM_MODE":1,"EM_GAIN":2,"SHUTTER_MODE":2,"SHUTTER_TTL":0,"SHUTTER_OPENING_TIME":1,"SHUTTER_CLOSING_TIME":1,"VBIN":1,"HBIN":1,"INITIAL_LINE":1,"INITIAL_COLUMN":1,"FINAL_LINE":1024,"FINAL_COLUMN":1024,"FRAME_TRANSFER":true,"VERTICAL_CLOCK_VOLTAGE":0,"AD_CHANNEL":0}
9/22/2022 11:18 AM CommandAcquisChA  TX=READ_SETUP 
9/22/2022 11:18 AM CommandAcquisChB  TX=READ_SETUP 
9/22/2022 11:18 AM CommandAcquisChC  TX=READ_SETUP 
9/22/2022 11:18 AM ResponseAcquisChA  RX=CCD_SETUP {"PREAMP":0,"READOUT_RATE":0,"EM_GAIN":2,"VBIN":1,"INITIAL_LINE":1,"INITIAL_COLUMN":1,"FINAL_LINE":1024,"FINAL_COLUMN":1024,"TRIGGER_MODE":0,"HBIN":1,"SHUTTER_TTL":0,"SHUTTER_MODE":2,"SHUTTER_OPENING_TIME":1,"SHUTTER_CLOSING_TIME":1,"VERTICAL_SHIFT_SPEED":3,"READ_MODE":4,"FRAME_TRANSFER":true,"VERTICAL_CLOCK_VOLTAGE":0,"ACQUISITION_MODE":3,"AD_CHANNEL":0,"EM_MODE":1}
9/22/2022 11:18 AM ResponseAcquisChB  RX=CCD_SETUP {"PREAMP":0,"READOUT_RATE":0,"EM_GAIN":2,"VBIN":1,"INITIAL_LINE":1,"INITIAL_COLUMN":1,"FINAL_LINE":1024,"FINAL_COLUMN":1024,"TRIGGER_MODE":0,"HBIN":1,"SHUTTER_TTL":0,"SHUTTER_MODE":2,"SHUTTER_OPENING_TIME":1,"SHUTTER_CLOSING_TIME":1,"VERTICAL_SHIFT_SPEED":3,"READ_MODE":4,"FRAME_TRANSFER":true,"VERTICAL_CLOCK_VOLTAGE":0,"ACQUISITION_MODE":3,"AD_CHANNEL":0,"EM_MODE":1}
9/22/2022 11:18 AM ResponseAcquisChC  RX=CCD_SETUP {"PREAMP":0,"READOUT_RATE":0,"EM_GAIN":2,"VBIN":1,"INITIAL_LINE":1,"INITIAL_COLUMN":1,"FINAL_LINE":1024,"FINAL_COLUMN":1024,"TRIGGER_MODE":0,"HBIN":1,"SHUTTER_TTL":0,"SHUTTER_MODE":2,"SHUTTER_OPENING_TIME":1,"SHUTTER_CLOSING_TIME":1,"VERTICAL_SHIFT_SPEED":3,"READ_MODE":4,"FRAME_TRANSFER":true,"VERTICAL_CLOCK_VOLTAGE":0,"ACQUISITION_MODE":3,"AD_CHANNEL":0,"EM_MODE":1}
9/22/2022 11:18 AM CommandAcquisChA  TX=SET COOLER_POWER_STATUS 0
9/22/2022 11:18 AM CommandAcquisChB  TX=SET COOLER_POWER_STATUS 0
9/22/2022 11:18 AM CommandAcquisChC  TX=SET COOLER_POWER_STATUS 0
9/22/2022 11:18 AM ResponseAcquisChA  RX=DONE
9/22/2022 11:18 AM ResponseAcquisChB  RX=DONE
9/22/2022 11:18 AM ResponseAcquisChC  RX=DONE
9/22/2022 11:19 AM CommandAcquisChA  TX=WRITE_SETUP {"ACQUISITION_MODE":3,"TRIGGER_MODE":0,"READ_MODE":4,"PREAMP":0,"READOUT_RATE":0,"VERTICAL_SHIFT_SPEED":3,"EM_MODE":1,"EM_GAIN":2,"SHUTTER_MODE":2,"SHUTTER_TTL":0,"SHUTTER_OPENING_TIME":1,"SHUTTER_CLOSING_TIME":1,"VBIN":1,"HBIN":1,"INITIAL_LINE":1,"INITIAL_COLUMN":1,"FINAL_LINE":1024,"FINAL_COLUMN":1024,"FRAME_TRANSFER":true,"VERTICAL_CLOCK_VOLTAGE":0,"AD_CHANNEL":0}
9/22/2022 11:19 AM CommandAcquisChB  TX=WRITE_SETUP {"ACQUISITION_MODE":3,"TRIGGER_MODE":0,"READ_MODE":4,"PREAMP":0,"READOUT_RATE":0,"VERTICAL_SHIFT_SPEED":3,"EM_MODE":1,"EM_GAIN":2,"SHUTTER_MODE":2,"SHUTTER_TTL":0,"SHUTTER_OPENING_TIME":1,"SHUTTER_CLOSING_TIME":1,"VBIN":1,"HBIN":1,"INITIAL_LINE":1,"INITIAL_COLUMN":1,"FINAL_LINE":1024,"FINAL_COLUMN":1024,"FRAME_TRANSFER":true,"VERTICAL_CLOCK_VOLTAGE":0,"AD_CHANNEL":0}
9/22/2022 11:19 AM CommandAcquisChC  TX=WRITE_SETUP {"ACQUISITION_MODE":3,"TRIGGER_MODE":0,"READ_MODE":4,"PREAMP":0,"READOUT_RATE":0,"VERTICAL_SHIFT_SPEED":3,"EM_MODE":1,"EM_GAIN":2,"SHUTTER_MODE":2,"SHUTTER_TTL":0,"SHUTTER_OPENING_TIME":1,"SHUTTER_CLOSING_TIME":1,"VBIN":1,"HBIN":1,"INITIAL_LINE":1,"INITIAL_COLUMN":1,"FINAL_LINE":1024,"FINAL_COLUMN":1024,"FRAME_TRANSFER":true,"VERTICAL_CLOCK_VOLTAGE":0,"AD_CHANNEL":0}
9/22/2022 11:19 AM CommandAcquisChA  TX=READ_SETUP 
9/22/2022 11:19 AM CommandAcquisChB  TX=READ_SETUP 
9/22/2022 11:19 AM CommandAcquisChC  TX=READ_SETUP 
9/22/2022 11:19 AM ResponseAcquisChA  RX=CCD_SETUP {"PREAMP":0,"READOUT_RATE":0,"EM_GAIN":2,"VBIN":1,"INITIAL_LINE":1,"INITIAL_COLUMN":1,"FINAL_LINE":1024,"FINAL_COLUMN":1024,"TRIGGER_MODE":0,"HBIN":1,"SHUTTER_TTL":0,"SHUTTER_MODE":2,"SHUTTER_OPENING_TIME":1,"SHUTTER_CLOSING_TIME":1,"VERTICAL_SHIFT_SPEED":3,"READ_MODE":4,"FRAME_TRANSFER":true,"VERTICAL_CLOCK_VOLTAGE":0,"ACQUISITION_MODE":3,"AD_CHANNEL":0,"EM_MODE":1}
9/22/2022 11:19 AM CommandAcquisChA  TX=SET COOLER_POWER_STATUS 0
9/22/2022 11:19 AM CommandAcquisChB  TX=SET COOLER_POWER_STATUS 0
9/22/2022 11:19 AM CommandAcquisChC  TX=SET COOLER_POWER_STATUS 0
9/22/2022 11:19 AM ResponseAcquisChA  RX=DONE
9/22/2022 11:19 AM ResponseAcquisChB  RX=CCD_SETUP {"PREAMP":0,"READOUT_RATE":0,"EM_GAIN":2,"VBIN":1,"INITIAL_LINE":1,"INITIAL_COLUMN":1,"FINAL_LINE":1024,"FINAL_COLUMN":1024,"TRIGGER_MODE":0,"HBIN":1,"SHUTTER_TTL":0,"SHUTTER_MODE":2,"SHUTTER_OPENING_TIME":1,"SHUTTER_CLOSING_TIME":1,"VERTICAL_SHIFT_SPEED":3,"READ_MODE":4,"FRAME_TRANSFER":true,"VERTICAL_CLOCK_VOLTAGE":0,"ACQUISITION_MODE":3,"AD_CHANNEL":0,"EM_MODE":1}
9/22/2022 11:19 AM ResponseAcquisChC  RX=CCD_SETUP {"PREAMP":0,"READOUT_RATE":0,"EM_GAIN":2,"VBIN":1,"INITIAL_LINE":1,"INITIAL_COLUMN":1,"FINAL_LINE":1024,"FINAL_COLUMN":1024,"TRIGGER_MODE":0,"HBIN":1,"SHUTTER_TTL":0,"SHUTTER_MODE":2,"SHUTTER_OPENING_TIME":1,"SHUTTER_CLOSING_TIME":1,"VERTICAL_SHIFT_SPEED":3,"READ_MODE":4,"FRAME_TRANSFER":true,"VERTICAL_CLOCK_VOLTAGE":0,"ACQUISITION_MODE":3,"AD_CHANNEL":0,"EM_MODE":1}
9/22/2022 11:19 AM ResponseAcquisChB  RX=DONE
9/22/2022 11:19 AM ResponseAcquisChC  RX=DONE
9/22/2022 11:19 AM CommandInstrument  TX=S4ICS WPROT NONE NONE,WPSEL GOTO CLEAR,GMIR NONE NONE,GFOC NONE NONE,CALW GOTO CLEAR,ASEL GOTO CLEAR

9/22/2022 11:19 AM ResponseInstrument  RX=WPROT SIMULATED READY 315 WP15 15, WPSEL SIMULATED BUSY 0 L/2 2, ASEL SIMULATED BUSY 100 ANALYZER 2, CALW SIMULATED BUSY 72 POLARIZER 2, GFOC SIMULATED READY 0 HOME 0, GMIR SIMULATED READY 0 HOME 0

9/22/2022 11:20 AM CommandAcquisChB  TX=SET EXPTIME 1.000000
9/22/2022 11:20 AM ResponseAcquisChB  RX=DONE
9/22/2022 11:20 AM CommandAcquisChB  TX=SET #FRAMES 2.000000
9/22/2022 11:20 AM ResponseAcquisChB  RX=DONE
9/22/2022 11:20 AM CommandAcquisChB  TX=SET #CUBES 1.0000 
9/22/2022 11:20 AM ResponseAcquisChB  RX=DONE
9/22/2022 11:20 AM CommandAcquisChB  TX=SET SUFFIX DARK
9/22/2022 11:20 AM CommandAcquisChB  TX=SET OBSTYPE DARK
9/22/2022 11:20 AM ResponseAcquisChB  RX=DONE
9/22/2022 11:20 AM ResponseAcquisChB  RX=DONE
9/22/2022 11:20 AM CommandAcquisChB  TX=EXPOSE
9/22/2022 11:21 AM CommandAcquisChA  TX=WRITE_SETUP {"ACQUISITION_MODE":3,"TRIGGER_MODE":6,"READ_MODE":4,"PREAMP":0,"READOUT_RATE":0,"VERTICAL_SHIFT_SPEED":3,"EM_MODE":1,"EM_GAIN":2,"SHUTTER_MODE":2,"SHUTTER_TTL":0,"SHUTTER_OPENING_TIME":1,"SHUTTER_CLOSING_TIME":1,"VBIN":1,"HBIN":1,"INITIAL_LINE":1,"INITIAL_COLUMN":1,"FINAL_LINE":1024,"FINAL_COLUMN":1024,"FRAME_TRANSFER":true,"VERTICAL_CLOCK_VOLTAGE":0,"AD_CHANNEL":0}
9/22/2022 11:21 AM CommandAcquisChB  TX=WRITE_SETUP {"ACQUISITION_MODE":3,"TRIGGER_MODE":6,"READ_MODE":4,"PREAMP":0,"READOUT_RATE":0,"VERTICAL_SHIFT_SPEED":3,"EM_MODE":1,"EM_GAIN":2,"SHUTTER_MODE":2,"SHUTTER_TTL":0,"SHUTTER_OPENING_TIME":1,"SHUTTER_CLOSING_TIME":1,"VBIN":1,"HBIN":1,"INITIAL_LINE":1,"INITIAL_COLUMN":1,"FINAL_LINE":1024,"FINAL_COLUMN":1024,"FRAME_TRANSFER":true,"VERTICAL_CLOCK_VOLTAGE":0,"AD_CHANNEL":0}
9/22/2022 11:21 AM CommandAcquisChC  TX=WRITE_SETUP {"ACQUISITION_MODE":3,"TRIGGER_MODE":6,"READ_MODE":4,"PREAMP":0,"READOUT_RATE":0,"VERTICAL_SHIFT_SPEED":3,"EM_MODE":1,"EM_GAIN":2,"SHUTTER_MODE":2,"SHUTTER_TTL":0,"SHUTTER_OPENING_TIME":1,"SHUTTER_CLOSING_TIME":1,"VBIN":1,"HBIN":1,"INITIAL_LINE":1,"INITIAL_COLUMN":1,"FINAL_LINE":1024,"FINAL_COLUMN":1024,"FRAME_TRANSFER":true,"VERTICAL_CLOCK_VOLTAGE":0,"AD_CHANNEL":0}
9/22/2022 11:21 AM CommandAcquisChA  TX=READ_SETUP 
9/22/2022 11:21 AM CommandAcquisChB  TX=READ_SETUP 
9/22/2022 11:21 AM CommandAcquisChC  TX=READ_SETUP 
9/22/2022 11:21 AM ResponseAcquisChA  RX=CCD_SETUP {"PREAMP":0,"READOUT_RATE":0,"EM_GAIN":2,"VBIN":1,"INITIAL_LINE":1,"INITIAL_COLUMN":1,"FINAL_LINE":1024,"FINAL_COLUMN":1024,"TRIGGER_MODE":6,"HBIN":1,"SHUTTER_TTL":0,"SHUTTER_MODE":2,"SHUTTER_OPENING_TIME":1,"SHUTTER_CLOSING_TIME":1,"VERTICAL_SHIFT_SPEED":3,"READ_MODE":4,"FRAME_TRANSFER":true,"VERTICAL_CLOCK_VOLTAGE":0,"ACQUISITION_MODE":3,"AD_CHANNEL":0,"EM_MODE":1}
9/22/2022 11:21 AM ResponseAcquisChC  RX=CCD_SETUP {"PREAMP":0,"READOUT_RATE":0,"EM_GAIN":2,"VBIN":1,"INITIAL_LINE":1,"INITIAL_COLUMN":1,"FINAL_LINE":1024,"FINAL_COLUMN":1024,"TRIGGER_MODE":6,"HBIN":1,"SHUTTER_TTL":0,"SHUTTER_MODE":2,"SHUTTER_OPENING_TIME":1,"SHUTTER_CLOSING_TIME":1,"VERTICAL_SHIFT_SPEED":3,"READ_MODE":4,"FRAME_TRANSFER":true,"VERTICAL_CLOCK_VOLTAGE":0,"ACQUISITION_MODE":3,"AD_CHANNEL":0,"EM_MODE":1}
9/22/2022 11:21 AM CommandAcquisChA  TX=SET COOLER_POWER_STATUS 0
9/22/2022 11:21 AM ResponseAcquisChB  RX=CCD_SETUP {"PREAMP":0,"READOUT_RATE":0,"EM_GAIN":2,"VBIN":1,"INITIAL_LINE":1,"INITIAL_COLUMN":1,"FINAL_LINE":1024,"FINAL_COLUMN":1024,"TRIGGER_MODE":6,"HBIN":1,"SHUTTER_TTL":0,"SHUTTER_MODE":2,"SHUTTER_OPENING_TIME":1,"SHUTTER_CLOSING_TIME":1,"VERTICAL_SHIFT_SPEED":3,"READ_MODE":4,"FRAME_TRANSFER":true,"VERTICAL_CLOCK_VOLTAGE":0,"ACQUISITION_MODE":3,"AD_CHANNEL":0,"EM_MODE":1}
9/22/2022 11:21 AM CommandAcquisChB  TX=SET COOLER_POWER_STATUS 0
9/22/2022 11:21 AM CommandAcquisChC  TX=SET COOLER_POWER_STATUS 0
9/22/2022 11:21 AM ResponseAcquisChA  RX=DONE
9/22/2022 11:21 AM ResponseAcquisChC  RX=DONE
9/22/2022 11:21 AM ResponseAcquisChB  RX=DONE
9/22/2022 11:22 AM CommandAcquisChA  TX=SET EXPTIME 1.500000
9/22/2022 11:22 AM ResponseAcquisChA  RX=DONE
9/22/2022 11:22 AM CommandAcquisChA  TX=SET #FRAMES 10.000000
9/22/2022 11:22 AM ResponseAcquisChA  RX=DONE
9/22/2022 11:22 AM CommandAcquisChA  TX=SET #CUBES 1.0000 
9/22/2022 11:22 AM CommandAcquisChA  TX=SET SUFFIX DARK
9/22/2022 11:22 AM ResponseAcquisChA  RX=DONE
9/22/2022 11:22 AM CommandAcquisChA  TX=SET OBSTYPE DARK
9/22/2022 11:22 AM ResponseAcquisChA  RX=DONE
9/22/2022 11:22 AM ResponseAcquisChA  RX=DONE
9/22/2022 11:22 AM CommandAcquisChB  TX=SET EXPTIME 1.000000
9/22/2022 11:22 AM ResponseAcquisChB  RX=DONE
9/22/2022 11:22 AM CommandAcquisChB  TX=SET #FRAMES 2.000000
9/22/2022 11:22 AM ResponseAcquisChB  RX=DONE
9/22/2022 11:22 AM CommandAcquisChB  TX=SET #CUBES 1.0000 
9/22/2022 11:22 AM ResponseAcquisChB  RX=DONE
9/22/2022 11:22 AM CommandAcquisChB  TX=SET SUFFIX DARK
9/22/2022 11:22 AM ResponseAcquisChB  RX=DONE
9/22/2022 11:22 AM CommandAcquisChB  TX=SET OBSTYPE DARK
9/22/2022 11:22 AM ResponseAcquisChB  RX=DONE
9/22/2022 11:22 AM CommandAcquisChC  TX=SET EXPTIME 2.000000
9/22/2022 11:22 AM ResponseAcquisChC  RX=DONE
9/22/2022 11:22 AM CommandAcquisChC  TX=SET #FRAMES 5.000000
9/22/2022 11:22 AM ResponseAcquisChC  RX=DONE
9/22/2022 11:22 AM CommandAcquisChC  TX=SET #CUBES 1.0000 
9/22/2022 11:22 AM ResponseAcquisChC  RX=DONE
9/22/2022 11:22 AM CommandAcquisChC  TX=SET SUFFIX DARK
9/22/2022 11:22 AM ResponseAcquisChC  RX=DONE
9/22/2022 11:22 AM CommandAcquisChC  TX=SET OBSTYPE DARK
9/22/2022 11:22 AM ResponseAcquisChC  RX=DONE
9/22/2022 11:22 AM CommandSyncBox  TX=ADELAY 0m

9/22/2022 11:22 AM ResponseSyncBox  RX=OK

9/22/2022 11:22 AM CommandSyncBox  TX=BDELAY 0m

9/22/2022 11:22 AM ResponseSyncBox  RX=OK

9/22/2022 11:22 AM CommandSyncBox  TX=CDELAY 0m

9/22/2022 11:22 AM ResponseSyncBox  RX=OK

9/22/2022 11:22 AM CommandSyncBox  TX=DDELAY 0m

9/22/2022 11:22 AM ResponseSyncBox  RX=OK

9/22/2022 11:22 AM CommandSyncBox  TX=AWIDTH 200m

9/22/2022 11:22 AM ResponseSyncBox  RX=OK

9/22/2022 11:22 AM CommandSyncBox  TX=BWIDTH 200m

9/22/2022 11:22 AM ResponseSyncBox  RX=OK

9/22/2022 11:22 AM CommandSyncBox  TX=CWIDTH 200m

9/22/2022 11:22 AM ResponseSyncBox  RX=OK

9/22/2022 11:22 AM CommandSyncBox  TX=DWIDTH 200m

9/22/2022 11:22 AM ResponseSyncBox  RX=OK

9/22/2022 11:22 AM CommandSyncBox  TX=aset on

9/22/2022 11:22 AM ResponseSyncBox  RX=OK

9/22/2022 11:22 AM CommandSyncBox  TX=bset on

9/22/2022 11:22 AM ResponseSyncBox  RX=OK

9/22/2022 11:22 AM CommandSyncBox  TX=cset on

9/22/2022 11:22 AM ResponseSyncBox  RX=OK

9/22/2022 11:22 AM CommandSyncBox  TX=dset on

9/22/2022 11:22 AM ResponseSyncBox  RX=OK

9/22/2022 11:22 AM CommandSyncBox  TX=IN

9/22/2022 11:22 AM ResponseSyncBox  RX=OK

9/22/2022 11:22 AM CommandAcquisChA  TX=EXPOSE
9/22/2022 11:22 AM CommandAcquisChB  TX=EXPOSE
9/22/2022 11:22 AM CommandAcquisChC  TX=EXPOSE
9/22/2022 11:22 AM CommandSyncBox  TX=TRigger REmote

9/22/2022 11:22 AM ResponseSyncBox  RX=OK

9/22/2022 11:22 AM CommandSyncBox  TX=IN

9/22/2022 11:22 AM ResponseSyncBox  RX=OK

9/22/2022 11:22 AM CommandSyncBox  TX=TRigger

9/22/2022 11:22 AM ResponseSyncBox  RX=Trig   REM  50R  Level 1.250   Div   0,000,000,000  SYN 00,010,000.00

9/22/2022 11:22 AM CommandSyncBox  TX=FIre

9/22/2022 11:22 AM ResponseSyncBox  RX=OK

9/22/2022 2:38 PM CommandAcquisChA  TX=WRITE_SETUP {"ACQUISITION_MODE":3,"TRIGGER_MODE":0,"READ_MODE":4,"PREAMP":0,"READOUT_RATE":0,"VERTICAL_SHIFT_SPEED":3,"EM_MODE":1,"EM_GAIN":2,"SHUTTER_MODE":2,"SHUTTER_TTL":0,"SHUTTER_OPENING_TIME":1,"SHUTTER_CLOSING_TIME":1,"VBIN":1,"HBIN":1,"INITIAL_LINE":1,"INITIAL_COLUMN":1,"FINAL_LINE":1024,"FINAL_COLUMN":1024,"FRAME_TRANSFER":true,"VERTICAL_CLOCK_VOLTAGE":0,"AD_CHANNEL":0}
9/22/2022 2:38 PM CommandAcquisChC  TX=WRITE_SETUP {"ACQUISITION_MODE":3,"TRIGGER_MODE":0,"READ_MODE":4,"PREAMP":0,"READOUT_RATE":0,"VERTICAL_SHIFT_SPEED":3,"EM_MODE":1,"EM_GAIN":2,"SHUTTER_MODE":2,"SHUTTER_TTL":0,"SHUTTER_OPENING_TIME":1,"SHUTTER_CLOSING_TIME":1,"VBIN":1,"HBIN":1,"INITIAL_LINE":1,"INITIAL_COLUMN":1,"FINAL_LINE":1024,"FINAL_COLUMN":1024,"FRAME_TRANSFER":true,"VERTICAL_CLOCK_VOLTAGE":0,"AD_CHANNEL":0}
9/22/2022 2:38 PM CommandAcquisChA  TX=READ_SETUP 
9/22/2022 2:38 PM CommandAcquisChC  TX=READ_SETUP 
9/22/2022 2:38 PM ResponseAcquisChA  RX=CCD_SETUP {"PREAMP":0,"READOUT_RATE":0,"EM_GAIN":2,"VBIN":1,"INITIAL_LINE":1,"INITIAL_COLUMN":1,"FINAL_LINE":1024,"FINAL_COLUMN":1024,"TRIGGER_MODE":0,"HBIN":1,"SHUTTER_TTL":0,"SHUTTER_MODE":2,"SHUTTER_OPENING_TIME":1,"SHUTTER_CLOSING_TIME":1,"VERTICAL_SHIFT_SPEED":3,"READ_MODE":4,"FRAME_TRANSFER":true,"VERTICAL_CLOCK_VOLTAGE":0,"ACQUISITION_MODE":3,"AD_CHANNEL":0,"EM_MODE":1}
9/22/2022 2:38 PM CommandAcquisChA  TX=SET COOLER_POWER_STATUS 0
9/22/2022 2:38 PM CommandAcquisChC  TX=SET COOLER_POWER_STATUS 0
9/22/2022 2:38 PM ResponseAcquisChC  RX=CCD_SETUP {"PREAMP":0,"READOUT_RATE":0,"EM_GAIN":2,"VBIN":1,"INITIAL_LINE":1,"INITIAL_COLUMN":1,"FINAL_LINE":1024,"FINAL_COLUMN":1024,"TRIGGER_MODE":0,"HBIN":1,"SHUTTER_TTL":0,"SHUTTER_MODE":2,"SHUTTER_OPENING_TIME":1,"SHUTTER_CLOSING_TIME":1,"VERTICAL_SHIFT_SPEED":3,"READ_MODE":4,"FRAME_TRANSFER":true,"VERTICAL_CLOCK_VOLTAGE":0,"ACQUISITION_MODE":3,"AD_CHANNEL":0,"EM_MODE":1}
9/22/2022 2:38 PM ResponseAcquisChA  RX=DONE
9/22/2022 2:38 PM ResponseAcquisChC  RX=DONE
9/22/2022 2:38 PM CommandAcquisChB  TX=SET EXPTIME 1.000000
9/22/2022 2:38 PM ResponseAcquisChB  RX=DONE
9/22/2022 2:38 PM CommandAcquisChB  TX=SET #FRAMES 10.000000
9/22/2022 2:38 PM ResponseAcquisChB  RX=DONE
9/22/2022 2:38 PM CommandAcquisChB  TX=SET #CUBES 1.0000 
9/22/2022 2:38 PM ResponseAcquisChB  RX=DONE
9/22/2022 2:38 PM CommandAcquisChB  TX=SET SUFFIX DARK
9/22/2022 2:38 PM ResponseAcquisChB  RX=DONE
9/22/2022 2:38 PM CommandAcquisChB  TX=SET OBSTYPE DARK
9/22/2022 2:38 PM ResponseAcquisChB  RX=DONE
9/22/2022 2:38 PM CommandAcquisChB  TX=EXPOSE
9/22/2022 2:39 PM CommandAcquisChB  TX=SET EXPTIME 1.000000
9/22/2022 2:39 PM ResponseAcquisChB  RX=DONE
9/22/2022 2:39 PM CommandAcquisChB  TX=SET #FRAMES 10.000000
9/22/2022 2:39 PM ResponseAcquisChB  RX=DONE
9/22/2022 2:39 PM CommandAcquisChB  TX=SET #CUBES 1.0000 
9/22/2022 2:39 PM ResponseAcquisChB  RX=DONE
9/22/2022 2:39 PM CommandAcquisChB  TX=SET SUFFIX DARK
9/22/2022 2:39 PM CommandAcquisChB  TX=SET OBSTYPE DARK
9/22/2022 2:39 PM ResponseAcquisChB  RX=DONE
9/22/2022 2:39 PM ResponseAcquisChB  RX=DONE
9/22/2022 2:39 PM CommandAcquisChB  TX=EXPOSE
9/22/2022 2:41 PM CommandAcquisChB  TX=SET EXPTIME 1.000000
9/22/2022 2:41 PM ResponseAcquisChB  RX=DONE
9/22/2022 2:41 PM CommandAcquisChB  TX=SET #FRAMES 10.000000
9/22/2022 2:41 PM CommandAcquisChB  TX=SET #CUBES 1.0000 
9/22/2022 2:41 PM ResponseAcquisChB  RX=DONE
9/22/2022 2:41 PM CommandAcquisChB  TX=SET SUFFIX DARK
9/22/2022 2:41 PM ResponseAcquisChB  RX=DONE
9/22/2022 2:41 PM CommandAcquisChB  TX=SET OBSTYPE DARK
9/22/2022 2:41 PM ResponseAcquisChB  RX=DONE
9/22/2022 2:41 PM ResponseAcquisChB  RX=DONE
9/22/2022 2:41 PM CommandAcquisChB  TX=EXPOSE
9/22/2022 2:41 PM CommandAcquisChB  TX=SET EXPTIME 1.000000
9/22/2022 2:41 PM ResponseAcquisChB  RX=DONE
9/22/2022 2:41 PM CommandAcquisChB  TX=SET #FRAMES 10.000000
9/22/2022 2:41 PM ResponseAcquisChB  RX=DONE
9/22/2022 2:41 PM CommandAcquisChB  TX=SET #CUBES 1.0000 
9/22/2022 2:41 PM CommandAcquisChB  TX=SET SUFFIX DARK
9/22/2022 2:41 PM ResponseAcquisChB  RX=DONE
9/22/2022 2:41 PM ResponseAcquisChB  RX=DONE
9/22/2022 2:41 PM CommandAcquisChB  TX=SET OBSTYPE DARK
9/22/2022 2:41 PM ResponseAcquisChB  RX=DONE
9/22/2022 2:41 PM CommandAcquisChB  TX=EXPOSE
