9/13/2022 10:21 AM CommandAcquisChA  TX=WRITE_SETUP {"ACQUISITION_MODE":3,"TRIGGER_MODE":6,"READ_MODE":4,"PREAMP":0,"READOUT_RATE":0,"VERTICAL_SHIFT_SPEED":3,"EM_MODE":1,"EM_GAIN":2,"SHUTTER_MODE":2,"SHUTTER_TTL":0,"SHUTTER_OPENING_TIME":1,"SHUTTER_CLOSING_TIME":1,"VBIN":1,"HBIN":1,"INITIAL_LINE":1,"INITIAL_COLUMN":1,"FINAL_LINE":1024,"FINAL_COLUMN":1024,"FRAME_TRANSFER":true,"VERTICAL_CLOCK_VOLTAGE":0,"AD_CHANNEL":0}
9/13/2022 10:21 AM CommandAcquisChB  TX=WRITE_SETUP {"ACQUISITION_MODE":3,"TRIGGER_MODE":1,"READ_MODE":0,"PREAMP":0,"READOUT_RATE":0,"VERTICAL_SHIFT_SPEED":0,"EM_MODE":1,"EM_GAIN":2,"SHUTTER_MODE":2,"SHUTTER_TTL":0,"SHUTTER_OPENING_TIME":1,"SHUTTER_CLOSING_TIME":1,"VBIN":1,"HBIN":1,"INITIAL_LINE":1,"INITIAL_COLUMN":1,"FINAL_LINE":1024,"FINAL_COLUMN":1024,"FRAME_TRANSFER":true,"VERTICAL_CLOCK_VOLTAGE":0,"AD_CHANNEL":0}
9/13/2022 10:21 AM CommandAcquisChC  TX=WRITE_SETUP {"ACQUISITION_MODE":3,"TRIGGER_MODE":1,"READ_MODE":0,"PREAMP":0,"READOUT_RATE":0,"VERTICAL_SHIFT_SPEED":0,"EM_MODE":1,"EM_GAIN":2,"SHUTTER_MODE":2,"SHUTTER_TTL":0,"SHUTTER_OPENING_TIME":1,"SHUTTER_CLOSING_TIME":1,"VBIN":1,"HBIN":1,"INITIAL_LINE":1,"INITIAL_COLUMN":1,"FINAL_LINE":1024,"FINAL_COLUMN":1024,"FRAME_TRANSFER":true,"VERTICAL_CLOCK_VOLTAGE":0,"AD_CHANNEL":0}
9/13/2022 10:21 AM CommandAcquisChD  TX=WRITE_SETUP {"ACQUISITION_MODE":3,"TRIGGER_MODE":6,"READ_MODE":4,"PREAMP":0,"READOUT_RATE":0,"VERTICAL_SHIFT_SPEED":3,"EM_MODE":1,"EM_GAIN":2,"SHUTTER_MODE":2,"SHUTTER_TTL":0,"SHUTTER_OPENING_TIME":1,"SHUTTER_CLOSING_TIME":1,"VBIN":1,"HBIN":1,"INITIAL_LINE":1,"INITIAL_COLUMN":1,"FINAL_LINE":1024,"FINAL_COLUMN":1024,"FRAME_TRANSFER":true,"VERTICAL_CLOCK_VOLTAGE":0,"AD_CHANNEL":0}
9/13/2022 10:21 AM CommandSyncBox  TX=ADELAY 0m

9/13/2022 10:21 AM ResponseSyncBox  RX=OK

9/13/2022 10:21 AM CommandSyncBox  TX=BDELAY 0m

9/13/2022 10:21 AM ResponseSyncBox  RX=OK

9/13/2022 10:21 AM CommandSyncBox  TX=CDELAY 0m

9/13/2022 10:21 AM ResponseSyncBox  RX=OK

9/13/2022 10:21 AM CommandSyncBox  TX=DDELAY 0m

9/13/2022 10:21 AM ResponseSyncBox  RX=OK

9/13/2022 10:21 AM CommandSyncBox  TX=AWIDTH 200m

9/13/2022 10:21 AM ResponseSyncBox  RX=OK

9/13/2022 10:21 AM CommandSyncBox  TX=BWIDTH 200m

9/13/2022 10:21 AM ResponseSyncBox  RX=OK

9/13/2022 10:21 AM CommandSyncBox  TX=CWIDTH 200m

9/13/2022 10:21 AM ResponseSyncBox  RX=OK

9/13/2022 10:21 AM CommandSyncBox  TX=DWIDTH 200m

9/13/2022 10:21 AM ResponseSyncBox  RX=OK

9/13/2022 10:21 AM CommandSyncBox  TX=aset on

9/13/2022 10:21 AM ResponseSyncBox  RX=OK

9/13/2022 10:21 AM CommandSyncBox  TX=bset on

9/13/2022 10:21 AM ResponseSyncBox  RX=OK

9/13/2022 10:21 AM CommandSyncBox  TX=cset on

9/13/2022 10:21 AM ResponseSyncBox  RX=OK

9/13/2022 10:21 AM CommandSyncBox  TX=dset on

9/13/2022 10:21 AM ResponseSyncBox  RX=OK

9/13/2022 10:21 AM CommandSyncBox  TX=IN

9/13/2022 10:21 AM ResponseSyncBox  RX=OK

9/13/2022 10:21 AM CommandAcquisChA  TX=READ_SETUP 
9/13/2022 10:21 AM CommandAcquisChB  TX=READ_SETUP 
9/13/2022 10:21 AM CommandAcquisChC  TX=READ_SETUP 
9/13/2022 10:21 AM CommandAcquisChD  TX=READ_SETUP 
9/13/2022 10:21 AM CommandAcquisChA  TX=SET COOLER_POWER_STATUS 0
9/13/2022 10:21 AM CommandAcquisChB  TX=SET COOLER_POWER_STATUS 0
9/13/2022 10:21 AM CommandAcquisChC  TX=SET COOLER_POWER_STATUS 0
9/13/2022 10:21 AM CommandAcquisChD  TX=SET COOLER_POWER_STATUS 0
9/13/2022 10:30 AM CommandAcquisChD  TX=WRITE_SETUP {"ACQUISITION_MODE":3,"TRIGGER_MODE":6,"READ_MODE":4,"PREAMP":0,"READOUT_RATE":0,"VERTICAL_SHIFT_SPEED":3,"EM_MODE":1,"EM_GAIN":2,"SHUTTER_MODE":2,"SHUTTER_TTL":0,"SHUTTER_OPENING_TIME":1,"SHUTTER_CLOSING_TIME":1,"VBIN":1,"HBIN":1,"INITIAL_LINE":1,"INITIAL_COLUMN":1,"FINAL_LINE":1024,"FINAL_COLUMN":1024,"FRAME_TRANSFER":true,"VERTICAL_CLOCK_VOLTAGE":0,"AD_CHANNEL":0}
9/13/2022 10:30 AM CommandAcquisChD  TX=READ_SETUP 
9/13/2022 10:30 AM CommandAcquisChD  TX=SET COOLER_POWER_STATUS 0
9/13/2022 10:30 AM ResponseAcquisChD  RX=CCD_SETUP {"PREAMP":0,"READOUT_RATE":0,"EM_GAIN":2,"VBIN":1,"INITIAL_LINE":1,"INITIAL_COLUMN":1,"FINAL_LINE":1024,"FINAL_COLUMN":1024,"TRIGGER_MODE":6,"HBIN":1,"SHUTTER_TTL":0,"SHUTTER_MODE":2,"SHUTTER_OPENING_TIME":1,"SHUTTER_CLOSING_TIME":1,"VERTICAL_SHIFT_SPEED":3,"READ_MODE":4,"FRAME_TRANSFER":true,"VERTICAL_CLOCK_VOLTAGE":0,"ACQUISITION_MODE":3,"AD_CHANNEL":0,"EM_MODE":1}
9/13/2022 10:30 AM ResponseAcquisChD  RX=DONE
9/13/2022 10:30 AM CommandAcquisChD  TX=WRITE_SETUP {"ACQUISITION_MODE":3,"TRIGGER_MODE":0,"READ_MODE":4,"PREAMP":0,"READOUT_RATE":0,"VERTICAL_SHIFT_SPEED":3,"EM_MODE":1,"EM_GAIN":2,"SHUTTER_MODE":2,"SHUTTER_TTL":0,"SHUTTER_OPENING_TIME":1,"SHUTTER_CLOSING_TIME":1,"VBIN":1,"HBIN":1,"INITIAL_LINE":1,"INITIAL_COLUMN":1,"FINAL_LINE":1024,"FINAL_COLUMN":1024,"FRAME_TRANSFER":true,"VERTICAL_CLOCK_VOLTAGE":0,"AD_CHANNEL":0}
9/13/2022 10:30 AM CommandAcquisChD  TX=READ_SETUP 
9/13/2022 10:30 AM CommandAcquisChD  TX=SET COOLER_POWER_STATUS 0
9/13/2022 10:30 AM ResponseAcquisChD  RX=CCD_SETUP {"PREAMP":0,"READOUT_RATE":0,"EM_GAIN":2,"VBIN":1,"INITIAL_LINE":1,"INITIAL_COLUMN":1,"FINAL_LINE":1024,"FINAL_COLUMN":1024,"TRIGGER_MODE":0,"HBIN":1,"SHUTTER_TTL":0,"SHUTTER_MODE":2,"SHUTTER_OPENING_TIME":1,"SHUTTER_CLOSING_TIME":1,"VERTICAL_SHIFT_SPEED":3,"READ_MODE":4,"FRAME_TRANSFER":true,"VERTICAL_CLOCK_VOLTAGE":0,"ACQUISITION_MODE":3,"AD_CHANNEL":0,"EM_MODE":1}
9/13/2022 10:30 AM ResponseAcquisChD  RX=DONE
9/13/2022 10:31 AM CommandAcquisChD  TX=WRITE_SETUP {"ACQUISITION_MODE":3,"TRIGGER_MODE":6,"READ_MODE":4,"PREAMP":0,"READOUT_RATE":0,"VERTICAL_SHIFT_SPEED":3,"EM_MODE":1,"EM_GAIN":2,"SHUTTER_MODE":2,"SHUTTER_TTL":0,"SHUTTER_OPENING_TIME":1,"SHUTTER_CLOSING_TIME":1,"VBIN":1,"HBIN":1,"INITIAL_LINE":1,"INITIAL_COLUMN":1,"FINAL_LINE":1024,"FINAL_COLUMN":1024,"FRAME_TRANSFER":true,"VERTICAL_CLOCK_VOLTAGE":0,"AD_CHANNEL":0}
9/13/2022 10:31 AM CommandAcquisChD  TX=READ_SETUP 
9/13/2022 10:31 AM CommandAcquisChD  TX=SET COOLER_POWER_STATUS 0
9/13/2022 10:31 AM ResponseAcquisChD  RX=CCD_SETUP {"PREAMP":0,"READOUT_RATE":0,"EM_GAIN":2,"VBIN":1,"INITIAL_LINE":1,"INITIAL_COLUMN":1,"FINAL_LINE":1024,"FINAL_COLUMN":1024,"TRIGGER_MODE":6,"HBIN":1,"SHUTTER_TTL":0,"SHUTTER_MODE":2,"SHUTTER_OPENING_TIME":1,"SHUTTER_CLOSING_TIME":1,"VERTICAL_SHIFT_SPEED":3,"READ_MODE":4,"FRAME_TRANSFER":true,"VERTICAL_CLOCK_VOLTAGE":0,"ACQUISITION_MODE":3,"AD_CHANNEL":0,"EM_MODE":1}
9/13/2022 10:31 AM ResponseAcquisChD  RX=DONE
9/13/2022 10:32 AM CommandAcquisChD  TX=SET EXPTIME 5.000000
9/13/2022 10:32 AM ResponseAcquisChD  RX=RETURNING_STATUS {"CUBE_EXPOSURE_TIME":0,"CUBES_DONE":0,"LAST_IMAGE_NAME":"","DISK_SPACE":0,"FRAMES_DONE":0,"CCD_STATUS":"IDLE","CURRENT_TEMPERATURE":20,"TEMPERATURE_STATUS":"TEMPERATURE_OFF","FRAME_EXPOSURE_TIME":0,"CCD_POWER_STATUS":true,"SERIAL_NUMBER":9917,"ACQUIRING":false}
9/13/2022 10:32 AM ResponseAcquisChD  RX=DONE
9/13/2022 10:32 AM CommandAcquisChD  TX=SET #FRAMES 2.000000
9/13/2022 10:32 AM CommandAcquisChD  TX=SET #CUBES 1.0000 
9/13/2022 10:32 AM ResponseAcquisChD  RX=DONE
9/13/2022 10:32 AM CommandAcquisChD  TX=SET SUFFIX 
9/13/2022 10:32 AM ResponseAcquisChD  RX=DONE
9/13/2022 10:32 AM CommandAcquisChD  TX=SET OBSTYPE OBJECT
9/13/2022 10:32 AM ResponseAcquisChD  RX=DONE
9/13/2022 10:32 AM ResponseAcquisChD  RX=DONE
9/13/2022 10:32 AM CommandInstrument  TX=S4ICS WPROT NONE NONE,WPSEL GOTO CLEAR,GMIR NONE NONE,GFOC NONE NONE,CALW GOTO CLEAR,ASEL GOTO CLEAR

9/13/2022 10:32 AM ResponseInstrument  RX=WPROT SIMULATED NONE 0 NONE -1, WPSEL SIMULATED NONE 0 NONE -1, ASEL SIMULATED NONE 0 NONE -1, CALW SIMULATED NONE 0 NONE -1, GFOC SIMULATED NONE 0 NONE -1, GMIR SIMULATED NONE 0 NONE -1

9/13/2022 10:32 AM CommandInstrument  TX=S4ICS WPROT NONE NONE,WPSEL INIT NONE,GMIR NONE NONE,GFOC NONE NONE,CALW NONE NONE,ASEL NONE NONE

9/13/2022 10:32 AM ResponseInstrument  RX=WPROT SIMULATED NONE 0 NONE -1, WPSEL SIMULATED BUSY 0 NONE -1, ASEL SIMULATED NONE 0 NONE -1, CALW SIMULATED NONE 0 NONE -1, GFOC SIMULATED NONE 0 NONE -1, GMIR SIMULATED NONE 0 NONE -1

9/13/2022 10:32 AM CommandInstrument  TX=S4ICS WPROT NONE NONE,WPSEL NONE NONE,GMIR NONE NONE,GFOC NONE NONE,CALW INIT NONE,ASEL NONE NONE

9/13/2022 10:32 AM ResponseInstrument  RX=WPROT SIMULATED NONE 0 NONE -1, WPSEL SIMULATED BUSY 0 NONE -1, ASEL SIMULATED NONE 0 NONE -1, CALW SIMULATED BUSY 0 NONE -1, GFOC SIMULATED NONE 0 NONE -1, GMIR SIMULATED NONE 0 NONE -1

9/13/2022 10:32 AM CommandInstrument  TX=S4ICS WPROT NONE NONE,WPSEL NONE NONE,GMIR INIT NONE,GFOC NONE NONE,CALW NONE NONE,ASEL NONE NONE

9/13/2022 10:32 AM ResponseInstrument  RX=WPROT SIMULATED NONE 0 NONE -1, WPSEL SIMULATED BUSY 0 NONE -1, ASEL SIMULATED NONE 0 NONE -1, CALW SIMULATED BUSY 0 NONE -1, GFOC SIMULATED NONE 0 NONE -1, GMIR SIMULATED BUSY 0 NONE -1

9/13/2022 10:33 AM CommandInstrument  TX=S4ICS WPROT NONE NONE,WPSEL INIT NONE,GMIR NONE NONE,GFOC NONE NONE,CALW NONE NONE,ASEL NONE NONE

9/13/2022 10:33 AM ResponseInstrument  RX=WPROT SIMULATED NONE 0 NONE -1, WPSEL SIMULATED BUSY 50 HOME 0, ASEL SIMULATED NONE 0 NONE -1, CALW SIMULATED READY 720 HOME 0, GFOC SIMULATED NONE 0 NONE -1, GMIR SIMULATED READY 720 HOME 0

9/13/2022 10:34 AM CommandInstrument  TX=S4ICS WPROT INIT NONE,WPSEL NONE NONE,GMIR NONE NONE,GFOC NONE NONE,CALW NONE NONE,ASEL NONE NONE

9/13/2022 10:34 AM ResponseInstrument  RX=WPROT SIMULATED NONE 0 NONE -1, WPSEL SIMULATED READY 50 HOME 0, ASEL SIMULATED NONE 0 NONE -1, CALW SIMULATED READY 720 HOME 0, GFOC SIMULATED NONE 0 NONE -1, GMIR SIMULATED READY 720 HOME 0

9/13/2022 10:34 AM CommandInstrument  TX=S4ICS WPROT NONE NONE,WPSEL NONE NONE,GMIR NONE NONE,GFOC NONE NONE,CALW NONE NONE,ASEL INIT NONE

9/13/2022 10:34 AM ResponseInstrument  RX=WPROT SIMULATED NONE 0 NONE -1, WPSEL SIMULATED READY 50 HOME 0, ASEL SIMULATED BUSY 0 NONE -1, CALW SIMULATED READY 720 HOME 0, GFOC SIMULATED NONE 0 NONE -1, GMIR SIMULATED READY 720 HOME 0

9/13/2022 10:34 AM CommandInstrument  TX=S4ICS WPROT NONE NONE,WPSEL NONE NONE,GMIR NONE NONE,GFOC INIT NONE,CALW NONE NONE,ASEL NONE NONE

9/13/2022 10:34 AM ResponseInstrument  RX=WPROT SIMULATED NONE 0 NONE -1, WPSEL SIMULATED READY 50 HOME 0, ASEL SIMULATED BUSY 0 NONE -1, CALW SIMULATED READY 720 HOME 0, GFOC SIMULATED BUSY 0 NONE -1, GMIR SIMULATED READY 720 HOME 0

9/13/2022 10:34 AM CommandInstrument  TX=S4ICS WPROT NONE NONE,WPSEL GOTO L/2,GMIR NONE NONE,GFOC NONE NONE,CALW NONE NONE,ASEL NONE NONE

9/13/2022 10:34 AM ResponseInstrument  RX=WPROT SIMULATED NONE 0 NONE -1, WPSEL SIMULATED BUSY 50 HOME 0, ASEL SIMULATED BUSY -2 NONE -1, CALW SIMULATED READY 720 HOME 0, GFOC SIMULATED BUSY 21 NONE -1, GMIR SIMULATED READY 720 HOME 0

9/13/2022 10:34 AM CommandInstrument  TX=S4ICS WPROT INIT NONE,WPSEL NONE NONE,GMIR NONE NONE,GFOC NONE NONE,CALW NONE NONE,ASEL NONE NONE

9/13/2022 10:34 AM ResponseInstrument  RX=WPROT SIMULATED BUSY 0 NONE -1, WPSEL SIMULATED READY 0 L/2 2, ASEL SIMULATED READY 0 HOME 0, CALW SIMULATED READY 720 HOME 0, GFOC SIMULATED READY 0 HOME 0, GMIR SIMULATED READY 720 HOME 0

9/13/2022 10:35 AM CommandInstrument  TX=S4ICS WPROT NONE NONE,WPSEL GOTO CLEAR,GMIR NONE NONE,GFOC NONE NONE,CALW GOTO CLEAR,ASEL GOTO CLEAR

9/13/2022 10:35 AM ResponseInstrument  RX=WPROT SIMULATED READY 720 HOME 0, WPSEL SIMULATED BUSY 0 L/2 2, ASEL SIMULATED BUSY 0 HOME 0, CALW SIMULATED BUSY 720 HOME 0, GFOC SIMULATED READY 0 HOME 0, GMIR SIMULATED READY 720 HOME 0

9/13/2022 10:35 AM CommandAcquisChD  TX=SET EXPTIME 5.000000
9/13/2022 10:35 AM ResponseAcquisChD  RX=DONE
9/13/2022 10:35 AM CommandAcquisChD  TX=SET #FRAMES 2.000000
9/13/2022 10:35 AM ResponseAcquisChD  RX=DONE
9/13/2022 10:35 AM CommandAcquisChD  TX=SET #CUBES 1.0000 
9/13/2022 10:35 AM ResponseAcquisChD  RX=DONE
9/13/2022 10:35 AM CommandAcquisChD  TX=SET SUFFIX 
9/13/2022 10:35 AM CommandAcquisChD  TX=SET OBSTYPE OBJECT
9/13/2022 10:35 AM ResponseAcquisChD  RX=DONE
9/13/2022 10:35 AM ResponseAcquisChD  RX=DONE
9/13/2022 10:35 AM CommandSyncBox  TX=ADELAY 0m

9/13/2022 10:35 AM ResponseSyncBox  RX=OK

9/13/2022 10:35 AM CommandSyncBox  TX=BDELAY 0m

9/13/2022 10:35 AM ResponseSyncBox  RX=OK

9/13/2022 10:35 AM CommandSyncBox  TX=CDELAY 0m

9/13/2022 10:35 AM ResponseSyncBox  RX=OK

9/13/2022 10:35 AM CommandSyncBox  TX=DDELAY 0m

9/13/2022 10:35 AM ResponseSyncBox  RX=OK

9/13/2022 10:35 AM CommandSyncBox  TX=AWIDTH 200m

9/13/2022 10:35 AM ResponseSyncBox  RX=OK

9/13/2022 10:35 AM CommandSyncBox  TX=BWIDTH 200m

9/13/2022 10:35 AM ResponseSyncBox  RX=OK

9/13/2022 10:35 AM CommandSyncBox  TX=CWIDTH 200m

9/13/2022 10:35 AM ResponseSyncBox  RX=OK

9/13/2022 10:35 AM CommandSyncBox  TX=DWIDTH 200m

9/13/2022 10:35 AM ResponseSyncBox  RX=OK

9/13/2022 10:35 AM CommandSyncBox  TX=aset on

9/13/2022 10:35 AM ResponseSyncBox  RX=OK

9/13/2022 10:35 AM CommandSyncBox  TX=bset on

9/13/2022 10:35 AM ResponseSyncBox  RX=OK

9/13/2022 10:35 AM CommandSyncBox  TX=cset on

9/13/2022 10:35 AM ResponseSyncBox  RX=OK

9/13/2022 10:35 AM CommandSyncBox  TX=dset on

9/13/2022 10:35 AM ResponseSyncBox  RX=OK

9/13/2022 10:35 AM CommandSyncBox  TX=IN

9/13/2022 10:35 AM ResponseSyncBox  RX=OK

9/13/2022 10:35 AM CommandAcquisChD  TX=EXPOSE
9/13/2022 10:35 AM CommandSyncBox  TX=TRigger REmote

9/13/2022 10:35 AM ResponseSyncBox  RX=OK

9/13/2022 10:35 AM CommandSyncBox  TX=IN

9/13/2022 10:35 AM ResponseSyncBox  RX=OK

9/13/2022 10:35 AM CommandSyncBox  TX=TRigger

9/13/2022 10:35 AM ResponseSyncBox  RX=Trig   REM  50R  Level 1.250   Div   0,000,000,000  SYN 00,010,000.00

9/13/2022 10:35 AM CommandSyncBox  TX=FIre

9/13/2022 10:35 AM ResponseSyncBox  RX=OK

9/13/2022 10:36 AM CommandAcquisChD  TX=SET EXPTIME 5.000000
9/13/2022 10:36 AM ResponseAcquisChD  RX=DONE
9/13/2022 10:36 AM CommandAcquisChD  TX=SET #FRAMES 2.000000
9/13/2022 10:36 AM CommandAcquisChD  TX=SET #CUBES 1.0000 
9/13/2022 10:36 AM ResponseAcquisChD  RX=DONE
9/13/2022 10:36 AM CommandAcquisChD  TX=SET SUFFIX 
9/13/2022 10:36 AM ResponseAcquisChD  RX=DONE
9/13/2022 10:36 AM CommandAcquisChD  TX=SET OBSTYPE OBJECT
9/13/2022 10:36 AM ResponseAcquisChD  RX=DONE
9/13/2022 10:36 AM ResponseAcquisChD  RX=DONE
9/13/2022 10:36 AM CommandSyncBox  TX=ADELAY 0m

9/13/2022 10:36 AM ResponseSyncBox  RX=

     Highland Technology  Model T560  Digital Delay Generator

Firmware 28E560-D  02407                Cal date July 19, 2018      

Trig   REM  50R  Level 1.250   Div   0,000,000,000  SYN 00,010,000.00
Gate   OFF  POS  HIZ           Shots 0,000,000,067
Burst  OFF  N  0,000,000,016   of M  0,000,000,064

Verbos ON   Autoinstall FEOD   Usec 4,217,958,507  DPLL 00037
Clock  OUT  Trim 02166         Temp +52.4

Errs   None

Ch A  POS  ON     Dly  00.000,000,000,000  Wid  00.200,000,000,000
Ch B  POS  ON     Dly  00.000,000,000,000  Wid  00.200,000,000,000
Ch C  POS  ON     Dly  00.000,000,000,000  Wid  00.200,000,000,000
Ch D  POS  ON     Dly  00.000,000,000,000  Wid  00.200,000,000,000



9/13/2022 10:36 AM ResponseSyncBox  RX=OK

9/13/2022 10:36 AM CommandSyncBox  TX=BDELAY 0m

9/13/2022 10:36 AM ResponseSyncBox  RX=OK

9/13/2022 10:36 AM CommandSyncBox  TX=CDELAY 0m

9/13/2022 10:36 AM ResponseSyncBox  RX=OK

9/13/2022 10:36 AM CommandSyncBox  TX=DDELAY 0m

9/13/2022 10:36 AM ResponseSyncBox  RX=OK

9/13/2022 10:36 AM CommandSyncBox  TX=AWIDTH 200m

9/13/2022 10:36 AM ResponseSyncBox  RX=OK

9/13/2022 10:36 AM CommandSyncBox  TX=BWIDTH 200m

9/13/2022 10:36 AM ResponseSyncBox  RX=OK

9/13/2022 10:36 AM CommandSyncBox  TX=CWIDTH 200m

9/13/2022 10:36 AM ResponseSyncBox  RX=OK

9/13/2022 10:36 AM CommandSyncBox  TX=DWIDTH 200m

9/13/2022 10:36 AM ResponseSyncBox  RX=OK

9/13/2022 10:36 AM CommandSyncBox  TX=aset on

9/13/2022 10:36 AM ResponseSyncBox  RX=OK

9/13/2022 10:36 AM CommandSyncBox  TX=bset on

9/13/2022 10:36 AM ResponseSyncBox  RX=OK

9/13/2022 10:36 AM CommandSyncBox  TX=cset on

9/13/2022 10:36 AM ResponseSyncBox  RX=OK

9/13/2022 10:36 AM CommandSyncBox  TX=dset on

9/13/2022 10:36 AM ResponseSyncBox  RX=OK

9/13/2022 10:36 AM CommandSyncBox  TX=IN

9/13/2022 10:36 AM ResponseSyncBox  RX=OK

9/13/2022 10:36 AM CommandAcquisChD  TX=EXPOSE
9/13/2022 10:36 AM CommandSyncBox  TX=TRigger REmote

9/13/2022 10:36 AM ResponseSyncBox  RX=OK

9/13/2022 10:36 AM CommandSyncBox  TX=IN

9/13/2022 10:36 AM ResponseSyncBox  RX=OK

9/13/2022 10:36 AM CommandSyncBox  TX=TRigger

9/13/2022 10:36 AM ResponseSyncBox  RX=Trig   REM  50R  Level 1.250   Div   0,000,000,000  SYN 00,010,000.00

9/13/2022 10:36 AM CommandSyncBox  TX=FIre

9/13/2022 10:36 AM ResponseSyncBox  RX=OK

9/13/2022 10:37 AM CommandInstrument  TX=S4ICS WPROT NONE NONE,WPSEL GOTO L/2,GMIR NONE NONE,GFOC NONE NONE,CALW GOTO CLEAR,ASEL GOTO ANALYZER

9/13/2022 10:37 AM ResponseInstrument  RX=WPROT SIMULATED READY 720 HOME 0, WPSEL SIMULATED BUSY 50 CLEAR 1, ASEL SIMULATED BUSY 0 CLEAR 1, CALW SIMULATED BUSY 0 CLEAR 1, GFOC SIMULATED READY 0 HOME 0, GMIR SIMULATED READY 720 HOME 0

9/13/2022 10:38 AM CommandAcquisChD  TX=SET EXPTIME 5.000000
9/13/2022 10:38 AM ResponseAcquisChD  RX=RETURNING_STATUS {"CUBE_EXPOSURE_TIME":10,"CUBES_DONE":1,"LAST_IMAGE_NAME":"20220913_s4c4_000001.fits","DISK_SPACE":0,"FRAMES_DONE":2,"CCD_STATUS":"IDLE","CURRENT_TEMPERATURE":20,"TEMPERATURE_STATUS":"TEMPERATURE_OFF","FRAME_EXPOSURE_TIME":5,"CCD_POWER_STATUS":true,"SERIAL_NUMBER":9917,"ACQUIRING":false}
9/13/2022 10:38 AM ResponseAcquisChD  RX=DONE
9/13/2022 10:38 AM CommandAcquisChD  TX=SET #FRAMES 2.000000
9/13/2022 10:38 AM ResponseAcquisChD  RX=DONE
9/13/2022 10:38 AM CommandAcquisChD  TX=SET #CUBES 1.0000 
9/13/2022 10:38 AM ResponseAcquisChD  RX=DONE
9/13/2022 10:38 AM CommandAcquisChD  TX=SET SUFFIX 
9/13/2022 10:38 AM CommandAcquisChD  TX=SET OBSTYPE OBJECT
9/13/2022 10:38 AM ResponseAcquisChD  RX=DONE
9/13/2022 10:38 AM ResponseAcquisChD  RX=DONE
9/13/2022 10:38 AM CommandInstrument  TX=S4ICS WPROT GOTO WP2,WPSEL NONE NONE,GMIR NONE NONE,GFOC NONE NONE,CALW NONE NONE,ASEL NONE NONE

9/13/2022 10:38 AM ResponseInstrument  RX=WPROT SIMULATED BUSY 720 HOME 0, WPSEL SIMULATED READY 0 L/2 2, ASEL SIMULATED READY 100 ANALYZER 2, CALW SIMULATED READY 0 CLEAR 1, GFOC SIMULATED READY 0 HOME 0, GMIR SIMULATED READY 720 HOME 0

9/13/2022 10:38 AM CommandSyncBox  TX=ADELAY 0m

9/13/2022 10:38 AM ResponseSyncBox  RX=

     Highland Technology  Model T560  Digital Delay Generator

Firmware 28E560-D  02407                Cal date July 19, 2018      

Trig   REM  50R  Level 1.250   Div   0,000,000,000  SYN 00,010,000.00
Gate   OFF  POS  HIZ           Shots 0,000,000,068
Burst  OFF  N  0,000,000,016   of M  0,000,000,064

Verbos ON   Autoinstall FEOD   Usec 0,054,613,483  DPLL 00035
Clock  OUT  Trim 02166         Temp +52.4

Errs   None

Ch A  POS  ON     Dly  00.000,000,000,000  Wid  00.200,000,000,000
Ch B  POS  ON     Dly  00.000,000,000,000  Wid  00.200,000,000,000
Ch C  POS  ON     Dly  00.000,000,000,000  Wid  00.200,000,000,000
Ch D  POS  ON     Dly  00.000,000,000,000  Wid  00.200,000,000,000



9/13/2022 10:38 AM ResponseSyncBox  RX=OK

9/13/2022 10:38 AM CommandSyncBox  TX=BDELAY 0m

9/13/2022 10:38 AM ResponseSyncBox  RX=OK

9/13/2022 10:38 AM CommandSyncBox  TX=CDELAY 0m

9/13/2022 10:38 AM ResponseSyncBox  RX=OK

9/13/2022 10:38 AM CommandSyncBox  TX=DDELAY 0m

9/13/2022 10:38 AM ResponseSyncBox  RX=OK

9/13/2022 10:38 AM CommandSyncBox  TX=AWIDTH 200m

9/13/2022 10:38 AM ResponseSyncBox  RX=OK

9/13/2022 10:38 AM CommandSyncBox  TX=BWIDTH 200m

9/13/2022 10:38 AM ResponseSyncBox  RX=OK

9/13/2022 10:38 AM CommandSyncBox  TX=CWIDTH 200m

9/13/2022 10:38 AM ResponseSyncBox  RX=OK

9/13/2022 10:38 AM CommandSyncBox  TX=DWIDTH 200m

9/13/2022 10:38 AM ResponseSyncBox  RX=OK

9/13/2022 10:38 AM CommandSyncBox  TX=aset on

9/13/2022 10:38 AM ResponseSyncBox  RX=OK

9/13/2022 10:38 AM CommandSyncBox  TX=bset on

9/13/2022 10:38 AM ResponseSyncBox  RX=OK

9/13/2022 10:38 AM CommandSyncBox  TX=cset on

9/13/2022 10:38 AM ResponseSyncBox  RX=OK

9/13/2022 10:38 AM CommandSyncBox  TX=dset on

9/13/2022 10:38 AM ResponseSyncBox  RX=OK

9/13/2022 10:38 AM CommandSyncBox  TX=IN

9/13/2022 10:38 AM ResponseSyncBox  RX=OK

9/13/2022 10:38 AM CommandAcquisChD  TX=EXPOSE
9/13/2022 10:38 AM CommandSyncBox  TX=TRigger REmote

9/13/2022 10:38 AM ResponseSyncBox  RX=

     Highland Technology  Model T560  Digital Delay Generator

Firmware 28E560-D  02407                Cal date July 19, 2018      

Trig   REM  50R  Level 1.250   Div   0,000,000,000  SYN 00,010,000.00
Gate   OFF  POS  HIZ           Shots 0,000,000,068
Burst  OFF  N  0,000,000,016   of M  0,000,000,064

Verbos ON   Autoinstall FEOD   Usec 0,056,664,580  DPLL 00035
Clock  OUT  Trim 02166         Temp +52.4

Errs   None

Ch A  POS  ON     Dly  00.000,000,000,000  Wid  00.200,000,000,000
Ch B  POS  ON     Dly  00.000,000,000,000  Wid  00.200,000,000,000
Ch C  POS  ON     Dly  00.000,000,000,000  Wid  00.200,000,000,000
Ch D  POS  ON     Dly  00.000,000,000,000  Wid  00.200,000,000,000



9/13/2022 10:38 AM ResponseSyncBox  RX=OK

9/13/2022 10:38 AM CommandSyncBox  TX=IN

9/13/2022 10:38 AM ResponseSyncBox  RX=OK

9/13/2022 10:38 AM CommandSyncBox  TX=TRigger

9/13/2022 10:38 AM ResponseSyncBox  RX=Trig   REM  50R  Level 1.250   Div   0,000,000,000  SYN 00,010,000.00

9/13/2022 10:38 AM CommandSyncBox  TX=FIre

9/13/2022 10:38 AM ResponseSyncBox  RX=OK

9/13/2022 10:39 AM CommandInstrument  TX=S4ICS WPROT GOTO WP10,WPSEL NONE NONE,GMIR NONE NONE,GFOC NONE NONE,CALW NONE NONE,ASEL NONE NONE

9/13/2022 10:39 AM ResponseInstrument  RX=WPROT SIMULATED BUSY 22 WP2 2, WPSEL SIMULATED READY 0 L/2 2, ASEL SIMULATED READY 100 ANALYZER 2, CALW SIMULATED READY 0 CLEAR 1, GFOC SIMULATED READY 0 HOME 0, GMIR SIMULATED READY 720 HOME 0

9/13/2022 10:39 AM CommandSyncBox  TX=ADELAY 0m

9/13/2022 10:39 AM ResponseSyncBox  RX=

     Highland Technology  Model T560  Digital Delay Generator

Firmware 28E560-D  02407                Cal date July 19, 2018      

Trig   REM  50R  Level 1.250   Div   0,000,000,000  SYN 00,010,000.00
Gate   OFF  POS  HIZ           Shots 0,000,000,069
Burst  OFF  N  0,000,000,016   of M  0,000,000,064

Verbos ON   Autoinstall FEOD   Usec 0,082,523,371  DPLL 00033
Clock  OUT  Trim 02166         Temp +52.4

Errs   None

Ch A  POS  ON     Dly  00.000,000,000,000  Wid  00.200,000,000,000
Ch B  POS  ON     Dly  00.000,000,000,000  Wid  00.200,000,000,000
Ch C  POS  ON     Dly  00.000,000,000,000  Wid  00.200,000,000,000
Ch D  POS  ON     Dly  00.000,000,000,000  Wid  00.200,000,000,000



9/13/2022 10:39 AM ResponseSyncBox  RX=OK

9/13/2022 10:39 AM CommandSyncBox  TX=BDELAY 0m

9/13/2022 10:39 AM ResponseSyncBox  RX=OK

9/13/2022 10:39 AM CommandSyncBox  TX=CDELAY 0m

9/13/2022 10:39 AM ResponseSyncBox  RX=OK

9/13/2022 10:39 AM CommandSyncBox  TX=DDELAY 0m

9/13/2022 10:39 AM ResponseSyncBox  RX=OK

9/13/2022 10:39 AM CommandSyncBox  TX=AWIDTH 200m

9/13/2022 10:39 AM ResponseSyncBox  RX=OK

9/13/2022 10:39 AM CommandSyncBox  TX=BWIDTH 200m

9/13/2022 10:39 AM ResponseSyncBox  RX=OK

9/13/2022 10:39 AM CommandSyncBox  TX=CWIDTH 200m

9/13/2022 10:39 AM ResponseSyncBox  RX=OK

9/13/2022 10:39 AM CommandSyncBox  TX=DWIDTH 200m

9/13/2022 10:39 AM ResponseSyncBox  RX=OK

9/13/2022 10:39 AM CommandSyncBox  TX=aset on

9/13/2022 10:39 AM ResponseSyncBox  RX=OK

9/13/2022 10:39 AM CommandSyncBox  TX=bset on

9/13/2022 10:39 AM ResponseSyncBox  RX=OK

9/13/2022 10:39 AM CommandSyncBox  TX=cset on

9/13/2022 10:39 AM ResponseSyncBox  RX=OK

9/13/2022 10:39 AM CommandSyncBox  TX=dset on

9/13/2022 10:39 AM ResponseSyncBox  RX=OK

9/13/2022 10:39 AM CommandSyncBox  TX=IN

9/13/2022 10:39 AM ResponseSyncBox  RX=OK

9/13/2022 10:39 AM CommandAcquisChD  TX=EXPOSE
9/13/2022 10:39 AM CommandSyncBox  TX=TRigger REmote

9/13/2022 10:39 AM ResponseSyncBox  RX=

     Highland Technology  Model T560  Digital Delay Generator

Firmware 28E560-D  02407                Cal date July 19, 2018      

Trig   REM  50R  Level 1.250   Div   0,000,000,000  SYN 00,010,000.00
Gate   OFF  POS  HIZ           Shots 0,000,000,069
Burst  OFF  N  0,000,000,016   of M  0,000,000,064

Verbos ON   Autoinstall FEOD   Usec 0,084,589,573  DPLL 00033
Clock  OUT  Trim 02166         Temp +52.4

Errs   None

Ch A  POS  ON     Dly  00.000,000,000,000  Wid  00.200,000,000,000
Ch B  POS  ON     Dly  00.000,000,000,000  Wid  00.200,000,000,000
Ch C  POS  ON     Dly  00.000,000,000,000  Wid  00.200,000,000,000
Ch D  POS  ON     Dly  00.000,000,000,000  Wid  00.200,000,000,000



9/13/2022 10:39 AM ResponseSyncBox  RX=OK

9/13/2022 10:39 AM CommandSyncBox  TX=IN

9/13/2022 10:39 AM ResponseSyncBox  RX=OK

9/13/2022 10:39 AM CommandSyncBox  TX=TRigger

9/13/2022 10:39 AM ResponseSyncBox  RX=Trig   REM  50R  Level 1.250   Div   0,000,000,000  SYN 00,010,000.00

9/13/2022 10:39 AM CommandSyncBox  TX=FIre

9/13/2022 10:39 AM ResponseSyncBox  RX=OK

9/13/2022 10:40 AM CommandAcquisChD  TX=WRITE_SETUP {"ACQUISITION_MODE":3,"TRIGGER_MODE":0,"READ_MODE":4,"PREAMP":0,"READOUT_RATE":0,"VERTICAL_SHIFT_SPEED":3,"EM_MODE":1,"EM_GAIN":2,"SHUTTER_MODE":2,"SHUTTER_TTL":0,"SHUTTER_OPENING_TIME":1,"SHUTTER_CLOSING_TIME":1,"VBIN":1,"HBIN":1,"INITIAL_LINE":1,"INITIAL_COLUMN":1,"FINAL_LINE":1024,"FINAL_COLUMN":1024,"FRAME_TRANSFER":true,"VERTICAL_CLOCK_VOLTAGE":0,"AD_CHANNEL":0}
9/13/2022 10:40 AM CommandAcquisChD  TX=READ_SETUP 
9/13/2022 10:40 AM ResponseAcquisChD  RX=CCD_SETUP {"PREAMP":0,"READOUT_RATE":0,"EM_GAIN":2,"VBIN":1,"INITIAL_LINE":1,"INITIAL_COLUMN":1,"FINAL_LINE":1024,"FINAL_COLUMN":1024,"TRIGGER_MODE":0,"HBIN":1,"SHUTTER_TTL":0,"SHUTTER_MODE":2,"SHUTTER_OPENING_TIME":1,"SHUTTER_CLOSING_TIME":1,"VERTICAL_SHIFT_SPEED":3,"READ_MODE":4,"FRAME_TRANSFER":true,"VERTICAL_CLOCK_VOLTAGE":0,"ACQUISITION_MODE":3,"AD_CHANNEL":0,"EM_MODE":1}
9/13/2022 10:40 AM CommandAcquisChD  TX=SET COOLER_POWER_STATUS 0
9/13/2022 10:40 AM ResponseAcquisChD  RX=DONE
9/13/2022 10:41 AM CommandInstrument  TX=S4ICS WPROT NONE NONE,WPSEL GOTO CLEAR,GMIR NONE NONE,GFOC NONE NONE,CALW GOTO CLEAR,ASEL GOTO CLEAR

9/13/2022 10:41 AM ResponseInstrument  RX=WPROT SIMULATED READY 202 WP10 10, WPSEL SIMULATED BUSY 0 L/2 2, ASEL SIMULATED BUSY 100 ANALYZER 2, CALW SIMULATED BUSY 0 CLEAR 1, GFOC SIMULATED READY 0 HOME 0, GMIR SIMULATED READY 720 HOME 0

9/13/2022 10:46 AM CommandInstrument  TX=S4ICS WPROT STOP NONE,WPSEL NONE NONE,GMIR NONE NONE,GFOC NONE NONE,CALW NONE NONE,ASEL NONE NONE

9/13/2022 10:46 AM ResponseInstrument  RX=WPROT SIMULATED BUSY 202 WP10 10, WPSEL SIMULATED READY 50 CLEAR 1, ASEL SIMULATED READY 0 CLEAR 1, CALW SIMULATED READY 0 CLEAR 1, GFOC SIMULATED READY 0 HOME 0, GMIR SIMULATED READY 720 HOME 0

9/13/2022 10:46 AM CommandInstrument  TX=S4ICS WPROT STOP NONE,WPSEL NONE NONE,GMIR NONE NONE,GFOC NONE NONE,CALW NONE NONE,ASEL NONE NONE

9/13/2022 10:46 AM ResponseInstrument  RX=WPROT SIMULATED BUSY 202 NONE -1, WPSEL SIMULATED READY 50 CLEAR 1, ASEL SIMULATED READY 0 CLEAR 1, CALW SIMULATED READY 0 CLEAR 1, GFOC SIMULATED READY 0 HOME 0, GMIR SIMULATED READY 720 HOME 0

9/13/2022 10:47 AM CommandAcquisChD  TX=WRITE_SETUP {"ACQUISITION_MODE":3,"TRIGGER_MODE":6,"READ_MODE":4,"PREAMP":0,"READOUT_RATE":0,"VERTICAL_SHIFT_SPEED":3,"EM_MODE":1,"EM_GAIN":2,"SHUTTER_MODE":2,"SHUTTER_TTL":0,"SHUTTER_OPENING_TIME":1,"SHUTTER_CLOSING_TIME":1,"VBIN":1,"HBIN":1,"INITIAL_LINE":1,"INITIAL_COLUMN":1,"FINAL_LINE":1024,"FINAL_COLUMN":1024,"FRAME_TRANSFER":true,"VERTICAL_CLOCK_VOLTAGE":0,"AD_CHANNEL":0}
9/13/2022 10:47 AM CommandAcquisChD  TX=SET EXPTIME 5.000000
9/13/2022 10:47 AM ResponseAcquisChD  RX=DONE
9/13/2022 10:47 AM CommandAcquisChD  TX=SET #FRAMES 2.000000
9/13/2022 10:47 AM CommandAcquisChD  TX=SET #CUBES 1.0000 
9/13/2022 10:47 AM ResponseAcquisChD  RX=DONE
9/13/2022 10:47 AM CommandAcquisChD  TX=SET SUFFIX 
9/13/2022 10:47 AM ResponseAcquisChD  RX=DONE
9/13/2022 10:47 AM CommandAcquisChD  TX=SET OBSTYPE OBJECT
9/13/2022 10:47 AM ResponseAcquisChD  RX=DONE
9/13/2022 10:47 AM ResponseAcquisChD  RX=DONE
9/13/2022 10:47 AM CommandSyncBox  TX=ADELAY 0m

9/13/2022 10:47 AM ResponseSyncBox  RX=OK

9/13/2022 10:47 AM CommandSyncBox  TX=BDELAY 0m

9/13/2022 10:47 AM ResponseSyncBox  RX=OK

9/13/2022 10:47 AM CommandSyncBox  TX=CDELAY 0m

9/13/2022 10:47 AM ResponseSyncBox  RX=OK

9/13/2022 10:47 AM CommandSyncBox  TX=DDELAY 0m

9/13/2022 10:47 AM ResponseSyncBox  RX=OK

9/13/2022 10:47 AM CommandSyncBox  TX=AWIDTH 200m

9/13/2022 10:47 AM ResponseSyncBox  RX=OK

9/13/2022 10:47 AM CommandSyncBox  TX=BWIDTH 200m

9/13/2022 10:47 AM ResponseSyncBox  RX=OK

9/13/2022 10:47 AM CommandSyncBox  TX=CWIDTH 200m

9/13/2022 10:47 AM ResponseSyncBox  RX=OK

9/13/2022 10:47 AM CommandSyncBox  TX=DWIDTH 200m

9/13/2022 10:47 AM ResponseSyncBox  RX=OK

9/13/2022 10:47 AM CommandSyncBox  TX=aset on

9/13/2022 10:47 AM ResponseSyncBox  RX=OK

9/13/2022 10:47 AM CommandSyncBox  TX=bset on

9/13/2022 10:47 AM ResponseSyncBox  RX=OK

9/13/2022 10:47 AM CommandSyncBox  TX=cset on

9/13/2022 10:47 AM ResponseSyncBox  RX=OK

9/13/2022 10:47 AM CommandSyncBox  TX=dset on

9/13/2022 10:47 AM ResponseSyncBox  RX=OK

9/13/2022 10:47 AM CommandSyncBox  TX=IN

9/13/2022 10:47 AM ResponseSyncBox  RX=OK

9/13/2022 10:47 AM CommandAcquisChD  TX=EXPOSE
9/13/2022 10:47 AM CommandSyncBox  TX=TRigger REmote

9/13/2022 10:47 AM ResponseSyncBox  RX=OK

9/13/2022 10:47 AM CommandSyncBox  TX=IN

9/13/2022 10:47 AM ResponseSyncBox  RX=OK

9/13/2022 10:47 AM CommandSyncBox  TX=TRigger

9/13/2022 10:47 AM ResponseSyncBox  RX=Trig   REM  50R  Level 1.250   Div   0,000,000,000  SYN 00,010,000.00

9/13/2022 10:47 AM CommandSyncBox  TX=FIre

9/13/2022 10:47 AM ResponseSyncBox  RX=OK

9/13/2022 10:48 AM CommandAcquisChD  TX=WRITE_SETUP {"ACQUISITION_MODE":3,"TRIGGER_MODE":0,"READ_MODE":4,"PREAMP":0,"READOUT_RATE":0,"VERTICAL_SHIFT_SPEED":3,"EM_MODE":1,"EM_GAIN":2,"SHUTTER_MODE":2,"SHUTTER_TTL":0,"SHUTTER_OPENING_TIME":1,"SHUTTER_CLOSING_TIME":1,"VBIN":1,"HBIN":1,"INITIAL_LINE":1,"INITIAL_COLUMN":1,"FINAL_LINE":1024,"FINAL_COLUMN":1024,"FRAME_TRANSFER":true,"VERTICAL_CLOCK_VOLTAGE":0,"AD_CHANNEL":0}
9/13/2022 10:48 AM CommandAcquisChD  TX=READ_SETUP 
9/13/2022 10:48 AM CommandAcquisChD  TX=SET COOLER_POWER_STATUS 0
9/13/2022 10:48 AM ResponseAcquisChD  RX=CCD_SETUP {"PREAMP":0,"READOUT_RATE":0,"EM_GAIN":2,"VBIN":1,"INITIAL_LINE":1,"INITIAL_COLUMN":1,"FINAL_LINE":1024,"FINAL_COLUMN":1024,"TRIGGER_MODE":0,"HBIN":1,"SHUTTER_TTL":0,"SHUTTER_MODE":2,"SHUTTER_OPENING_TIME":1,"SHUTTER_CLOSING_TIME":1,"VERTICAL_SHIFT_SPEED":3,"READ_MODE":4,"FRAME_TRANSFER":true,"VERTICAL_CLOCK_VOLTAGE":0,"ACQUISITION_MODE":3,"AD_CHANNEL":0,"EM_MODE":1}
9/13/2022 10:48 AM ResponseAcquisChD  RX=DONE
9/13/2022 3:21 PM CommandInstrument  TX=S4ICS WPROT STOP NONE,WPSEL NONE NONE,GMIR NONE NONE,GFOC NONE NONE,CALW NONE NONE,ASEL NONE NONE

9/13/2022 3:21 PM ResponseInstrument  RX=WPROT SIMULATED BUSY 202 NONE -1, WPSEL SIMULATED READY 50 CLEAR 1, ASEL SIMULATED READY 0 CLEAR 1, CALW SIMULATED READY 0 CLEAR 1, GFOC SIMULATED READY 0 HOME 0, GMIR SIMULATED READY 720 HOME 0

9/13/2022 3:21 PM CommandAcquisChD  TX=WRITE_SETUP {"ACQUISITION_MODE":3,"TRIGGER_MODE":6,"READ_MODE":4,"PREAMP":0,"READOUT_RATE":0,"VERTICAL_SHIFT_SPEED":3,"EM_MODE":1,"EM_GAIN":2,"SHUTTER_MODE":2,"SHUTTER_TTL":0,"SHUTTER_OPENING_TIME":1,"SHUTTER_CLOSING_TIME":1,"VBIN":1,"HBIN":1,"INITIAL_LINE":1,"INITIAL_COLUMN":1,"FINAL_LINE":1024,"FINAL_COLUMN":1024,"FRAME_TRANSFER":true,"VERTICAL_CLOCK_VOLTAGE":0,"AD_CHANNEL":0}
9/13/2022 3:21 PM CommandAcquisChD  TX=SET EXPTIME 5.000000
9/13/2022 3:21 PM ResponseAcquisChD  RX=DONE
9/13/2022 3:21 PM CommandAcquisChD  TX=SET #FRAMES 2.000000
9/13/2022 3:21 PM CommandAcquisChD  TX=SET #CUBES 1.0000 
9/13/2022 3:21 PM ResponseAcquisChD  RX=DONE
9/13/2022 3:21 PM CommandAcquisChD  TX=SET SUFFIX 
9/13/2022 3:21 PM ResponseAcquisChD  RX=DONE
9/13/2022 3:21 PM CommandAcquisChD  TX=SET OBSTYPE OBJECT
9/13/2022 3:21 PM ResponseAcquisChD  RX=DONE
9/13/2022 3:21 PM ResponseAcquisChD  RX=DONE
9/13/2022 3:21 PM CommandSyncBox  TX=ADELAY 0m

9/13/2022 3:21 PM ResponseSyncBox  RX=OK

9/13/2022 3:21 PM CommandSyncBox  TX=BDELAY 0m

9/13/2022 3:21 PM ResponseSyncBox  RX=OK

9/13/2022 3:21 PM CommandSyncBox  TX=CDELAY 0m

9/13/2022 3:21 PM ResponseSyncBox  RX=OK

9/13/2022 3:21 PM CommandSyncBox  TX=DDELAY 0m

9/13/2022 3:21 PM ResponseSyncBox  RX=OK

9/13/2022 3:21 PM CommandSyncBox  TX=AWIDTH 200m

9/13/2022 3:21 PM ResponseSyncBox  RX=OK

9/13/2022 3:21 PM CommandSyncBox  TX=BWIDTH 200m

9/13/2022 3:21 PM ResponseSyncBox  RX=OK

9/13/2022 3:21 PM CommandSyncBox  TX=CWIDTH 200m

9/13/2022 3:21 PM ResponseSyncBox  RX=OK

9/13/2022 3:21 PM CommandSyncBox  TX=DWIDTH 200m

9/13/2022 3:21 PM ResponseSyncBox  RX=OK

9/13/2022 3:21 PM CommandSyncBox  TX=aset on

9/13/2022 3:21 PM ResponseSyncBox  RX=OK

9/13/2022 3:21 PM CommandSyncBox  TX=bset on

9/13/2022 3:21 PM ResponseSyncBox  RX=OK

9/13/2022 3:21 PM CommandSyncBox  TX=cset on

9/13/2022 3:21 PM ResponseSyncBox  RX=OK

9/13/2022 3:21 PM CommandSyncBox  TX=dset on

9/13/2022 3:21 PM ResponseSyncBox  RX=OK

9/13/2022 3:21 PM CommandSyncBox  TX=IN

9/13/2022 3:21 PM ResponseSyncBox  RX=OK

9/13/2022 3:21 PM CommandAcquisChD  TX=EXPOSE
9/13/2022 3:21 PM CommandSyncBox  TX=TRigger REmote

9/13/2022 3:21 PM ResponseSyncBox  RX=OK

9/13/2022 3:21 PM CommandSyncBox  TX=IN

9/13/2022 3:21 PM ResponseSyncBox  RX=OK

9/13/2022 3:21 PM CommandSyncBox  TX=TRigger

9/13/2022 3:21 PM ResponseSyncBox  RX=Trig   REM  50R  Level 1.250   Div   0,000,000,000  SYN 00,010,000.00

9/13/2022 3:21 PM CommandSyncBox  TX=FIre

9/13/2022 3:21 PM ResponseSyncBox  RX=OK

9/13/2022 3:21 PM CommandAcquisChD  TX=SET EXPTIME 5.000000
9/13/2022 3:21 PM ResponseAcquisChD  RX=DONE
9/13/2022 3:21 PM CommandAcquisChD  TX=SET #FRAMES 2.000000
9/13/2022 3:21 PM CommandAcquisChD  TX=SET #CUBES 1.0000 
9/13/2022 3:21 PM ResponseAcquisChD  RX=DONE
9/13/2022 3:21 PM CommandAcquisChD  TX=SET SUFFIX 
9/13/2022 3:21 PM ResponseAcquisChD  RX=DONE
9/13/2022 3:21 PM CommandAcquisChD  TX=SET OBSTYPE OBJECT
9/13/2022 3:21 PM ResponseAcquisChD  RX=DONE
9/13/2022 3:21 PM ResponseAcquisChD  RX=DONE
9/13/2022 3:21 PM CommandSyncBox  TX=ADELAY 0m

9/13/2022 3:21 PM ResponseSyncBox  RX=OK

9/13/2022 3:21 PM CommandSyncBox  TX=BDELAY 0m

9/13/2022 3:21 PM ResponseSyncBox  RX=OK

9/13/2022 3:21 PM CommandSyncBox  TX=CDELAY 0m

9/13/2022 3:21 PM ResponseSyncBox  RX=OK

9/13/2022 3:21 PM CommandSyncBox  TX=DDELAY 0m

9/13/2022 3:21 PM ResponseSyncBox  RX=OK

9/13/2022 3:21 PM CommandSyncBox  TX=AWIDTH 200m

9/13/2022 3:21 PM ResponseSyncBox  RX=OK

9/13/2022 3:21 PM CommandSyncBox  TX=BWIDTH 200m

9/13/2022 3:21 PM ResponseSyncBox  RX=OK

9/13/2022 3:21 PM CommandSyncBox  TX=CWIDTH 200m

9/13/2022 3:21 PM ResponseSyncBox  RX=OK

9/13/2022 3:21 PM CommandSyncBox  TX=DWIDTH 200m

9/13/2022 3:21 PM ResponseSyncBox  RX=OK

9/13/2022 3:21 PM CommandSyncBox  TX=aset on

9/13/2022 3:21 PM ResponseSyncBox  RX=OK

9/13/2022 3:21 PM CommandSyncBox  TX=bset on

9/13/2022 3:22 PM ResponseSyncBox  RX=OK

9/13/2022 3:22 PM CommandSyncBox  TX=cset on

9/13/2022 3:22 PM ResponseSyncBox  RX=OK

9/13/2022 3:22 PM CommandSyncBox  TX=dset on

9/13/2022 3:22 PM ResponseSyncBox  RX=OK

9/13/2022 3:22 PM CommandSyncBox  TX=IN

9/13/2022 3:22 PM ResponseSyncBox  RX=OK

9/13/2022 3:22 PM CommandAcquisChD  TX=EXPOSE
9/13/2022 3:22 PM CommandSyncBox  TX=TRigger REmote

9/13/2022 3:22 PM ResponseSyncBox  RX=OK

9/13/2022 3:22 PM CommandSyncBox  TX=IN

9/13/2022 3:22 PM ResponseSyncBox  RX=OK

9/13/2022 3:22 PM CommandSyncBox  TX=TRigger

9/13/2022 3:22 PM ResponseSyncBox  RX=Trig   REM  50R  Level 1.250   Div   0,000,000,000  SYN 00,010,000.00

9/13/2022 3:22 PM CommandSyncBox  TX=FIre

9/13/2022 3:22 PM ResponseSyncBox  RX=OK

9/13/2022 3:22 PM CommandAcquisChD  TX=WRITE_SETUP {"ACQUISITION_MODE":3,"TRIGGER_MODE":0,"READ_MODE":4,"PREAMP":0,"READOUT_RATE":0,"VERTICAL_SHIFT_SPEED":3,"EM_MODE":1,"EM_GAIN":2,"SHUTTER_MODE":2,"SHUTTER_TTL":0,"SHUTTER_OPENING_TIME":1,"SHUTTER_CLOSING_TIME":1,"VBIN":1,"HBIN":1,"INITIAL_LINE":1,"INITIAL_COLUMN":1,"FINAL_LINE":1024,"FINAL_COLUMN":1024,"FRAME_TRANSFER":true,"VERTICAL_CLOCK_VOLTAGE":0,"AD_CHANNEL":0}
9/13/2022 3:22 PM CommandAcquisChD  TX=READ_SETUP 
9/13/2022 3:22 PM ResponseAcquisChD  RX=CCD_SETUP {"PREAMP":0,"READOUT_RATE":0,"EM_GAIN":2,"VBIN":1,"INITIAL_LINE":1,"INITIAL_COLUMN":1,"FINAL_LINE":1024,"FINAL_COLUMN":1024,"TRIGGER_MODE":0,"HBIN":1,"SHUTTER_TTL":0,"SHUTTER_MODE":2,"SHUTTER_OPENING_TIME":1,"SHUTTER_CLOSING_TIME":1,"VERTICAL_SHIFT_SPEED":3,"READ_MODE":4,"FRAME_TRANSFER":true,"VERTICAL_CLOCK_VOLTAGE":0,"ACQUISITION_MODE":3,"AD_CHANNEL":0,"EM_MODE":1}
9/13/2022 3:22 PM CommandAcquisChD  TX=SET COOLER_POWER_STATUS 0
9/13/2022 3:22 PM ResponseAcquisChD  RX=DONE
9/13/2022 3:23 PM CommandInstrument  TX=S4ICS WPROT STOP NONE,WPSEL NONE NONE,GMIR NONE NONE,GFOC NONE NONE,CALW NONE NONE,ASEL NONE NONE

9/13/2022 3:23 PM ResponseInstrument  RX=WPROT SIMULATED BUSY 202 NONE -1, WPSEL SIMULATED READY 50 CLEAR 1, ASEL SIMULATED READY 0 CLEAR 1, CALW SIMULATED READY 0 CLEAR 1, GFOC SIMULATED READY 0 HOME 0, GMIR SIMULATED READY 720 HOME 0

9/13/2022 3:23 PM CommandAcquisChD  TX=WRITE_SETUP {"ACQUISITION_MODE":3,"TRIGGER_MODE":6,"READ_MODE":4,"PREAMP":0,"READOUT_RATE":0,"VERTICAL_SHIFT_SPEED":3,"EM_MODE":1,"EM_GAIN":2,"SHUTTER_MODE":2,"SHUTTER_TTL":0,"SHUTTER_OPENING_TIME":1,"SHUTTER_CLOSING_TIME":1,"VBIN":1,"HBIN":1,"INITIAL_LINE":1,"INITIAL_COLUMN":1,"FINAL_LINE":1024,"FINAL_COLUMN":1024,"FRAME_TRANSFER":true,"VERTICAL_CLOCK_VOLTAGE":0,"AD_CHANNEL":0}
9/13/2022 3:23 PM CommandAcquisChD  TX=READ_SETUP 
9/13/2022 3:23 PM CommandAcquisChD  TX=SET COOLER_POWER_STATUS 0
9/13/2022 3:23 PM ResponseAcquisChD  RX=CCD_SETUP {"PREAMP":0,"READOUT_RATE":0,"EM_GAIN":2,"VBIN":1,"INITIAL_LINE":1,"INITIAL_COLUMN":1,"FINAL_LINE":1024,"FINAL_COLUMN":1024,"TRIGGER_MODE":6,"HBIN":1,"SHUTTER_TTL":0,"SHUTTER_MODE":2,"SHUTTER_OPENING_TIME":1,"SHUTTER_CLOSING_TIME":1,"VERTICAL_SHIFT_SPEED":3,"READ_MODE":4,"FRAME_TRANSFER":true,"VERTICAL_CLOCK_VOLTAGE":0,"ACQUISITION_MODE":3,"AD_CHANNEL":0,"EM_MODE":1}
9/13/2022 3:23 PM ResponseAcquisChD  RX=DONE
9/13/2022 3:24 PM CommandAcquisChD  TX=SET EXPTIME 5.000000
9/13/2022 3:24 PM ResponseAcquisChD  RX=RETURNING_STATUS {"CUBE_EXPOSURE_TIME":10,"CUBES_DONE":1,"LAST_IMAGE_NAME":"20220913_s4c4_000011.fits","DISK_SPACE":0,"FRAMES_DONE":2,"CCD_STATUS":"IDLE","CURRENT_TEMPERATURE":20,"TEMPERATURE_STATUS":"TEMPERATURE_OFF","FRAME_EXPOSURE_TIME":5,"CCD_POWER_STATUS":true,"SERIAL_NUMBER":9917,"ACQUIRING":false}
9/13/2022 3:24 PM ResponseAcquisChD  RX=DONE
9/13/2022 3:24 PM CommandAcquisChD  TX=SET #FRAMES 2.000000
9/13/2022 3:24 PM CommandAcquisChD  TX=SET #CUBES 1.0000 
9/13/2022 3:24 PM ResponseAcquisChD  RX=DONE
9/13/2022 3:24 PM CommandAcquisChD  TX=SET SUFFIX 
9/13/2022 3:24 PM ResponseAcquisChD  RX=DONE
9/13/2022 3:24 PM CommandAcquisChD  TX=SET OBSTYPE OBJECT
9/13/2022 3:24 PM ResponseAcquisChD  RX=DONE
9/13/2022 3:24 PM ResponseAcquisChD  RX=DONE
9/13/2022 3:24 PM CommandSyncBox  TX=ADELAY 0m

9/13/2022 3:24 PM ResponseSyncBox  RX=OK

9/13/2022 3:24 PM CommandSyncBox  TX=BDELAY 0m

9/13/2022 3:24 PM ResponseSyncBox  RX=OK

9/13/2022 3:24 PM CommandSyncBox  TX=CDELAY 0m

9/13/2022 3:24 PM ResponseSyncBox  RX=OK

9/13/2022 3:24 PM CommandSyncBox  TX=DDELAY 0m

9/13/2022 3:24 PM ResponseSyncBox  RX=OK

9/13/2022 3:24 PM CommandSyncBox  TX=AWIDTH 200m

9/13/2022 3:24 PM ResponseSyncBox  RX=OK

9/13/2022 3:24 PM CommandSyncBox  TX=BWIDTH 200m

9/13/2022 3:24 PM ResponseSyncBox  RX=OK

9/13/2022 3:24 PM CommandSyncBox  TX=CWIDTH 200m

9/13/2022 3:24 PM ResponseSyncBox  RX=OK

9/13/2022 3:24 PM CommandSyncBox  TX=DWIDTH 200m

9/13/2022 3:24 PM ResponseSyncBox  RX=OK

9/13/2022 3:24 PM CommandSyncBox  TX=aset on

9/13/2022 3:24 PM ResponseSyncBox  RX=OK

9/13/2022 3:24 PM CommandSyncBox  TX=bset on

9/13/2022 3:24 PM ResponseSyncBox  RX=OK

9/13/2022 3:24 PM CommandSyncBox  TX=cset on

9/13/2022 3:24 PM ResponseSyncBox  RX=OK

9/13/2022 3:24 PM CommandSyncBox  TX=dset on

9/13/2022 3:24 PM ResponseSyncBox  RX=OK

9/13/2022 3:24 PM CommandSyncBox  TX=IN

9/13/2022 3:24 PM ResponseSyncBox  RX=OK

9/13/2022 3:24 PM CommandAcquisChD  TX=EXPOSE
9/13/2022 3:24 PM CommandSyncBox  TX=TRigger REmote

9/13/2022 3:24 PM ResponseSyncBox  RX=OK

9/13/2022 3:24 PM CommandSyncBox  TX=IN

9/13/2022 3:24 PM ResponseSyncBox  RX=OK

9/13/2022 3:24 PM CommandSyncBox  TX=TRigger

9/13/2022 3:24 PM ResponseSyncBox  RX=Trig   REM  50R  Level 1.250   Div   0,000,000,000  SYN 00,010,000.00

9/13/2022 3:24 PM CommandSyncBox  TX=FIre

9/13/2022 3:24 PM ResponseSyncBox  RX=OK

9/13/2022 3:24 PM CommandAcquisChD  TX=WRITE_SETUP {"ACQUISITION_MODE":3,"TRIGGER_MODE":0,"READ_MODE":4,"PREAMP":0,"READOUT_RATE":0,"VERTICAL_SHIFT_SPEED":3,"EM_MODE":1,"EM_GAIN":2,"SHUTTER_MODE":2,"SHUTTER_TTL":0,"SHUTTER_OPENING_TIME":1,"SHUTTER_CLOSING_TIME":1,"VBIN":1,"HBIN":1,"INITIAL_LINE":1,"INITIAL_COLUMN":1,"FINAL_LINE":1024,"FINAL_COLUMN":1024,"FRAME_TRANSFER":true,"VERTICAL_CLOCK_VOLTAGE":0,"AD_CHANNEL":0}
9/13/2022 3:24 PM CommandAcquisChD  TX=READ_SETUP 
9/13/2022 3:24 PM ResponseAcquisChD  RX=CCD_SETUP {"PREAMP":0,"READOUT_RATE":0,"EM_GAIN":2,"VBIN":1,"INITIAL_LINE":1,"INITIAL_COLUMN":1,"FINAL_LINE":1024,"FINAL_COLUMN":1024,"TRIGGER_MODE":0,"HBIN":1,"SHUTTER_TTL":0,"SHUTTER_MODE":2,"SHUTTER_OPENING_TIME":1,"SHUTTER_CLOSING_TIME":1,"VERTICAL_SHIFT_SPEED":3,"READ_MODE":4,"FRAME_TRANSFER":true,"VERTICAL_CLOCK_VOLTAGE":0,"ACQUISITION_MODE":3,"AD_CHANNEL":0,"EM_MODE":1}
9/13/2022 3:24 PM CommandAcquisChD  TX=SET COOLER_POWER_STATUS 0
9/13/2022 3:24 PM ResponseAcquisChD  RX=DONE
9/13/2022 3:30 PM CommandInstrument  TX=S4ICS WPROT STOP NONE,WPSEL NONE NONE,GMIR NONE NONE,GFOC NONE NONE,CALW NONE NONE,ASEL NONE NONE

9/13/2022 3:30 PM ResponseInstrument  RX=WPROT SIMULATED BUSY 202 NONE -1, WPSEL SIMULATED READY 50 CLEAR 1, ASEL SIMULATED READY 0 CLEAR 1, CALW SIMULATED READY 0 CLEAR 1, GFOC SIMULATED READY 0 HOME 0, GMIR SIMULATED READY 720 HOME 0

9/13/2022 3:30 PM CommandInstrument  TX=S4ICS WPROT STOP NONE,WPSEL NONE NONE,GMIR NONE NONE,GFOC NONE NONE,CALW NONE NONE,ASEL NONE NONE

9/13/2022 3:30 PM ResponseInstrument  RX=WPROT SIMULATED BUSY 202 NONE -1, WPSEL SIMULATED READY 50 CLEAR 1, ASEL SIMULATED READY 0 CLEAR 1, CALW SIMULATED READY 0 CLEAR 1, GFOC SIMULATED READY 0 HOME 0, GMIR SIMULATED READY 720 HOME 0

9/13/2022 3:31 PM CommandInstrument  TX=S4ICS WPROT STOP NONE,WPSEL NONE NONE,GMIR NONE NONE,GFOC NONE NONE,CALW NONE NONE,ASEL NONE NONE

9/13/2022 3:31 PM ResponseInstrument  RX=WPROT SIMULATED BUSY 202 NONE -1, WPSEL SIMULATED READY 50 CLEAR 1, ASEL SIMULATED READY 0 CLEAR 1, CALW SIMULATED READY 0 CLEAR 1, GFOC SIMULATED READY 0 HOME 0, GMIR SIMULATED READY 720 HOME 0

9/13/2022 3:37 PM CommandInstrument  TX=S4ICS WPROT STOP NONE,WPSEL NONE NONE,GMIR NONE NONE,GFOC NONE NONE,CALW NONE NONE,ASEL NONE NONE

9/13/2022 3:37 PM ResponseInstrument  RX=WPROT SIMULATED BUSY 202 NONE -1, WPSEL SIMULATED READY 50 CLEAR 1, ASEL SIMULATED READY 0 CLEAR 1, CALW SIMULATED READY 0 CLEAR 1, GFOC SIMULATED READY 0 HOME 0, GMIR SIMULATED READY 720 HOME 0

