9/23/2022 10:47 AM CommandAcquisChA  TX=WRITE_SETUP {"ACQUISITION_MODE":3,"TRIGGER_MODE":0,"READ_MODE":4,"PREAMP":0,"READOUT_RATE":0,"VERTICAL_SHIFT_SPEED":3,"EM_MODE":1,"EM_GAIN":2,"SHUTTER_MODE":2,"SHUTTER_TTL":0,"SHUTTER_OPENING_TIME":1,"SHUTTER_CLOSING_TIME":1,"VBIN":1,"HBIN":1,"INITIAL_LINE":1,"INITIAL_COLUMN":1,"FINAL_LINE":1024,"FINAL_COLUMN":1024,"FRAME_TRANSFER":true,"VERTICAL_CLOCK_VOLTAGE":0,"AD_CHANNEL":0}
9/23/2022 10:47 AM CommandAcquisChB  TX=WRITE_SETUP {"ACQUISITION_MODE":3,"TRIGGER_MODE":0,"READ_MODE":4,"PREAMP":0,"READOUT_RATE":0,"VERTICAL_SHIFT_SPEED":3,"EM_MODE":1,"EM_GAIN":2,"SHUTTER_MODE":2,"SHUTTER_TTL":0,"SHUTTER_OPENING_TIME":1,"SHUTTER_CLOSING_TIME":1,"VBIN":1,"HBIN":1,"INITIAL_LINE":1,"INITIAL_COLUMN":1,"FINAL_LINE":1024,"FINAL_COLUMN":1024,"FRAME_TRANSFER":true,"VERTICAL_CLOCK_VOLTAGE":0,"AD_CHANNEL":0}
9/23/2022 10:47 AM CommandAcquisChC  TX=WRITE_SETUP {"ACQUISITION_MODE":3,"TRIGGER_MODE":0,"READ_MODE":4,"PREAMP":0,"READOUT_RATE":0,"VERTICAL_SHIFT_SPEED":3,"EM_MODE":1,"EM_GAIN":2,"SHUTTER_MODE":2,"SHUTTER_TTL":0,"SHUTTER_OPENING_TIME":1,"SHUTTER_CLOSING_TIME":1,"VBIN":1,"HBIN":1,"INITIAL_LINE":1,"INITIAL_COLUMN":1,"FINAL_LINE":1024,"FINAL_COLUMN":1024,"FRAME_TRANSFER":true,"VERTICAL_CLOCK_VOLTAGE":0,"AD_CHANNEL":0}
9/23/2022 10:47 AM CommandAcquisChD  TX=WRITE_SETUP {"ACQUISITION_MODE":3,"TRIGGER_MODE":0,"READ_MODE":4,"PREAMP":0,"READOUT_RATE":0,"VERTICAL_SHIFT_SPEED":3,"EM_MODE":1,"EM_GAIN":2,"SHUTTER_MODE":1,"SHUTTER_TTL":0,"SHUTTER_OPENING_TIME":1,"SHUTTER_CLOSING_TIME":1,"VBIN":1,"HBIN":1,"INITIAL_LINE":1,"INITIAL_COLUMN":1,"FINAL_LINE":1024,"FINAL_COLUMN":1024,"FRAME_TRANSFER":true,"VERTICAL_CLOCK_VOLTAGE":0,"AD_CHANNEL":0}
9/23/2022 10:47 AM CommandSyncBox  TX=ADELAY 0m

9/23/2022 10:47 AM ResponseSyncBox  RX=OK

9/23/2022 10:47 AM CommandSyncBox  TX=BDELAY 0m

9/23/2022 10:47 AM ResponseSyncBox  RX=OK

9/23/2022 10:47 AM CommandSyncBox  TX=CDELAY 0m

9/23/2022 10:47 AM ResponseSyncBox  RX=OK

9/23/2022 10:47 AM CommandSyncBox  TX=DDELAY 0m

9/23/2022 10:47 AM ResponseSyncBox  RX=OK

9/23/2022 10:47 AM CommandSyncBox  TX=AWIDTH 200m

9/23/2022 10:47 AM ResponseSyncBox  RX=OK

9/23/2022 10:47 AM CommandSyncBox  TX=BWIDTH 200m

9/23/2022 10:47 AM ResponseSyncBox  RX=OK

9/23/2022 10:47 AM CommandSyncBox  TX=CWIDTH 200m

9/23/2022 10:47 AM ResponseSyncBox  RX=OK

9/23/2022 10:47 AM CommandSyncBox  TX=DWIDTH 200m

9/23/2022 10:47 AM ResponseSyncBox  RX=OK

9/23/2022 10:47 AM CommandSyncBox  TX=aset on

9/23/2022 10:47 AM ResponseSyncBox  RX=OK

9/23/2022 10:47 AM CommandSyncBox  TX=bset on

9/23/2022 10:47 AM ResponseSyncBox  RX=OK

9/23/2022 10:47 AM CommandSyncBox  TX=cset on

9/23/2022 10:47 AM ResponseSyncBox  RX=OK

9/23/2022 10:47 AM CommandSyncBox  TX=dset on

9/23/2022 10:47 AM ResponseSyncBox  RX=OK

9/23/2022 10:47 AM CommandSyncBox  TX=IN

9/23/2022 10:47 AM ResponseSyncBox  RX=OK

9/23/2022 10:47 AM CommandAcquisChA  TX=READ_SETUP 
9/23/2022 10:47 AM CommandAcquisChB  TX=READ_SETUP 
9/23/2022 10:47 AM CommandAcquisChC  TX=READ_SETUP 
9/23/2022 10:47 AM CommandAcquisChD  TX=READ_SETUP 
9/23/2022 10:47 AM ResponseAcquisChB  RX=CCD_SETUP {"PREAMP":0,"READOUT_RATE":0,"EM_GAIN":2,"VBIN":1,"INITIAL_LINE":1,"INITIAL_COLUMN":1,"FINAL_LINE":1024,"FINAL_COLUMN":1024,"TRIGGER_MODE":0,"HBIN":1,"SHUTTER_TTL":0,"SHUTTER_MODE":2,"SHUTTER_OPENING_TIME":1,"SHUTTER_CLOSING_TIME":1,"VERTICAL_SHIFT_SPEED":3,"READ_MODE":4,"FRAME_TRANSFER":true,"VERTICAL_CLOCK_VOLTAGE":0,"ACQUISITION_MODE":3,"AD_CHANNEL":0,"EM_MODE":1}
9/23/2022 10:47 AM ResponseAcquisChC  RX=CCD_SETUP {"PREAMP":0,"READOUT_RATE":0,"EM_GAIN":2,"VBIN":1,"INITIAL_LINE":1,"INITIAL_COLUMN":1,"FINAL_LINE":1024,"FINAL_COLUMN":1024,"TRIGGER_MODE":0,"HBIN":1,"SHUTTER_TTL":0,"SHUTTER_MODE":2,"SHUTTER_OPENING_TIME":1,"SHUTTER_CLOSING_TIME":1,"VERTICAL_SHIFT_SPEED":3,"READ_MODE":4,"FRAME_TRANSFER":true,"VERTICAL_CLOCK_VOLTAGE":0,"ACQUISITION_MODE":3,"AD_CHANNEL":0,"EM_MODE":1}
9/23/2022 10:47 AM ResponseAcquisChA  RX=CCD_SETUP {"PREAMP":0,"READOUT_RATE":0,"EM_GAIN":2,"VBIN":1,"INITIAL_LINE":1,"INITIAL_COLUMN":1,"FINAL_LINE":1024,"FINAL_COLUMN":1024,"TRIGGER_MODE":0,"HBIN":1,"SHUTTER_TTL":0,"SHUTTER_MODE":2,"SHUTTER_OPENING_TIME":1,"SHUTTER_CLOSING_TIME":1,"VERTICAL_SHIFT_SPEED":3,"READ_MODE":4,"FRAME_TRANSFER":true,"VERTICAL_CLOCK_VOLTAGE":0,"ACQUISITION_MODE":3,"AD_CHANNEL":0,"EM_MODE":1}
9/23/2022 10:47 AM CommandAcquisChB  TX=SET COOLER_POWER_STATUS 0
9/23/2022 10:47 AM CommandAcquisChC  TX=SET COOLER_POWER_STATUS 0
9/23/2022 10:47 AM CommandAcquisChA  TX=SET COOLER_POWER_STATUS 0
9/23/2022 10:47 AM ResponseAcquisChB  RX=DONE
9/23/2022 10:47 AM ResponseAcquisChC  RX=DONE
9/23/2022 10:47 AM ResponseAcquisChA  RX=DONE
9/23/2022 10:47 AM CommandAcquisChD  TX=SET COOLER_POWER_STATUS 0
9/23/2022 10:47 AM CommandAcquisChA  TX=WRITE_SETUP {"ACQUISITION_MODE":3,"TRIGGER_MODE":0,"READ_MODE":4,"PREAMP":0,"READOUT_RATE":0,"VERTICAL_SHIFT_SPEED":3,"EM_MODE":1,"EM_GAIN":2,"SHUTTER_MODE":2,"SHUTTER_TTL":0,"SHUTTER_OPENING_TIME":1,"SHUTTER_CLOSING_TIME":1,"VBIN":1,"HBIN":1,"INITIAL_LINE":1,"INITIAL_COLUMN":1,"FINAL_LINE":1024,"FINAL_COLUMN":1024,"FRAME_TRANSFER":true,"VERTICAL_CLOCK_VOLTAGE":0,"AD_CHANNEL":0}
9/23/2022 10:47 AM CommandAcquisChB  TX=WRITE_SETUP {"ACQUISITION_MODE":3,"TRIGGER_MODE":0,"READ_MODE":4,"PREAMP":0,"READOUT_RATE":0,"VERTICAL_SHIFT_SPEED":3,"EM_MODE":1,"EM_GAIN":2,"SHUTTER_MODE":2,"SHUTTER_TTL":0,"SHUTTER_OPENING_TIME":1,"SHUTTER_CLOSING_TIME":1,"VBIN":1,"HBIN":1,"INITIAL_LINE":1,"INITIAL_COLUMN":1,"FINAL_LINE":1024,"FINAL_COLUMN":1024,"FRAME_TRANSFER":true,"VERTICAL_CLOCK_VOLTAGE":0,"AD_CHANNEL":0}
9/23/2022 10:47 AM CommandAcquisChC  TX=WRITE_SETUP {"ACQUISITION_MODE":3,"TRIGGER_MODE":0,"READ_MODE":4,"PREAMP":0,"READOUT_RATE":0,"VERTICAL_SHIFT_SPEED":3,"EM_MODE":1,"EM_GAIN":2,"SHUTTER_MODE":2,"SHUTTER_TTL":0,"SHUTTER_OPENING_TIME":1,"SHUTTER_CLOSING_TIME":1,"VBIN":1,"HBIN":1,"INITIAL_LINE":1,"INITIAL_COLUMN":1,"FINAL_LINE":1024,"FINAL_COLUMN":1024,"FRAME_TRANSFER":true,"VERTICAL_CLOCK_VOLTAGE":0,"AD_CHANNEL":0}
9/23/2022 10:47 AM CommandAcquisChA  TX=READ_SETUP 
9/23/2022 10:47 AM CommandAcquisChB  TX=READ_SETUP 
9/23/2022 10:47 AM CommandAcquisChC  TX=READ_SETUP 
9/23/2022 10:47 AM ResponseAcquisChB  RX=CCD_SETUP {"PREAMP":0,"READOUT_RATE":0,"EM_GAIN":2,"VBIN":1,"INITIAL_LINE":1,"INITIAL_COLUMN":1,"FINAL_LINE":1024,"FINAL_COLUMN":1024,"TRIGGER_MODE":0,"HBIN":1,"SHUTTER_TTL":0,"SHUTTER_MODE":2,"SHUTTER_OPENING_TIME":1,"SHUTTER_CLOSING_TIME":1,"VERTICAL_SHIFT_SPEED":3,"READ_MODE":4,"FRAME_TRANSFER":true,"VERTICAL_CLOCK_VOLTAGE":0,"ACQUISITION_MODE":3,"AD_CHANNEL":0,"EM_MODE":1}
9/23/2022 10:47 AM ResponseAcquisChA  RX=CCD_SETUP {"PREAMP":0,"READOUT_RATE":0,"EM_GAIN":2,"VBIN":1,"INITIAL_LINE":1,"INITIAL_COLUMN":1,"FINAL_LINE":1024,"FINAL_COLUMN":1024,"TRIGGER_MODE":0,"HBIN":1,"SHUTTER_TTL":0,"SHUTTER_MODE":2,"SHUTTER_OPENING_TIME":1,"SHUTTER_CLOSING_TIME":1,"VERTICAL_SHIFT_SPEED":3,"READ_MODE":4,"FRAME_TRANSFER":true,"VERTICAL_CLOCK_VOLTAGE":0,"ACQUISITION_MODE":3,"AD_CHANNEL":0,"EM_MODE":1}
9/23/2022 10:47 AM CommandAcquisChA  TX=SET COOLER_POWER_STATUS 0
9/23/2022 10:47 AM CommandAcquisChB  TX=SET COOLER_POWER_STATUS 0
9/23/2022 10:47 AM ResponseAcquisChC  RX=CCD_SETUP {"PREAMP":0,"READOUT_RATE":0,"EM_GAIN":2,"VBIN":1,"INITIAL_LINE":1,"INITIAL_COLUMN":1,"FINAL_LINE":1024,"FINAL_COLUMN":1024,"TRIGGER_MODE":0,"HBIN":1,"SHUTTER_TTL":0,"SHUTTER_MODE":2,"SHUTTER_OPENING_TIME":1,"SHUTTER_CLOSING_TIME":1,"VERTICAL_SHIFT_SPEED":3,"READ_MODE":4,"FRAME_TRANSFER":true,"VERTICAL_CLOCK_VOLTAGE":0,"ACQUISITION_MODE":3,"AD_CHANNEL":0,"EM_MODE":1}
9/23/2022 10:47 AM CommandAcquisChC  TX=SET COOLER_POWER_STATUS 0
9/23/2022 10:47 AM ResponseAcquisChA  RX=DONE
9/23/2022 10:47 AM ResponseAcquisChB  RX=DONE
9/23/2022 10:47 AM ResponseAcquisChC  RX=DONE
9/23/2022 10:48 AM CommandAcquisChB  TX=SET EXPTIME 1.500000
9/23/2022 10:48 AM ResponseAcquisChB  RX=DONE
9/23/2022 10:48 AM CommandAcquisChB  TX=SET #FRAMES 2.000000
9/23/2022 10:48 AM ResponseAcquisChB  RX=DONE
9/23/2022 10:48 AM CommandAcquisChB  TX=SET #CUBES 1.0000 
9/23/2022 10:48 AM ResponseAcquisChB  RX=DONE
9/23/2022 10:48 AM CommandAcquisChB  TX=SET SUFFIX 
9/23/2022 10:48 AM ResponseAcquisChB  RX=DONE
9/23/2022 10:48 AM CommandAcquisChB  TX=SET OBSTYPE OBJECT
9/23/2022 10:48 AM ResponseAcquisChB  RX=DONE
9/23/2022 10:48 AM CommandAcquisChB  TX=EXPOSE
9/23/2022 10:48 AM CommandAcquisChB  TX=ABORT_ACQUISITION
9/23/2022 10:48 AM CommandAcquisChA  TX=WRITE_SETUP {"ACQUISITION_MODE":3,"TRIGGER_MODE":6,"READ_MODE":4,"PREAMP":0,"READOUT_RATE":0,"VERTICAL_SHIFT_SPEED":3,"EM_MODE":1,"EM_GAIN":2,"SHUTTER_MODE":2,"SHUTTER_TTL":0,"SHUTTER_OPENING_TIME":1,"SHUTTER_CLOSING_TIME":1,"VBIN":1,"HBIN":1,"INITIAL_LINE":1,"INITIAL_COLUMN":1,"FINAL_LINE":1024,"FINAL_COLUMN":1024,"FRAME_TRANSFER":true,"VERTICAL_CLOCK_VOLTAGE":0,"AD_CHANNEL":0}
9/23/2022 10:48 AM CommandAcquisChB  TX=WRITE_SETUP {"ACQUISITION_MODE":3,"TRIGGER_MODE":6,"READ_MODE":4,"PREAMP":0,"READOUT_RATE":0,"VERTICAL_SHIFT_SPEED":3,"EM_MODE":1,"EM_GAIN":2,"SHUTTER_MODE":2,"SHUTTER_TTL":0,"SHUTTER_OPENING_TIME":1,"SHUTTER_CLOSING_TIME":1,"VBIN":1,"HBIN":1,"INITIAL_LINE":1,"INITIAL_COLUMN":1,"FINAL_LINE":1024,"FINAL_COLUMN":1024,"FRAME_TRANSFER":true,"VERTICAL_CLOCK_VOLTAGE":0,"AD_CHANNEL":0}
9/23/2022 10:48 AM CommandAcquisChC  TX=WRITE_SETUP {"ACQUISITION_MODE":3,"TRIGGER_MODE":6,"READ_MODE":4,"PREAMP":0,"READOUT_RATE":0,"VERTICAL_SHIFT_SPEED":3,"EM_MODE":1,"EM_GAIN":2,"SHUTTER_MODE":2,"SHUTTER_TTL":0,"SHUTTER_OPENING_TIME":1,"SHUTTER_CLOSING_TIME":1,"VBIN":1,"HBIN":1,"INITIAL_LINE":1,"INITIAL_COLUMN":1,"FINAL_LINE":1024,"FINAL_COLUMN":1024,"FRAME_TRANSFER":true,"VERTICAL_CLOCK_VOLTAGE":0,"AD_CHANNEL":0}
9/23/2022 10:48 AM CommandAcquisChA  TX=WRITE_SETUP {"ACQUISITION_MODE":3,"TRIGGER_MODE":0,"READ_MODE":4,"PREAMP":0,"READOUT_RATE":0,"VERTICAL_SHIFT_SPEED":3,"EM_MODE":1,"EM_GAIN":2,"SHUTTER_MODE":2,"SHUTTER_TTL":0,"SHUTTER_OPENING_TIME":1,"SHUTTER_CLOSING_TIME":1,"VBIN":1,"HBIN":1,"INITIAL_LINE":1,"INITIAL_COLUMN":1,"FINAL_LINE":1024,"FINAL_COLUMN":1024,"FRAME_TRANSFER":true,"VERTICAL_CLOCK_VOLTAGE":0,"AD_CHANNEL":0}
9/23/2022 10:48 AM CommandAcquisChB  TX=WRITE_SETUP {"ACQUISITION_MODE":3,"TRIGGER_MODE":0,"READ_MODE":4,"PREAMP":0,"READOUT_RATE":0,"VERTICAL_SHIFT_SPEED":3,"EM_MODE":1,"EM_GAIN":2,"SHUTTER_MODE":2,"SHUTTER_TTL":0,"SHUTTER_OPENING_TIME":1,"SHUTTER_CLOSING_TIME":1,"VBIN":1,"HBIN":1,"INITIAL_LINE":1,"INITIAL_COLUMN":1,"FINAL_LINE":1024,"FINAL_COLUMN":1024,"FRAME_TRANSFER":true,"VERTICAL_CLOCK_VOLTAGE":0,"AD_CHANNEL":0}
9/23/2022 10:48 AM CommandAcquisChC  TX=WRITE_SETUP {"ACQUISITION_MODE":3,"TRIGGER_MODE":0,"READ_MODE":4,"PREAMP":0,"READOUT_RATE":0,"VERTICAL_SHIFT_SPEED":3,"EM_MODE":1,"EM_GAIN":2,"SHUTTER_MODE":2,"SHUTTER_TTL":0,"SHUTTER_OPENING_TIME":1,"SHUTTER_CLOSING_TIME":1,"VBIN":1,"HBIN":1,"INITIAL_LINE":1,"INITIAL_COLUMN":1,"FINAL_LINE":1024,"FINAL_COLUMN":1024,"FRAME_TRANSFER":true,"VERTICAL_CLOCK_VOLTAGE":0,"AD_CHANNEL":0}
9/23/2022 10:48 AM CommandAcquisChA  TX=READ_SETUP 
9/23/2022 10:48 AM CommandAcquisChB  TX=READ_SETUP 
9/23/2022 10:48 AM CommandAcquisChC  TX=READ_SETUP 
9/23/2022 10:48 AM ResponseAcquisChA  RX=CCD_SETUP {"PREAMP":0,"READOUT_RATE":0,"EM_GAIN":2,"VBIN":1,"INITIAL_LINE":1,"INITIAL_COLUMN":1,"FINAL_LINE":1024,"FINAL_COLUMN":1024,"TRIGGER_MODE":0,"HBIN":1,"SHUTTER_TTL":0,"SHUTTER_MODE":2,"SHUTTER_OPENING_TIME":1,"SHUTTER_CLOSING_TIME":1,"VERTICAL_SHIFT_SPEED":3,"READ_MODE":4,"FRAME_TRANSFER":true,"VERTICAL_CLOCK_VOLTAGE":0,"ACQUISITION_MODE":3,"AD_CHANNEL":0,"EM_MODE":1}
9/23/2022 10:48 AM CommandAcquisChA  TX=SET COOLER_POWER_STATUS 0
9/23/2022 10:48 AM ResponseAcquisChB  RX=CCD_SETUP {"PREAMP":0,"READOUT_RATE":0,"EM_GAIN":2,"VBIN":1,"INITIAL_LINE":1,"INITIAL_COLUMN":1,"FINAL_LINE":1024,"FINAL_COLUMN":1024,"TRIGGER_MODE":0,"HBIN":1,"SHUTTER_TTL":0,"SHUTTER_MODE":2,"SHUTTER_OPENING_TIME":1,"SHUTTER_CLOSING_TIME":1,"VERTICAL_SHIFT_SPEED":3,"READ_MODE":4,"FRAME_TRANSFER":true,"VERTICAL_CLOCK_VOLTAGE":0,"ACQUISITION_MODE":3,"AD_CHANNEL":0,"EM_MODE":1}
9/23/2022 10:48 AM CommandAcquisChB  TX=SET COOLER_POWER_STATUS 0
9/23/2022 10:48 AM ResponseAcquisChC  RX=CCD_SETUP {"PREAMP":0,"READOUT_RATE":0,"EM_GAIN":2,"VBIN":1,"INITIAL_LINE":1,"INITIAL_COLUMN":1,"FINAL_LINE":1024,"FINAL_COLUMN":1024,"TRIGGER_MODE":0,"HBIN":1,"SHUTTER_TTL":0,"SHUTTER_MODE":2,"SHUTTER_OPENING_TIME":1,"SHUTTER_CLOSING_TIME":1,"VERTICAL_SHIFT_SPEED":3,"READ_MODE":4,"FRAME_TRANSFER":true,"VERTICAL_CLOCK_VOLTAGE":0,"ACQUISITION_MODE":3,"AD_CHANNEL":0,"EM_MODE":1}
9/23/2022 10:48 AM CommandAcquisChC  TX=SET COOLER_POWER_STATUS 0
9/23/2022 10:48 AM ResponseAcquisChA  RX=DONE
9/23/2022 10:48 AM ResponseAcquisChB  RX=DONE
9/23/2022 10:48 AM ResponseAcquisChC  RX=DONE
9/23/2022 10:48 AM CommandAcquisChB  TX=SET EXPTIME 1.500000
9/23/2022 10:48 AM ResponseAcquisChB  RX=DONE
9/23/2022 10:48 AM CommandAcquisChB  TX=SET #FRAMES 2.000000
9/23/2022 10:48 AM ResponseAcquisChB  RX=DONE
9/23/2022 10:48 AM CommandAcquisChB  TX=SET #CUBES 1.0000 
9/23/2022 10:48 AM ResponseAcquisChB  RX=DONE
9/23/2022 10:48 AM CommandAcquisChB  TX=SET SUFFIX 
9/23/2022 10:48 AM CommandAcquisChB  TX=SET OBSTYPE OBJECT
9/23/2022 10:48 AM ResponseAcquisChB  RX=DONE
9/23/2022 10:48 AM ResponseAcquisChB  RX=DONE
9/23/2022 10:48 AM CommandAcquisChB  TX=EXPOSE
9/23/2022 10:49 AM CommandAcquisChB  TX=ABORT_ACQUISITION
9/23/2022 10:49 AM CommandAcquisChB  TX=SET EXPTIME 1.500000
9/23/2022 10:49 AM ResponseAcquisChB  RX=DONE
9/23/2022 10:49 AM CommandAcquisChB  TX=SET #FRAMES 2.000000
9/23/2022 10:49 AM ResponseAcquisChB  RX=DONE
9/23/2022 10:49 AM CommandAcquisChB  TX=SET #CUBES 1.0000 
9/23/2022 10:49 AM ResponseAcquisChB  RX=DONE
9/23/2022 10:49 AM CommandAcquisChB  TX=SET SUFFIX 
9/23/2022 10:49 AM ResponseAcquisChB  RX=DONE
9/23/2022 10:49 AM CommandAcquisChB  TX=SET OBSTYPE OBJECT
9/23/2022 10:49 AM ResponseAcquisChB  RX=DONE
9/23/2022 10:49 AM CommandAcquisChB  TX=EXPOSE
9/23/2022 10:49 AM CommandAcquisChB  TX=SET EXPTIME 1.500000
9/23/2022 10:49 AM CommandAcquisChB  TX=ABORT_ACQUISITION
