9/23/2022 10:50 AM CommandAcquisChA  TX=WRITE_SETUP {"ACQUISITION_MODE":3,"TRIGGER_MODE":0,"READ_MODE":4,"PREAMP":0,"READOUT_RATE":0,"VERTICAL_SHIFT_SPEED":3,"EM_MODE":1,"EM_GAIN":2,"SHUTTER_MODE":2,"SHUTTER_TTL":0,"SHUTTER_OPENING_TIME":1,"SHUTTER_CLOSING_TIME":1,"VBIN":1,"HBIN":1,"INITIAL_LINE":1,"INITIAL_COLUMN":1,"FINAL_LINE":1024,"FINAL_COLUMN":1024,"FRAME_TRANSFER":true,"VERTICAL_CLOCK_VOLTAGE":0,"AD_CHANNEL":0}
9/23/2022 10:50 AM CommandAcquisChB  TX=WRITE_SETUP {"ACQUISITION_MODE":3,"TRIGGER_MODE":0,"READ_MODE":4,"PREAMP":0,"READOUT_RATE":0,"VERTICAL_SHIFT_SPEED":3,"EM_MODE":1,"EM_GAIN":2,"SHUTTER_MODE":2,"SHUTTER_TTL":0,"SHUTTER_OPENING_TIME":1,"SHUTTER_CLOSING_TIME":1,"VBIN":1,"HBIN":1,"INITIAL_LINE":1,"INITIAL_COLUMN":1,"FINAL_LINE":1024,"FINAL_COLUMN":1024,"FRAME_TRANSFER":true,"VERTICAL_CLOCK_VOLTAGE":0,"AD_CHANNEL":0}
9/23/2022 10:50 AM CommandAcquisChC  TX=WRITE_SETUP {"ACQUISITION_MODE":3,"TRIGGER_MODE":0,"READ_MODE":4,"PREAMP":0,"READOUT_RATE":0,"VERTICAL_SHIFT_SPEED":3,"EM_MODE":1,"EM_GAIN":2,"SHUTTER_MODE":2,"SHUTTER_TTL":0,"SHUTTER_OPENING_TIME":1,"SHUTTER_CLOSING_TIME":1,"VBIN":1,"HBIN":1,"INITIAL_LINE":1,"INITIAL_COLUMN":1,"FINAL_LINE":1024,"FINAL_COLUMN":1024,"FRAME_TRANSFER":true,"VERTICAL_CLOCK_VOLTAGE":0,"AD_CHANNEL":0}
9/23/2022 10:50 AM CommandAcquisChD  TX=WRITE_SETUP {"ACQUISITION_MODE":3,"TRIGGER_MODE":0,"READ_MODE":4,"PREAMP":0,"READOUT_RATE":0,"VERTICAL_SHIFT_SPEED":3,"EM_MODE":1,"EM_GAIN":2,"SHUTTER_MODE":1,"SHUTTER_TTL":0,"SHUTTER_OPENING_TIME":1,"SHUTTER_CLOSING_TIME":1,"VBIN":1,"HBIN":1,"INITIAL_LINE":1,"INITIAL_COLUMN":1,"FINAL_LINE":1024,"FINAL_COLUMN":1024,"FRAME_TRANSFER":true,"VERTICAL_CLOCK_VOLTAGE":0,"AD_CHANNEL":0}
9/23/2022 10:50 AM CommandSyncBox  TX=ADELAY 0m

9/23/2022 10:50 AM ResponseSyncBox  RX=OK

9/23/2022 10:50 AM CommandSyncBox  TX=BDELAY 0m

9/23/2022 10:50 AM ResponseSyncBox  RX=OK

9/23/2022 10:50 AM CommandSyncBox  TX=CDELAY 0m

9/23/2022 10:50 AM ResponseSyncBox  RX=OK

9/23/2022 10:50 AM CommandSyncBox  TX=DDELAY 0m

9/23/2022 10:50 AM ResponseSyncBox  RX=OK

9/23/2022 10:50 AM CommandSyncBox  TX=AWIDTH 200m

9/23/2022 10:50 AM ResponseSyncBox  RX=OK

9/23/2022 10:50 AM CommandSyncBox  TX=BWIDTH 200m

9/23/2022 10:50 AM ResponseSyncBox  RX=OK

9/23/2022 10:50 AM CommandSyncBox  TX=CWIDTH 200m

9/23/2022 10:50 AM ResponseSyncBox  RX=OK

9/23/2022 10:50 AM CommandSyncBox  TX=DWIDTH 200m

9/23/2022 10:50 AM ResponseSyncBox  RX=OK

9/23/2022 10:50 AM CommandSyncBox  TX=aset on

9/23/2022 10:50 AM ResponseSyncBox  RX=OK

9/23/2022 10:50 AM CommandSyncBox  TX=bset on

9/23/2022 10:50 AM ResponseSyncBox  RX=OK

9/23/2022 10:50 AM CommandSyncBox  TX=cset on

9/23/2022 10:50 AM ResponseSyncBox  RX=OK

9/23/2022 10:50 AM CommandSyncBox  TX=dset on

9/23/2022 10:50 AM ResponseSyncBox  RX=OK

9/23/2022 10:50 AM CommandSyncBox  TX=IN

9/23/2022 10:50 AM ResponseSyncBox  RX=OK

9/23/2022 10:50 AM CommandAcquisChA  TX=READ_SETUP 
9/23/2022 10:50 AM CommandAcquisChB  TX=READ_SETUP 
9/23/2022 10:50 AM CommandAcquisChC  TX=READ_SETUP 
9/23/2022 10:50 AM CommandAcquisChD  TX=READ_SETUP 
9/23/2022 10:50 AM ResponseAcquisChA  RX=CCD_SETUP {"PREAMP":0,"READOUT_RATE":0,"EM_GAIN":2,"VBIN":1,"INITIAL_LINE":1,"INITIAL_COLUMN":1,"FINAL_LINE":1024,"FINAL_COLUMN":1024,"TRIGGER_MODE":0,"HBIN":1,"SHUTTER_TTL":0,"SHUTTER_MODE":2,"SHUTTER_OPENING_TIME":1,"SHUTTER_CLOSING_TIME":1,"VERTICAL_SHIFT_SPEED":3,"READ_MODE":4,"FRAME_TRANSFER":true,"VERTICAL_CLOCK_VOLTAGE":0,"ACQUISITION_MODE":3,"AD_CHANNEL":0,"EM_MODE":1}
9/23/2022 10:50 AM ResponseAcquisChB  RX=CCD_SETUP {"PREAMP":0,"READOUT_RATE":0,"EM_GAIN":2,"VBIN":1,"INITIAL_LINE":1,"INITIAL_COLUMN":1,"FINAL_LINE":1024,"FINAL_COLUMN":1024,"TRIGGER_MODE":0,"HBIN":1,"SHUTTER_TTL":0,"SHUTTER_MODE":2,"SHUTTER_OPENING_TIME":1,"SHUTTER_CLOSING_TIME":1,"VERTICAL_SHIFT_SPEED":3,"READ_MODE":4,"FRAME_TRANSFER":true,"VERTICAL_CLOCK_VOLTAGE":0,"ACQUISITION_MODE":3,"AD_CHANNEL":0,"EM_MODE":1}
9/23/2022 10:50 AM ResponseAcquisChC  RX=CCD_SETUP {"PREAMP":0,"READOUT_RATE":0,"EM_GAIN":2,"VBIN":1,"INITIAL_LINE":1,"INITIAL_COLUMN":1,"FINAL_LINE":1024,"FINAL_COLUMN":1024,"TRIGGER_MODE":0,"HBIN":1,"SHUTTER_TTL":0,"SHUTTER_MODE":2,"SHUTTER_OPENING_TIME":1,"SHUTTER_CLOSING_TIME":1,"VERTICAL_SHIFT_SPEED":3,"READ_MODE":4,"FRAME_TRANSFER":true,"VERTICAL_CLOCK_VOLTAGE":0,"ACQUISITION_MODE":3,"AD_CHANNEL":0,"EM_MODE":1}
9/23/2022 10:50 AM CommandAcquisChA  TX=SET COOLER_POWER_STATUS 0
9/23/2022 10:50 AM CommandAcquisChB  TX=SET COOLER_POWER_STATUS 0
9/23/2022 10:50 AM CommandAcquisChC  TX=SET COOLER_POWER_STATUS 0
9/23/2022 10:50 AM ResponseAcquisChA  RX=DONE
9/23/2022 10:50 AM ResponseAcquisChB  RX=DONE
9/23/2022 10:50 AM ResponseAcquisChC  RX=DONE
9/23/2022 10:50 AM CommandAcquisChD  TX=SET COOLER_POWER_STATUS 0
9/23/2022 10:50 AM CommandAcquisChA  TX=WRITE_SETUP {"ACQUISITION_MODE":3,"TRIGGER_MODE":0,"READ_MODE":4,"PREAMP":0,"READOUT_RATE":0,"VERTICAL_SHIFT_SPEED":3,"EM_MODE":1,"EM_GAIN":2,"SHUTTER_MODE":2,"SHUTTER_TTL":0,"SHUTTER_OPENING_TIME":1,"SHUTTER_CLOSING_TIME":1,"VBIN":1,"HBIN":1,"INITIAL_LINE":1,"INITIAL_COLUMN":1,"FINAL_LINE":1024,"FINAL_COLUMN":1024,"FRAME_TRANSFER":true,"VERTICAL_CLOCK_VOLTAGE":0,"AD_CHANNEL":0}
9/23/2022 10:50 AM CommandAcquisChB  TX=WRITE_SETUP {"ACQUISITION_MODE":3,"TRIGGER_MODE":0,"READ_MODE":4,"PREAMP":0,"READOUT_RATE":0,"VERTICAL_SHIFT_SPEED":3,"EM_MODE":1,"EM_GAIN":2,"SHUTTER_MODE":2,"SHUTTER_TTL":0,"SHUTTER_OPENING_TIME":1,"SHUTTER_CLOSING_TIME":1,"VBIN":1,"HBIN":1,"INITIAL_LINE":1,"INITIAL_COLUMN":1,"FINAL_LINE":1024,"FINAL_COLUMN":1024,"FRAME_TRANSFER":true,"VERTICAL_CLOCK_VOLTAGE":0,"AD_CHANNEL":0}
9/23/2022 10:50 AM CommandAcquisChC  TX=WRITE_SETUP {"ACQUISITION_MODE":3,"TRIGGER_MODE":0,"READ_MODE":4,"PREAMP":0,"READOUT_RATE":0,"VERTICAL_SHIFT_SPEED":3,"EM_MODE":1,"EM_GAIN":2,"SHUTTER_MODE":2,"SHUTTER_TTL":0,"SHUTTER_OPENING_TIME":1,"SHUTTER_CLOSING_TIME":1,"VBIN":1,"HBIN":1,"INITIAL_LINE":1,"INITIAL_COLUMN":1,"FINAL_LINE":1024,"FINAL_COLUMN":1024,"FRAME_TRANSFER":true,"VERTICAL_CLOCK_VOLTAGE":0,"AD_CHANNEL":0}
9/23/2022 10:50 AM CommandAcquisChA  TX=READ_SETUP 
9/23/2022 10:50 AM CommandAcquisChB  TX=READ_SETUP 
9/23/2022 10:50 AM CommandAcquisChC  TX=READ_SETUP 
9/23/2022 10:50 AM ResponseAcquisChA  RX=CCD_SETUP {"PREAMP":0,"READOUT_RATE":0,"EM_GAIN":2,"VBIN":1,"INITIAL_LINE":1,"INITIAL_COLUMN":1,"FINAL_LINE":1024,"FINAL_COLUMN":1024,"TRIGGER_MODE":0,"HBIN":1,"SHUTTER_TTL":0,"SHUTTER_MODE":2,"SHUTTER_OPENING_TIME":1,"SHUTTER_CLOSING_TIME":1,"VERTICAL_SHIFT_SPEED":3,"READ_MODE":4,"FRAME_TRANSFER":true,"VERTICAL_CLOCK_VOLTAGE":0,"ACQUISITION_MODE":3,"AD_CHANNEL":0,"EM_MODE":1}
9/23/2022 10:50 AM CommandAcquisChA  TX=SET COOLER_POWER_STATUS 0
9/23/2022 10:50 AM CommandAcquisChB  TX=SET COOLER_POWER_STATUS 0
9/23/2022 10:50 AM ResponseAcquisChC  RX=CCD_SETUP {"PREAMP":0,"READOUT_RATE":0,"EM_GAIN":2,"VBIN":1,"INITIAL_LINE":1,"INITIAL_COLUMN":1,"FINAL_LINE":1024,"FINAL_COLUMN":1024,"TRIGGER_MODE":0,"HBIN":1,"SHUTTER_TTL":0,"SHUTTER_MODE":2,"SHUTTER_OPENING_TIME":1,"SHUTTER_CLOSING_TIME":1,"VERTICAL_SHIFT_SPEED":3,"READ_MODE":4,"FRAME_TRANSFER":true,"VERTICAL_CLOCK_VOLTAGE":0,"ACQUISITION_MODE":3,"AD_CHANNEL":0,"EM_MODE":1}
9/23/2022 10:50 AM CommandAcquisChC  TX=SET COOLER_POWER_STATUS 0
9/23/2022 10:50 AM ResponseAcquisChB  RX=CCD_SETUP {"PREAMP":0,"READOUT_RATE":0,"EM_GAIN":2,"VBIN":1,"INITIAL_LINE":1,"INITIAL_COLUMN":1,"FINAL_LINE":1024,"FINAL_COLUMN":1024,"TRIGGER_MODE":0,"HBIN":1,"SHUTTER_TTL":0,"SHUTTER_MODE":2,"SHUTTER_OPENING_TIME":1,"SHUTTER_CLOSING_TIME":1,"VERTICAL_SHIFT_SPEED":3,"READ_MODE":4,"FRAME_TRANSFER":true,"VERTICAL_CLOCK_VOLTAGE":0,"ACQUISITION_MODE":3,"AD_CHANNEL":0,"EM_MODE":1}
9/23/2022 10:50 AM ResponseAcquisChA  RX=DONE
9/23/2022 10:50 AM ResponseAcquisChB  RX=DONE
9/23/2022 10:50 AM ResponseAcquisChC  RX=DONE
9/23/2022 10:50 AM CommandAcquisChB  TX=SET EXPTIME 1.500000
9/23/2022 10:50 AM ResponseAcquisChB  RX=DONE
9/23/2022 10:50 AM CommandAcquisChB  TX=SET #FRAMES 2.000000
9/23/2022 10:50 AM ResponseAcquisChB  RX=DONE
9/23/2022 10:50 AM CommandAcquisChB  TX=SET #CUBES 1.0000 
9/23/2022 10:50 AM ResponseAcquisChB  RX=DONE
9/23/2022 10:50 AM CommandAcquisChB  TX=SET SUFFIX 
9/23/2022 10:50 AM ResponseAcquisChB  RX=DONE
9/23/2022 10:50 AM CommandAcquisChB  TX=SET OBSTYPE OBJECT
9/23/2022 10:50 AM ResponseAcquisChB  RX=DONE
9/23/2022 10:50 AM CommandAcquisChB  TX=EXPOSE
9/23/2022 10:51 AM CommandAcquisChC  TX=SET EXPTIME 1.500000
9/23/2022 10:51 AM ResponseAcquisChC  RX=DONE
9/23/2022 10:51 AM CommandAcquisChC  TX=SET #FRAMES 2.000000
9/23/2022 10:51 AM CommandAcquisChC  TX=SET #CUBES 1.0000 
9/23/2022 10:51 AM ResponseAcquisChC  RX=DONE
9/23/2022 10:51 AM CommandAcquisChC  TX=SET SUFFIX 
9/23/2022 10:51 AM ResponseAcquisChC  RX=DONE
9/23/2022 10:51 AM CommandAcquisChC  TX=SET OBSTYPE OBJECT
9/23/2022 10:51 AM ResponseAcquisChC  RX=DONE
9/23/2022 10:51 AM ResponseAcquisChC  RX=DONE
9/23/2022 10:51 AM CommandAcquisChC  TX=EXPOSE
9/23/2022 10:52 AM CommandAcquisChC  TX=SET EXPTIME 1.500000
9/23/2022 10:52 AM ResponseAcquisChC  RX=DONE
9/23/2022 10:52 AM CommandAcquisChC  TX=SET #FRAMES 2.000000
9/23/2022 10:52 AM ResponseAcquisChC  RX=DONE
9/23/2022 10:52 AM CommandAcquisChC  TX=SET #CUBES 1.0000 
9/23/2022 10:52 AM CommandAcquisChC  TX=SET SUFFIX 
9/23/2022 10:52 AM ResponseAcquisChC  RX=DONE
9/23/2022 10:52 AM ResponseAcquisChC  RX=DONE
9/23/2022 10:52 AM CommandAcquisChC  TX=SET OBSTYPE OBJECT
9/23/2022 10:52 AM ResponseAcquisChC  RX=DONE
9/23/2022 10:52 AM CommandAcquisChC  TX=EXPOSE
9/23/2022 10:52 AM CommandAcquisChB  TX=ABORT_ACQUISITION
9/23/2022 10:52 AM CommandAcquisChB  TX=SET EXPTIME 1.500000
9/23/2022 10:52 AM ResponseAcquisChB  RX=DONE
9/23/2022 10:52 AM CommandAcquisChB  TX=SET #FRAMES 2.000000
9/23/2022 10:52 AM ResponseAcquisChB  RX=DONE
9/23/2022 10:52 AM CommandAcquisChB  TX=SET #CUBES 1.0000 
9/23/2022 10:52 AM ResponseAcquisChB  RX=DONE
9/23/2022 10:52 AM CommandAcquisChB  TX=SET SUFFIX 
9/23/2022 10:52 AM ResponseAcquisChB  RX=DONE
9/23/2022 10:52 AM CommandAcquisChB  TX=SET OBSTYPE OBJECT
9/23/2022 10:52 AM ResponseAcquisChB  RX=DONE
9/23/2022 10:52 AM CommandAcquisChB  TX=EXPOSE
9/23/2022 10:54 AM CommandAcquisChB  TX=ABORT_ACQUISITION
9/23/2022 10:55 AM CommandAcquisChA  TX=WRITE_SETUP {"ACQUISITION_MODE":3,"TRIGGER_MODE":6,"READ_MODE":4,"PREAMP":0,"READOUT_RATE":0,"VERTICAL_SHIFT_SPEED":3,"EM_MODE":1,"EM_GAIN":2,"SHUTTER_MODE":2,"SHUTTER_TTL":0,"SHUTTER_OPENING_TIME":1,"SHUTTER_CLOSING_TIME":1,"VBIN":1,"HBIN":1,"INITIAL_LINE":1,"INITIAL_COLUMN":1,"FINAL_LINE":1024,"FINAL_COLUMN":1024,"FRAME_TRANSFER":true,"VERTICAL_CLOCK_VOLTAGE":0,"AD_CHANNEL":0}
9/23/2022 10:55 AM CommandAcquisChB  TX=WRITE_SETUP {"ACQUISITION_MODE":3,"TRIGGER_MODE":6,"READ_MODE":4,"PREAMP":0,"READOUT_RATE":0,"VERTICAL_SHIFT_SPEED":3,"EM_MODE":1,"EM_GAIN":2,"SHUTTER_MODE":2,"SHUTTER_TTL":0,"SHUTTER_OPENING_TIME":1,"SHUTTER_CLOSING_TIME":1,"VBIN":1,"HBIN":1,"INITIAL_LINE":1,"INITIAL_COLUMN":1,"FINAL_LINE":1024,"FINAL_COLUMN":1024,"FRAME_TRANSFER":true,"VERTICAL_CLOCK_VOLTAGE":0,"AD_CHANNEL":0}
9/23/2022 10:55 AM CommandAcquisChC  TX=WRITE_SETUP {"ACQUISITION_MODE":3,"TRIGGER_MODE":6,"READ_MODE":4,"PREAMP":0,"READOUT_RATE":0,"VERTICAL_SHIFT_SPEED":3,"EM_MODE":1,"EM_GAIN":2,"SHUTTER_MODE":2,"SHUTTER_TTL":0,"SHUTTER_OPENING_TIME":1,"SHUTTER_CLOSING_TIME":1,"VBIN":1,"HBIN":1,"INITIAL_LINE":1,"INITIAL_COLUMN":1,"FINAL_LINE":1024,"FINAL_COLUMN":1024,"FRAME_TRANSFER":true,"VERTICAL_CLOCK_VOLTAGE":0,"AD_CHANNEL":0}
9/23/2022 10:55 AM CommandAcquisChA  TX=WRITE_SETUP {"ACQUISITION_MODE":3,"TRIGGER_MODE":0,"READ_MODE":4,"PREAMP":0,"READOUT_RATE":0,"VERTICAL_SHIFT_SPEED":3,"EM_MODE":1,"EM_GAIN":2,"SHUTTER_MODE":2,"SHUTTER_TTL":0,"SHUTTER_OPENING_TIME":1,"SHUTTER_CLOSING_TIME":1,"VBIN":1,"HBIN":1,"INITIAL_LINE":1,"INITIAL_COLUMN":1,"FINAL_LINE":1024,"FINAL_COLUMN":1024,"FRAME_TRANSFER":true,"VERTICAL_CLOCK_VOLTAGE":0,"AD_CHANNEL":0}
9/23/2022 10:55 AM CommandAcquisChB  TX=WRITE_SETUP {"ACQUISITION_MODE":3,"TRIGGER_MODE":0,"READ_MODE":4,"PREAMP":0,"READOUT_RATE":0,"VERTICAL_SHIFT_SPEED":3,"EM_MODE":1,"EM_GAIN":2,"SHUTTER_MODE":2,"SHUTTER_TTL":0,"SHUTTER_OPENING_TIME":1,"SHUTTER_CLOSING_TIME":1,"VBIN":1,"HBIN":1,"INITIAL_LINE":1,"INITIAL_COLUMN":1,"FINAL_LINE":1024,"FINAL_COLUMN":1024,"FRAME_TRANSFER":true,"VERTICAL_CLOCK_VOLTAGE":0,"AD_CHANNEL":0}
9/23/2022 10:55 AM CommandAcquisChC  TX=WRITE_SETUP {"ACQUISITION_MODE":3,"TRIGGER_MODE":0,"READ_MODE":4,"PREAMP":0,"READOUT_RATE":0,"VERTICAL_SHIFT_SPEED":3,"EM_MODE":1,"EM_GAIN":2,"SHUTTER_MODE":2,"SHUTTER_TTL":0,"SHUTTER_OPENING_TIME":1,"SHUTTER_CLOSING_TIME":1,"VBIN":1,"HBIN":1,"INITIAL_LINE":1,"INITIAL_COLUMN":1,"FINAL_LINE":1024,"FINAL_COLUMN":1024,"FRAME_TRANSFER":true,"VERTICAL_CLOCK_VOLTAGE":0,"AD_CHANNEL":0}
9/23/2022 10:55 AM CommandAcquisChA  TX=READ_SETUP 
9/23/2022 10:55 AM CommandAcquisChB  TX=READ_SETUP 
9/23/2022 10:55 AM CommandAcquisChC  TX=READ_SETUP 
9/23/2022 10:55 AM ResponseAcquisChB  RX=CCD_SETUP {"PREAMP":0,"READOUT_RATE":0,"EM_GAIN":2,"VBIN":1,"INITIAL_LINE":1,"INITIAL_COLUMN":1,"FINAL_LINE":1024,"FINAL_COLUMN":1024,"TRIGGER_MODE":0,"HBIN":1,"SHUTTER_TTL":0,"SHUTTER_MODE":2,"SHUTTER_OPENING_TIME":1,"SHUTTER_CLOSING_TIME":1,"VERTICAL_SHIFT_SPEED":3,"READ_MODE":4,"FRAME_TRANSFER":true,"VERTICAL_CLOCK_VOLTAGE":0,"ACQUISITION_MODE":3,"AD_CHANNEL":0,"EM_MODE":1}
9/23/2022 10:55 AM ResponseAcquisChA  RX=CCD_SETUP {"PREAMP":0,"READOUT_RATE":0,"EM_GAIN":2,"VBIN":1,"INITIAL_LINE":1,"INITIAL_COLUMN":1,"FINAL_LINE":1024,"FINAL_COLUMN":1024,"TRIGGER_MODE":0,"HBIN":1,"SHUTTER_TTL":0,"SHUTTER_MODE":2,"SHUTTER_OPENING_TIME":1,"SHUTTER_CLOSING_TIME":1,"VERTICAL_SHIFT_SPEED":3,"READ_MODE":4,"FRAME_TRANSFER":true,"VERTICAL_CLOCK_VOLTAGE":0,"ACQUISITION_MODE":3,"AD_CHANNEL":0,"EM_MODE":1}
9/23/2022 10:55 AM CommandAcquisChA  TX=SET COOLER_POWER_STATUS 0
9/23/2022 10:55 AM CommandAcquisChB  TX=SET COOLER_POWER_STATUS 0
9/23/2022 10:55 AM ResponseAcquisChC  RX=CCD_SETUP {"PREAMP":0,"READOUT_RATE":0,"EM_GAIN":2,"VBIN":1,"INITIAL_LINE":1,"INITIAL_COLUMN":1,"FINAL_LINE":1024,"FINAL_COLUMN":1024,"TRIGGER_MODE":0,"HBIN":1,"SHUTTER_TTL":0,"SHUTTER_MODE":2,"SHUTTER_OPENING_TIME":1,"SHUTTER_CLOSING_TIME":1,"VERTICAL_SHIFT_SPEED":3,"READ_MODE":4,"FRAME_TRANSFER":true,"VERTICAL_CLOCK_VOLTAGE":0,"ACQUISITION_MODE":3,"AD_CHANNEL":0,"EM_MODE":1}
9/23/2022 10:55 AM CommandAcquisChC  TX=SET COOLER_POWER_STATUS 0
9/23/2022 10:55 AM ResponseAcquisChA  RX=DONE
9/23/2022 10:55 AM ResponseAcquisChB  RX=DONE
9/23/2022 10:55 AM ResponseAcquisChC  RX=DONE
9/23/2022 10:56 AM CommandAcquisChB  TX=SET EXPTIME 2.000000
9/23/2022 10:56 AM ResponseAcquisChB  RX=DONE
9/23/2022 10:56 AM CommandAcquisChB  TX=SET #FRAMES 3.000000
9/23/2022 10:56 AM CommandAcquisChB  TX=SET #CUBES 1.0000 
9/23/2022 10:56 AM ResponseAcquisChB  RX=DONE
9/23/2022 10:56 AM ResponseAcquisChB  RX=DONE
9/23/2022 10:56 AM CommandAcquisChB  TX=SET SUFFIX 
9/23/2022 10:56 AM CommandAcquisChB  TX=SET OBSTYPE OBJECT
9/23/2022 10:56 AM ResponseAcquisChB  RX=DONE
9/23/2022 10:56 AM ResponseAcquisChB  RX=DONE
9/23/2022 10:56 AM CommandAcquisChB  TX=EXPOSE
9/23/2022 10:57 AM CommandAcquisChB  TX=ABORT_ACQUISITION
9/23/2022 10:57 AM CommandAcquisChB  TX=SET EXPTIME 2.000000
9/23/2022 10:57 AM ResponseAcquisChB  RX=DONE
9/23/2022 10:57 AM CommandAcquisChB  TX=SET #FRAMES 3.000000
9/23/2022 10:57 AM ResponseAcquisChB  RX=DONE
9/23/2022 10:57 AM CommandAcquisChB  TX=SET #CUBES 1.0000 
9/23/2022 10:57 AM ResponseAcquisChB  RX=DONE
9/23/2022 10:57 AM CommandAcquisChB  TX=SET SUFFIX 
9/23/2022 10:57 AM ResponseAcquisChB  RX=DONE
9/23/2022 10:57 AM CommandAcquisChB  TX=SET OBSTYPE OBJECT
9/23/2022 10:57 AM ResponseAcquisChB  RX=DONE
9/23/2022 10:57 AM CommandAcquisChB  TX=EXPOSE
9/23/2022 10:58 AM CommandAcquisChB  TX=SET EXPTIME 2.000000
9/23/2022 10:58 AM ResponseAcquisChB  RX=DONE
9/23/2022 10:58 AM CommandAcquisChB  TX=SET #FRAMES 3.000000
9/23/2022 10:58 AM ResponseAcquisChB  RX=DONE
9/23/2022 10:58 AM CommandAcquisChB  TX=SET #CUBES 1.0000 
9/23/2022 10:58 AM CommandAcquisChB  TX=SET SUFFIX 
9/23/2022 10:58 AM ResponseAcquisChB  RX=DONE
9/23/2022 10:58 AM ResponseAcquisChB  RX=DONE
9/23/2022 10:58 AM CommandAcquisChB  TX=SET OBSTYPE OBJECT
9/23/2022 10:58 AM ResponseAcquisChB  RX=DONE
9/23/2022 10:58 AM CommandAcquisChB  TX=EXPOSE
9/23/2022 10:58 AM ResponseAcquisChB  RX=RETURNING_STATUS {"CUBE_EXPOSURE_TIME":0,"CUBES_DONE":0,"LAST_IMAGE_NAME":"","DISK_SPACE":0,"FRAMES_DONE":0,"CCD_STATUS":"IDLE","CURRENT_TEMPERATURE":19,"TEMPERATURE_STATUS":"TEMPERATURE_OFF","FRAME_EXPOSURE_TIME":0,"CCD_POWER_STATUS":true,"SERIAL_NUMBER":9915,"ACQUIRING":false}
9/23/2022 10:59 AM CommandAcquisChB  TX=SET EXPTIME 2.000000
9/23/2022 10:59 AM ResponseAcquisChB  RX=DONE
9/23/2022 10:59 AM CommandAcquisChB  TX=SET #FRAMES 3.000000
9/23/2022 10:59 AM ResponseAcquisChB  RX=DONE
9/23/2022 10:59 AM CommandAcquisChB  TX=SET #CUBES 1.0000 
9/23/2022 10:59 AM ResponseAcquisChB  RX=DONE
9/23/2022 10:59 AM CommandAcquisChB  TX=SET SUFFIX 
9/23/2022 10:59 AM ResponseAcquisChB  RX=DONE
9/23/2022 10:59 AM CommandAcquisChB  TX=SET OBSTYPE OBJECT
9/23/2022 10:59 AM ResponseAcquisChB  RX=DONE
9/23/2022 10:59 AM CommandAcquisChB  TX=EXPOSE
9/23/2022 10:59 AM CommandAcquisChA  TX=WRITE_SETUP {"ACQUISITION_MODE":3,"TRIGGER_MODE":6,"READ_MODE":4,"PREAMP":0,"READOUT_RATE":0,"VERTICAL_SHIFT_SPEED":3,"EM_MODE":1,"EM_GAIN":2,"SHUTTER_MODE":2,"SHUTTER_TTL":0,"SHUTTER_OPENING_TIME":1,"SHUTTER_CLOSING_TIME":1,"VBIN":1,"HBIN":1,"INITIAL_LINE":1,"INITIAL_COLUMN":1,"FINAL_LINE":1024,"FINAL_COLUMN":1024,"FRAME_TRANSFER":true,"VERTICAL_CLOCK_VOLTAGE":0,"AD_CHANNEL":0}
9/23/2022 10:59 AM CommandAcquisChB  TX=WRITE_SETUP {"ACQUISITION_MODE":3,"TRIGGER_MODE":6,"READ_MODE":4,"PREAMP":0,"READOUT_RATE":0,"VERTICAL_SHIFT_SPEED":3,"EM_MODE":1,"EM_GAIN":2,"SHUTTER_MODE":2,"SHUTTER_TTL":0,"SHUTTER_OPENING_TIME":1,"SHUTTER_CLOSING_TIME":1,"VBIN":1,"HBIN":1,"INITIAL_LINE":1,"INITIAL_COLUMN":1,"FINAL_LINE":1024,"FINAL_COLUMN":1024,"FRAME_TRANSFER":true,"VERTICAL_CLOCK_VOLTAGE":0,"AD_CHANNEL":0}
9/23/2022 10:59 AM CommandAcquisChC  TX=WRITE_SETUP {"ACQUISITION_MODE":3,"TRIGGER_MODE":6,"READ_MODE":4,"PREAMP":0,"READOUT_RATE":0,"VERTICAL_SHIFT_SPEED":3,"EM_MODE":1,"EM_GAIN":2,"SHUTTER_MODE":2,"SHUTTER_TTL":0,"SHUTTER_OPENING_TIME":1,"SHUTTER_CLOSING_TIME":1,"VBIN":1,"HBIN":1,"INITIAL_LINE":1,"INITIAL_COLUMN":1,"FINAL_LINE":1024,"FINAL_COLUMN":1024,"FRAME_TRANSFER":true,"VERTICAL_CLOCK_VOLTAGE":0,"AD_CHANNEL":0}
9/23/2022 10:59 AM CommandAcquisChA  TX=READ_SETUP 
9/23/2022 10:59 AM CommandAcquisChB  TX=READ_SETUP 
9/23/2022 10:59 AM CommandAcquisChC  TX=READ_SETUP 
9/23/2022 10:59 AM ResponseAcquisChA  RX=CCD_SETUP {"PREAMP":0,"READOUT_RATE":0,"EM_GAIN":2,"VBIN":1,"INITIAL_LINE":1,"INITIAL_COLUMN":1,"FINAL_LINE":1024,"FINAL_COLUMN":1024,"TRIGGER_MODE":6,"HBIN":1,"SHUTTER_TTL":0,"SHUTTER_MODE":2,"SHUTTER_OPENING_TIME":1,"SHUTTER_CLOSING_TIME":1,"VERTICAL_SHIFT_SPEED":3,"READ_MODE":4,"FRAME_TRANSFER":true,"VERTICAL_CLOCK_VOLTAGE":0,"ACQUISITION_MODE":3,"AD_CHANNEL":0,"EM_MODE":1}
9/23/2022 10:59 AM ResponseAcquisChB  RX=CCD_SETUP {"PREAMP":0,"READOUT_RATE":0,"EM_GAIN":2,"VBIN":1,"INITIAL_LINE":1,"INITIAL_COLUMN":1,"FINAL_LINE":1024,"FINAL_COLUMN":1024,"TRIGGER_MODE":6,"HBIN":1,"SHUTTER_TTL":0,"SHUTTER_MODE":2,"SHUTTER_OPENING_TIME":1,"SHUTTER_CLOSING_TIME":1,"VERTICAL_SHIFT_SPEED":3,"READ_MODE":4,"FRAME_TRANSFER":true,"VERTICAL_CLOCK_VOLTAGE":0,"ACQUISITION_MODE":3,"AD_CHANNEL":0,"EM_MODE":1}
9/23/2022 10:59 AM ResponseAcquisChC  RX=CCD_SETUP {"PREAMP":0,"READOUT_RATE":0,"EM_GAIN":2,"VBIN":1,"INITIAL_LINE":1,"INITIAL_COLUMN":1,"FINAL_LINE":1024,"FINAL_COLUMN":1024,"TRIGGER_MODE":6,"HBIN":1,"SHUTTER_TTL":0,"SHUTTER_MODE":2,"SHUTTER_OPENING_TIME":1,"SHUTTER_CLOSING_TIME":1,"VERTICAL_SHIFT_SPEED":3,"READ_MODE":4,"FRAME_TRANSFER":true,"VERTICAL_CLOCK_VOLTAGE":0,"ACQUISITION_MODE":3,"AD_CHANNEL":0,"EM_MODE":1}
9/23/2022 10:59 AM CommandAcquisChA  TX=SET COOLER_POWER_STATUS 0
9/23/2022 10:59 AM CommandAcquisChB  TX=SET COOLER_POWER_STATUS 0
9/23/2022 10:59 AM CommandAcquisChC  TX=SET COOLER_POWER_STATUS 0
9/23/2022 10:59 AM ResponseAcquisChA  RX=DONE
9/23/2022 10:59 AM ResponseAcquisChC  RX=DONE
9/23/2022 10:59 AM ResponseAcquisChB  RX=DONE
9/23/2022 11:00 AM CommandAcquisChA  TX=SET EXPTIME 1.000000
9/23/2022 11:00 AM ResponseAcquisChA  RX=DONE
9/23/2022 11:00 AM CommandAcquisChA  TX=SET #FRAMES 1.000000
9/23/2022 11:00 AM ResponseAcquisChA  RX=DONE
9/23/2022 11:00 AM CommandAcquisChA  TX=SET #CUBES 1.0000 
9/23/2022 11:00 AM CommandAcquisChA  TX=SET SUFFIX 
9/23/2022 11:00 AM ResponseAcquisChA  RX=DONE
9/23/2022 11:00 AM ResponseAcquisChA  RX=DONE
9/23/2022 11:00 AM CommandAcquisChA  TX=SET OBSTYPE OBJECT
9/23/2022 11:00 AM ResponseAcquisChA  RX=DONE
9/23/2022 11:00 AM CommandAcquisChB  TX=SET EXPTIME 2.000000
9/23/2022 11:00 AM ResponseAcquisChB  RX=DONE
9/23/2022 11:00 AM CommandAcquisChB  TX=SET #FRAMES 3.000000
9/23/2022 11:00 AM ResponseAcquisChB  RX=DONE
9/23/2022 11:00 AM CommandAcquisChB  TX=SET #CUBES 1.0000 
9/23/2022 11:00 AM CommandAcquisChB  TX=SET SUFFIX 
9/23/2022 11:00 AM ResponseAcquisChB  RX=DONE
9/23/2022 11:00 AM ResponseAcquisChB  RX=DONE
9/23/2022 11:00 AM CommandAcquisChB  TX=SET OBSTYPE OBJECT
9/23/2022 11:00 AM ResponseAcquisChB  RX=DONE
9/23/2022 11:00 AM CommandAcquisChC  TX=SET EXPTIME 1.500000
9/23/2022 11:00 AM ResponseAcquisChC  RX=DONE
9/23/2022 11:00 AM CommandAcquisChC  TX=SET #FRAMES 2.000000
9/23/2022 11:00 AM ResponseAcquisChC  RX=DONE
9/23/2022 11:00 AM CommandAcquisChC  TX=SET #CUBES 1.0000 
9/23/2022 11:00 AM ResponseAcquisChC  RX=DONE
9/23/2022 11:00 AM CommandAcquisChC  TX=SET SUFFIX 
9/23/2022 11:00 AM ResponseAcquisChC  RX=DONE
9/23/2022 11:00 AM CommandAcquisChC  TX=SET OBSTYPE OBJECT
9/23/2022 11:00 AM ResponseAcquisChC  RX=DONE
9/23/2022 11:00 AM CommandSyncBox  TX=ADELAY 0m

9/23/2022 11:00 AM ResponseSyncBox  RX=OK

9/23/2022 11:00 AM CommandSyncBox  TX=BDELAY 0m

9/23/2022 11:00 AM ResponseSyncBox  RX=OK

9/23/2022 11:00 AM CommandSyncBox  TX=CDELAY 0m

9/23/2022 11:00 AM ResponseSyncBox  RX=OK

9/23/2022 11:00 AM CommandSyncBox  TX=DDELAY 0m

9/23/2022 11:00 AM ResponseSyncBox  RX=OK

9/23/2022 11:00 AM CommandSyncBox  TX=AWIDTH 200m

9/23/2022 11:00 AM ResponseSyncBox  RX=OK

9/23/2022 11:00 AM CommandSyncBox  TX=BWIDTH 200m

9/23/2022 11:00 AM ResponseSyncBox  RX=OK

9/23/2022 11:00 AM CommandSyncBox  TX=CWIDTH 200m

9/23/2022 11:00 AM ResponseSyncBox  RX=OK

9/23/2022 11:00 AM CommandSyncBox  TX=DWIDTH 200m

9/23/2022 11:00 AM ResponseSyncBox  RX=OK

9/23/2022 11:00 AM CommandSyncBox  TX=aset on

9/23/2022 11:00 AM ResponseSyncBox  RX=OK

9/23/2022 11:00 AM CommandSyncBox  TX=bset on

9/23/2022 11:00 AM ResponseSyncBox  RX=OK

9/23/2022 11:00 AM CommandSyncBox  TX=cset on

9/23/2022 11:00 AM ResponseSyncBox  RX=OK

9/23/2022 11:00 AM CommandSyncBox  TX=dset on

9/23/2022 11:00 AM ResponseSyncBox  RX=OK

9/23/2022 11:00 AM CommandSyncBox  TX=IN

9/23/2022 11:00 AM ResponseSyncBox  RX=OK

9/23/2022 11:00 AM CommandAcquisChA  TX=EXPOSE
9/23/2022 11:00 AM CommandAcquisChB  TX=EXPOSE
9/23/2022 11:00 AM CommandAcquisChC  TX=EXPOSE
9/23/2022 11:00 AM CommandSyncBox  TX=TRigger REmote

9/23/2022 11:00 AM ResponseSyncBox  RX=OK

9/23/2022 11:00 AM CommandSyncBox  TX=IN

9/23/2022 11:00 AM ResponseSyncBox  RX=OK

9/23/2022 11:00 AM CommandSyncBox  TX=TRigger

9/23/2022 11:00 AM ResponseSyncBox  RX=Trig   REM  50R  Level 1.250   Div   0,000,000,000  SYN 00,010,000.00

9/23/2022 11:00 AM CommandSyncBox  TX=FIre

9/23/2022 11:00 AM ResponseSyncBox  RX=OK

9/23/2022 11:01 AM CommandAcquisChA  TX=SET EXPTIME 1.000000
9/23/2022 11:01 AM ResponseAcquisChA  RX=DONE
9/23/2022 11:01 AM CommandAcquisChA  TX=SET #FRAMES 3.000000
9/23/2022 11:01 AM ResponseAcquisChA  RX=DONE
9/23/2022 11:01 AM CommandAcquisChA  TX=SET #CUBES 1.0000 
9/23/2022 11:01 AM ResponseAcquisChA  RX=DONE
9/23/2022 11:01 AM CommandAcquisChA  TX=SET SUFFIX 
9/23/2022 11:01 AM ResponseAcquisChA  RX=DONE
9/23/2022 11:01 AM CommandAcquisChA  TX=SET OBSTYPE OBJECT
9/23/2022 11:01 AM ResponseAcquisChA  RX=DONE
9/23/2022 11:01 AM CommandAcquisChB  TX=SET EXPTIME 2.000000
9/23/2022 11:01 AM ResponseAcquisChB  RX=DONE
9/23/2022 11:01 AM CommandAcquisChB  TX=SET #FRAMES 3.000000
9/23/2022 11:01 AM ResponseAcquisChB  RX=DONE
9/23/2022 11:01 AM CommandAcquisChB  TX=SET #CUBES 1.0000 
9/23/2022 11:01 AM ResponseAcquisChB  RX=DONE
9/23/2022 11:01 AM CommandAcquisChB  TX=SET SUFFIX 
9/23/2022 11:01 AM CommandAcquisChB  TX=SET OBSTYPE OBJECT
9/23/2022 11:01 AM ResponseAcquisChB  RX=DONE
9/23/2022 11:01 AM ResponseAcquisChB  RX=DONE
9/23/2022 11:01 AM CommandAcquisChC  TX=SET EXPTIME 1.500000
9/23/2022 11:01 AM ResponseAcquisChC  RX=DONE
9/23/2022 11:01 AM CommandAcquisChC  TX=SET #FRAMES 3.000000
9/23/2022 11:01 AM CommandAcquisChC  TX=SET #CUBES 1.0000 
9/23/2022 11:01 AM ResponseAcquisChC  RX=DONE
9/23/2022 11:01 AM ResponseAcquisChC  RX=DONE
9/23/2022 11:01 AM CommandAcquisChC  TX=SET SUFFIX 
9/23/2022 11:01 AM CommandAcquisChC  TX=SET OBSTYPE OBJECT
9/23/2022 11:01 AM ResponseAcquisChC  RX=DONE
9/23/2022 11:01 AM ResponseAcquisChC  RX=DONE
9/23/2022 11:01 AM CommandSyncBox  TX=ADELAY 0m

9/23/2022 11:01 AM ResponseSyncBox  RX=OK

9/23/2022 11:01 AM CommandSyncBox  TX=BDELAY 0m

9/23/2022 11:01 AM ResponseSyncBox  RX=OK

9/23/2022 11:01 AM CommandSyncBox  TX=CDELAY 0m

9/23/2022 11:01 AM ResponseSyncBox  RX=OK

9/23/2022 11:01 AM CommandSyncBox  TX=DDELAY 0m

9/23/2022 11:01 AM ResponseSyncBox  RX=OK

9/23/2022 11:01 AM CommandSyncBox  TX=AWIDTH 200m

9/23/2022 11:01 AM ResponseSyncBox  RX=OK

9/23/2022 11:01 AM CommandSyncBox  TX=BWIDTH 200m

9/23/2022 11:01 AM ResponseSyncBox  RX=OK

9/23/2022 11:01 AM CommandSyncBox  TX=CWIDTH 200m

9/23/2022 11:01 AM ResponseSyncBox  RX=OK

9/23/2022 11:01 AM CommandSyncBox  TX=DWIDTH 200m

9/23/2022 11:01 AM ResponseSyncBox  RX=OK

9/23/2022 11:01 AM CommandSyncBox  TX=aset on

9/23/2022 11:01 AM ResponseSyncBox  RX=OK

9/23/2022 11:01 AM CommandSyncBox  TX=bset on

9/23/2022 11:01 AM ResponseSyncBox  RX=OK

9/23/2022 11:01 AM CommandSyncBox  TX=cset on

9/23/2022 11:01 AM ResponseSyncBox  RX=OK

9/23/2022 11:01 AM CommandSyncBox  TX=dset on

9/23/2022 11:01 AM ResponseSyncBox  RX=OK

9/23/2022 11:01 AM CommandSyncBox  TX=IN

9/23/2022 11:01 AM ResponseSyncBox  RX=OK

9/23/2022 11:01 AM CommandAcquisChA  TX=EXPOSE
9/23/2022 11:01 AM CommandAcquisChB  TX=EXPOSE
9/23/2022 11:01 AM CommandAcquisChC  TX=EXPOSE
9/23/2022 11:01 AM CommandSyncBox  TX=TRigger REmote

9/23/2022 11:01 AM ResponseSyncBox  RX=

     Highland Technology  Model T560  Digital Delay Generator

Firmware 28E560-D  02407                Cal date July 19, 2018      

Trig   REM  50R  Level 1.250   Div   0,000,000,000  SYN 00,010,000.00
Gate   OFF  POS  HIZ           Shots 0,000,000,112
Burst  OFF  N  0,000,000,016   of M  0,000,000,064

Verbos ON   Autoinstall FEOD   Usec 1,525,645,111  DPLL 00017
Clock  OUT  Trim 02166         Temp +42.6

Errs   None

Ch A  POS  ON     Dly  00.000,000,000,000  Wid  00.200,000,000,000
Ch B  POS  ON     Dly  00.000,000,000,000  Wid  00.200,000,000,000
Ch C  POS  ON     Dly  00.000,000,000,000  Wid  00.200,000,000,000
Ch D  POS  ON     Dly  00.000,000,000,000  Wid  00.200,000,000,000



9/23/2022 11:01 AM ResponseSyncBox  RX=OK

9/23/2022 11:01 AM CommandSyncBox  TX=IN

9/23/2022 11:01 AM ResponseSyncBox  RX=OK

9/23/2022 11:01 AM CommandSyncBox  TX=TRigger

9/23/2022 11:01 AM ResponseSyncBox  RX=Trig   REM  50R  Level 1.250   Div   0,000,000,000  SYN 00,010,000.00

9/23/2022 11:01 AM CommandSyncBox  TX=FIre

9/23/2022 11:01 AM ResponseSyncBox  RX=OK

9/23/2022 11:02 AM CommandInstrument  TX=S4ICS WPROT NONE NONE,WPSEL GOTO L/2,GMIR NONE NONE,GFOC NONE NONE,CALW GOTO CLEAR,ASEL GOTO ANALYZER

9/23/2022 11:02 AM ResponseInstrument  RX=WPROT SIMULATED READY 315 WP15 15, WPSEL SIMULATED BUSY 50 CLEAR 1, ASEL SIMULATED BUSY 0 CLEAR 1, CALW SIMULATED BUSY 0 CLEAR 1, GFOC SIMULATED READY 0 HOME 0, GMIR SIMULATED READY 0 HOME 0

9/23/2022 11:03 AM CommandAcquisChA  TX=SET EXPTIME 1.000000
9/23/2022 11:03 AM ResponseAcquisChA  RX=DONE
9/23/2022 11:03 AM CommandAcquisChA  TX=SET #FRAMES 3.000000
9/23/2022 11:03 AM CommandAcquisChA  TX=SET #CUBES 1.0000 
9/23/2022 11:03 AM ResponseAcquisChA  RX=DONE
9/23/2022 11:03 AM CommandAcquisChA  TX=SET SUFFIX 
9/23/2022 11:03 AM ResponseAcquisChA  RX=DONE
9/23/2022 11:03 AM ResponseAcquisChA  RX=DONE
9/23/2022 11:03 AM CommandAcquisChA  TX=SET OBSTYPE OBJECT
9/23/2022 11:03 AM ResponseAcquisChA  RX=DONE
9/23/2022 11:03 AM CommandAcquisChB  TX=SET EXPTIME 2.000000
9/23/2022 11:03 AM ResponseAcquisChB  RX=DONE
9/23/2022 11:03 AM CommandAcquisChB  TX=SET #FRAMES 3.000000
9/23/2022 11:03 AM ResponseAcquisChB  RX=DONE
9/23/2022 11:03 AM CommandAcquisChB  TX=SET #CUBES 1.0000 
9/23/2022 11:03 AM CommandAcquisChB  TX=SET SUFFIX 
9/23/2022 11:03 AM ResponseAcquisChB  RX=DONE
9/23/2022 11:03 AM CommandAcquisChB  TX=SET OBSTYPE OBJECT
9/23/2022 11:03 AM ResponseAcquisChB  RX=DONE
9/23/2022 11:03 AM ResponseAcquisChB  RX=DONE
9/23/2022 11:03 AM CommandAcquisChC  TX=SET EXPTIME 1.500000
9/23/2022 11:03 AM ResponseAcquisChC  RX=DONE
9/23/2022 11:03 AM CommandAcquisChC  TX=SET #FRAMES 3.000000
9/23/2022 11:03 AM CommandAcquisChC  TX=SET #CUBES 1.0000 
9/23/2022 11:03 AM ResponseAcquisChC  RX=DONE
9/23/2022 11:03 AM ResponseAcquisChC  RX=DONE
9/23/2022 11:03 AM CommandAcquisChC  TX=SET SUFFIX 
9/23/2022 11:03 AM CommandAcquisChC  TX=SET OBSTYPE OBJECT
9/23/2022 11:03 AM ResponseAcquisChC  RX=DONE
9/23/2022 11:03 AM ResponseAcquisChC  RX=DONE
9/23/2022 11:03 AM CommandInstrument  TX=S4ICS WPROT GOTO WP3,WPSEL NONE NONE,GMIR NONE NONE,GFOC NONE NONE,CALW NONE NONE,ASEL NONE NONE

9/23/2022 11:03 AM ResponseInstrument  RX=WPROT SIMULATED BUSY 315 WP15 15, WPSEL SIMULATED READY 0 L/2 2, ASEL SIMULATED READY 100 ANALYZER 2, CALW SIMULATED READY 0 CLEAR 1, GFOC SIMULATED READY 0 HOME 0, GMIR SIMULATED READY 0 HOME 0

9/23/2022 11:03 AM CommandSyncBox  TX=ADELAY 0m

9/23/2022 11:03 AM ResponseSyncBox  RX=OK

9/23/2022 11:03 AM CommandSyncBox  TX=BDELAY 0m

9/23/2022 11:03 AM ResponseSyncBox  RX=OK

9/23/2022 11:03 AM CommandSyncBox  TX=CDELAY 0m

9/23/2022 11:03 AM ResponseSyncBox  RX=OK

9/23/2022 11:03 AM CommandSyncBox  TX=DDELAY 0m

9/23/2022 11:03 AM ResponseSyncBox  RX=OK

9/23/2022 11:03 AM CommandSyncBox  TX=AWIDTH 200m

9/23/2022 11:03 AM ResponseSyncBox  RX=OK

9/23/2022 11:03 AM CommandSyncBox  TX=BWIDTH 200m

9/23/2022 11:03 AM ResponseSyncBox  RX=OK

9/23/2022 11:03 AM CommandSyncBox  TX=CWIDTH 200m

9/23/2022 11:03 AM ResponseSyncBox  RX=OK

9/23/2022 11:03 AM CommandSyncBox  TX=DWIDTH 200m

9/23/2022 11:03 AM ResponseSyncBox  RX=OK

9/23/2022 11:03 AM CommandSyncBox  TX=aset on

9/23/2022 11:03 AM ResponseSyncBox  RX=OK

9/23/2022 11:03 AM CommandSyncBox  TX=bset on

9/23/2022 11:03 AM ResponseSyncBox  RX=OK

9/23/2022 11:03 AM CommandSyncBox  TX=cset on

9/23/2022 11:03 AM ResponseSyncBox  RX=OK

9/23/2022 11:03 AM CommandSyncBox  TX=dset on

9/23/2022 11:03 AM ResponseSyncBox  RX=OK

9/23/2022 11:03 AM CommandSyncBox  TX=IN

9/23/2022 11:03 AM ResponseSyncBox  RX=OK

9/23/2022 11:03 AM CommandAcquisChA  TX=EXPOSE
9/23/2022 11:03 AM CommandAcquisChB  TX=EXPOSE
9/23/2022 11:03 AM CommandAcquisChC  TX=EXPOSE
9/23/2022 11:03 AM CommandSyncBox  TX=TRigger REmote

9/23/2022 11:03 AM ResponseSyncBox  RX=OK

9/23/2022 11:03 AM CommandSyncBox  TX=IN

9/23/2022 11:03 AM ResponseSyncBox  RX=OK

9/23/2022 11:03 AM CommandSyncBox  TX=TRigger

9/23/2022 11:03 AM ResponseSyncBox  RX=Trig   REM  50R  Level 1.250   Div   0,000,000,000  SYN 00,010,000.00

9/23/2022 11:03 AM CommandSyncBox  TX=FIre

9/23/2022 11:03 AM ResponseSyncBox  RX=OK

9/23/2022 11:03 AM CommandInstrument  TX=S4ICS WPROT GOTO WP11,WPSEL NONE NONE,GMIR NONE NONE,GFOC NONE NONE,CALW NONE NONE,ASEL NONE NONE

9/23/2022 11:03 AM ResponseInstrument  RX=WPROT SIMULATED BUSY 45 WP3 3, WPSEL SIMULATED READY 0 L/2 2, ASEL SIMULATED READY 100 ANALYZER 2, CALW SIMULATED READY 0 CLEAR 1, GFOC SIMULATED READY 0 HOME 0, GMIR SIMULATED READY 0 HOME 0

9/23/2022 11:03 AM CommandSyncBox  TX=ADELAY 0m

9/23/2022 11:03 AM ResponseSyncBox  RX=OK

9/23/2022 11:03 AM CommandSyncBox  TX=BDELAY 0m

9/23/2022 11:03 AM ResponseSyncBox  RX=OK

9/23/2022 11:03 AM CommandSyncBox  TX=CDELAY 0m

9/23/2022 11:03 AM ResponseSyncBox  RX=OK

9/23/2022 11:03 AM CommandSyncBox  TX=DDELAY 0m

9/23/2022 11:03 AM ResponseSyncBox  RX=OK

9/23/2022 11:03 AM CommandSyncBox  TX=AWIDTH 200m

9/23/2022 11:03 AM ResponseSyncBox  RX=OK

9/23/2022 11:04 AM CommandSyncBox  TX=BWIDTH 200m

9/23/2022 11:04 AM ResponseSyncBox  RX=OK

9/23/2022 11:04 AM CommandSyncBox  TX=CWIDTH 200m

9/23/2022 11:04 AM ResponseSyncBox  RX=OK

9/23/2022 11:04 AM CommandSyncBox  TX=DWIDTH 200m

9/23/2022 11:04 AM ResponseSyncBox  RX=OK

9/23/2022 11:04 AM CommandSyncBox  TX=aset on

9/23/2022 11:04 AM ResponseSyncBox  RX=OK

9/23/2022 11:04 AM CommandSyncBox  TX=bset on

9/23/2022 11:04 AM ResponseSyncBox  RX=OK

9/23/2022 11:04 AM CommandSyncBox  TX=cset on

9/23/2022 11:04 AM ResponseSyncBox  RX=OK

9/23/2022 11:04 AM CommandSyncBox  TX=dset on

9/23/2022 11:04 AM ResponseSyncBox  RX=OK

9/23/2022 11:04 AM CommandSyncBox  TX=IN

9/23/2022 11:04 AM ResponseSyncBox  RX=OK

9/23/2022 11:04 AM CommandAcquisChA  TX=EXPOSE
9/23/2022 11:04 AM CommandAcquisChB  TX=EXPOSE
9/23/2022 11:04 AM CommandAcquisChC  TX=EXPOSE
9/23/2022 11:04 AM CommandSyncBox  TX=TRigger REmote

9/23/2022 11:04 AM ResponseSyncBox  RX=OK

9/23/2022 11:04 AM CommandSyncBox  TX=IN

9/23/2022 11:04 AM ResponseSyncBox  RX=OK

9/23/2022 11:04 AM CommandSyncBox  TX=TRigger

9/23/2022 11:04 AM ResponseSyncBox  RX=Trig   REM  50R  Level 1.250   Div   0,000,000,000  SYN 00,010,000.00

9/23/2022 11:04 AM CommandSyncBox  TX=FIre

9/23/2022 11:04 AM ResponseSyncBox  RX=OK

9/23/2022 11:04 AM CommandAcquisChA  TX=SET EXPTIME 1.000000
9/23/2022 11:04 AM ResponseAcquisChA  RX=DONE
9/23/2022 11:04 AM CommandAcquisChA  TX=SET #FRAMES 3.000000
9/23/2022 11:04 AM CommandAcquisChA  TX=SET #CUBES 1.0000 
9/23/2022 11:04 AM ResponseAcquisChA  RX=DONE
9/23/2022 11:04 AM CommandAcquisChA  TX=SET SUFFIX 
9/23/2022 11:04 AM ResponseAcquisChA  RX=DONE
9/23/2022 11:04 AM ResponseAcquisChA  RX=DONE
9/23/2022 11:04 AM CommandAcquisChA  TX=SET OBSTYPE OBJECT
9/23/2022 11:04 AM ResponseAcquisChA  RX=DONE
9/23/2022 11:04 AM CommandAcquisChB  TX=SET EXPTIME 2.000000
9/23/2022 11:04 AM ResponseAcquisChB  RX=DONE
9/23/2022 11:04 AM CommandAcquisChB  TX=SET #FRAMES 3.000000
9/23/2022 11:04 AM ResponseAcquisChB  RX=DONE
9/23/2022 11:04 AM CommandAcquisChB  TX=SET #CUBES 1.0000 
9/23/2022 11:04 AM CommandAcquisChB  TX=SET SUFFIX 
9/23/2022 11:04 AM ResponseAcquisChB  RX=DONE
9/23/2022 11:04 AM CommandAcquisChB  TX=SET OBSTYPE OBJECT
9/23/2022 11:04 AM ResponseAcquisChB  RX=DONE
9/23/2022 11:04 AM ResponseAcquisChB  RX=DONE
9/23/2022 11:04 AM CommandAcquisChC  TX=SET EXPTIME 1.500000
9/23/2022 11:04 AM ResponseAcquisChC  RX=DONE
9/23/2022 11:04 AM CommandAcquisChC  TX=SET #FRAMES 3.000000
9/23/2022 11:04 AM ResponseAcquisChC  RX=DONE
9/23/2022 11:04 AM CommandAcquisChC  TX=SET #CUBES 1.0000 
9/23/2022 11:04 AM ResponseAcquisChC  RX=DONE
9/23/2022 11:04 AM CommandAcquisChC  TX=SET SUFFIX 
9/23/2022 11:04 AM ResponseAcquisChC  RX=DONE
9/23/2022 11:04 AM CommandAcquisChC  TX=SET OBSTYPE OBJECT
9/23/2022 11:04 AM ResponseAcquisChC  RX=DONE
9/23/2022 11:04 AM CommandInstrument  TX=S4ICS WPROT GOTO WP3,WPSEL NONE NONE,GMIR NONE NONE,GFOC NONE NONE,CALW NONE NONE,ASEL NONE NONE

9/23/2022 11:04 AM ResponseInstrument  RX=WPROT SIMULATED BUSY 225 WP11 11, WPSEL SIMULATED READY 0 L/2 2, ASEL SIMULATED READY 100 ANALYZER 2, CALW SIMULATED READY 0 CLEAR 1, GFOC SIMULATED READY 0 HOME 0, GMIR SIMULATED READY 0 HOME 0

9/23/2022 11:04 AM CommandSyncBox  TX=ADELAY 0m

9/23/2022 11:04 AM ResponseSyncBox  RX=OK

9/23/2022 11:04 AM CommandSyncBox  TX=BDELAY 0m

9/23/2022 11:04 AM ResponseSyncBox  RX=OK

9/23/2022 11:04 AM CommandSyncBox  TX=CDELAY 0m

9/23/2022 11:04 AM ResponseSyncBox  RX=OK

9/23/2022 11:04 AM CommandSyncBox  TX=DDELAY 0m

9/23/2022 11:04 AM ResponseSyncBox  RX=OK

9/23/2022 11:04 AM CommandSyncBox  TX=AWIDTH 200m

9/23/2022 11:04 AM ResponseSyncBox  RX=OK

9/23/2022 11:04 AM CommandSyncBox  TX=BWIDTH 200m

9/23/2022 11:04 AM ResponseSyncBox  RX=OK

9/23/2022 11:04 AM CommandSyncBox  TX=CWIDTH 200m

9/23/2022 11:04 AM ResponseSyncBox  RX=OK

9/23/2022 11:04 AM CommandSyncBox  TX=DWIDTH 200m

9/23/2022 11:04 AM ResponseSyncBox  RX=OK

9/23/2022 11:04 AM CommandSyncBox  TX=aset on

9/23/2022 11:04 AM ResponseSyncBox  RX=OK

9/23/2022 11:04 AM CommandSyncBox  TX=bset on

9/23/2022 11:04 AM ResponseSyncBox  RX=OK

9/23/2022 11:04 AM CommandSyncBox  TX=cset on

9/23/2022 11:04 AM ResponseSyncBox  RX=OK

9/23/2022 11:04 AM CommandSyncBox  TX=dset on

9/23/2022 11:04 AM ResponseSyncBox  RX=OK

9/23/2022 11:04 AM CommandSyncBox  TX=IN

9/23/2022 11:04 AM ResponseSyncBox  RX=OK

9/23/2022 11:04 AM CommandAcquisChA  TX=EXPOSE
9/23/2022 11:04 AM CommandAcquisChB  TX=EXPOSE
9/23/2022 11:04 AM CommandAcquisChC  TX=EXPOSE
9/23/2022 11:05 AM CommandSyncBox  TX=TRigger REmote

9/23/2022 11:05 AM ResponseSyncBox  RX=OK

9/23/2022 11:05 AM CommandSyncBox  TX=IN

9/23/2022 11:05 AM ResponseSyncBox  RX=OK

9/23/2022 11:05 AM CommandSyncBox  TX=TRigger

9/23/2022 11:05 AM ResponseSyncBox  RX=Trig   REM  50R  Level 1.250   Div   0,000,000,000  SYN 00,010,000.00

9/23/2022 11:05 AM CommandSyncBox  TX=FIre

9/23/2022 11:05 AM ResponseSyncBox  RX=OK

9/23/2022 11:05 AM CommandInstrument  TX=S4ICS WPROT GOTO WP11,WPSEL NONE NONE,GMIR NONE NONE,GFOC NONE NONE,CALW NONE NONE,ASEL NONE NONE

9/23/2022 11:05 AM ResponseInstrument  RX=WPROT SIMULATED BUSY 45 WP3 3, WPSEL SIMULATED READY 0 L/2 2, ASEL SIMULATED READY 100 ANALYZER 2, CALW SIMULATED READY 0 CLEAR 1, GFOC SIMULATED READY 0 HOME 0, GMIR SIMULATED READY 0 HOME 0

9/23/2022 11:05 AM CommandSyncBox  TX=ADELAY 0m

9/23/2022 11:05 AM ResponseSyncBox  RX=OK

9/23/2022 11:05 AM CommandSyncBox  TX=BDELAY 0m

9/23/2022 11:05 AM ResponseSyncBox  RX=OK

9/23/2022 11:05 AM CommandSyncBox  TX=CDELAY 0m

9/23/2022 11:05 AM ResponseSyncBox  RX=OK

9/23/2022 11:05 AM CommandSyncBox  TX=DDELAY 0m

9/23/2022 11:05 AM ResponseSyncBox  RX=OK

9/23/2022 11:05 AM CommandSyncBox  TX=AWIDTH 200m

9/23/2022 11:05 AM ResponseSyncBox  RX=OK

9/23/2022 11:05 AM CommandSyncBox  TX=BWIDTH 200m

9/23/2022 11:05 AM ResponseSyncBox  RX=OK

9/23/2022 11:05 AM CommandSyncBox  TX=CWIDTH 200m

9/23/2022 11:05 AM ResponseSyncBox  RX=OK

9/23/2022 11:05 AM CommandSyncBox  TX=DWIDTH 200m

9/23/2022 11:05 AM ResponseSyncBox  RX=OK

9/23/2022 11:05 AM CommandSyncBox  TX=aset on

9/23/2022 11:05 AM ResponseSyncBox  RX=OK

9/23/2022 11:05 AM CommandSyncBox  TX=bset on

9/23/2022 11:05 AM ResponseSyncBox  RX=OK

9/23/2022 11:05 AM CommandSyncBox  TX=cset on

9/23/2022 11:05 AM ResponseSyncBox  RX=OK

9/23/2022 11:05 AM CommandSyncBox  TX=dset on

9/23/2022 11:05 AM ResponseSyncBox  RX=OK

9/23/2022 11:05 AM CommandSyncBox  TX=IN

9/23/2022 11:05 AM ResponseSyncBox  RX=OK

9/23/2022 11:05 AM CommandAcquisChA  TX=EXPOSE
9/23/2022 11:05 AM CommandAcquisChB  TX=EXPOSE
9/23/2022 11:05 AM CommandAcquisChC  TX=EXPOSE
9/23/2022 11:05 AM CommandSyncBox  TX=TRigger REmote

9/23/2022 11:05 AM ResponseSyncBox  RX=OK

9/23/2022 11:05 AM CommandSyncBox  TX=IN

9/23/2022 11:05 AM ResponseSyncBox  RX=OK

9/23/2022 11:05 AM CommandSyncBox  TX=TRigger

9/23/2022 11:05 AM ResponseSyncBox  RX=Trig   REM  50R  Level 1.250   Div   0,000,000,000  SYN 00,010,000.00

9/23/2022 11:05 AM CommandSyncBox  TX=FIre

9/23/2022 11:05 AM ResponseSyncBox  RX=OK

9/23/2022 11:05 AM CommandInstrument  TX=S4ICS WPROT GOTO WP3,WPSEL NONE NONE,GMIR NONE NONE,GFOC NONE NONE,CALW NONE NONE,ASEL NONE NONE

9/23/2022 11:05 AM ResponseInstrument  RX=WPROT SIMULATED BUSY 225 WP11 11, WPSEL SIMULATED READY 0 L/2 2, ASEL SIMULATED READY 100 ANALYZER 2, CALW SIMULATED READY 0 CLEAR 1, GFOC SIMULATED READY 0 HOME 0, GMIR SIMULATED READY 0 HOME 0

9/23/2022 11:05 AM CommandSyncBox  TX=ADELAY 0m

9/23/2022 11:05 AM ResponseSyncBox  RX=OK

9/23/2022 11:05 AM CommandSyncBox  TX=BDELAY 0m

9/23/2022 11:05 AM ResponseSyncBox  RX=OK

9/23/2022 11:05 AM CommandSyncBox  TX=CDELAY 0m

9/23/2022 11:05 AM ResponseSyncBox  RX=OK

9/23/2022 11:05 AM CommandSyncBox  TX=DDELAY 0m

9/23/2022 11:05 AM ResponseSyncBox  RX=OK

9/23/2022 11:05 AM CommandSyncBox  TX=AWIDTH 200m

9/23/2022 11:05 AM ResponseSyncBox  RX=OK

9/23/2022 11:05 AM CommandSyncBox  TX=BWIDTH 200m

9/23/2022 11:05 AM ResponseSyncBox  RX=OK

9/23/2022 11:05 AM CommandSyncBox  TX=CWIDTH 200m

9/23/2022 11:05 AM ResponseSyncBox  RX=OK

9/23/2022 11:05 AM CommandSyncBox  TX=DWIDTH 200m

9/23/2022 11:05 AM ResponseSyncBox  RX=OK

9/23/2022 11:05 AM CommandSyncBox  TX=aset on

9/23/2022 11:05 AM ResponseSyncBox  RX=OK

9/23/2022 11:05 AM CommandSyncBox  TX=bset on

9/23/2022 11:05 AM ResponseSyncBox  RX=OK

9/23/2022 11:05 AM CommandSyncBox  TX=cset on

9/23/2022 11:05 AM ResponseSyncBox  RX=OK

9/23/2022 11:05 AM CommandSyncBox  TX=dset on

9/23/2022 11:05 AM ResponseSyncBox  RX=OK

9/23/2022 11:05 AM CommandSyncBox  TX=IN

9/23/2022 11:05 AM ResponseSyncBox  RX=OK

9/23/2022 11:05 AM CommandAcquisChA  TX=EXPOSE
9/23/2022 11:05 AM CommandAcquisChB  TX=EXPOSE
9/23/2022 11:05 AM CommandAcquisChC  TX=EXPOSE
9/23/2022 11:05 AM CommandSyncBox  TX=TRigger REmote

9/23/2022 11:05 AM ResponseSyncBox  RX=OK

9/23/2022 11:05 AM CommandSyncBox  TX=IN

9/23/2022 11:05 AM ResponseSyncBox  RX=OK

9/23/2022 11:05 AM CommandSyncBox  TX=TRigger

9/23/2022 11:05 AM ResponseSyncBox  RX=Trig   REM  50R  Level 1.250   Div   0,000,000,000  SYN 00,010,000.00

9/23/2022 11:05 AM CommandSyncBox  TX=FIre

9/23/2022 11:05 AM ResponseSyncBox  RX=OK

9/23/2022 11:05 AM CommandInstrument  TX=S4ICS WPROT GOTO WP11,WPSEL NONE NONE,GMIR NONE NONE,GFOC NONE NONE,CALW NONE NONE,ASEL NONE NONE

9/23/2022 11:06 AM ResponseInstrument  RX=WPROT SIMULATED BUSY 45 WP3 3, WPSEL SIMULATED READY 0 L/2 2, ASEL SIMULATED READY 100 ANALYZER 2, CALW SIMULATED READY 0 CLEAR 1, GFOC SIMULATED READY 0 HOME 0, GMIR SIMULATED READY 0 HOME 0

9/23/2022 11:06 AM CommandSyncBox  TX=ADELAY 0m

9/23/2022 11:06 AM ResponseSyncBox  RX=OK

9/23/2022 11:06 AM CommandSyncBox  TX=BDELAY 0m

9/23/2022 11:06 AM ResponseSyncBox  RX=OK

9/23/2022 11:06 AM CommandSyncBox  TX=CDELAY 0m

9/23/2022 11:06 AM ResponseSyncBox  RX=OK

9/23/2022 11:06 AM CommandSyncBox  TX=DDELAY 0m

9/23/2022 11:06 AM ResponseSyncBox  RX=OK

9/23/2022 11:06 AM CommandSyncBox  TX=AWIDTH 200m

9/23/2022 11:06 AM ResponseSyncBox  RX=OK

9/23/2022 11:06 AM CommandSyncBox  TX=BWIDTH 200m

9/23/2022 11:06 AM ResponseSyncBox  RX=OK

9/23/2022 11:06 AM CommandSyncBox  TX=CWIDTH 200m

9/23/2022 11:06 AM ResponseSyncBox  RX=OK

9/23/2022 11:06 AM CommandSyncBox  TX=DWIDTH 200m

9/23/2022 11:06 AM ResponseSyncBox  RX=OK

9/23/2022 11:06 AM CommandSyncBox  TX=aset on

9/23/2022 11:06 AM ResponseSyncBox  RX=OK

9/23/2022 11:06 AM CommandSyncBox  TX=bset on

9/23/2022 11:06 AM ResponseSyncBox  RX=OK

9/23/2022 11:06 AM CommandSyncBox  TX=cset on

9/23/2022 11:06 AM ResponseSyncBox  RX=OK

9/23/2022 11:06 AM CommandSyncBox  TX=dset on

9/23/2022 11:06 AM ResponseSyncBox  RX=OK

9/23/2022 11:06 AM CommandSyncBox  TX=IN

9/23/2022 11:06 AM ResponseSyncBox  RX=OK

9/23/2022 11:06 AM CommandAcquisChA  TX=EXPOSE
9/23/2022 11:06 AM CommandAcquisChB  TX=EXPOSE
9/23/2022 11:06 AM CommandAcquisChC  TX=EXPOSE
9/23/2022 11:06 AM CommandSyncBox  TX=TRigger REmote

9/23/2022 11:06 AM ResponseSyncBox  RX=OK

9/23/2022 11:06 AM CommandSyncBox  TX=IN

9/23/2022 11:06 AM ResponseSyncBox  RX=OK

9/23/2022 11:06 AM CommandSyncBox  TX=TRigger

9/23/2022 11:06 AM ResponseSyncBox  RX=Trig   REM  50R  Level 1.250   Div   0,000,000,000  SYN 00,010,000.00

9/23/2022 11:06 AM CommandSyncBox  TX=FIre

9/23/2022 11:06 AM ResponseSyncBox  RX=OK

9/23/2022 11:06 AM CommandInstrument  TX=S4ICS WPROT NONE NONE,WPSEL GOTO CLEAR,GMIR NONE NONE,GFOC NONE NONE,CALW GOTO CLEAR,ASEL GOTO CLEAR

9/23/2022 11:06 AM ResponseInstrument  RX=WPROT SIMULATED READY 225 WP11 11, WPSEL SIMULATED BUSY 0 L/2 2, ASEL SIMULATED BUSY 100 ANALYZER 2, CALW SIMULATED BUSY 0 CLEAR 1, GFOC SIMULATED READY 0 HOME 0, GMIR SIMULATED READY 0 HOME 0

9/23/2022 11:07 AM CommandAcquisChA  TX=SET EXPTIME 1.000000
9/23/2022 11:07 AM ResponseAcquisChA  RX=DONE
9/23/2022 11:07 AM CommandAcquisChA  TX=SET #FRAMES 3.000000
9/23/2022 11:07 AM ResponseAcquisChA  RX=DONE
9/23/2022 11:07 AM CommandAcquisChA  TX=SET #CUBES 1.0000 
9/23/2022 11:07 AM ResponseAcquisChA  RX=DONE
9/23/2022 11:07 AM CommandAcquisChA  TX=SET SUFFIX 
9/23/2022 11:07 AM ResponseAcquisChA  RX=DONE
9/23/2022 11:07 AM CommandAcquisChA  TX=SET OBSTYPE OBJECT
9/23/2022 11:07 AM ResponseAcquisChA  RX=DONE
9/23/2022 11:07 AM CommandAcquisChB  TX=SET EXPTIME 2.000000
9/23/2022 11:07 AM ResponseAcquisChB  RX=DONE
9/23/2022 11:07 AM CommandAcquisChB  TX=SET #FRAMES 3.000000
9/23/2022 11:07 AM ResponseAcquisChB  RX=DONE
9/23/2022 11:07 AM CommandAcquisChB  TX=SET #CUBES 1.0000 
9/23/2022 11:07 AM CommandAcquisChB  TX=SET SUFFIX 
9/23/2022 11:07 AM ResponseAcquisChB  RX=DONE
9/23/2022 11:07 AM ResponseAcquisChB  RX=DONE
9/23/2022 11:07 AM CommandAcquisChB  TX=SET OBSTYPE OBJECT
9/23/2022 11:07 AM ResponseAcquisChB  RX=DONE
9/23/2022 11:07 AM CommandAcquisChC  TX=SET EXPTIME 1.500000
9/23/2022 11:07 AM ResponseAcquisChC  RX=DONE
9/23/2022 11:07 AM CommandAcquisChC  TX=SET #FRAMES 3.000000
9/23/2022 11:07 AM ResponseAcquisChC  RX=DONE
9/23/2022 11:07 AM CommandAcquisChC  TX=SET #CUBES 1.0000 
9/23/2022 11:07 AM ResponseAcquisChC  RX=DONE
9/23/2022 11:07 AM CommandAcquisChC  TX=SET SUFFIX 
9/23/2022 11:07 AM CommandAcquisChC  TX=SET OBSTYPE OBJECT
9/23/2022 11:07 AM ResponseAcquisChC  RX=DONE
9/23/2022 11:07 AM ResponseAcquisChC  RX=DONE
9/23/2022 11:07 AM CommandSyncBox  TX=ADELAY 0m

9/23/2022 11:07 AM ResponseSyncBox  RX=OK

9/23/2022 11:07 AM CommandSyncBox  TX=BDELAY 0m

9/23/2022 11:07 AM ResponseSyncBox  RX=OK

9/23/2022 11:07 AM CommandSyncBox  TX=CDELAY 0m

9/23/2022 11:07 AM ResponseSyncBox  RX=OK

9/23/2022 11:07 AM CommandSyncBox  TX=DDELAY 0m

9/23/2022 11:07 AM ResponseSyncBox  RX=OK

9/23/2022 11:07 AM CommandSyncBox  TX=AWIDTH 200m

9/23/2022 11:07 AM ResponseSyncBox  RX=OK

9/23/2022 11:07 AM CommandSyncBox  TX=BWIDTH 200m

9/23/2022 11:07 AM ResponseSyncBox  RX=OK

9/23/2022 11:07 AM CommandSyncBox  TX=CWIDTH 200m

9/23/2022 11:07 AM ResponseSyncBox  RX=OK

9/23/2022 11:07 AM CommandSyncBox  TX=DWIDTH 200m

9/23/2022 11:07 AM ResponseSyncBox  RX=OK

9/23/2022 11:07 AM CommandSyncBox  TX=aset on

9/23/2022 11:07 AM ResponseSyncBox  RX=OK

9/23/2022 11:07 AM CommandSyncBox  TX=bset on

9/23/2022 11:07 AM ResponseSyncBox  RX=OK

9/23/2022 11:07 AM CommandSyncBox  TX=cset on

9/23/2022 11:07 AM ResponseSyncBox  RX=OK

9/23/2022 11:07 AM CommandSyncBox  TX=dset on

9/23/2022 11:07 AM ResponseSyncBox  RX=OK

9/23/2022 11:07 AM CommandSyncBox  TX=IN

9/23/2022 11:07 AM ResponseSyncBox  RX=OK

9/23/2022 11:07 AM CommandAcquisChA  TX=EXPOSE
9/23/2022 11:07 AM CommandAcquisChB  TX=EXPOSE
9/23/2022 11:07 AM CommandAcquisChC  TX=EXPOSE
9/23/2022 11:07 AM CommandSyncBox  TX=TRigger REmote

9/23/2022 11:07 AM ResponseSyncBox  RX=OK

9/23/2022 11:07 AM CommandSyncBox  TX=IN

9/23/2022 11:07 AM ResponseSyncBox  RX=OK

9/23/2022 11:07 AM CommandSyncBox  TX=TRigger

9/23/2022 11:07 AM ResponseSyncBox  RX=Trig   REM  50R  Level 1.250   Div   0,000,000,000  SYN 00,010,000.00

9/23/2022 11:07 AM CommandSyncBox  TX=FIre

9/23/2022 11:07 AM ResponseSyncBox  RX=OK

9/23/2022 11:07 AM CommandSyncBox  TX=ADELAY 0m

9/23/2022 11:07 AM ResponseSyncBox  RX=OK

9/23/2022 11:07 AM CommandSyncBox  TX=BDELAY 0m

9/23/2022 11:07 AM ResponseSyncBox  RX=OK

9/23/2022 11:07 AM CommandSyncBox  TX=CDELAY 0m

9/23/2022 11:07 AM ResponseSyncBox  RX=OK

9/23/2022 11:07 AM CommandSyncBox  TX=DDELAY 0m

9/23/2022 11:07 AM ResponseSyncBox  RX=OK

9/23/2022 11:07 AM CommandSyncBox  TX=AWIDTH 200m

9/23/2022 11:07 AM ResponseSyncBox  RX=OK

9/23/2022 11:07 AM CommandSyncBox  TX=BWIDTH 200m

9/23/2022 11:07 AM ResponseSyncBox  RX=OK

9/23/2022 11:07 AM CommandSyncBox  TX=CWIDTH 200m

9/23/2022 11:07 AM ResponseSyncBox  RX=OK

9/23/2022 11:07 AM CommandSyncBox  TX=DWIDTH 200m

9/23/2022 11:07 AM ResponseSyncBox  RX=OK

9/23/2022 11:07 AM CommandSyncBox  TX=aset on

9/23/2022 11:07 AM ResponseSyncBox  RX=OK

9/23/2022 11:07 AM CommandSyncBox  TX=bset on

9/23/2022 11:07 AM ResponseSyncBox  RX=OK

9/23/2022 11:07 AM CommandSyncBox  TX=cset on

9/23/2022 11:07 AM ResponseSyncBox  RX=OK

9/23/2022 11:07 AM CommandSyncBox  TX=dset on

9/23/2022 11:07 AM ResponseSyncBox  RX=OK

9/23/2022 11:07 AM CommandSyncBox  TX=IN

9/23/2022 11:07 AM ResponseSyncBox  RX=OK

9/23/2022 11:07 AM CommandAcquisChA  TX=EXPOSE
9/23/2022 11:07 AM CommandAcquisChB  TX=EXPOSE
9/23/2022 11:07 AM CommandAcquisChC  TX=EXPOSE
9/23/2022 11:07 AM CommandSyncBox  TX=TRigger REmote

9/23/2022 11:07 AM ResponseSyncBox  RX=OK

9/23/2022 11:07 AM CommandSyncBox  TX=IN

9/23/2022 11:07 AM ResponseSyncBox  RX=OK

9/23/2022 11:07 AM CommandSyncBox  TX=TRigger

9/23/2022 11:07 AM ResponseSyncBox  RX=Trig   REM  50R  Level 1.250   Div   0,000,000,000  SYN 00,010,000.00

9/23/2022 11:07 AM CommandSyncBox  TX=FIre

9/23/2022 11:07 AM ResponseSyncBox  RX=OK

9/23/2022 11:07 AM CommandAcquisChA  TX=WRITE_SETUP {"ACQUISITION_MODE":3,"TRIGGER_MODE":0,"READ_MODE":4,"PREAMP":0,"READOUT_RATE":0,"VERTICAL_SHIFT_SPEED":3,"EM_MODE":1,"EM_GAIN":2,"SHUTTER_MODE":2,"SHUTTER_TTL":0,"SHUTTER_OPENING_TIME":1,"SHUTTER_CLOSING_TIME":1,"VBIN":1,"HBIN":1,"INITIAL_LINE":1,"INITIAL_COLUMN":1,"FINAL_LINE":1024,"FINAL_COLUMN":1024,"FRAME_TRANSFER":true,"VERTICAL_CLOCK_VOLTAGE":0,"AD_CHANNEL":0}
9/23/2022 11:07 AM CommandAcquisChB  TX=WRITE_SETUP {"ACQUISITION_MODE":3,"TRIGGER_MODE":0,"READ_MODE":4,"PREAMP":0,"READOUT_RATE":0,"VERTICAL_SHIFT_SPEED":3,"EM_MODE":1,"EM_GAIN":2,"SHUTTER_MODE":2,"SHUTTER_TTL":0,"SHUTTER_OPENING_TIME":1,"SHUTTER_CLOSING_TIME":1,"VBIN":1,"HBIN":1,"INITIAL_LINE":1,"INITIAL_COLUMN":1,"FINAL_LINE":1024,"FINAL_COLUMN":1024,"FRAME_TRANSFER":true,"VERTICAL_CLOCK_VOLTAGE":0,"AD_CHANNEL":0}
9/23/2022 11:07 AM CommandAcquisChC  TX=WRITE_SETUP {"ACQUISITION_MODE":3,"TRIGGER_MODE":0,"READ_MODE":4,"PREAMP":0,"READOUT_RATE":0,"VERTICAL_SHIFT_SPEED":3,"EM_MODE":1,"EM_GAIN":2,"SHUTTER_MODE":2,"SHUTTER_TTL":0,"SHUTTER_OPENING_TIME":1,"SHUTTER_CLOSING_TIME":1,"VBIN":1,"HBIN":1,"INITIAL_LINE":1,"INITIAL_COLUMN":1,"FINAL_LINE":1024,"FINAL_COLUMN":1024,"FRAME_TRANSFER":true,"VERTICAL_CLOCK_VOLTAGE":0,"AD_CHANNEL":0}
9/23/2022 11:08 AM CommandAcquisChA  TX=READ_SETUP 
9/23/2022 11:08 AM CommandAcquisChB  TX=READ_SETUP 
9/23/2022 11:08 AM CommandAcquisChC  TX=READ_SETUP 
9/23/2022 11:08 AM ResponseAcquisChA  RX=CCD_SETUP {"PREAMP":0,"READOUT_RATE":0,"EM_GAIN":2,"VBIN":1,"INITIAL_LINE":1,"INITIAL_COLUMN":1,"FINAL_LINE":1024,"FINAL_COLUMN":1024,"TRIGGER_MODE":0,"HBIN":1,"SHUTTER_TTL":0,"SHUTTER_MODE":2,"SHUTTER_OPENING_TIME":1,"SHUTTER_CLOSING_TIME":1,"VERTICAL_SHIFT_SPEED":3,"READ_MODE":4,"FRAME_TRANSFER":true,"VERTICAL_CLOCK_VOLTAGE":0,"ACQUISITION_MODE":3,"AD_CHANNEL":0,"EM_MODE":1}
9/23/2022 11:08 AM CommandAcquisChA  TX=SET COOLER_POWER_STATUS 0
9/23/2022 11:08 AM CommandAcquisChB  TX=SET COOLER_POWER_STATUS 0
9/23/2022 11:08 AM CommandAcquisChC  TX=SET COOLER_POWER_STATUS 0
9/23/2022 11:08 AM ResponseAcquisChA  RX=DONE
9/23/2022 11:08 AM ResponseAcquisChB  RX=CCD_SETUP {"PREAMP":0,"READOUT_RATE":0,"EM_GAIN":2,"VBIN":1,"INITIAL_LINE":1,"INITIAL_COLUMN":1,"FINAL_LINE":1024,"FINAL_COLUMN":1024,"TRIGGER_MODE":0,"HBIN":1,"SHUTTER_TTL":0,"SHUTTER_MODE":2,"SHUTTER_OPENING_TIME":1,"SHUTTER_CLOSING_TIME":1,"VERTICAL_SHIFT_SPEED":3,"READ_MODE":4,"FRAME_TRANSFER":true,"VERTICAL_CLOCK_VOLTAGE":0,"ACQUISITION_MODE":3,"AD_CHANNEL":0,"EM_MODE":1}
9/23/2022 11:08 AM ResponseAcquisChC  RX=CCD_SETUP {"PREAMP":0,"READOUT_RATE":0,"EM_GAIN":2,"VBIN":1,"INITIAL_LINE":1,"INITIAL_COLUMN":1,"FINAL_LINE":1024,"FINAL_COLUMN":1024,"TRIGGER_MODE":0,"HBIN":1,"SHUTTER_TTL":0,"SHUTTER_MODE":2,"SHUTTER_OPENING_TIME":1,"SHUTTER_CLOSING_TIME":1,"VERTICAL_SHIFT_SPEED":3,"READ_MODE":4,"FRAME_TRANSFER":true,"VERTICAL_CLOCK_VOLTAGE":0,"ACQUISITION_MODE":3,"AD_CHANNEL":0,"EM_MODE":1}
9/23/2022 11:08 AM CommandInstrument  TX=S4ICS WPROT NONE NONE,WPSEL GOTO L/4,GMIR NONE NONE,GFOC NONE NONE,CALW GOTO POLARIZER,ASEL GOTO ANALYZER

9/23/2022 11:08 AM ResponseInstrument  RX=WPROT SIMULATED READY 225 WP11 11, WPSEL SIMULATED BUSY 50 CLEAR 1, ASEL SIMULATED BUSY 0 CLEAR 1, CALW SIMULATED BUSY 0 CLEAR 1, GFOC SIMULATED READY 0 HOME 0, GMIR SIMULATED READY 0 HOME 0

9/23/2022 11:09 AM CommandAcquisChC  TX=SET EXPTIME 1.500000
9/23/2022 11:09 AM ResponseAcquisChC  RX=DONE
9/23/2022 11:09 AM CommandAcquisChC  TX=SET #FRAMES 3.000000
9/23/2022 11:09 AM ResponseAcquisChC  RX=DONE
9/23/2022 11:09 AM CommandAcquisChC  TX=SET #CUBES 1.0000 
9/23/2022 11:09 AM ResponseAcquisChC  RX=DONE
9/23/2022 11:09 AM CommandAcquisChC  TX=SET SUFFIX 
9/23/2022 11:09 AM ResponseAcquisChC  RX=DONE
9/23/2022 11:09 AM CommandAcquisChC  TX=SET OBSTYPE OBJECT
9/23/2022 11:09 AM ResponseAcquisChC  RX=DONE
9/23/2022 11:09 AM CommandInstrument  TX=S4ICS WPROT GOTO WP3,WPSEL NONE NONE,GMIR NONE NONE,GFOC NONE NONE,CALW NONE NONE,ASEL NONE NONE

9/23/2022 11:09 AM ResponseInstrument  RX=WPROT SIMULATED BUSY 225 WP11 11, WPSEL SIMULATED READY 100 L/4 3, ASEL SIMULATED READY 100 ANALYZER 2, CALW SIMULATED READY 72 POLARIZER 2, GFOC SIMULATED READY 0 HOME 0, GMIR SIMULATED READY 0 HOME 0

9/23/2022 11:09 AM CommandAcquisChC  TX=EXPOSE
9/23/2022 11:09 AM CommandInstrument  TX=S4ICS WPROT GOTO WP3,WPSEL NONE NONE,GMIR NONE NONE,GFOC NONE NONE,CALW NONE NONE,ASEL NONE NONE

9/23/2022 11:09 AM ResponseInstrument  RX=WPROT SIMULATED BUSY 45 WP3 3, WPSEL SIMULATED READY 100 L/4 3, ASEL SIMULATED READY 100 ANALYZER 2, CALW SIMULATED READY 72 POLARIZER 2, GFOC SIMULATED READY 0 HOME 0, GMIR SIMULATED READY 0 HOME 0

9/23/2022 11:10 AM CommandAcquisChC  TX=EXPOSE
9/23/2022 11:10 AM CommandAcquisChC  TX=SET EXPTIME 1.500000
9/23/2022 11:10 AM ResponseAcquisChC  RX=DONE
9/23/2022 11:10 AM CommandAcquisChC  TX=SET #FRAMES 3.000000
9/23/2022 11:10 AM ResponseAcquisChC  RX=DONE
9/23/2022 11:10 AM CommandAcquisChC  TX=SET #CUBES 1.0000 
9/23/2022 11:10 AM CommandAcquisChC  TX=SET SUFFIX 
9/23/2022 11:10 AM ResponseAcquisChC  RX=DONE
9/23/2022 11:10 AM ResponseAcquisChC  RX=DONE
9/23/2022 11:10 AM CommandAcquisChC  TX=SET OBSTYPE OBJECT
9/23/2022 11:10 AM ResponseAcquisChC  RX=DONE
9/23/2022 11:10 AM CommandInstrument  TX=S4ICS WPROT GOTO WP11,WPSEL NONE NONE,GMIR NONE NONE,GFOC NONE NONE,CALW NONE NONE,ASEL NONE NONE

9/23/2022 11:10 AM ResponseInstrument  RX=WPROT SIMULATED BUSY 45 WP3 3, WPSEL SIMULATED READY 100 L/4 3, ASEL SIMULATED READY 100 ANALYZER 2, CALW SIMULATED READY 72 POLARIZER 2, GFOC SIMULATED READY 0 HOME 0, GMIR SIMULATED READY 0 HOME 0

9/23/2022 11:10 AM CommandAcquisChC  TX=EXPOSE
9/23/2022 11:10 AM CommandInstrument  TX=S4ICS WPROT GOTO WP11,WPSEL NONE NONE,GMIR NONE NONE,GFOC NONE NONE,CALW NONE NONE,ASEL NONE NONE

9/23/2022 11:10 AM ResponseInstrument  RX=WPROT SIMULATED BUSY 225 WP11 11, WPSEL SIMULATED READY 100 L/4 3, ASEL SIMULATED READY 100 ANALYZER 2, CALW SIMULATED READY 72 POLARIZER 2, GFOC SIMULATED READY 0 HOME 0, GMIR SIMULATED READY 0 HOME 0

9/23/2022 11:10 AM CommandAcquisChC  TX=EXPOSE
9/23/2022 11:11 AM CommandAcquisChC  TX=SET EXPTIME 1.500000
9/23/2022 11:11 AM ResponseAcquisChC  RX=DONE
9/23/2022 11:11 AM CommandAcquisChC  TX=SET #FRAMES 3.000000
9/23/2022 11:11 AM ResponseAcquisChC  RX=DONE
9/23/2022 11:11 AM CommandAcquisChC  TX=SET #CUBES 1.0000 
9/23/2022 11:11 AM ResponseAcquisChC  RX=DONE
9/23/2022 11:11 AM CommandAcquisChC  TX=SET SUFFIX 
9/23/2022 11:11 AM ResponseAcquisChC  RX=DONE
9/23/2022 11:11 AM CommandAcquisChC  TX=SET OBSTYPE OBJECT
9/23/2022 11:11 AM ResponseAcquisChC  RX=DONE
9/23/2022 11:11 AM CommandInstrument  TX=S4ICS WPROT GOTO WP3,WPSEL NONE NONE,GMIR NONE NONE,GFOC NONE NONE,CALW NONE NONE,ASEL NONE NONE

9/23/2022 11:11 AM ResponseInstrument  RX=WPROT SIMULATED BUSY 225 WP11 11, WPSEL SIMULATED READY 100 L/4 3, ASEL SIMULATED READY 100 ANALYZER 2, CALW SIMULATED READY 72 POLARIZER 2, GFOC SIMULATED READY 0 HOME 0, GMIR SIMULATED READY 0 HOME 0

9/23/2022 11:11 AM CommandAcquisChC  TX=EXPOSE
9/23/2022 11:11 AM CommandInstrument  TX=S4ICS WPROT GOTO WP3,WPSEL NONE NONE,GMIR NONE NONE,GFOC NONE NONE,CALW NONE NONE,ASEL NONE NONE

9/23/2022 11:11 AM ResponseInstrument  RX=WPROT SIMULATED BUSY 45 WP3 3, WPSEL SIMULATED READY 100 L/4 3, ASEL SIMULATED READY 100 ANALYZER 2, CALW SIMULATED READY 72 POLARIZER 2, GFOC SIMULATED READY 0 HOME 0, GMIR SIMULATED READY 0 HOME 0

9/23/2022 11:11 AM CommandAcquisChC  TX=EXPOSE
9/23/2022 11:12 AM CommandInstrument  TX=S4ICS WPROT NONE NONE,WPSEL GOTO CLEAR,GMIR NONE NONE,GFOC NONE NONE,CALW GOTO CLEAR,ASEL GOTO CLEAR

9/23/2022 11:12 AM ResponseInstrument  RX=WPROT SIMULATED READY 45 WP3 3, WPSEL SIMULATED BUSY 100 L/4 3, ASEL SIMULATED BUSY 100 ANALYZER 2, CALW SIMULATED BUSY 72 POLARIZER 2, GFOC SIMULATED READY 0 HOME 0, GMIR SIMULATED READY 0 HOME 0

9/23/2022 11:12 AM CommandAcquisChC  TX=SET EXPTIME 1.500000
9/23/2022 11:12 AM ResponseAcquisChC  RX=DONE
9/23/2022 11:12 AM CommandAcquisChC  TX=SET #FRAMES 3.000000
9/23/2022 11:12 AM ResponseAcquisChC  RX=DONE
9/23/2022 11:12 AM CommandAcquisChC  TX=SET #CUBES 1.0000 
9/23/2022 11:12 AM CommandAcquisChC  TX=SET SUFFIX 
9/23/2022 11:12 AM ResponseAcquisChC  RX=DONE
9/23/2022 11:12 AM ResponseAcquisChC  RX=DONE
9/23/2022 11:12 AM CommandAcquisChC  TX=SET OBSTYPE OBJECT
9/23/2022 11:12 AM ResponseAcquisChC  RX=DONE
9/23/2022 11:12 AM CommandAcquisChC  TX=EXPOSE
9/23/2022 11:12 AM CommandAcquisChC  TX=EXPOSE
9/23/2022 11:13 AM CommandAcquisChC  TX=SET EXPTIME 1.500000
9/23/2022 11:13 AM ResponseAcquisChC  RX=DONE
9/23/2022 11:13 AM CommandAcquisChC  TX=SET #FRAMES 3.000000
9/23/2022 11:13 AM CommandAcquisChC  TX=SET #CUBES 1.0000 
9/23/2022 11:13 AM ResponseAcquisChC  RX=DONE
9/23/2022 11:13 AM ResponseAcquisChC  RX=DONE
9/23/2022 11:13 AM CommandAcquisChC  TX=SET SUFFIX 
9/23/2022 11:13 AM CommandAcquisChC  TX=SET OBSTYPE OBJECT
9/23/2022 11:13 AM ResponseAcquisChC  RX=DONE
9/23/2022 11:13 AM ResponseAcquisChC  RX=DONE
9/23/2022 11:13 AM CommandAcquisChC  TX=EXPOSE
9/23/2022 11:13 AM CommandAcquisChC  TX=EXPOSE
9/23/2022 11:15 AM CommandAcquisChC  TX=SET EXPTIME 1.500000
9/23/2022 11:15 AM ResponseAcquisChC  RX=DONE
9/23/2022 11:15 AM CommandAcquisChC  TX=SET #FRAMES 3.000000
9/23/2022 11:15 AM CommandAcquisChC  TX=SET #CUBES 1.0000 
9/23/2022 11:15 AM ResponseAcquisChC  RX=DONE
9/23/2022 11:15 AM ResponseAcquisChC  RX=DONE
9/23/2022 11:15 AM CommandAcquisChC  TX=SET SUFFIX 
9/23/2022 11:15 AM ResponseAcquisChC  RX=DONE
9/23/2022 11:15 AM CommandAcquisChC  TX=SET OBSTYPE OBJECT
9/23/2022 11:15 AM ResponseAcquisChC  RX=DONE
9/23/2022 11:15 AM CommandAcquisChC  TX=EXPOSE
9/23/2022 11:15 AM CommandAcquisChA  TX=SET EXPTIME 1.000000
9/23/2022 11:15 AM ResponseAcquisChA  RX=DONE
9/23/2022 11:15 AM CommandAcquisChA  TX=SET #FRAMES 3.000000
9/23/2022 11:15 AM ResponseAcquisChA  RX=DONE
9/23/2022 11:15 AM CommandAcquisChA  TX=SET #CUBES 1.0000 
9/23/2022 11:15 AM ResponseAcquisChA  RX=DONE
9/23/2022 11:15 AM CommandAcquisChA  TX=SET SUFFIX 
9/23/2022 11:15 AM ResponseAcquisChA  RX=DONE
9/23/2022 11:15 AM CommandAcquisChA  TX=SET OBSTYPE OBJECT
9/23/2022 11:15 AM ResponseAcquisChA  RX=DONE
9/23/2022 11:15 AM CommandAcquisChA  TX=EXPOSE
9/23/2022 11:15 AM CommandAcquisChB  TX=SET EXPTIME 2.000000
9/23/2022 11:15 AM ResponseAcquisChB  RX=DONE
9/23/2022 11:15 AM CommandAcquisChB  TX=SET #FRAMES 3.000000
9/23/2022 11:15 AM ResponseAcquisChB  RX=DONE
9/23/2022 11:15 AM CommandAcquisChB  TX=SET #CUBES 1.0000 
9/23/2022 11:15 AM ResponseAcquisChB  RX=DONE
9/23/2022 11:15 AM CommandAcquisChB  TX=SET SUFFIX 
9/23/2022 11:15 AM ResponseAcquisChB  RX=DONE
9/23/2022 11:15 AM CommandAcquisChB  TX=SET OBSTYPE OBJECT
9/23/2022 11:15 AM ResponseAcquisChB  RX=DONE
9/23/2022 11:15 AM CommandAcquisChB  TX=EXPOSE
9/23/2022 11:15 AM ResponseAcquisChB  RX=RETURNING_STATUS {"CUBE_EXPOSURE_TIME":6,"CUBES_DONE":1,"LAST_IMAGE_NAME":"20220923_s4c2_000035.fits","DISK_SPACE":0,"FRAMES_DONE":3,"CCD_STATUS":"IDLE","CURRENT_TEMPERATURE":19,"TEMPERATURE_STATUS":"TEMPERATURE_OFF","FRAME_EXPOSURE_TIME":2,"CCD_POWER_STATUS":true,"SERIAL_NUMBER":9915,"ACQUIRING":false}
9/23/2022 11:21 AM CommandAcquisChB  TX=ABORT_ACQUISITION
9/23/2022 11:28 AM CommandAcquisChB  TX=SET EXPTIME 2.000000
9/23/2022 11:28 AM ResponseAcquisChB  RX=DONE
9/23/2022 11:28 AM CommandAcquisChB  TX=SET #FRAMES 3.000000
9/23/2022 11:28 AM ResponseAcquisChB  RX=DONE
9/23/2022 11:28 AM CommandAcquisChB  TX=SET #CUBES 1.0000 
9/23/2022 11:28 AM CommandAcquisChB  TX=SET SUFFIX 
9/23/2022 11:28 AM ResponseAcquisChB  RX=DONE
9/23/2022 11:28 AM CommandAcquisChB  TX=SET OBSTYPE OBJECT
9/23/2022 11:28 AM ResponseAcquisChB  RX=DONE
9/23/2022 11:28 AM ResponseAcquisChB  RX=DONE
9/23/2022 11:28 AM CommandAcquisChB  TX=EXPOSE
9/23/2022 11:29 AM CommandAcquisChA  TX=WRITE_SETUP {"ACQUISITION_MODE":3,"TRIGGER_MODE":6,"READ_MODE":4,"PREAMP":0,"READOUT_RATE":0,"VERTICAL_SHIFT_SPEED":3,"EM_MODE":1,"EM_GAIN":2,"SHUTTER_MODE":2,"SHUTTER_TTL":0,"SHUTTER_OPENING_TIME":1,"SHUTTER_CLOSING_TIME":1,"VBIN":1,"HBIN":1,"INITIAL_LINE":1,"INITIAL_COLUMN":1,"FINAL_LINE":1024,"FINAL_COLUMN":1024,"FRAME_TRANSFER":true,"VERTICAL_CLOCK_VOLTAGE":0,"AD_CHANNEL":0}
9/23/2022 11:29 AM CommandAcquisChB  TX=WRITE_SETUP {"ACQUISITION_MODE":3,"TRIGGER_MODE":6,"READ_MODE":4,"PREAMP":0,"READOUT_RATE":0,"VERTICAL_SHIFT_SPEED":3,"EM_MODE":1,"EM_GAIN":2,"SHUTTER_MODE":2,"SHUTTER_TTL":0,"SHUTTER_OPENING_TIME":1,"SHUTTER_CLOSING_TIME":1,"VBIN":1,"HBIN":1,"INITIAL_LINE":1,"INITIAL_COLUMN":1,"FINAL_LINE":1024,"FINAL_COLUMN":1024,"FRAME_TRANSFER":true,"VERTICAL_CLOCK_VOLTAGE":0,"AD_CHANNEL":0}
9/23/2022 11:29 AM CommandAcquisChC  TX=WRITE_SETUP {"ACQUISITION_MODE":3,"TRIGGER_MODE":6,"READ_MODE":4,"PREAMP":0,"READOUT_RATE":0,"VERTICAL_SHIFT_SPEED":3,"EM_MODE":1,"EM_GAIN":2,"SHUTTER_MODE":2,"SHUTTER_TTL":0,"SHUTTER_OPENING_TIME":1,"SHUTTER_CLOSING_TIME":1,"VBIN":1,"HBIN":1,"INITIAL_LINE":1,"INITIAL_COLUMN":1,"FINAL_LINE":1024,"FINAL_COLUMN":1024,"FRAME_TRANSFER":true,"VERTICAL_CLOCK_VOLTAGE":0,"AD_CHANNEL":0}
9/23/2022 11:29 AM CommandAcquisChA  TX=READ_SETUP 
9/23/2022 11:29 AM CommandAcquisChB  TX=READ_SETUP 
9/23/2022 11:29 AM CommandAcquisChC  TX=READ_SETUP 
9/23/2022 11:29 AM ResponseAcquisChA  RX=CCD_SETUP {"PREAMP":0,"READOUT_RATE":0,"EM_GAIN":2,"VBIN":1,"INITIAL_LINE":1,"INITIAL_COLUMN":1,"FINAL_LINE":1024,"FINAL_COLUMN":1024,"TRIGGER_MODE":6,"HBIN":1,"SHUTTER_TTL":0,"SHUTTER_MODE":2,"SHUTTER_OPENING_TIME":1,"SHUTTER_CLOSING_TIME":1,"VERTICAL_SHIFT_SPEED":3,"READ_MODE":4,"FRAME_TRANSFER":true,"VERTICAL_CLOCK_VOLTAGE":0,"ACQUISITION_MODE":3,"AD_CHANNEL":0,"EM_MODE":1}
9/23/2022 11:29 AM CommandAcquisChA  TX=SET COOLER_POWER_STATUS 0
9/23/2022 11:29 AM ResponseAcquisChB  RX=CCD_SETUP {"PREAMP":0,"READOUT_RATE":0,"EM_GAIN":2,"VBIN":1,"INITIAL_LINE":1,"INITIAL_COLUMN":1,"FINAL_LINE":1024,"FINAL_COLUMN":1024,"TRIGGER_MODE":6,"HBIN":1,"SHUTTER_TTL":0,"SHUTTER_MODE":2,"SHUTTER_OPENING_TIME":1,"SHUTTER_CLOSING_TIME":1,"VERTICAL_SHIFT_SPEED":3,"READ_MODE":4,"FRAME_TRANSFER":true,"VERTICAL_CLOCK_VOLTAGE":0,"ACQUISITION_MODE":3,"AD_CHANNEL":0,"EM_MODE":1}
9/23/2022 11:29 AM CommandAcquisChB  TX=SET COOLER_POWER_STATUS 0
9/23/2022 11:29 AM ResponseAcquisChC  RX=CCD_SETUP {"PREAMP":0,"READOUT_RATE":0,"EM_GAIN":2,"VBIN":1,"INITIAL_LINE":1,"INITIAL_COLUMN":1,"FINAL_LINE":1024,"FINAL_COLUMN":1024,"TRIGGER_MODE":6,"HBIN":1,"SHUTTER_TTL":0,"SHUTTER_MODE":2,"SHUTTER_OPENING_TIME":1,"SHUTTER_CLOSING_TIME":1,"VERTICAL_SHIFT_SPEED":3,"READ_MODE":4,"FRAME_TRANSFER":true,"VERTICAL_CLOCK_VOLTAGE":0,"ACQUISITION_MODE":3,"AD_CHANNEL":0,"EM_MODE":1}
9/23/2022 11:29 AM CommandAcquisChC  TX=SET COOLER_POWER_STATUS 0
9/23/2022 11:29 AM ResponseAcquisChA  RX=DONE
9/23/2022 11:29 AM ResponseAcquisChB  RX=DONE
9/23/2022 11:29 AM ResponseAcquisChC  RX=DONE
9/23/2022 11:29 AM CommandAcquisChA  TX=SET EXPTIME 1.000000
9/23/2022 11:29 AM ResponseAcquisChA  RX=DONE
9/23/2022 11:29 AM CommandAcquisChA  TX=SET #FRAMES 3.000000
9/23/2022 11:29 AM ResponseAcquisChA  RX=DONE
9/23/2022 11:29 AM CommandAcquisChA  TX=SET #CUBES 1.0000 
9/23/2022 11:29 AM ResponseAcquisChA  RX=DONE
9/23/2022 11:29 AM CommandAcquisChA  TX=SET SUFFIX 
9/23/2022 11:29 AM CommandAcquisChA  TX=SET OBSTYPE OBJECT
9/23/2022 11:29 AM ResponseAcquisChA  RX=DONE
9/23/2022 11:29 AM ResponseAcquisChA  RX=DONE
9/23/2022 11:29 AM CommandAcquisChB  TX=SET EXPTIME 2.000000
9/23/2022 11:29 AM ResponseAcquisChB  RX=DONE
9/23/2022 11:29 AM CommandAcquisChB  TX=SET #FRAMES 3.000000
9/23/2022 11:29 AM CommandAcquisChB  TX=SET #CUBES 1.0000 
9/23/2022 11:29 AM ResponseAcquisChB  RX=DONE
9/23/2022 11:29 AM ResponseAcquisChB  RX=DONE
9/23/2022 11:29 AM CommandAcquisChB  TX=SET SUFFIX 
9/23/2022 11:29 AM CommandAcquisChB  TX=SET OBSTYPE OBJECT
9/23/2022 11:29 AM ResponseAcquisChB  RX=DONE
9/23/2022 11:29 AM ResponseAcquisChB  RX=DONE
9/23/2022 11:29 AM CommandAcquisChC  TX=SET EXPTIME 1.000000
9/23/2022 11:29 AM ResponseAcquisChC  RX=DONE
9/23/2022 11:29 AM CommandAcquisChC  TX=SET #FRAMES 3.000000
9/23/2022 11:29 AM ResponseAcquisChC  RX=DONE
9/23/2022 11:29 AM CommandAcquisChC  TX=SET #CUBES 1.0000 
9/23/2022 11:29 AM CommandAcquisChC  TX=SET SUFFIX 
9/23/2022 11:29 AM ResponseAcquisChC  RX=DONE
9/23/2022 11:29 AM ResponseAcquisChC  RX=DONE
9/23/2022 11:29 AM CommandAcquisChC  TX=SET OBSTYPE OBJECT
9/23/2022 11:29 AM ResponseAcquisChC  RX=DONE
9/23/2022 11:29 AM CommandSyncBox  TX=ADELAY 0m

9/23/2022 11:29 AM ResponseSyncBox  RX=OK

9/23/2022 11:29 AM CommandSyncBox  TX=BDELAY 0m

9/23/2022 11:29 AM ResponseSyncBox  RX=OK

9/23/2022 11:29 AM CommandSyncBox  TX=CDELAY 0m

9/23/2022 11:29 AM ResponseSyncBox  RX=OK

9/23/2022 11:29 AM CommandSyncBox  TX=DDELAY 0m

9/23/2022 11:29 AM ResponseSyncBox  RX=OK

9/23/2022 11:29 AM CommandSyncBox  TX=AWIDTH 200m

9/23/2022 11:29 AM ResponseSyncBox  RX=OK

9/23/2022 11:29 AM CommandSyncBox  TX=BWIDTH 200m

9/23/2022 11:29 AM ResponseSyncBox  RX=OK

9/23/2022 11:29 AM CommandSyncBox  TX=CWIDTH 200m

9/23/2022 11:29 AM ResponseSyncBox  RX=OK

9/23/2022 11:29 AM CommandSyncBox  TX=DWIDTH 200m

9/23/2022 11:29 AM ResponseSyncBox  RX=OK

9/23/2022 11:29 AM CommandSyncBox  TX=aset on

9/23/2022 11:29 AM ResponseSyncBox  RX=OK

9/23/2022 11:29 AM CommandSyncBox  TX=bset on

9/23/2022 11:29 AM ResponseSyncBox  RX=OK

9/23/2022 11:29 AM CommandSyncBox  TX=cset on

9/23/2022 11:29 AM ResponseSyncBox  RX=OK

9/23/2022 11:29 AM CommandSyncBox  TX=dset on

9/23/2022 11:29 AM ResponseSyncBox  RX=OK

9/23/2022 11:29 AM CommandSyncBox  TX=IN

9/23/2022 11:29 AM ResponseSyncBox  RX=OK

9/23/2022 11:29 AM CommandAcquisChA  TX=EXPOSE
9/23/2022 11:29 AM CommandAcquisChB  TX=EXPOSE
9/23/2022 11:29 AM CommandAcquisChC  TX=EXPOSE
9/23/2022 11:29 AM CommandSyncBox  TX=TRigger REmote

9/23/2022 11:29 AM ResponseSyncBox  RX=OK

9/23/2022 11:29 AM CommandSyncBox  TX=IN

9/23/2022 11:29 AM ResponseSyncBox  RX=OK

9/23/2022 11:29 AM CommandSyncBox  TX=TRigger

9/23/2022 11:29 AM ResponseSyncBox  RX=Trig   REM  50R  Level 1.250   Div   0,000,000,000  SYN 00,010,000.00

9/23/2022 11:29 AM CommandSyncBox  TX=FIre

9/23/2022 11:29 AM ResponseSyncBox  RX=OK

9/23/2022 11:29 AM CommandSyncBox  TX=ADELAY 0m

9/23/2022 11:29 AM ResponseSyncBox  RX=OK

9/23/2022 11:29 AM CommandSyncBox  TX=BDELAY 0m

9/23/2022 11:29 AM ResponseSyncBox  RX=OK

9/23/2022 11:29 AM CommandSyncBox  TX=CDELAY 0m

9/23/2022 11:29 AM ResponseSyncBox  RX=OK

9/23/2022 11:29 AM CommandSyncBox  TX=DDELAY 0m

9/23/2022 11:29 AM ResponseSyncBox  RX=OK

9/23/2022 11:29 AM CommandSyncBox  TX=AWIDTH 200m

9/23/2022 11:29 AM ResponseSyncBox  RX=OK

9/23/2022 11:29 AM CommandSyncBox  TX=BWIDTH 200m

9/23/2022 11:29 AM ResponseSyncBox  RX=OK

9/23/2022 11:29 AM CommandSyncBox  TX=CWIDTH 200m

9/23/2022 11:29 AM ResponseSyncBox  RX=OK

9/23/2022 11:29 AM CommandSyncBox  TX=DWIDTH 200m

9/23/2022 11:29 AM ResponseSyncBox  RX=OK

9/23/2022 11:29 AM CommandSyncBox  TX=aset on

9/23/2022 11:29 AM ResponseSyncBox  RX=OK

9/23/2022 11:29 AM CommandSyncBox  TX=bset on

9/23/2022 11:29 AM ResponseSyncBox  RX=OK

9/23/2022 11:29 AM CommandSyncBox  TX=cset on

9/23/2022 11:29 AM ResponseSyncBox  RX=OK

9/23/2022 11:29 AM CommandSyncBox  TX=dset on

9/23/2022 11:29 AM ResponseSyncBox  RX=OK

9/23/2022 11:29 AM CommandSyncBox  TX=IN

9/23/2022 11:29 AM ResponseSyncBox  RX=OK

9/23/2022 11:29 AM CommandAcquisChA  TX=EXPOSE
9/23/2022 11:29 AM CommandAcquisChB  TX=EXPOSE
9/23/2022 11:29 AM CommandAcquisChC  TX=EXPOSE
9/23/2022 11:29 AM CommandSyncBox  TX=TRigger REmote

9/23/2022 11:29 AM ResponseSyncBox  RX=OK

9/23/2022 11:29 AM CommandSyncBox  TX=IN

9/23/2022 11:29 AM ResponseSyncBox  RX=OK

9/23/2022 11:29 AM CommandSyncBox  TX=TRigger

9/23/2022 11:29 AM ResponseSyncBox  RX=Trig   REM  50R  Level 1.250   Div   0,000,000,000  SYN 00,010,000.00

9/23/2022 11:29 AM CommandSyncBox  TX=FIre

9/23/2022 11:29 AM ResponseSyncBox  RX=OK

9/23/2022 11:52 AM CommandAcquisChA  TX=SET EXPTIME 1.000000
9/23/2022 11:52 AM ResponseAcquisChA  RX=DONE
9/23/2022 11:52 AM CommandAcquisChA  TX=SET #FRAMES 3.000000
9/23/2022 11:52 AM ResponseAcquisChA  RX=DONE
9/23/2022 11:52 AM CommandAcquisChA  TX=SET #CUBES 1.0000 
9/23/2022 11:52 AM CommandAcquisChA  TX=SET SUFFIX 
9/23/2022 11:52 AM ResponseAcquisChA  RX=DONE
9/23/2022 11:52 AM ResponseAcquisChA  RX=DONE
9/23/2022 11:52 AM CommandAcquisChA  TX=SET OBSTYPE OBJECT
9/23/2022 11:52 AM ResponseAcquisChA  RX=DONE
9/23/2022 11:52 AM CommandAcquisChB  TX=SET EXPTIME 2.000000
9/23/2022 11:52 AM ResponseAcquisChB  RX=DONE
9/23/2022 11:52 AM CommandAcquisChB  TX=SET #FRAMES 3.000000
9/23/2022 11:52 AM CommandAcquisChB  TX=SET #CUBES 1.0000 
9/23/2022 11:52 AM ResponseAcquisChB  RX=DONE
9/23/2022 11:52 AM CommandAcquisChB  TX=SET SUFFIX 
9/23/2022 11:52 AM ResponseAcquisChB  RX=DONE
9/23/2022 11:52 AM CommandAcquisChB  TX=SET OBSTYPE OBJECT
9/23/2022 11:52 AM ResponseAcquisChB  RX=DONE
9/23/2022 11:52 AM ResponseAcquisChB  RX=DONE
9/23/2022 11:52 AM CommandAcquisChC  TX=SET EXPTIME 1.000000
9/23/2022 11:52 AM ResponseAcquisChC  RX=DONE
9/23/2022 11:52 AM CommandAcquisChC  TX=SET #FRAMES 3.000000
9/23/2022 11:52 AM ResponseAcquisChC  RX=DONE
9/23/2022 11:52 AM CommandAcquisChC  TX=SET #CUBES 1.0000 
9/23/2022 11:52 AM ResponseAcquisChC  RX=DONE
9/23/2022 11:52 AM CommandAcquisChC  TX=SET SUFFIX 
9/23/2022 11:52 AM ResponseAcquisChC  RX=DONE
9/23/2022 11:52 AM CommandAcquisChC  TX=SET OBSTYPE OBJECT
9/23/2022 11:52 AM ResponseAcquisChC  RX=DONE
9/23/2022 11:52 AM CommandSyncBox  TX=ADELAY 0m

9/23/2022 11:52 AM ResponseSyncBox  RX=OK

9/23/2022 11:52 AM CommandSyncBox  TX=BDELAY 0m

9/23/2022 11:52 AM ResponseSyncBox  RX=OK

9/23/2022 11:52 AM CommandSyncBox  TX=CDELAY 0m

9/23/2022 11:52 AM ResponseSyncBox  RX=OK

9/23/2022 11:52 AM CommandSyncBox  TX=DDELAY 0m

9/23/2022 11:52 AM ResponseSyncBox  RX=OK

9/23/2022 11:52 AM CommandSyncBox  TX=AWIDTH 200m

9/23/2022 11:52 AM ResponseSyncBox  RX=OK

9/23/2022 11:52 AM CommandSyncBox  TX=BWIDTH 200m

9/23/2022 11:52 AM ResponseSyncBox  RX=OK

9/23/2022 11:52 AM CommandSyncBox  TX=CWIDTH 200m

9/23/2022 11:52 AM ResponseSyncBox  RX=OK

9/23/2022 11:52 AM CommandSyncBox  TX=DWIDTH 200m

9/23/2022 11:52 AM ResponseSyncBox  RX=OK

9/23/2022 11:52 AM CommandSyncBox  TX=aset on

9/23/2022 11:52 AM ResponseSyncBox  RX=OK

9/23/2022 11:52 AM CommandSyncBox  TX=bset on

9/23/2022 11:52 AM ResponseSyncBox  RX=OK

9/23/2022 11:52 AM CommandSyncBox  TX=cset on

9/23/2022 11:52 AM ResponseSyncBox  RX=OK

9/23/2022 11:52 AM CommandSyncBox  TX=dset on

9/23/2022 11:52 AM ResponseSyncBox  RX=OK

9/23/2022 11:52 AM CommandSyncBox  TX=IN

9/23/2022 11:52 AM ResponseSyncBox  RX=OK

9/23/2022 11:52 AM CommandAcquisChA  TX=EXPOSE
9/23/2022 11:52 AM CommandAcquisChB  TX=EXPOSE
9/23/2022 11:52 AM CommandAcquisChC  TX=EXPOSE
9/23/2022 11:52 AM CommandSyncBox  TX=TRigger REmote

9/23/2022 11:52 AM ResponseSyncBox  RX=OK

9/23/2022 11:52 AM CommandSyncBox  TX=IN

9/23/2022 11:52 AM ResponseSyncBox  RX=OK

9/23/2022 11:52 AM CommandSyncBox  TX=TRigger

9/23/2022 11:52 AM ResponseSyncBox  RX=Trig   REM  50R  Level 1.250   Div   0,000,000,000  SYN 00,010,000.00

9/23/2022 11:52 AM CommandSyncBox  TX=FIre

9/23/2022 11:52 AM ResponseSyncBox  RX=OK

