8/19/2022 11:52 AM CommandAcquisChA  TX=WRITE_SETUP {"ACQUISITION_MODE":3,"TRIGGER_MODE":2,"READ_MODE":4,"PREAMP":0,"READOUT_RATE":0,"VERTICAL_SHIFT_SPEED":3,"EM_MODE":1,"EM_GAIN":2,"SHUTTER_MODE":2,"SHUTTER_TTL":0,"SHUTTER_OPENING_TIME":1,"SHUTTER_CLOSING_TIME":1,"VBIN":1,"HBIN":1,"INITIAL_LINE":1,"INITIAL_COLUMN":1,"FINAL_LINE":1024,"FINAL_COLUMN":1024,"FRAME_TRANSFER":true,"VERTICAL_CLOCK_VOLTAGE":0,"AD_CHANNEL":0}
8/19/2022 11:52 AM CommandAcquisChB  TX=WRITE_SETUP {"ACQUISITION_MODE":3,"TRIGGER_MODE":1,"READ_MODE":0,"PREAMP":0,"READOUT_RATE":0,"VERTICAL_SHIFT_SPEED":0,"EM_MODE":1,"EM_GAIN":2,"SHUTTER_MODE":2,"SHUTTER_TTL":0,"SHUTTER_OPENING_TIME":1,"SHUTTER_CLOSING_TIME":1,"VBIN":1,"HBIN":1,"INITIAL_LINE":1,"INITIAL_COLUMN":1,"FINAL_LINE":1024,"FINAL_COLUMN":1024,"FRAME_TRANSFER":true,"VERTICAL_CLOCK_VOLTAGE":0,"AD_CHANNEL":0}
8/19/2022 11:52 AM CommandAcquisChC  TX=WRITE_SETUP {"ACQUISITION_MODE":3,"TRIGGER_MODE":1,"READ_MODE":0,"PREAMP":0,"READOUT_RATE":0,"VERTICAL_SHIFT_SPEED":0,"EM_MODE":1,"EM_GAIN":2,"SHUTTER_MODE":2,"SHUTTER_TTL":0,"SHUTTER_OPENING_TIME":1,"SHUTTER_CLOSING_TIME":1,"VBIN":1,"HBIN":1,"INITIAL_LINE":1,"INITIAL_COLUMN":1,"FINAL_LINE":1024,"FINAL_COLUMN":1024,"FRAME_TRANSFER":true,"VERTICAL_CLOCK_VOLTAGE":0,"AD_CHANNEL":0}
8/19/2022 11:52 AM CommandAcquisChD  TX=WRITE_SETUP {"ACQUISITION_MODE":3,"TRIGGER_MODE":1,"READ_MODE":0,"PREAMP":0,"READOUT_RATE":0,"VERTICAL_SHIFT_SPEED":0,"EM_MODE":1,"EM_GAIN":2,"SHUTTER_MODE":2,"SHUTTER_TTL":0,"SHUTTER_OPENING_TIME":1,"SHUTTER_CLOSING_TIME":1,"VBIN":1,"HBIN":1,"INITIAL_LINE":1,"INITIAL_COLUMN":1,"FINAL_LINE":1024,"FINAL_COLUMN":1024,"FRAME_TRANSFER":true,"VERTICAL_CLOCK_VOLTAGE":0,"AD_CHANNEL":0}
8/19/2022 11:52 AM CommandSyncBox  TX=ADELAY 1000m

8/19/2022 11:52 AM ResponseSyncBox  RX=OK

8/19/2022 11:52 AM CommandSyncBox  TX=BDELAY 1500m

8/19/2022 11:52 AM ResponseSyncBox  RX=OK

8/19/2022 11:52 AM CommandSyncBox  TX=CDELAY 2000m

8/19/2022 11:52 AM ResponseSyncBox  RX=OK

8/19/2022 11:52 AM CommandSyncBox  TX=DDELAY 2500m

8/19/2022 11:52 AM ResponseSyncBox  RX=OK

8/19/2022 11:52 AM CommandSyncBox  TX=AWIDTH 200m

8/19/2022 11:52 AM ResponseSyncBox  RX=OK

8/19/2022 11:52 AM CommandSyncBox  TX=BWIDTH 200m

8/19/2022 11:52 AM ResponseSyncBox  RX=OK

8/19/2022 11:52 AM CommandSyncBox  TX=CWIDTH 200m

8/19/2022 11:52 AM ResponseSyncBox  RX=OK

8/19/2022 11:52 AM CommandSyncBox  TX=DWIDTH 200m

8/19/2022 11:52 AM ResponseSyncBox  RX=OK

8/19/2022 11:52 AM CommandSyncBox  TX=aset on

8/19/2022 11:52 AM ResponseSyncBox  RX=OK

8/19/2022 11:52 AM CommandSyncBox  TX=bset on

8/19/2022 11:52 AM ResponseSyncBox  RX=OK

8/19/2022 11:52 AM CommandSyncBox  TX=cset on

8/19/2022 11:52 AM ResponseSyncBox  RX=OK

8/19/2022 11:52 AM CommandSyncBox  TX=dset on

8/19/2022 11:52 AM ResponseSyncBox  RX=OK

8/19/2022 11:52 AM CommandSyncBox  TX=IN

8/19/2022 11:52 AM ResponseSyncBox  RX=OK

8/19/2022 11:52 AM CommandAcquisChA  TX=READ_SETUP 
8/19/2022 11:52 AM CommandAcquisChB  TX=READ_SETUP 
8/19/2022 11:52 AM CommandAcquisChC  TX=READ_SETUP 
8/19/2022 11:52 AM CommandAcquisChD  TX=READ_SETUP 
8/19/2022 11:52 AM CommandAcquisChA  TX=SET COOLER_POWER_STATUS 0
8/19/2022 11:52 AM CommandAcquisChB  TX=SET COOLER_POWER_STATUS 0
8/19/2022 11:52 AM CommandAcquisChC  TX=SET COOLER_POWER_STATUS 0
8/19/2022 11:52 AM CommandAcquisChD  TX=SET COOLER_POWER_STATUS 0
8/19/2022 11:52 AM CommandSyncBox  TX=TRigger POs

8/19/2022 11:52 AM ResponseSyncBox  RX=OK

8/19/2022 11:52 AM CommandSyncBox  TX=IN

8/19/2022 11:52 AM ResponseSyncBox  RX=OK

8/19/2022 11:52 AM CommandSyncBox  TX=TRigger

8/19/2022 11:52 AM ResponseSyncBox  RX=Trig   POS  HIZ  Level 1.250   Div   0,000,000,000  SYN 00,010,000.00

8/19/2022 11:52 AM CommandSyncBox  TX=FIre

8/19/2022 11:52 AM ResponseSyncBox  RX=OK

8/19/2022 11:52 AM CommandSyncBox  TX=TRigger REmote

8/19/2022 11:52 AM ResponseSyncBox  RX=OK

8/19/2022 11:52 AM CommandSyncBox  TX=IN

8/19/2022 11:52 AM ResponseSyncBox  RX=OK

8/19/2022 11:52 AM CommandSyncBox  TX=TRigger

8/19/2022 11:52 AM ResponseSyncBox  RX=Trig   REM  HIZ  Level 1.250   Div   0,000,000,000  SYN 00,010,000.00

8/19/2022 11:52 AM CommandSyncBox  TX=FIre

8/19/2022 11:52 AM ResponseSyncBox  RX=OK

8/19/2022 11:54 AM CommandSyncBox  TX=ADELAY 0m

8/19/2022 11:54 AM ResponseSyncBox  RX=OK

8/19/2022 11:54 AM CommandSyncBox  TX=BDELAY 1000m

8/19/2022 11:54 AM ResponseSyncBox  RX=OK

8/19/2022 11:54 AM CommandSyncBox  TX=CDELAY 2000m

8/19/2022 11:54 AM ResponseSyncBox  RX=OK

8/19/2022 11:54 AM CommandSyncBox  TX=DDELAY 3000m

8/19/2022 11:54 AM ResponseSyncBox  RX=OK

8/19/2022 11:54 AM CommandSyncBox  TX=AWIDTH 300m

8/19/2022 11:54 AM ResponseSyncBox  RX=OK

8/19/2022 11:54 AM CommandSyncBox  TX=BWIDTH 300m

8/19/2022 11:54 AM ResponseSyncBox  RX=OK

8/19/2022 11:54 AM CommandSyncBox  TX=CWIDTH 300m

8/19/2022 11:54 AM ResponseSyncBox  RX=OK

8/19/2022 11:54 AM CommandSyncBox  TX=DWIDTH 300m

8/19/2022 11:54 AM ResponseSyncBox  RX=OK

8/19/2022 11:54 AM CommandSyncBox  TX=aset on

8/19/2022 11:54 AM ResponseSyncBox  RX=OK

8/19/2022 11:54 AM CommandSyncBox  TX=bset on

8/19/2022 11:54 AM ResponseSyncBox  RX=OK

8/19/2022 11:54 AM CommandSyncBox  TX=cset on

8/19/2022 11:54 AM ResponseSyncBox  RX=OK

8/19/2022 11:54 AM CommandSyncBox  TX=dset on

8/19/2022 11:54 AM ResponseSyncBox  RX=OK

8/19/2022 11:54 AM CommandSyncBox  TX=IN

8/19/2022 11:54 AM ResponseSyncBox  RX=OK

8/19/2022 11:55 AM CommandSyncBox  TX=ADELAY 0m

8/19/2022 11:55 AM ResponseSyncBox  RX=OK

8/19/2022 11:55 AM CommandSyncBox  TX=BDELAY 500m

8/19/2022 11:55 AM ResponseSyncBox  RX=OK

8/19/2022 11:55 AM CommandSyncBox  TX=CDELAY 1000m

8/19/2022 11:55 AM ResponseSyncBox  RX=OK

8/19/2022 11:55 AM CommandSyncBox  TX=DDELAY 1500m

8/19/2022 11:55 AM ResponseSyncBox  RX=OK

8/19/2022 11:55 AM CommandSyncBox  TX=AWIDTH 250m

8/19/2022 11:55 AM ResponseSyncBox  RX=OK

8/19/2022 11:55 AM CommandSyncBox  TX=BWIDTH 250m

8/19/2022 11:55 AM ResponseSyncBox  RX=OK

8/19/2022 11:55 AM CommandSyncBox  TX=CWIDTH 250m

8/19/2022 11:55 AM ResponseSyncBox  RX=OK

8/19/2022 11:55 AM CommandSyncBox  TX=DWIDTH 250m

8/19/2022 11:55 AM ResponseSyncBox  RX=OK

8/19/2022 11:55 AM CommandSyncBox  TX=aset on

8/19/2022 11:55 AM ResponseSyncBox  RX=OK

8/19/2022 11:55 AM CommandSyncBox  TX=bset on

8/19/2022 11:55 AM ResponseSyncBox  RX=OK

8/19/2022 11:55 AM CommandSyncBox  TX=cset on

8/19/2022 11:55 AM ResponseSyncBox  RX=OK

8/19/2022 11:55 AM CommandSyncBox  TX=dset on

8/19/2022 11:55 AM ResponseSyncBox  RX=OK

8/19/2022 11:55 AM CommandSyncBox  TX=IN

8/19/2022 11:55 AM ResponseSyncBox  RX=OK

8/19/2022 11:56 AM CommandSyncBox  TX=FIre

8/19/2022 11:56 AM ResponseSyncBox  RX=OK

8/19/2022 11:56 AM CommandSyncBox  TX=FIre

8/19/2022 11:56 AM ResponseSyncBox  RX=OK

