8/19/2022 3:06 PM CommandAcquisChA  TX=WRITE_SETUP {"ACQUISITION_MODE":3,"TRIGGER_MODE":2,"READ_MODE":4,"PREAMP":0,"READOUT_RATE":0,"VERTICAL_SHIFT_SPEED":3,"EM_MODE":1,"EM_GAIN":2,"SHUTTER_MODE":2,"SHUTTER_TTL":0,"SHUTTER_OPENING_TIME":1,"SHUTTER_CLOSING_TIME":1,"VBIN":1,"HBIN":1,"INITIAL_LINE":1,"INITIAL_COLUMN":1,"FINAL_LINE":1024,"FINAL_COLUMN":1024,"FRAME_TRANSFER":true,"VERTICAL_CLOCK_VOLTAGE":0,"AD_CHANNEL":0}
8/19/2022 3:06 PM CommandAcquisChB  TX=WRITE_SETUP {"ACQUISITION_MODE":3,"TRIGGER_MODE":1,"READ_MODE":0,"PREAMP":0,"READOUT_RATE":0,"VERTICAL_SHIFT_SPEED":0,"EM_MODE":1,"EM_GAIN":2,"SHUTTER_MODE":2,"SHUTTER_TTL":0,"SHUTTER_OPENING_TIME":1,"SHUTTER_CLOSING_TIME":1,"VBIN":1,"HBIN":1,"INITIAL_LINE":1,"INITIAL_COLUMN":1,"FINAL_LINE":1024,"FINAL_COLUMN":1024,"FRAME_TRANSFER":true,"VERTICAL_CLOCK_VOLTAGE":0,"AD_CHANNEL":0}
8/19/2022 3:06 PM CommandAcquisChC  TX=WRITE_SETUP {"ACQUISITION_MODE":3,"TRIGGER_MODE":1,"READ_MODE":0,"PREAMP":0,"READOUT_RATE":0,"VERTICAL_SHIFT_SPEED":0,"EM_MODE":1,"EM_GAIN":2,"SHUTTER_MODE":2,"SHUTTER_TTL":0,"SHUTTER_OPENING_TIME":1,"SHUTTER_CLOSING_TIME":1,"VBIN":1,"HBIN":1,"INITIAL_LINE":1,"INITIAL_COLUMN":1,"FINAL_LINE":1024,"FINAL_COLUMN":1024,"FRAME_TRANSFER":true,"VERTICAL_CLOCK_VOLTAGE":0,"AD_CHANNEL":0}
8/19/2022 3:06 PM CommandAcquisChD  TX=WRITE_SETUP {"ACQUISITION_MODE":3,"TRIGGER_MODE":1,"READ_MODE":0,"PREAMP":0,"READOUT_RATE":0,"VERTICAL_SHIFT_SPEED":0,"EM_MODE":1,"EM_GAIN":2,"SHUTTER_MODE":2,"SHUTTER_TTL":0,"SHUTTER_OPENING_TIME":1,"SHUTTER_CLOSING_TIME":1,"VBIN":1,"HBIN":1,"INITIAL_LINE":1,"INITIAL_COLUMN":1,"FINAL_LINE":1024,"FINAL_COLUMN":1024,"FRAME_TRANSFER":true,"VERTICAL_CLOCK_VOLTAGE":0,"AD_CHANNEL":0}
8/19/2022 3:06 PM CommandSyncBox  TX=ADELAY 1000m

8/19/2022 3:06 PM ResponseSyncBox  RX=OK

8/19/2022 3:06 PM CommandSyncBox  TX=BDELAY 1500m

8/19/2022 3:06 PM ResponseSyncBox  RX=OK

8/19/2022 3:06 PM CommandSyncBox  TX=CDELAY 2000m

8/19/2022 3:06 PM ResponseSyncBox  RX=OK

8/19/2022 3:06 PM CommandSyncBox  TX=DDELAY 2500m

8/19/2022 3:06 PM ResponseSyncBox  RX=OK

8/19/2022 3:06 PM CommandSyncBox  TX=AWIDTH 200m

8/19/2022 3:06 PM ResponseSyncBox  RX=OK

8/19/2022 3:06 PM CommandSyncBox  TX=BWIDTH 200m

8/19/2022 3:06 PM ResponseSyncBox  RX=OK

8/19/2022 3:06 PM CommandSyncBox  TX=CWIDTH 200m

8/19/2022 3:06 PM ResponseSyncBox  RX=OK

8/19/2022 3:06 PM CommandSyncBox  TX=DWIDTH 200m

8/19/2022 3:06 PM ResponseSyncBox  RX=OK

8/19/2022 3:06 PM CommandSyncBox  TX=aset on

8/19/2022 3:06 PM ResponseSyncBox  RX=OK

8/19/2022 3:06 PM CommandSyncBox  TX=bset on

8/19/2022 3:06 PM ResponseSyncBox  RX=OK

8/19/2022 3:06 PM CommandSyncBox  TX=cset on

8/19/2022 3:06 PM ResponseSyncBox  RX=OK

8/19/2022 3:06 PM CommandSyncBox  TX=dset on

8/19/2022 3:06 PM ResponseSyncBox  RX=OK

8/19/2022 3:06 PM CommandSyncBox  TX=IN

8/19/2022 3:06 PM ResponseSyncBox  RX=OK

8/19/2022 3:06 PM CommandAcquisChA  TX=READ_SETUP 
8/19/2022 3:06 PM CommandAcquisChB  TX=READ_SETUP 
8/19/2022 3:06 PM CommandAcquisChC  TX=READ_SETUP 
8/19/2022 3:06 PM CommandAcquisChD  TX=READ_SETUP 
8/19/2022 3:06 PM CommandAcquisChA  TX=SET COOLER_POWER_STATUS 0
8/19/2022 3:06 PM CommandAcquisChB  TX=SET COOLER_POWER_STATUS 0
8/19/2022 3:06 PM CommandAcquisChC  TX=SET COOLER_POWER_STATUS 0
8/19/2022 3:06 PM CommandAcquisChD  TX=SET COOLER_POWER_STATUS 0
8/19/2022 3:07 PM CommandInstrument  TX=S4ICS WPROT NONE NONE,WPSEL INIT NONE,GMIR NONE NONE,GFOC NONE NONE,CALW NONE NONE,ASEL NONE NONE

8/19/2022 3:07 PM ResponseInstrument  RX=WPSEL WAITING ACK 0 NONE -1, WPROT WAITING BUSY 0 NONE -1, CALW WAITING NONE 0 NONE -1, ASEL WAITING NONE 0 NONE -1, GMIR WAITING NONE 0 NONE -1, GFOC WAITING NONE 0 NONE -1

8/19/2022 3:07 PM CommandInstrument  TX=S4ICS WPROT NONE NONE,WPSEL NONE NONE,GMIR NONE NONE,GFOC NONE NONE,CALW INIT NONE,ASEL NONE NONE

8/19/2022 3:07 PM ResponseInstrument  RX=WPSEL WAITING BUSY -13 NONE -1, WPROT WAITING BUSY 0 NONE -1, CALW WAITING ACK 0 NONE -1, ASEL WAITING BUSY 0 NONE -1, GMIR WAITING NONE 0 NONE -1, GFOC WAITING NONE 0 NONE -1

8/19/2022 3:07 PM CommandInstrument  TX=S4ICS WPROT NONE NONE,WPSEL NONE NONE,GMIR INIT NONE,GFOC NONE NONE,CALW NONE NONE,ASEL NONE NONE

8/19/2022 3:07 PM ResponseInstrument  RX=WPSEL WAITING BUSY -31 NONE -1, WPROT WAITING BUSY 0 NONE -1, CALW WAITING BUSY -29 NONE -1, ASEL WAITING BUSY 0 NONE -1, GMIR WAITING ACK 0 NONE -1, GFOC WAITING BUSY 0 NONE -1

8/19/2022 3:07 PM CommandInstrument  TX=S4ICS WPROT INIT NONE,WPSEL NONE NONE,GMIR NONE NONE,GFOC NONE NONE,CALW NONE NONE,ASEL NONE NONE

8/19/2022 3:07 PM ResponseInstrument  RX=WPSEL SIMULATED BUSY 0 HOME 0, WPROT WAITING ACK 0 NONE -1, CALW SIMULATED READY 0.0 HOME 0, ASEL WAITING NONE 0 NONE -1, GMIR SIMULATED READY 0.0 HOME 0, GFOC WAITING NONE 0 NONE -1

8/19/2022 3:07 PM CommandInstrument  TX=S4ICS WPROT NONE NONE,WPSEL NONE NONE,GMIR NONE NONE,GFOC INIT NONE,CALW NONE NONE,ASEL INIT NONE

8/19/2022 3:07 PM ResponseInstrument  RX=WPSEL SIMULATED BUSY 0 HOME 0, WPROT WAITING BUSY -46 NONE -1, CALW SIMULATED BUSY 0.0 HOME 0, ASEL WAITING ACK 0 NONE -1, GMIR SIMULATED BUSY 0.0 HOME 0, GFOC WAITING ACK 0 NONE -1

8/19/2022 3:08 PM CommandInstrument  TX=S4ICS WPROT NONE NONE,WPSEL GOTO OFF,GMIR NONE NONE,GFOC NONE NONE,CALW GOTO OFF,ASEL GOTO OFF

8/19/2022 3:08 PM ResponseInstrument  RX=WPSEL SIMULATED ACK 0 HOME 0, WPROT SIMULATED BUSY 30.0 HOME 0, CALW SIMULATED ACK 0.0 HOME 0, ASEL SIMULATED ACK 0.0 HOME 0, GMIR SIMULATED READY 0.0 HOME 0, GFOC SIMULATED READY 0.0 HOME 0

8/19/2022 3:08 PM CommandSyncBox  TX=FIre

8/19/2022 3:08 PM ResponseSyncBox  RX=OK

8/19/2022 3:12 PM CommandSyncBox  TX=FIre

8/19/2022 3:12 PM ResponseSyncBox  RX=OK

8/19/2022 3:21 PM CommandSyncBox  TX=FIre

8/19/2022 3:21 PM ResponseSyncBox  RX=OK

8/19/2022 3:21 PM CommandSyncBox  TX=FIre

8/19/2022 3:21 PM ResponseSyncBox  RX=OK

8/19/2022 3:21 PM CommandSyncBox  TX=FIre

8/19/2022 3:21 PM ResponseSyncBox  RX=OK

8/19/2022 3:23 PM CommandSyncBox  TX=FIre

8/19/2022 3:23 PM ResponseSyncBox  RX=OK

8/19/2022 3:24 PM CommandSyncBox  TX=ADELAY 0m

8/19/2022 3:24 PM ResponseSyncBox  RX=OK

8/19/2022 3:24 PM CommandSyncBox  TX=BDELAY 0m

8/19/2022 3:24 PM ResponseSyncBox  RX=OK

8/19/2022 3:24 PM CommandSyncBox  TX=CDELAY 0m

8/19/2022 3:24 PM ResponseSyncBox  RX=OK

8/19/2022 3:24 PM CommandSyncBox  TX=DDELAY 0m

8/19/2022 3:24 PM ResponseSyncBox  RX=OK

8/19/2022 3:24 PM CommandSyncBox  TX=AWIDTH 500m

8/19/2022 3:24 PM ResponseSyncBox  RX=OK

8/19/2022 3:24 PM CommandSyncBox  TX=BWIDTH 500m

8/19/2022 3:24 PM ResponseSyncBox  RX=OK

8/19/2022 3:24 PM CommandSyncBox  TX=CWIDTH 500m

8/19/2022 3:24 PM ResponseSyncBox  RX=OK

8/19/2022 3:24 PM CommandSyncBox  TX=DWIDTH 500m

8/19/2022 3:24 PM ResponseSyncBox  RX=OK

8/19/2022 3:24 PM CommandSyncBox  TX=aset on

8/19/2022 3:24 PM ResponseSyncBox  RX=OK

8/19/2022 3:24 PM CommandSyncBox  TX=bset on

8/19/2022 3:24 PM ResponseSyncBox  RX=OK

8/19/2022 3:24 PM CommandSyncBox  TX=cset on

8/19/2022 3:24 PM ResponseSyncBox  RX=OK

8/19/2022 3:24 PM CommandSyncBox  TX=dset on

8/19/2022 3:24 PM ResponseSyncBox  RX=OK

8/19/2022 3:24 PM CommandSyncBox  TX=IN

8/19/2022 3:24 PM ResponseSyncBox  RX=OK

8/19/2022 3:24 PM CommandSyncBox  TX=FIre

8/19/2022 3:24 PM ResponseSyncBox  RX=OK

8/19/2022 3:24 PM CommandSyncBox  TX=FIre

8/19/2022 3:24 PM ResponseSyncBox  RX=OK

8/19/2022 3:24 PM CommandSyncBox  TX=ADELAY 0m

8/19/2022 3:24 PM ResponseSyncBox  RX=OK

8/19/2022 3:24 PM CommandSyncBox  TX=BDELAY 0m

8/19/2022 3:24 PM ResponseSyncBox  RX=OK

8/19/2022 3:24 PM CommandSyncBox  TX=CDELAY 0m

8/19/2022 3:24 PM ResponseSyncBox  RX=OK

8/19/2022 3:24 PM CommandSyncBox  TX=DDELAY 0m

8/19/2022 3:24 PM ResponseSyncBox  RX=OK

8/19/2022 3:24 PM CommandSyncBox  TX=AWIDTH 1000m

8/19/2022 3:24 PM ResponseSyncBox  RX=OK

8/19/2022 3:24 PM CommandSyncBox  TX=BWIDTH 500m

8/19/2022 3:24 PM ResponseSyncBox  RX=OK

8/19/2022 3:24 PM CommandSyncBox  TX=CWIDTH 500m

8/19/2022 3:24 PM ResponseSyncBox  RX=OK

8/19/2022 3:24 PM CommandSyncBox  TX=DWIDTH 500m

8/19/2022 3:24 PM ResponseSyncBox  RX=OK

8/19/2022 3:24 PM CommandSyncBox  TX=aset on

8/19/2022 3:24 PM ResponseSyncBox  RX=OK

8/19/2022 3:24 PM CommandSyncBox  TX=bset on

8/19/2022 3:24 PM ResponseSyncBox  RX=OK

8/19/2022 3:24 PM CommandSyncBox  TX=cset on

8/19/2022 3:25 PM ResponseSyncBox  RX=OK

8/19/2022 3:25 PM CommandSyncBox  TX=dset on

8/19/2022 3:25 PM ResponseSyncBox  RX=OK

8/19/2022 3:25 PM CommandSyncBox  TX=IN

8/19/2022 3:25 PM ResponseSyncBox  RX=OK

8/19/2022 3:25 PM CommandSyncBox  TX=FIre

8/19/2022 3:25 PM ResponseSyncBox  RX=OK

8/19/2022 3:25 PM CommandSyncBox  TX=ADELAY 0m

8/19/2022 3:25 PM ResponseSyncBox  RX=OK

8/19/2022 3:25 PM CommandSyncBox  TX=BDELAY 0m

8/19/2022 3:25 PM ResponseSyncBox  RX=OK

8/19/2022 3:25 PM CommandSyncBox  TX=CDELAY 0m

8/19/2022 3:25 PM ResponseSyncBox  RX=OK

8/19/2022 3:25 PM CommandSyncBox  TX=DDELAY 0m

8/19/2022 3:25 PM ResponseSyncBox  RX=OK

8/19/2022 3:25 PM CommandSyncBox  TX=AWIDTH 200m

8/19/2022 3:25 PM ResponseSyncBox  RX=OK

8/19/2022 3:25 PM CommandSyncBox  TX=BWIDTH 500m

8/19/2022 3:25 PM ResponseSyncBox  RX=OK

8/19/2022 3:25 PM CommandSyncBox  TX=CWIDTH 500m

8/19/2022 3:25 PM ResponseSyncBox  RX=OK

8/19/2022 3:25 PM CommandSyncBox  TX=DWIDTH 500m

8/19/2022 3:25 PM ResponseSyncBox  RX=OK

8/19/2022 3:25 PM CommandSyncBox  TX=aset on

8/19/2022 3:25 PM ResponseSyncBox  RX=OK

8/19/2022 3:25 PM CommandSyncBox  TX=bset on

8/19/2022 3:25 PM ResponseSyncBox  RX=OK

8/19/2022 3:25 PM CommandSyncBox  TX=cset on

8/19/2022 3:25 PM ResponseSyncBox  RX=OK

8/19/2022 3:25 PM CommandSyncBox  TX=dset on

8/19/2022 3:25 PM ResponseSyncBox  RX=OK

8/19/2022 3:25 PM CommandSyncBox  TX=IN

8/19/2022 3:25 PM ResponseSyncBox  RX=OK

8/19/2022 3:25 PM CommandSyncBox  TX=FIre

8/19/2022 3:25 PM ResponseSyncBox  RX=OK

