11/9/2022 5:20 PM CommandAcquisChA  TX=WRITE_SETUP {"ACQUISITION_MODE":3,"TRIGGER_MODE":0,"READ_MODE":4,"PREAMP":0,"READOUT_RATE":0,"VERTICAL_SHIFT_SPEED":3,"EM_MODE":1,"EM_GAIN":2,"SHUTTER_MODE":1,"SHUTTER_TTL":0,"SHUTTER_OPENING_TIME":1,"SHUTTER_CLOSING_TIME":1,"VBIN":1,"HBIN":1,"INITIAL_LINE":1,"INITIAL_COLUMN":1,"FINAL_LINE":1024,"FINAL_COLUMN":1024,"FRAME_TRANSFER":true,"VERTICAL_CLOCK_VOLTAGE":0,"AD_CHANNEL":0}
11/9/2022 5:20 PM CommandAcquisChB  TX=WRITE_SETUP {"ACQUISITION_MODE":3,"TRIGGER_MODE":0,"READ_MODE":4,"PREAMP":0,"READOUT_RATE":0,"VERTICAL_SHIFT_SPEED":3,"EM_MODE":1,"EM_GAIN":2,"SHUTTER_MODE":1,"SHUTTER_TTL":0,"SHUTTER_OPENING_TIME":1,"SHUTTER_CLOSING_TIME":1,"VBIN":1,"HBIN":1,"INITIAL_LINE":1,"INITIAL_COLUMN":1,"FINAL_LINE":1024,"FINAL_COLUMN":1024,"FRAME_TRANSFER":true,"VERTICAL_CLOCK_VOLTAGE":0,"AD_CHANNEL":0}
11/9/2022 5:20 PM CommandAcquisChC  TX=WRITE_SETUP {"ACQUISITION_MODE":3,"TRIGGER_MODE":0,"READ_MODE":4,"PREAMP":0,"READOUT_RATE":0,"VERTICAL_SHIFT_SPEED":3,"EM_MODE":1,"EM_GAIN":2,"SHUTTER_MODE":1,"SHUTTER_TTL":0,"SHUTTER_OPENING_TIME":1,"SHUTTER_CLOSING_TIME":1,"VBIN":1,"HBIN":1,"INITIAL_LINE":1,"INITIAL_COLUMN":1,"FINAL_LINE":1024,"FINAL_COLUMN":1024,"FRAME_TRANSFER":true,"VERTICAL_CLOCK_VOLTAGE":0,"AD_CHANNEL":0}
11/9/2022 5:20 PM CommandAcquisChD  TX=WRITE_SETUP {"ACQUISITION_MODE":3,"TRIGGER_MODE":0,"READ_MODE":4,"PREAMP":0,"READOUT_RATE":0,"VERTICAL_SHIFT_SPEED":3,"EM_MODE":1,"EM_GAIN":2,"SHUTTER_MODE":1,"SHUTTER_TTL":0,"SHUTTER_OPENING_TIME":1,"SHUTTER_CLOSING_TIME":1,"VBIN":1,"HBIN":1,"INITIAL_LINE":1,"INITIAL_COLUMN":1,"FINAL_LINE":1024,"FINAL_COLUMN":1024,"FRAME_TRANSFER":true,"VERTICAL_CLOCK_VOLTAGE":0,"AD_CHANNEL":0}
11/9/2022 5:20 PM CommandSyncBox  TX=ADELAY 0m

11/9/2022 5:20 PM CommandAcquisChA  TX=READ_SETUP 
11/9/2022 5:20 PM CommandAcquisChB  TX=READ_SETUP 
11/9/2022 5:20 PM CommandAcquisChC  TX=READ_SETUP 
11/9/2022 5:20 PM CommandAcquisChD  TX=READ_SETUP 
11/9/2022 5:20 PM ResponseAcquisChC  RX={"PREAMP":0,"READOUT_RATE":0,"EM_GAIN":2,"VERTICAL_SHIFT_SPEED":3,"READ_MODE":4,"FRAME_TRANSFER":true,"VERTICAL_CLOCK_VOLTAGE":0,"ACQUISITION_MODE":3,"AD_CHANNEL":0,"EM_MODE":1,"SHUTTER_TTL":0,"SHUTTER_OPENING_TIME":1,"SHUTTER_CLOSING_TIME":1,"SHUTTER_MODE":1,"TRIGGER_MODE":0,"VBIN":1,"INITIAL_LINE":1,"INITIAL_COLUMN":1,"FINAL_LINE":1024,"FINAL_COLUMN":1024,"HBIN":1}
11/9/2022 5:20 PM ResponseAcquisChD  RX={"PREAMP":0,"READOUT_RATE":0,"EM_GAIN":2,"VERTICAL_SHIFT_SPEED":3,"READ_MODE":4,"FRAME_TRANSFER":true,"VERTICAL_CLOCK_VOLTAGE":0,"ACQUISITION_MODE":3,"AD_CHANNEL":0,"EM_MODE":1,"SHUTTER_TTL":0,"SHUTTER_OPENING_TIME":1,"SHUTTER_CLOSING_TIME":1,"SHUTTER_MODE":1,"TRIGGER_MODE":0,"VBIN":1,"INITIAL_LINE":1,"INITIAL_COLUMN":1,"FINAL_LINE":1024,"FINAL_COLUMN":1024,"HBIN":1}
11/9/2022 5:20 PM ResponseAcquisChA  RX={"PREAMP":0,"READOUT_RATE":0,"EM_GAIN":2,"VERTICAL_SHIFT_SPEED":3,"READ_MODE":4,"FRAME_TRANSFER":true,"VERTICAL_CLOCK_VOLTAGE":0,"ACQUISITION_MODE":3,"AD_CHANNEL":0,"EM_MODE":1,"SHUTTER_TTL":0,"SHUTTER_OPENING_TIME":1,"SHUTTER_CLOSING_TIME":1,"SHUTTER_MODE":1,"TRIGGER_MODE":0,"VBIN":1,"INITIAL_LINE":1,"INITIAL_COLUMN":1,"FINAL_LINE":1024,"FINAL_COLUMN":1024,"HBIN":1}
11/9/2022 5:20 PM ResponseAcquisChB  RX={"PREAMP":0,"READOUT_RATE":0,"EM_GAIN":2,"VERTICAL_SHIFT_SPEED":3,"READ_MODE":4,"FRAME_TRANSFER":true,"VERTICAL_CLOCK_VOLTAGE":0,"ACQUISITION_MODE":3,"AD_CHANNEL":0,"EM_MODE":1,"SHUTTER_TTL":0,"SHUTTER_OPENING_TIME":1,"SHUTTER_CLOSING_TIME":1,"SHUTTER_MODE":1,"TRIGGER_MODE":0,"VBIN":1,"INITIAL_LINE":1,"INITIAL_COLUMN":1,"FINAL_LINE":1024,"FINAL_COLUMN":1024,"HBIN":1}
11/9/2022 5:20 PM CommandAcquisChC  TX=SET TEMP -70
11/9/2022 5:20 PM CommandAcquisChD  TX=SET TEMP -70
11/9/2022 5:20 PM CommandAcquisChA  TX=SET TEMP -70
11/9/2022 5:20 PM CommandAcquisChB  TX=SET TEMP -70
11/9/2022 5:20 PM CommandAcquisChC  TX=SET COOLER_POWER_STATUS 1
11/9/2022 5:20 PM CommandAcquisChD  TX=SET COOLER_POWER_STATUS 1
11/9/2022 5:20 PM ResponseAcquisChA  RX=DONE
11/9/2022 5:20 PM CommandAcquisChA  TX=SET COOLER_POWER_STATUS 1
11/9/2022 5:20 PM CommandAcquisChB  TX=SET COOLER_POWER_STATUS 1
11/9/2022 5:20 PM ResponseAcquisChB  RX=DONE
11/9/2022 5:20 PM ResponseAcquisChC  RX=DONE
11/9/2022 5:20 PM ResponseAcquisChD  RX=DONE
11/9/2022 5:20 PM ResponseAcquisChA  RX=DONE
11/9/2022 5:20 PM ResponseAcquisChC  RX=DONE
11/9/2022 5:21 PM CommandInstrument  TX=S4ICS WPROT NONE NONE,WPSEL INIT NONE,GMIR INIT NONE,GFOC NONE NONE,CALW INIT NONE,ASEL NONE NONE

11/9/2022 5:21 PM ResponseInstrument  RX=WPROT SIMULATED NONE 0 NONE -1, WPSEL SIMULATED BUSY 0 NONE -1, ASEL SIMULATED NONE 0 NONE -1, CALW SIMULATED BUSY 0 NONE -1, GFOC SIMULATED NONE 0 NONE -1, GMIR SIMULATED BUSY 0 NONE -1

11/9/2022 5:22 PM CommandInstrument  TX=S4ICS WPROT NONE NONE,WPSEL GOTO L/2,GMIR NONE NONE,GFOC NONE NONE,CALW NONE NONE,ASEL NONE NONE

11/9/2022 5:22 PM ResponseInstrument  RX=WPROT SIMULATED NONE 0 NONE -1, WPSEL SIMULATED BUSY 50 HOME 0, ASEL SIMULATED NONE 0 NONE -1, CALW SIMULATED READY 0 HOME 0, GFOC SIMULATED NONE 0 NONE -1, GMIR SIMULATED READY 0 HOME 0

11/9/2022 5:22 PM CommandInstrument  TX=S4ICS WPROT INIT NONE,WPSEL NONE NONE,GMIR NONE NONE,GFOC INIT NONE,CALW NONE NONE,ASEL INIT NONE

11/9/2022 5:22 PM ResponseInstrument  RX=WPROT SIMULATED BUSY 0 NONE -1, WPSEL SIMULATED READY 0 L/2 2, ASEL SIMULATED BUSY 0 NONE -1, CALW SIMULATED READY 0 HOME 0, GFOC SIMULATED BUSY 0 NONE -1, GMIR SIMULATED READY 0 HOME 0

11/9/2022 5:22 PM CommandInstrument  TX=S4ICS WPROT NONE NONE,WPSEL GOTO CLEAR,GMIR NONE NONE,GFOC NONE NONE,CALW GOTO CLEAR,ASEL GOTO CLEAR

11/9/2022 5:22 PM ResponseInstrument  RX=WPROT SIMULATED READY 0 HOME 0, WPSEL SIMULATED BUSY 0 L/2 2, ASEL SIMULATED BUSY 0 HOME 0, CALW SIMULATED BUSY 0 HOME 0, GFOC SIMULATED READY 0 HOME 0, GMIR SIMULATED READY 0 HOME 0

11/9/2022 5:52 PM CommandAcquisChD  TX=SET COOLER_POWER_STATUS 1
11/9/2022 5:52 PM ResponseAcquisChD  RX=DONE
11/9/2022 5:52 PM CommandAcquisChD  TX=SET TEMP -68
11/9/2022 5:52 PM CommandAcquisChD  TX=SET COOLER_POWER_STATUS 1
11/9/2022 5:52 PM ResponseAcquisChD  RX=DONE
11/9/2022 5:52 PM CommandAcquisChD  TX=SET TEMP -69
11/9/2022 5:52 PM ResponseAcquisChD  RX=DONE
11/9/2022 5:52 PM CommandAcquisChD  TX=SET COOLER_POWER_STATUS 1
11/9/2022 5:52 PM ResponseAcquisChD  RX=DONE
11/9/2022 6:08 PM CommandAcquisChA  TX=WRITE_SETUP {"ACQUISITION_MODE":3,"TRIGGER_MODE":0,"READ_MODE":4,"PREAMP":0,"READOUT_RATE":0,"VERTICAL_SHIFT_SPEED":3,"EM_MODE":1,"EM_GAIN":2,"SHUTTER_MODE":2,"SHUTTER_TTL":0,"SHUTTER_OPENING_TIME":1,"SHUTTER_CLOSING_TIME":1,"VBIN":1,"HBIN":1,"INITIAL_LINE":1,"INITIAL_COLUMN":1,"FINAL_LINE":1024,"FINAL_COLUMN":1024,"FRAME_TRANSFER":true,"VERTICAL_CLOCK_VOLTAGE":0,"AD_CHANNEL":0}
11/9/2022 6:08 PM CommandAcquisChB  TX=WRITE_SETUP {"ACQUISITION_MODE":3,"TRIGGER_MODE":0,"READ_MODE":4,"PREAMP":0,"READOUT_RATE":0,"VERTICAL_SHIFT_SPEED":3,"EM_MODE":1,"EM_GAIN":2,"SHUTTER_MODE":2,"SHUTTER_TTL":0,"SHUTTER_OPENING_TIME":1,"SHUTTER_CLOSING_TIME":1,"VBIN":1,"HBIN":1,"INITIAL_LINE":1,"INITIAL_COLUMN":1,"FINAL_LINE":1024,"FINAL_COLUMN":1024,"FRAME_TRANSFER":true,"VERTICAL_CLOCK_VOLTAGE":0,"AD_CHANNEL":0}
11/9/2022 6:08 PM CommandAcquisChC  TX=WRITE_SETUP {"ACQUISITION_MODE":3,"TRIGGER_MODE":0,"READ_MODE":4,"PREAMP":0,"READOUT_RATE":0,"VERTICAL_SHIFT_SPEED":3,"EM_MODE":1,"EM_GAIN":2,"SHUTTER_MODE":2,"SHUTTER_TTL":0,"SHUTTER_OPENING_TIME":1,"SHUTTER_CLOSING_TIME":1,"VBIN":1,"HBIN":1,"INITIAL_LINE":1,"INITIAL_COLUMN":1,"FINAL_LINE":1024,"FINAL_COLUMN":1024,"FRAME_TRANSFER":true,"VERTICAL_CLOCK_VOLTAGE":0,"AD_CHANNEL":0}
11/9/2022 6:08 PM CommandAcquisChD  TX=WRITE_SETUP {"ACQUISITION_MODE":3,"TRIGGER_MODE":0,"READ_MODE":4,"PREAMP":0,"READOUT_RATE":0,"VERTICAL_SHIFT_SPEED":3,"EM_MODE":1,"EM_GAIN":2,"SHUTTER_MODE":2,"SHUTTER_TTL":0,"SHUTTER_OPENING_TIME":1,"SHUTTER_CLOSING_TIME":1,"VBIN":1,"HBIN":1,"INITIAL_LINE":1,"INITIAL_COLUMN":1,"FINAL_LINE":1024,"FINAL_COLUMN":1024,"FRAME_TRANSFER":true,"VERTICAL_CLOCK_VOLTAGE":0,"AD_CHANNEL":0}
11/9/2022 6:08 PM CommandAcquisChA  TX=READ_SETUP 
11/9/2022 6:08 PM CommandAcquisChB  TX=READ_SETUP 
11/9/2022 6:08 PM CommandAcquisChC  TX=READ_SETUP 
11/9/2022 6:08 PM CommandAcquisChD  TX=READ_SETUP 
11/9/2022 6:08 PM ResponseAcquisChA  RX={"PREAMP":0,"READOUT_RATE":0,"EM_GAIN":2,"VERTICAL_SHIFT_SPEED":3,"READ_MODE":4,"FRAME_TRANSFER":true,"VERTICAL_CLOCK_VOLTAGE":0,"ACQUISITION_MODE":3,"AD_CHANNEL":0,"EM_MODE":1,"SHUTTER_TTL":0,"SHUTTER_OPENING_TIME":1,"SHUTTER_CLOSING_TIME":1,"SHUTTER_MODE":2,"TRIGGER_MODE":0,"VBIN":1,"INITIAL_LINE":1,"INITIAL_COLUMN":1,"FINAL_LINE":1024,"FINAL_COLUMN":1024,"HBIN":1}
11/9/2022 6:08 PM ResponseAcquisChD  RX={"PREAMP":0,"READOUT_RATE":0,"EM_GAIN":2,"VERTICAL_SHIFT_SPEED":3,"READ_MODE":4,"FRAME_TRANSFER":true,"VERTICAL_CLOCK_VOLTAGE":0,"ACQUISITION_MODE":3,"AD_CHANNEL":0,"EM_MODE":1,"SHUTTER_TTL":0,"SHUTTER_OPENING_TIME":1,"SHUTTER_CLOSING_TIME":1,"SHUTTER_MODE":2,"TRIGGER_MODE":0,"VBIN":1,"INITIAL_LINE":1,"INITIAL_COLUMN":1,"FINAL_LINE":1024,"FINAL_COLUMN":1024,"HBIN":1}
11/9/2022 6:08 PM CommandAcquisChA  TX=SET TEMP -70
11/9/2022 6:08 PM ResponseAcquisChB  RX={"PREAMP":0,"READOUT_RATE":0,"EM_GAIN":2,"VERTICAL_SHIFT_SPEED":3,"READ_MODE":4,"FRAME_TRANSFER":true,"VERTICAL_CLOCK_VOLTAGE":0,"ACQUISITION_MODE":3,"AD_CHANNEL":0,"EM_MODE":1,"SHUTTER_TTL":0,"SHUTTER_OPENING_TIME":1,"SHUTTER_CLOSING_TIME":1,"SHUTTER_MODE":2,"TRIGGER_MODE":0,"VBIN":1,"INITIAL_LINE":1,"INITIAL_COLUMN":1,"FINAL_LINE":1024,"FINAL_COLUMN":1024,"HBIN":1}
11/9/2022 6:08 PM CommandAcquisChB  TX=SET TEMP -70
11/9/2022 6:08 PM ResponseAcquisChC  RX={"PREAMP":0,"READOUT_RATE":0,"EM_GAIN":2,"VERTICAL_SHIFT_SPEED":3,"READ_MODE":4,"FRAME_TRANSFER":true,"VERTICAL_CLOCK_VOLTAGE":0,"ACQUISITION_MODE":3,"AD_CHANNEL":0,"EM_MODE":1,"SHUTTER_TTL":0,"SHUTTER_OPENING_TIME":1,"SHUTTER_CLOSING_TIME":1,"SHUTTER_MODE":2,"TRIGGER_MODE":0,"VBIN":1,"INITIAL_LINE":1,"INITIAL_COLUMN":1,"FINAL_LINE":1024,"FINAL_COLUMN":1024,"HBIN":1}
11/9/2022 6:08 PM CommandAcquisChC  TX=SET TEMP -70
11/9/2022 6:08 PM CommandAcquisChD  TX=SET TEMP -69
11/9/2022 6:08 PM CommandAcquisChA  TX=SET COOLER_POWER_STATUS 1
11/9/2022 6:08 PM CommandAcquisChB  TX=SET COOLER_POWER_STATUS 1
11/9/2022 6:08 PM CommandAcquisChC  TX=SET COOLER_POWER_STATUS 1
11/9/2022 6:08 PM CommandAcquisChD  TX=SET COOLER_POWER_STATUS 1
11/9/2022 6:08 PM ResponseAcquisChA  RX=DONE
11/9/2022 6:08 PM ResponseAcquisChB  RX=DONE
11/9/2022 6:08 PM ResponseAcquisChC  RX=DONE
11/9/2022 6:08 PM ResponseAcquisChD  RX=DONE
11/9/2022 6:08 PM ResponseAcquisChD  RX=DONE
11/9/2022 6:08 PM CommandAcquisChA  TX=WRITE_SETUP {"ACQUISITION_MODE":3,"TRIGGER_MODE":0,"READ_MODE":4,"PREAMP":0,"READOUT_RATE":0,"VERTICAL_SHIFT_SPEED":3,"EM_MODE":1,"EM_GAIN":2,"SHUTTER_MODE":2,"SHUTTER_TTL":0,"SHUTTER_OPENING_TIME":1,"SHUTTER_CLOSING_TIME":1,"VBIN":1,"HBIN":1,"INITIAL_LINE":1,"INITIAL_COLUMN":1,"FINAL_LINE":1024,"FINAL_COLUMN":1024,"FRAME_TRANSFER":true,"VERTICAL_CLOCK_VOLTAGE":0,"AD_CHANNEL":0}
11/9/2022 6:08 PM CommandAcquisChB  TX=WRITE_SETUP {"ACQUISITION_MODE":3,"TRIGGER_MODE":0,"READ_MODE":4,"PREAMP":0,"READOUT_RATE":0,"VERTICAL_SHIFT_SPEED":3,"EM_MODE":1,"EM_GAIN":2,"SHUTTER_MODE":2,"SHUTTER_TTL":0,"SHUTTER_OPENING_TIME":1,"SHUTTER_CLOSING_TIME":1,"VBIN":1,"HBIN":1,"INITIAL_LINE":1,"INITIAL_COLUMN":1,"FINAL_LINE":1024,"FINAL_COLUMN":1024,"FRAME_TRANSFER":true,"VERTICAL_CLOCK_VOLTAGE":0,"AD_CHANNEL":0}
11/9/2022 6:08 PM CommandAcquisChC  TX=WRITE_SETUP {"ACQUISITION_MODE":3,"TRIGGER_MODE":0,"READ_MODE":4,"PREAMP":0,"READOUT_RATE":0,"VERTICAL_SHIFT_SPEED":3,"EM_MODE":1,"EM_GAIN":2,"SHUTTER_MODE":2,"SHUTTER_TTL":0,"SHUTTER_OPENING_TIME":1,"SHUTTER_CLOSING_TIME":1,"VBIN":1,"HBIN":1,"INITIAL_LINE":1,"INITIAL_COLUMN":1,"FINAL_LINE":1024,"FINAL_COLUMN":1024,"FRAME_TRANSFER":true,"VERTICAL_CLOCK_VOLTAGE":0,"AD_CHANNEL":0}
11/9/2022 6:08 PM CommandAcquisChD  TX=WRITE_SETUP {"ACQUISITION_MODE":3,"TRIGGER_MODE":0,"READ_MODE":4,"PREAMP":0,"READOUT_RATE":0,"VERTICAL_SHIFT_SPEED":3,"EM_MODE":1,"EM_GAIN":2,"SHUTTER_MODE":2,"SHUTTER_TTL":0,"SHUTTER_OPENING_TIME":1,"SHUTTER_CLOSING_TIME":1,"VBIN":1,"HBIN":1,"INITIAL_LINE":1,"INITIAL_COLUMN":1,"FINAL_LINE":1024,"FINAL_COLUMN":1024,"FRAME_TRANSFER":true,"VERTICAL_CLOCK_VOLTAGE":0,"AD_CHANNEL":0}
11/9/2022 6:08 PM CommandAcquisChA  TX=READ_SETUP 
11/9/2022 6:08 PM CommandAcquisChB  TX=READ_SETUP 
11/9/2022 6:08 PM CommandAcquisChC  TX=READ_SETUP 
11/9/2022 6:08 PM CommandAcquisChD  TX=READ_SETUP 
11/9/2022 6:08 PM ResponseAcquisChD  RX={"PREAMP":0,"READOUT_RATE":0,"EM_GAIN":2,"VERTICAL_SHIFT_SPEED":3,"READ_MODE":4,"FRAME_TRANSFER":true,"VERTICAL_CLOCK_VOLTAGE":0,"ACQUISITION_MODE":3,"AD_CHANNEL":0,"EM_MODE":1,"SHUTTER_TTL":0,"SHUTTER_OPENING_TIME":1,"SHUTTER_CLOSING_TIME":1,"SHUTTER_MODE":2,"TRIGGER_MODE":0,"VBIN":1,"INITIAL_LINE":1,"INITIAL_COLUMN":1,"FINAL_LINE":1024,"FINAL_COLUMN":1024,"HBIN":1}
11/9/2022 6:08 PM ResponseAcquisChA  RX={"PREAMP":0,"READOUT_RATE":0,"EM_GAIN":2,"VERTICAL_SHIFT_SPEED":3,"READ_MODE":4,"FRAME_TRANSFER":true,"VERTICAL_CLOCK_VOLTAGE":0,"ACQUISITION_MODE":3,"AD_CHANNEL":0,"EM_MODE":1,"SHUTTER_TTL":0,"SHUTTER_OPENING_TIME":1,"SHUTTER_CLOSING_TIME":1,"SHUTTER_MODE":2,"TRIGGER_MODE":0,"VBIN":1,"INITIAL_LINE":1,"INITIAL_COLUMN":1,"FINAL_LINE":1024,"FINAL_COLUMN":1024,"HBIN":1}
11/9/2022 6:08 PM ResponseAcquisChC  RX={"PREAMP":0,"READOUT_RATE":0,"EM_GAIN":2,"VERTICAL_SHIFT_SPEED":3,"READ_MODE":4,"FRAME_TRANSFER":true,"VERTICAL_CLOCK_VOLTAGE":0,"ACQUISITION_MODE":3,"AD_CHANNEL":0,"EM_MODE":1,"SHUTTER_TTL":0,"SHUTTER_OPENING_TIME":1,"SHUTTER_CLOSING_TIME":1,"SHUTTER_MODE":2,"TRIGGER_MODE":0,"VBIN":1,"INITIAL_LINE":1,"INITIAL_COLUMN":1,"FINAL_LINE":1024,"FINAL_COLUMN":1024,"HBIN":1}
11/9/2022 6:08 PM CommandAcquisChA  TX=SET TEMP -70
11/9/2022 6:08 PM ResponseAcquisChB  RX={"PREAMP":0,"READOUT_RATE":0,"EM_GAIN":2,"VERTICAL_SHIFT_SPEED":3,"READ_MODE":4,"FRAME_TRANSFER":true,"VERTICAL_CLOCK_VOLTAGE":0,"ACQUISITION_MODE":3,"AD_CHANNEL":0,"EM_MODE":1,"SHUTTER_TTL":0,"SHUTTER_OPENING_TIME":1,"SHUTTER_CLOSING_TIME":1,"SHUTTER_MODE":2,"TRIGGER_MODE":0,"VBIN":1,"INITIAL_LINE":1,"INITIAL_COLUMN":1,"FINAL_LINE":1024,"FINAL_COLUMN":1024,"HBIN":1}
11/9/2022 6:08 PM CommandAcquisChB  TX=SET TEMP -70
11/9/2022 6:08 PM CommandAcquisChC  TX=SET TEMP -70
11/9/2022 6:08 PM CommandAcquisChD  TX=SET TEMP -69
11/9/2022 6:08 PM CommandAcquisChA  TX=SET COOLER_POWER_STATUS 1
11/9/2022 6:08 PM CommandAcquisChB  TX=SET COOLER_POWER_STATUS 1
11/9/2022 6:08 PM CommandAcquisChC  TX=SET COOLER_POWER_STATUS 1
11/9/2022 6:08 PM ResponseAcquisChD  RX=DONE
11/9/2022 6:08 PM CommandAcquisChD  TX=SET COOLER_POWER_STATUS 1
11/9/2022 6:08 PM ResponseAcquisChA  RX=DONE
11/9/2022 6:08 PM ResponseAcquisChC  RX=DONE
11/9/2022 6:08 PM ResponseAcquisChA  RX=DONE
11/9/2022 6:08 PM ResponseAcquisChB  RX=DONE
11/9/2022 6:08 PM ResponseAcquisChD  RX=DONE
11/9/2022 6:08 PM ResponseAcquisChB  RX=DONE
11/9/2022 6:08 PM CommandInstrument  TX=S4ICS WPROT NONE NONE,WPSEL GOTO CLEAR,GMIR NONE NONE,GFOC NONE NONE,CALW GOTO CLEAR,ASEL GOTO CLEAR

11/9/2022 6:08 PM ResponseInstrument  RX=WPROT SIMULATED READY 0 HOME 0, WPSEL SIMULATED BUSY 50 CLEAR 1, ASEL SIMULATED BUSY 0 CLEAR 1, CALW SIMULATED BUSY 0 CLEAR 1, GFOC SIMULATED READY 0 HOME 0, GMIR SIMULATED READY 0 HOME 0

11/9/2022 6:11 PM CommandAcquisChA  TX=SET EXPTIME 0.000010
11/9/2022 6:11 PM ResponseAcquisChA  RX=DONE
11/9/2022 6:11 PM CommandAcquisChA  TX=SET #FRAMES 10.000000
11/9/2022 6:11 PM ResponseAcquisChA  RX=DONE
11/9/2022 6:11 PM CommandAcquisChA  TX=SET #CUBES 1.0000 
11/9/2022 6:11 PM CommandAcquisChA  TX=SET SUFFIX TEST
11/9/2022 6:11 PM ResponseAcquisChA  RX=DONE
11/9/2022 6:11 PM ResponseAcquisChA  RX=DONE
11/9/2022 6:11 PM CommandAcquisChA  TX=SET OBSTYPE ZERO
11/9/2022 6:11 PM CommandAcquisChB  TX=SET EXPTIME 0.000010
11/9/2022 6:11 PM ResponseAcquisChB  RX=RETURNING_STATUS {"CUBE_EXPOSURE_TIME":0,"CUBES_DONE":0,"LAST_IMAGE_NAME":"","DISK_SPACE":0,"FRAMES_DONE":0,"CCD_STATUS":"IDLE","CURRENT_TEMPERATURE":-68,"TEMPERATURE_STATUS":"TEMPERATURE_STABILIZED","FRAME_EXPOSURE_TIME":0,"CCD_POWER_STATUS":true,"SERIAL_NUMBER":9915,"ACQUIRING":false}
11/9/2022 6:11 PM ResponseAcquisChA  RX=DONE
11/9/2022 6:11 PM ResponseAcquisChB  RX=DONE
11/9/2022 6:11 PM CommandAcquisChB  TX=SET #FRAMES 10.000000
11/9/2022 6:11 PM ResponseAcquisChB  RX=DONE
11/9/2022 6:11 PM CommandAcquisChB  TX=SET #CUBES 1.0000 
11/9/2022 6:11 PM CommandAcquisChA  TX=EXPOSE
11/9/2022 6:11 PM CommandAcquisChB  TX=SET SUFFIX TEST
11/9/2022 6:11 PM ResponseAcquisChB  RX=DONE
11/9/2022 6:11 PM CommandAcquisChB  TX=SET OBSTYPE ZERO
11/9/2022 6:11 PM ResponseAcquisChB  RX=DONE
11/9/2022 6:11 PM ResponseAcquisChB  RX=DONE
11/9/2022 6:11 PM CommandAcquisChC  TX=SET EXPTIME 0.000010
11/9/2022 6:11 PM ResponseAcquisChC  RX=DONE
11/9/2022 6:11 PM CommandAcquisChB  TX=EXPOSE
11/9/2022 6:11 PM CommandAcquisChC  TX=SET #FRAMES 10.000000
11/9/2022 6:11 PM ResponseAcquisChB  RX=RETURNING_STATUS {"CUBE_EXPOSURE_TIME":0,"CUBES_DONE":0,"LAST_IMAGE_NAME":"","DISK_SPACE":0,"FRAMES_DONE":0,"CCD_STATUS":"IDLE","CURRENT_TEMPERATURE":-68,"TEMPERATURE_STATUS":"TEMPERATURE_STABILIZED","FRAME_EXPOSURE_TIME":0,"CCD_POWER_STATUS":true,"SERIAL_NUMBER":9915,"ACQUIRING":false}
11/9/2022 6:11 PM ResponseAcquisChC  RX=DONE
11/9/2022 6:11 PM CommandAcquisChC  TX=SET #CUBES 1.0000 
11/9/2022 6:11 PM ResponseAcquisChC  RX=DONE
11/9/2022 6:11 PM CommandAcquisChC  TX=SET SUFFIX TEST
11/9/2022 6:11 PM CommandAcquisChC  TX=SET OBSTYPE ZERO
11/9/2022 6:11 PM ResponseAcquisChC  RX=DONE
11/9/2022 6:11 PM ResponseAcquisChC  RX=DONE
11/9/2022 6:11 PM CommandAcquisChD  TX=SET EXPTIME 0.000010
11/9/2022 6:11 PM CommandAcquisChC  TX=EXPOSE
11/9/2022 6:11 PM ResponseAcquisChD  RX=DONE
11/9/2022 6:11 PM CommandAcquisChD  TX=SET #FRAMES 10.000000
11/9/2022 6:11 PM ResponseAcquisChD  RX=DONE
11/9/2022 6:11 PM CommandAcquisChD  TX=SET #CUBES 1.0000 
11/9/2022 6:11 PM ResponseAcquisChD  RX=DONE
11/9/2022 6:11 PM CommandAcquisChD  TX=SET SUFFIX TEST
11/9/2022 6:11 PM ResponseAcquisChD  RX=DONE
11/9/2022 6:11 PM CommandAcquisChD  TX=SET OBSTYPE ZERO
11/9/2022 6:11 PM ResponseAcquisChD  RX=DONE
11/9/2022 6:11 PM CommandAcquisChD  TX=EXPOSE
11/9/2022 6:28 PM CommandAcquisChA  TX=SET EXPTIME 0.000010
11/9/2022 6:28 PM ResponseAcquisChA  RX=DONE
11/9/2022 6:28 PM CommandAcquisChA  TX=SET #FRAMES 100.000000
11/9/2022 6:28 PM ResponseAcquisChA  RX=DONE
11/9/2022 6:28 PM CommandAcquisChA  TX=SET #CUBES 1.0000 
11/9/2022 6:28 PM ResponseAcquisChA  RX=DONE
11/9/2022 6:28 PM CommandAcquisChA  TX=SET SUFFIX zero
11/9/2022 6:28 PM ResponseAcquisChA  RX=DONE
11/9/2022 6:28 PM CommandAcquisChA  TX=SET OBSTYPE ZERO
11/9/2022 6:28 PM ResponseAcquisChA  RX=DONE
11/9/2022 6:28 PM CommandAcquisChB  TX=SET EXPTIME 0.000010
11/9/2022 6:28 PM ResponseAcquisChB  RX=DONE
11/9/2022 6:28 PM CommandAcquisChA  TX=EXPOSE
11/9/2022 6:28 PM CommandAcquisChB  TX=SET #FRAMES 100.000000
11/9/2022 6:28 PM ResponseAcquisChB  RX=DONE
11/9/2022 6:28 PM CommandAcquisChB  TX=SET #CUBES 1.0000 
11/9/2022 6:28 PM ResponseAcquisChB  RX=DONE
11/9/2022 6:28 PM CommandAcquisChB  TX=SET SUFFIX zero
11/9/2022 6:28 PM CommandAcquisChB  TX=SET OBSTYPE ZERO
11/9/2022 6:28 PM ResponseAcquisChB  RX=DONE
11/9/2022 6:28 PM ResponseAcquisChB  RX=DONE
11/9/2022 6:28 PM CommandAcquisChB  TX=EXPOSE
11/9/2022 6:28 PM CommandAcquisChC  TX=SET EXPTIME 0.000010
11/9/2022 6:28 PM ResponseAcquisChC  RX=DONE
11/9/2022 6:28 PM CommandAcquisChC  TX=SET #FRAMES 100.000000
11/9/2022 6:28 PM ResponseAcquisChC  RX=DONE
11/9/2022 6:28 PM CommandAcquisChC  TX=SET #CUBES 1.0000 
11/9/2022 6:28 PM ResponseAcquisChC  RX=DONE
11/9/2022 6:28 PM CommandAcquisChC  TX=SET SUFFIX zero
11/9/2022 6:28 PM ResponseAcquisChC  RX=DONE
11/9/2022 6:28 PM CommandAcquisChC  TX=SET OBSTYPE ZERO
11/9/2022 6:28 PM ResponseAcquisChC  RX=DONE
11/9/2022 6:28 PM CommandAcquisChD  TX=SET EXPTIME 0.000010
11/9/2022 6:28 PM CommandAcquisChC  TX=EXPOSE
11/9/2022 6:28 PM ResponseAcquisChD  RX=DONE
11/9/2022 6:28 PM CommandAcquisChD  TX=SET #FRAMES 100.000000
11/9/2022 6:28 PM ResponseAcquisChD  RX=DONE
11/9/2022 6:28 PM CommandAcquisChD  TX=SET #CUBES 1.0000 
11/9/2022 6:28 PM ResponseAcquisChD  RX=DONE
11/9/2022 6:28 PM CommandAcquisChD  TX=SET SUFFIX zero
11/9/2022 6:28 PM ResponseAcquisChD  RX=DONE
11/9/2022 6:28 PM CommandAcquisChD  TX=SET OBSTYPE ZERO
11/9/2022 6:28 PM ResponseAcquisChD  RX=DONE
11/9/2022 6:28 PM CommandAcquisChD  TX=EXPOSE
11/9/2022 6:36 PM CommandAcquisChA  TX=WRITE_SETUP {"ACQUISITION_MODE":3,"TRIGGER_MODE":0,"READ_MODE":4,"PREAMP":0,"READOUT_RATE":0,"VERTICAL_SHIFT_SPEED":3,"EM_MODE":1,"EM_GAIN":2,"SHUTTER_MODE":1,"SHUTTER_TTL":0,"SHUTTER_OPENING_TIME":1,"SHUTTER_CLOSING_TIME":1,"VBIN":1,"HBIN":1,"INITIAL_LINE":1,"INITIAL_COLUMN":1,"FINAL_LINE":1024,"FINAL_COLUMN":1024,"FRAME_TRANSFER":true,"VERTICAL_CLOCK_VOLTAGE":0,"AD_CHANNEL":0}
11/9/2022 6:36 PM CommandAcquisChB  TX=WRITE_SETUP {"ACQUISITION_MODE":3,"TRIGGER_MODE":0,"READ_MODE":4,"PREAMP":0,"READOUT_RATE":0,"VERTICAL_SHIFT_SPEED":3,"EM_MODE":1,"EM_GAIN":2,"SHUTTER_MODE":1,"SHUTTER_TTL":0,"SHUTTER_OPENING_TIME":1,"SHUTTER_CLOSING_TIME":1,"VBIN":1,"HBIN":1,"INITIAL_LINE":1,"INITIAL_COLUMN":1,"FINAL_LINE":1024,"FINAL_COLUMN":1024,"FRAME_TRANSFER":true,"VERTICAL_CLOCK_VOLTAGE":0,"AD_CHANNEL":0}
11/9/2022 6:36 PM CommandAcquisChC  TX=WRITE_SETUP {"ACQUISITION_MODE":3,"TRIGGER_MODE":0,"READ_MODE":4,"PREAMP":0,"READOUT_RATE":0,"VERTICAL_SHIFT_SPEED":3,"EM_MODE":1,"EM_GAIN":2,"SHUTTER_MODE":1,"SHUTTER_TTL":0,"SHUTTER_OPENING_TIME":1,"SHUTTER_CLOSING_TIME":1,"VBIN":1,"HBIN":1,"INITIAL_LINE":1,"INITIAL_COLUMN":1,"FINAL_LINE":1024,"FINAL_COLUMN":1024,"FRAME_TRANSFER":true,"VERTICAL_CLOCK_VOLTAGE":0,"AD_CHANNEL":0}
11/9/2022 6:36 PM CommandAcquisChD  TX=WRITE_SETUP {"ACQUISITION_MODE":3,"TRIGGER_MODE":0,"READ_MODE":4,"PREAMP":0,"READOUT_RATE":0,"VERTICAL_SHIFT_SPEED":3,"EM_MODE":1,"EM_GAIN":2,"SHUTTER_MODE":1,"SHUTTER_TTL":0,"SHUTTER_OPENING_TIME":1,"SHUTTER_CLOSING_TIME":1,"VBIN":1,"HBIN":1,"INITIAL_LINE":1,"INITIAL_COLUMN":1,"FINAL_LINE":1024,"FINAL_COLUMN":1024,"FRAME_TRANSFER":true,"VERTICAL_CLOCK_VOLTAGE":0,"AD_CHANNEL":0}
11/9/2022 6:36 PM CommandAcquisChA  TX=READ_SETUP 
11/9/2022 6:36 PM CommandAcquisChB  TX=READ_SETUP 
11/9/2022 6:36 PM CommandAcquisChC  TX=READ_SETUP 
11/9/2022 6:36 PM CommandAcquisChD  TX=READ_SETUP 
11/9/2022 6:36 PM ResponseAcquisChB  RX={"PREAMP":0,"READOUT_RATE":0,"EM_GAIN":2,"VERTICAL_SHIFT_SPEED":3,"READ_MODE":4,"FRAME_TRANSFER":true,"VERTICAL_CLOCK_VOLTAGE":0,"ACQUISITION_MODE":3,"AD_CHANNEL":0,"EM_MODE":1,"SHUTTER_TTL":0,"SHUTTER_OPENING_TIME":1,"SHUTTER_CLOSING_TIME":1,"SHUTTER_MODE":1,"TRIGGER_MODE":0,"VBIN":1,"INITIAL_LINE":1,"INITIAL_COLUMN":1,"FINAL_LINE":1024,"FINAL_COLUMN":1024,"HBIN":1}
11/9/2022 6:36 PM ResponseAcquisChA  RX={"PREAMP":0,"READOUT_RATE":0,"EM_GAIN":2,"VERTICAL_SHIFT_SPEED":3,"READ_MODE":4,"FRAME_TRANSFER":true,"VERTICAL_CLOCK_VOLTAGE":0,"ACQUISITION_MODE":3,"AD_CHANNEL":0,"EM_MODE":1,"SHUTTER_TTL":0,"SHUTTER_OPENING_TIME":1,"SHUTTER_CLOSING_TIME":1,"SHUTTER_MODE":1,"TRIGGER_MODE":0,"VBIN":1,"INITIAL_LINE":1,"INITIAL_COLUMN":1,"FINAL_LINE":1024,"FINAL_COLUMN":1024,"HBIN":1}
11/9/2022 6:36 PM CommandAcquisChA  TX=SET TEMP -70
11/9/2022 6:36 PM CommandAcquisChB  TX=SET TEMP -70
11/9/2022 6:36 PM ResponseAcquisChC  RX={"PREAMP":0,"READOUT_RATE":0,"EM_GAIN":2,"VERTICAL_SHIFT_SPEED":3,"READ_MODE":4,"FRAME_TRANSFER":true,"VERTICAL_CLOCK_VOLTAGE":0,"ACQUISITION_MODE":3,"AD_CHANNEL":0,"EM_MODE":1,"SHUTTER_TTL":0,"SHUTTER_OPENING_TIME":1,"SHUTTER_CLOSING_TIME":1,"SHUTTER_MODE":1,"TRIGGER_MODE":0,"VBIN":1,"INITIAL_LINE":1,"INITIAL_COLUMN":1,"FINAL_LINE":1024,"FINAL_COLUMN":1024,"HBIN":1}
11/9/2022 6:36 PM CommandAcquisChC  TX=SET TEMP -70
11/9/2022 6:36 PM ResponseAcquisChD  RX={"PREAMP":0,"READOUT_RATE":0,"EM_GAIN":2,"VERTICAL_SHIFT_SPEED":3,"READ_MODE":4,"FRAME_TRANSFER":true,"VERTICAL_CLOCK_VOLTAGE":0,"ACQUISITION_MODE":3,"AD_CHANNEL":0,"EM_MODE":1,"SHUTTER_TTL":0,"SHUTTER_OPENING_TIME":1,"SHUTTER_CLOSING_TIME":1,"SHUTTER_MODE":1,"TRIGGER_MODE":0,"VBIN":1,"INITIAL_LINE":1,"INITIAL_COLUMN":1,"FINAL_LINE":1024,"FINAL_COLUMN":1024,"HBIN":1}
11/9/2022 6:36 PM CommandAcquisChD  TX=SET TEMP -69
11/9/2022 6:36 PM CommandAcquisChA  TX=SET COOLER_POWER_STATUS 1
11/9/2022 6:36 PM CommandAcquisChB  TX=SET COOLER_POWER_STATUS 1
11/9/2022 6:36 PM ResponseAcquisChC  RX=DONE
11/9/2022 6:36 PM CommandAcquisChC  TX=SET COOLER_POWER_STATUS 1
11/9/2022 6:36 PM CommandAcquisChD  TX=SET COOLER_POWER_STATUS 1
11/9/2022 6:36 PM ResponseAcquisChA  RX=DONE
11/9/2022 6:36 PM ResponseAcquisChB  RX=DONE
11/9/2022 6:36 PM ResponseAcquisChB  RX=DONE
11/9/2022 6:36 PM ResponseAcquisChC  RX=DONE
11/9/2022 6:36 PM ResponseAcquisChD  RX=DONE
11/9/2022 6:36 PM ResponseAcquisChD  RX=DONE
11/9/2022 6:39 PM CommandAcquisChA  TX=WRITE_SETUP {"ACQUISITION_MODE":3,"TRIGGER_MODE":0,"READ_MODE":4,"PREAMP":0,"READOUT_RATE":0,"VERTICAL_SHIFT_SPEED":3,"EM_MODE":1,"EM_GAIN":2,"SHUTTER_MODE":1,"SHUTTER_TTL":0,"SHUTTER_OPENING_TIME":1,"SHUTTER_CLOSING_TIME":1,"VBIN":1,"HBIN":1,"INITIAL_LINE":1,"INITIAL_COLUMN":1,"FINAL_LINE":1024,"FINAL_COLUMN":1024,"FRAME_TRANSFER":true,"VERTICAL_CLOCK_VOLTAGE":0,"AD_CHANNEL":0}
11/9/2022 6:39 PM CommandAcquisChB  TX=WRITE_SETUP {"ACQUISITION_MODE":3,"TRIGGER_MODE":0,"READ_MODE":4,"PREAMP":0,"READOUT_RATE":0,"VERTICAL_SHIFT_SPEED":3,"EM_MODE":1,"EM_GAIN":2,"SHUTTER_MODE":1,"SHUTTER_TTL":0,"SHUTTER_OPENING_TIME":1,"SHUTTER_CLOSING_TIME":1,"VBIN":1,"HBIN":1,"INITIAL_LINE":1,"INITIAL_COLUMN":1,"FINAL_LINE":1024,"FINAL_COLUMN":1024,"FRAME_TRANSFER":true,"VERTICAL_CLOCK_VOLTAGE":0,"AD_CHANNEL":0}
11/9/2022 6:39 PM CommandAcquisChC  TX=WRITE_SETUP {"ACQUISITION_MODE":3,"TRIGGER_MODE":0,"READ_MODE":4,"PREAMP":0,"READOUT_RATE":0,"VERTICAL_SHIFT_SPEED":3,"EM_MODE":1,"EM_GAIN":2,"SHUTTER_MODE":1,"SHUTTER_TTL":0,"SHUTTER_OPENING_TIME":1,"SHUTTER_CLOSING_TIME":1,"VBIN":1,"HBIN":1,"INITIAL_LINE":1,"INITIAL_COLUMN":1,"FINAL_LINE":1024,"FINAL_COLUMN":1024,"FRAME_TRANSFER":true,"VERTICAL_CLOCK_VOLTAGE":0,"AD_CHANNEL":0}
11/9/2022 6:39 PM CommandAcquisChD  TX=WRITE_SETUP {"ACQUISITION_MODE":3,"TRIGGER_MODE":0,"READ_MODE":4,"PREAMP":0,"READOUT_RATE":0,"VERTICAL_SHIFT_SPEED":3,"EM_MODE":1,"EM_GAIN":2,"SHUTTER_MODE":1,"SHUTTER_TTL":0,"SHUTTER_OPENING_TIME":1,"SHUTTER_CLOSING_TIME":1,"VBIN":1,"HBIN":1,"INITIAL_LINE":1,"INITIAL_COLUMN":1,"FINAL_LINE":1024,"FINAL_COLUMN":1024,"FRAME_TRANSFER":true,"VERTICAL_CLOCK_VOLTAGE":0,"AD_CHANNEL":0}
11/9/2022 6:39 PM CommandAcquisChA  TX=READ_SETUP 
11/9/2022 6:39 PM CommandAcquisChB  TX=READ_SETUP 
11/9/2022 6:39 PM CommandAcquisChC  TX=READ_SETUP 
11/9/2022 6:39 PM CommandAcquisChD  TX=READ_SETUP 
11/9/2022 6:39 PM ResponseAcquisChB  RX={"PREAMP":0,"READOUT_RATE":0,"EM_GAIN":2,"VERTICAL_SHIFT_SPEED":3,"READ_MODE":4,"FRAME_TRANSFER":true,"VERTICAL_CLOCK_VOLTAGE":0,"ACQUISITION_MODE":3,"AD_CHANNEL":0,"EM_MODE":1,"SHUTTER_TTL":0,"SHUTTER_OPENING_TIME":1,"SHUTTER_CLOSING_TIME":1,"SHUTTER_MODE":1,"TRIGGER_MODE":0,"VBIN":1,"INITIAL_LINE":1,"INITIAL_COLUMN":1,"FINAL_LINE":1024,"FINAL_COLUMN":1024,"HBIN":1}
11/9/2022 6:39 PM ResponseAcquisChC  RX={"PREAMP":0,"READOUT_RATE":0,"EM_GAIN":2,"VERTICAL_SHIFT_SPEED":3,"READ_MODE":4,"FRAME_TRANSFER":true,"VERTICAL_CLOCK_VOLTAGE":0,"ACQUISITION_MODE":3,"AD_CHANNEL":0,"EM_MODE":1,"SHUTTER_TTL":0,"SHUTTER_OPENING_TIME":1,"SHUTTER_CLOSING_TIME":1,"SHUTTER_MODE":1,"TRIGGER_MODE":0,"VBIN":1,"INITIAL_LINE":1,"INITIAL_COLUMN":1,"FINAL_LINE":1024,"FINAL_COLUMN":1024,"HBIN":1}
11/9/2022 6:39 PM ResponseAcquisChD  RX={"PREAMP":0,"READOUT_RATE":0,"EM_GAIN":2,"VERTICAL_SHIFT_SPEED":3,"READ_MODE":4,"FRAME_TRANSFER":true,"VERTICAL_CLOCK_VOLTAGE":0,"ACQUISITION_MODE":3,"AD_CHANNEL":0,"EM_MODE":1,"SHUTTER_TTL":0,"SHUTTER_OPENING_TIME":1,"SHUTTER_CLOSING_TIME":1,"SHUTTER_MODE":1,"TRIGGER_MODE":0,"VBIN":1,"INITIAL_LINE":1,"INITIAL_COLUMN":1,"FINAL_LINE":1024,"FINAL_COLUMN":1024,"HBIN":1}
11/9/2022 6:39 PM ResponseAcquisChA  RX={"PREAMP":0,"READOUT_RATE":0,"EM_GAIN":2,"VERTICAL_SHIFT_SPEED":3,"READ_MODE":4,"FRAME_TRANSFER":true,"VERTICAL_CLOCK_VOLTAGE":0,"ACQUISITION_MODE":3,"AD_CHANNEL":0,"EM_MODE":1,"SHUTTER_TTL":0,"SHUTTER_OPENING_TIME":1,"SHUTTER_CLOSING_TIME":1,"SHUTTER_MODE":1,"TRIGGER_MODE":0,"VBIN":1,"INITIAL_LINE":1,"INITIAL_COLUMN":1,"FINAL_LINE":1024,"FINAL_COLUMN":1024,"HBIN":1}
11/9/2022 6:39 PM CommandAcquisChA  TX=SET TEMP -70
11/9/2022 6:39 PM CommandAcquisChB  TX=SET TEMP -70
11/9/2022 6:39 PM CommandAcquisChC  TX=SET TEMP -70
11/9/2022 6:39 PM CommandAcquisChD  TX=SET TEMP -69
11/9/2022 6:39 PM CommandAcquisChA  TX=SET COOLER_POWER_STATUS 1
11/9/2022 6:39 PM ResponseAcquisChB  RX=DONE
11/9/2022 6:39 PM CommandAcquisChB  TX=SET COOLER_POWER_STATUS 1
11/9/2022 6:39 PM CommandAcquisChC  TX=SET COOLER_POWER_STATUS 1
11/9/2022 6:39 PM ResponseAcquisChD  RX=DONE
11/9/2022 6:39 PM CommandAcquisChD  TX=SET COOLER_POWER_STATUS 1
11/9/2022 6:39 PM ResponseAcquisChA  RX=DONE
11/9/2022 6:39 PM ResponseAcquisChB  RX=DONE
11/9/2022 6:39 PM ResponseAcquisChC  RX=DONE
11/9/2022 6:39 PM ResponseAcquisChC  RX=DONE
11/9/2022 6:39 PM ResponseAcquisChD  RX=DONE
11/9/2022 6:39 PM CommandAcquisChB  TX=SET EXPTIME 20.000000
11/9/2022 6:39 PM ResponseAcquisChB  RX=DONE
11/9/2022 6:39 PM CommandAcquisChB  TX=SET #FRAMES 1.000000
11/9/2022 6:39 PM ResponseAcquisChB  RX=DONE
11/9/2022 6:39 PM CommandAcquisChB  TX=SET #CUBES 1.0000 
11/9/2022 6:39 PM CommandAcquisChB  TX=SET SUFFIX teste
11/9/2022 6:39 PM ResponseAcquisChB  RX=DONE
11/9/2022 6:39 PM CommandAcquisChB  TX=SET OBSTYPE OBJECT
11/9/2022 6:39 PM ResponseAcquisChB  RX=DONE
11/9/2022 6:39 PM ResponseAcquisChB  RX=DONE
11/9/2022 6:39 PM CommandAcquisChC  TX=SET EXPTIME 25.000000
11/9/2022 6:39 PM CommandAcquisChB  TX=EXPOSE
11/9/2022 6:39 PM ResponseAcquisChC  RX=DONE
11/9/2022 6:39 PM CommandAcquisChC  TX=SET #FRAMES 1.000000
11/9/2022 6:39 PM CommandAcquisChC  TX=SET #CUBES 1.0000 
11/9/2022 6:39 PM ResponseAcquisChC  RX=DONE
11/9/2022 6:39 PM CommandAcquisChC  TX=SET SUFFIX teste
11/9/2022 6:39 PM ResponseAcquisChC  RX=DONE
11/9/2022 6:39 PM ResponseAcquisChC  RX=DONE
11/9/2022 6:39 PM CommandAcquisChC  TX=SET OBSTYPE OBJECT
11/9/2022 6:39 PM ResponseAcquisChC  RX=DONE
11/9/2022 6:39 PM CommandAcquisChC  TX=EXPOSE
11/9/2022 6:39 PM CommandAcquisChB  TX=ABORT_ACQUISITION
11/9/2022 6:39 PM CommandAcquisChC  TX=ABORT_ACQUISITION
11/9/2022 6:43 PM CommandAcquisChB  TX=SET EXPTIME 20.000000
11/9/2022 6:43 PM ResponseAcquisChB  RX=DONE
11/9/2022 6:43 PM CommandAcquisChB  TX=SET #FRAMES 1.000000
11/9/2022 6:43 PM ResponseAcquisChB  RX=DONE
11/9/2022 6:43 PM CommandAcquisChB  TX=SET #CUBES 1.0000 
11/9/2022 6:43 PM ResponseAcquisChB  RX=DONE
11/9/2022 6:43 PM CommandAcquisChB  TX=SET SUFFIX teste
11/9/2022 6:43 PM ResponseAcquisChB  RX=DONE
11/9/2022 6:43 PM CommandAcquisChB  TX=SET OBSTYPE OBJECT
11/9/2022 6:43 PM ResponseAcquisChB  RX=DONE
11/9/2022 6:43 PM CommandAcquisChC  TX=SET EXPTIME 25.000000
11/9/2022 6:43 PM ResponseAcquisChC  RX=DONE
11/9/2022 6:43 PM CommandAcquisChC  TX=SET #FRAMES 1.000000
11/9/2022 6:43 PM ResponseAcquisChC  RX=DONE
11/9/2022 6:43 PM CommandAcquisChC  TX=SET #CUBES 1.0000 
11/9/2022 6:43 PM CommandAcquisChB  TX=EXPOSE
11/9/2022 6:43 PM ResponseAcquisChC  RX=DONE
11/9/2022 6:43 PM CommandAcquisChC  TX=SET SUFFIX teste
11/9/2022 6:43 PM CommandAcquisChC  TX=SET OBSTYPE OBJECT
11/9/2022 6:43 PM ResponseAcquisChC  RX=DONE
11/9/2022 6:43 PM ResponseAcquisChC  RX=DONE
11/9/2022 6:43 PM CommandAcquisChD  TX=SET EXPTIME 30.000000
11/9/2022 6:43 PM ResponseAcquisChD  RX=DONE
11/9/2022 6:43 PM CommandAcquisChD  TX=SET #FRAMES 1.000000
11/9/2022 6:43 PM ResponseAcquisChD  RX=DONE
11/9/2022 6:43 PM CommandAcquisChD  TX=SET #CUBES 1.0000 
11/9/2022 6:43 PM CommandAcquisChC  TX=EXPOSE
11/9/2022 6:43 PM CommandAcquisChD  TX=SET SUFFIX teste
11/9/2022 6:43 PM ResponseAcquisChD  RX=DONE
11/9/2022 6:43 PM ResponseAcquisChD  RX=DONE
11/9/2022 6:43 PM CommandAcquisChD  TX=SET OBSTYPE OBJECT
11/9/2022 6:43 PM ResponseAcquisChD  RX=DONE
11/9/2022 6:43 PM CommandAcquisChD  TX=EXPOSE
11/9/2022 6:43 PM ResponseAcquisChD  RX=RETURNING_STATUS {"CUBE_EXPOSURE_TIME":0.00099999993108212947845,"CUBES_DONE":1,"LAST_IMAGE_NAME":"20221109_s4c4_zero_000110.fits","DISK_SPACE":0,"FRAMES_DONE":100,"CCD_STATUS":"IDLE","CURRENT_TEMPERATURE":-68,"TEMPERATURE_STATUS":"TEMPERATURE_STABILIZED","FRAME_EXPOSURE_TIME":0,"CCD_POWER_STATUS":true,"SERIAL_NUMBER":9917,"ACQUIRING":false}
11/9/2022 6:44 PM CommandAcquisChA  TX=SET EXPTIME 100.000000
11/9/2022 6:44 PM ResponseAcquisChA  RX=DONE
11/9/2022 6:44 PM CommandAcquisChA  TX=SET #FRAMES 1.000000
11/9/2022 6:44 PM ResponseAcquisChA  RX=DONE
11/9/2022 6:44 PM CommandAcquisChA  TX=SET #CUBES 1.0000 
11/9/2022 6:44 PM CommandAcquisChA  TX=SET SUFFIX teste
11/9/2022 6:44 PM ResponseAcquisChA  RX=DONE
11/9/2022 6:44 PM CommandAcquisChA  TX=SET OBSTYPE OBJECT
11/9/2022 6:44 PM ResponseAcquisChA  RX=DONE
11/9/2022 6:44 PM ResponseAcquisChA  RX=DONE
11/9/2022 6:44 PM CommandAcquisChA  TX=EXPOSE
11/9/2022 6:48 PM CommandAcquisChA  TX=SET EXPTIME 100.000000
11/9/2022 6:48 PM ResponseAcquisChA  RX=DONE
11/9/2022 6:48 PM CommandAcquisChA  TX=SET #FRAMES 1.000000
11/9/2022 6:48 PM ResponseAcquisChA  RX=DONE
11/9/2022 6:48 PM CommandAcquisChA  TX=SET #CUBES 1.0000 
11/9/2022 6:48 PM CommandAcquisChA  TX=SET SUFFIX teste1
11/9/2022 6:48 PM ResponseAcquisChA  RX=DONE
11/9/2022 6:48 PM CommandAcquisChA  TX=SET OBSTYPE OBJECT
11/9/2022 6:48 PM ResponseAcquisChA  RX=DONE
11/9/2022 6:48 PM ResponseAcquisChA  RX=DONE
11/9/2022 6:48 PM CommandAcquisChB  TX=SET EXPTIME 20.000000
11/9/2022 6:48 PM CommandAcquisChA  TX=EXPOSE
11/9/2022 6:48 PM ResponseAcquisChB  RX=DONE
11/9/2022 6:48 PM CommandAcquisChB  TX=SET #FRAMES 1.000000
11/9/2022 6:48 PM CommandAcquisChB  TX=SET #CUBES 1.0000 
11/9/2022 6:48 PM ResponseAcquisChB  RX=DONE
11/9/2022 6:48 PM CommandAcquisChB  TX=SET SUFFIX teste1
11/9/2022 6:48 PM ResponseAcquisChB  RX=DONE
11/9/2022 6:48 PM ResponseAcquisChB  RX=DONE
11/9/2022 6:48 PM CommandAcquisChB  TX=SET OBSTYPE OBJECT
11/9/2022 6:48 PM ResponseAcquisChB  RX=DONE
11/9/2022 6:48 PM CommandAcquisChB  TX=EXPOSE
11/9/2022 6:48 PM CommandAcquisChC  TX=SET EXPTIME 25.000000
11/9/2022 6:48 PM ResponseAcquisChC  RX=DONE
11/9/2022 6:48 PM CommandAcquisChC  TX=SET #FRAMES 1.000000
11/9/2022 6:48 PM ResponseAcquisChC  RX=DONE
11/9/2022 6:48 PM CommandAcquisChC  TX=SET #CUBES 1.0000 
11/9/2022 6:48 PM ResponseAcquisChC  RX=DONE
11/9/2022 6:48 PM CommandAcquisChC  TX=SET SUFFIX teste1
11/9/2022 6:48 PM ResponseAcquisChC  RX=DONE
11/9/2022 6:48 PM CommandAcquisChC  TX=SET OBSTYPE OBJECT
11/9/2022 6:48 PM ResponseAcquisChC  RX=DONE
11/9/2022 6:48 PM CommandAcquisChC  TX=EXPOSE
11/9/2022 6:48 PM CommandAcquisChD  TX=SET EXPTIME 30.000000
11/9/2022 6:48 PM ResponseAcquisChD  RX=DONE
11/9/2022 6:48 PM CommandAcquisChD  TX=SET #FRAMES 1.000000
11/9/2022 6:48 PM ResponseAcquisChD  RX=DONE
11/9/2022 6:48 PM CommandAcquisChD  TX=SET #CUBES 1.0000 
11/9/2022 6:48 PM ResponseAcquisChD  RX=DONE
11/9/2022 6:48 PM CommandAcquisChD  TX=SET SUFFIX teste1
11/9/2022 6:48 PM ResponseAcquisChD  RX=DONE
11/9/2022 6:48 PM CommandAcquisChD  TX=SET OBSTYPE OBJECT
11/9/2022 6:48 PM ResponseAcquisChD  RX=DONE
11/9/2022 6:48 PM CommandAcquisChD  TX=EXPOSE
11/9/2022 6:54 PM CommandAcquisChA  TX=SET EXPTIME 100.000000
11/9/2022 6:54 PM ResponseAcquisChA  RX=DONE
11/9/2022 6:54 PM CommandAcquisChA  TX=SET #FRAMES 1.000000
11/9/2022 6:54 PM CommandAcquisChA  TX=SET #CUBES 1.0000 
11/9/2022 6:54 PM ResponseAcquisChA  RX=DONE
11/9/2022 6:54 PM ResponseAcquisChA  RX=DONE
11/9/2022 6:54 PM CommandAcquisChA  TX=SET SUFFIX teste2
11/9/2022 6:54 PM ResponseAcquisChA  RX=DONE
11/9/2022 6:54 PM CommandAcquisChA  TX=SET OBSTYPE OBJECT
11/9/2022 6:54 PM ResponseAcquisChA  RX=DONE
11/9/2022 6:54 PM CommandAcquisChB  TX=SET EXPTIME 20.000000
11/9/2022 6:54 PM CommandAcquisChA  TX=EXPOSE
11/9/2022 6:54 PM ResponseAcquisChB  RX=DONE
11/9/2022 6:54 PM CommandAcquisChB  TX=SET #FRAMES 1.000000
11/9/2022 6:54 PM ResponseAcquisChB  RX=DONE
11/9/2022 6:54 PM CommandAcquisChB  TX=SET #CUBES 1.0000 
11/9/2022 6:54 PM ResponseAcquisChB  RX=DONE
11/9/2022 6:54 PM CommandAcquisChB  TX=SET SUFFIX teste2
11/9/2022 6:54 PM ResponseAcquisChB  RX=DONE
11/9/2022 6:54 PM CommandAcquisChB  TX=SET OBSTYPE OBJECT
11/9/2022 6:54 PM ResponseAcquisChB  RX=DONE
11/9/2022 6:54 PM CommandAcquisChB  TX=EXPOSE
11/9/2022 6:54 PM CommandAcquisChC  TX=SET EXPTIME 25.000000
11/9/2022 6:54 PM ResponseAcquisChC  RX=DONE
11/9/2022 6:54 PM CommandAcquisChC  TX=SET #FRAMES 1.000000
11/9/2022 6:54 PM ResponseAcquisChC  RX=DONE
11/9/2022 6:54 PM CommandAcquisChC  TX=SET #CUBES 1.0000 
11/9/2022 6:54 PM CommandAcquisChC  TX=SET SUFFIX teste2
11/9/2022 6:54 PM ResponseAcquisChC  RX=DONE
11/9/2022 6:54 PM ResponseAcquisChC  RX=DONE
11/9/2022 6:54 PM CommandAcquisChC  TX=SET OBSTYPE OBJECT
11/9/2022 6:54 PM ResponseAcquisChC  RX=DONE
11/9/2022 6:54 PM CommandAcquisChC  TX=EXPOSE
11/9/2022 6:54 PM CommandAcquisChD  TX=SET EXPTIME 30.000000
11/9/2022 6:54 PM ResponseAcquisChD  RX=DONE
11/9/2022 6:54 PM CommandAcquisChD  TX=SET #FRAMES 1.000000
11/9/2022 6:54 PM ResponseAcquisChD  RX=DONE
11/9/2022 6:54 PM CommandAcquisChD  TX=SET #CUBES 1.0000 
11/9/2022 6:54 PM ResponseAcquisChD  RX=DONE
11/9/2022 6:54 PM CommandAcquisChD  TX=SET SUFFIX teste2
11/9/2022 6:54 PM CommandAcquisChD  TX=SET OBSTYPE OBJECT
11/9/2022 6:54 PM ResponseAcquisChD  RX=DONE
11/9/2022 6:54 PM ResponseAcquisChD  RX=DONE
11/9/2022 6:54 PM CommandAcquisChD  TX=EXPOSE
11/9/2022 6:58 PM CommandAcquisChA  TX=WRITE_SETUP {"ACQUISITION_MODE":3,"TRIGGER_MODE":6,"READ_MODE":4,"PREAMP":0,"READOUT_RATE":0,"VERTICAL_SHIFT_SPEED":3,"EM_MODE":1,"EM_GAIN":2,"SHUTTER_MODE":1,"SHUTTER_TTL":0,"SHUTTER_OPENING_TIME":1,"SHUTTER_CLOSING_TIME":1,"VBIN":1,"HBIN":1,"INITIAL_LINE":1,"INITIAL_COLUMN":1,"FINAL_LINE":1024,"FINAL_COLUMN":1024,"FRAME_TRANSFER":true,"VERTICAL_CLOCK_VOLTAGE":0,"AD_CHANNEL":0}
11/9/2022 6:58 PM CommandAcquisChB  TX=WRITE_SETUP {"ACQUISITION_MODE":3,"TRIGGER_MODE":6,"READ_MODE":4,"PREAMP":0,"READOUT_RATE":0,"VERTICAL_SHIFT_SPEED":3,"EM_MODE":1,"EM_GAIN":2,"SHUTTER_MODE":1,"SHUTTER_TTL":0,"SHUTTER_OPENING_TIME":1,"SHUTTER_CLOSING_TIME":1,"VBIN":1,"HBIN":1,"INITIAL_LINE":1,"INITIAL_COLUMN":1,"FINAL_LINE":1024,"FINAL_COLUMN":1024,"FRAME_TRANSFER":true,"VERTICAL_CLOCK_VOLTAGE":0,"AD_CHANNEL":0}
11/9/2022 6:58 PM CommandAcquisChC  TX=WRITE_SETUP {"ACQUISITION_MODE":3,"TRIGGER_MODE":6,"READ_MODE":4,"PREAMP":0,"READOUT_RATE":0,"VERTICAL_SHIFT_SPEED":3,"EM_MODE":1,"EM_GAIN":2,"SHUTTER_MODE":1,"SHUTTER_TTL":0,"SHUTTER_OPENING_TIME":1,"SHUTTER_CLOSING_TIME":1,"VBIN":1,"HBIN":1,"INITIAL_LINE":1,"INITIAL_COLUMN":1,"FINAL_LINE":1024,"FINAL_COLUMN":1024,"FRAME_TRANSFER":true,"VERTICAL_CLOCK_VOLTAGE":0,"AD_CHANNEL":0}
11/9/2022 6:58 PM CommandAcquisChD  TX=WRITE_SETUP {"ACQUISITION_MODE":3,"TRIGGER_MODE":6,"READ_MODE":4,"PREAMP":0,"READOUT_RATE":0,"VERTICAL_SHIFT_SPEED":3,"EM_MODE":1,"EM_GAIN":2,"SHUTTER_MODE":1,"SHUTTER_TTL":0,"SHUTTER_OPENING_TIME":1,"SHUTTER_CLOSING_TIME":1,"VBIN":1,"HBIN":1,"INITIAL_LINE":1,"INITIAL_COLUMN":1,"FINAL_LINE":1024,"FINAL_COLUMN":1024,"FRAME_TRANSFER":true,"VERTICAL_CLOCK_VOLTAGE":0,"AD_CHANNEL":0}
11/9/2022 6:58 PM CommandAcquisChA  TX=READ_SETUP 
11/9/2022 6:58 PM CommandAcquisChB  TX=READ_SETUP 
11/9/2022 6:58 PM CommandAcquisChC  TX=READ_SETUP 
11/9/2022 6:58 PM CommandAcquisChD  TX=READ_SETUP 
11/9/2022 6:58 PM ResponseAcquisChA  RX={"PREAMP":0,"READOUT_RATE":0,"EM_GAIN":2,"VERTICAL_SHIFT_SPEED":3,"READ_MODE":4,"FRAME_TRANSFER":true,"VERTICAL_CLOCK_VOLTAGE":0,"ACQUISITION_MODE":3,"AD_CHANNEL":0,"EM_MODE":1,"SHUTTER_TTL":0,"SHUTTER_OPENING_TIME":1,"SHUTTER_CLOSING_TIME":1,"SHUTTER_MODE":1,"TRIGGER_MODE":6,"VBIN":1,"INITIAL_LINE":1,"INITIAL_COLUMN":1,"FINAL_LINE":1024,"FINAL_COLUMN":1024,"HBIN":1}
11/9/2022 6:58 PM ResponseAcquisChC  RX={"PREAMP":0,"READOUT_RATE":0,"EM_GAIN":2,"VERTICAL_SHIFT_SPEED":3,"READ_MODE":4,"FRAME_TRANSFER":true,"VERTICAL_CLOCK_VOLTAGE":0,"ACQUISITION_MODE":3,"AD_CHANNEL":0,"EM_MODE":1,"SHUTTER_TTL":0,"SHUTTER_OPENING_TIME":1,"SHUTTER_CLOSING_TIME":1,"SHUTTER_MODE":1,"TRIGGER_MODE":6,"VBIN":1,"INITIAL_LINE":1,"INITIAL_COLUMN":1,"FINAL_LINE":1024,"FINAL_COLUMN":1024,"HBIN":1}
11/9/2022 6:58 PM ResponseAcquisChB  RX={"PREAMP":0,"READOUT_RATE":0,"EM_GAIN":2,"VERTICAL_SHIFT_SPEED":3,"READ_MODE":4,"FRAME_TRANSFER":true,"VERTICAL_CLOCK_VOLTAGE":0,"ACQUISITION_MODE":3,"AD_CHANNEL":0,"EM_MODE":1,"SHUTTER_TTL":0,"SHUTTER_OPENING_TIME":1,"SHUTTER_CLOSING_TIME":1,"SHUTTER_MODE":1,"TRIGGER_MODE":6,"VBIN":1,"INITIAL_LINE":1,"INITIAL_COLUMN":1,"FINAL_LINE":1024,"FINAL_COLUMN":1024,"HBIN":1}
11/9/2022 6:58 PM ResponseAcquisChD  RX={"PREAMP":0,"READOUT_RATE":0,"EM_GAIN":2,"VERTICAL_SHIFT_SPEED":3,"READ_MODE":4,"FRAME_TRANSFER":true,"VERTICAL_CLOCK_VOLTAGE":0,"ACQUISITION_MODE":3,"AD_CHANNEL":0,"EM_MODE":1,"SHUTTER_TTL":0,"SHUTTER_OPENING_TIME":1,"SHUTTER_CLOSING_TIME":1,"SHUTTER_MODE":1,"TRIGGER_MODE":6,"VBIN":1,"INITIAL_LINE":1,"INITIAL_COLUMN":1,"FINAL_LINE":1024,"FINAL_COLUMN":1024,"HBIN":1}
11/9/2022 6:58 PM CommandAcquisChA  TX=SET TEMP -70
11/9/2022 6:58 PM CommandAcquisChB  TX=SET TEMP -70
11/9/2022 6:58 PM CommandAcquisChC  TX=SET TEMP -70
11/9/2022 6:58 PM CommandAcquisChD  TX=SET TEMP -69
11/9/2022 6:58 PM CommandAcquisChA  TX=SET COOLER_POWER_STATUS 1
11/9/2022 6:58 PM CommandAcquisChB  TX=SET COOLER_POWER_STATUS 1
11/9/2022 6:58 PM ResponseAcquisChC  RX=DONE
11/9/2022 6:58 PM CommandAcquisChC  TX=SET COOLER_POWER_STATUS 1
11/9/2022 6:58 PM ResponseAcquisChD  RX=DONE
11/9/2022 6:58 PM CommandAcquisChD  TX=SET COOLER_POWER_STATUS 1
11/9/2022 6:58 PM ResponseAcquisChA  RX=DONE
11/9/2022 6:58 PM ResponseAcquisChC  RX=DONE
11/9/2022 6:58 PM ResponseAcquisChB  RX=DONE
11/9/2022 6:58 PM ResponseAcquisChD  RX=DONE
11/9/2022 6:58 PM ResponseAcquisChB  RX=DONE
11/9/2022 6:58 PM CommandAcquisChA  TX=WRITE_SETUP {"ACQUISITION_MODE":3,"TRIGGER_MODE":6,"READ_MODE":4,"PREAMP":0,"READOUT_RATE":0,"VERTICAL_SHIFT_SPEED":3,"EM_MODE":1,"EM_GAIN":2,"SHUTTER_MODE":1,"SHUTTER_TTL":0,"SHUTTER_OPENING_TIME":1,"SHUTTER_CLOSING_TIME":1,"VBIN":1,"HBIN":1,"INITIAL_LINE":1,"INITIAL_COLUMN":1,"FINAL_LINE":1024,"FINAL_COLUMN":1024,"FRAME_TRANSFER":true,"VERTICAL_CLOCK_VOLTAGE":0,"AD_CHANNEL":0}
11/9/2022 6:58 PM CommandAcquisChB  TX=WRITE_SETUP {"ACQUISITION_MODE":3,"TRIGGER_MODE":6,"READ_MODE":4,"PREAMP":0,"READOUT_RATE":0,"VERTICAL_SHIFT_SPEED":3,"EM_MODE":1,"EM_GAIN":2,"SHUTTER_MODE":1,"SHUTTER_TTL":0,"SHUTTER_OPENING_TIME":1,"SHUTTER_CLOSING_TIME":1,"VBIN":1,"HBIN":1,"INITIAL_LINE":1,"INITIAL_COLUMN":1,"FINAL_LINE":1024,"FINAL_COLUMN":1024,"FRAME_TRANSFER":true,"VERTICAL_CLOCK_VOLTAGE":0,"AD_CHANNEL":0}
11/9/2022 6:58 PM CommandAcquisChC  TX=WRITE_SETUP {"ACQUISITION_MODE":3,"TRIGGER_MODE":6,"READ_MODE":4,"PREAMP":0,"READOUT_RATE":0,"VERTICAL_SHIFT_SPEED":3,"EM_MODE":1,"EM_GAIN":2,"SHUTTER_MODE":1,"SHUTTER_TTL":0,"SHUTTER_OPENING_TIME":1,"SHUTTER_CLOSING_TIME":1,"VBIN":1,"HBIN":1,"INITIAL_LINE":1,"INITIAL_COLUMN":1,"FINAL_LINE":1024,"FINAL_COLUMN":1024,"FRAME_TRANSFER":true,"VERTICAL_CLOCK_VOLTAGE":0,"AD_CHANNEL":0}
11/9/2022 6:58 PM CommandAcquisChD  TX=WRITE_SETUP {"ACQUISITION_MODE":3,"TRIGGER_MODE":6,"READ_MODE":4,"PREAMP":0,"READOUT_RATE":0,"VERTICAL_SHIFT_SPEED":3,"EM_MODE":1,"EM_GAIN":2,"SHUTTER_MODE":1,"SHUTTER_TTL":0,"SHUTTER_OPENING_TIME":1,"SHUTTER_CLOSING_TIME":1,"VBIN":1,"HBIN":1,"INITIAL_LINE":1,"INITIAL_COLUMN":1,"FINAL_LINE":1024,"FINAL_COLUMN":1024,"FRAME_TRANSFER":true,"VERTICAL_CLOCK_VOLTAGE":0,"AD_CHANNEL":0}
11/9/2022 6:58 PM CommandAcquisChA  TX=READ_SETUP 
11/9/2022 6:58 PM CommandAcquisChB  TX=READ_SETUP 
11/9/2022 6:58 PM CommandAcquisChC  TX=READ_SETUP 
11/9/2022 6:58 PM CommandAcquisChD  TX=READ_SETUP 
11/9/2022 6:58 PM ResponseAcquisChA  RX={"PREAMP":0,"READOUT_RATE":0,"EM_GAIN":2,"VERTICAL_SHIFT_SPEED":3,"READ_MODE":4,"FRAME_TRANSFER":true,"VERTICAL_CLOCK_VOLTAGE":0,"ACQUISITION_MODE":3,"AD_CHANNEL":0,"EM_MODE":1,"SHUTTER_TTL":0,"SHUTTER_OPENING_TIME":1,"SHUTTER_CLOSING_TIME":1,"SHUTTER_MODE":1,"TRIGGER_MODE":6,"VBIN":1,"INITIAL_LINE":1,"INITIAL_COLUMN":1,"FINAL_LINE":1024,"FINAL_COLUMN":1024,"HBIN":1}
11/9/2022 6:58 PM ResponseAcquisChC  RX={"PREAMP":0,"READOUT_RATE":0,"EM_GAIN":2,"VERTICAL_SHIFT_SPEED":3,"READ_MODE":4,"FRAME_TRANSFER":true,"VERTICAL_CLOCK_VOLTAGE":0,"ACQUISITION_MODE":3,"AD_CHANNEL":0,"EM_MODE":1,"SHUTTER_TTL":0,"SHUTTER_OPENING_TIME":1,"SHUTTER_CLOSING_TIME":1,"SHUTTER_MODE":1,"TRIGGER_MODE":6,"VBIN":1,"INITIAL_LINE":1,"INITIAL_COLUMN":1,"FINAL_LINE":1024,"FINAL_COLUMN":1024,"HBIN":1}
11/9/2022 6:58 PM CommandAcquisChA  TX=SET COOLER_POWER_STATUS 0
11/9/2022 6:58 PM ResponseAcquisChB  RX={"PREAMP":0,"READOUT_RATE":0,"EM_GAIN":2,"VERTICAL_SHIFT_SPEED":3,"READ_MODE":4,"FRAME_TRANSFER":true,"VERTICAL_CLOCK_VOLTAGE":0,"ACQUISITION_MODE":3,"AD_CHANNEL":0,"EM_MODE":1,"SHUTTER_TTL":0,"SHUTTER_OPENING_TIME":1,"SHUTTER_CLOSING_TIME":1,"SHUTTER_MODE":1,"TRIGGER_MODE":6,"VBIN":1,"INITIAL_LINE":1,"INITIAL_COLUMN":1,"FINAL_LINE":1024,"FINAL_COLUMN":1024,"HBIN":1}
11/9/2022 6:58 PM ResponseAcquisChD  RX={"PREAMP":0,"READOUT_RATE":0,"EM_GAIN":2,"VERTICAL_SHIFT_SPEED":3,"READ_MODE":4,"FRAME_TRANSFER":true,"VERTICAL_CLOCK_VOLTAGE":0,"ACQUISITION_MODE":3,"AD_CHANNEL":0,"EM_MODE":1,"SHUTTER_TTL":0,"SHUTTER_OPENING_TIME":1,"SHUTTER_CLOSING_TIME":1,"SHUTTER_MODE":1,"TRIGGER_MODE":6,"VBIN":1,"INITIAL_LINE":1,"INITIAL_COLUMN":1,"FINAL_LINE":1024,"FINAL_COLUMN":1024,"HBIN":1}
11/9/2022 6:58 PM CommandAcquisChB  TX=SET TEMP -70
11/9/2022 6:58 PM CommandAcquisChC  TX=SET TEMP -70
11/9/2022 6:58 PM CommandAcquisChD  TX=SET TEMP -69
11/9/2022 6:58 PM ResponseAcquisChA  RX=DONE
11/9/2022 6:58 PM CommandAcquisChB  TX=SET COOLER_POWER_STATUS 1
11/9/2022 6:58 PM ResponseAcquisChC  RX=DONE
11/9/2022 6:58 PM CommandAcquisChC  TX=SET COOLER_POWER_STATUS 1
11/9/2022 6:58 PM CommandAcquisChD  TX=SET COOLER_POWER_STATUS 1
11/9/2022 6:58 PM ResponseAcquisChB  RX=DONE
11/9/2022 6:58 PM ResponseAcquisChD  RX=DONE
11/9/2022 6:58 PM ResponseAcquisChB  RX=DONE
11/9/2022 6:58 PM ResponseAcquisChC  RX=DONE
11/9/2022 6:58 PM ResponseAcquisChD  RX=DONE
11/9/2022 6:58 PM CommandAcquisChA  TX=SET COOLER_POWER_STATUS 1
11/9/2022 6:58 PM ResponseAcquisChA  RX=DONE
11/9/2022 7:00 PM CommandAcquisChA  TX=WRITE_SETUP {"ACQUISITION_MODE":3,"TRIGGER_MODE":0,"READ_MODE":4,"PREAMP":0,"READOUT_RATE":0,"VERTICAL_SHIFT_SPEED":3,"EM_MODE":1,"EM_GAIN":2,"SHUTTER_MODE":1,"SHUTTER_TTL":0,"SHUTTER_OPENING_TIME":1,"SHUTTER_CLOSING_TIME":1,"VBIN":1,"HBIN":1,"INITIAL_LINE":1,"INITIAL_COLUMN":1,"FINAL_LINE":1024,"FINAL_COLUMN":1024,"FRAME_TRANSFER":true,"VERTICAL_CLOCK_VOLTAGE":0,"AD_CHANNEL":0}
11/9/2022 7:00 PM CommandAcquisChB  TX=WRITE_SETUP {"ACQUISITION_MODE":3,"TRIGGER_MODE":0,"READ_MODE":4,"PREAMP":0,"READOUT_RATE":0,"VERTICAL_SHIFT_SPEED":3,"EM_MODE":1,"EM_GAIN":2,"SHUTTER_MODE":1,"SHUTTER_TTL":0,"SHUTTER_OPENING_TIME":1,"SHUTTER_CLOSING_TIME":1,"VBIN":1,"HBIN":1,"INITIAL_LINE":1,"INITIAL_COLUMN":1,"FINAL_LINE":1024,"FINAL_COLUMN":1024,"FRAME_TRANSFER":true,"VERTICAL_CLOCK_VOLTAGE":0,"AD_CHANNEL":0}
11/9/2022 7:00 PM CommandAcquisChC  TX=WRITE_SETUP {"ACQUISITION_MODE":3,"TRIGGER_MODE":0,"READ_MODE":4,"PREAMP":0,"READOUT_RATE":0,"VERTICAL_SHIFT_SPEED":3,"EM_MODE":1,"EM_GAIN":2,"SHUTTER_MODE":1,"SHUTTER_TTL":0,"SHUTTER_OPENING_TIME":1,"SHUTTER_CLOSING_TIME":1,"VBIN":1,"HBIN":1,"INITIAL_LINE":1,"INITIAL_COLUMN":1,"FINAL_LINE":1024,"FINAL_COLUMN":1024,"FRAME_TRANSFER":true,"VERTICAL_CLOCK_VOLTAGE":0,"AD_CHANNEL":0}
11/9/2022 7:00 PM CommandAcquisChD  TX=WRITE_SETUP {"ACQUISITION_MODE":3,"TRIGGER_MODE":0,"READ_MODE":4,"PREAMP":0,"READOUT_RATE":0,"VERTICAL_SHIFT_SPEED":3,"EM_MODE":1,"EM_GAIN":2,"SHUTTER_MODE":1,"SHUTTER_TTL":0,"SHUTTER_OPENING_TIME":1,"SHUTTER_CLOSING_TIME":1,"VBIN":1,"HBIN":1,"INITIAL_LINE":1,"INITIAL_COLUMN":1,"FINAL_LINE":1024,"FINAL_COLUMN":1024,"FRAME_TRANSFER":true,"VERTICAL_CLOCK_VOLTAGE":0,"AD_CHANNEL":0}
11/9/2022 7:00 PM CommandAcquisChA  TX=READ_SETUP 
11/9/2022 7:00 PM ResponseAcquisChA  RX={"PREAMP":0,"READOUT_RATE":0,"EM_GAIN":2,"VERTICAL_SHIFT_SPEED":3,"READ_MODE":4,"FRAME_TRANSFER":true,"VERTICAL_CLOCK_VOLTAGE":0,"ACQUISITION_MODE":3,"AD_CHANNEL":0,"EM_MODE":1,"SHUTTER_TTL":0,"SHUTTER_OPENING_TIME":1,"SHUTTER_CLOSING_TIME":1,"SHUTTER_MODE":1,"TRIGGER_MODE":0,"VBIN":1,"INITIAL_LINE":1,"INITIAL_COLUMN":1,"FINAL_LINE":1024,"FINAL_COLUMN":1024,"HBIN":1}
11/9/2022 7:00 PM CommandAcquisChA  TX=SET TEMP -70
11/9/2022 7:00 PM CommandAcquisChA  TX=SET COOLER_POWER_STATUS 1
11/9/2022 7:00 PM ResponseAcquisChA  RX=DONE
11/9/2022 7:00 PM CommandAcquisChB  TX=READ_SETUP 
11/9/2022 7:00 PM ResponseAcquisChB  RX={"PREAMP":0,"READOUT_RATE":0,"EM_GAIN":2,"VERTICAL_SHIFT_SPEED":3,"READ_MODE":4,"FRAME_TRANSFER":true,"VERTICAL_CLOCK_VOLTAGE":0,"ACQUISITION_MODE":3,"AD_CHANNEL":0,"EM_MODE":1,"SHUTTER_TTL":0,"SHUTTER_OPENING_TIME":1,"SHUTTER_CLOSING_TIME":1,"SHUTTER_MODE":1,"TRIGGER_MODE":0,"VBIN":1,"INITIAL_LINE":1,"INITIAL_COLUMN":1,"FINAL_LINE":1024,"FINAL_COLUMN":1024,"HBIN":1}
11/9/2022 7:00 PM CommandAcquisChB  TX=SET TEMP -70
11/9/2022 7:00 PM CommandAcquisChB  TX=SET COOLER_POWER_STATUS 1
11/9/2022 7:00 PM ResponseAcquisChB  RX=DONE
11/9/2022 7:00 PM ResponseAcquisChB  RX=DONE
11/9/2022 7:00 PM CommandAcquisChC  TX=READ_SETUP 
11/9/2022 7:00 PM ResponseAcquisChC  RX={"PREAMP":0,"READOUT_RATE":0,"EM_GAIN":2,"VERTICAL_SHIFT_SPEED":3,"READ_MODE":4,"FRAME_TRANSFER":true,"VERTICAL_CLOCK_VOLTAGE":0,"ACQUISITION_MODE":3,"AD_CHANNEL":0,"EM_MODE":1,"SHUTTER_TTL":0,"SHUTTER_OPENING_TIME":1,"SHUTTER_CLOSING_TIME":1,"SHUTTER_MODE":1,"TRIGGER_MODE":0,"VBIN":1,"INITIAL_LINE":1,"INITIAL_COLUMN":1,"FINAL_LINE":1024,"FINAL_COLUMN":1024,"HBIN":1}
11/9/2022 7:00 PM CommandAcquisChC  TX=SET TEMP -70
11/9/2022 7:00 PM CommandAcquisChC  TX=SET COOLER_POWER_STATUS 1
11/9/2022 7:00 PM ResponseAcquisChC  RX=DONE
11/9/2022 7:00 PM ResponseAcquisChC  RX=DONE
11/9/2022 7:00 PM CommandAcquisChD  TX=READ_SETUP 
11/9/2022 7:00 PM ResponseAcquisChD  RX={"PREAMP":0,"READOUT_RATE":0,"EM_GAIN":2,"VERTICAL_SHIFT_SPEED":3,"READ_MODE":4,"FRAME_TRANSFER":true,"VERTICAL_CLOCK_VOLTAGE":0,"ACQUISITION_MODE":3,"AD_CHANNEL":0,"EM_MODE":1,"SHUTTER_TTL":0,"SHUTTER_OPENING_TIME":1,"SHUTTER_CLOSING_TIME":1,"SHUTTER_MODE":1,"TRIGGER_MODE":0,"VBIN":1,"INITIAL_LINE":1,"INITIAL_COLUMN":1,"FINAL_LINE":1024,"FINAL_COLUMN":1024,"HBIN":1}
11/9/2022 7:00 PM CommandAcquisChD  TX=SET TEMP -69
11/9/2022 7:00 PM ResponseAcquisChD  RX=DONE
11/9/2022 7:00 PM CommandAcquisChD  TX=SET COOLER_POWER_STATUS 1
11/9/2022 7:00 PM ResponseAcquisChD  RX=DONE
11/9/2022 7:06 PM CommandAcquisChA  TX=SET EXPTIME 100.000000
11/9/2022 7:06 PM ResponseAcquisChA  RX=DONE
11/9/2022 7:06 PM CommandAcquisChA  TX=SET #FRAMES 15.000000
11/9/2022 7:06 PM CommandAcquisChA  TX=SET #CUBES 1.0000 
11/9/2022 7:06 PM ResponseAcquisChA  RX=DONE
11/9/2022 7:06 PM CommandAcquisChA  TX=SET SUFFIX dflat
11/9/2022 7:06 PM ResponseAcquisChA  RX=DONE
11/9/2022 7:06 PM ResponseAcquisChA  RX=DONE
11/9/2022 7:06 PM CommandAcquisChA  TX=SET OBSTYPE DFLAT
11/9/2022 7:06 PM ResponseAcquisChA  RX=DONE
11/9/2022 7:06 PM CommandAcquisChB  TX=SET EXPTIME 20.000000
11/9/2022 7:06 PM ResponseAcquisChB  RX=DONE
11/9/2022 7:06 PM CommandAcquisChB  TX=SET #FRAMES 75.000000
11/9/2022 7:06 PM ResponseAcquisChB  RX=DONE
11/9/2022 7:06 PM CommandAcquisChB  TX=SET #CUBES 1.0000 
11/9/2022 7:06 PM CommandAcquisChB  TX=SET SUFFIX dflat
11/9/2022 7:06 PM ResponseAcquisChB  RX=DONE
11/9/2022 7:06 PM CommandAcquisChB  TX=SET OBSTYPE DFLAT
11/9/2022 7:06 PM ResponseAcquisChB  RX=DONE
11/9/2022 7:06 PM ResponseAcquisChB  RX=DONE
11/9/2022 7:06 PM CommandAcquisChC  TX=SET EXPTIME 25.000000
11/9/2022 7:06 PM ResponseAcquisChC  RX=DONE
11/9/2022 7:06 PM CommandAcquisChC  TX=SET #FRAMES 60.000000
11/9/2022 7:06 PM ResponseAcquisChC  RX=DONE
11/9/2022 7:06 PM CommandAcquisChC  TX=SET #CUBES 1.0000 
11/9/2022 7:06 PM ResponseAcquisChC  RX=DONE
11/9/2022 7:06 PM CommandAcquisChC  TX=SET SUFFIX dflat
11/9/2022 7:06 PM ResponseAcquisChC  RX=DONE
11/9/2022 7:06 PM CommandAcquisChC  TX=SET OBSTYPE DFLAT
11/9/2022 7:06 PM ResponseAcquisChC  RX=DONE
11/9/2022 7:06 PM CommandAcquisChD  TX=SET EXPTIME 30.000000
11/9/2022 7:06 PM ResponseAcquisChD  RX=DONE
11/9/2022 7:06 PM CommandAcquisChD  TX=SET #FRAMES 50.000000
11/9/2022 7:06 PM ResponseAcquisChD  RX=DONE
11/9/2022 7:06 PM CommandAcquisChD  TX=SET #CUBES 1.0000 
11/9/2022 7:06 PM ResponseAcquisChD  RX=DONE
11/9/2022 7:06 PM CommandAcquisChD  TX=SET SUFFIX dflat
11/9/2022 7:06 PM ResponseAcquisChD  RX=DONE
11/9/2022 7:06 PM CommandAcquisChD  TX=SET OBSTYPE DFLAT
11/9/2022 7:06 PM ResponseAcquisChD  RX=DONE
11/9/2022 7:06 PM CommandAcquisChA  TX=EXPOSE
11/9/2022 7:06 PM CommandAcquisChB  TX=EXPOSE
11/9/2022 7:06 PM CommandAcquisChC  TX=EXPOSE
11/9/2022 7:06 PM CommandAcquisChD  TX=EXPOSE
11/9/2022 7:35 PM CommandAcquisChA  TX=SET EXPTIME 100.000000
11/9/2022 7:35 PM ResponseAcquisChA  RX=DONE
11/9/2022 7:35 PM CommandAcquisChA  TX=SET #FRAMES 15.000000
11/9/2022 7:35 PM CommandAcquisChA  TX=SET #CUBES 1.0000 
11/9/2022 7:35 PM ResponseAcquisChA  RX=DONE
11/9/2022 7:35 PM CommandAcquisChA  TX=SET SUFFIX dflat
11/9/2022 7:35 PM ResponseAcquisChA  RX=DONE
11/9/2022 7:35 PM CommandAcquisChA  TX=SET OBSTYPE DFLAT
11/9/2022 7:35 PM ResponseAcquisChA  RX=DONE
11/9/2022 7:35 PM ResponseAcquisChA  RX=DONE
11/9/2022 7:35 PM CommandAcquisChB  TX=SET EXPTIME 20.000000
11/9/2022 7:35 PM ResponseAcquisChB  RX=DONE
11/9/2022 7:35 PM CommandAcquisChB  TX=SET #FRAMES 75.000000
11/9/2022 7:35 PM ResponseAcquisChB  RX=DONE
11/9/2022 7:35 PM CommandAcquisChB  TX=SET #CUBES 1.0000 
11/9/2022 7:35 PM ResponseAcquisChB  RX=DONE
11/9/2022 7:35 PM CommandAcquisChB  TX=SET SUFFIX dflat
11/9/2022 7:35 PM ResponseAcquisChB  RX=DONE
11/9/2022 7:35 PM CommandAcquisChB  TX=SET OBSTYPE DFLAT
11/9/2022 7:35 PM ResponseAcquisChB  RX=DONE
11/9/2022 7:35 PM CommandAcquisChC  TX=SET EXPTIME 25.000000
11/9/2022 7:35 PM ResponseAcquisChC  RX=DONE
11/9/2022 7:35 PM CommandAcquisChC  TX=SET #FRAMES 60.000000
11/9/2022 7:35 PM CommandAcquisChC  TX=SET #CUBES 1.0000 
11/9/2022 7:35 PM ResponseAcquisChC  RX=DONE
11/9/2022 7:35 PM ResponseAcquisChC  RX=DONE
11/9/2022 7:35 PM CommandAcquisChC  TX=SET SUFFIX dflat
11/9/2022 7:35 PM CommandAcquisChC  TX=SET OBSTYPE DFLAT
11/9/2022 7:35 PM ResponseAcquisChC  RX=DONE
11/9/2022 7:35 PM ResponseAcquisChC  RX=DONE
11/9/2022 7:35 PM CommandAcquisChD  TX=SET EXPTIME 30.000000
11/9/2022 7:35 PM ResponseAcquisChD  RX=DONE
11/9/2022 7:35 PM CommandAcquisChD  TX=SET #FRAMES 50.000000
11/9/2022 7:35 PM ResponseAcquisChD  RX=DONE
11/9/2022 7:35 PM CommandAcquisChD  TX=SET #CUBES 1.0000 
11/9/2022 7:35 PM CommandAcquisChD  TX=SET SUFFIX dflat
11/9/2022 7:35 PM ResponseAcquisChD  RX=DONE
11/9/2022 7:35 PM ResponseAcquisChD  RX=DONE
11/9/2022 7:35 PM CommandAcquisChD  TX=SET OBSTYPE DFLAT
11/9/2022 7:35 PM ResponseAcquisChD  RX=DONE
11/9/2022 7:35 PM CommandAcquisChA  TX=EXPOSE
11/9/2022 7:35 PM CommandAcquisChB  TX=EXPOSE
11/9/2022 7:35 PM CommandAcquisChC  TX=EXPOSE
11/9/2022 7:35 PM CommandAcquisChD  TX=EXPOSE
11/9/2022 8:01 PM CommandAcquisChA  TX=WRITE_SETUP {"ACQUISITION_MODE":3,"TRIGGER_MODE":0,"READ_MODE":4,"PREAMP":0,"READOUT_RATE":0,"VERTICAL_SHIFT_SPEED":3,"EM_MODE":1,"EM_GAIN":2,"SHUTTER_MODE":1,"SHUTTER_TTL":0,"SHUTTER_OPENING_TIME":1,"SHUTTER_CLOSING_TIME":1,"VBIN":1,"HBIN":1,"INITIAL_LINE":1,"INITIAL_COLUMN":1,"FINAL_LINE":1024,"FINAL_COLUMN":1024,"FRAME_TRANSFER":true,"VERTICAL_CLOCK_VOLTAGE":0,"AD_CHANNEL":0}
11/9/2022 8:01 PM CommandAcquisChB  TX=WRITE_SETUP {"ACQUISITION_MODE":3,"TRIGGER_MODE":0,"READ_MODE":4,"PREAMP":0,"READOUT_RATE":0,"VERTICAL_SHIFT_SPEED":3,"EM_MODE":1,"EM_GAIN":2,"SHUTTER_MODE":1,"SHUTTER_TTL":0,"SHUTTER_OPENING_TIME":1,"SHUTTER_CLOSING_TIME":1,"VBIN":1,"HBIN":1,"INITIAL_LINE":1,"INITIAL_COLUMN":1,"FINAL_LINE":1024,"FINAL_COLUMN":1024,"FRAME_TRANSFER":true,"VERTICAL_CLOCK_VOLTAGE":0,"AD_CHANNEL":0}
11/9/2022 8:01 PM CommandAcquisChC  TX=WRITE_SETUP {"ACQUISITION_MODE":3,"TRIGGER_MODE":0,"READ_MODE":4,"PREAMP":0,"READOUT_RATE":0,"VERTICAL_SHIFT_SPEED":3,"EM_MODE":1,"EM_GAIN":2,"SHUTTER_MODE":1,"SHUTTER_TTL":0,"SHUTTER_OPENING_TIME":1,"SHUTTER_CLOSING_TIME":1,"VBIN":1,"HBIN":1,"INITIAL_LINE":1,"INITIAL_COLUMN":1,"FINAL_LINE":1024,"FINAL_COLUMN":1024,"FRAME_TRANSFER":true,"VERTICAL_CLOCK_VOLTAGE":0,"AD_CHANNEL":0}
11/9/2022 8:01 PM CommandAcquisChD  TX=WRITE_SETUP {"ACQUISITION_MODE":3,"TRIGGER_MODE":0,"READ_MODE":4,"PREAMP":0,"READOUT_RATE":0,"VERTICAL_SHIFT_SPEED":3,"EM_MODE":1,"EM_GAIN":2,"SHUTTER_MODE":1,"SHUTTER_TTL":0,"SHUTTER_OPENING_TIME":1,"SHUTTER_CLOSING_TIME":1,"VBIN":1,"HBIN":1,"INITIAL_LINE":1,"INITIAL_COLUMN":1,"FINAL_LINE":1024,"FINAL_COLUMN":1024,"FRAME_TRANSFER":true,"VERTICAL_CLOCK_VOLTAGE":0,"AD_CHANNEL":0}
11/9/2022 8:01 PM CommandAcquisChA  TX=READ_SETUP 
11/9/2022 8:01 PM CommandAcquisChB  TX=READ_SETUP 
11/9/2022 8:01 PM CommandAcquisChC  TX=READ_SETUP 
11/9/2022 8:01 PM CommandAcquisChD  TX=READ_SETUP 
11/9/2022 8:01 PM ResponseAcquisChA  RX={"PREAMP":0,"READOUT_RATE":0,"EM_GAIN":2,"VERTICAL_SHIFT_SPEED":3,"READ_MODE":4,"FRAME_TRANSFER":true,"VERTICAL_CLOCK_VOLTAGE":0,"ACQUISITION_MODE":3,"AD_CHANNEL":0,"EM_MODE":1,"SHUTTER_TTL":0,"SHUTTER_OPENING_TIME":1,"SHUTTER_CLOSING_TIME":1,"SHUTTER_MODE":1,"TRIGGER_MODE":0,"VBIN":1,"INITIAL_LINE":1,"INITIAL_COLUMN":1,"FINAL_LINE":1024,"FINAL_COLUMN":1024,"HBIN":1}
11/9/2022 8:01 PM ResponseAcquisChB  RX={"PREAMP":0,"READOUT_RATE":0,"EM_GAIN":2,"VERTICAL_SHIFT_SPEED":3,"READ_MODE":4,"FRAME_TRANSFER":true,"VERTICAL_CLOCK_VOLTAGE":0,"ACQUISITION_MODE":3,"AD_CHANNEL":0,"EM_MODE":1,"SHUTTER_TTL":0,"SHUTTER_OPENING_TIME":1,"SHUTTER_CLOSING_TIME":1,"SHUTTER_MODE":1,"TRIGGER_MODE":0,"VBIN":1,"INITIAL_LINE":1,"INITIAL_COLUMN":1,"FINAL_LINE":1024,"FINAL_COLUMN":1024,"HBIN":1}
11/9/2022 8:01 PM ResponseAcquisChC  RX={"PREAMP":0,"READOUT_RATE":0,"EM_GAIN":2,"VERTICAL_SHIFT_SPEED":3,"READ_MODE":4,"FRAME_TRANSFER":true,"VERTICAL_CLOCK_VOLTAGE":0,"ACQUISITION_MODE":3,"AD_CHANNEL":0,"EM_MODE":1,"SHUTTER_TTL":0,"SHUTTER_OPENING_TIME":1,"SHUTTER_CLOSING_TIME":1,"SHUTTER_MODE":1,"TRIGGER_MODE":0,"VBIN":1,"INITIAL_LINE":1,"INITIAL_COLUMN":1,"FINAL_LINE":1024,"FINAL_COLUMN":1024,"HBIN":1}
11/9/2022 8:01 PM CommandAcquisChA  TX=SET TEMP -70
11/9/2022 8:01 PM CommandAcquisChB  TX=SET TEMP -70
11/9/2022 8:01 PM CommandAcquisChC  TX=SET TEMP -70
11/9/2022 8:01 PM ResponseAcquisChD  RX={"PREAMP":0,"READOUT_RATE":0,"EM_GAIN":2,"VERTICAL_SHIFT_SPEED":3,"READ_MODE":4,"FRAME_TRANSFER":true,"VERTICAL_CLOCK_VOLTAGE":0,"ACQUISITION_MODE":3,"AD_CHANNEL":0,"EM_MODE":1,"SHUTTER_TTL":0,"SHUTTER_OPENING_TIME":1,"SHUTTER_CLOSING_TIME":1,"SHUTTER_MODE":1,"TRIGGER_MODE":0,"VBIN":1,"INITIAL_LINE":1,"INITIAL_COLUMN":1,"FINAL_LINE":1024,"FINAL_COLUMN":1024,"HBIN":1}
11/9/2022 8:01 PM CommandAcquisChD  TX=SET TEMP -69
11/9/2022 8:01 PM ResponseAcquisChA  RX=DONE
11/9/2022 8:01 PM CommandAcquisChA  TX=SET COOLER_POWER_STATUS 1
11/9/2022 8:01 PM CommandAcquisChB  TX=SET COOLER_POWER_STATUS 1
11/9/2022 8:01 PM CommandAcquisChC  TX=SET COOLER_POWER_STATUS 1
11/9/2022 8:01 PM CommandAcquisChD  TX=SET COOLER_POWER_STATUS 1
11/9/2022 8:01 PM ResponseAcquisChB  RX=DONE
11/9/2022 8:01 PM ResponseAcquisChC  RX=DONE
11/9/2022 8:01 PM ResponseAcquisChA  RX=DONE
11/9/2022 8:01 PM ResponseAcquisChC  RX=DONE
11/9/2022 8:01 PM ResponseAcquisChD  RX=DONE
11/9/2022 8:01 PM ResponseAcquisChD  RX=DONE
11/9/2022 8:08 PM CommandAcquisChA  TX=SET EXPTIME 100.000000
11/9/2022 8:08 PM ResponseAcquisChA  RX=DONE
11/9/2022 8:08 PM CommandAcquisChA  TX=SET #FRAMES 1.000000
11/9/2022 8:08 PM ResponseAcquisChA  RX=DONE
11/9/2022 8:08 PM CommandAcquisChA  TX=SET #CUBES 1.0000 
11/9/2022 8:08 PM CommandAcquisChA  TX=SET SUFFIX teste
11/9/2022 8:08 PM ResponseAcquisChA  RX=DONE
11/9/2022 8:08 PM CommandAcquisChA  TX=SET OBSTYPE OBJECT
11/9/2022 8:08 PM ResponseAcquisChA  RX=DONE
11/9/2022 8:08 PM ResponseAcquisChA  RX=DONE
11/9/2022 8:08 PM CommandAcquisChB  TX=SET EXPTIME 20.000000
11/9/2022 8:08 PM ResponseAcquisChB  RX=DONE
11/9/2022 8:08 PM CommandAcquisChB  TX=SET #FRAMES 1.000000
11/9/2022 8:08 PM CommandAcquisChB  TX=SET #CUBES 1.0000 
11/9/2022 8:08 PM ResponseAcquisChB  RX=DONE
11/9/2022 8:08 PM CommandAcquisChB  TX=SET SUFFIX teste
11/9/2022 8:08 PM ResponseAcquisChB  RX=DONE
11/9/2022 8:08 PM ResponseAcquisChB  RX=DONE
11/9/2022 8:08 PM CommandAcquisChB  TX=SET OBSTYPE OBJECT
11/9/2022 8:08 PM ResponseAcquisChB  RX=DONE
11/9/2022 8:08 PM CommandAcquisChC  TX=SET EXPTIME 25.000000
11/9/2022 8:08 PM ResponseAcquisChC  RX=DONE
11/9/2022 8:08 PM CommandAcquisChC  TX=SET #FRAMES 1.000000
11/9/2022 8:08 PM ResponseAcquisChC  RX=DONE
11/9/2022 8:08 PM CommandAcquisChC  TX=SET #CUBES 1.0000 
11/9/2022 8:08 PM CommandAcquisChC  TX=SET SUFFIX teste
11/9/2022 8:08 PM ResponseAcquisChC  RX=DONE
11/9/2022 8:08 PM CommandAcquisChC  TX=SET OBSTYPE OBJECT
11/9/2022 8:08 PM ResponseAcquisChC  RX=DONE
11/9/2022 8:08 PM ResponseAcquisChC  RX=DONE
11/9/2022 8:08 PM CommandAcquisChD  TX=SET EXPTIME 30.000000
11/9/2022 8:08 PM ResponseAcquisChD  RX=DONE
11/9/2022 8:08 PM CommandAcquisChD  TX=SET #FRAMES 1.000000
11/9/2022 8:08 PM ResponseAcquisChD  RX=DONE
11/9/2022 8:08 PM CommandAcquisChD  TX=SET #CUBES 1.0000 
11/9/2022 8:08 PM ResponseAcquisChD  RX=DONE
11/9/2022 8:08 PM CommandAcquisChD  TX=SET SUFFIX teste
11/9/2022 8:08 PM CommandAcquisChD  TX=SET OBSTYPE OBJECT
11/9/2022 8:08 PM ResponseAcquisChD  RX=DONE
11/9/2022 8:08 PM ResponseAcquisChD  RX=DONE
11/9/2022 8:08 PM CommandAcquisChA  TX=EXPOSE
11/9/2022 8:08 PM CommandAcquisChB  TX=EXPOSE
11/9/2022 8:08 PM CommandAcquisChC  TX=EXPOSE
11/9/2022 8:08 PM CommandAcquisChD  TX=EXPOSE
11/9/2022 8:13 PM CommandAcquisChA  TX=SET EXPTIME 100.000000
11/9/2022 8:13 PM ResponseAcquisChA  RX=DONE
11/9/2022 8:13 PM CommandAcquisChA  TX=SET #FRAMES 1.000000
11/9/2022 8:13 PM CommandAcquisChA  TX=SET #CUBES 1.0000 
11/9/2022 8:13 PM ResponseAcquisChA  RX=DONE
11/9/2022 8:13 PM ResponseAcquisChA  RX=DONE
11/9/2022 8:13 PM CommandAcquisChA  TX=SET SUFFIX teste
11/9/2022 8:13 PM CommandAcquisChA  TX=SET OBSTYPE OBJECT
11/9/2022 8:13 PM ResponseAcquisChA  RX=DONE
11/9/2022 8:13 PM ResponseAcquisChA  RX=DONE
11/9/2022 8:13 PM CommandAcquisChB  TX=SET EXPTIME 20.000000
11/9/2022 8:13 PM ResponseAcquisChB  RX=DONE
11/9/2022 8:13 PM CommandAcquisChB  TX=SET #FRAMES 1.000000
11/9/2022 8:13 PM ResponseAcquisChB  RX=DONE
11/9/2022 8:13 PM CommandAcquisChB  TX=SET #CUBES 1.0000 
11/9/2022 8:13 PM CommandAcquisChB  TX=SET SUFFIX teste
11/9/2022 8:13 PM ResponseAcquisChB  RX=DONE
11/9/2022 8:13 PM CommandAcquisChB  TX=SET OBSTYPE OBJECT
11/9/2022 8:13 PM ResponseAcquisChB  RX=DONE
11/9/2022 8:13 PM ResponseAcquisChB  RX=DONE
11/9/2022 8:13 PM CommandAcquisChC  TX=SET EXPTIME 25.000000
11/9/2022 8:13 PM ResponseAcquisChC  RX=DONE
11/9/2022 8:13 PM CommandAcquisChC  TX=SET #FRAMES 1.000000
11/9/2022 8:13 PM ResponseAcquisChC  RX=DONE
11/9/2022 8:13 PM CommandAcquisChC  TX=SET #CUBES 1.0000 
11/9/2022 8:13 PM CommandAcquisChC  TX=SET SUFFIX teste
11/9/2022 8:13 PM ResponseAcquisChC  RX=DONE
11/9/2022 8:13 PM CommandAcquisChC  TX=SET OBSTYPE OBJECT
11/9/2022 8:13 PM ResponseAcquisChC  RX=DONE
11/9/2022 8:13 PM ResponseAcquisChC  RX=DONE
11/9/2022 8:13 PM CommandAcquisChD  TX=SET EXPTIME 30.000000
11/9/2022 8:13 PM ResponseAcquisChD  RX=DONE
11/9/2022 8:13 PM CommandAcquisChD  TX=SET #FRAMES 1.000000
11/9/2022 8:13 PM CommandAcquisChD  TX=SET #CUBES 1.0000 
11/9/2022 8:13 PM ResponseAcquisChD  RX=DONE
11/9/2022 8:13 PM CommandAcquisChD  TX=SET SUFFIX teste
11/9/2022 8:13 PM ResponseAcquisChD  RX=DONE
11/9/2022 8:13 PM ResponseAcquisChD  RX=DONE
11/9/2022 8:13 PM CommandAcquisChD  TX=SET OBSTYPE OBJECT
11/9/2022 8:13 PM ResponseAcquisChD  RX=DONE
11/9/2022 8:13 PM CommandAcquisChA  TX=EXPOSE
11/9/2022 8:13 PM CommandAcquisChB  TX=EXPOSE
11/9/2022 8:13 PM CommandAcquisChC  TX=EXPOSE
11/9/2022 8:13 PM CommandAcquisChD  TX=EXPOSE
11/9/2022 8:13 PM ResponseAcquisChB  RX=RETURNING_STATUS {"CUBE_EXPOSURE_TIME":20,"CUBES_DONE":1,"LAST_IMAGE_NAME":"20221109_s4c2_teste_000264.fits","DISK_SPACE":0,"FRAMES_DONE":1,"CCD_STATUS":"IDLE","CURRENT_TEMPERATURE":-70,"TEMPERATURE_STATUS":"TEMPERATURE_STABILIZED","FRAME_EXPOSURE_TIME":20,"CCD_POWER_STATUS":true,"SERIAL_NUMBER":9915,"ACQUIRING":false}
11/9/2022 8:13 PM ResponseAcquisChD  RX=RETURNING_STATUS {"CUBE_EXPOSURE_TIME":30,"CUBES_DONE":1,"LAST_IMAGE_NAME":"20221109_s4c4_teste_000214.fits","DISK_SPACE":0,"FRAMES_DONE":1,"CCD_STATUS":"IDLE","CURRENT_TEMPERATURE":-68,"TEMPERATURE_STATUS":"TEMPERATURE_STABILIZED","FRAME_EXPOSURE_TIME":30,"CCD_POWER_STATUS":true,"SERIAL_NUMBER":9917,"ACQUIRING":false}
11/9/2022 8:13 PM ResponseAcquisChA  RX=RETURNING_STATUS {"CUBE_EXPOSURE_TIME":100,"CUBES_DONE":1,"LAST_IMAGE_NAME":"20221109_s4c1_teste_000144.fits","DISK_SPACE":0,"FRAMES_DONE":1,"CCD_STATUS":"IDLE","CURRENT_TEMPERATURE":-70,"TEMPERATURE_STATUS":"TEMPERATURE_STABILIZED","FRAME_EXPOSURE_TIME":100,"CCD_POWER_STATUS":true,"SERIAL_NUMBER":9914,"ACQUIRING":false}
11/9/2022 8:13 PM ResponseAcquisChC  RX=RETURNING_STATUS {"CUBE_EXPOSURE_TIME":25,"CUBES_DONE":1,"LAST_IMAGE_NAME":"20221109_s4c3_teste_000234.fits","DISK_SPACE":0,"FRAMES_DONE":1,"CCD_STATUS":"IDLE","CURRENT_TEMPERATURE":-69,"TEMPERATURE_STATUS":"TEMPERATURE_STABILIZED","FRAME_EXPOSURE_TIME":25,"CCD_POWER_STATUS":true,"SERIAL_NUMBER":9916,"ACQUIRING":false}
