11/5/2022 8:24 PM CommandAcquisChA  TX=WRITE_SETUP {"ACQUISITION_MODE":3,"TRIGGER_MODE":0,"READ_MODE":4,"PREAMP":0,"READOUT_RATE":0,"VERTICAL_SHIFT_SPEED":3,"EM_MODE":1,"EM_GAIN":2,"SHUTTER_MODE":2,"SHUTTER_TTL":0,"SHUTTER_OPENING_TIME":1,"SHUTTER_CLOSING_TIME":1,"VBIN":1,"HBIN":1,"INITIAL_LINE":1,"INITIAL_COLUMN":1,"FINAL_LINE":1024,"FINAL_COLUMN":1024,"FRAME_TRANSFER":true,"VERTICAL_CLOCK_VOLTAGE":0,"AD_CHANNEL":0}
11/5/2022 8:24 PM CommandAcquisChB  TX=WRITE_SETUP {"ACQUISITION_MODE":3,"TRIGGER_MODE":0,"READ_MODE":4,"PREAMP":0,"READOUT_RATE":0,"VERTICAL_SHIFT_SPEED":3,"EM_MODE":1,"EM_GAIN":2,"SHUTTER_MODE":2,"SHUTTER_TTL":0,"SHUTTER_OPENING_TIME":1,"SHUTTER_CLOSING_TIME":1,"VBIN":1,"HBIN":1,"INITIAL_LINE":1,"INITIAL_COLUMN":1,"FINAL_LINE":1024,"FINAL_COLUMN":1024,"FRAME_TRANSFER":true,"VERTICAL_CLOCK_VOLTAGE":0,"AD_CHANNEL":0}
11/5/2022 8:24 PM CommandAcquisChC  TX=WRITE_SETUP {"ACQUISITION_MODE":3,"TRIGGER_MODE":0,"READ_MODE":4,"PREAMP":0,"READOUT_RATE":0,"VERTICAL_SHIFT_SPEED":3,"EM_MODE":1,"EM_GAIN":2,"SHUTTER_MODE":2,"SHUTTER_TTL":0,"SHUTTER_OPENING_TIME":1,"SHUTTER_CLOSING_TIME":1,"VBIN":1,"HBIN":1,"INITIAL_LINE":1,"INITIAL_COLUMN":1,"FINAL_LINE":1024,"FINAL_COLUMN":1024,"FRAME_TRANSFER":true,"VERTICAL_CLOCK_VOLTAGE":0,"AD_CHANNEL":0}
11/5/2022 8:24 PM CommandAcquisChD  TX=WRITE_SETUP {"ACQUISITION_MODE":3,"TRIGGER_MODE":0,"READ_MODE":4,"PREAMP":0,"READOUT_RATE":0,"VERTICAL_SHIFT_SPEED":3,"EM_MODE":1,"EM_GAIN":2,"SHUTTER_MODE":2,"SHUTTER_TTL":0,"SHUTTER_OPENING_TIME":1,"SHUTTER_CLOSING_TIME":1,"VBIN":1,"HBIN":1,"INITIAL_LINE":1,"INITIAL_COLUMN":1,"FINAL_LINE":1024,"FINAL_COLUMN":1024,"FRAME_TRANSFER":true,"VERTICAL_CLOCK_VOLTAGE":0,"AD_CHANNEL":0}
11/5/2022 8:24 PM CommandSyncBox  TX=ADELAY 0m

11/5/2022 8:24 PM CommandAcquisChA  TX=READ_SETUP 
11/5/2022 8:24 PM CommandAcquisChB  TX=READ_SETUP 
11/5/2022 8:24 PM CommandAcquisChC  TX=READ_SETUP 
11/5/2022 8:24 PM CommandAcquisChD  TX=READ_SETUP 
11/5/2022 8:24 PM ResponseAcquisChD  RX={"PREAMP":0,"READOUT_RATE":0,"EM_GAIN":2,"VERTICAL_SHIFT_SPEED":3,"READ_MODE":4,"FRAME_TRANSFER":true,"VERTICAL_CLOCK_VOLTAGE":0,"ACQUISITION_MODE":3,"AD_CHANNEL":0,"EM_MODE":1,"SHUTTER_TTL":0,"SHUTTER_OPENING_TIME":1,"SHUTTER_CLOSING_TIME":1,"SHUTTER_MODE":2,"TRIGGER_MODE":0,"VBIN":1,"INITIAL_LINE":1,"INITIAL_COLUMN":1,"FINAL_LINE":1024,"FINAL_COLUMN":1024,"HBIN":1}
11/5/2022 8:24 PM CommandAcquisChD  TX=SET COOLER_POWER_STATUS 0
11/5/2022 8:24 PM ResponseAcquisChD  RX=DONE
11/5/2022 8:24 PM CommandAcquisChA  TX=SET COOLER_POWER_STATUS 0
11/5/2022 8:24 PM CommandAcquisChB  TX=SET COOLER_POWER_STATUS 0
11/5/2022 8:24 PM CommandAcquisChC  TX=SET COOLER_POWER_STATUS 0
11/5/2022 8:31 PM CommandAcquisChA  TX=WRITE_SETUP {"ACQUISITION_MODE":3,"TRIGGER_MODE":0,"READ_MODE":4,"PREAMP":0,"READOUT_RATE":0,"VERTICAL_SHIFT_SPEED":3,"EM_MODE":1,"EM_GAIN":2,"SHUTTER_MODE":2,"SHUTTER_TTL":0,"SHUTTER_OPENING_TIME":1,"SHUTTER_CLOSING_TIME":1,"VBIN":1,"HBIN":1,"INITIAL_LINE":1,"INITIAL_COLUMN":1,"FINAL_LINE":1024,"FINAL_COLUMN":1024,"FRAME_TRANSFER":true,"VERTICAL_CLOCK_VOLTAGE":0,"AD_CHANNEL":0}
11/5/2022 8:31 PM CommandAcquisChB  TX=WRITE_SETUP {"ACQUISITION_MODE":3,"TRIGGER_MODE":0,"READ_MODE":4,"PREAMP":0,"READOUT_RATE":0,"VERTICAL_SHIFT_SPEED":3,"EM_MODE":1,"EM_GAIN":2,"SHUTTER_MODE":2,"SHUTTER_TTL":0,"SHUTTER_OPENING_TIME":1,"SHUTTER_CLOSING_TIME":1,"VBIN":1,"HBIN":1,"INITIAL_LINE":1,"INITIAL_COLUMN":1,"FINAL_LINE":1024,"FINAL_COLUMN":1024,"FRAME_TRANSFER":true,"VERTICAL_CLOCK_VOLTAGE":0,"AD_CHANNEL":0}
11/5/2022 8:31 PM CommandAcquisChC  TX=WRITE_SETUP {"ACQUISITION_MODE":3,"TRIGGER_MODE":0,"READ_MODE":4,"PREAMP":0,"READOUT_RATE":0,"VERTICAL_SHIFT_SPEED":3,"EM_MODE":1,"EM_GAIN":2,"SHUTTER_MODE":2,"SHUTTER_TTL":0,"SHUTTER_OPENING_TIME":1,"SHUTTER_CLOSING_TIME":1,"VBIN":1,"HBIN":1,"INITIAL_LINE":1,"INITIAL_COLUMN":1,"FINAL_LINE":1024,"FINAL_COLUMN":1024,"FRAME_TRANSFER":true,"VERTICAL_CLOCK_VOLTAGE":0,"AD_CHANNEL":0}
11/5/2022 8:31 PM CommandAcquisChD  TX=WRITE_SETUP {"ACQUISITION_MODE":3,"TRIGGER_MODE":0,"READ_MODE":4,"PREAMP":0,"READOUT_RATE":0,"VERTICAL_SHIFT_SPEED":3,"EM_MODE":1,"EM_GAIN":2,"SHUTTER_MODE":2,"SHUTTER_TTL":0,"SHUTTER_OPENING_TIME":1,"SHUTTER_CLOSING_TIME":1,"VBIN":1,"HBIN":1,"INITIAL_LINE":1,"INITIAL_COLUMN":1,"FINAL_LINE":1024,"FINAL_COLUMN":1024,"FRAME_TRANSFER":true,"VERTICAL_CLOCK_VOLTAGE":0,"AD_CHANNEL":0}
11/5/2022 8:31 PM CommandAcquisChA  TX=WRITE_SETUP {"ACQUISITION_MODE":3,"TRIGGER_MODE":6,"READ_MODE":4,"PREAMP":0,"READOUT_RATE":0,"VERTICAL_SHIFT_SPEED":3,"EM_MODE":1,"EM_GAIN":2,"SHUTTER_MODE":2,"SHUTTER_TTL":0,"SHUTTER_OPENING_TIME":1,"SHUTTER_CLOSING_TIME":1,"VBIN":1,"HBIN":1,"INITIAL_LINE":1,"INITIAL_COLUMN":1,"FINAL_LINE":1024,"FINAL_COLUMN":1024,"FRAME_TRANSFER":true,"VERTICAL_CLOCK_VOLTAGE":0,"AD_CHANNEL":0}
11/5/2022 8:31 PM CommandAcquisChB  TX=WRITE_SETUP {"ACQUISITION_MODE":3,"TRIGGER_MODE":6,"READ_MODE":4,"PREAMP":0,"READOUT_RATE":0,"VERTICAL_SHIFT_SPEED":3,"EM_MODE":1,"EM_GAIN":2,"SHUTTER_MODE":2,"SHUTTER_TTL":0,"SHUTTER_OPENING_TIME":1,"SHUTTER_CLOSING_TIME":1,"VBIN":1,"HBIN":1,"INITIAL_LINE":1,"INITIAL_COLUMN":1,"FINAL_LINE":1024,"FINAL_COLUMN":1024,"FRAME_TRANSFER":true,"VERTICAL_CLOCK_VOLTAGE":0,"AD_CHANNEL":0}
11/5/2022 8:31 PM CommandAcquisChC  TX=WRITE_SETUP {"ACQUISITION_MODE":3,"TRIGGER_MODE":6,"READ_MODE":4,"PREAMP":0,"READOUT_RATE":0,"VERTICAL_SHIFT_SPEED":3,"EM_MODE":1,"EM_GAIN":2,"SHUTTER_MODE":2,"SHUTTER_TTL":0,"SHUTTER_OPENING_TIME":1,"SHUTTER_CLOSING_TIME":1,"VBIN":1,"HBIN":1,"INITIAL_LINE":1,"INITIAL_COLUMN":1,"FINAL_LINE":1024,"FINAL_COLUMN":1024,"FRAME_TRANSFER":true,"VERTICAL_CLOCK_VOLTAGE":0,"AD_CHANNEL":0}
11/5/2022 8:31 PM CommandAcquisChD  TX=WRITE_SETUP {"ACQUISITION_MODE":3,"TRIGGER_MODE":6,"READ_MODE":4,"PREAMP":0,"READOUT_RATE":0,"VERTICAL_SHIFT_SPEED":3,"EM_MODE":1,"EM_GAIN":2,"SHUTTER_MODE":2,"SHUTTER_TTL":0,"SHUTTER_OPENING_TIME":1,"SHUTTER_CLOSING_TIME":1,"VBIN":1,"HBIN":1,"INITIAL_LINE":1,"INITIAL_COLUMN":1,"FINAL_LINE":1024,"FINAL_COLUMN":1024,"FRAME_TRANSFER":true,"VERTICAL_CLOCK_VOLTAGE":0,"AD_CHANNEL":0}
11/5/2022 8:31 PM CommandAcquisChA  TX=READ_SETUP 
11/5/2022 8:31 PM CommandAcquisChB  TX=READ_SETUP 
11/5/2022 8:31 PM CommandAcquisChC  TX=READ_SETUP 
11/5/2022 8:31 PM CommandAcquisChD  TX=READ_SETUP 
11/5/2022 8:31 PM ResponseAcquisChB  RX={"PREAMP":0,"READOUT_RATE":0,"EM_GAIN":2,"VERTICAL_SHIFT_SPEED":3,"READ_MODE":4,"FRAME_TRANSFER":true,"VERTICAL_CLOCK_VOLTAGE":0,"ACQUISITION_MODE":3,"AD_CHANNEL":0,"EM_MODE":1,"SHUTTER_TTL":0,"SHUTTER_OPENING_TIME":1,"SHUTTER_CLOSING_TIME":1,"SHUTTER_MODE":2,"TRIGGER_MODE":6,"VBIN":1,"INITIAL_LINE":1,"INITIAL_COLUMN":1,"FINAL_LINE":1024,"FINAL_COLUMN":1024,"HBIN":1}
11/5/2022 8:31 PM ResponseAcquisChA  RX={"PREAMP":0,"READOUT_RATE":0,"EM_GAIN":2,"VERTICAL_SHIFT_SPEED":3,"READ_MODE":4,"FRAME_TRANSFER":true,"VERTICAL_CLOCK_VOLTAGE":0,"ACQUISITION_MODE":3,"AD_CHANNEL":0,"EM_MODE":1,"SHUTTER_TTL":0,"SHUTTER_OPENING_TIME":1,"SHUTTER_CLOSING_TIME":1,"SHUTTER_MODE":2,"TRIGGER_MODE":6,"VBIN":1,"INITIAL_LINE":1,"INITIAL_COLUMN":1,"FINAL_LINE":1024,"FINAL_COLUMN":1024,"HBIN":1}
11/5/2022 8:31 PM CommandAcquisChA  TX=SET COOLER_POWER_STATUS 0
11/5/2022 8:31 PM CommandAcquisChB  TX=SET COOLER_POWER_STATUS 0
11/5/2022 8:31 PM ResponseAcquisChC  RX={"PREAMP":0,"READOUT_RATE":0,"EM_GAIN":2,"VERTICAL_SHIFT_SPEED":3,"READ_MODE":4,"FRAME_TRANSFER":true,"VERTICAL_CLOCK_VOLTAGE":0,"ACQUISITION_MODE":3,"AD_CHANNEL":0,"EM_MODE":1,"SHUTTER_TTL":0,"SHUTTER_OPENING_TIME":1,"SHUTTER_CLOSING_TIME":1,"SHUTTER_MODE":2,"TRIGGER_MODE":6,"VBIN":1,"INITIAL_LINE":1,"INITIAL_COLUMN":1,"FINAL_LINE":1024,"FINAL_COLUMN":1024,"HBIN":1}
11/5/2022 8:31 PM CommandAcquisChC  TX=SET COOLER_POWER_STATUS 0
11/5/2022 8:31 PM CommandAcquisChD  TX=SET COOLER_POWER_STATUS 0
11/5/2022 8:31 PM ResponseAcquisChA  RX=DONE
11/5/2022 8:31 PM ResponseAcquisChC  RX=DONE
11/5/2022 8:31 PM ResponseAcquisChD  RX={"PREAMP":0,"READOUT_RATE":0,"EM_GAIN":2,"VERTICAL_SHIFT_SPEED":3,"READ_MODE":4,"FRAME_TRANSFER":true,"VERTICAL_CLOCK_VOLTAGE":0,"ACQUISITION_MODE":3,"AD_CHANNEL":0,"EM_MODE":1,"SHUTTER_TTL":0,"SHUTTER_OPENING_TIME":1,"SHUTTER_CLOSING_TIME":1,"SHUTTER_MODE":2,"TRIGGER_MODE":6,"VBIN":1,"INITIAL_LINE":1,"INITIAL_COLUMN":1,"FINAL_LINE":1024,"FINAL_COLUMN":1024,"HBIN":1}
11/5/2022 8:31 PM ResponseAcquisChB  RX=DONE
11/5/2022 8:31 PM ResponseAcquisChD  RX=DONE
11/5/2022 8:31 PM CommandAcquisChA  TX=WRITE_SETUP {"ACQUISITION_MODE":3,"TRIGGER_MODE":6,"READ_MODE":4,"PREAMP":0,"READOUT_RATE":0,"VERTICAL_SHIFT_SPEED":3,"EM_MODE":1,"EM_GAIN":2,"SHUTTER_MODE":1,"SHUTTER_TTL":0,"SHUTTER_OPENING_TIME":1,"SHUTTER_CLOSING_TIME":1,"VBIN":1,"HBIN":1,"INITIAL_LINE":1,"INITIAL_COLUMN":1,"FINAL_LINE":1024,"FINAL_COLUMN":1024,"FRAME_TRANSFER":true,"VERTICAL_CLOCK_VOLTAGE":0,"AD_CHANNEL":0}
11/5/2022 8:31 PM CommandAcquisChB  TX=WRITE_SETUP {"ACQUISITION_MODE":3,"TRIGGER_MODE":6,"READ_MODE":4,"PREAMP":0,"READOUT_RATE":0,"VERTICAL_SHIFT_SPEED":3,"EM_MODE":1,"EM_GAIN":2,"SHUTTER_MODE":1,"SHUTTER_TTL":0,"SHUTTER_OPENING_TIME":1,"SHUTTER_CLOSING_TIME":1,"VBIN":1,"HBIN":1,"INITIAL_LINE":1,"INITIAL_COLUMN":1,"FINAL_LINE":1024,"FINAL_COLUMN":1024,"FRAME_TRANSFER":true,"VERTICAL_CLOCK_VOLTAGE":0,"AD_CHANNEL":0}
11/5/2022 8:31 PM CommandAcquisChC  TX=WRITE_SETUP {"ACQUISITION_MODE":3,"TRIGGER_MODE":6,"READ_MODE":4,"PREAMP":0,"READOUT_RATE":0,"VERTICAL_SHIFT_SPEED":3,"EM_MODE":1,"EM_GAIN":2,"SHUTTER_MODE":1,"SHUTTER_TTL":0,"SHUTTER_OPENING_TIME":1,"SHUTTER_CLOSING_TIME":1,"VBIN":1,"HBIN":1,"INITIAL_LINE":1,"INITIAL_COLUMN":1,"FINAL_LINE":1024,"FINAL_COLUMN":1024,"FRAME_TRANSFER":true,"VERTICAL_CLOCK_VOLTAGE":0,"AD_CHANNEL":0}
11/5/2022 8:31 PM CommandAcquisChD  TX=WRITE_SETUP {"ACQUISITION_MODE":3,"TRIGGER_MODE":6,"READ_MODE":4,"PREAMP":0,"READOUT_RATE":0,"VERTICAL_SHIFT_SPEED":3,"EM_MODE":1,"EM_GAIN":2,"SHUTTER_MODE":1,"SHUTTER_TTL":0,"SHUTTER_OPENING_TIME":1,"SHUTTER_CLOSING_TIME":1,"VBIN":1,"HBIN":1,"INITIAL_LINE":1,"INITIAL_COLUMN":1,"FINAL_LINE":1024,"FINAL_COLUMN":1024,"FRAME_TRANSFER":true,"VERTICAL_CLOCK_VOLTAGE":0,"AD_CHANNEL":0}
11/5/2022 8:31 PM CommandAcquisChA  TX=READ_SETUP 
11/5/2022 8:31 PM CommandAcquisChB  TX=READ_SETUP 
11/5/2022 8:31 PM CommandAcquisChC  TX=READ_SETUP 
11/5/2022 8:31 PM CommandAcquisChD  TX=READ_SETUP 
11/5/2022 8:31 PM ResponseAcquisChA  RX={"PREAMP":0,"READOUT_RATE":0,"EM_GAIN":2,"VERTICAL_SHIFT_SPEED":3,"READ_MODE":4,"FRAME_TRANSFER":true,"VERTICAL_CLOCK_VOLTAGE":0,"ACQUISITION_MODE":3,"AD_CHANNEL":0,"EM_MODE":1,"SHUTTER_TTL":0,"SHUTTER_OPENING_TIME":1,"SHUTTER_CLOSING_TIME":1,"SHUTTER_MODE":1,"TRIGGER_MODE":6,"VBIN":1,"INITIAL_LINE":1,"INITIAL_COLUMN":1,"FINAL_LINE":1024,"FINAL_COLUMN":1024,"HBIN":1}
11/5/2022 8:31 PM CommandAcquisChA  TX=SET COOLER_POWER_STATUS 0
11/5/2022 8:31 PM ResponseAcquisChB  RX={"PREAMP":0,"READOUT_RATE":0,"EM_GAIN":2,"VERTICAL_SHIFT_SPEED":3,"READ_MODE":4,"FRAME_TRANSFER":true,"VERTICAL_CLOCK_VOLTAGE":0,"ACQUISITION_MODE":3,"AD_CHANNEL":0,"EM_MODE":1,"SHUTTER_TTL":0,"SHUTTER_OPENING_TIME":1,"SHUTTER_CLOSING_TIME":1,"SHUTTER_MODE":1,"TRIGGER_MODE":6,"VBIN":1,"INITIAL_LINE":1,"INITIAL_COLUMN":1,"FINAL_LINE":1024,"FINAL_COLUMN":1024,"HBIN":1}
11/5/2022 8:31 PM CommandAcquisChB  TX=SET COOLER_POWER_STATUS 0
11/5/2022 8:31 PM CommandAcquisChC  TX=SET COOLER_POWER_STATUS 0
11/5/2022 8:31 PM CommandAcquisChD  TX=SET COOLER_POWER_STATUS 0
11/5/2022 8:31 PM ResponseAcquisChA  RX=DONE
11/5/2022 8:31 PM ResponseAcquisChB  RX=DONE
11/5/2022 8:31 PM ResponseAcquisChC  RX={"PREAMP":0,"READOUT_RATE":0,"EM_GAIN":2,"VERTICAL_SHIFT_SPEED":3,"READ_MODE":4,"FRAME_TRANSFER":true,"VERTICAL_CLOCK_VOLTAGE":0,"ACQUISITION_MODE":3,"AD_CHANNEL":0,"EM_MODE":1,"SHUTTER_TTL":0,"SHUTTER_OPENING_TIME":1,"SHUTTER_CLOSING_TIME":1,"SHUTTER_MODE":1,"TRIGGER_MODE":6,"VBIN":1,"INITIAL_LINE":1,"INITIAL_COLUMN":1,"FINAL_LINE":1024,"FINAL_COLUMN":1024,"HBIN":1}
11/5/2022 8:31 PM ResponseAcquisChD  RX={"PREAMP":0,"READOUT_RATE":0,"EM_GAIN":2,"VERTICAL_SHIFT_SPEED":3,"READ_MODE":4,"FRAME_TRANSFER":true,"VERTICAL_CLOCK_VOLTAGE":0,"ACQUISITION_MODE":3,"AD_CHANNEL":0,"EM_MODE":1,"SHUTTER_TTL":0,"SHUTTER_OPENING_TIME":1,"SHUTTER_CLOSING_TIME":1,"SHUTTER_MODE":1,"TRIGGER_MODE":6,"VBIN":1,"INITIAL_LINE":1,"INITIAL_COLUMN":1,"FINAL_LINE":1024,"FINAL_COLUMN":1024,"HBIN":1}
11/5/2022 8:32 PM CommandAcquisChA  TX=WRITE_SETUP {"ACQUISITION_MODE":3,"TRIGGER_MODE":6,"READ_MODE":4,"PREAMP":0,"READOUT_RATE":0,"VERTICAL_SHIFT_SPEED":3,"EM_MODE":1,"EM_GAIN":2,"SHUTTER_MODE":1,"SHUTTER_TTL":0,"SHUTTER_OPENING_TIME":1,"SHUTTER_CLOSING_TIME":1,"VBIN":1,"HBIN":1,"INITIAL_LINE":1,"INITIAL_COLUMN":1,"FINAL_LINE":1024,"FINAL_COLUMN":1024,"FRAME_TRANSFER":true,"VERTICAL_CLOCK_VOLTAGE":0,"AD_CHANNEL":0}
11/5/2022 8:32 PM CommandAcquisChB  TX=WRITE_SETUP {"ACQUISITION_MODE":3,"TRIGGER_MODE":6,"READ_MODE":4,"PREAMP":0,"READOUT_RATE":0,"VERTICAL_SHIFT_SPEED":3,"EM_MODE":1,"EM_GAIN":2,"SHUTTER_MODE":1,"SHUTTER_TTL":0,"SHUTTER_OPENING_TIME":1,"SHUTTER_CLOSING_TIME":1,"VBIN":1,"HBIN":1,"INITIAL_LINE":1,"INITIAL_COLUMN":1,"FINAL_LINE":1024,"FINAL_COLUMN":1024,"FRAME_TRANSFER":true,"VERTICAL_CLOCK_VOLTAGE":0,"AD_CHANNEL":0}
11/5/2022 8:32 PM CommandAcquisChC  TX=WRITE_SETUP {"ACQUISITION_MODE":3,"TRIGGER_MODE":6,"READ_MODE":4,"PREAMP":0,"READOUT_RATE":0,"VERTICAL_SHIFT_SPEED":3,"EM_MODE":1,"EM_GAIN":2,"SHUTTER_MODE":1,"SHUTTER_TTL":0,"SHUTTER_OPENING_TIME":1,"SHUTTER_CLOSING_TIME":1,"VBIN":1,"HBIN":1,"INITIAL_LINE":1,"INITIAL_COLUMN":1,"FINAL_LINE":1024,"FINAL_COLUMN":1024,"FRAME_TRANSFER":true,"VERTICAL_CLOCK_VOLTAGE":0,"AD_CHANNEL":0}
11/5/2022 8:32 PM CommandAcquisChD  TX=WRITE_SETUP {"ACQUISITION_MODE":3,"TRIGGER_MODE":6,"READ_MODE":4,"PREAMP":0,"READOUT_RATE":0,"VERTICAL_SHIFT_SPEED":3,"EM_MODE":1,"EM_GAIN":2,"SHUTTER_MODE":1,"SHUTTER_TTL":0,"SHUTTER_OPENING_TIME":1,"SHUTTER_CLOSING_TIME":1,"VBIN":1,"HBIN":1,"INITIAL_LINE":1,"INITIAL_COLUMN":1,"FINAL_LINE":1024,"FINAL_COLUMN":1024,"FRAME_TRANSFER":true,"VERTICAL_CLOCK_VOLTAGE":0,"AD_CHANNEL":0}
11/5/2022 8:32 PM CommandAcquisChA  TX=READ_SETUP 
11/5/2022 8:32 PM CommandAcquisChB  TX=READ_SETUP 
11/5/2022 8:32 PM CommandAcquisChC  TX=READ_SETUP 
11/5/2022 8:32 PM CommandAcquisChD  TX=READ_SETUP 
11/5/2022 8:32 PM ResponseAcquisChD  RX={"PREAMP":0,"READOUT_RATE":0,"EM_GAIN":2,"VERTICAL_SHIFT_SPEED":3,"READ_MODE":4,"FRAME_TRANSFER":true,"VERTICAL_CLOCK_VOLTAGE":0,"ACQUISITION_MODE":3,"AD_CHANNEL":0,"EM_MODE":1,"SHUTTER_TTL":0,"SHUTTER_OPENING_TIME":1,"SHUTTER_CLOSING_TIME":1,"SHUTTER_MODE":1,"TRIGGER_MODE":6,"VBIN":1,"INITIAL_LINE":1,"INITIAL_COLUMN":1,"FINAL_LINE":1024,"FINAL_COLUMN":1024,"HBIN":1}
11/5/2022 8:32 PM ResponseAcquisChA  RX={"PREAMP":0,"READOUT_RATE":0,"EM_GAIN":2,"VERTICAL_SHIFT_SPEED":3,"READ_MODE":4,"FRAME_TRANSFER":true,"VERTICAL_CLOCK_VOLTAGE":0,"ACQUISITION_MODE":3,"AD_CHANNEL":0,"EM_MODE":1,"SHUTTER_TTL":0,"SHUTTER_OPENING_TIME":1,"SHUTTER_CLOSING_TIME":1,"SHUTTER_MODE":1,"TRIGGER_MODE":6,"VBIN":1,"INITIAL_LINE":1,"INITIAL_COLUMN":1,"FINAL_LINE":1024,"FINAL_COLUMN":1024,"HBIN":1}
11/5/2022 8:32 PM CommandAcquisChA  TX=SET COOLER_POWER_STATUS 0
11/5/2022 8:32 PM CommandAcquisChB  TX=SET COOLER_POWER_STATUS 0
11/5/2022 8:32 PM CommandAcquisChC  TX=SET COOLER_POWER_STATUS 0
11/5/2022 8:32 PM CommandAcquisChD  TX=SET COOLER_POWER_STATUS 0
11/5/2022 8:32 PM ResponseAcquisChA  RX=DONE
11/5/2022 8:32 PM ResponseAcquisChB  RX={"PREAMP":0,"READOUT_RATE":0,"EM_GAIN":2,"VERTICAL_SHIFT_SPEED":3,"READ_MODE":4,"FRAME_TRANSFER":true,"VERTICAL_CLOCK_VOLTAGE":0,"ACQUISITION_MODE":3,"AD_CHANNEL":0,"EM_MODE":1,"SHUTTER_TTL":0,"SHUTTER_OPENING_TIME":1,"SHUTTER_CLOSING_TIME":1,"SHUTTER_MODE":1,"TRIGGER_MODE":6,"VBIN":1,"INITIAL_LINE":1,"INITIAL_COLUMN":1,"FINAL_LINE":1024,"FINAL_COLUMN":1024,"HBIN":1}
11/5/2022 8:32 PM ResponseAcquisChC  RX={"PREAMP":0,"READOUT_RATE":0,"EM_GAIN":2,"VERTICAL_SHIFT_SPEED":3,"READ_MODE":4,"FRAME_TRANSFER":true,"VERTICAL_CLOCK_VOLTAGE":0,"ACQUISITION_MODE":3,"AD_CHANNEL":0,"EM_MODE":1,"SHUTTER_TTL":0,"SHUTTER_OPENING_TIME":1,"SHUTTER_CLOSING_TIME":1,"SHUTTER_MODE":1,"TRIGGER_MODE":6,"VBIN":1,"INITIAL_LINE":1,"INITIAL_COLUMN":1,"FINAL_LINE":1024,"FINAL_COLUMN":1024,"HBIN":1}
11/5/2022 8:32 PM ResponseAcquisChB  RX=DONE
11/5/2022 8:32 PM ResponseAcquisChC  RX=DONE
11/5/2022 8:32 PM ResponseAcquisChD  RX=DONE
11/5/2022 8:32 PM CommandAcquisChA  TX=WRITE_SETUP {"ACQUISITION_MODE":3,"TRIGGER_MODE":0,"READ_MODE":4,"PREAMP":0,"READOUT_RATE":0,"VERTICAL_SHIFT_SPEED":3,"EM_MODE":1,"EM_GAIN":2,"SHUTTER_MODE":1,"SHUTTER_TTL":0,"SHUTTER_OPENING_TIME":1,"SHUTTER_CLOSING_TIME":1,"VBIN":1,"HBIN":1,"INITIAL_LINE":1,"INITIAL_COLUMN":1,"FINAL_LINE":1024,"FINAL_COLUMN":1024,"FRAME_TRANSFER":true,"VERTICAL_CLOCK_VOLTAGE":0,"AD_CHANNEL":0}
11/5/2022 8:32 PM CommandAcquisChA  TX=WRITE_SETUP {"ACQUISITION_MODE":3,"TRIGGER_MODE":0,"READ_MODE":4,"PREAMP":0,"READOUT_RATE":0,"VERTICAL_SHIFT_SPEED":3,"EM_MODE":1,"EM_GAIN":2,"SHUTTER_MODE":1,"SHUTTER_TTL":0,"SHUTTER_OPENING_TIME":1,"SHUTTER_CLOSING_TIME":1,"VBIN":1,"HBIN":1,"INITIAL_LINE":1,"INITIAL_COLUMN":1,"FINAL_LINE":1024,"FINAL_COLUMN":1024,"FRAME_TRANSFER":true,"VERTICAL_CLOCK_VOLTAGE":0,"AD_CHANNEL":0}
11/5/2022 8:32 PM CommandAcquisChA  TX=READ_SETUP 
11/5/2022 8:32 PM ResponseAcquisChA  RX={"PREAMP":0,"READOUT_RATE":0,"EM_GAIN":2,"VERTICAL_SHIFT_SPEED":3,"READ_MODE":4,"FRAME_TRANSFER":true,"VERTICAL_CLOCK_VOLTAGE":0,"ACQUISITION_MODE":3,"AD_CHANNEL":0,"EM_MODE":1,"SHUTTER_TTL":0,"SHUTTER_OPENING_TIME":1,"SHUTTER_CLOSING_TIME":1,"SHUTTER_MODE":1,"TRIGGER_MODE":0,"VBIN":1,"INITIAL_LINE":1,"INITIAL_COLUMN":1,"FINAL_LINE":1024,"FINAL_COLUMN":1024,"HBIN":1}
11/5/2022 8:32 PM CommandAcquisChA  TX=SET COOLER_POWER_STATUS 0
11/5/2022 8:32 PM ResponseAcquisChA  RX=DONE
11/5/2022 8:32 PM CommandAcquisChB  TX=WRITE_SETUP {"ACQUISITION_MODE":3,"TRIGGER_MODE":0,"READ_MODE":4,"PREAMP":0,"READOUT_RATE":0,"VERTICAL_SHIFT_SPEED":3,"EM_MODE":1,"EM_GAIN":2,"SHUTTER_MODE":1,"SHUTTER_TTL":0,"SHUTTER_OPENING_TIME":1,"SHUTTER_CLOSING_TIME":1,"VBIN":1,"HBIN":1,"INITIAL_LINE":1,"INITIAL_COLUMN":1,"FINAL_LINE":1024,"FINAL_COLUMN":1024,"FRAME_TRANSFER":true,"VERTICAL_CLOCK_VOLTAGE":0,"AD_CHANNEL":0}
11/5/2022 8:32 PM CommandAcquisChB  TX=READ_SETUP 
11/5/2022 8:32 PM CommandAcquisChB  TX=SET COOLER_POWER_STATUS 0
11/5/2022 8:32 PM ResponseAcquisChB  RX={"PREAMP":0,"READOUT_RATE":0,"EM_GAIN":2,"VERTICAL_SHIFT_SPEED":3,"READ_MODE":4,"FRAME_TRANSFER":true,"VERTICAL_CLOCK_VOLTAGE":0,"ACQUISITION_MODE":3,"AD_CHANNEL":0,"EM_MODE":1,"SHUTTER_TTL":0,"SHUTTER_OPENING_TIME":1,"SHUTTER_CLOSING_TIME":1,"SHUTTER_MODE":1,"TRIGGER_MODE":0,"VBIN":1,"INITIAL_LINE":1,"INITIAL_COLUMN":1,"FINAL_LINE":1024,"FINAL_COLUMN":1024,"HBIN":1}
11/5/2022 8:32 PM ResponseAcquisChB  RX=DONE
11/5/2022 8:32 PM CommandAcquisChC  TX=WRITE_SETUP {"ACQUISITION_MODE":3,"TRIGGER_MODE":0,"READ_MODE":4,"PREAMP":0,"READOUT_RATE":0,"VERTICAL_SHIFT_SPEED":3,"EM_MODE":1,"EM_GAIN":2,"SHUTTER_MODE":1,"SHUTTER_TTL":0,"SHUTTER_OPENING_TIME":1,"SHUTTER_CLOSING_TIME":1,"VBIN":1,"HBIN":1,"INITIAL_LINE":1,"INITIAL_COLUMN":1,"FINAL_LINE":1024,"FINAL_COLUMN":1024,"FRAME_TRANSFER":true,"VERTICAL_CLOCK_VOLTAGE":0,"AD_CHANNEL":0}
11/5/2022 8:32 PM CommandAcquisChC  TX=WRITE_SETUP {"ACQUISITION_MODE":3,"TRIGGER_MODE":0,"READ_MODE":4,"PREAMP":0,"READOUT_RATE":0,"VERTICAL_SHIFT_SPEED":3,"EM_MODE":1,"EM_GAIN":2,"SHUTTER_MODE":1,"SHUTTER_TTL":0,"SHUTTER_OPENING_TIME":1,"SHUTTER_CLOSING_TIME":1,"VBIN":1,"HBIN":1,"INITIAL_LINE":1,"INITIAL_COLUMN":1,"FINAL_LINE":1024,"FINAL_COLUMN":1024,"FRAME_TRANSFER":true,"VERTICAL_CLOCK_VOLTAGE":0,"AD_CHANNEL":0}
11/5/2022 8:32 PM CommandAcquisChC  TX=READ_SETUP 
11/5/2022 8:32 PM ResponseAcquisChC  RX={"PREAMP":0,"READOUT_RATE":0,"EM_GAIN":2,"VERTICAL_SHIFT_SPEED":3,"READ_MODE":4,"FRAME_TRANSFER":true,"VERTICAL_CLOCK_VOLTAGE":0,"ACQUISITION_MODE":3,"AD_CHANNEL":0,"EM_MODE":1,"SHUTTER_TTL":0,"SHUTTER_OPENING_TIME":1,"SHUTTER_CLOSING_TIME":1,"SHUTTER_MODE":1,"TRIGGER_MODE":0,"VBIN":1,"INITIAL_LINE":1,"INITIAL_COLUMN":1,"FINAL_LINE":1024,"FINAL_COLUMN":1024,"HBIN":1}
11/5/2022 8:32 PM CommandAcquisChC  TX=SET COOLER_POWER_STATUS 0
11/5/2022 8:32 PM ResponseAcquisChC  RX=DONE
11/5/2022 8:32 PM CommandAcquisChD  TX=WRITE_SETUP {"ACQUISITION_MODE":3,"TRIGGER_MODE":0,"READ_MODE":4,"PREAMP":0,"READOUT_RATE":0,"VERTICAL_SHIFT_SPEED":3,"EM_MODE":1,"EM_GAIN":2,"SHUTTER_MODE":1,"SHUTTER_TTL":0,"SHUTTER_OPENING_TIME":1,"SHUTTER_CLOSING_TIME":1,"VBIN":1,"HBIN":1,"INITIAL_LINE":1,"INITIAL_COLUMN":1,"FINAL_LINE":1024,"FINAL_COLUMN":1024,"FRAME_TRANSFER":true,"VERTICAL_CLOCK_VOLTAGE":0,"AD_CHANNEL":0}
11/5/2022 8:33 PM CommandAcquisChD  TX=READ_SETUP 
11/5/2022 8:33 PM ResponseAcquisChD  RX={"PREAMP":0,"READOUT_RATE":0,"EM_GAIN":2,"VERTICAL_SHIFT_SPEED":3,"READ_MODE":4,"FRAME_TRANSFER":true,"VERTICAL_CLOCK_VOLTAGE":0,"ACQUISITION_MODE":3,"AD_CHANNEL":0,"EM_MODE":1,"SHUTTER_TTL":0,"SHUTTER_OPENING_TIME":1,"SHUTTER_CLOSING_TIME":1,"SHUTTER_MODE":1,"TRIGGER_MODE":0,"VBIN":1,"INITIAL_LINE":1,"INITIAL_COLUMN":1,"FINAL_LINE":1024,"FINAL_COLUMN":1024,"HBIN":1}
11/5/2022 8:33 PM CommandAcquisChD  TX=SET COOLER_POWER_STATUS 0
11/5/2022 8:33 PM ResponseAcquisChD  RX=DONE
11/5/2022 8:33 PM CommandAcquisChA  TX=SET TEMP -70
11/5/2022 8:33 PM CommandAcquisChA  TX=SET COOLER_POWER_STATUS 1
11/5/2022 8:33 PM ResponseAcquisChA  RX=DONE
11/5/2022 8:33 PM ResponseAcquisChA  RX=DONE
11/5/2022 8:33 PM CommandAcquisChB  TX=SET TEMP -70
11/5/2022 8:33 PM CommandAcquisChB  TX=SET COOLER_POWER_STATUS 1
11/5/2022 8:33 PM ResponseAcquisChB  RX=DONE
11/5/2022 8:34 PM CommandAcquisChC  TX=SET TEMP -70
11/5/2022 8:34 PM CommandAcquisChC  TX=SET COOLER_POWER_STATUS 1
11/5/2022 8:34 PM ResponseAcquisChC  RX=DONE
11/5/2022 8:34 PM CommandAcquisChD  TX=SET TEMP -70
11/5/2022 8:34 PM CommandAcquisChD  TX=SET COOLER_POWER_STATUS 1
11/5/2022 8:34 PM ResponseAcquisChD  RX=DONE
11/5/2022 8:35 PM CommandAcquisChA  TX=SET EXPTIME 10.000000
11/5/2022 8:35 PM ResponseAcquisChA  RX=DONE
11/5/2022 8:35 PM CommandAcquisChA  TX=SET #FRAMES 1.000000
11/5/2022 8:35 PM ResponseAcquisChA  RX=DONE
11/5/2022 8:35 PM CommandAcquisChA  TX=SET #CUBES 1.0000 
11/5/2022 8:35 PM ResponseAcquisChA  RX=DONE
11/5/2022 8:35 PM CommandAcquisChA  TX=SET SUFFIX teste
11/5/2022 8:35 PM ResponseAcquisChA  RX=DONE
11/5/2022 8:35 PM CommandAcquisChA  TX=SET OBSTYPE OBJECT
11/5/2022 8:35 PM ResponseAcquisChA  RX=DONE
11/5/2022 8:35 PM CommandAcquisChB  TX=SET EXPTIME 10.000000
11/5/2022 8:35 PM ResponseAcquisChB  RX=DONE
11/5/2022 8:35 PM CommandAcquisChB  TX=SET #FRAMES 1.000000
11/5/2022 8:35 PM CommandAcquisChB  TX=SET #CUBES 1.0000 
11/5/2022 8:35 PM ResponseAcquisChB  RX=DONE
11/5/2022 8:35 PM ResponseAcquisChB  RX=DONE
11/5/2022 8:35 PM CommandAcquisChB  TX=SET SUFFIX teste
11/5/2022 8:35 PM ResponseAcquisChB  RX=DONE
11/5/2022 8:35 PM CommandAcquisChB  TX=SET OBSTYPE OBJECT
11/5/2022 8:35 PM ResponseAcquisChB  RX=DONE
11/5/2022 8:35 PM CommandAcquisChC  TX=SET EXPTIME 10.000000
11/5/2022 8:35 PM ResponseAcquisChC  RX=DONE
11/5/2022 8:35 PM CommandAcquisChC  TX=SET #FRAMES 1.000000
11/5/2022 8:35 PM ResponseAcquisChC  RX=DONE
11/5/2022 8:35 PM CommandAcquisChC  TX=SET #CUBES 1.0000 
11/5/2022 8:35 PM CommandAcquisChC  TX=SET SUFFIX teste
11/5/2022 8:35 PM ResponseAcquisChC  RX=DONE
11/5/2022 8:35 PM ResponseAcquisChC  RX=DONE
11/5/2022 8:35 PM CommandAcquisChC  TX=SET OBSTYPE OBJECT
11/5/2022 8:35 PM ResponseAcquisChC  RX=DONE
11/5/2022 8:35 PM CommandAcquisChD  TX=SET EXPTIME 10.000000
11/5/2022 8:35 PM ResponseAcquisChD  RX=DONE
11/5/2022 8:35 PM CommandAcquisChD  TX=SET #FRAMES 1.000000
11/5/2022 8:35 PM ResponseAcquisChD  RX=DONE
11/5/2022 8:35 PM CommandAcquisChD  TX=SET #CUBES 1.0000 
11/5/2022 8:35 PM CommandAcquisChD  TX=SET SUFFIX teste
11/5/2022 8:35 PM ResponseAcquisChD  RX=DONE
11/5/2022 8:35 PM ResponseAcquisChD  RX=DONE
11/5/2022 8:35 PM CommandAcquisChD  TX=SET OBSTYPE OBJECT
11/5/2022 8:35 PM ResponseAcquisChD  RX=DONE
11/5/2022 8:35 PM CommandAcquisChA  TX=EXPOSE
11/5/2022 8:35 PM CommandAcquisChB  TX=EXPOSE
11/5/2022 8:35 PM CommandAcquisChC  TX=EXPOSE
11/5/2022 8:35 PM CommandAcquisChD  TX=EXPOSE
11/5/2022 8:40 PM CommandAcquisChA  TX=SET EXPTIME 120.000000
11/5/2022 8:40 PM ResponseAcquisChA  RX=DONE
11/5/2022 8:40 PM CommandAcquisChA  TX=SET #FRAMES 5.000000
11/5/2022 8:40 PM ResponseAcquisChA  RX=DONE
11/5/2022 8:40 PM CommandAcquisChA  TX=SET #CUBES 1.0000 
11/5/2022 8:40 PM ResponseAcquisChA  RX=DONE
11/5/2022 8:40 PM CommandAcquisChA  TX=SET SUFFIX sdss2245_2
11/5/2022 8:40 PM ResponseAcquisChA  RX=DONE
11/5/2022 8:40 PM CommandAcquisChA  TX=SET OBSTYPE OBJECT
11/5/2022 8:40 PM ResponseAcquisChA  RX=DONE
11/5/2022 8:40 PM CommandAcquisChB  TX=SET EXPTIME 120.000000
11/5/2022 8:40 PM ResponseAcquisChB  RX=DONE
11/5/2022 8:40 PM CommandAcquisChB  TX=SET #FRAMES 5.000000
11/5/2022 8:40 PM ResponseAcquisChB  RX=DONE
11/5/2022 8:40 PM CommandAcquisChB  TX=SET #CUBES 1.0000 
11/5/2022 8:40 PM CommandAcquisChB  TX=SET SUFFIX sdss2245_2
11/5/2022 8:40 PM ResponseAcquisChB  RX=DONE
11/5/2022 8:40 PM ResponseAcquisChB  RX=DONE
11/5/2022 8:40 PM CommandAcquisChB  TX=SET OBSTYPE OBJECT
11/5/2022 8:40 PM ResponseAcquisChB  RX=DONE
11/5/2022 8:40 PM CommandAcquisChC  TX=SET EXPTIME 120.000000
11/5/2022 8:40 PM ResponseAcquisChC  RX=DONE
11/5/2022 8:40 PM CommandAcquisChC  TX=SET #FRAMES 5.000000
11/5/2022 8:40 PM ResponseAcquisChC  RX=DONE
11/5/2022 8:40 PM CommandAcquisChC  TX=SET #CUBES 1.0000 
11/5/2022 8:40 PM ResponseAcquisChC  RX=DONE
11/5/2022 8:40 PM CommandAcquisChC  TX=SET SUFFIX sdss2245_2
11/5/2022 8:40 PM ResponseAcquisChC  RX=DONE
11/5/2022 8:40 PM CommandAcquisChC  TX=SET OBSTYPE OBJECT
11/5/2022 8:40 PM ResponseAcquisChC  RX=DONE
11/5/2022 8:40 PM CommandAcquisChD  TX=SET EXPTIME 120.000000
11/5/2022 8:40 PM ResponseAcquisChD  RX=DONE
11/5/2022 8:40 PM CommandAcquisChD  TX=SET #FRAMES 8.000000
11/5/2022 8:40 PM CommandAcquisChD  TX=SET #CUBES 1.0000 
11/5/2022 8:40 PM ResponseAcquisChD  RX=DONE
11/5/2022 8:40 PM ResponseAcquisChD  RX=DONE
11/5/2022 8:40 PM CommandAcquisChD  TX=SET SUFFIX sdss2245_2
11/5/2022 8:40 PM ResponseAcquisChD  RX=DONE
11/5/2022 8:40 PM CommandAcquisChD  TX=SET OBSTYPE OBJECT
11/5/2022 8:40 PM ResponseAcquisChD  RX=DONE
11/5/2022 8:40 PM CommandAcquisChA  TX=EXPOSE
11/5/2022 8:40 PM CommandAcquisChB  TX=EXPOSE
11/5/2022 8:40 PM CommandAcquisChC  TX=EXPOSE
11/5/2022 8:40 PM CommandAcquisChD  TX=EXPOSE
