11/5/2022 9:44 PM CommandAcquisChA  TX=WRITE_SETUP {"ACQUISITION_MODE":3,"TRIGGER_MODE":0,"READ_MODE":4,"PREAMP":0,"READOUT_RATE":0,"VERTICAL_SHIFT_SPEED":3,"EM_MODE":1,"EM_GAIN":2,"SHUTTER_MODE":1,"SHUTTER_TTL":0,"SHUTTER_OPENING_TIME":1,"SHUTTER_CLOSING_TIME":1,"VBIN":1,"HBIN":1,"INITIAL_LINE":1,"INITIAL_COLUMN":1,"FINAL_LINE":1024,"FINAL_COLUMN":1024,"FRAME_TRANSFER":true,"VERTICAL_CLOCK_VOLTAGE":0,"AD_CHANNEL":0}
11/5/2022 9:44 PM CommandAcquisChB  TX=WRITE_SETUP {"ACQUISITION_MODE":3,"TRIGGER_MODE":0,"READ_MODE":4,"PREAMP":0,"READOUT_RATE":0,"VERTICAL_SHIFT_SPEED":3,"EM_MODE":1,"EM_GAIN":2,"SHUTTER_MODE":1,"SHUTTER_TTL":0,"SHUTTER_OPENING_TIME":1,"SHUTTER_CLOSING_TIME":1,"VBIN":1,"HBIN":1,"INITIAL_LINE":1,"INITIAL_COLUMN":1,"FINAL_LINE":1024,"FINAL_COLUMN":1024,"FRAME_TRANSFER":true,"VERTICAL_CLOCK_VOLTAGE":0,"AD_CHANNEL":0}
11/5/2022 9:44 PM CommandAcquisChC  TX=WRITE_SETUP {"ACQUISITION_MODE":3,"TRIGGER_MODE":0,"READ_MODE":4,"PREAMP":0,"READOUT_RATE":0,"VERTICAL_SHIFT_SPEED":3,"EM_MODE":1,"EM_GAIN":2,"SHUTTER_MODE":1,"SHUTTER_TTL":0,"SHUTTER_OPENING_TIME":1,"SHUTTER_CLOSING_TIME":1,"VBIN":1,"HBIN":1,"INITIAL_LINE":1,"INITIAL_COLUMN":1,"FINAL_LINE":1024,"FINAL_COLUMN":1024,"FRAME_TRANSFER":true,"VERTICAL_CLOCK_VOLTAGE":0,"AD_CHANNEL":0}
11/5/2022 9:44 PM CommandAcquisChD  TX=WRITE_SETUP {"ACQUISITION_MODE":3,"TRIGGER_MODE":0,"READ_MODE":4,"PREAMP":0,"READOUT_RATE":0,"VERTICAL_SHIFT_SPEED":3,"EM_MODE":1,"EM_GAIN":2,"SHUTTER_MODE":1,"SHUTTER_TTL":0,"SHUTTER_OPENING_TIME":1,"SHUTTER_CLOSING_TIME":1,"VBIN":1,"HBIN":1,"INITIAL_LINE":1,"INITIAL_COLUMN":1,"FINAL_LINE":1024,"FINAL_COLUMN":1024,"FRAME_TRANSFER":true,"VERTICAL_CLOCK_VOLTAGE":0,"AD_CHANNEL":0}
11/5/2022 9:44 PM CommandSyncBox  TX=ADELAY 0m

11/5/2022 9:45 PM CommandAcquisChA  TX=READ_SETUP 
11/5/2022 9:45 PM CommandAcquisChB  TX=READ_SETUP 
11/5/2022 9:45 PM CommandAcquisChC  TX=READ_SETUP 
11/5/2022 9:45 PM CommandAcquisChD  TX=READ_SETUP 
11/5/2022 9:45 PM ResponseAcquisChA  RX={"PREAMP":0,"READOUT_RATE":0,"EM_GAIN":2,"VERTICAL_SHIFT_SPEED":3,"READ_MODE":4,"FRAME_TRANSFER":true,"VERTICAL_CLOCK_VOLTAGE":0,"ACQUISITION_MODE":3,"AD_CHANNEL":0,"EM_MODE":1,"SHUTTER_TTL":0,"SHUTTER_OPENING_TIME":1,"SHUTTER_CLOSING_TIME":1,"SHUTTER_MODE":1,"TRIGGER_MODE":0,"VBIN":1,"INITIAL_LINE":1,"INITIAL_COLUMN":1,"FINAL_LINE":1024,"FINAL_COLUMN":1024,"HBIN":1}
11/5/2022 9:45 PM ResponseAcquisChD  RX={"PREAMP":0,"READOUT_RATE":0,"EM_GAIN":2,"VERTICAL_SHIFT_SPEED":3,"READ_MODE":4,"FRAME_TRANSFER":true,"VERTICAL_CLOCK_VOLTAGE":0,"ACQUISITION_MODE":3,"AD_CHANNEL":0,"EM_MODE":1,"SHUTTER_TTL":0,"SHUTTER_OPENING_TIME":1,"SHUTTER_CLOSING_TIME":1,"SHUTTER_MODE":1,"TRIGGER_MODE":0,"VBIN":1,"INITIAL_LINE":1,"INITIAL_COLUMN":1,"FINAL_LINE":1024,"FINAL_COLUMN":1024,"HBIN":1}
11/5/2022 9:45 PM ResponseAcquisChB  RX={"PREAMP":0,"READOUT_RATE":0,"EM_GAIN":2,"VERTICAL_SHIFT_SPEED":3,"READ_MODE":4,"FRAME_TRANSFER":true,"VERTICAL_CLOCK_VOLTAGE":0,"ACQUISITION_MODE":3,"AD_CHANNEL":0,"EM_MODE":1,"SHUTTER_TTL":0,"SHUTTER_OPENING_TIME":1,"SHUTTER_CLOSING_TIME":1,"SHUTTER_MODE":1,"TRIGGER_MODE":0,"VBIN":1,"INITIAL_LINE":1,"INITIAL_COLUMN":1,"FINAL_LINE":1024,"FINAL_COLUMN":1024,"HBIN":1}
11/5/2022 9:45 PM ResponseAcquisChC  RX={"PREAMP":0,"READOUT_RATE":0,"EM_GAIN":2,"VERTICAL_SHIFT_SPEED":3,"READ_MODE":4,"FRAME_TRANSFER":true,"VERTICAL_CLOCK_VOLTAGE":0,"ACQUISITION_MODE":3,"AD_CHANNEL":0,"EM_MODE":1,"SHUTTER_TTL":0,"SHUTTER_OPENING_TIME":1,"SHUTTER_CLOSING_TIME":1,"SHUTTER_MODE":1,"TRIGGER_MODE":0,"VBIN":1,"INITIAL_LINE":1,"INITIAL_COLUMN":1,"FINAL_LINE":1024,"FINAL_COLUMN":1024,"HBIN":1}
11/5/2022 9:45 PM CommandAcquisChA  TX=SET TEMP -70
11/5/2022 9:45 PM CommandAcquisChD  TX=SET TEMP -70
11/5/2022 9:45 PM CommandAcquisChA  TX=SET COOLER_POWER_STATUS 1
11/5/2022 9:45 PM CommandAcquisChB  TX=SET TEMP -70
11/5/2022 9:45 PM CommandAcquisChC  TX=SET TEMP -70
11/5/2022 9:45 PM CommandAcquisChD  TX=SET COOLER_POWER_STATUS 1
11/5/2022 9:45 PM CommandAcquisChB  TX=SET COOLER_POWER_STATUS 1
11/5/2022 9:45 PM CommandAcquisChC  TX=SET COOLER_POWER_STATUS 1
11/5/2022 9:45 PM ResponseAcquisChD  RX=DONE
11/5/2022 9:45 PM ResponseAcquisChA  RX=DONE
11/5/2022 9:45 PM ResponseAcquisChB  RX=DONE
11/5/2022 9:45 PM ResponseAcquisChC  RX=DONE
11/5/2022 9:45 PM ResponseAcquisChA  RX=DONE
11/5/2022 9:45 PM ResponseAcquisChB  RX=DONE
11/5/2022 9:50 PM CommandAcquisChA  TX=SET EXPTIME 120.000000
11/5/2022 9:50 PM ResponseAcquisChA  RX=DONE
11/5/2022 9:50 PM CommandAcquisChA  TX=SET #FRAMES 5.000000
11/5/2022 9:50 PM ResponseAcquisChA  RX=DONE
11/5/2022 9:50 PM CommandAcquisChA  TX=SET #CUBES 1.0000 
11/5/2022 9:50 PM ResponseAcquisChA  RX=DONE
11/5/2022 9:50 PM CommandAcquisChA  TX=SET SUFFIX sd02-30
11/5/2022 9:50 PM ResponseAcquisChA  RX=DONE
11/5/2022 9:50 PM CommandAcquisChA  TX=SET OBSTYPE OBJECT
11/5/2022 9:50 PM ResponseAcquisChA  RX=DONE
11/5/2022 9:50 PM CommandAcquisChB  TX=SET EXPTIME 120.000000
11/5/2022 9:50 PM ResponseAcquisChB  RX=DONE
11/5/2022 9:50 PM CommandAcquisChB  TX=SET #FRAMES 5.000000
11/5/2022 9:50 PM ResponseAcquisChB  RX=DONE
11/5/2022 9:50 PM CommandAcquisChB  TX=SET #CUBES 1.0000 
11/5/2022 9:50 PM ResponseAcquisChB  RX=DONE
11/5/2022 9:50 PM CommandAcquisChB  TX=SET SUFFIX sd02-30
11/5/2022 9:50 PM ResponseAcquisChB  RX=DONE
11/5/2022 9:50 PM CommandAcquisChB  TX=SET OBSTYPE OBJECT
11/5/2022 9:50 PM ResponseAcquisChB  RX=DONE
11/5/2022 9:50 PM CommandAcquisChC  TX=SET EXPTIME 120.000000
11/5/2022 9:50 PM ResponseAcquisChC  RX=DONE
11/5/2022 9:50 PM CommandAcquisChC  TX=SET #FRAMES 5.000000
11/5/2022 9:50 PM CommandAcquisChC  TX=SET #CUBES 1.0000 
11/5/2022 9:50 PM ResponseAcquisChC  RX=DONE
11/5/2022 9:50 PM CommandAcquisChC  TX=SET SUFFIX sd02-30
11/5/2022 9:50 PM ResponseAcquisChC  RX=DONE
11/5/2022 9:50 PM ResponseAcquisChC  RX=DONE
11/5/2022 9:50 PM CommandAcquisChC  TX=SET OBSTYPE OBJECT
11/5/2022 9:50 PM ResponseAcquisChC  RX=DONE
11/5/2022 9:50 PM CommandAcquisChD  TX=SET EXPTIME 120.000000
11/5/2022 9:50 PM ResponseAcquisChD  RX=DONE
11/5/2022 9:50 PM CommandAcquisChD  TX=SET #FRAMES 5.000000
11/5/2022 9:50 PM ResponseAcquisChD  RX=DONE
11/5/2022 9:50 PM CommandAcquisChD  TX=SET #CUBES 1.0000 
11/5/2022 9:50 PM ResponseAcquisChD  RX=DONE
11/5/2022 9:50 PM CommandAcquisChD  TX=SET SUFFIX sd02-30
11/5/2022 9:50 PM ResponseAcquisChD  RX=DONE
11/5/2022 9:50 PM CommandAcquisChD  TX=SET OBSTYPE OBJECT
11/5/2022 9:50 PM ResponseAcquisChD  RX=DONE
11/5/2022 9:50 PM CommandAcquisChA  TX=EXPOSE
11/5/2022 9:50 PM CommandAcquisChB  TX=EXPOSE
11/5/2022 9:50 PM CommandAcquisChC  TX=EXPOSE
11/5/2022 9:50 PM CommandAcquisChD  TX=EXPOSE
11/5/2022 10:00 PM CommandAcquisChA  TX=SET EXPTIME 120.000000
11/5/2022 10:00 PM ResponseAcquisChA  RX=DONE
11/5/2022 10:00 PM CommandAcquisChA  TX=SET #FRAMES 5.000000
11/5/2022 10:00 PM ResponseAcquisChA  RX=DONE
11/5/2022 10:00 PM CommandAcquisChA  TX=SET #CUBES 1.0000 
11/5/2022 10:00 PM ResponseAcquisChA  RX=DONE
11/5/2022 10:00 PM CommandAcquisChA  TX=SET SUFFIX sd02-30
11/5/2022 10:00 PM ResponseAcquisChA  RX=DONE
11/5/2022 10:00 PM CommandAcquisChA  TX=SET OBSTYPE OBJECT
11/5/2022 10:00 PM ResponseAcquisChA  RX=DONE
11/5/2022 10:00 PM CommandAcquisChB  TX=SET EXPTIME 120.000000
11/5/2022 10:00 PM ResponseAcquisChB  RX=DONE
11/5/2022 10:00 PM CommandAcquisChB  TX=SET #FRAMES 5.000000
11/5/2022 10:00 PM ResponseAcquisChB  RX=DONE
11/5/2022 10:00 PM CommandAcquisChB  TX=SET #CUBES 1.0000 
11/5/2022 10:00 PM ResponseAcquisChB  RX=DONE
11/5/2022 10:00 PM CommandAcquisChB  TX=SET SUFFIX sd02-30
11/5/2022 10:00 PM ResponseAcquisChB  RX=DONE
11/5/2022 10:00 PM CommandAcquisChB  TX=SET OBSTYPE OBJECT
11/5/2022 10:00 PM ResponseAcquisChB  RX=DONE
11/5/2022 10:00 PM CommandAcquisChC  TX=SET EXPTIME 120.000000
11/5/2022 10:00 PM ResponseAcquisChC  RX=DONE
11/5/2022 10:00 PM CommandAcquisChC  TX=SET #FRAMES 5.000000
11/5/2022 10:00 PM CommandAcquisChC  TX=SET #CUBES 1.0000 
11/5/2022 10:00 PM ResponseAcquisChC  RX=DONE
11/5/2022 10:00 PM ResponseAcquisChC  RX=DONE
11/5/2022 10:00 PM CommandAcquisChC  TX=SET SUFFIX sd02-30
11/5/2022 10:00 PM ResponseAcquisChC  RX=DONE
11/5/2022 10:00 PM CommandAcquisChC  TX=SET OBSTYPE OBJECT
11/5/2022 10:00 PM ResponseAcquisChC  RX=DONE
11/5/2022 10:00 PM CommandAcquisChD  TX=SET EXPTIME 120.000000
11/5/2022 10:00 PM ResponseAcquisChD  RX=DONE
11/5/2022 10:00 PM CommandAcquisChD  TX=SET #FRAMES 5.000000
11/5/2022 10:00 PM ResponseAcquisChD  RX=DONE
11/5/2022 10:00 PM CommandAcquisChD  TX=SET #CUBES 1.0000 
11/5/2022 10:00 PM CommandAcquisChD  TX=SET SUFFIX sd02-30
11/5/2022 10:00 PM ResponseAcquisChD  RX=DONE
11/5/2022 10:00 PM CommandAcquisChD  TX=SET OBSTYPE OBJECT
11/5/2022 10:00 PM ResponseAcquisChD  RX=DONE
11/5/2022 10:00 PM ResponseAcquisChD  RX=DONE
11/5/2022 10:00 PM CommandAcquisChA  TX=EXPOSE
11/5/2022 10:00 PM CommandAcquisChB  TX=EXPOSE
11/5/2022 10:00 PM CommandAcquisChC  TX=EXPOSE
11/5/2022 10:00 PM CommandAcquisChD  TX=EXPOSE
11/5/2022 11:16 PM CommandAcquisChA  TX=WRITE_SETUP {"ACQUISITION_MODE":3,"TRIGGER_MODE":0,"READ_MODE":4,"PREAMP":0,"READOUT_RATE":0,"VERTICAL_SHIFT_SPEED":3,"EM_MODE":1,"EM_GAIN":2,"SHUTTER_MODE":2,"SHUTTER_TTL":0,"SHUTTER_OPENING_TIME":1,"SHUTTER_CLOSING_TIME":1,"VBIN":1,"HBIN":1,"INITIAL_LINE":1,"INITIAL_COLUMN":1,"FINAL_LINE":1024,"FINAL_COLUMN":1024,"FRAME_TRANSFER":true,"VERTICAL_CLOCK_VOLTAGE":0,"AD_CHANNEL":0}
11/5/2022 11:16 PM CommandAcquisChB  TX=WRITE_SETUP {"ACQUISITION_MODE":3,"TRIGGER_MODE":0,"READ_MODE":4,"PREAMP":0,"READOUT_RATE":0,"VERTICAL_SHIFT_SPEED":3,"EM_MODE":1,"EM_GAIN":2,"SHUTTER_MODE":2,"SHUTTER_TTL":0,"SHUTTER_OPENING_TIME":1,"SHUTTER_CLOSING_TIME":1,"VBIN":1,"HBIN":1,"INITIAL_LINE":1,"INITIAL_COLUMN":1,"FINAL_LINE":1024,"FINAL_COLUMN":1024,"FRAME_TRANSFER":true,"VERTICAL_CLOCK_VOLTAGE":0,"AD_CHANNEL":0}
11/5/2022 11:16 PM CommandAcquisChC  TX=WRITE_SETUP {"ACQUISITION_MODE":3,"TRIGGER_MODE":0,"READ_MODE":4,"PREAMP":0,"READOUT_RATE":0,"VERTICAL_SHIFT_SPEED":3,"EM_MODE":1,"EM_GAIN":2,"SHUTTER_MODE":2,"SHUTTER_TTL":0,"SHUTTER_OPENING_TIME":1,"SHUTTER_CLOSING_TIME":1,"VBIN":1,"HBIN":1,"INITIAL_LINE":1,"INITIAL_COLUMN":1,"FINAL_LINE":1024,"FINAL_COLUMN":1024,"FRAME_TRANSFER":true,"VERTICAL_CLOCK_VOLTAGE":0,"AD_CHANNEL":0}
11/5/2022 11:16 PM CommandAcquisChD  TX=WRITE_SETUP {"ACQUISITION_MODE":3,"TRIGGER_MODE":0,"READ_MODE":4,"PREAMP":0,"READOUT_RATE":0,"VERTICAL_SHIFT_SPEED":3,"EM_MODE":1,"EM_GAIN":2,"SHUTTER_MODE":2,"SHUTTER_TTL":0,"SHUTTER_OPENING_TIME":1,"SHUTTER_CLOSING_TIME":1,"VBIN":1,"HBIN":1,"INITIAL_LINE":1,"INITIAL_COLUMN":1,"FINAL_LINE":1024,"FINAL_COLUMN":1024,"FRAME_TRANSFER":true,"VERTICAL_CLOCK_VOLTAGE":0,"AD_CHANNEL":0}
11/5/2022 11:16 PM CommandAcquisChA  TX=READ_SETUP 
11/5/2022 11:16 PM CommandAcquisChB  TX=READ_SETUP 
11/5/2022 11:16 PM CommandAcquisChC  TX=READ_SETUP 
11/5/2022 11:16 PM CommandAcquisChD  TX=READ_SETUP 
11/5/2022 11:16 PM ResponseAcquisChC  RX={"PREAMP":0,"READOUT_RATE":0,"EM_GAIN":2,"VERTICAL_SHIFT_SPEED":3,"READ_MODE":4,"FRAME_TRANSFER":true,"VERTICAL_CLOCK_VOLTAGE":0,"ACQUISITION_MODE":3,"AD_CHANNEL":0,"EM_MODE":1,"SHUTTER_TTL":0,"SHUTTER_OPENING_TIME":1,"SHUTTER_CLOSING_TIME":1,"SHUTTER_MODE":2,"TRIGGER_MODE":0,"VBIN":1,"INITIAL_LINE":1,"INITIAL_COLUMN":1,"FINAL_LINE":1024,"FINAL_COLUMN":1024,"HBIN":1}
11/5/2022 11:16 PM ResponseAcquisChA  RX={"PREAMP":0,"READOUT_RATE":0,"EM_GAIN":2,"VERTICAL_SHIFT_SPEED":3,"READ_MODE":4,"FRAME_TRANSFER":true,"VERTICAL_CLOCK_VOLTAGE":0,"ACQUISITION_MODE":3,"AD_CHANNEL":0,"EM_MODE":1,"SHUTTER_TTL":0,"SHUTTER_OPENING_TIME":1,"SHUTTER_CLOSING_TIME":1,"SHUTTER_MODE":2,"TRIGGER_MODE":0,"VBIN":1,"INITIAL_LINE":1,"INITIAL_COLUMN":1,"FINAL_LINE":1024,"FINAL_COLUMN":1024,"HBIN":1}
11/5/2022 11:16 PM ResponseAcquisChD  RX={"PREAMP":0,"READOUT_RATE":0,"EM_GAIN":2,"VERTICAL_SHIFT_SPEED":3,"READ_MODE":4,"FRAME_TRANSFER":true,"VERTICAL_CLOCK_VOLTAGE":0,"ACQUISITION_MODE":3,"AD_CHANNEL":0,"EM_MODE":1,"SHUTTER_TTL":0,"SHUTTER_OPENING_TIME":1,"SHUTTER_CLOSING_TIME":1,"SHUTTER_MODE":2,"TRIGGER_MODE":0,"VBIN":1,"INITIAL_LINE":1,"INITIAL_COLUMN":1,"FINAL_LINE":1024,"FINAL_COLUMN":1024,"HBIN":1}
11/5/2022 11:16 PM CommandAcquisChA  TX=SET TEMP -70
11/5/2022 11:16 PM ResponseAcquisChB  RX={"PREAMP":0,"READOUT_RATE":0,"EM_GAIN":2,"VERTICAL_SHIFT_SPEED":3,"READ_MODE":4,"FRAME_TRANSFER":true,"VERTICAL_CLOCK_VOLTAGE":0,"ACQUISITION_MODE":3,"AD_CHANNEL":0,"EM_MODE":1,"SHUTTER_TTL":0,"SHUTTER_OPENING_TIME":1,"SHUTTER_CLOSING_TIME":1,"SHUTTER_MODE":2,"TRIGGER_MODE":0,"VBIN":1,"INITIAL_LINE":1,"INITIAL_COLUMN":1,"FINAL_LINE":1024,"FINAL_COLUMN":1024,"HBIN":1}
11/5/2022 11:16 PM CommandAcquisChB  TX=SET TEMP -70
11/5/2022 11:16 PM CommandAcquisChC  TX=SET TEMP -70
11/5/2022 11:16 PM CommandAcquisChD  TX=SET TEMP -70
11/5/2022 11:16 PM CommandAcquisChA  TX=SET COOLER_POWER_STATUS 1
11/5/2022 11:16 PM CommandAcquisChB  TX=SET COOLER_POWER_STATUS 1
11/5/2022 11:16 PM ResponseAcquisChC  RX=DONE
11/5/2022 11:16 PM CommandAcquisChC  TX=SET COOLER_POWER_STATUS 1
11/5/2022 11:16 PM ResponseAcquisChD  RX=DONE
11/5/2022 11:16 PM CommandAcquisChD  TX=SET COOLER_POWER_STATUS 1
11/5/2022 11:16 PM ResponseAcquisChA  RX=DONE
11/5/2022 11:16 PM ResponseAcquisChB  RX=DONE
11/5/2022 11:16 PM ResponseAcquisChC  RX=DONE
11/5/2022 11:16 PM ResponseAcquisChD  RX=DONE
11/5/2022 11:17 PM CommandAcquisChA  TX=WRITE_SETUP {"ACQUISITION_MODE":3,"TRIGGER_MODE":0,"READ_MODE":4,"PREAMP":0,"READOUT_RATE":0,"VERTICAL_SHIFT_SPEED":3,"EM_MODE":1,"EM_GAIN":2,"SHUTTER_MODE":1,"SHUTTER_TTL":0,"SHUTTER_OPENING_TIME":1,"SHUTTER_CLOSING_TIME":1,"VBIN":1,"HBIN":1,"INITIAL_LINE":1,"INITIAL_COLUMN":1,"FINAL_LINE":1024,"FINAL_COLUMN":1024,"FRAME_TRANSFER":true,"VERTICAL_CLOCK_VOLTAGE":0,"AD_CHANNEL":0}
11/5/2022 11:17 PM CommandAcquisChB  TX=WRITE_SETUP {"ACQUISITION_MODE":3,"TRIGGER_MODE":0,"READ_MODE":4,"PREAMP":0,"READOUT_RATE":0,"VERTICAL_SHIFT_SPEED":3,"EM_MODE":1,"EM_GAIN":2,"SHUTTER_MODE":1,"SHUTTER_TTL":0,"SHUTTER_OPENING_TIME":1,"SHUTTER_CLOSING_TIME":1,"VBIN":1,"HBIN":1,"INITIAL_LINE":1,"INITIAL_COLUMN":1,"FINAL_LINE":1024,"FINAL_COLUMN":1024,"FRAME_TRANSFER":true,"VERTICAL_CLOCK_VOLTAGE":0,"AD_CHANNEL":0}
11/5/2022 11:17 PM CommandAcquisChC  TX=WRITE_SETUP {"ACQUISITION_MODE":3,"TRIGGER_MODE":0,"READ_MODE":4,"PREAMP":0,"READOUT_RATE":0,"VERTICAL_SHIFT_SPEED":3,"EM_MODE":1,"EM_GAIN":2,"SHUTTER_MODE":1,"SHUTTER_TTL":0,"SHUTTER_OPENING_TIME":1,"SHUTTER_CLOSING_TIME":1,"VBIN":1,"HBIN":1,"INITIAL_LINE":1,"INITIAL_COLUMN":1,"FINAL_LINE":1024,"FINAL_COLUMN":1024,"FRAME_TRANSFER":true,"VERTICAL_CLOCK_VOLTAGE":0,"AD_CHANNEL":0}
11/5/2022 11:17 PM CommandAcquisChD  TX=WRITE_SETUP {"ACQUISITION_MODE":3,"TRIGGER_MODE":0,"READ_MODE":4,"PREAMP":0,"READOUT_RATE":0,"VERTICAL_SHIFT_SPEED":3,"EM_MODE":1,"EM_GAIN":2,"SHUTTER_MODE":1,"SHUTTER_TTL":0,"SHUTTER_OPENING_TIME":1,"SHUTTER_CLOSING_TIME":1,"VBIN":1,"HBIN":1,"INITIAL_LINE":1,"INITIAL_COLUMN":1,"FINAL_LINE":1024,"FINAL_COLUMN":1024,"FRAME_TRANSFER":true,"VERTICAL_CLOCK_VOLTAGE":0,"AD_CHANNEL":0}
11/5/2022 11:17 PM CommandAcquisChA  TX=READ_SETUP 
11/5/2022 11:17 PM CommandAcquisChB  TX=READ_SETUP 
11/5/2022 11:17 PM CommandAcquisChC  TX=READ_SETUP 
11/5/2022 11:17 PM CommandAcquisChD  TX=READ_SETUP 
11/5/2022 11:17 PM ResponseAcquisChB  RX={"PREAMP":0,"READOUT_RATE":0,"EM_GAIN":2,"VERTICAL_SHIFT_SPEED":3,"READ_MODE":4,"FRAME_TRANSFER":true,"VERTICAL_CLOCK_VOLTAGE":0,"ACQUISITION_MODE":3,"AD_CHANNEL":0,"EM_MODE":1,"SHUTTER_TTL":0,"SHUTTER_OPENING_TIME":1,"SHUTTER_CLOSING_TIME":1,"SHUTTER_MODE":1,"TRIGGER_MODE":0,"VBIN":1,"INITIAL_LINE":1,"INITIAL_COLUMN":1,"FINAL_LINE":1024,"FINAL_COLUMN":1024,"HBIN":1}
11/5/2022 11:17 PM ResponseAcquisChC  RX={"PREAMP":0,"READOUT_RATE":0,"EM_GAIN":2,"VERTICAL_SHIFT_SPEED":3,"READ_MODE":4,"FRAME_TRANSFER":true,"VERTICAL_CLOCK_VOLTAGE":0,"ACQUISITION_MODE":3,"AD_CHANNEL":0,"EM_MODE":1,"SHUTTER_TTL":0,"SHUTTER_OPENING_TIME":1,"SHUTTER_CLOSING_TIME":1,"SHUTTER_MODE":1,"TRIGGER_MODE":0,"VBIN":1,"INITIAL_LINE":1,"INITIAL_COLUMN":1,"FINAL_LINE":1024,"FINAL_COLUMN":1024,"HBIN":1}
11/5/2022 11:17 PM ResponseAcquisChD  RX={"PREAMP":0,"READOUT_RATE":0,"EM_GAIN":2,"VERTICAL_SHIFT_SPEED":3,"READ_MODE":4,"FRAME_TRANSFER":true,"VERTICAL_CLOCK_VOLTAGE":0,"ACQUISITION_MODE":3,"AD_CHANNEL":0,"EM_MODE":1,"SHUTTER_TTL":0,"SHUTTER_OPENING_TIME":1,"SHUTTER_CLOSING_TIME":1,"SHUTTER_MODE":1,"TRIGGER_MODE":0,"VBIN":1,"INITIAL_LINE":1,"INITIAL_COLUMN":1,"FINAL_LINE":1024,"FINAL_COLUMN":1024,"HBIN":1}
11/5/2022 11:17 PM ResponseAcquisChA  RX={"PREAMP":0,"READOUT_RATE":0,"EM_GAIN":2,"VERTICAL_SHIFT_SPEED":3,"READ_MODE":4,"FRAME_TRANSFER":true,"VERTICAL_CLOCK_VOLTAGE":0,"ACQUISITION_MODE":3,"AD_CHANNEL":0,"EM_MODE":1,"SHUTTER_TTL":0,"SHUTTER_OPENING_TIME":1,"SHUTTER_CLOSING_TIME":1,"SHUTTER_MODE":1,"TRIGGER_MODE":0,"VBIN":1,"INITIAL_LINE":1,"INITIAL_COLUMN":1,"FINAL_LINE":1024,"FINAL_COLUMN":1024,"HBIN":1}
11/5/2022 11:17 PM CommandAcquisChA  TX=SET TEMP -70
11/5/2022 11:17 PM CommandAcquisChB  TX=SET TEMP -70
11/5/2022 11:17 PM CommandAcquisChC  TX=SET TEMP -70
11/5/2022 11:17 PM CommandAcquisChD  TX=SET TEMP -70
11/5/2022 11:17 PM CommandAcquisChA  TX=SET COOLER_POWER_STATUS 1
11/5/2022 11:17 PM ResponseAcquisChB  RX=DONE
11/5/2022 11:17 PM CommandAcquisChB  TX=SET COOLER_POWER_STATUS 1
11/5/2022 11:17 PM CommandAcquisChC  TX=SET COOLER_POWER_STATUS 1
11/5/2022 11:17 PM CommandAcquisChD  TX=SET COOLER_POWER_STATUS 1
11/5/2022 11:17 PM ResponseAcquisChC  RX=DONE
11/5/2022 11:17 PM ResponseAcquisChD  RX=DONE
11/5/2022 11:17 PM ResponseAcquisChA  RX=DONE
11/5/2022 11:17 PM CommandAcquisChA  TX=WRITE_SETUP {"ACQUISITION_MODE":3,"TRIGGER_MODE":0,"READ_MODE":4,"PREAMP":0,"READOUT_RATE":0,"VERTICAL_SHIFT_SPEED":3,"EM_MODE":1,"EM_GAIN":2,"SHUTTER_MODE":2,"SHUTTER_TTL":0,"SHUTTER_OPENING_TIME":1,"SHUTTER_CLOSING_TIME":1,"VBIN":1,"HBIN":1,"INITIAL_LINE":1,"INITIAL_COLUMN":1,"FINAL_LINE":1024,"FINAL_COLUMN":1024,"FRAME_TRANSFER":true,"VERTICAL_CLOCK_VOLTAGE":0,"AD_CHANNEL":0}
11/5/2022 11:17 PM ResponseAcquisChB  RX=DONE
11/5/2022 11:17 PM CommandAcquisChB  TX=WRITE_SETUP {"ACQUISITION_MODE":3,"TRIGGER_MODE":0,"READ_MODE":4,"PREAMP":0,"READOUT_RATE":0,"VERTICAL_SHIFT_SPEED":3,"EM_MODE":1,"EM_GAIN":2,"SHUTTER_MODE":2,"SHUTTER_TTL":0,"SHUTTER_OPENING_TIME":1,"SHUTTER_CLOSING_TIME":1,"VBIN":1,"HBIN":1,"INITIAL_LINE":1,"INITIAL_COLUMN":1,"FINAL_LINE":1024,"FINAL_COLUMN":1024,"FRAME_TRANSFER":true,"VERTICAL_CLOCK_VOLTAGE":0,"AD_CHANNEL":0}
11/5/2022 11:17 PM ResponseAcquisChC  RX=DONE
11/5/2022 11:17 PM CommandAcquisChC  TX=WRITE_SETUP {"ACQUISITION_MODE":3,"TRIGGER_MODE":0,"READ_MODE":4,"PREAMP":0,"READOUT_RATE":0,"VERTICAL_SHIFT_SPEED":3,"EM_MODE":1,"EM_GAIN":2,"SHUTTER_MODE":2,"SHUTTER_TTL":0,"SHUTTER_OPENING_TIME":1,"SHUTTER_CLOSING_TIME":1,"VBIN":1,"HBIN":1,"INITIAL_LINE":1,"INITIAL_COLUMN":1,"FINAL_LINE":1024,"FINAL_COLUMN":1024,"FRAME_TRANSFER":true,"VERTICAL_CLOCK_VOLTAGE":0,"AD_CHANNEL":0}
11/5/2022 11:17 PM ResponseAcquisChD  RX=DONE
11/5/2022 11:17 PM CommandAcquisChD  TX=WRITE_SETUP {"ACQUISITION_MODE":3,"TRIGGER_MODE":0,"READ_MODE":4,"PREAMP":0,"READOUT_RATE":0,"VERTICAL_SHIFT_SPEED":3,"EM_MODE":1,"EM_GAIN":2,"SHUTTER_MODE":2,"SHUTTER_TTL":0,"SHUTTER_OPENING_TIME":1,"SHUTTER_CLOSING_TIME":1,"VBIN":1,"HBIN":1,"INITIAL_LINE":1,"INITIAL_COLUMN":1,"FINAL_LINE":1024,"FINAL_COLUMN":1024,"FRAME_TRANSFER":true,"VERTICAL_CLOCK_VOLTAGE":0,"AD_CHANNEL":0}
11/5/2022 11:17 PM ResponseAcquisChA  RX=DONE
11/5/2022 11:17 PM CommandAcquisChA  TX=READ_SETUP 
11/5/2022 11:17 PM CommandAcquisChB  TX=READ_SETUP 
11/5/2022 11:17 PM CommandAcquisChC  TX=READ_SETUP 
11/5/2022 11:17 PM CommandAcquisChD  TX=READ_SETUP 
11/5/2022 11:17 PM CommandAcquisChA  TX=SET COOLER_POWER_STATUS 0
11/5/2022 11:17 PM ResponseAcquisChB  RX={"PREAMP":0,"READOUT_RATE":0,"EM_GAIN":2,"VERTICAL_SHIFT_SPEED":3,"READ_MODE":4,"FRAME_TRANSFER":true,"VERTICAL_CLOCK_VOLTAGE":0,"ACQUISITION_MODE":3,"AD_CHANNEL":0,"EM_MODE":1,"SHUTTER_TTL":0,"SHUTTER_OPENING_TIME":1,"SHUTTER_CLOSING_TIME":1,"SHUTTER_MODE":2,"TRIGGER_MODE":0,"VBIN":1,"INITIAL_LINE":1,"INITIAL_COLUMN":1,"FINAL_LINE":1024,"FINAL_COLUMN":1024,"HBIN":1}
11/5/2022 11:17 PM CommandAcquisChB  TX=SET COOLER_POWER_STATUS 0
11/5/2022 11:17 PM ResponseAcquisChC  RX={"PREAMP":0,"READOUT_RATE":0,"EM_GAIN":2,"VERTICAL_SHIFT_SPEED":3,"READ_MODE":4,"FRAME_TRANSFER":true,"VERTICAL_CLOCK_VOLTAGE":0,"ACQUISITION_MODE":3,"AD_CHANNEL":0,"EM_MODE":1,"SHUTTER_TTL":0,"SHUTTER_OPENING_TIME":1,"SHUTTER_CLOSING_TIME":1,"SHUTTER_MODE":2,"TRIGGER_MODE":0,"VBIN":1,"INITIAL_LINE":1,"INITIAL_COLUMN":1,"FINAL_LINE":1024,"FINAL_COLUMN":1024,"HBIN":1}
11/5/2022 11:17 PM CommandAcquisChC  TX=SET COOLER_POWER_STATUS 0
11/5/2022 11:17 PM ResponseAcquisChD  RX={"PREAMP":0,"READOUT_RATE":0,"EM_GAIN":2,"VERTICAL_SHIFT_SPEED":3,"READ_MODE":4,"FRAME_TRANSFER":true,"VERTICAL_CLOCK_VOLTAGE":0,"ACQUISITION_MODE":3,"AD_CHANNEL":0,"EM_MODE":1,"SHUTTER_TTL":0,"SHUTTER_OPENING_TIME":1,"SHUTTER_CLOSING_TIME":1,"SHUTTER_MODE":2,"TRIGGER_MODE":0,"VBIN":1,"INITIAL_LINE":1,"INITIAL_COLUMN":1,"FINAL_LINE":1024,"FINAL_COLUMN":1024,"HBIN":1}
11/5/2022 11:17 PM CommandAcquisChD  TX=SET COOLER_POWER_STATUS 0
11/5/2022 11:17 PM ResponseAcquisChA  RX={"PREAMP":0,"READOUT_RATE":0,"EM_GAIN":2,"VERTICAL_SHIFT_SPEED":3,"READ_MODE":4,"FRAME_TRANSFER":true,"VERTICAL_CLOCK_VOLTAGE":0,"ACQUISITION_MODE":3,"AD_CHANNEL":0,"EM_MODE":1,"SHUTTER_TTL":0,"SHUTTER_OPENING_TIME":1,"SHUTTER_CLOSING_TIME":1,"SHUTTER_MODE":2,"TRIGGER_MODE":0,"VBIN":1,"INITIAL_LINE":1,"INITIAL_COLUMN":1,"FINAL_LINE":1024,"FINAL_COLUMN":1024,"HBIN":1}
11/5/2022 11:17 PM ResponseAcquisChB  RX=DONE
11/5/2022 11:17 PM ResponseAcquisChD  RX=DONE
11/5/2022 11:17 PM ResponseAcquisChA  RX=DONE
11/5/2022 11:17 PM ResponseAcquisChC  RX=DONE
11/5/2022 11:17 PM CommandAcquisChA  TX=WRITE_SETUP {"ACQUISITION_MODE":3,"TRIGGER_MODE":0,"READ_MODE":4,"PREAMP":0,"READOUT_RATE":0,"VERTICAL_SHIFT_SPEED":3,"EM_MODE":1,"EM_GAIN":2,"SHUTTER_MODE":1,"SHUTTER_TTL":0,"SHUTTER_OPENING_TIME":1,"SHUTTER_CLOSING_TIME":1,"VBIN":1,"HBIN":1,"INITIAL_LINE":1,"INITIAL_COLUMN":1,"FINAL_LINE":1024,"FINAL_COLUMN":1024,"FRAME_TRANSFER":true,"VERTICAL_CLOCK_VOLTAGE":0,"AD_CHANNEL":0}
11/5/2022 11:17 PM CommandAcquisChB  TX=WRITE_SETUP {"ACQUISITION_MODE":3,"TRIGGER_MODE":0,"READ_MODE":4,"PREAMP":0,"READOUT_RATE":0,"VERTICAL_SHIFT_SPEED":3,"EM_MODE":1,"EM_GAIN":2,"SHUTTER_MODE":1,"SHUTTER_TTL":0,"SHUTTER_OPENING_TIME":1,"SHUTTER_CLOSING_TIME":1,"VBIN":1,"HBIN":1,"INITIAL_LINE":1,"INITIAL_COLUMN":1,"FINAL_LINE":1024,"FINAL_COLUMN":1024,"FRAME_TRANSFER":true,"VERTICAL_CLOCK_VOLTAGE":0,"AD_CHANNEL":0}
11/5/2022 11:17 PM CommandAcquisChC  TX=WRITE_SETUP {"ACQUISITION_MODE":3,"TRIGGER_MODE":0,"READ_MODE":4,"PREAMP":0,"READOUT_RATE":0,"VERTICAL_SHIFT_SPEED":3,"EM_MODE":1,"EM_GAIN":2,"SHUTTER_MODE":1,"SHUTTER_TTL":0,"SHUTTER_OPENING_TIME":1,"SHUTTER_CLOSING_TIME":1,"VBIN":1,"HBIN":1,"INITIAL_LINE":1,"INITIAL_COLUMN":1,"FINAL_LINE":1024,"FINAL_COLUMN":1024,"FRAME_TRANSFER":true,"VERTICAL_CLOCK_VOLTAGE":0,"AD_CHANNEL":0}
11/5/2022 11:17 PM CommandAcquisChD  TX=WRITE_SETUP {"ACQUISITION_MODE":3,"TRIGGER_MODE":0,"READ_MODE":4,"PREAMP":0,"READOUT_RATE":0,"VERTICAL_SHIFT_SPEED":3,"EM_MODE":1,"EM_GAIN":2,"SHUTTER_MODE":1,"SHUTTER_TTL":0,"SHUTTER_OPENING_TIME":1,"SHUTTER_CLOSING_TIME":1,"VBIN":1,"HBIN":1,"INITIAL_LINE":1,"INITIAL_COLUMN":1,"FINAL_LINE":1024,"FINAL_COLUMN":1024,"FRAME_TRANSFER":true,"VERTICAL_CLOCK_VOLTAGE":0,"AD_CHANNEL":0}
11/5/2022 11:17 PM CommandAcquisChA  TX=READ_SETUP 
11/5/2022 11:17 PM CommandAcquisChB  TX=READ_SETUP 
11/5/2022 11:17 PM CommandAcquisChC  TX=READ_SETUP 
11/5/2022 11:17 PM CommandAcquisChD  TX=READ_SETUP 
11/5/2022 11:17 PM CommandAcquisChA  TX=SET COOLER_POWER_STATUS 0
11/5/2022 11:17 PM ResponseAcquisChB  RX={"PREAMP":0,"READOUT_RATE":0,"EM_GAIN":2,"VERTICAL_SHIFT_SPEED":3,"READ_MODE":4,"FRAME_TRANSFER":true,"VERTICAL_CLOCK_VOLTAGE":0,"ACQUISITION_MODE":3,"AD_CHANNEL":0,"EM_MODE":1,"SHUTTER_TTL":0,"SHUTTER_OPENING_TIME":1,"SHUTTER_CLOSING_TIME":1,"SHUTTER_MODE":1,"TRIGGER_MODE":0,"VBIN":1,"INITIAL_LINE":1,"INITIAL_COLUMN":1,"FINAL_LINE":1024,"FINAL_COLUMN":1024,"HBIN":1}
11/5/2022 11:17 PM CommandAcquisChB  TX=SET COOLER_POWER_STATUS 0
11/5/2022 11:17 PM ResponseAcquisChC  RX={"PREAMP":0,"READOUT_RATE":0,"EM_GAIN":2,"VERTICAL_SHIFT_SPEED":3,"READ_MODE":4,"FRAME_TRANSFER":true,"VERTICAL_CLOCK_VOLTAGE":0,"ACQUISITION_MODE":3,"AD_CHANNEL":0,"EM_MODE":1,"SHUTTER_TTL":0,"SHUTTER_OPENING_TIME":1,"SHUTTER_CLOSING_TIME":1,"SHUTTER_MODE":1,"TRIGGER_MODE":0,"VBIN":1,"INITIAL_LINE":1,"INITIAL_COLUMN":1,"FINAL_LINE":1024,"FINAL_COLUMN":1024,"HBIN":1}
11/5/2022 11:17 PM CommandAcquisChC  TX=SET COOLER_POWER_STATUS 0
11/5/2022 11:17 PM ResponseAcquisChD  RX={"PREAMP":0,"READOUT_RATE":0,"EM_GAIN":2,"VERTICAL_SHIFT_SPEED":3,"READ_MODE":4,"FRAME_TRANSFER":true,"VERTICAL_CLOCK_VOLTAGE":0,"ACQUISITION_MODE":3,"AD_CHANNEL":0,"EM_MODE":1,"SHUTTER_TTL":0,"SHUTTER_OPENING_TIME":1,"SHUTTER_CLOSING_TIME":1,"SHUTTER_MODE":1,"TRIGGER_MODE":0,"VBIN":1,"INITIAL_LINE":1,"INITIAL_COLUMN":1,"FINAL_LINE":1024,"FINAL_COLUMN":1024,"HBIN":1}
11/5/2022 11:17 PM CommandAcquisChD  TX=SET COOLER_POWER_STATUS 0
11/5/2022 11:17 PM ResponseAcquisChA  RX={"PREAMP":0,"READOUT_RATE":0,"EM_GAIN":2,"VERTICAL_SHIFT_SPEED":3,"READ_MODE":4,"FRAME_TRANSFER":true,"VERTICAL_CLOCK_VOLTAGE":0,"ACQUISITION_MODE":3,"AD_CHANNEL":0,"EM_MODE":1,"SHUTTER_TTL":0,"SHUTTER_OPENING_TIME":1,"SHUTTER_CLOSING_TIME":1,"SHUTTER_MODE":1,"TRIGGER_MODE":0,"VBIN":1,"INITIAL_LINE":1,"INITIAL_COLUMN":1,"FINAL_LINE":1024,"FINAL_COLUMN":1024,"HBIN":1}
11/5/2022 11:17 PM ResponseAcquisChA  RX=DONE
11/5/2022 11:17 PM ResponseAcquisChB  RX=DONE
11/5/2022 11:17 PM ResponseAcquisChC  RX=DONE
11/5/2022 11:17 PM ResponseAcquisChD  RX=DONE
11/5/2022 11:19 PM CommandAcquisChA  TX=WRITE_SETUP {"ACQUISITION_MODE":3,"TRIGGER_MODE":0,"READ_MODE":4,"PREAMP":0,"READOUT_RATE":0,"VERTICAL_SHIFT_SPEED":3,"EM_MODE":1,"EM_GAIN":2,"SHUTTER_MODE":2,"SHUTTER_TTL":0,"SHUTTER_OPENING_TIME":1,"SHUTTER_CLOSING_TIME":1,"VBIN":1,"HBIN":1,"INITIAL_LINE":1,"INITIAL_COLUMN":1,"FINAL_LINE":1024,"FINAL_COLUMN":1024,"FRAME_TRANSFER":true,"VERTICAL_CLOCK_VOLTAGE":0,"AD_CHANNEL":0}
11/5/2022 11:19 PM CommandAcquisChB  TX=WRITE_SETUP {"ACQUISITION_MODE":3,"TRIGGER_MODE":0,"READ_MODE":4,"PREAMP":0,"READOUT_RATE":0,"VERTICAL_SHIFT_SPEED":3,"EM_MODE":1,"EM_GAIN":2,"SHUTTER_MODE":2,"SHUTTER_TTL":0,"SHUTTER_OPENING_TIME":1,"SHUTTER_CLOSING_TIME":1,"VBIN":1,"HBIN":1,"INITIAL_LINE":1,"INITIAL_COLUMN":1,"FINAL_LINE":1024,"FINAL_COLUMN":1024,"FRAME_TRANSFER":true,"VERTICAL_CLOCK_VOLTAGE":0,"AD_CHANNEL":0}
11/5/2022 11:19 PM CommandAcquisChC  TX=WRITE_SETUP {"ACQUISITION_MODE":3,"TRIGGER_MODE":0,"READ_MODE":4,"PREAMP":0,"READOUT_RATE":0,"VERTICAL_SHIFT_SPEED":3,"EM_MODE":1,"EM_GAIN":2,"SHUTTER_MODE":2,"SHUTTER_TTL":0,"SHUTTER_OPENING_TIME":1,"SHUTTER_CLOSING_TIME":1,"VBIN":1,"HBIN":1,"INITIAL_LINE":1,"INITIAL_COLUMN":1,"FINAL_LINE":1024,"FINAL_COLUMN":1024,"FRAME_TRANSFER":true,"VERTICAL_CLOCK_VOLTAGE":0,"AD_CHANNEL":0}
11/5/2022 11:19 PM CommandAcquisChD  TX=WRITE_SETUP {"ACQUISITION_MODE":3,"TRIGGER_MODE":0,"READ_MODE":4,"PREAMP":0,"READOUT_RATE":0,"VERTICAL_SHIFT_SPEED":3,"EM_MODE":1,"EM_GAIN":2,"SHUTTER_MODE":2,"SHUTTER_TTL":0,"SHUTTER_OPENING_TIME":1,"SHUTTER_CLOSING_TIME":1,"VBIN":1,"HBIN":1,"INITIAL_LINE":1,"INITIAL_COLUMN":1,"FINAL_LINE":1024,"FINAL_COLUMN":1024,"FRAME_TRANSFER":true,"VERTICAL_CLOCK_VOLTAGE":0,"AD_CHANNEL":0}
11/5/2022 11:19 PM CommandAcquisChA  TX=READ_SETUP 
11/5/2022 11:19 PM CommandAcquisChB  TX=READ_SETUP 
11/5/2022 11:19 PM CommandAcquisChC  TX=READ_SETUP 
11/5/2022 11:19 PM CommandAcquisChD  TX=READ_SETUP 
11/5/2022 11:19 PM ResponseAcquisChC  RX={"PREAMP":0,"READOUT_RATE":0,"EM_GAIN":2,"VERTICAL_SHIFT_SPEED":3,"READ_MODE":4,"FRAME_TRANSFER":true,"VERTICAL_CLOCK_VOLTAGE":0,"ACQUISITION_MODE":3,"AD_CHANNEL":0,"EM_MODE":1,"SHUTTER_TTL":0,"SHUTTER_OPENING_TIME":1,"SHUTTER_CLOSING_TIME":1,"SHUTTER_MODE":2,"TRIGGER_MODE":0,"VBIN":1,"INITIAL_LINE":1,"INITIAL_COLUMN":1,"FINAL_LINE":1024,"FINAL_COLUMN":1024,"HBIN":1}
11/5/2022 11:19 PM ResponseAcquisChA  RX={"PREAMP":0,"READOUT_RATE":0,"EM_GAIN":2,"VERTICAL_SHIFT_SPEED":3,"READ_MODE":4,"FRAME_TRANSFER":true,"VERTICAL_CLOCK_VOLTAGE":0,"ACQUISITION_MODE":3,"AD_CHANNEL":0,"EM_MODE":1,"SHUTTER_TTL":0,"SHUTTER_OPENING_TIME":1,"SHUTTER_CLOSING_TIME":1,"SHUTTER_MODE":2,"TRIGGER_MODE":0,"VBIN":1,"INITIAL_LINE":1,"INITIAL_COLUMN":1,"FINAL_LINE":1024,"FINAL_COLUMN":1024,"HBIN":1}
11/5/2022 11:19 PM CommandAcquisChA  TX=SET COOLER_POWER_STATUS 0
11/5/2022 11:19 PM CommandAcquisChB  TX=SET COOLER_POWER_STATUS 0
11/5/2022 11:19 PM CommandAcquisChC  TX=SET COOLER_POWER_STATUS 0
11/5/2022 11:19 PM CommandAcquisChD  TX=SET COOLER_POWER_STATUS 0
11/5/2022 11:19 PM ResponseAcquisChA  RX=DONE
11/5/2022 11:19 PM ResponseAcquisChB  RX={"PREAMP":0,"READOUT_RATE":0,"EM_GAIN":2,"VERTICAL_SHIFT_SPEED":3,"READ_MODE":4,"FRAME_TRANSFER":true,"VERTICAL_CLOCK_VOLTAGE":0,"ACQUISITION_MODE":3,"AD_CHANNEL":0,"EM_MODE":1,"SHUTTER_TTL":0,"SHUTTER_OPENING_TIME":1,"SHUTTER_CLOSING_TIME":1,"SHUTTER_MODE":2,"TRIGGER_MODE":0,"VBIN":1,"INITIAL_LINE":1,"INITIAL_COLUMN":1,"FINAL_LINE":1024,"FINAL_COLUMN":1024,"HBIN":1}
11/5/2022 11:19 PM ResponseAcquisChD  RX={"PREAMP":0,"READOUT_RATE":0,"EM_GAIN":2,"VERTICAL_SHIFT_SPEED":3,"READ_MODE":4,"FRAME_TRANSFER":true,"VERTICAL_CLOCK_VOLTAGE":0,"ACQUISITION_MODE":3,"AD_CHANNEL":0,"EM_MODE":1,"SHUTTER_TTL":0,"SHUTTER_OPENING_TIME":1,"SHUTTER_CLOSING_TIME":1,"SHUTTER_MODE":2,"TRIGGER_MODE":0,"VBIN":1,"INITIAL_LINE":1,"INITIAL_COLUMN":1,"FINAL_LINE":1024,"FINAL_COLUMN":1024,"HBIN":1}
11/5/2022 11:19 PM ResponseAcquisChB  RX=DONE
11/5/2022 11:19 PM ResponseAcquisChC  RX=DONE
11/5/2022 11:19 PM ResponseAcquisChD  RX=DONE
11/5/2022 11:20 PM CommandAcquisChA  TX=SET TEMP -70
11/5/2022 11:20 PM CommandAcquisChA  TX=SET COOLER_POWER_STATUS 1
11/5/2022 11:20 PM ResponseAcquisChA  RX=DONE
11/5/2022 11:20 PM ResponseAcquisChA  RX=DONE
11/5/2022 11:20 PM CommandAcquisChB  TX=SET TEMP -70
11/5/2022 11:20 PM CommandAcquisChB  TX=SET COOLER_POWER_STATUS 1
11/5/2022 11:20 PM ResponseAcquisChB  RX=DONE
11/5/2022 11:21 PM CommandAcquisChC  TX=SET TEMP -70
11/5/2022 11:21 PM CommandAcquisChC  TX=SET COOLER_POWER_STATUS 1
11/5/2022 11:21 PM ResponseAcquisChC  RX=DONE
11/5/2022 11:21 PM ResponseAcquisChC  RX=DONE
11/5/2022 11:21 PM CommandAcquisChD  TX=SET TEMP -70
11/5/2022 11:21 PM CommandAcquisChD  TX=SET COOLER_POWER_STATUS 1
11/5/2022 11:21 PM ResponseAcquisChD  RX=DONE
11/5/2022 11:21 PM ResponseAcquisChD  RX=DONE
11/5/2022 11:30 PM CommandAcquisChA  TX=SET EXPTIME 0.000010
11/5/2022 11:30 PM ResponseAcquisChA  RX=DONE
11/5/2022 11:30 PM CommandAcquisChA  TX=SET #FRAMES 100.000000
11/5/2022 11:30 PM ResponseAcquisChA  RX=DONE
11/5/2022 11:30 PM CommandAcquisChA  TX=SET #CUBES 1.0000 
11/5/2022 11:30 PM CommandAcquisChA  TX=SET SUFFIX zero
11/5/2022 11:30 PM ResponseAcquisChA  RX=DONE
11/5/2022 11:30 PM CommandAcquisChA  TX=SET OBSTYPE ZERO
11/5/2022 11:30 PM ResponseAcquisChA  RX=DONE
11/5/2022 11:30 PM ResponseAcquisChA  RX=DONE
11/5/2022 11:30 PM CommandAcquisChB  TX=SET EXPTIME 0.000010
11/5/2022 11:30 PM ResponseAcquisChB  RX=DONE
11/5/2022 11:30 PM CommandAcquisChB  TX=SET #FRAMES 100.000000
11/5/2022 11:30 PM ResponseAcquisChB  RX=DONE
11/5/2022 11:30 PM CommandAcquisChB  TX=SET #CUBES 1.0000 
11/5/2022 11:30 PM CommandAcquisChB  TX=SET SUFFIX zero
11/5/2022 11:30 PM ResponseAcquisChB  RX=DONE
11/5/2022 11:30 PM ResponseAcquisChB  RX=DONE
11/5/2022 11:30 PM CommandAcquisChB  TX=SET OBSTYPE ZERO
11/5/2022 11:30 PM ResponseAcquisChB  RX=DONE
11/5/2022 11:30 PM CommandAcquisChC  TX=SET EXPTIME 0.000010
11/5/2022 11:30 PM ResponseAcquisChC  RX=DONE
11/5/2022 11:30 PM CommandAcquisChC  TX=SET #FRAMES 100.000000
11/5/2022 11:30 PM ResponseAcquisChC  RX=DONE
11/5/2022 11:30 PM CommandAcquisChC  TX=SET #CUBES 1.0000 
11/5/2022 11:30 PM CommandAcquisChC  TX=SET SUFFIX zero
11/5/2022 11:30 PM ResponseAcquisChC  RX=DONE
11/5/2022 11:30 PM CommandAcquisChC  TX=SET OBSTYPE ZERO
11/5/2022 11:30 PM ResponseAcquisChC  RX=DONE
11/5/2022 11:30 PM ResponseAcquisChC  RX=DONE
11/5/2022 11:30 PM CommandAcquisChD  TX=SET EXPTIME 0.000010
11/5/2022 11:30 PM ResponseAcquisChD  RX=DONE
11/5/2022 11:30 PM CommandAcquisChD  TX=SET #FRAMES 100.000000
11/5/2022 11:30 PM ResponseAcquisChD  RX=DONE
11/5/2022 11:30 PM CommandAcquisChD  TX=SET #CUBES 1.0000 
11/5/2022 11:30 PM ResponseAcquisChD  RX=DONE
11/5/2022 11:30 PM CommandAcquisChD  TX=SET SUFFIX zero
11/5/2022 11:30 PM ResponseAcquisChD  RX=DONE
11/5/2022 11:30 PM CommandAcquisChD  TX=SET OBSTYPE ZERO
11/5/2022 11:30 PM ResponseAcquisChD  RX=DONE
11/5/2022 11:30 PM CommandAcquisChA  TX=EXPOSE
11/5/2022 11:30 PM CommandAcquisChB  TX=EXPOSE
11/5/2022 11:30 PM CommandAcquisChC  TX=EXPOSE
11/5/2022 11:30 PM CommandAcquisChD  TX=EXPOSE
11/5/2022 11:34 PM CommandAcquisChA  TX=WRITE_SETUP {"ACQUISITION_MODE":3,"TRIGGER_MODE":0,"READ_MODE":4,"PREAMP":0,"READOUT_RATE":0,"VERTICAL_SHIFT_SPEED":3,"EM_MODE":1,"EM_GAIN":2,"SHUTTER_MODE":1,"SHUTTER_TTL":0,"SHUTTER_OPENING_TIME":1,"SHUTTER_CLOSING_TIME":1,"VBIN":1,"HBIN":1,"INITIAL_LINE":1,"INITIAL_COLUMN":1,"FINAL_LINE":1024,"FINAL_COLUMN":1024,"FRAME_TRANSFER":true,"VERTICAL_CLOCK_VOLTAGE":0,"AD_CHANNEL":0}
11/5/2022 11:34 PM CommandAcquisChB  TX=WRITE_SETUP {"ACQUISITION_MODE":3,"TRIGGER_MODE":0,"READ_MODE":4,"PREAMP":0,"READOUT_RATE":0,"VERTICAL_SHIFT_SPEED":3,"EM_MODE":1,"EM_GAIN":2,"SHUTTER_MODE":1,"SHUTTER_TTL":0,"SHUTTER_OPENING_TIME":1,"SHUTTER_CLOSING_TIME":1,"VBIN":1,"HBIN":1,"INITIAL_LINE":1,"INITIAL_COLUMN":1,"FINAL_LINE":1024,"FINAL_COLUMN":1024,"FRAME_TRANSFER":true,"VERTICAL_CLOCK_VOLTAGE":0,"AD_CHANNEL":0}
11/5/2022 11:34 PM CommandAcquisChC  TX=WRITE_SETUP {"ACQUISITION_MODE":3,"TRIGGER_MODE":0,"READ_MODE":4,"PREAMP":0,"READOUT_RATE":0,"VERTICAL_SHIFT_SPEED":3,"EM_MODE":1,"EM_GAIN":2,"SHUTTER_MODE":1,"SHUTTER_TTL":0,"SHUTTER_OPENING_TIME":1,"SHUTTER_CLOSING_TIME":1,"VBIN":1,"HBIN":1,"INITIAL_LINE":1,"INITIAL_COLUMN":1,"FINAL_LINE":1024,"FINAL_COLUMN":1024,"FRAME_TRANSFER":true,"VERTICAL_CLOCK_VOLTAGE":0,"AD_CHANNEL":0}
11/5/2022 11:34 PM CommandAcquisChD  TX=WRITE_SETUP {"ACQUISITION_MODE":3,"TRIGGER_MODE":0,"READ_MODE":4,"PREAMP":0,"READOUT_RATE":0,"VERTICAL_SHIFT_SPEED":3,"EM_MODE":1,"EM_GAIN":2,"SHUTTER_MODE":1,"SHUTTER_TTL":0,"SHUTTER_OPENING_TIME":1,"SHUTTER_CLOSING_TIME":1,"VBIN":1,"HBIN":1,"INITIAL_LINE":1,"INITIAL_COLUMN":1,"FINAL_LINE":1024,"FINAL_COLUMN":1024,"FRAME_TRANSFER":true,"VERTICAL_CLOCK_VOLTAGE":0,"AD_CHANNEL":0}
11/5/2022 11:34 PM CommandAcquisChA  TX=READ_SETUP 
11/5/2022 11:34 PM CommandAcquisChB  TX=READ_SETUP 
11/5/2022 11:34 PM CommandAcquisChC  TX=READ_SETUP 
11/5/2022 11:34 PM CommandAcquisChD  TX=READ_SETUP 
11/5/2022 11:34 PM ResponseAcquisChB  RX={"PREAMP":0,"READOUT_RATE":0,"EM_GAIN":2,"VERTICAL_SHIFT_SPEED":3,"READ_MODE":4,"FRAME_TRANSFER":true,"VERTICAL_CLOCK_VOLTAGE":0,"ACQUISITION_MODE":3,"AD_CHANNEL":0,"EM_MODE":1,"SHUTTER_TTL":0,"SHUTTER_OPENING_TIME":1,"SHUTTER_CLOSING_TIME":1,"SHUTTER_MODE":1,"TRIGGER_MODE":0,"VBIN":1,"INITIAL_LINE":1,"INITIAL_COLUMN":1,"FINAL_LINE":1024,"FINAL_COLUMN":1024,"HBIN":1}
11/5/2022 11:34 PM ResponseAcquisChA  RX={"PREAMP":0,"READOUT_RATE":0,"EM_GAIN":2,"VERTICAL_SHIFT_SPEED":3,"READ_MODE":4,"FRAME_TRANSFER":true,"VERTICAL_CLOCK_VOLTAGE":0,"ACQUISITION_MODE":3,"AD_CHANNEL":0,"EM_MODE":1,"SHUTTER_TTL":0,"SHUTTER_OPENING_TIME":1,"SHUTTER_CLOSING_TIME":1,"SHUTTER_MODE":1,"TRIGGER_MODE":0,"VBIN":1,"INITIAL_LINE":1,"INITIAL_COLUMN":1,"FINAL_LINE":1024,"FINAL_COLUMN":1024,"HBIN":1}
11/5/2022 11:34 PM CommandAcquisChA  TX=SET TEMP -70
11/5/2022 11:34 PM CommandAcquisChB  TX=SET TEMP -70
11/5/2022 11:34 PM ResponseAcquisChC  RX={"PREAMP":0,"READOUT_RATE":0,"EM_GAIN":2,"VERTICAL_SHIFT_SPEED":3,"READ_MODE":4,"FRAME_TRANSFER":true,"VERTICAL_CLOCK_VOLTAGE":0,"ACQUISITION_MODE":3,"AD_CHANNEL":0,"EM_MODE":1,"SHUTTER_TTL":0,"SHUTTER_OPENING_TIME":1,"SHUTTER_CLOSING_TIME":1,"SHUTTER_MODE":1,"TRIGGER_MODE":0,"VBIN":1,"INITIAL_LINE":1,"INITIAL_COLUMN":1,"FINAL_LINE":1024,"FINAL_COLUMN":1024,"HBIN":1}
11/5/2022 11:34 PM CommandAcquisChC  TX=SET TEMP -70
11/5/2022 11:34 PM ResponseAcquisChD  RX={"PREAMP":0,"READOUT_RATE":0,"EM_GAIN":2,"VERTICAL_SHIFT_SPEED":3,"READ_MODE":4,"FRAME_TRANSFER":true,"VERTICAL_CLOCK_VOLTAGE":0,"ACQUISITION_MODE":3,"AD_CHANNEL":0,"EM_MODE":1,"SHUTTER_TTL":0,"SHUTTER_OPENING_TIME":1,"SHUTTER_CLOSING_TIME":1,"SHUTTER_MODE":1,"TRIGGER_MODE":0,"VBIN":1,"INITIAL_LINE":1,"INITIAL_COLUMN":1,"FINAL_LINE":1024,"FINAL_COLUMN":1024,"HBIN":1}
11/5/2022 11:34 PM CommandAcquisChD  TX=SET TEMP -70
11/5/2022 11:34 PM CommandAcquisChA  TX=SET COOLER_POWER_STATUS 1
11/5/2022 11:34 PM CommandAcquisChB  TX=SET COOLER_POWER_STATUS 1
11/5/2022 11:34 PM CommandAcquisChC  TX=SET COOLER_POWER_STATUS 1
11/5/2022 11:34 PM CommandAcquisChD  TX=SET COOLER_POWER_STATUS 1
11/5/2022 11:34 PM ResponseAcquisChB  RX=DONE
11/5/2022 11:34 PM ResponseAcquisChC  RX=DONE
11/5/2022 11:34 PM ResponseAcquisChA  RX=DONE
11/5/2022 11:34 PM ResponseAcquisChC  RX=DONE
11/5/2022 11:34 PM ResponseAcquisChD  RX=DONE
11/5/2022 11:34 PM ResponseAcquisChA  RX=DONE
11/5/2022 11:36 PM CommandAcquisChA  TX=WRITE_SETUP {"ACQUISITION_MODE":3,"TRIGGER_MODE":0,"READ_MODE":4,"PREAMP":0,"READOUT_RATE":0,"VERTICAL_SHIFT_SPEED":3,"EM_MODE":1,"EM_GAIN":2,"SHUTTER_MODE":1,"SHUTTER_TTL":0,"SHUTTER_OPENING_TIME":1,"SHUTTER_CLOSING_TIME":1,"VBIN":1,"HBIN":1,"INITIAL_LINE":1,"INITIAL_COLUMN":1,"FINAL_LINE":1024,"FINAL_COLUMN":1024,"FRAME_TRANSFER":true,"VERTICAL_CLOCK_VOLTAGE":0,"AD_CHANNEL":0}
11/5/2022 11:36 PM CommandAcquisChB  TX=WRITE_SETUP {"ACQUISITION_MODE":3,"TRIGGER_MODE":0,"READ_MODE":4,"PREAMP":0,"READOUT_RATE":0,"VERTICAL_SHIFT_SPEED":3,"EM_MODE":1,"EM_GAIN":2,"SHUTTER_MODE":1,"SHUTTER_TTL":0,"SHUTTER_OPENING_TIME":1,"SHUTTER_CLOSING_TIME":1,"VBIN":1,"HBIN":1,"INITIAL_LINE":1,"INITIAL_COLUMN":1,"FINAL_LINE":1024,"FINAL_COLUMN":1024,"FRAME_TRANSFER":true,"VERTICAL_CLOCK_VOLTAGE":0,"AD_CHANNEL":0}
11/5/2022 11:36 PM CommandAcquisChC  TX=WRITE_SETUP {"ACQUISITION_MODE":3,"TRIGGER_MODE":0,"READ_MODE":4,"PREAMP":0,"READOUT_RATE":0,"VERTICAL_SHIFT_SPEED":3,"EM_MODE":1,"EM_GAIN":2,"SHUTTER_MODE":1,"SHUTTER_TTL":0,"SHUTTER_OPENING_TIME":1,"SHUTTER_CLOSING_TIME":1,"VBIN":1,"HBIN":1,"INITIAL_LINE":1,"INITIAL_COLUMN":1,"FINAL_LINE":1024,"FINAL_COLUMN":1024,"FRAME_TRANSFER":true,"VERTICAL_CLOCK_VOLTAGE":0,"AD_CHANNEL":0}
11/5/2022 11:36 PM CommandAcquisChD  TX=WRITE_SETUP {"ACQUISITION_MODE":3,"TRIGGER_MODE":0,"READ_MODE":4,"PREAMP":0,"READOUT_RATE":0,"VERTICAL_SHIFT_SPEED":3,"EM_MODE":1,"EM_GAIN":2,"SHUTTER_MODE":1,"SHUTTER_TTL":0,"SHUTTER_OPENING_TIME":1,"SHUTTER_CLOSING_TIME":1,"VBIN":1,"HBIN":1,"INITIAL_LINE":1,"INITIAL_COLUMN":1,"FINAL_LINE":1024,"FINAL_COLUMN":1024,"FRAME_TRANSFER":true,"VERTICAL_CLOCK_VOLTAGE":0,"AD_CHANNEL":0}
11/5/2022 11:36 PM CommandAcquisChA  TX=READ_SETUP 
11/5/2022 11:36 PM CommandAcquisChB  TX=READ_SETUP 
11/5/2022 11:36 PM CommandAcquisChC  TX=READ_SETUP 
11/5/2022 11:36 PM CommandAcquisChD  TX=READ_SETUP 
11/5/2022 11:36 PM ResponseAcquisChC  RX={"PREAMP":0,"READOUT_RATE":0,"EM_GAIN":2,"VERTICAL_SHIFT_SPEED":3,"READ_MODE":4,"FRAME_TRANSFER":true,"VERTICAL_CLOCK_VOLTAGE":0,"ACQUISITION_MODE":3,"AD_CHANNEL":0,"EM_MODE":1,"SHUTTER_TTL":0,"SHUTTER_OPENING_TIME":1,"SHUTTER_CLOSING_TIME":1,"SHUTTER_MODE":1,"TRIGGER_MODE":0,"VBIN":1,"INITIAL_LINE":1,"INITIAL_COLUMN":1,"FINAL_LINE":1024,"FINAL_COLUMN":1024,"HBIN":1}
11/5/2022 11:36 PM ResponseAcquisChA  RX={"PREAMP":0,"READOUT_RATE":0,"EM_GAIN":2,"VERTICAL_SHIFT_SPEED":3,"READ_MODE":4,"FRAME_TRANSFER":true,"VERTICAL_CLOCK_VOLTAGE":0,"ACQUISITION_MODE":3,"AD_CHANNEL":0,"EM_MODE":1,"SHUTTER_TTL":0,"SHUTTER_OPENING_TIME":1,"SHUTTER_CLOSING_TIME":1,"SHUTTER_MODE":1,"TRIGGER_MODE":0,"VBIN":1,"INITIAL_LINE":1,"INITIAL_COLUMN":1,"FINAL_LINE":1024,"FINAL_COLUMN":1024,"HBIN":1}
11/5/2022 11:36 PM CommandAcquisChA  TX=SET TEMP -70
11/5/2022 11:36 PM ResponseAcquisChB  RX={"PREAMP":0,"READOUT_RATE":0,"EM_GAIN":2,"VERTICAL_SHIFT_SPEED":3,"READ_MODE":4,"FRAME_TRANSFER":true,"VERTICAL_CLOCK_VOLTAGE":0,"ACQUISITION_MODE":3,"AD_CHANNEL":0,"EM_MODE":1,"SHUTTER_TTL":0,"SHUTTER_OPENING_TIME":1,"SHUTTER_CLOSING_TIME":1,"SHUTTER_MODE":1,"TRIGGER_MODE":0,"VBIN":1,"INITIAL_LINE":1,"INITIAL_COLUMN":1,"FINAL_LINE":1024,"FINAL_COLUMN":1024,"HBIN":1}
11/5/2022 11:36 PM CommandAcquisChB  TX=SET TEMP -70
11/5/2022 11:36 PM CommandAcquisChC  TX=SET TEMP -70
11/5/2022 11:36 PM ResponseAcquisChD  RX={"PREAMP":0,"READOUT_RATE":0,"EM_GAIN":2,"VERTICAL_SHIFT_SPEED":3,"READ_MODE":4,"FRAME_TRANSFER":true,"VERTICAL_CLOCK_VOLTAGE":0,"ACQUISITION_MODE":3,"AD_CHANNEL":0,"EM_MODE":1,"SHUTTER_TTL":0,"SHUTTER_OPENING_TIME":1,"SHUTTER_CLOSING_TIME":1,"SHUTTER_MODE":1,"TRIGGER_MODE":0,"VBIN":1,"INITIAL_LINE":1,"INITIAL_COLUMN":1,"FINAL_LINE":1024,"FINAL_COLUMN":1024,"HBIN":1}
11/5/2022 11:36 PM CommandAcquisChD  TX=SET TEMP -70
11/5/2022 11:36 PM CommandAcquisChA  TX=SET COOLER_POWER_STATUS 1
11/5/2022 11:36 PM CommandAcquisChB  TX=SET COOLER_POWER_STATUS 1
11/5/2022 11:36 PM ResponseAcquisChC  RX=DONE
11/5/2022 11:36 PM CommandAcquisChC  TX=SET COOLER_POWER_STATUS 1
11/5/2022 11:36 PM CommandAcquisChD  TX=SET COOLER_POWER_STATUS 1
11/5/2022 11:36 PM ResponseAcquisChA  RX=DONE
11/5/2022 11:36 PM ResponseAcquisChD  RX=DONE
11/5/2022 11:36 PM ResponseAcquisChB  RX=DONE
11/5/2022 11:36 PM ResponseAcquisChC  RX=DONE
11/5/2022 11:36 PM ResponseAcquisChB  RX=DONE
11/5/2022 11:51 PM CommandAcquisChA  TX=SET EXPTIME 30.000000
11/5/2022 11:51 PM ResponseAcquisChA  RX=DONE
11/5/2022 11:51 PM CommandAcquisChA  TX=SET #FRAMES 1.000000
11/5/2022 11:51 PM CommandAcquisChA  TX=SET #CUBES 1.0000 
11/5/2022 11:51 PM ResponseAcquisChA  RX=DONE
11/5/2022 11:51 PM ResponseAcquisChA  RX=DONE
11/5/2022 11:51 PM CommandAcquisChA  TX=SET SUFFIX dflat
11/5/2022 11:51 PM ResponseAcquisChA  RX=DONE
11/5/2022 11:51 PM CommandAcquisChA  TX=SET OBSTYPE DFLAT
11/5/2022 11:51 PM ResponseAcquisChA  RX=DONE
11/5/2022 11:51 PM CommandAcquisChA  TX=EXPOSE
11/5/2022 11:54 PM CommandAcquisChA  TX=WRITE_SETUP {"ACQUISITION_MODE":3,"TRIGGER_MODE":6,"READ_MODE":4,"PREAMP":0,"READOUT_RATE":0,"VERTICAL_SHIFT_SPEED":3,"EM_MODE":1,"EM_GAIN":2,"SHUTTER_MODE":1,"SHUTTER_TTL":0,"SHUTTER_OPENING_TIME":1,"SHUTTER_CLOSING_TIME":1,"VBIN":1,"HBIN":1,"INITIAL_LINE":1,"INITIAL_COLUMN":1,"FINAL_LINE":1024,"FINAL_COLUMN":1024,"FRAME_TRANSFER":true,"VERTICAL_CLOCK_VOLTAGE":0,"AD_CHANNEL":0}
11/5/2022 11:54 PM CommandAcquisChB  TX=WRITE_SETUP {"ACQUISITION_MODE":3,"TRIGGER_MODE":6,"READ_MODE":4,"PREAMP":0,"READOUT_RATE":0,"VERTICAL_SHIFT_SPEED":3,"EM_MODE":1,"EM_GAIN":2,"SHUTTER_MODE":1,"SHUTTER_TTL":0,"SHUTTER_OPENING_TIME":1,"SHUTTER_CLOSING_TIME":1,"VBIN":1,"HBIN":1,"INITIAL_LINE":1,"INITIAL_COLUMN":1,"FINAL_LINE":1024,"FINAL_COLUMN":1024,"FRAME_TRANSFER":true,"VERTICAL_CLOCK_VOLTAGE":0,"AD_CHANNEL":0}
11/5/2022 11:54 PM CommandAcquisChC  TX=WRITE_SETUP {"ACQUISITION_MODE":3,"TRIGGER_MODE":6,"READ_MODE":4,"PREAMP":0,"READOUT_RATE":0,"VERTICAL_SHIFT_SPEED":3,"EM_MODE":1,"EM_GAIN":2,"SHUTTER_MODE":1,"SHUTTER_TTL":0,"SHUTTER_OPENING_TIME":1,"SHUTTER_CLOSING_TIME":1,"VBIN":1,"HBIN":1,"INITIAL_LINE":1,"INITIAL_COLUMN":1,"FINAL_LINE":1024,"FINAL_COLUMN":1024,"FRAME_TRANSFER":true,"VERTICAL_CLOCK_VOLTAGE":0,"AD_CHANNEL":0}
11/5/2022 11:54 PM CommandAcquisChD  TX=WRITE_SETUP {"ACQUISITION_MODE":3,"TRIGGER_MODE":6,"READ_MODE":4,"PREAMP":0,"READOUT_RATE":0,"VERTICAL_SHIFT_SPEED":3,"EM_MODE":1,"EM_GAIN":2,"SHUTTER_MODE":1,"SHUTTER_TTL":0,"SHUTTER_OPENING_TIME":1,"SHUTTER_CLOSING_TIME":1,"VBIN":1,"HBIN":1,"INITIAL_LINE":1,"INITIAL_COLUMN":1,"FINAL_LINE":1024,"FINAL_COLUMN":1024,"FRAME_TRANSFER":true,"VERTICAL_CLOCK_VOLTAGE":0,"AD_CHANNEL":0}
11/5/2022 11:54 PM CommandAcquisChA  TX=READ_SETUP 
11/5/2022 11:54 PM CommandAcquisChB  TX=READ_SETUP 
11/5/2022 11:54 PM CommandAcquisChC  TX=READ_SETUP 
11/5/2022 11:54 PM CommandAcquisChD  TX=READ_SETUP 
11/5/2022 11:54 PM ResponseAcquisChA  RX={"PREAMP":0,"READOUT_RATE":0,"EM_GAIN":2,"VERTICAL_SHIFT_SPEED":3,"READ_MODE":4,"FRAME_TRANSFER":true,"VERTICAL_CLOCK_VOLTAGE":0,"ACQUISITION_MODE":3,"AD_CHANNEL":0,"EM_MODE":1,"SHUTTER_TTL":0,"SHUTTER_OPENING_TIME":1,"SHUTTER_CLOSING_TIME":1,"SHUTTER_MODE":1,"TRIGGER_MODE":6,"VBIN":1,"INITIAL_LINE":1,"INITIAL_COLUMN":1,"FINAL_LINE":1024,"FINAL_COLUMN":1024,"HBIN":1}
11/5/2022 11:54 PM ResponseAcquisChC  RX={"PREAMP":0,"READOUT_RATE":0,"EM_GAIN":2,"VERTICAL_SHIFT_SPEED":3,"READ_MODE":4,"FRAME_TRANSFER":true,"VERTICAL_CLOCK_VOLTAGE":0,"ACQUISITION_MODE":3,"AD_CHANNEL":0,"EM_MODE":1,"SHUTTER_TTL":0,"SHUTTER_OPENING_TIME":1,"SHUTTER_CLOSING_TIME":1,"SHUTTER_MODE":1,"TRIGGER_MODE":6,"VBIN":1,"INITIAL_LINE":1,"INITIAL_COLUMN":1,"FINAL_LINE":1024,"FINAL_COLUMN":1024,"HBIN":1}
11/5/2022 11:54 PM ResponseAcquisChD  RX={"PREAMP":0,"READOUT_RATE":0,"EM_GAIN":2,"VERTICAL_SHIFT_SPEED":3,"READ_MODE":4,"FRAME_TRANSFER":true,"VERTICAL_CLOCK_VOLTAGE":0,"ACQUISITION_MODE":3,"AD_CHANNEL":0,"EM_MODE":1,"SHUTTER_TTL":0,"SHUTTER_OPENING_TIME":1,"SHUTTER_CLOSING_TIME":1,"SHUTTER_MODE":1,"TRIGGER_MODE":6,"VBIN":1,"INITIAL_LINE":1,"INITIAL_COLUMN":1,"FINAL_LINE":1024,"FINAL_COLUMN":1024,"HBIN":1}
11/5/2022 11:54 PM CommandAcquisChA  TX=SET TEMP -70
11/5/2022 11:54 PM ResponseAcquisChB  RX={"PREAMP":0,"READOUT_RATE":0,"EM_GAIN":2,"VERTICAL_SHIFT_SPEED":3,"READ_MODE":4,"FRAME_TRANSFER":true,"VERTICAL_CLOCK_VOLTAGE":0,"ACQUISITION_MODE":3,"AD_CHANNEL":0,"EM_MODE":1,"SHUTTER_TTL":0,"SHUTTER_OPENING_TIME":1,"SHUTTER_CLOSING_TIME":1,"SHUTTER_MODE":1,"TRIGGER_MODE":6,"VBIN":1,"INITIAL_LINE":1,"INITIAL_COLUMN":1,"FINAL_LINE":1024,"FINAL_COLUMN":1024,"HBIN":1}
11/5/2022 11:54 PM CommandAcquisChB  TX=SET TEMP -70
11/5/2022 11:54 PM CommandAcquisChC  TX=SET TEMP -70
11/5/2022 11:54 PM CommandAcquisChD  TX=SET TEMP -70
11/5/2022 11:54 PM CommandAcquisChA  TX=SET COOLER_POWER_STATUS 1
11/5/2022 11:54 PM CommandAcquisChB  TX=SET COOLER_POWER_STATUS 1
11/5/2022 11:54 PM CommandAcquisChC  TX=SET COOLER_POWER_STATUS 1
11/5/2022 11:54 PM CommandAcquisChD  TX=SET COOLER_POWER_STATUS 1
11/5/2022 11:54 PM ResponseAcquisChA  RX=DONE
11/5/2022 11:54 PM ResponseAcquisChC  RX=DONE
11/5/2022 11:54 PM ResponseAcquisChD  RX=DONE
11/5/2022 11:54 PM ResponseAcquisChB  RX=DONE
11/5/2022 11:54 PM ResponseAcquisChD  RX=DONE
11/5/2022 11:54 PM ResponseAcquisChB  RX=DONE
11/5/2022 11:54 PM CommandAcquisChA  TX=SET EXPTIME 100.000000
11/5/2022 11:55 PM ResponseAcquisChA  RX=DONE
11/5/2022 11:55 PM CommandAcquisChA  TX=SET #FRAMES 15.000000
11/5/2022 11:55 PM CommandAcquisChA  TX=SET #CUBES 1.0000 
11/5/2022 11:55 PM ResponseAcquisChA  RX=DONE
11/5/2022 11:55 PM CommandAcquisChA  TX=SET SUFFIX dflat
11/5/2022 11:55 PM ResponseAcquisChA  RX=DONE
11/5/2022 11:55 PM CommandAcquisChA  TX=SET OBSTYPE DFLAT
11/5/2022 11:55 PM ResponseAcquisChA  RX=DONE
11/5/2022 11:55 PM ResponseAcquisChA  RX=DONE
11/5/2022 11:55 PM CommandAcquisChB  TX=SET EXPTIME 20.000000
11/5/2022 11:55 PM ResponseAcquisChB  RX=DONE
11/5/2022 11:55 PM CommandAcquisChB  TX=SET #FRAMES 75.000000
11/5/2022 11:55 PM ResponseAcquisChB  RX=DONE
11/5/2022 11:55 PM CommandAcquisChB  TX=SET #CUBES 1.0000 
11/5/2022 11:55 PM CommandAcquisChB  TX=SET SUFFIX dflat
11/5/2022 11:55 PM ResponseAcquisChB  RX=DONE
11/5/2022 11:55 PM CommandAcquisChB  TX=SET OBSTYPE DFLAT
11/5/2022 11:55 PM ResponseAcquisChB  RX=DONE
11/5/2022 11:55 PM ResponseAcquisChB  RX=DONE
11/5/2022 11:55 PM CommandAcquisChC  TX=SET EXPTIME 25.000000
11/5/2022 11:55 PM ResponseAcquisChC  RX=DONE
11/5/2022 11:55 PM CommandAcquisChC  TX=SET #FRAMES 60.000000
11/5/2022 11:55 PM ResponseAcquisChC  RX=DONE
11/5/2022 11:55 PM CommandAcquisChC  TX=SET #CUBES 1.0000 
11/5/2022 11:55 PM ResponseAcquisChC  RX=DONE
11/5/2022 11:55 PM CommandAcquisChC  TX=SET SUFFIX dflat
11/5/2022 11:55 PM CommandAcquisChC  TX=SET OBSTYPE DFLAT
11/5/2022 11:55 PM ResponseAcquisChC  RX=DONE
11/5/2022 11:55 PM ResponseAcquisChC  RX=DONE
11/5/2022 11:55 PM CommandAcquisChD  TX=SET EXPTIME 30.000000
11/5/2022 11:55 PM ResponseAcquisChD  RX=DONE
11/5/2022 11:55 PM CommandAcquisChD  TX=SET #FRAMES 50.000000
11/5/2022 11:55 PM ResponseAcquisChD  RX=DONE
11/5/2022 11:55 PM CommandAcquisChD  TX=SET #CUBES 1.0000 
11/5/2022 11:55 PM ResponseAcquisChD  RX=DONE
11/5/2022 11:55 PM CommandAcquisChD  TX=SET SUFFIX dflat
11/5/2022 11:55 PM ResponseAcquisChD  RX=DONE
11/5/2022 11:55 PM CommandAcquisChD  TX=SET OBSTYPE DFLAT
11/5/2022 11:55 PM ResponseAcquisChD  RX=DONE
11/5/2022 11:55 PM CommandAcquisChA  TX=EXPOSE
11/5/2022 11:55 PM CommandAcquisChB  TX=EXPOSE
11/5/2022 11:55 PM CommandAcquisChC  TX=EXPOSE
11/5/2022 11:55 PM CommandAcquisChD  TX=EXPOSE
11/5/2022 11:58 PM CommandAcquisChA  TX=ABORT_ACQUISITION
11/5/2022 11:58 PM CommandAcquisChB  TX=ABORT_ACQUISITION
11/5/2022 11:58 PM CommandAcquisChC  TX=ABORT_ACQUISITION
11/5/2022 11:58 PM CommandAcquisChD  TX=ABORT_ACQUISITION
11/5/2022 11:59 PM CommandAcquisChA  TX=WRITE_SETUP {"ACQUISITION_MODE":3,"TRIGGER_MODE":0,"READ_MODE":4,"PREAMP":0,"READOUT_RATE":0,"VERTICAL_SHIFT_SPEED":3,"EM_MODE":1,"EM_GAIN":2,"SHUTTER_MODE":1,"SHUTTER_TTL":0,"SHUTTER_OPENING_TIME":1,"SHUTTER_CLOSING_TIME":1,"VBIN":1,"HBIN":1,"INITIAL_LINE":1,"INITIAL_COLUMN":1,"FINAL_LINE":1024,"FINAL_COLUMN":1024,"FRAME_TRANSFER":true,"VERTICAL_CLOCK_VOLTAGE":0,"AD_CHANNEL":0}
11/5/2022 11:59 PM CommandAcquisChA  TX=WRITE_SETUP {"ACQUISITION_MODE":3,"TRIGGER_MODE":0,"READ_MODE":4,"PREAMP":0,"READOUT_RATE":0,"VERTICAL_SHIFT_SPEED":3,"EM_MODE":1,"EM_GAIN":2,"SHUTTER_MODE":1,"SHUTTER_TTL":0,"SHUTTER_OPENING_TIME":1,"SHUTTER_CLOSING_TIME":1,"VBIN":1,"HBIN":1,"INITIAL_LINE":1,"INITIAL_COLUMN":1,"FINAL_LINE":1024,"FINAL_COLUMN":1024,"FRAME_TRANSFER":true,"VERTICAL_CLOCK_VOLTAGE":0,"AD_CHANNEL":0}
11/5/2022 11:59 PM CommandAcquisChB  TX=WRITE_SETUP {"ACQUISITION_MODE":3,"TRIGGER_MODE":0,"READ_MODE":4,"PREAMP":0,"READOUT_RATE":0,"VERTICAL_SHIFT_SPEED":3,"EM_MODE":1,"EM_GAIN":2,"SHUTTER_MODE":1,"SHUTTER_TTL":0,"SHUTTER_OPENING_TIME":1,"SHUTTER_CLOSING_TIME":1,"VBIN":1,"HBIN":1,"INITIAL_LINE":1,"INITIAL_COLUMN":1,"FINAL_LINE":1024,"FINAL_COLUMN":1024,"FRAME_TRANSFER":true,"VERTICAL_CLOCK_VOLTAGE":0,"AD_CHANNEL":0}
11/5/2022 11:59 PM CommandAcquisChC  TX=WRITE_SETUP {"ACQUISITION_MODE":3,"TRIGGER_MODE":0,"READ_MODE":4,"PREAMP":0,"READOUT_RATE":0,"VERTICAL_SHIFT_SPEED":3,"EM_MODE":1,"EM_GAIN":2,"SHUTTER_MODE":1,"SHUTTER_TTL":0,"SHUTTER_OPENING_TIME":1,"SHUTTER_CLOSING_TIME":1,"VBIN":1,"HBIN":1,"INITIAL_LINE":1,"INITIAL_COLUMN":1,"FINAL_LINE":1024,"FINAL_COLUMN":1024,"FRAME_TRANSFER":true,"VERTICAL_CLOCK_VOLTAGE":0,"AD_CHANNEL":0}
11/5/2022 11:59 PM CommandAcquisChA  TX=READ_SETUP 
11/5/2022 11:59 PM ResponseAcquisChA  RX={"PREAMP":0,"READOUT_RATE":0,"EM_GAIN":2,"VERTICAL_SHIFT_SPEED":3,"READ_MODE":4,"FRAME_TRANSFER":true,"VERTICAL_CLOCK_VOLTAGE":0,"ACQUISITION_MODE":3,"AD_CHANNEL":0,"EM_MODE":1,"SHUTTER_TTL":0,"SHUTTER_OPENING_TIME":1,"SHUTTER_CLOSING_TIME":1,"SHUTTER_MODE":1,"TRIGGER_MODE":0,"VBIN":1,"INITIAL_LINE":1,"INITIAL_COLUMN":1,"FINAL_LINE":1024,"FINAL_COLUMN":1024,"HBIN":1}
11/5/2022 11:59 PM CommandAcquisChA  TX=SET TEMP -70
11/5/2022 11:59 PM CommandAcquisChA  TX=SET COOLER_POWER_STATUS 1
11/5/2022 11:59 PM ResponseAcquisChA  RX=DONE
11/5/2022 11:59 PM ResponseAcquisChA  RX=DONE
11/5/2022 11:59 PM CommandAcquisChD  TX=WRITE_SETUP {"ACQUISITION_MODE":3,"TRIGGER_MODE":0,"READ_MODE":4,"PREAMP":0,"READOUT_RATE":0,"VERTICAL_SHIFT_SPEED":3,"EM_MODE":1,"EM_GAIN":2,"SHUTTER_MODE":1,"SHUTTER_TTL":0,"SHUTTER_OPENING_TIME":1,"SHUTTER_CLOSING_TIME":1,"VBIN":1,"HBIN":1,"INITIAL_LINE":1,"INITIAL_COLUMN":1,"FINAL_LINE":1024,"FINAL_COLUMN":1024,"FRAME_TRANSFER":true,"VERTICAL_CLOCK_VOLTAGE":0,"AD_CHANNEL":0}
11/5/2022 11:59 PM CommandAcquisChB  TX=READ_SETUP 
11/5/2022 11:59 PM ResponseAcquisChB  RX={"PREAMP":0,"READOUT_RATE":0,"EM_GAIN":2,"VERTICAL_SHIFT_SPEED":3,"READ_MODE":4,"FRAME_TRANSFER":true,"VERTICAL_CLOCK_VOLTAGE":0,"ACQUISITION_MODE":3,"AD_CHANNEL":0,"EM_MODE":1,"SHUTTER_TTL":0,"SHUTTER_OPENING_TIME":1,"SHUTTER_CLOSING_TIME":1,"SHUTTER_MODE":1,"TRIGGER_MODE":0,"VBIN":1,"INITIAL_LINE":1,"INITIAL_COLUMN":1,"FINAL_LINE":1024,"FINAL_COLUMN":1024,"HBIN":1}
11/5/2022 11:59 PM CommandAcquisChB  TX=SET TEMP -70
11/5/2022 11:59 PM ResponseAcquisChB  RX=DONE
11/5/2022 11:59 PM CommandAcquisChB  TX=SET COOLER_POWER_STATUS 1
11/5/2022 11:59 PM ResponseAcquisChB  RX=DONE
11/5/2022 11:59 PM CommandAcquisChC  TX=READ_SETUP 
11/5/2022 11:59 PM ResponseAcquisChC  RX={"PREAMP":0,"READOUT_RATE":0,"EM_GAIN":2,"VERTICAL_SHIFT_SPEED":3,"READ_MODE":4,"FRAME_TRANSFER":true,"VERTICAL_CLOCK_VOLTAGE":0,"ACQUISITION_MODE":3,"AD_CHANNEL":0,"EM_MODE":1,"SHUTTER_TTL":0,"SHUTTER_OPENING_TIME":1,"SHUTTER_CLOSING_TIME":1,"SHUTTER_MODE":1,"TRIGGER_MODE":0,"VBIN":1,"INITIAL_LINE":1,"INITIAL_COLUMN":1,"FINAL_LINE":1024,"FINAL_COLUMN":1024,"HBIN":1}
11/5/2022 11:59 PM CommandAcquisChC  TX=SET TEMP -70
11/5/2022 11:59 PM ResponseAcquisChC  RX=DONE
11/5/2022 11:59 PM CommandAcquisChC  TX=SET COOLER_POWER_STATUS 1
11/5/2022 11:59 PM ResponseAcquisChC  RX=DONE
11/5/2022 11:59 PM CommandAcquisChD  TX=READ_SETUP 
11/5/2022 11:59 PM ResponseAcquisChD  RX={"PREAMP":0,"READOUT_RATE":0,"EM_GAIN":2,"VERTICAL_SHIFT_SPEED":3,"READ_MODE":4,"FRAME_TRANSFER":true,"VERTICAL_CLOCK_VOLTAGE":0,"ACQUISITION_MODE":3,"AD_CHANNEL":0,"EM_MODE":1,"SHUTTER_TTL":0,"SHUTTER_OPENING_TIME":1,"SHUTTER_CLOSING_TIME":1,"SHUTTER_MODE":1,"TRIGGER_MODE":0,"VBIN":1,"INITIAL_LINE":1,"INITIAL_COLUMN":1,"FINAL_LINE":1024,"FINAL_COLUMN":1024,"HBIN":1}
11/5/2022 11:59 PM CommandAcquisChD  TX=SET TEMP -70
11/5/2022 11:59 PM CommandAcquisChD  TX=SET COOLER_POWER_STATUS 1
11/5/2022 11:59 PM ResponseAcquisChD  RX=DONE
11/5/2022 11:59 PM ResponseAcquisChD  RX=DONE
11/5/2022 11:59 PM CommandAcquisChA  TX=SET EXPTIME 100.000000
11/5/2022 11:59 PM ResponseAcquisChA  RX=DONE
11/5/2022 11:59 PM CommandAcquisChA  TX=SET #FRAMES 15.000000
11/5/2022 11:59 PM ResponseAcquisChA  RX=DONE
11/5/2022 11:59 PM CommandAcquisChA  TX=SET #CUBES 1.0000 
11/5/2022 11:59 PM CommandAcquisChA  TX=SET SUFFIX dflat
11/5/2022 11:59 PM ResponseAcquisChA  RX=DONE
11/5/2022 11:59 PM ResponseAcquisChA  RX=DONE
11/5/2022 11:59 PM CommandAcquisChA  TX=SET OBSTYPE DFLAT
11/5/2022 11:59 PM ResponseAcquisChA  RX=DONE
11/5/2022 11:59 PM CommandAcquisChB  TX=SET EXPTIME 20.000000
11/5/2022 11:59 PM ResponseAcquisChB  RX=DONE
11/5/2022 11:59 PM CommandAcquisChB  TX=SET #FRAMES 75.000000
11/5/2022 11:59 PM ResponseAcquisChB  RX=DONE
11/5/2022 11:59 PM CommandAcquisChB  TX=SET #CUBES 1.0000 
11/5/2022 11:59 PM ResponseAcquisChB  RX=DONE
11/5/2022 11:59 PM CommandAcquisChB  TX=SET SUFFIX dflat
11/5/2022 11:59 PM CommandAcquisChB  TX=SET OBSTYPE DFLAT
11/5/2022 11:59 PM ResponseAcquisChB  RX=DONE
11/5/2022 11:59 PM ResponseAcquisChB  RX=DONE
11/5/2022 11:59 PM CommandAcquisChC  TX=SET EXPTIME 25.000000
11/5/2022 11:59 PM ResponseAcquisChC  RX=DONE
11/5/2022 11:59 PM CommandAcquisChC  TX=SET #FRAMES 60.000000
11/5/2022 11:59 PM CommandAcquisChC  TX=SET #CUBES 1.0000 
11/5/2022 11:59 PM ResponseAcquisChC  RX=DONE
11/5/2022 11:59 PM CommandAcquisChC  TX=SET SUFFIX dflat
11/5/2022 11:59 PM ResponseAcquisChC  RX=DONE
11/5/2022 11:59 PM ResponseAcquisChC  RX=DONE
11/5/2022 11:59 PM CommandAcquisChC  TX=SET OBSTYPE DFLAT
11/5/2022 11:59 PM ResponseAcquisChC  RX=DONE
11/5/2022 11:59 PM CommandAcquisChD  TX=SET EXPTIME 30.000000
11/5/2022 11:59 PM ResponseAcquisChD  RX=DONE
11/5/2022 11:59 PM CommandAcquisChD  TX=SET #FRAMES 50.000000
11/5/2022 11:59 PM ResponseAcquisChD  RX=DONE
11/5/2022 11:59 PM CommandAcquisChD  TX=SET #CUBES 1.0000 
11/5/2022 11:59 PM CommandAcquisChD  TX=SET SUFFIX dflat
11/5/2022 11:59 PM ResponseAcquisChD  RX=DONE
11/5/2022 11:59 PM ResponseAcquisChD  RX=DONE
11/5/2022 11:59 PM CommandAcquisChD  TX=SET OBSTYPE DFLAT
11/5/2022 11:59 PM ResponseAcquisChD  RX=DONE
11/5/2022 11:59 PM CommandAcquisChA  TX=EXPOSE
11/5/2022 11:59 PM CommandAcquisChB  TX=EXPOSE
11/5/2022 11:59 PM CommandAcquisChC  TX=EXPOSE
11/5/2022 11:59 PM CommandAcquisChD  TX=EXPOSE
11/6/2022 12:30 AM CommandAcquisChA  TX=WRITE_SETUP {"ACQUISITION_MODE":3,"TRIGGER_MODE":0,"READ_MODE":4,"PREAMP":0,"READOUT_RATE":0,"VERTICAL_SHIFT_SPEED":3,"EM_MODE":1,"EM_GAIN":2,"SHUTTER_MODE":1,"SHUTTER_TTL":0,"SHUTTER_OPENING_TIME":1,"SHUTTER_CLOSING_TIME":1,"VBIN":1,"HBIN":1,"INITIAL_LINE":1,"INITIAL_COLUMN":1,"FINAL_LINE":1024,"FINAL_COLUMN":1024,"FRAME_TRANSFER":true,"VERTICAL_CLOCK_VOLTAGE":0,"AD_CHANNEL":0}
11/6/2022 12:30 AM CommandAcquisChB  TX=WRITE_SETUP {"ACQUISITION_MODE":3,"TRIGGER_MODE":0,"READ_MODE":4,"PREAMP":0,"READOUT_RATE":0,"VERTICAL_SHIFT_SPEED":3,"EM_MODE":1,"EM_GAIN":2,"SHUTTER_MODE":1,"SHUTTER_TTL":0,"SHUTTER_OPENING_TIME":1,"SHUTTER_CLOSING_TIME":1,"VBIN":1,"HBIN":1,"INITIAL_LINE":1,"INITIAL_COLUMN":1,"FINAL_LINE":1024,"FINAL_COLUMN":1024,"FRAME_TRANSFER":true,"VERTICAL_CLOCK_VOLTAGE":0,"AD_CHANNEL":0}
11/6/2022 12:30 AM CommandAcquisChC  TX=WRITE_SETUP {"ACQUISITION_MODE":3,"TRIGGER_MODE":0,"READ_MODE":4,"PREAMP":0,"READOUT_RATE":0,"VERTICAL_SHIFT_SPEED":3,"EM_MODE":1,"EM_GAIN":2,"SHUTTER_MODE":1,"SHUTTER_TTL":0,"SHUTTER_OPENING_TIME":1,"SHUTTER_CLOSING_TIME":1,"VBIN":1,"HBIN":1,"INITIAL_LINE":1,"INITIAL_COLUMN":1,"FINAL_LINE":1024,"FINAL_COLUMN":1024,"FRAME_TRANSFER":true,"VERTICAL_CLOCK_VOLTAGE":0,"AD_CHANNEL":0}
11/6/2022 12:30 AM CommandAcquisChD  TX=WRITE_SETUP {"ACQUISITION_MODE":3,"TRIGGER_MODE":0,"READ_MODE":4,"PREAMP":0,"READOUT_RATE":0,"VERTICAL_SHIFT_SPEED":3,"EM_MODE":1,"EM_GAIN":2,"SHUTTER_MODE":1,"SHUTTER_TTL":0,"SHUTTER_OPENING_TIME":1,"SHUTTER_CLOSING_TIME":1,"VBIN":1,"HBIN":1,"INITIAL_LINE":1,"INITIAL_COLUMN":1,"FINAL_LINE":1024,"FINAL_COLUMN":1024,"FRAME_TRANSFER":true,"VERTICAL_CLOCK_VOLTAGE":0,"AD_CHANNEL":0}
11/6/2022 12:30 AM CommandAcquisChA  TX=READ_SETUP 
11/6/2022 12:30 AM CommandAcquisChB  TX=READ_SETUP 
11/6/2022 12:30 AM CommandAcquisChC  TX=READ_SETUP 
11/6/2022 12:30 AM CommandAcquisChD  TX=READ_SETUP 
11/6/2022 12:30 AM ResponseAcquisChB  RX={"PREAMP":0,"READOUT_RATE":0,"EM_GAIN":2,"VERTICAL_SHIFT_SPEED":3,"READ_MODE":4,"FRAME_TRANSFER":true,"VERTICAL_CLOCK_VOLTAGE":0,"ACQUISITION_MODE":3,"AD_CHANNEL":0,"EM_MODE":1,"SHUTTER_TTL":0,"SHUTTER_OPENING_TIME":1,"SHUTTER_CLOSING_TIME":1,"SHUTTER_MODE":1,"TRIGGER_MODE":0,"VBIN":1,"INITIAL_LINE":1,"INITIAL_COLUMN":1,"FINAL_LINE":1024,"FINAL_COLUMN":1024,"HBIN":1}
11/6/2022 12:30 AM ResponseAcquisChD  RX={"PREAMP":0,"READOUT_RATE":0,"EM_GAIN":2,"VERTICAL_SHIFT_SPEED":3,"READ_MODE":4,"FRAME_TRANSFER":true,"VERTICAL_CLOCK_VOLTAGE":0,"ACQUISITION_MODE":3,"AD_CHANNEL":0,"EM_MODE":1,"SHUTTER_TTL":0,"SHUTTER_OPENING_TIME":1,"SHUTTER_CLOSING_TIME":1,"SHUTTER_MODE":1,"TRIGGER_MODE":0,"VBIN":1,"INITIAL_LINE":1,"INITIAL_COLUMN":1,"FINAL_LINE":1024,"FINAL_COLUMN":1024,"HBIN":1}
11/6/2022 12:30 AM CommandAcquisChA  TX=SET TEMP -70
11/6/2022 12:30 AM CommandAcquisChB  TX=SET TEMP -70
11/6/2022 12:30 AM ResponseAcquisChC  RX={"PREAMP":0,"READOUT_RATE":0,"EM_GAIN":2,"VERTICAL_SHIFT_SPEED":3,"READ_MODE":4,"FRAME_TRANSFER":true,"VERTICAL_CLOCK_VOLTAGE":0,"ACQUISITION_MODE":3,"AD_CHANNEL":0,"EM_MODE":1,"SHUTTER_TTL":0,"SHUTTER_OPENING_TIME":1,"SHUTTER_CLOSING_TIME":1,"SHUTTER_MODE":1,"TRIGGER_MODE":0,"VBIN":1,"INITIAL_LINE":1,"INITIAL_COLUMN":1,"FINAL_LINE":1024,"FINAL_COLUMN":1024,"HBIN":1}
11/6/2022 12:30 AM CommandAcquisChC  TX=SET TEMP -70
11/6/2022 12:30 AM CommandAcquisChD  TX=SET TEMP -70
11/6/2022 12:30 AM ResponseAcquisChA  RX={"PREAMP":0,"READOUT_RATE":0,"EM_GAIN":2,"VERTICAL_SHIFT_SPEED":3,"READ_MODE":4,"FRAME_TRANSFER":true,"VERTICAL_CLOCK_VOLTAGE":0,"ACQUISITION_MODE":3,"AD_CHANNEL":0,"EM_MODE":1,"SHUTTER_TTL":0,"SHUTTER_OPENING_TIME":1,"SHUTTER_CLOSING_TIME":1,"SHUTTER_MODE":1,"TRIGGER_MODE":0,"VBIN":1,"INITIAL_LINE":1,"INITIAL_COLUMN":1,"FINAL_LINE":1024,"FINAL_COLUMN":1024,"HBIN":1}
11/6/2022 12:30 AM CommandAcquisChA  TX=SET COOLER_POWER_STATUS 1
11/6/2022 12:30 AM CommandAcquisChB  TX=SET COOLER_POWER_STATUS 1
11/6/2022 12:30 AM CommandAcquisChC  TX=SET COOLER_POWER_STATUS 1
11/6/2022 12:30 AM CommandAcquisChD  TX=SET COOLER_POWER_STATUS 1
11/6/2022 12:30 AM ResponseAcquisChA  RX=DONE
11/6/2022 12:30 AM ResponseAcquisChB  RX=DONE
11/6/2022 12:30 AM ResponseAcquisChC  RX=DONE
11/6/2022 12:30 AM ResponseAcquisChD  RX=DONE
11/6/2022 12:30 AM ResponseAcquisChB  RX=DONE
11/6/2022 12:30 AM ResponseAcquisChC  RX=DONE
11/6/2022 12:30 AM CommandAcquisChA  TX=WRITE_SETUP {"ACQUISITION_MODE":3,"TRIGGER_MODE":0,"READ_MODE":4,"PREAMP":0,"READOUT_RATE":0,"VERTICAL_SHIFT_SPEED":3,"EM_MODE":1,"EM_GAIN":2,"SHUTTER_MODE":1,"SHUTTER_TTL":0,"SHUTTER_OPENING_TIME":1,"SHUTTER_CLOSING_TIME":1,"VBIN":1,"HBIN":1,"INITIAL_LINE":1,"INITIAL_COLUMN":1,"FINAL_LINE":1024,"FINAL_COLUMN":1024,"FRAME_TRANSFER":true,"VERTICAL_CLOCK_VOLTAGE":0,"AD_CHANNEL":0}
11/6/2022 12:30 AM CommandAcquisChB  TX=WRITE_SETUP {"ACQUISITION_MODE":3,"TRIGGER_MODE":0,"READ_MODE":4,"PREAMP":0,"READOUT_RATE":0,"VERTICAL_SHIFT_SPEED":3,"EM_MODE":1,"EM_GAIN":2,"SHUTTER_MODE":1,"SHUTTER_TTL":0,"SHUTTER_OPENING_TIME":1,"SHUTTER_CLOSING_TIME":1,"VBIN":1,"HBIN":1,"INITIAL_LINE":1,"INITIAL_COLUMN":1,"FINAL_LINE":1024,"FINAL_COLUMN":1024,"FRAME_TRANSFER":true,"VERTICAL_CLOCK_VOLTAGE":0,"AD_CHANNEL":0}
11/6/2022 12:30 AM CommandAcquisChC  TX=WRITE_SETUP {"ACQUISITION_MODE":3,"TRIGGER_MODE":0,"READ_MODE":4,"PREAMP":0,"READOUT_RATE":0,"VERTICAL_SHIFT_SPEED":3,"EM_MODE":1,"EM_GAIN":2,"SHUTTER_MODE":1,"SHUTTER_TTL":0,"SHUTTER_OPENING_TIME":1,"SHUTTER_CLOSING_TIME":1,"VBIN":1,"HBIN":1,"INITIAL_LINE":1,"INITIAL_COLUMN":1,"FINAL_LINE":1024,"FINAL_COLUMN":1024,"FRAME_TRANSFER":true,"VERTICAL_CLOCK_VOLTAGE":0,"AD_CHANNEL":0}
11/6/2022 12:30 AM CommandAcquisChD  TX=WRITE_SETUP {"ACQUISITION_MODE":3,"TRIGGER_MODE":0,"READ_MODE":4,"PREAMP":0,"READOUT_RATE":0,"VERTICAL_SHIFT_SPEED":3,"EM_MODE":1,"EM_GAIN":2,"SHUTTER_MODE":1,"SHUTTER_TTL":0,"SHUTTER_OPENING_TIME":1,"SHUTTER_CLOSING_TIME":1,"VBIN":1,"HBIN":1,"INITIAL_LINE":1,"INITIAL_COLUMN":1,"FINAL_LINE":1024,"FINAL_COLUMN":1024,"FRAME_TRANSFER":true,"VERTICAL_CLOCK_VOLTAGE":0,"AD_CHANNEL":0}
11/6/2022 12:30 AM CommandAcquisChA  TX=WRITE_SETUP {"ACQUISITION_MODE":3,"TRIGGER_MODE":0,"READ_MODE":4,"PREAMP":0,"READOUT_RATE":0,"VERTICAL_SHIFT_SPEED":3,"EM_MODE":1,"EM_GAIN":2,"SHUTTER_MODE":1,"SHUTTER_TTL":0,"SHUTTER_OPENING_TIME":1,"SHUTTER_CLOSING_TIME":1,"VBIN":1,"HBIN":1,"INITIAL_LINE":1,"INITIAL_COLUMN":1,"FINAL_LINE":1024,"FINAL_COLUMN":1024,"FRAME_TRANSFER":true,"VERTICAL_CLOCK_VOLTAGE":0,"AD_CHANNEL":0}
11/6/2022 12:30 AM CommandAcquisChB  TX=WRITE_SETUP {"ACQUISITION_MODE":3,"TRIGGER_MODE":0,"READ_MODE":4,"PREAMP":0,"READOUT_RATE":0,"VERTICAL_SHIFT_SPEED":3,"EM_MODE":1,"EM_GAIN":2,"SHUTTER_MODE":1,"SHUTTER_TTL":0,"SHUTTER_OPENING_TIME":1,"SHUTTER_CLOSING_TIME":1,"VBIN":1,"HBIN":1,"INITIAL_LINE":1,"INITIAL_COLUMN":1,"FINAL_LINE":1024,"FINAL_COLUMN":1024,"FRAME_TRANSFER":true,"VERTICAL_CLOCK_VOLTAGE":0,"AD_CHANNEL":0}
11/6/2022 12:30 AM CommandAcquisChC  TX=WRITE_SETUP {"ACQUISITION_MODE":3,"TRIGGER_MODE":0,"READ_MODE":4,"PREAMP":0,"READOUT_RATE":0,"VERTICAL_SHIFT_SPEED":3,"EM_MODE":1,"EM_GAIN":2,"SHUTTER_MODE":1,"SHUTTER_TTL":0,"SHUTTER_OPENING_TIME":1,"SHUTTER_CLOSING_TIME":1,"VBIN":1,"HBIN":1,"INITIAL_LINE":1,"INITIAL_COLUMN":1,"FINAL_LINE":1024,"FINAL_COLUMN":1024,"FRAME_TRANSFER":true,"VERTICAL_CLOCK_VOLTAGE":0,"AD_CHANNEL":0}
11/6/2022 12:30 AM CommandAcquisChD  TX=WRITE_SETUP {"ACQUISITION_MODE":3,"TRIGGER_MODE":0,"READ_MODE":4,"PREAMP":0,"READOUT_RATE":0,"VERTICAL_SHIFT_SPEED":3,"EM_MODE":1,"EM_GAIN":2,"SHUTTER_MODE":1,"SHUTTER_TTL":0,"SHUTTER_OPENING_TIME":1,"SHUTTER_CLOSING_TIME":1,"VBIN":1,"HBIN":1,"INITIAL_LINE":1,"INITIAL_COLUMN":1,"FINAL_LINE":1024,"FINAL_COLUMN":1024,"FRAME_TRANSFER":true,"VERTICAL_CLOCK_VOLTAGE":0,"AD_CHANNEL":0}
11/6/2022 12:30 AM CommandAcquisChA  TX=WRITE_SETUP {"ACQUISITION_MODE":3,"TRIGGER_MODE":0,"READ_MODE":4,"PREAMP":0,"READOUT_RATE":0,"VERTICAL_SHIFT_SPEED":3,"EM_MODE":1,"EM_GAIN":2,"SHUTTER_MODE":2,"SHUTTER_TTL":0,"SHUTTER_OPENING_TIME":1,"SHUTTER_CLOSING_TIME":1,"VBIN":1,"HBIN":1,"INITIAL_LINE":1,"INITIAL_COLUMN":1,"FINAL_LINE":1024,"FINAL_COLUMN":1024,"FRAME_TRANSFER":true,"VERTICAL_CLOCK_VOLTAGE":0,"AD_CHANNEL":0}
11/6/2022 12:30 AM CommandAcquisChB  TX=WRITE_SETUP {"ACQUISITION_MODE":3,"TRIGGER_MODE":0,"READ_MODE":4,"PREAMP":0,"READOUT_RATE":0,"VERTICAL_SHIFT_SPEED":3,"EM_MODE":1,"EM_GAIN":2,"SHUTTER_MODE":2,"SHUTTER_TTL":0,"SHUTTER_OPENING_TIME":1,"SHUTTER_CLOSING_TIME":1,"VBIN":1,"HBIN":1,"INITIAL_LINE":1,"INITIAL_COLUMN":1,"FINAL_LINE":1024,"FINAL_COLUMN":1024,"FRAME_TRANSFER":true,"VERTICAL_CLOCK_VOLTAGE":0,"AD_CHANNEL":0}
11/6/2022 12:30 AM CommandAcquisChC  TX=WRITE_SETUP {"ACQUISITION_MODE":3,"TRIGGER_MODE":0,"READ_MODE":4,"PREAMP":0,"READOUT_RATE":0,"VERTICAL_SHIFT_SPEED":3,"EM_MODE":1,"EM_GAIN":2,"SHUTTER_MODE":2,"SHUTTER_TTL":0,"SHUTTER_OPENING_TIME":1,"SHUTTER_CLOSING_TIME":1,"VBIN":1,"HBIN":1,"INITIAL_LINE":1,"INITIAL_COLUMN":1,"FINAL_LINE":1024,"FINAL_COLUMN":1024,"FRAME_TRANSFER":true,"VERTICAL_CLOCK_VOLTAGE":0,"AD_CHANNEL":0}
11/6/2022 12:30 AM CommandAcquisChD  TX=WRITE_SETUP {"ACQUISITION_MODE":3,"TRIGGER_MODE":0,"READ_MODE":4,"PREAMP":0,"READOUT_RATE":0,"VERTICAL_SHIFT_SPEED":3,"EM_MODE":1,"EM_GAIN":2,"SHUTTER_MODE":2,"SHUTTER_TTL":0,"SHUTTER_OPENING_TIME":1,"SHUTTER_CLOSING_TIME":1,"VBIN":1,"HBIN":1,"INITIAL_LINE":1,"INITIAL_COLUMN":1,"FINAL_LINE":1024,"FINAL_COLUMN":1024,"FRAME_TRANSFER":true,"VERTICAL_CLOCK_VOLTAGE":0,"AD_CHANNEL":0}
11/6/2022 12:30 AM CommandAcquisChA  TX=WRITE_SETUP {"ACQUISITION_MODE":3,"TRIGGER_MODE":0,"READ_MODE":4,"PREAMP":0,"READOUT_RATE":0,"VERTICAL_SHIFT_SPEED":3,"EM_MODE":1,"EM_GAIN":2,"SHUTTER_MODE":2,"SHUTTER_TTL":0,"SHUTTER_OPENING_TIME":1,"SHUTTER_CLOSING_TIME":1,"VBIN":1,"HBIN":1,"INITIAL_LINE":1,"INITIAL_COLUMN":1,"FINAL_LINE":1024,"FINAL_COLUMN":1024,"FRAME_TRANSFER":true,"VERTICAL_CLOCK_VOLTAGE":0,"AD_CHANNEL":0}
11/6/2022 12:30 AM CommandAcquisChB  TX=WRITE_SETUP {"ACQUISITION_MODE":3,"TRIGGER_MODE":0,"READ_MODE":4,"PREAMP":0,"READOUT_RATE":0,"VERTICAL_SHIFT_SPEED":3,"EM_MODE":1,"EM_GAIN":2,"SHUTTER_MODE":2,"SHUTTER_TTL":0,"SHUTTER_OPENING_TIME":1,"SHUTTER_CLOSING_TIME":1,"VBIN":1,"HBIN":1,"INITIAL_LINE":1,"INITIAL_COLUMN":1,"FINAL_LINE":1024,"FINAL_COLUMN":1024,"FRAME_TRANSFER":true,"VERTICAL_CLOCK_VOLTAGE":0,"AD_CHANNEL":0}
11/6/2022 12:30 AM CommandAcquisChC  TX=WRITE_SETUP {"ACQUISITION_MODE":3,"TRIGGER_MODE":0,"READ_MODE":4,"PREAMP":0,"READOUT_RATE":0,"VERTICAL_SHIFT_SPEED":3,"EM_MODE":1,"EM_GAIN":2,"SHUTTER_MODE":2,"SHUTTER_TTL":0,"SHUTTER_OPENING_TIME":1,"SHUTTER_CLOSING_TIME":1,"VBIN":1,"HBIN":1,"INITIAL_LINE":1,"INITIAL_COLUMN":1,"FINAL_LINE":1024,"FINAL_COLUMN":1024,"FRAME_TRANSFER":true,"VERTICAL_CLOCK_VOLTAGE":0,"AD_CHANNEL":0}
11/6/2022 12:30 AM CommandAcquisChD  TX=WRITE_SETUP {"ACQUISITION_MODE":3,"TRIGGER_MODE":0,"READ_MODE":4,"PREAMP":0,"READOUT_RATE":0,"VERTICAL_SHIFT_SPEED":3,"EM_MODE":1,"EM_GAIN":2,"SHUTTER_MODE":2,"SHUTTER_TTL":0,"SHUTTER_OPENING_TIME":1,"SHUTTER_CLOSING_TIME":1,"VBIN":1,"HBIN":1,"INITIAL_LINE":1,"INITIAL_COLUMN":1,"FINAL_LINE":1024,"FINAL_COLUMN":1024,"FRAME_TRANSFER":true,"VERTICAL_CLOCK_VOLTAGE":0,"AD_CHANNEL":0}
11/6/2022 12:31 AM CommandAcquisChA  TX=READ_SETUP 
11/6/2022 12:31 AM CommandAcquisChB  TX=READ_SETUP 
11/6/2022 12:31 AM CommandAcquisChC  TX=READ_SETUP 
11/6/2022 12:31 AM CommandAcquisChD  TX=READ_SETUP 
11/6/2022 12:31 AM ResponseAcquisChA  RX={"PREAMP":0,"READOUT_RATE":0,"EM_GAIN":2,"VERTICAL_SHIFT_SPEED":3,"READ_MODE":4,"FRAME_TRANSFER":true,"VERTICAL_CLOCK_VOLTAGE":0,"ACQUISITION_MODE":3,"AD_CHANNEL":0,"EM_MODE":1,"SHUTTER_TTL":0,"SHUTTER_OPENING_TIME":1,"SHUTTER_CLOSING_TIME":1,"SHUTTER_MODE":2,"TRIGGER_MODE":0,"VBIN":1,"INITIAL_LINE":1,"INITIAL_COLUMN":1,"FINAL_LINE":1024,"FINAL_COLUMN":1024,"HBIN":1}
11/6/2022 12:31 AM ResponseAcquisChB  RX={"PREAMP":0,"READOUT_RATE":0,"EM_GAIN":2,"VERTICAL_SHIFT_SPEED":3,"READ_MODE":4,"FRAME_TRANSFER":true,"VERTICAL_CLOCK_VOLTAGE":0,"ACQUISITION_MODE":3,"AD_CHANNEL":0,"EM_MODE":1,"SHUTTER_TTL":0,"SHUTTER_OPENING_TIME":1,"SHUTTER_CLOSING_TIME":1,"SHUTTER_MODE":2,"TRIGGER_MODE":0,"VBIN":1,"INITIAL_LINE":1,"INITIAL_COLUMN":1,"FINAL_LINE":1024,"FINAL_COLUMN":1024,"HBIN":1}
11/6/2022 12:31 AM CommandAcquisChA  TX=SET TEMP -70
11/6/2022 12:31 AM CommandAcquisChB  TX=SET TEMP -70
11/6/2022 12:31 AM ResponseAcquisChC  RX={"PREAMP":0,"READOUT_RATE":0,"EM_GAIN":2,"VERTICAL_SHIFT_SPEED":3,"READ_MODE":4,"FRAME_TRANSFER":true,"VERTICAL_CLOCK_VOLTAGE":0,"ACQUISITION_MODE":3,"AD_CHANNEL":0,"EM_MODE":1,"SHUTTER_TTL":0,"SHUTTER_OPENING_TIME":1,"SHUTTER_CLOSING_TIME":1,"SHUTTER_MODE":2,"TRIGGER_MODE":0,"VBIN":1,"INITIAL_LINE":1,"INITIAL_COLUMN":1,"FINAL_LINE":1024,"FINAL_COLUMN":1024,"HBIN":1}
11/6/2022 12:31 AM CommandAcquisChC  TX=SET TEMP -70
11/6/2022 12:31 AM ResponseAcquisChD  RX={"PREAMP":0,"READOUT_RATE":0,"EM_GAIN":2,"VERTICAL_SHIFT_SPEED":3,"READ_MODE":4,"FRAME_TRANSFER":true,"VERTICAL_CLOCK_VOLTAGE":0,"ACQUISITION_MODE":3,"AD_CHANNEL":0,"EM_MODE":1,"SHUTTER_TTL":0,"SHUTTER_OPENING_TIME":1,"SHUTTER_CLOSING_TIME":1,"SHUTTER_MODE":2,"TRIGGER_MODE":0,"VBIN":1,"INITIAL_LINE":1,"INITIAL_COLUMN":1,"FINAL_LINE":1024,"FINAL_COLUMN":1024,"HBIN":1}
11/6/2022 12:31 AM CommandAcquisChD  TX=SET TEMP -70
11/6/2022 12:31 AM CommandAcquisChA  TX=SET COOLER_POWER_STATUS 1
11/6/2022 12:31 AM CommandAcquisChB  TX=SET COOLER_POWER_STATUS 1
11/6/2022 12:31 AM CommandAcquisChC  TX=SET COOLER_POWER_STATUS 1
11/6/2022 12:31 AM CommandAcquisChD  TX=SET COOLER_POWER_STATUS 1
11/6/2022 12:31 AM ResponseAcquisChB  RX=DONE
11/6/2022 12:31 AM ResponseAcquisChC  RX=DONE
11/6/2022 12:31 AM ResponseAcquisChD  RX=DONE
11/6/2022 12:31 AM ResponseAcquisChA  RX=DONE
11/6/2022 12:31 AM ResponseAcquisChB  RX=DONE
11/6/2022 12:31 AM ResponseAcquisChA  RX=DONE
11/6/2022 12:31 AM CommandAcquisChA  TX=WRITE_SETUP {"ACQUISITION_MODE":3,"TRIGGER_MODE":0,"READ_MODE":4,"PREAMP":0,"READOUT_RATE":0,"VERTICAL_SHIFT_SPEED":3,"EM_MODE":1,"EM_GAIN":2,"SHUTTER_MODE":2,"SHUTTER_TTL":0,"SHUTTER_OPENING_TIME":1,"SHUTTER_CLOSING_TIME":1,"VBIN":1,"HBIN":1,"INITIAL_LINE":1,"INITIAL_COLUMN":1,"FINAL_LINE":1024,"FINAL_COLUMN":1024,"FRAME_TRANSFER":true,"VERTICAL_CLOCK_VOLTAGE":0,"AD_CHANNEL":0}
11/6/2022 12:31 AM CommandAcquisChB  TX=WRITE_SETUP {"ACQUISITION_MODE":3,"TRIGGER_MODE":0,"READ_MODE":4,"PREAMP":0,"READOUT_RATE":0,"VERTICAL_SHIFT_SPEED":3,"EM_MODE":1,"EM_GAIN":2,"SHUTTER_MODE":2,"SHUTTER_TTL":0,"SHUTTER_OPENING_TIME":1,"SHUTTER_CLOSING_TIME":1,"VBIN":1,"HBIN":1,"INITIAL_LINE":1,"INITIAL_COLUMN":1,"FINAL_LINE":1024,"FINAL_COLUMN":1024,"FRAME_TRANSFER":true,"VERTICAL_CLOCK_VOLTAGE":0,"AD_CHANNEL":0}
11/6/2022 12:31 AM CommandAcquisChC  TX=WRITE_SETUP {"ACQUISITION_MODE":3,"TRIGGER_MODE":0,"READ_MODE":4,"PREAMP":0,"READOUT_RATE":0,"VERTICAL_SHIFT_SPEED":3,"EM_MODE":1,"EM_GAIN":2,"SHUTTER_MODE":2,"SHUTTER_TTL":0,"SHUTTER_OPENING_TIME":1,"SHUTTER_CLOSING_TIME":1,"VBIN":1,"HBIN":1,"INITIAL_LINE":1,"INITIAL_COLUMN":1,"FINAL_LINE":1024,"FINAL_COLUMN":1024,"FRAME_TRANSFER":true,"VERTICAL_CLOCK_VOLTAGE":0,"AD_CHANNEL":0}
11/6/2022 12:31 AM CommandAcquisChD  TX=WRITE_SETUP {"ACQUISITION_MODE":3,"TRIGGER_MODE":0,"READ_MODE":4,"PREAMP":0,"READOUT_RATE":0,"VERTICAL_SHIFT_SPEED":3,"EM_MODE":1,"EM_GAIN":2,"SHUTTER_MODE":2,"SHUTTER_TTL":0,"SHUTTER_OPENING_TIME":1,"SHUTTER_CLOSING_TIME":1,"VBIN":1,"HBIN":1,"INITIAL_LINE":1,"INITIAL_COLUMN":1,"FINAL_LINE":1024,"FINAL_COLUMN":1024,"FRAME_TRANSFER":true,"VERTICAL_CLOCK_VOLTAGE":0,"AD_CHANNEL":0}
11/6/2022 12:31 AM CommandAcquisChA  TX=READ_SETUP 
11/6/2022 12:31 AM CommandAcquisChB  TX=READ_SETUP 
11/6/2022 12:31 AM CommandAcquisChC  TX=READ_SETUP 
11/6/2022 12:31 AM CommandAcquisChD  TX=READ_SETUP 
11/6/2022 12:31 AM ResponseAcquisChC  RX={"PREAMP":0,"READOUT_RATE":0,"EM_GAIN":2,"VERTICAL_SHIFT_SPEED":3,"READ_MODE":4,"FRAME_TRANSFER":true,"VERTICAL_CLOCK_VOLTAGE":0,"ACQUISITION_MODE":3,"AD_CHANNEL":0,"EM_MODE":1,"SHUTTER_TTL":0,"SHUTTER_OPENING_TIME":1,"SHUTTER_CLOSING_TIME":1,"SHUTTER_MODE":2,"TRIGGER_MODE":0,"VBIN":1,"INITIAL_LINE":1,"INITIAL_COLUMN":1,"FINAL_LINE":1024,"FINAL_COLUMN":1024,"HBIN":1}
11/6/2022 12:31 AM ResponseAcquisChA  RX={"PREAMP":0,"READOUT_RATE":0,"EM_GAIN":2,"VERTICAL_SHIFT_SPEED":3,"READ_MODE":4,"FRAME_TRANSFER":true,"VERTICAL_CLOCK_VOLTAGE":0,"ACQUISITION_MODE":3,"AD_CHANNEL":0,"EM_MODE":1,"SHUTTER_TTL":0,"SHUTTER_OPENING_TIME":1,"SHUTTER_CLOSING_TIME":1,"SHUTTER_MODE":2,"TRIGGER_MODE":0,"VBIN":1,"INITIAL_LINE":1,"INITIAL_COLUMN":1,"FINAL_LINE":1024,"FINAL_COLUMN":1024,"HBIN":1}
11/6/2022 12:31 AM ResponseAcquisChB  RX={"PREAMP":0,"READOUT_RATE":0,"EM_GAIN":2,"VERTICAL_SHIFT_SPEED":3,"READ_MODE":4,"FRAME_TRANSFER":true,"VERTICAL_CLOCK_VOLTAGE":0,"ACQUISITION_MODE":3,"AD_CHANNEL":0,"EM_MODE":1,"SHUTTER_TTL":0,"SHUTTER_OPENING_TIME":1,"SHUTTER_CLOSING_TIME":1,"SHUTTER_MODE":2,"TRIGGER_MODE":0,"VBIN":1,"INITIAL_LINE":1,"INITIAL_COLUMN":1,"FINAL_LINE":1024,"FINAL_COLUMN":1024,"HBIN":1}
11/6/2022 12:31 AM ResponseAcquisChD  RX={"PREAMP":0,"READOUT_RATE":0,"EM_GAIN":2,"VERTICAL_SHIFT_SPEED":3,"READ_MODE":4,"FRAME_TRANSFER":true,"VERTICAL_CLOCK_VOLTAGE":0,"ACQUISITION_MODE":3,"AD_CHANNEL":0,"EM_MODE":1,"SHUTTER_TTL":0,"SHUTTER_OPENING_TIME":1,"SHUTTER_CLOSING_TIME":1,"SHUTTER_MODE":2,"TRIGGER_MODE":0,"VBIN":1,"INITIAL_LINE":1,"INITIAL_COLUMN":1,"FINAL_LINE":1024,"FINAL_COLUMN":1024,"HBIN":1}
11/6/2022 12:31 AM CommandAcquisChA  TX=SET TEMP -70
11/6/2022 12:31 AM CommandAcquisChB  TX=SET TEMP -70
11/6/2022 12:31 AM CommandAcquisChC  TX=SET TEMP -70
11/6/2022 12:31 AM CommandAcquisChD  TX=SET TEMP -70
11/6/2022 12:31 AM CommandAcquisChA  TX=SET COOLER_POWER_STATUS 1
11/6/2022 12:31 AM CommandAcquisChB  TX=SET COOLER_POWER_STATUS 1
11/6/2022 12:31 AM ResponseAcquisChC  RX=DONE
11/6/2022 12:31 AM CommandAcquisChC  TX=SET COOLER_POWER_STATUS 1
11/6/2022 12:31 AM CommandAcquisChD  TX=SET COOLER_POWER_STATUS 1
11/6/2022 12:31 AM ResponseAcquisChA  RX=DONE
11/6/2022 12:31 AM ResponseAcquisChB  RX=DONE
11/6/2022 12:31 AM ResponseAcquisChD  RX=DONE
11/6/2022 12:31 AM ResponseAcquisChB  RX=DONE
11/6/2022 12:31 AM ResponseAcquisChC  RX=DONE
11/6/2022 12:31 AM ResponseAcquisChD  RX=DONE
11/6/2022 12:31 AM CommandAcquisChA  TX=WRITE_SETUP {"ACQUISITION_MODE":3,"TRIGGER_MODE":0,"READ_MODE":4,"PREAMP":0,"READOUT_RATE":0,"VERTICAL_SHIFT_SPEED":3,"EM_MODE":1,"EM_GAIN":2,"SHUTTER_MODE":1,"SHUTTER_TTL":0,"SHUTTER_OPENING_TIME":1,"SHUTTER_CLOSING_TIME":1,"VBIN":1,"HBIN":1,"INITIAL_LINE":1,"INITIAL_COLUMN":1,"FINAL_LINE":1024,"FINAL_COLUMN":1024,"FRAME_TRANSFER":true,"VERTICAL_CLOCK_VOLTAGE":0,"AD_CHANNEL":0}
11/6/2022 12:31 AM CommandAcquisChB  TX=WRITE_SETUP {"ACQUISITION_MODE":3,"TRIGGER_MODE":0,"READ_MODE":4,"PREAMP":0,"READOUT_RATE":0,"VERTICAL_SHIFT_SPEED":3,"EM_MODE":1,"EM_GAIN":2,"SHUTTER_MODE":1,"SHUTTER_TTL":0,"SHUTTER_OPENING_TIME":1,"SHUTTER_CLOSING_TIME":1,"VBIN":1,"HBIN":1,"INITIAL_LINE":1,"INITIAL_COLUMN":1,"FINAL_LINE":1024,"FINAL_COLUMN":1024,"FRAME_TRANSFER":true,"VERTICAL_CLOCK_VOLTAGE":0,"AD_CHANNEL":0}
11/6/2022 12:31 AM CommandAcquisChC  TX=WRITE_SETUP {"ACQUISITION_MODE":3,"TRIGGER_MODE":0,"READ_MODE":4,"PREAMP":0,"READOUT_RATE":0,"VERTICAL_SHIFT_SPEED":3,"EM_MODE":1,"EM_GAIN":2,"SHUTTER_MODE":1,"SHUTTER_TTL":0,"SHUTTER_OPENING_TIME":1,"SHUTTER_CLOSING_TIME":1,"VBIN":1,"HBIN":1,"INITIAL_LINE":1,"INITIAL_COLUMN":1,"FINAL_LINE":1024,"FINAL_COLUMN":1024,"FRAME_TRANSFER":true,"VERTICAL_CLOCK_VOLTAGE":0,"AD_CHANNEL":0}
11/6/2022 12:31 AM CommandAcquisChD  TX=WRITE_SETUP {"ACQUISITION_MODE":3,"TRIGGER_MODE":0,"READ_MODE":4,"PREAMP":0,"READOUT_RATE":0,"VERTICAL_SHIFT_SPEED":3,"EM_MODE":1,"EM_GAIN":2,"SHUTTER_MODE":1,"SHUTTER_TTL":0,"SHUTTER_OPENING_TIME":1,"SHUTTER_CLOSING_TIME":1,"VBIN":1,"HBIN":1,"INITIAL_LINE":1,"INITIAL_COLUMN":1,"FINAL_LINE":1024,"FINAL_COLUMN":1024,"FRAME_TRANSFER":true,"VERTICAL_CLOCK_VOLTAGE":0,"AD_CHANNEL":0}
11/6/2022 12:31 AM CommandAcquisChA  TX=READ_SETUP 
11/6/2022 12:31 AM CommandAcquisChB  TX=READ_SETUP 
11/6/2022 12:31 AM CommandAcquisChC  TX=READ_SETUP 
11/6/2022 12:31 AM CommandAcquisChD  TX=READ_SETUP 
11/6/2022 12:31 AM ResponseAcquisChC  RX={"PREAMP":0,"READOUT_RATE":0,"EM_GAIN":2,"VERTICAL_SHIFT_SPEED":3,"READ_MODE":4,"FRAME_TRANSFER":true,"VERTICAL_CLOCK_VOLTAGE":0,"ACQUISITION_MODE":3,"AD_CHANNEL":0,"EM_MODE":1,"SHUTTER_TTL":0,"SHUTTER_OPENING_TIME":1,"SHUTTER_CLOSING_TIME":1,"SHUTTER_MODE":1,"TRIGGER_MODE":0,"VBIN":1,"INITIAL_LINE":1,"INITIAL_COLUMN":1,"FINAL_LINE":1024,"FINAL_COLUMN":1024,"HBIN":1}
11/6/2022 12:31 AM ResponseAcquisChA  RX={"PREAMP":0,"READOUT_RATE":0,"EM_GAIN":2,"VERTICAL_SHIFT_SPEED":3,"READ_MODE":4,"FRAME_TRANSFER":true,"VERTICAL_CLOCK_VOLTAGE":0,"ACQUISITION_MODE":3,"AD_CHANNEL":0,"EM_MODE":1,"SHUTTER_TTL":0,"SHUTTER_OPENING_TIME":1,"SHUTTER_CLOSING_TIME":1,"SHUTTER_MODE":1,"TRIGGER_MODE":0,"VBIN":1,"INITIAL_LINE":1,"INITIAL_COLUMN":1,"FINAL_LINE":1024,"FINAL_COLUMN":1024,"HBIN":1}
11/6/2022 12:31 AM ResponseAcquisChB  RX={"PREAMP":0,"READOUT_RATE":0,"EM_GAIN":2,"VERTICAL_SHIFT_SPEED":3,"READ_MODE":4,"FRAME_TRANSFER":true,"VERTICAL_CLOCK_VOLTAGE":0,"ACQUISITION_MODE":3,"AD_CHANNEL":0,"EM_MODE":1,"SHUTTER_TTL":0,"SHUTTER_OPENING_TIME":1,"SHUTTER_CLOSING_TIME":1,"SHUTTER_MODE":1,"TRIGGER_MODE":0,"VBIN":1,"INITIAL_LINE":1,"INITIAL_COLUMN":1,"FINAL_LINE":1024,"FINAL_COLUMN":1024,"HBIN":1}
11/6/2022 12:31 AM ResponseAcquisChD  RX={"PREAMP":0,"READOUT_RATE":0,"EM_GAIN":2,"VERTICAL_SHIFT_SPEED":3,"READ_MODE":4,"FRAME_TRANSFER":true,"VERTICAL_CLOCK_VOLTAGE":0,"ACQUISITION_MODE":3,"AD_CHANNEL":0,"EM_MODE":1,"SHUTTER_TTL":0,"SHUTTER_OPENING_TIME":1,"SHUTTER_CLOSING_TIME":1,"SHUTTER_MODE":1,"TRIGGER_MODE":0,"VBIN":1,"INITIAL_LINE":1,"INITIAL_COLUMN":1,"FINAL_LINE":1024,"FINAL_COLUMN":1024,"HBIN":1}
11/6/2022 12:31 AM CommandAcquisChA  TX=SET TEMP -70
11/6/2022 12:31 AM CommandAcquisChB  TX=SET TEMP -70
11/6/2022 12:31 AM CommandAcquisChC  TX=SET TEMP -70
11/6/2022 12:31 AM CommandAcquisChD  TX=SET TEMP -70
11/6/2022 12:31 AM CommandAcquisChA  TX=SET COOLER_POWER_STATUS 1
11/6/2022 12:31 AM CommandAcquisChB  TX=SET COOLER_POWER_STATUS 1
11/6/2022 12:31 AM ResponseAcquisChC  RX=DONE
11/6/2022 12:31 AM CommandAcquisChC  TX=SET COOLER_POWER_STATUS 1
11/6/2022 12:31 AM CommandAcquisChD  TX=SET COOLER_POWER_STATUS 1
11/6/2022 12:31 AM ResponseAcquisChA  RX=DONE
11/6/2022 12:31 AM ResponseAcquisChB  RX=DONE
11/6/2022 12:31 AM ResponseAcquisChD  RX=DONE
11/6/2022 12:31 AM ResponseAcquisChC  RX=DONE
11/6/2022 12:31 AM ResponseAcquisChD  RX=DONE
11/6/2022 12:36 AM CommandAcquisChA  TX=WRITE_SETUP {"ACQUISITION_MODE":3,"TRIGGER_MODE":0,"READ_MODE":4,"PREAMP":0,"READOUT_RATE":0,"VERTICAL_SHIFT_SPEED":3,"EM_MODE":1,"EM_GAIN":2,"SHUTTER_MODE":2,"SHUTTER_TTL":0,"SHUTTER_OPENING_TIME":1,"SHUTTER_CLOSING_TIME":1,"VBIN":1,"HBIN":1,"INITIAL_LINE":1,"INITIAL_COLUMN":1,"FINAL_LINE":1024,"FINAL_COLUMN":1024,"FRAME_TRANSFER":true,"VERTICAL_CLOCK_VOLTAGE":0,"AD_CHANNEL":0}
11/6/2022 12:37 AM CommandAcquisChA  TX=READ_SETUP 
11/6/2022 12:37 AM ResponseAcquisChA  RX={"PREAMP":0,"READOUT_RATE":0,"EM_GAIN":2,"VERTICAL_SHIFT_SPEED":3,"READ_MODE":4,"FRAME_TRANSFER":true,"VERTICAL_CLOCK_VOLTAGE":0,"ACQUISITION_MODE":3,"AD_CHANNEL":0,"EM_MODE":1,"SHUTTER_TTL":0,"SHUTTER_OPENING_TIME":1,"SHUTTER_CLOSING_TIME":1,"SHUTTER_MODE":2,"TRIGGER_MODE":0,"VBIN":1,"INITIAL_LINE":1,"INITIAL_COLUMN":1,"FINAL_LINE":1024,"FINAL_COLUMN":1024,"HBIN":1}
11/6/2022 12:37 AM CommandAcquisChA  TX=SET TEMP -70
11/6/2022 12:37 AM CommandAcquisChA  TX=SET COOLER_POWER_STATUS 1
11/6/2022 12:37 AM ResponseAcquisChA  RX=DONE
11/6/2022 12:37 AM CommandAcquisChB  TX=WRITE_SETUP {"ACQUISITION_MODE":3,"TRIGGER_MODE":0,"READ_MODE":4,"PREAMP":0,"READOUT_RATE":0,"VERTICAL_SHIFT_SPEED":3,"EM_MODE":1,"EM_GAIN":2,"SHUTTER_MODE":2,"SHUTTER_TTL":0,"SHUTTER_OPENING_TIME":1,"SHUTTER_CLOSING_TIME":1,"VBIN":1,"HBIN":1,"INITIAL_LINE":1,"INITIAL_COLUMN":1,"FINAL_LINE":1024,"FINAL_COLUMN":1024,"FRAME_TRANSFER":true,"VERTICAL_CLOCK_VOLTAGE":0,"AD_CHANNEL":0}
11/6/2022 12:37 AM CommandAcquisChC  TX=WRITE_SETUP {"ACQUISITION_MODE":3,"TRIGGER_MODE":0,"READ_MODE":4,"PREAMP":0,"READOUT_RATE":0,"VERTICAL_SHIFT_SPEED":3,"EM_MODE":1,"EM_GAIN":2,"SHUTTER_MODE":2,"SHUTTER_TTL":0,"SHUTTER_OPENING_TIME":1,"SHUTTER_CLOSING_TIME":1,"VBIN":1,"HBIN":1,"INITIAL_LINE":1,"INITIAL_COLUMN":1,"FINAL_LINE":1024,"FINAL_COLUMN":1024,"FRAME_TRANSFER":true,"VERTICAL_CLOCK_VOLTAGE":0,"AD_CHANNEL":0}
11/6/2022 12:37 AM CommandAcquisChD  TX=WRITE_SETUP {"ACQUISITION_MODE":3,"TRIGGER_MODE":0,"READ_MODE":4,"PREAMP":0,"READOUT_RATE":0,"VERTICAL_SHIFT_SPEED":3,"EM_MODE":1,"EM_GAIN":2,"SHUTTER_MODE":2,"SHUTTER_TTL":0,"SHUTTER_OPENING_TIME":1,"SHUTTER_CLOSING_TIME":1,"VBIN":1,"HBIN":1,"INITIAL_LINE":1,"INITIAL_COLUMN":1,"FINAL_LINE":1024,"FINAL_COLUMN":1024,"FRAME_TRANSFER":true,"VERTICAL_CLOCK_VOLTAGE":0,"AD_CHANNEL":0}
11/6/2022 12:37 AM CommandAcquisChB  TX=READ_SETUP 
11/6/2022 12:37 AM ResponseAcquisChB  RX={"PREAMP":0,"READOUT_RATE":0,"EM_GAIN":2,"VERTICAL_SHIFT_SPEED":3,"READ_MODE":4,"FRAME_TRANSFER":true,"VERTICAL_CLOCK_VOLTAGE":0,"ACQUISITION_MODE":3,"AD_CHANNEL":0,"EM_MODE":1,"SHUTTER_TTL":0,"SHUTTER_OPENING_TIME":1,"SHUTTER_CLOSING_TIME":1,"SHUTTER_MODE":2,"TRIGGER_MODE":0,"VBIN":1,"INITIAL_LINE":1,"INITIAL_COLUMN":1,"FINAL_LINE":1024,"FINAL_COLUMN":1024,"HBIN":1}
11/6/2022 12:37 AM CommandAcquisChB  TX=SET TEMP -70
11/6/2022 12:37 AM CommandAcquisChB  TX=SET COOLER_POWER_STATUS 1
11/6/2022 12:37 AM ResponseAcquisChB  RX=DONE
11/6/2022 12:37 AM ResponseAcquisChB  RX=DONE
11/6/2022 12:37 AM CommandAcquisChC  TX=READ_SETUP 
11/6/2022 12:37 AM ResponseAcquisChC  RX={"PREAMP":0,"READOUT_RATE":0,"EM_GAIN":2,"VERTICAL_SHIFT_SPEED":3,"READ_MODE":4,"FRAME_TRANSFER":true,"VERTICAL_CLOCK_VOLTAGE":0,"ACQUISITION_MODE":3,"AD_CHANNEL":0,"EM_MODE":1,"SHUTTER_TTL":0,"SHUTTER_OPENING_TIME":1,"SHUTTER_CLOSING_TIME":1,"SHUTTER_MODE":2,"TRIGGER_MODE":0,"VBIN":1,"INITIAL_LINE":1,"INITIAL_COLUMN":1,"FINAL_LINE":1024,"FINAL_COLUMN":1024,"HBIN":1}
11/6/2022 12:37 AM CommandAcquisChC  TX=SET TEMP -70
11/6/2022 12:37 AM CommandAcquisChC  TX=SET COOLER_POWER_STATUS 1
11/6/2022 12:37 AM ResponseAcquisChC  RX=DONE
11/6/2022 12:37 AM ResponseAcquisChC  RX=DONE
11/6/2022 12:37 AM CommandAcquisChD  TX=READ_SETUP 
11/6/2022 12:37 AM ResponseAcquisChD  RX={"PREAMP":0,"READOUT_RATE":0,"EM_GAIN":2,"VERTICAL_SHIFT_SPEED":3,"READ_MODE":4,"FRAME_TRANSFER":true,"VERTICAL_CLOCK_VOLTAGE":0,"ACQUISITION_MODE":3,"AD_CHANNEL":0,"EM_MODE":1,"SHUTTER_TTL":0,"SHUTTER_OPENING_TIME":1,"SHUTTER_CLOSING_TIME":1,"SHUTTER_MODE":2,"TRIGGER_MODE":0,"VBIN":1,"INITIAL_LINE":1,"INITIAL_COLUMN":1,"FINAL_LINE":1024,"FINAL_COLUMN":1024,"HBIN":1}
11/6/2022 12:37 AM CommandAcquisChD  TX=SET TEMP -70
11/6/2022 12:37 AM CommandAcquisChD  TX=SET COOLER_POWER_STATUS 1
11/6/2022 12:37 AM ResponseAcquisChD  RX=DONE
11/6/2022 12:37 AM ResponseAcquisChD  RX=DONE
