10/25/2022 10:13 AM CommandAcquisChA  TX=WRITE_SETUP {"ACQUISITION_MODE":3,"TRIGGER_MODE":0,"READ_MODE":4,"PREAMP":0,"READOUT_RATE":0,"VERTICAL_SHIFT_SPEED":3,"EM_MODE":1,"EM_GAIN":2,"SHUTTER_MODE":2,"SHUTTER_TTL":0,"SHUTTER_OPENING_TIME":1,"SHUTTER_CLOSING_TIME":1,"VBIN":1,"HBIN":1,"INITIAL_LINE":1,"INITIAL_COLUMN":1,"FINAL_LINE":1024,"FINAL_COLUMN":1024,"FRAME_TRANSFER":true,"VERTICAL_CLOCK_VOLTAGE":0,"AD_CHANNEL":0}
10/25/2022 10:13 AM CommandAcquisChB  TX=WRITE_SETUP {"ACQUISITION_MODE":3,"TRIGGER_MODE":0,"READ_MODE":4,"PREAMP":0,"READOUT_RATE":0,"VERTICAL_SHIFT_SPEED":3,"EM_MODE":1,"EM_GAIN":2,"SHUTTER_MODE":2,"SHUTTER_TTL":0,"SHUTTER_OPENING_TIME":1,"SHUTTER_CLOSING_TIME":1,"VBIN":1,"HBIN":1,"INITIAL_LINE":1,"INITIAL_COLUMN":1,"FINAL_LINE":1024,"FINAL_COLUMN":1024,"FRAME_TRANSFER":true,"VERTICAL_CLOCK_VOLTAGE":0,"AD_CHANNEL":0}
10/25/2022 10:13 AM CommandAcquisChC  TX=WRITE_SETUP {"ACQUISITION_MODE":3,"TRIGGER_MODE":6,"READ_MODE":4,"PREAMP":0,"READOUT_RATE":0,"VERTICAL_SHIFT_SPEED":3,"EM_MODE":1,"EM_GAIN":2,"SHUTTER_MODE":2,"SHUTTER_TTL":0,"SHUTTER_OPENING_TIME":1,"SHUTTER_CLOSING_TIME":1,"VBIN":1,"HBIN":1,"INITIAL_LINE":1,"INITIAL_COLUMN":1,"FINAL_LINE":1024,"FINAL_COLUMN":1024,"FRAME_TRANSFER":true,"VERTICAL_CLOCK_VOLTAGE":0,"AD_CHANNEL":0}
10/25/2022 10:13 AM CommandAcquisChD  TX=WRITE_SETUP {"ACQUISITION_MODE":3,"TRIGGER_MODE":0,"READ_MODE":4,"PREAMP":0,"READOUT_RATE":0,"VERTICAL_SHIFT_SPEED":3,"EM_MODE":1,"EM_GAIN":2,"SHUTTER_MODE":1,"SHUTTER_TTL":0,"SHUTTER_OPENING_TIME":1,"SHUTTER_CLOSING_TIME":1,"VBIN":1,"HBIN":1,"INITIAL_LINE":1,"INITIAL_COLUMN":1,"FINAL_LINE":1024,"FINAL_COLUMN":1024,"FRAME_TRANSFER":true,"VERTICAL_CLOCK_VOLTAGE":0,"AD_CHANNEL":0}
10/25/2022 10:13 AM CommandSyncBox  TX=ADELAY 0m

10/25/2022 10:13 AM CommandAcquisChA  TX=READ_SETUP 
10/25/2022 10:13 AM CommandAcquisChB  TX=READ_SETUP 
10/25/2022 10:13 AM CommandAcquisChC  TX=READ_SETUP 
10/25/2022 10:13 AM CommandAcquisChD  TX=READ_SETUP 
10/25/2022 10:13 AM ResponseAcquisChA  RX={"PREAMP":0,"READOUT_RATE":0,"EM_GAIN":2,"VERTICAL_SHIFT_SPEED":3,"READ_MODE":4,"FRAME_TRANSFER":true,"VERTICAL_CLOCK_VOLTAGE":0,"ACQUISITION_MODE":3,"AD_CHANNEL":0,"EM_MODE":1,"SHUTTER_TTL":0,"SHUTTER_OPENING_TIME":1,"SHUTTER_CLOSING_TIME":1,"SHUTTER_MODE":2,"TRIGGER_MODE":0,"VBIN":1,"INITIAL_LINE":1,"INITIAL_COLUMN":1,"FINAL_LINE":1024,"FINAL_COLUMN":1024,"HBIN":1}
10/25/2022 10:13 AM ResponseAcquisChD  RX={"PREAMP":0,"READOUT_RATE":0,"EM_GAIN":2,"VERTICAL_SHIFT_SPEED":3,"READ_MODE":4,"FRAME_TRANSFER":true,"VERTICAL_CLOCK_VOLTAGE":0,"ACQUISITION_MODE":3,"AD_CHANNEL":0,"EM_MODE":1,"SHUTTER_TTL":0,"SHUTTER_OPENING_TIME":1,"SHUTTER_CLOSING_TIME":1,"SHUTTER_MODE":1,"TRIGGER_MODE":0,"VBIN":1,"INITIAL_LINE":1,"INITIAL_COLUMN":1,"FINAL_LINE":1024,"FINAL_COLUMN":1024,"HBIN":1}
10/25/2022 10:13 AM CommandAcquisChA  TX=SET COOLER_POWER_STATUS 0
10/25/2022 10:13 AM CommandAcquisChD  TX=SET COOLER_POWER_STATUS 0
10/25/2022 10:13 AM ResponseAcquisChB  RX={"PREAMP":0,"READOUT_RATE":0,"EM_GAIN":2,"VERTICAL_SHIFT_SPEED":3,"READ_MODE":4,"FRAME_TRANSFER":true,"VERTICAL_CLOCK_VOLTAGE":0,"ACQUISITION_MODE":3,"AD_CHANNEL":0,"EM_MODE":1,"SHUTTER_TTL":0,"SHUTTER_OPENING_TIME":1,"SHUTTER_CLOSING_TIME":1,"SHUTTER_MODE":2,"TRIGGER_MODE":0,"VBIN":1,"INITIAL_LINE":1,"INITIAL_COLUMN":1,"FINAL_LINE":1024,"FINAL_COLUMN":1024,"HBIN":1}
10/25/2022 10:13 AM ResponseAcquisChD  RX=DONE
10/25/2022 10:13 AM ResponseAcquisChA  RX=DONE
10/25/2022 10:13 AM CommandAcquisChB  TX=SET COOLER_POWER_STATUS 0
10/25/2022 10:13 AM ResponseAcquisChB  RX=DONE
10/25/2022 10:13 AM CommandAcquisChC  TX=SET COOLER_POWER_STATUS 0
10/25/2022 10:21 AM CommandInstrument  TX=S4ICS WPROT INIT NONE,WPSEL NONE NONE,GMIR NONE NONE,GFOC NONE NONE,CALW NONE NONE,ASEL NONE NONE

10/25/2022 10:21 AM ResponseInstrument  RX=WPROT SIMULATED NONE 0 NONE -1, WPSEL SIMULATED READY 50 CLEAR 1, ASEL SIMULATED READY 0 CLEAR 1, CALW SIMULATED READY 0 CLEAR 1, GFOC SIMULATED READY 0 HOME 0, GMIR SIMULATED READY 0 HOME 0

10/25/2022 10:24 AM CommandAcquisChA  TX=WRITE_SETUP {"ACQUISITION_MODE":3,"TRIGGER_MODE":0,"READ_MODE":4,"PREAMP":0,"READOUT_RATE":0,"VERTICAL_SHIFT_SPEED":3,"EM_MODE":1,"EM_GAIN":2,"SHUTTER_MODE":2,"SHUTTER_TTL":0,"SHUTTER_OPENING_TIME":1,"SHUTTER_CLOSING_TIME":1,"VBIN":1,"HBIN":1,"INITIAL_LINE":1,"INITIAL_COLUMN":1,"FINAL_LINE":1024,"FINAL_COLUMN":1024,"FRAME_TRANSFER":true,"VERTICAL_CLOCK_VOLTAGE":0,"AD_CHANNEL":0}
10/25/2022 10:24 AM CommandAcquisChB  TX=WRITE_SETUP {"ACQUISITION_MODE":3,"TRIGGER_MODE":0,"READ_MODE":4,"PREAMP":0,"READOUT_RATE":0,"VERTICAL_SHIFT_SPEED":3,"EM_MODE":1,"EM_GAIN":2,"SHUTTER_MODE":2,"SHUTTER_TTL":0,"SHUTTER_OPENING_TIME":1,"SHUTTER_CLOSING_TIME":1,"VBIN":1,"HBIN":1,"INITIAL_LINE":1,"INITIAL_COLUMN":1,"FINAL_LINE":1024,"FINAL_COLUMN":1024,"FRAME_TRANSFER":true,"VERTICAL_CLOCK_VOLTAGE":0,"AD_CHANNEL":0}
10/25/2022 10:24 AM CommandAcquisChC  TX=WRITE_SETUP {"ACQUISITION_MODE":3,"TRIGGER_MODE":0,"READ_MODE":4,"PREAMP":0,"READOUT_RATE":0,"VERTICAL_SHIFT_SPEED":3,"EM_MODE":1,"EM_GAIN":2,"SHUTTER_MODE":2,"SHUTTER_TTL":0,"SHUTTER_OPENING_TIME":1,"SHUTTER_CLOSING_TIME":1,"VBIN":1,"HBIN":1,"INITIAL_LINE":1,"INITIAL_COLUMN":1,"FINAL_LINE":1024,"FINAL_COLUMN":1024,"FRAME_TRANSFER":true,"VERTICAL_CLOCK_VOLTAGE":0,"AD_CHANNEL":0}
10/25/2022 10:24 AM CommandAcquisChD  TX=WRITE_SETUP {"ACQUISITION_MODE":3,"TRIGGER_MODE":0,"READ_MODE":4,"PREAMP":0,"READOUT_RATE":0,"VERTICAL_SHIFT_SPEED":3,"EM_MODE":1,"EM_GAIN":2,"SHUTTER_MODE":1,"SHUTTER_TTL":0,"SHUTTER_OPENING_TIME":1,"SHUTTER_CLOSING_TIME":1,"VBIN":1,"HBIN":1,"INITIAL_LINE":1,"INITIAL_COLUMN":1,"FINAL_LINE":1024,"FINAL_COLUMN":1024,"FRAME_TRANSFER":true,"VERTICAL_CLOCK_VOLTAGE":0,"AD_CHANNEL":0}
10/25/2022 10:24 AM CommandAcquisChA  TX=SET EXPTIME 1.000000
10/25/2022 10:24 AM ResponseAcquisChA  RX=DONE
10/25/2022 10:24 AM CommandAcquisChA  TX=SET #FRAMES 1.000000
10/25/2022 10:24 AM ResponseAcquisChA  RX=DONE
10/25/2022 10:24 AM CommandAcquisChA  TX=SET #CUBES 1.0000 
10/25/2022 10:24 AM ResponseAcquisChA  RX=DONE
10/25/2022 10:24 AM CommandAcquisChA  TX=SET SUFFIX 
10/25/2022 10:24 AM ResponseAcquisChA  RX=DONE
10/25/2022 10:24 AM CommandAcquisChA  TX=SET OBSTYPE OBJECT
10/25/2022 10:24 AM ResponseAcquisChA  RX=DONE
10/25/2022 10:24 AM CommandAcquisChB  TX=READ_SETUP 
10/25/2022 10:24 AM CommandAcquisChC  TX=READ_SETUP 
10/25/2022 10:24 AM CommandAcquisChD  TX=READ_SETUP 
10/25/2022 10:24 AM CommandAcquisChB  TX=SET COOLER_POWER_STATUS 0
10/25/2022 10:24 AM CommandAcquisChC  TX=SET COOLER_POWER_STATUS 0
10/25/2022 10:24 AM ResponseAcquisChD  RX={"PREAMP":0,"READOUT_RATE":0,"EM_GAIN":2,"VERTICAL_SHIFT_SPEED":3,"READ_MODE":4,"FRAME_TRANSFER":true,"VERTICAL_CLOCK_VOLTAGE":0,"ACQUISITION_MODE":3,"AD_CHANNEL":0,"EM_MODE":1,"SHUTTER_TTL":0,"SHUTTER_OPENING_TIME":1,"SHUTTER_CLOSING_TIME":1,"SHUTTER_MODE":1,"TRIGGER_MODE":0,"VBIN":1,"INITIAL_LINE":1,"INITIAL_COLUMN":1,"FINAL_LINE":1024,"FINAL_COLUMN":1024,"HBIN":1}
10/25/2022 10:24 AM CommandAcquisChD  TX=SET COOLER_POWER_STATUS 0
10/25/2022 10:24 AM ResponseAcquisChB  RX={"PREAMP":0,"READOUT_RATE":0,"EM_GAIN":2,"VERTICAL_SHIFT_SPEED":3,"READ_MODE":4,"FRAME_TRANSFER":true,"VERTICAL_CLOCK_VOLTAGE":0,"ACQUISITION_MODE":3,"AD_CHANNEL":0,"EM_MODE":1,"SHUTTER_TTL":0,"SHUTTER_OPENING_TIME":1,"SHUTTER_CLOSING_TIME":1,"SHUTTER_MODE":2,"TRIGGER_MODE":0,"VBIN":1,"INITIAL_LINE":1,"INITIAL_COLUMN":1,"FINAL_LINE":1024,"FINAL_COLUMN":1024,"HBIN":1}
10/25/2022 10:24 AM ResponseAcquisChC  RX={"PREAMP":0,"READOUT_RATE":0,"EM_GAIN":2,"VERTICAL_SHIFT_SPEED":3,"READ_MODE":4,"FRAME_TRANSFER":true,"VERTICAL_CLOCK_VOLTAGE":0,"ACQUISITION_MODE":3,"AD_CHANNEL":0,"EM_MODE":1,"SHUTTER_TTL":0,"SHUTTER_OPENING_TIME":1,"SHUTTER_CLOSING_TIME":1,"SHUTTER_MODE":2,"TRIGGER_MODE":0,"VBIN":1,"INITIAL_LINE":1,"INITIAL_COLUMN":1,"FINAL_LINE":1024,"FINAL_COLUMN":1024,"HBIN":1}
10/25/2022 10:24 AM CommandAcquisChA  TX=EXPOSE
10/25/2022 10:24 AM ResponseAcquisChB  RX=DONE
10/25/2022 10:24 AM ResponseAcquisChD  RX=DONE
10/25/2022 10:24 AM ResponseAcquisChC  RX=DONE
10/25/2022 10:25 AM CommandAcquisChA  TX=SET EXPTIME 1.000000
10/25/2022 10:25 AM ResponseAcquisChA  RX=DONE
10/25/2022 10:25 AM CommandAcquisChA  TX=SET #FRAMES 1.000000
10/25/2022 10:25 AM ResponseAcquisChA  RX=DONE
10/25/2022 10:25 AM CommandAcquisChA  TX=SET #CUBES 1.0000 
10/25/2022 10:25 AM CommandAcquisChA  TX=SET SUFFIX TEST
10/25/2022 10:25 AM ResponseAcquisChA  RX=DONE
10/25/2022 10:25 AM ResponseAcquisChA  RX=DONE
10/25/2022 10:25 AM CommandAcquisChA  TX=SET OBSTYPE OBJECT
10/25/2022 10:25 AM ResponseAcquisChA  RX=DONE
10/25/2022 10:25 AM CommandAcquisChA  TX=EXPOSE
10/25/2022 10:51 AM CommandAcquisChA  TX=WRITE_SETUP {"ACQUISITION_MODE":3,"TRIGGER_MODE":6,"READ_MODE":4,"PREAMP":0,"READOUT_RATE":0,"VERTICAL_SHIFT_SPEED":3,"EM_MODE":1,"EM_GAIN":2,"SHUTTER_MODE":2,"SHUTTER_TTL":0,"SHUTTER_OPENING_TIME":1,"SHUTTER_CLOSING_TIME":1,"VBIN":1,"HBIN":1,"INITIAL_LINE":1,"INITIAL_COLUMN":1,"FINAL_LINE":1024,"FINAL_COLUMN":1024,"FRAME_TRANSFER":true,"VERTICAL_CLOCK_VOLTAGE":0,"AD_CHANNEL":0}
10/25/2022 10:51 AM CommandAcquisChB  TX=WRITE_SETUP {"ACQUISITION_MODE":3,"TRIGGER_MODE":6,"READ_MODE":4,"PREAMP":0,"READOUT_RATE":0,"VERTICAL_SHIFT_SPEED":3,"EM_MODE":1,"EM_GAIN":2,"SHUTTER_MODE":2,"SHUTTER_TTL":0,"SHUTTER_OPENING_TIME":1,"SHUTTER_CLOSING_TIME":1,"VBIN":1,"HBIN":1,"INITIAL_LINE":1,"INITIAL_COLUMN":1,"FINAL_LINE":1024,"FINAL_COLUMN":1024,"FRAME_TRANSFER":true,"VERTICAL_CLOCK_VOLTAGE":0,"AD_CHANNEL":0}
10/25/2022 10:51 AM CommandAcquisChC  TX=WRITE_SETUP {"ACQUISITION_MODE":3,"TRIGGER_MODE":6,"READ_MODE":4,"PREAMP":0,"READOUT_RATE":0,"VERTICAL_SHIFT_SPEED":3,"EM_MODE":1,"EM_GAIN":2,"SHUTTER_MODE":2,"SHUTTER_TTL":0,"SHUTTER_OPENING_TIME":1,"SHUTTER_CLOSING_TIME":1,"VBIN":1,"HBIN":1,"INITIAL_LINE":1,"INITIAL_COLUMN":1,"FINAL_LINE":1024,"FINAL_COLUMN":1024,"FRAME_TRANSFER":true,"VERTICAL_CLOCK_VOLTAGE":0,"AD_CHANNEL":0}
10/25/2022 10:51 AM CommandAcquisChD  TX=WRITE_SETUP {"ACQUISITION_MODE":3,"TRIGGER_MODE":6,"READ_MODE":4,"PREAMP":0,"READOUT_RATE":0,"VERTICAL_SHIFT_SPEED":3,"EM_MODE":1,"EM_GAIN":2,"SHUTTER_MODE":1,"SHUTTER_TTL":0,"SHUTTER_OPENING_TIME":1,"SHUTTER_CLOSING_TIME":1,"VBIN":1,"HBIN":1,"INITIAL_LINE":1,"INITIAL_COLUMN":1,"FINAL_LINE":1024,"FINAL_COLUMN":1024,"FRAME_TRANSFER":true,"VERTICAL_CLOCK_VOLTAGE":0,"AD_CHANNEL":0}
10/25/2022 10:51 AM CommandAcquisChA  TX=SET EXPTIME 1.000000
10/25/2022 10:51 AM CommandAcquisChB  TX=READ_SETUP 
10/25/2022 10:51 AM CommandAcquisChC  TX=READ_SETUP 
10/25/2022 10:51 AM CommandAcquisChD  TX=READ_SETUP 
10/25/2022 10:51 AM ResponseAcquisChA  RX=DONE
10/25/2022 10:51 AM ResponseAcquisChB  RX={"PREAMP":0,"READOUT_RATE":0,"EM_GAIN":2,"VERTICAL_SHIFT_SPEED":3,"READ_MODE":4,"FRAME_TRANSFER":true,"VERTICAL_CLOCK_VOLTAGE":0,"ACQUISITION_MODE":3,"AD_CHANNEL":0,"EM_MODE":1,"SHUTTER_TTL":0,"SHUTTER_OPENING_TIME":1,"SHUTTER_CLOSING_TIME":1,"SHUTTER_MODE":2,"TRIGGER_MODE":6,"VBIN":1,"INITIAL_LINE":1,"INITIAL_COLUMN":1,"FINAL_LINE":1024,"FINAL_COLUMN":1024,"HBIN":1}
10/25/2022 10:51 AM ResponseAcquisChC  RX={"PREAMP":0,"READOUT_RATE":0,"EM_GAIN":2,"VERTICAL_SHIFT_SPEED":3,"READ_MODE":4,"FRAME_TRANSFER":true,"VERTICAL_CLOCK_VOLTAGE":0,"ACQUISITION_MODE":3,"AD_CHANNEL":0,"EM_MODE":1,"SHUTTER_TTL":0,"SHUTTER_OPENING_TIME":1,"SHUTTER_CLOSING_TIME":1,"SHUTTER_MODE":2,"TRIGGER_MODE":6,"VBIN":1,"INITIAL_LINE":1,"INITIAL_COLUMN":1,"FINAL_LINE":1024,"FINAL_COLUMN":1024,"HBIN":1}
10/25/2022 10:51 AM ResponseAcquisChD  RX={"PREAMP":0,"READOUT_RATE":0,"EM_GAIN":2,"VERTICAL_SHIFT_SPEED":3,"READ_MODE":4,"FRAME_TRANSFER":true,"VERTICAL_CLOCK_VOLTAGE":0,"ACQUISITION_MODE":3,"AD_CHANNEL":0,"EM_MODE":1,"SHUTTER_TTL":0,"SHUTTER_OPENING_TIME":1,"SHUTTER_CLOSING_TIME":1,"SHUTTER_MODE":1,"TRIGGER_MODE":6,"VBIN":1,"INITIAL_LINE":1,"INITIAL_COLUMN":1,"FINAL_LINE":1024,"FINAL_COLUMN":1024,"HBIN":1}
10/25/2022 10:51 AM CommandAcquisChA  TX=SET #FRAMES 1.000000
10/25/2022 10:51 AM CommandAcquisChB  TX=SET COOLER_POWER_STATUS 0
10/25/2022 10:51 AM CommandAcquisChC  TX=SET COOLER_POWER_STATUS 0
10/25/2022 10:51 AM CommandAcquisChD  TX=SET COOLER_POWER_STATUS 0
10/25/2022 10:51 AM ResponseAcquisChD  RX=DONE
10/25/2022 10:51 AM ResponseAcquisChA  RX=DONE
10/25/2022 10:51 AM CommandAcquisChA  TX=SET #CUBES 1.0000 
10/25/2022 10:51 AM ResponseAcquisChB  RX=DONE
10/25/2022 10:51 AM ResponseAcquisChC  RX=DONE
10/25/2022 10:51 AM ResponseAcquisChA  RX=DONE
10/25/2022 10:51 AM CommandAcquisChA  TX=SET SUFFIX TEST
10/25/2022 10:51 AM ResponseAcquisChA  RX=DONE
10/25/2022 10:51 AM CommandAcquisChA  TX=SET OBSTYPE OBJECT
10/25/2022 10:51 AM ResponseAcquisChA  RX=DONE
10/25/2022 10:51 AM CommandAcquisChB  TX=SET EXPTIME 1.000000
10/25/2022 10:51 AM ResponseAcquisChB  RX=DONE
10/25/2022 10:51 AM CommandAcquisChB  TX=SET #FRAMES 1.000000
10/25/2022 10:51 AM ResponseAcquisChB  RX=DONE
10/25/2022 10:51 AM CommandAcquisChB  TX=SET #CUBES 1.0000 
10/25/2022 10:51 AM ResponseAcquisChB  RX=DONE
10/25/2022 10:51 AM CommandAcquisChB  TX=SET SUFFIX TEST
10/25/2022 10:51 AM CommandAcquisChB  TX=SET OBSTYPE OBJECT
10/25/2022 10:51 AM ResponseAcquisChB  RX=DONE
10/25/2022 10:51 AM ResponseAcquisChB  RX=DONE
10/25/2022 10:51 AM CommandAcquisChC  TX=SET EXPTIME 1.000000
10/25/2022 10:51 AM ResponseAcquisChC  RX=DONE
10/25/2022 10:51 AM CommandAcquisChC  TX=SET #FRAMES 1.000000
10/25/2022 10:51 AM ResponseAcquisChC  RX=DONE
10/25/2022 10:51 AM CommandAcquisChC  TX=SET #CUBES 1.0000 
10/25/2022 10:51 AM CommandAcquisChC  TX=SET SUFFIX TEST
10/25/2022 10:51 AM ResponseAcquisChC  RX=DONE
10/25/2022 10:51 AM CommandAcquisChC  TX=SET OBSTYPE OBJECT
10/25/2022 10:51 AM ResponseAcquisChC  RX=DONE
10/25/2022 10:51 AM ResponseAcquisChC  RX=DONE
10/25/2022 10:51 AM CommandAcquisChD  TX=SET EXPTIME 1.000000
10/25/2022 10:51 AM ResponseAcquisChD  RX=DONE
10/25/2022 10:51 AM CommandAcquisChD  TX=SET #FRAMES 1.000000
10/25/2022 10:51 AM ResponseAcquisChD  RX=DONE
10/25/2022 10:51 AM CommandAcquisChD  TX=SET #CUBES 1.0000 
10/25/2022 10:51 AM ResponseAcquisChD  RX=DONE
10/25/2022 10:51 AM CommandAcquisChD  TX=SET SUFFIX TEST
10/25/2022 10:51 AM ResponseAcquisChD  RX=DONE
10/25/2022 10:51 AM CommandAcquisChD  TX=SET OBSTYPE OBJECT
10/25/2022 10:51 AM ResponseAcquisChD  RX=DONE
10/25/2022 10:51 AM CommandAcquisChA  TX=EXPOSE
10/25/2022 10:51 AM CommandAcquisChB  TX=EXPOSE
10/25/2022 10:51 AM CommandAcquisChC  TX=EXPOSE
10/25/2022 10:51 AM CommandAcquisChD  TX=EXPOSE
